2025-01-04 22:40:44 - INFO - Datos cargados desde ML/data/processed/BTCUSDT_15m_processed.csv, filas: 251947
2025-01-04 22:40:44 - INFO - Columnas de indicadores técnicos existentes eliminadas: ['OBV']
2025-01-04 22:40:44 - INFO - Indicadores técnicos agregados al DataFrame. Filas antes: 251947, después: 251898
2025-01-04 22:40:44 - INFO - Columnas después de agregar indicadores técnicos: ['open', 'high', 'low', 'close', 'volume', 'close_time', 'quote_asset_volume', 'number_of_trades', 'taker_buy_base_asset_volume', 'taker_buy_quote_asset_volume', 'ignore', 'RSI_14', 'MACD_12_26_9', 'MACDh_12_26_9', 'MACDs_12_26_9', 'SMA_10', 'SMA_50', 'EMA_10', 'EMA_50', 'VWAP_D', 'BBL_20_2.0', 'BBM_20_2.0', 'BBU_20_2.0', 'BBB_20_2.0', 'BBP_20_2.0', 'ATRr_14', 'STOCHk_14_3_3', 'STOCHd_14_3_3', 'CCI_14_0.015', 'hour_of_day', 'day_of_week', 'is_weekend', 'RSI_14_', 'MACD_12_26_9_', 'MACDh_12_26_9_', 'MACDs_12_26_9_', 'SMA_10_', 'SMA_50_', 'EMA_10_', 'EMA_50_', 'VWAP_D_', 'OBV_', 'BBL_20_2.0_', 'BBM_20_2.0_', 'BBU_20_2.0_', 'BBB_20_2.0_', 'BBP_20_2.0_', 'ATRr_14_', 'STOCHk_14_3_3_', 'STOCHd_14_3_3_', 'CCI_14_0.015_']
2025-01-04 22:40:45 - INFO - Columnas renombradas: {'RSI_14': 'RSI', 'RSI_14_': 'RSI_', 'MACD_12_26_9': 'MACD', 'MACD_12_26_9_': 'MACD_', 'MACDh_12_26_9': 'MACDh', 'MACDh_12_26_9_': 'MACDh_', 'MACDs_12_26_9': 'MACDs', 'MACDs_12_26_9_': 'MACDs_', 'VWAP_D': 'VWAP', 'VWAP_D_': 'VWAP_', 'BBL_20_2.0': 'BBL', 'BBL_20_2.0_': 'BBL_', 'BBM_20_2.0': 'BBM', 'BBM_20_2.0_': 'BBM_', 'BBU_20_2.0': 'BBU', 'BBU_20_2.0_': 'BBU_', 'ATRr_14': 'ATR', 'ATRr_14_': 'ATR_', 'STOCHk_14_3_3': 'STOCHk', 'STOCHk_14_3_3_': 'STOCHk_', 'STOCHd_14_3_3': 'STOCHd', 'STOCHd_14_3_3_': 'STOCHd_', 'CCI_14_0.015': 'CCI', 'CCI_14_0.015_': 'CCI_'}
2025-01-04 22:40:45 - INFO - Columnas duplicadas eliminadas: ['RSI_', 'MACD_', 'MACDh_', 'MACDs_', 'SMA_10_', 'SMA_50_', 'EMA_10_', 'EMA_50_', 'VWAP_', 'OBV_', 'BBL_', 'BBM_', 'BBU_', 'BBB_20_2.0_', 'BBP_20_2.0_', 'ATR_', 'STOCHk_', 'STOCHd_', 'CCI_']
2025-01-04 22:40:45 - WARNING - La columna 'OBV' no está presente después de agregar indicadores. Añadiendo 'OBV' con valor 0.
2025-01-04 22:40:45 - INFO - Target binario mejorado con look_ahead=64, min_change=0.01, max_change=0.17
2025-01-04 22:40:45 - INFO - Distribución de clases (0/1):
target
0    177040
1     74494
Name: count, dtype: int64
2025-01-04 22:40:45 - INFO - División de datos en train y test completada.
2025-01-04 22:40:45 - INFO - === Buscando hiperparámetros (Optuna) en una muestra del training ===
2025-01-04 22:40:45 - INFO - Características utilizadas: ['open', 'high', 'low', 'close', 'volume', 'hour_of_day', 'day_of_week', 'is_weekend', 'RSI', 'MACD', 'MACDs', 'MACDh', 'SMA_10', 'SMA_50', 'EMA_10', 'EMA_50', 'VWAP', 'OBV', 'BBL', 'BBM', 'BBU', 'ATR', 'STOCHk', 'STOCHd', 'CCI']
2025-01-04 22:40:45 - INFO - No se han identificado características categóricas.
2025-01-04 22:40:45 - INFO - Columnas presentes en el DataFrame: ['open', 'high', 'low', 'close', 'volume', 'close_time', 'quote_asset_volume', 'number_of_trades', 'taker_buy_base_asset_volume', 'taker_buy_quote_asset_volume', 'ignore', 'RSI', 'MACD', 'MACDh', 'MACDs', 'SMA_10', 'SMA_50', 'EMA_10', 'EMA_50', 'VWAP', 'BBL', 'BBM', 'BBU', 'BBB_20_2.0', 'BBP_20_2.0', 'ATR', 'STOCHk', 'STOCHd', 'CCI', 'hour_of_day', 'day_of_week', 'is_weekend', 'OBV', 'future_close', 'change_pct', 'target']
2025-01-04 22:40:45 - INFO - Columnas eliminadas durante la preparación: ['close_time', 'quote_asset_volume', 'number_of_trades', 'taker_buy_base_asset_volume', 'taker_buy_quote_asset_volume', 'ignore', 'BBB_20_2.0', 'BBP_20_2.0', 'future_close', 'change_pct']
2025-01-04 22:40:45 - INFO - Conjunto de datos preparado con 44018 filas y 25 características.
2025-01-04 22:40:45 - INFO - Tipo de y_train_sample: <class 'pandas.core.series.Series'>
2025-01-04 22:40:45 - INFO - Shape de y_train_sample: (44018,)
2025-01-04 22:40:45 - INFO - Después de SMOTE: target
0    4087
1    4087
Name: count, dtype: int64
2025-01-04 22:40:45 - INFO - Después de SMOTE: target
0    4087
1    4087
Name: count, dtype: int64
2025-01-04 22:40:46 - INFO - Después de SMOTE: target
0    8004
1    8004
Name: count, dtype: int64
2025-01-04 22:40:46 - INFO - Después de SMOTE: target
0    8004
1    8004
Name: count, dtype: int64
2025-01-04 22:40:48 - INFO - Después de SMOTE: target
0    12416
1    12416
Name: count, dtype: int64
2025-01-04 22:40:48 - INFO - Después de SMOTE: target
0    12416
1    12416
Name: count, dtype: int64
2025-01-04 22:40:50 - INFO - Después de SMOTE: target
0    17346
1    17346
Name: count, dtype: int64
2025-01-04 22:40:50 - INFO - Después de SMOTE: target
0    17346
1    17346
Name: count, dtype: int64
2025-01-04 22:40:52 - INFO - Después de SMOTE: target
0    22387
1    22387
Name: count, dtype: int64
2025-01-04 22:40:53 - INFO - Después de SMOTE: target
0    22387
1    22387
Name: count, dtype: int64
2025-01-04 22:40:55 - INFO - Después de SMOTE: target
0    4087
1    4087
Name: count, dtype: int64
2025-01-04 22:40:56 - INFO - Después de SMOTE: target
0    4087
1    4087
Name: count, dtype: int64
2025-01-04 22:40:57 - INFO - Después de SMOTE: target
0    8004
1    8004
Name: count, dtype: int64
2025-01-04 22:40:57 - INFO - Después de SMOTE: target
0    8004
1    8004
Name: count, dtype: int64
2025-01-04 22:40:58 - INFO - Después de SMOTE: target
0    12416
1    12416
Name: count, dtype: int64
2025-01-04 22:40:59 - INFO - Después de SMOTE: target
0    17346
1    17346
Name: count, dtype: int64
2025-01-04 22:41:01 - INFO - Después de SMOTE: target
0    12416
1    12416
Name: count, dtype: int64
2025-01-04 22:41:01 - INFO - Después de SMOTE: target
0    22387
1    22387
Name: count, dtype: int64
2025-01-04 22:41:03 - INFO - Después de SMOTE: target
0    4087
1    4087
Name: count, dtype: int64
2025-01-04 22:41:04 - INFO - Después de SMOTE: target
0    8004
1    8004
Name: count, dtype: int64
2025-01-04 22:41:04 - INFO - Después de SMOTE: target
0    17346
1    17346
Name: count, dtype: int64
2025-01-04 22:41:05 - INFO - Después de SMOTE: target
0    12416
1    12416
Name: count, dtype: int64
2025-01-04 22:41:06 - INFO - Después de SMOTE: target
0    17346
1    17346
Name: count, dtype: int64
2025-01-04 22:41:08 - INFO - Después de SMOTE: target
0    22387
1    22387
Name: count, dtype: int64
2025-01-04 22:41:08 - INFO - Después de SMOTE: target
0    22387
1    22387
Name: count, dtype: int64
2025-01-04 22:41:10 - INFO - Después de SMOTE: target
0    4087
1    4087
Name: count, dtype: int64
2025-01-04 22:41:10 - INFO - Después de SMOTE: target
0    8004
1    8004
Name: count, dtype: int64
2025-01-04 22:41:11 - INFO - Después de SMOTE: target
0    12416
1    12416
Name: count, dtype: int64
2025-01-04 22:41:12 - INFO - Después de SMOTE: target
0    4087
1    4087
Name: count, dtype: int64
2025-01-04 22:41:12 - INFO - Después de SMOTE: target
0    17346
1    17346
Name: count, dtype: int64
2025-01-04 22:41:13 - INFO - Después de SMOTE: target
0    8004
1    8004
Name: count, dtype: int64
2025-01-04 22:41:14 - INFO - Después de SMOTE: target
0    22387
1    22387
Name: count, dtype: int64
2025-01-04 22:41:14 - INFO - Después de SMOTE: target
0    12416
1    12416
Name: count, dtype: int64
2025-01-04 22:41:14 - INFO - Después de SMOTE: target
0    4087
1    4087
Name: count, dtype: int64
2025-01-04 22:41:15 - INFO - Después de SMOTE: target
0    17346
1    17346
Name: count, dtype: int64
2025-01-04 22:41:16 - INFO - Después de SMOTE: target
0    8004
1    8004
Name: count, dtype: int64
2025-01-04 22:41:16 - INFO - Después de SMOTE: target
0    22387
1    22387
Name: count, dtype: int64
2025-01-04 22:41:17 - INFO - Después de SMOTE: target
0    4087
1    4087
Name: count, dtype: int64
2025-01-04 22:41:18 - INFO - Después de SMOTE: target
0    12416
1    12416
Name: count, dtype: int64
2025-01-04 22:41:18 - INFO - Después de SMOTE: target
0    8004
1    8004
Name: count, dtype: int64
2025-01-04 22:41:20 - INFO - Después de SMOTE: target
0    12416
1    12416
Name: count, dtype: int64
2025-01-04 22:41:20 - INFO - Después de SMOTE: target
0    17346
1    17346
Name: count, dtype: int64
2025-01-04 22:41:22 - INFO - Después de SMOTE: target
0    17346
1    17346
Name: count, dtype: int64
2025-01-04 22:41:23 - INFO - Después de SMOTE: target
0    22387
1    22387
Name: count, dtype: int64
2025-01-04 22:41:24 - INFO - Después de SMOTE: target
0    22387
1    22387
Name: count, dtype: int64
2025-01-04 22:41:25 - INFO - Después de SMOTE: target
0    4087
1    4087
Name: count, dtype: int64
2025-01-04 22:41:26 - INFO - Después de SMOTE: target
0    4087
1    4087
Name: count, dtype: int64
2025-01-04 22:41:28 - INFO - Después de SMOTE: target
0    8004
1    8004
Name: count, dtype: int64
2025-01-04 22:41:28 - INFO - Después de SMOTE: target
0    8004
1    8004
Name: count, dtype: int64
2025-01-04 22:41:30 - INFO - Después de SMOTE: target
0    12416
1    12416
Name: count, dtype: int64
2025-01-04 22:41:30 - INFO - Después de SMOTE: target
0    12416
1    12416
Name: count, dtype: int64
2025-01-04 22:41:32 - INFO - Después de SMOTE: target
0    17346
1    17346
Name: count, dtype: int64
2025-01-04 22:41:34 - INFO - Después de SMOTE: target
0    17346
1    17346
Name: count, dtype: int64
2025-01-04 22:41:35 - INFO - Después de SMOTE: target
0    22387
1    22387
Name: count, dtype: int64
2025-01-04 22:41:38 - INFO - Después de SMOTE: target
0    22387
1    22387
Name: count, dtype: int64
2025-01-04 22:41:38 - INFO - Después de SMOTE: target
0    4087
1    4087
Name: count, dtype: int64
2025-01-04 22:41:38 - INFO - Después de SMOTE: target
0    8004
1    8004
Name: count, dtype: int64
2025-01-04 22:41:39 - INFO - Después de SMOTE: target
0    12416
1    12416
Name: count, dtype: int64
2025-01-04 22:41:40 - INFO - Después de SMOTE: target
0    17346
1    17346
Name: count, dtype: int64
2025-01-04 22:41:41 - INFO - Después de SMOTE: target
0    22387
1    22387
Name: count, dtype: int64
2025-01-04 22:41:42 - INFO - Después de SMOTE: target
0    4087
1    4087
Name: count, dtype: int64
2025-01-04 22:41:42 - INFO - Después de SMOTE: target
0    4087
1    4087
Name: count, dtype: int64
2025-01-04 22:41:43 - INFO - Después de SMOTE: target
0    8004
1    8004
Name: count, dtype: int64
2025-01-04 22:41:43 - INFO - Después de SMOTE: target
0    8004
1    8004
Name: count, dtype: int64
2025-01-04 22:41:43 - INFO - Después de SMOTE: target
0    12416
1    12416
Name: count, dtype: int64
2025-01-04 22:41:44 - INFO - Después de SMOTE: target
0    12416
1    12416
Name: count, dtype: int64
2025-01-04 22:41:44 - INFO - Después de SMOTE: target
0    17346
1    17346
Name: count, dtype: int64
2025-01-04 22:41:44 - INFO - Después de SMOTE: target
0    17346
1    17346
Name: count, dtype: int64
2025-01-04 22:41:46 - INFO - Después de SMOTE: target
0    22387
1    22387
Name: count, dtype: int64
2025-01-04 22:41:46 - INFO - Después de SMOTE: target
0    22387
1    22387
Name: count, dtype: int64
2025-01-04 22:41:46 - INFO - Después de SMOTE: target
0    4087
1    4087
Name: count, dtype: int64
2025-01-04 22:41:47 - INFO - Después de SMOTE: target
0    4087
1    4087
Name: count, dtype: int64
2025-01-04 22:41:47 - INFO - Después de SMOTE: target
0    8004
1    8004
Name: count, dtype: int64
2025-01-04 22:41:47 - INFO - Después de SMOTE: target
0    8004
1    8004
Name: count, dtype: int64
2025-01-04 22:41:48 - INFO - Después de SMOTE: target
0    12416
1    12416
Name: count, dtype: int64
2025-01-04 22:41:48 - INFO - Después de SMOTE: target
0    12416
1    12416
Name: count, dtype: int64
2025-01-04 22:41:49 - INFO - Después de SMOTE: target
0    17346
1    17346
Name: count, dtype: int64
2025-01-04 22:41:49 - INFO - Después de SMOTE: target
0    17346
1    17346
Name: count, dtype: int64
2025-01-04 22:41:51 - INFO - Después de SMOTE: target
0    22387
1    22387
Name: count, dtype: int64
2025-01-04 22:41:51 - INFO - Después de SMOTE: target
0    22387
1    22387
Name: count, dtype: int64
2025-01-04 22:41:52 - INFO - Mejor valor de F1: 0.4839
2025-01-04 22:41:52 - INFO - Mejores parámetros: {'max_depth': 4, 'learning_rate': 0.0013392430797363897, 'n_estimators': 129, 'subsample': 0.7831532634605946, 'colsample_bytree': 0.7908477720580889, 'gamma': 0.03198994329487975, 'reg_alpha': 0.037488759907174214, 'reg_lambda': 0.011279037457248647}
2025-01-04 22:41:52 - INFO - === Entrenando Pipeline Final con TODO el training ===
2025-01-04 22:41:52 - INFO - Columnas presentes en el DataFrame: ['open', 'high', 'low', 'close', 'volume', 'close_time', 'quote_asset_volume', 'number_of_trades', 'taker_buy_base_asset_volume', 'taker_buy_quote_asset_volume', 'ignore', 'RSI', 'MACD', 'MACDh', 'MACDs', 'SMA_10', 'SMA_50', 'EMA_10', 'EMA_50', 'VWAP', 'BBL', 'BBM', 'BBU', 'BBB_20_2.0', 'BBP_20_2.0', 'ATR', 'STOCHk', 'STOCHd', 'CCI', 'hour_of_day', 'day_of_week', 'is_weekend', 'OBV', 'future_close', 'change_pct', 'target']
2025-01-04 22:41:52 - INFO - Columnas eliminadas durante la preparación: ['close_time', 'quote_asset_volume', 'number_of_trades', 'taker_buy_base_asset_volume', 'taker_buy_quote_asset_volume', 'ignore', 'BBB_20_2.0', 'BBP_20_2.0', 'future_close', 'change_pct']
2025-01-04 22:41:52 - INFO - Conjunto de datos preparado con 176073 filas y 25 características.
2025-01-04 22:41:52 - INFO - Tipo de y_train_full: <class 'pandas.core.series.Series'>
2025-01-04 22:41:52 - INFO - Shape de y_train_full: (176073,)
2025-01-04 22:41:58 - INFO - Después de SMOTE: target
0    119798
1    119798
Name: count, dtype: int64
2025-01-04 22:41:58 - INFO - Balance de clases aplicado mediante SMOTE.
2025-01-04 22:42:00 - INFO - Pipeline final entrenado con todos los datos de entrenamiento (binario).
2025-01-04 22:42:00 - INFO - Pipeline completo guardado en: ./results/XGBoost_Binario_trained_pipeline.joblib
2025-01-04 22:42:00 - INFO - Parámetros guardados en: ./results/XGBoost_Binario_model_params.txt
2025-01-04 22:42:00 - INFO - Lista de features guardada en: ./results/XGBoost_Binario_feature_cols.txt
2025-01-04 22:42:00 - INFO - Columnas de indicadores técnicos existentes eliminadas: ['RSI', 'MACD', 'MACDs', 'MACDh', 'VWAP', 'OBV', 'BBL', 'BBM', 'BBU', 'ATR', 'STOCHk', 'STOCHd', 'CCI']
2025-01-04 22:42:00 - INFO - Indicadores técnicos agregados al DataFrame. Filas antes: 75461, después: 75412
2025-01-04 22:42:00 - INFO - Columnas después de agregar indicadores técnicos: ['open', 'high', 'low', 'close', 'volume', 'close_time', 'quote_asset_volume', 'number_of_trades', 'taker_buy_base_asset_volume', 'taker_buy_quote_asset_volume', 'ignore', 'SMA_10', 'SMA_50', 'EMA_10', 'EMA_50', 'BBB_20_2.0', 'BBP_20_2.0', 'hour_of_day', 'day_of_week', 'is_weekend', 'future_close', 'change_pct', 'target', 'RSI_14_', 'MACD_12_26_9_', 'MACDh_12_26_9_', 'MACDs_12_26_9_', 'SMA_10_', 'SMA_50_', 'EMA_10_', 'EMA_50_', 'VWAP_D_', 'OBV_', 'BBL_20_2.0_', 'BBM_20_2.0_', 'BBU_20_2.0_', 'BBB_20_2.0_', 'BBP_20_2.0_', 'ATRr_14_', 'STOCHk_14_3_3_', 'STOCHd_14_3_3_', 'CCI_14_0.015_']
2025-01-04 22:42:00 - INFO - Columnas renombradas: {'RSI_14_': 'RSI', 'MACD_12_26_9_': 'MACD', 'MACDh_12_26_9_': 'MACDh', 'MACDs_12_26_9_': 'MACDs', 'VWAP_D_': 'VWAP', 'BBL_20_2.0_': 'BBL', 'BBM_20_2.0_': 'BBM', 'BBU_20_2.0_': 'BBU', 'ATRr_14_': 'ATR', 'STOCHk_14_3_3_': 'STOCHk', 'STOCHd_14_3_3_': 'STOCHd', 'CCI_14_0.015_': 'CCI'}
2025-01-04 22:42:00 - INFO - Columnas duplicadas eliminadas: ['SMA_10_', 'SMA_50_', 'EMA_10_', 'EMA_50_', 'OBV_', 'BBB_20_2.0_', 'BBP_20_2.0_']
2025-01-04 22:42:00 - WARNING - La columna 'OBV' no está presente después de agregar indicadores. Añadiendo 'OBV' con valor 0.
2025-01-04 22:42:01 - INFO - Target binario mejorado con look_ahead=64, min_change=0.01, max_change=0.17
2025-01-04 22:42:01 - INFO - Distribución de clases (0/1):
target
0    57197
1    18150
Name: count, dtype: int64
2025-01-04 22:42:01 - INFO - Columnas presentes en el DataFrame: ['open', 'high', 'low', 'close', 'volume', 'close_time', 'quote_asset_volume', 'number_of_trades', 'taker_buy_base_asset_volume', 'taker_buy_quote_asset_volume', 'ignore', 'SMA_10', 'SMA_50', 'EMA_10', 'EMA_50', 'BBB_20_2.0', 'BBP_20_2.0', 'hour_of_day', 'day_of_week', 'is_weekend', 'future_close', 'change_pct', 'target', 'RSI', 'MACD', 'MACDh', 'MACDs', 'VWAP', 'BBL', 'BBM', 'BBU', 'ATR', 'STOCHk', 'STOCHd', 'CCI', 'OBV']
2025-01-04 22:42:01 - INFO - Columnas eliminadas durante la preparación: ['close_time', 'quote_asset_volume', 'number_of_trades', 'taker_buy_base_asset_volume', 'taker_buy_quote_asset_volume', 'ignore', 'BBB_20_2.0', 'BBP_20_2.0', 'future_close', 'change_pct']
2025-01-04 22:42:01 - INFO - Conjunto de datos preparado con 75347 filas y 25 características.
2025-01-04 22:42:01 - INFO - Características en X_test_final: ['open', 'high', 'low', 'close', 'volume', 'hour_of_day', 'day_of_week', 'is_weekend', 'RSI', 'MACD', 'MACDs', 'MACDh', 'SMA_10', 'SMA_50', 'EMA_10', 'EMA_50', 'VWAP', 'OBV', 'BBL', 'BBM', 'BBU', 'ATR', 'STOCHk', 'STOCHd', 'CCI']
2025-01-04 22:42:01 - INFO - Tipo de y_test_final: <class 'pandas.core.series.Series'>
2025-01-04 22:42:01 - INFO - Shape de y_test_final: (75347,)
2025-01-04 22:42:01 - INFO - Las características del test coinciden perfectamente con las del entrenamiento.
2025-01-04 22:42:01 - INFO - === Evaluación en Test ===
2025-01-04 22:42:01 - INFO - Matriz de confusión [1,0]:
[[11010  7140]
 [28579 28618]]
2025-01-04 22:42:01 - INFO - Reporte de Clasificación:
              precision    recall  f1-score   support

           1       0.28      0.61      0.38     18150
           0       0.80      0.50      0.62     57197

    accuracy                           0.53     75347
   macro avg       0.54      0.55      0.50     75347
weighted avg       0.67      0.53      0.56     75347

2025-01-04 22:42:01 - INFO - F1-score: 0.3814
2025-01-04 22:42:01 - INFO - Precisión: 0.2781
2025-01-04 22:42:01 - INFO - Recall: 0.6066
2025-01-04 22:42:01 - INFO - AUC Score: 0.5590
2025-01-04 22:42:03 - INFO - F1 final en Test (Binario): 0.3814
2025-01-04 22:42:03 - INFO - === Analizando importancia de características ===
2025-01-04 22:42:03 - INFO - Tabla de importancia de características guardada en ./results/feature_importances_binario.csv.
2025-01-04 22:42:03 - INFO - Gráfico de importancia de características guardado.
2025-01-04 22:42:03 - INFO - Señales generadas con umbrales high=0.7, low=0.22
2025-01-04 22:42:03 - INFO - Señales guardadas en: ./results/signals.csv
2025-01-04 22:42:03 - INFO - === Proceso Completado con Éxito ===
