2025-01-11 18:13:58 - INFO - Datos cargados desde ML/data/processed/BTCUSDT_15m_processed.csv, filas: 254923
2025-01-11 18:13:58 - INFO - Columnas de indicadores existentes eliminadas: ['RSI', 'MACD', 'MACDs', 'MACDh', 'OBV', 'BBL', 'BBM', 'BBU', 'SMA_10', 'SMA_50', 'EMA_10', 'EMA_50']
2025-01-11 18:13:59 - INFO - Indicadores técnicos agregados. Filas antes: 254923, después: 254724 (descartadas: 199)
2025-01-11 18:13:59 - INFO - Columnas renombradas: {'RSI_14': 'RSI', 'MACD_12_26_9': 'MACD', 'MACDs_12_26_9': 'MACDs', 'MACDh_12_26_9': 'MACDh', 'VWAP': 'VWAP', 'BBL_20_2.0': 'BBL', 'BBM_20_2.0': 'BBM', 'BBU_20_2.0': 'BBU', 'ATR_14': 'ATR', 'STOCHk_14_3_3': 'STOCHk', 'STOCHd_14_3_3': 'STOCHd', 'CCI_14_0.015': 'CCI', 'SMA_10': 'SMA_10', 'SMA_50': 'SMA_50', 'SMA_200': 'SMA_200', 'EMA_10': 'EMA_10', 'EMA_50': 'EMA_50'}
2025-01-11 18:13:59 - WARNING - Columna faltante 'VWAP' añadida con NaN.
2025-01-11 18:13:59 - WARNING - Columna faltante 'ATR' añadida con NaN.
2025-01-11 18:13:59 - INFO - Target binario con look_ahead=4, min_change=0.033
2025-01-11 18:13:59 - INFO - Distribución de clases (0=Vender, 1=Comprar):
target
0.0    1220
1.0    1086
Name: count, dtype: int64
2025-01-11 18:13:59 - INFO - Muestra de datos con target:
                        close  future_close  change_pct  target
open_time                                                      
2021-06-22 00:15:00  31397.56      32573.96    0.037468     1.0
2017-12-22 17:30:00  12579.43      13172.24    0.047125     1.0
2018-01-17 21:30:00  11219.98      10625.03   -0.053026     0.0
2017-12-26 03:15:00  13795.95      14498.00    0.050888     1.0
2017-09-04 08:00:00   4176.00       4331.02    0.037122     1.0
2019-07-15 13:00:00  10088.64      10499.97    0.040772     1.0
2018-11-24 20:30:00   4277.34       4015.00   -0.061333     0.0
2019-08-10 10:30:00  11864.57      11388.47   -0.040128     0.0
2018-01-01 10:30:00  13586.51      13132.00   -0.033453     0.0
2018-03-09 03:45:00   8953.01       8619.08   -0.037298     0.0
2025-01-11 18:13:59 - INFO - División de datos en Train/Test completada.
2025-01-11 18:13:59 - INFO - === Búsqueda de hiperparámetros (Optuna) en muestra de Training ===
2025-01-11 18:13:59 - INFO - No se han identificado características categóricas.
2025-01-11 18:13:59 - INFO - Columnas extra eliminadas: ['future_close', 'change_pct']
2025-01-11 18:13:59 - WARNING - Estas columnas están 100% NaN y se eliminarán antes de imputar: ['VWAP', 'ATR']
2025-01-11 18:13:59 - INFO - Dataset preparado: 1348 filas, 21 features (después de imputación).
2025-01-11 18:13:59 - INFO - Balance de clases tras SMOTETomek:
target
0.0    546
1.0    546
Name: count, dtype: int64
2025-01-11 18:13:59 - INFO - Balance de clases tras SMOTETomek:
target
0.0    546
1.0    546
Name: count, dtype: int64
2025-01-11 18:14:00 - INFO - Balance de clases tras SMOTETomek:
target
0.0    544
1.0    544
Name: count, dtype: int64
2025-01-11 18:14:00 - INFO - Balance de clases tras SMOTETomek:
target
0.0    544
1.0    544
Name: count, dtype: int64
2025-01-11 18:14:00 - INFO - Balance de clases tras SMOTETomek:
target
1.0    538
0.0    538
Name: count, dtype: int64
2025-01-11 18:14:00 - INFO - Balance de clases tras SMOTETomek:
target
1.0    538
0.0    538
Name: count, dtype: int64
2025-01-11 18:14:01 - INFO - Balance de clases tras SMOTETomek:
target
0.0    543
1.0    543
Name: count, dtype: int64
2025-01-11 18:14:01 - INFO - Balance de clases tras SMOTETomek:
target
0.0    543
1.0    543
Name: count, dtype: int64
2025-01-11 18:14:02 - INFO - Balance de clases tras SMOTETomek:
target
0.0    545
1.0    545
Name: count, dtype: int64
2025-01-11 18:14:02 - INFO - Balance de clases tras SMOTETomek:
target
0.0    545
1.0    545
Name: count, dtype: int64
2025-01-11 18:14:02 - INFO - Balance de clases tras SMOTETomek:
target
0.0    546
1.0    546
Name: count, dtype: int64
2025-01-11 18:14:02 - INFO - Balance de clases tras SMOTETomek:
target
0.0    546
1.0    546
Name: count, dtype: int64
2025-01-11 18:14:03 - INFO - Balance de clases tras SMOTETomek:
target
0.0    544
1.0    544
Name: count, dtype: int64
2025-01-11 18:14:03 - INFO - Balance de clases tras SMOTETomek:
target
0.0    544
1.0    544
Name: count, dtype: int64
2025-01-11 18:14:04 - INFO - Balance de clases tras SMOTETomek:
target
1.0    538
0.0    538
Name: count, dtype: int64
2025-01-11 18:14:04 - INFO - Balance de clases tras SMOTETomek:
target
1.0    538
0.0    538
Name: count, dtype: int64
2025-01-11 18:14:05 - INFO - Balance de clases tras SMOTETomek:
target
0.0    543
1.0    543
Name: count, dtype: int64
2025-01-11 18:14:05 - INFO - Balance de clases tras SMOTETomek:
target
0.0    543
1.0    543
Name: count, dtype: int64
2025-01-11 18:14:06 - INFO - Balance de clases tras SMOTETomek:
target
0.0    545
1.0    545
Name: count, dtype: int64
2025-01-11 18:14:06 - INFO - Balance de clases tras SMOTETomek:
target
0.0    545
1.0    545
Name: count, dtype: int64
2025-01-11 18:14:06 - INFO - Balance de clases tras SMOTETomek:
target
0.0    546
1.0    546
Name: count, dtype: int64
2025-01-11 18:14:07 - INFO - Balance de clases tras SMOTETomek:
target
0.0    546
1.0    546
Name: count, dtype: int64
2025-01-11 18:14:08 - INFO - Balance de clases tras SMOTETomek:
target
0.0    544
1.0    544
Name: count, dtype: int64
2025-01-11 18:14:09 - INFO - Balance de clases tras SMOTETomek:
target
1.0    538
0.0    538
Name: count, dtype: int64
2025-01-11 18:14:09 - INFO - Balance de clases tras SMOTETomek:
target
0.0    544
1.0    544
Name: count, dtype: int64
2025-01-11 18:14:10 - INFO - Balance de clases tras SMOTETomek:
target
0.0    543
1.0    543
Name: count, dtype: int64
2025-01-11 18:14:12 - INFO - Balance de clases tras SMOTETomek:
target
1.0    538
0.0    538
Name: count, dtype: int64
2025-01-11 18:14:12 - INFO - Balance de clases tras SMOTETomek:
target
0.0    545
1.0    545
Name: count, dtype: int64
2025-01-11 18:14:13 - INFO - Balance de clases tras SMOTETomek:
target
0.0    546
1.0    546
Name: count, dtype: int64
2025-01-11 18:14:14 - INFO - Balance de clases tras SMOTETomek:
target
0.0    543
1.0    543
Name: count, dtype: int64
2025-01-11 18:14:14 - INFO - Balance de clases tras SMOTETomek:
target
0.0    544
1.0    544
Name: count, dtype: int64
2025-01-11 18:14:16 - INFO - Balance de clases tras SMOTETomek:
target
1.0    538
0.0    538
Name: count, dtype: int64
2025-01-11 18:14:17 - INFO - Balance de clases tras SMOTETomek:
target
0.0    545
1.0    545
Name: count, dtype: int64
2025-01-11 18:14:17 - INFO - Balance de clases tras SMOTETomek:
target
0.0    543
1.0    543
Name: count, dtype: int64
2025-01-11 18:14:19 - INFO - Balance de clases tras SMOTETomek:
target
0.0    545
1.0    545
Name: count, dtype: int64
2025-01-11 18:14:20 - INFO - Balance de clases tras SMOTETomek:
target
0.0    546
1.0    546
Name: count, dtype: int64
2025-01-11 18:14:21 - INFO - Balance de clases tras SMOTETomek:
target
0.0    546
1.0    546
Name: count, dtype: int64
2025-01-11 18:14:22 - INFO - Balance de clases tras SMOTETomek:
target
0.0    544
1.0    544
Name: count, dtype: int64
2025-01-11 18:14:22 - INFO - Balance de clases tras SMOTETomek:
target
0.0    544
1.0    544
Name: count, dtype: int64
2025-01-11 18:14:23 - INFO - Balance de clases tras SMOTETomek:
target
1.0    538
0.0    538
Name: count, dtype: int64
2025-01-11 18:14:23 - INFO - Balance de clases tras SMOTETomek:
target
1.0    538
0.0    538
Name: count, dtype: int64
2025-01-11 18:14:24 - INFO - Balance de clases tras SMOTETomek:
target
0.0    543
1.0    543
Name: count, dtype: int64
2025-01-11 18:14:25 - INFO - Balance de clases tras SMOTETomek:
target
0.0    543
1.0    543
Name: count, dtype: int64
2025-01-11 18:14:26 - INFO - Balance de clases tras SMOTETomek:
target
0.0    545
1.0    545
Name: count, dtype: int64
2025-01-11 18:14:26 - INFO - Balance de clases tras SMOTETomek:
target
0.0    545
1.0    545
Name: count, dtype: int64
2025-01-11 18:14:27 - INFO - Balance de clases tras SMOTETomek:
target
0.0    546
1.0    546
Name: count, dtype: int64
2025-01-11 18:14:28 - INFO - Balance de clases tras SMOTETomek:
target
0.0    546
1.0    546
Name: count, dtype: int64
2025-01-11 18:14:28 - INFO - Balance de clases tras SMOTETomek:
target
0.0    544
1.0    544
Name: count, dtype: int64
2025-01-11 18:14:28 - INFO - Balance de clases tras SMOTETomek:
target
0.0    544
1.0    544
Name: count, dtype: int64
2025-01-11 18:14:29 - INFO - Balance de clases tras SMOTETomek:
target
1.0    538
0.0    538
Name: count, dtype: int64
2025-01-11 18:14:29 - INFO - Balance de clases tras SMOTETomek:
target
1.0    538
0.0    538
Name: count, dtype: int64
2025-01-11 18:14:30 - INFO - Balance de clases tras SMOTETomek:
target
0.0    543
1.0    543
Name: count, dtype: int64
2025-01-11 18:14:30 - INFO - Balance de clases tras SMOTETomek:
target
0.0    543
1.0    543
Name: count, dtype: int64
2025-01-11 18:14:31 - INFO - Balance de clases tras SMOTETomek:
target
0.0    545
1.0    545
Name: count, dtype: int64
2025-01-11 18:14:31 - INFO - Balance de clases tras SMOTETomek:
target
0.0    545
1.0    545
Name: count, dtype: int64
2025-01-11 18:14:31 - INFO - Balance de clases tras SMOTETomek:
target
0.0    546
1.0    546
Name: count, dtype: int64
2025-01-11 18:14:32 - INFO - Balance de clases tras SMOTETomek:
target
0.0    544
1.0    544
Name: count, dtype: int64
2025-01-11 18:14:32 - INFO - Balance de clases tras SMOTETomek:
target
0.0    546
1.0    546
Name: count, dtype: int64
2025-01-11 18:14:32 - INFO - Balance de clases tras SMOTETomek:
target
1.0    538
0.0    538
Name: count, dtype: int64
2025-01-11 18:14:33 - INFO - Balance de clases tras SMOTETomek:
target
0.0    543
1.0    543
Name: count, dtype: int64
2025-01-11 18:14:33 - INFO - Balance de clases tras SMOTETomek:
target
0.0    544
1.0    544
Name: count, dtype: int64
2025-01-11 18:14:33 - INFO - Balance de clases tras SMOTETomek:
target
0.0    545
1.0    545
Name: count, dtype: int64
2025-01-11 18:14:34 - INFO - Balance de clases tras SMOTETomek:
target
0.0    546
1.0    546
Name: count, dtype: int64
2025-01-11 18:14:34 - INFO - Balance de clases tras SMOTETomek:
target
0.0    544
1.0    544
Name: count, dtype: int64
2025-01-11 18:14:35 - INFO - Balance de clases tras SMOTETomek:
target
1.0    538
0.0    538
Name: count, dtype: int64
2025-01-11 18:14:35 - INFO - Balance de clases tras SMOTETomek:
target
1.0    538
0.0    538
Name: count, dtype: int64
2025-01-11 18:14:36 - INFO - Balance de clases tras SMOTETomek:
target
0.0    543
1.0    543
Name: count, dtype: int64
2025-01-11 18:14:36 - INFO - Balance de clases tras SMOTETomek:
target
0.0    543
1.0    543
Name: count, dtype: int64
2025-01-11 18:14:36 - INFO - Balance de clases tras SMOTETomek:
target
0.0    545
1.0    545
Name: count, dtype: int64
2025-01-11 18:14:37 - INFO - Balance de clases tras SMOTETomek:
target
0.0    546
1.0    546
Name: count, dtype: int64
2025-01-11 18:14:38 - INFO - Balance de clases tras SMOTETomek:
target
0.0    545
1.0    545
Name: count, dtype: int64
2025-01-11 18:14:38 - INFO - Balance de clases tras SMOTETomek:
target
0.0    544
1.0    544
Name: count, dtype: int64
2025-01-11 18:14:38 - INFO - Balance de clases tras SMOTETomek:
target
1.0    538
0.0    538
Name: count, dtype: int64
2025-01-11 18:14:39 - INFO - Balance de clases tras SMOTETomek:
target
0.0    543
1.0    543
Name: count, dtype: int64
2025-01-11 18:14:40 - INFO - Balance de clases tras SMOTETomek:
target
0.0    545
1.0    545
Name: count, dtype: int64
2025-01-11 18:14:41 - INFO - Mejor Precision: 0.7962
2025-01-11 18:14:41 - INFO - Mejores parámetros: {'max_depth': 8, 'learning_rate': 0.019815896582204204, 'n_estimators': 324, 'subsample': 0.7265651858656085, 'colsample_bytree': 0.6048488842073885, 'gamma': 0.5780176448869823, 'reg_alpha': 0.5482282906981657, 'reg_lambda': 0.1109767456967061}
2025-01-11 18:14:41 - INFO - === Entrenando Pipeline Final con TODO el Training ===
2025-01-11 18:14:41 - INFO - Columnas extra eliminadas: ['future_close', 'change_pct']
2025-01-11 18:14:41 - WARNING - Estas columnas están 100% NaN y se eliminarán antes de imputar: ['VWAP', 'ATR']
2025-01-11 18:14:41 - INFO - Dataset preparado: 1498 filas, 21 features (después de imputación).
2025-01-11 18:14:41 - INFO - Balance de clases tras SMOTETomek:
target
0.0    780
1.0    780
Name: count, dtype: int64
2025-01-11 18:14:42 - INFO - Pipeline final entrenado con TODOS los datos de entrenamiento.
2025-01-11 18:14:42 - INFO - Pipeline completo guardado en: ./results/XGBoost_Binario_trained_pipeline.joblib
2025-01-11 18:14:42 - INFO - Parámetros guardados en: ./results/XGBoost_Binario_model_params.txt
2025-01-11 18:14:42 - INFO - Lista de features guardada en: ./results/XGBoost_Binario_feature_cols.txt
2025-01-11 18:14:42 - INFO - Columnas de indicadores existentes eliminadas: ['RSI', 'MACD', 'MACDs', 'MACDh', 'VWAP', 'OBV', 'BBL', 'BBM', 'BBU', 'ATR', 'STOCHk', 'STOCHd', 'CCI', 'SMA_10', 'SMA_50', 'SMA_200', 'EMA_10', 'EMA_50']
2025-01-11 18:14:42 - INFO - Indicadores técnicos agregados. Filas antes: 808, después: 609 (descartadas: 199)
2025-01-11 18:14:42 - INFO - Columnas renombradas: {'RSI_14': 'RSI', 'MACD_12_26_9': 'MACD', 'MACDs_12_26_9': 'MACDs', 'MACDh_12_26_9': 'MACDh', 'VWAP': 'VWAP', 'BBL_20_2.0': 'BBL', 'BBM_20_2.0': 'BBM', 'BBU_20_2.0': 'BBU', 'ATR_14': 'ATR', 'STOCHk_14_3_3': 'STOCHk', 'STOCHd_14_3_3': 'STOCHd', 'CCI_14_0.015': 'CCI', 'SMA_10': 'SMA_10', 'SMA_50': 'SMA_50', 'SMA_200': 'SMA_200', 'EMA_10': 'EMA_10', 'EMA_50': 'EMA_50'}
2025-01-11 18:14:42 - WARNING - Columna faltante 'VWAP' añadida con NaN.
2025-01-11 18:14:42 - WARNING - Columna faltante 'ATR' añadida con NaN.
2025-01-11 18:14:42 - INFO - Target binario con look_ahead=4, min_change=0.033
2025-01-11 18:14:42 - INFO - Distribución de clases (0=Vender, 1=Comprar):
target
1.0    235
0.0    225
Name: count, dtype: int64
2025-01-11 18:14:42 - INFO - Muestra de datos con target:
                        close  future_close  change_pct  target
open_time                                                      
2021-05-16 17:45:00  47081.50      42940.97   -0.087944     0.0
2022-11-08 17:00:00  20102.89      18754.26   -0.067086     0.0
2024-01-11 15:15:00  47796.14      68317.14    0.429344     1.0
2022-05-12 13:45:00  28208.31      31237.25    0.107378     1.0
2021-01-27 15:15:00  29800.00      32266.35    0.082763     1.0
2021-06-22 13:45:00  29238.99      30567.93    0.045451     1.0
2022-01-21 21:00:00  38229.20      34297.15   -0.102855     0.0
2021-01-11 06:45:00  32872.63      36181.44    0.100655     1.0
2021-05-12 23:00:00  52663.16      50301.61   -0.044843     0.0
2022-07-13 11:30:00  19826.10      21620.55    0.090509     1.0
2025-01-11 18:14:42 - INFO - Columnas extra eliminadas: ['change_pct', 'future_close']
2025-01-11 18:14:42 - WARNING - Estas columnas están 100% NaN y se eliminarán antes de imputar: ['VWAP', 'ATR']
2025-01-11 18:14:42 - INFO - Dataset preparado: 460 filas, 21 features (después de imputación).
2025-01-11 18:14:42 - INFO - === Evaluación en Test ===
2025-01-11 18:14:42 - INFO - Matriz de confusión [0=Vender, 1=Comprar]:
[[139  86]
 [134 101]]
2025-01-11 18:14:42 - INFO - Reporte de Clasificación:
              precision    recall  f1-score   support

      Vender       0.51      0.62      0.56       225
     Comprar       0.54      0.43      0.48       235

    accuracy                           0.52       460
   macro avg       0.52      0.52      0.52       460
weighted avg       0.52      0.52      0.52       460

2025-01-11 18:14:42 - INFO - Precision: 0.5401
2025-01-11 18:14:42 - INFO - F1-score: 0.4787
2025-01-11 18:14:42 - INFO - Recall: 0.4298
2025-01-11 18:14:42 - INFO - Balanced Accuracy: 0.5238
2025-01-11 18:14:42 - INFO - MCC: 0.0484
2025-01-11 18:14:42 - INFO - AUC: 0.5158
2025-01-11 18:14:43 - INFO - Precision final en Test: 0.5401
2025-01-11 18:14:43 - INFO - Importancia de características guardada en ./results/feature_importances_binary.csv.
2025-01-11 18:14:44 - INFO - Gráfico de importancia de características guardado.
2025-01-11 18:14:45 - INFO - Calculando valores SHAP...
2025-01-11 18:14:46 - INFO - SHAP analysis completado y guardado.
2025-01-11 18:14:46 - INFO - Señales generadas con umbral=0.5
2025-01-11 18:14:46 - INFO - Señales filtradas por tendencia.
2025-01-11 18:14:46 - INFO - Señales guardadas en: ./results/signals_binary.csv
2025-01-11 18:14:46 - INFO - === Proceso Completado con Éxito ===
