2025-01-11 18:02:18 - INFO - Datos cargados desde ML/data/processed/BTCUSDT_15m_processed.csv, filas: 254923
2025-01-11 18:02:18 - INFO - Columnas de indicadores existentes eliminadas: ['RSI', 'MACD', 'MACDs', 'MACDh', 'OBV', 'BBL', 'BBM', 'BBU', 'SMA_10', 'SMA_50', 'EMA_10', 'EMA_50']
2025-01-11 18:02:18 - INFO - Indicadores técnicos agregados. Filas antes: 254923, después: 254724 (descartadas: 199)
2025-01-11 18:02:18 - INFO - Columnas renombradas: {'RSI_14': 'RSI', 'MACD_12_26_9': 'MACD', 'MACDs_12_26_9': 'MACDs', 'MACDh_12_26_9': 'MACDh', 'VWAP': 'VWAP', 'BBL_20_2.0': 'BBL', 'BBM_20_2.0': 'BBM', 'BBU_20_2.0': 'BBU', 'ATR_14': 'ATR', 'STOCHk_14_3_3': 'STOCHk', 'STOCHd_14_3_3': 'STOCHd', 'CCI_14_0.015': 'CCI', 'SMA_10': 'SMA_10', 'SMA_50': 'SMA_50', 'SMA_200': 'SMA_200', 'EMA_10': 'EMA_10', 'EMA_50': 'EMA_50'}
2025-01-11 18:02:18 - WARNING - Columna faltante 'VWAP' añadida con NaN.
2025-01-11 18:02:18 - WARNING - Columna faltante 'ATR' añadida con NaN.
2025-01-11 18:02:18 - INFO - Target binario con look_ahead=6, min_change=0.021
2025-01-11 18:02:18 - INFO - Distribución de clases (0=Vender, 1=Comprar):
target
0.0    5622
1.0    5604
Name: count, dtype: int64
2025-01-11 18:02:18 - INFO - Muestra de datos con target:
                        close  future_close  change_pct  target
open_time                                                      
2018-12-03 01:30:00   4139.70       4012.59   -0.030705     0.0
2021-10-20 13:00:00  64372.04      66726.97    0.036583     1.0
2021-03-01 22:45:00  49137.73      50180.00    0.021211     1.0
2018-01-01 10:45:00  13570.01      13146.15   -0.031235     0.0
2020-05-11 16:00:00   8907.06       8554.11   -0.039626     0.0
2018-02-04 07:45:00   9200.00       8909.69   -0.031555     0.0
2018-06-18 15:00:00   6446.76       6671.20    0.034814     1.0
2017-09-05 01:45:00   3620.00       3977.08    0.098641     1.0
2021-01-08 09:00:00  38280.18      40606.90    0.060781     1.0
2022-02-24 01:15:00  36702.30      35924.92   -0.021181     0.0
2025-01-11 18:02:18 - INFO - División de datos en Train/Test completada.
2025-01-11 18:02:18 - INFO - === Búsqueda de hiperparámetros (Optuna) en muestra de Training ===
2025-01-11 18:02:18 - INFO - No se han identificado características categóricas.
2025-01-11 18:02:18 - INFO - Columnas extra eliminadas: ['future_close', 'change_pct']
2025-01-11 18:02:19 - WARNING - Estas columnas están 100% NaN y se eliminarán antes de imputar: ['VWAP', 'ATR']
2025-01-11 18:02:19 - INFO - Dataset preparado: 6566 filas, 21 features (después de imputación).
2025-01-11 18:02:19 - INFO - Balance de clases tras SMOTETomek:
target
1.0    2584
0.0    2584
Name: count, dtype: int64
2025-01-11 18:02:19 - INFO - Balance de clases tras SMOTETomek:
target
1.0    2584
0.0    2584
Name: count, dtype: int64
2025-01-11 18:02:20 - INFO - Balance de clases tras SMOTETomek:
target
1.0    2569
0.0    2569
Name: count, dtype: int64
2025-01-11 18:02:21 - INFO - Balance de clases tras SMOTETomek:
target
1.0    2551
0.0    2551
Name: count, dtype: int64
2025-01-11 18:02:23 - INFO - Balance de clases tras SMOTETomek:
target
1.0    2553
0.0    2553
Name: count, dtype: int64
2025-01-11 18:02:24 - INFO - Balance de clases tras SMOTETomek:
target
0.0    2567
1.0    2567
Name: count, dtype: int64
2025-01-11 18:02:24 - INFO - Balance de clases tras SMOTETomek:
target
1.0    2569
0.0    2569
Name: count, dtype: int64
2025-01-11 18:02:25 - INFO - Balance de clases tras SMOTETomek:
target
1.0    2584
0.0    2584
Name: count, dtype: int64
2025-01-11 18:02:30 - INFO - Balance de clases tras SMOTETomek:
target
1.0    2551
0.0    2551
Name: count, dtype: int64
2025-01-11 18:02:30 - INFO - Balance de clases tras SMOTETomek:
target
1.0    2569
0.0    2569
Name: count, dtype: int64
2025-01-11 18:02:36 - INFO - Balance de clases tras SMOTETomek:
target
1.0    2551
0.0    2551
Name: count, dtype: int64
2025-01-11 18:02:37 - INFO - Balance de clases tras SMOTETomek:
target
1.0    2553
0.0    2553
Name: count, dtype: int64
2025-01-11 18:02:41 - INFO - Balance de clases tras SMOTETomek:
target
1.0    2553
0.0    2553
Name: count, dtype: int64
2025-01-11 18:02:42 - INFO - Balance de clases tras SMOTETomek:
target
0.0    2567
1.0    2567
Name: count, dtype: int64
2025-01-11 18:02:45 - INFO - Balance de clases tras SMOTETomek:
target
0.0    2567
1.0    2567
Name: count, dtype: int64
2025-01-11 18:02:48 - INFO - Balance de clases tras SMOTETomek:
target
1.0    2584
0.0    2584
Name: count, dtype: int64
2025-01-11 18:02:48 - INFO - Balance de clases tras SMOTETomek:
target
1.0    2569
0.0    2569
Name: count, dtype: int64
2025-01-11 18:02:49 - INFO - Balance de clases tras SMOTETomek:
target
1.0    2551
0.0    2551
Name: count, dtype: int64
2025-01-11 18:02:50 - INFO - Balance de clases tras SMOTETomek:
target
1.0    2584
0.0    2584
Name: count, dtype: int64
2025-01-11 18:02:50 - INFO - Balance de clases tras SMOTETomek:
target
1.0    2553
0.0    2553
Name: count, dtype: int64
2025-01-11 18:02:51 - INFO - Balance de clases tras SMOTETomek:
target
0.0    2567
1.0    2567
Name: count, dtype: int64
2025-01-11 18:02:52 - INFO - Balance de clases tras SMOTETomek:
target
1.0    2584
0.0    2584
Name: count, dtype: int64
2025-01-11 18:02:54 - INFO - Balance de clases tras SMOTETomek:
target
1.0    2569
0.0    2569
Name: count, dtype: int64
2025-01-11 18:02:55 - INFO - Balance de clases tras SMOTETomek:
target
1.0    2569
0.0    2569
Name: count, dtype: int64
2025-01-11 18:02:56 - INFO - Balance de clases tras SMOTETomek:
target
1.0    2551
0.0    2551
Name: count, dtype: int64
2025-01-11 18:02:58 - INFO - Balance de clases tras SMOTETomek:
target
1.0    2553
0.0    2553
Name: count, dtype: int64
2025-01-11 18:03:00 - INFO - Balance de clases tras SMOTETomek:
target
0.0    2567
1.0    2567
Name: count, dtype: int64
2025-01-11 18:03:01 - INFO - Balance de clases tras SMOTETomek:
target
1.0    2551
0.0    2551
Name: count, dtype: int64
2025-01-11 18:03:02 - INFO - Balance de clases tras SMOTETomek:
target
1.0    2584
0.0    2584
Name: count, dtype: int64
2025-01-11 18:03:03 - INFO - Balance de clases tras SMOTETomek:
target
1.0    2569
0.0    2569
Name: count, dtype: int64
2025-01-11 18:03:05 - INFO - Balance de clases tras SMOTETomek:
target
1.0    2551
0.0    2551
Name: count, dtype: int64
2025-01-11 18:03:06 - INFO - Balance de clases tras SMOTETomek:
target
1.0    2553
0.0    2553
Name: count, dtype: int64
2025-01-11 18:03:07 - INFO - Balance de clases tras SMOTETomek:
target
1.0    2553
0.0    2553
Name: count, dtype: int64
2025-01-11 18:03:07 - INFO - Balance de clases tras SMOTETomek:
target
0.0    2567
1.0    2567
Name: count, dtype: int64
2025-01-11 18:03:08 - INFO - Balance de clases tras SMOTETomek:
target
1.0    2584
0.0    2584
Name: count, dtype: int64
2025-01-11 18:03:11 - INFO - Balance de clases tras SMOTETomek:
target
1.0    2569
0.0    2569
Name: count, dtype: int64
2025-01-11 18:03:12 - INFO - Balance de clases tras SMOTETomek:
target
0.0    2567
1.0    2567
Name: count, dtype: int64
2025-01-11 18:03:15 - INFO - Balance de clases tras SMOTETomek:
target
1.0    2551
0.0    2551
Name: count, dtype: int64
2025-01-11 18:03:20 - INFO - Balance de clases tras SMOTETomek:
target
1.0    2584
0.0    2584
Name: count, dtype: int64
2025-01-11 18:03:21 - INFO - Balance de clases tras SMOTETomek:
target
1.0    2553
0.0    2553
Name: count, dtype: int64
2025-01-11 18:03:22 - INFO - Balance de clases tras SMOTETomek:
target
1.0    2569
0.0    2569
Name: count, dtype: int64
2025-01-11 18:03:23 - INFO - Balance de clases tras SMOTETomek:
target
1.0    2551
0.0    2551
Name: count, dtype: int64
2025-01-11 18:03:24 - INFO - Balance de clases tras SMOTETomek:
target
1.0    2553
0.0    2553
Name: count, dtype: int64
2025-01-11 18:03:25 - INFO - Balance de clases tras SMOTETomek:
target
0.0    2567
1.0    2567
Name: count, dtype: int64
2025-01-11 18:03:26 - INFO - Balance de clases tras SMOTETomek:
target
0.0    2567
1.0    2567
Name: count, dtype: int64
2025-01-11 18:03:27 - INFO - Balance de clases tras SMOTETomek:
target
1.0    2584
0.0    2584
Name: count, dtype: int64
2025-01-11 18:03:28 - INFO - Balance de clases tras SMOTETomek:
target
1.0    2569
0.0    2569
Name: count, dtype: int64
2025-01-11 18:03:28 - INFO - Balance de clases tras SMOTETomek:
target
1.0    2584
0.0    2584
Name: count, dtype: int64
2025-01-11 18:03:30 - INFO - Balance de clases tras SMOTETomek:
target
1.0    2551
0.0    2551
Name: count, dtype: int64
2025-01-11 18:03:31 - INFO - Balance de clases tras SMOTETomek:
target
1.0    2553
0.0    2553
Name: count, dtype: int64
2025-01-11 18:03:31 - INFO - Balance de clases tras SMOTETomek:
target
1.0    2569
0.0    2569
Name: count, dtype: int64
2025-01-11 18:03:32 - INFO - Balance de clases tras SMOTETomek:
target
0.0    2567
1.0    2567
Name: count, dtype: int64
2025-01-11 18:03:33 - INFO - Balance de clases tras SMOTETomek:
target
1.0    2584
0.0    2584
Name: count, dtype: int64
2025-01-11 18:03:33 - INFO - Balance de clases tras SMOTETomek:
target
1.0    2551
0.0    2551
Name: count, dtype: int64
2025-01-11 18:03:36 - INFO - Balance de clases tras SMOTETomek:
target
1.0    2569
0.0    2569
Name: count, dtype: int64
2025-01-11 18:03:36 - INFO - Balance de clases tras SMOTETomek:
target
1.0    2553
0.0    2553
Name: count, dtype: int64
2025-01-11 18:03:38 - INFO - Balance de clases tras SMOTETomek:
target
1.0    2551
0.0    2551
Name: count, dtype: int64
2025-01-11 18:03:38 - INFO - Balance de clases tras SMOTETomek:
target
0.0    2567
1.0    2567
Name: count, dtype: int64
2025-01-11 18:03:40 - INFO - Balance de clases tras SMOTETomek:
target
1.0    2553
0.0    2553
Name: count, dtype: int64
2025-01-11 18:03:40 - INFO - Balance de clases tras SMOTETomek:
target
1.0    2584
0.0    2584
Name: count, dtype: int64
2025-01-11 18:03:42 - INFO - Balance de clases tras SMOTETomek:
target
0.0    2567
1.0    2567
Name: count, dtype: int64
2025-01-11 18:03:44 - INFO - Balance de clases tras SMOTETomek:
target
1.0    2569
0.0    2569
Name: count, dtype: int64
2025-01-11 18:03:45 - INFO - Balance de clases tras SMOTETomek:
target
1.0    2584
0.0    2584
Name: count, dtype: int64
2025-01-11 18:03:47 - INFO - Balance de clases tras SMOTETomek:
target
1.0    2569
0.0    2569
Name: count, dtype: int64
2025-01-11 18:03:48 - INFO - Balance de clases tras SMOTETomek:
target
1.0    2551
0.0    2551
Name: count, dtype: int64
2025-01-11 18:03:50 - INFO - Balance de clases tras SMOTETomek:
target
1.0    2551
0.0    2551
Name: count, dtype: int64
2025-01-11 18:03:52 - INFO - Balance de clases tras SMOTETomek:
target
1.0    2553
0.0    2553
Name: count, dtype: int64
2025-01-11 18:03:52 - INFO - Balance de clases tras SMOTETomek:
target
1.0    2553
0.0    2553
Name: count, dtype: int64
2025-01-11 18:03:54 - INFO - Balance de clases tras SMOTETomek:
target
0.0    2567
1.0    2567
Name: count, dtype: int64
2025-01-11 18:03:56 - INFO - Balance de clases tras SMOTETomek:
target
0.0    2567
1.0    2567
Name: count, dtype: int64
2025-01-11 18:03:56 - INFO - Balance de clases tras SMOTETomek:
target
1.0    2584
0.0    2584
Name: count, dtype: int64
2025-01-11 18:03:58 - INFO - Balance de clases tras SMOTETomek:
target
1.0    2569
0.0    2569
Name: count, dtype: int64
2025-01-11 18:04:00 - INFO - Balance de clases tras SMOTETomek:
target
1.0    2551
0.0    2551
Name: count, dtype: int64
2025-01-11 18:04:01 - INFO - Balance de clases tras SMOTETomek:
target
1.0    2553
0.0    2553
Name: count, dtype: int64
2025-01-11 18:04:03 - INFO - Balance de clases tras SMOTETomek:
target
0.0    2567
1.0    2567
Name: count, dtype: int64
2025-01-11 18:04:04 - INFO - Mejor Precision: 0.8239
2025-01-11 18:04:04 - INFO - Mejores parámetros: {'max_depth': 7, 'learning_rate': 0.095974086969369, 'n_estimators': 364, 'subsample': 0.7136192355613351, 'colsample_bytree': 0.8618186496473078, 'gamma': 0.5853855185418632, 'reg_alpha': 0.01447352303867655, 'reg_lambda': 0.9206258212006975}
2025-01-11 18:04:04 - INFO - === Entrenando Pipeline Final con TODO el Training ===
2025-01-11 18:04:04 - INFO - Columnas extra eliminadas: ['future_close', 'change_pct']
2025-01-11 18:04:04 - WARNING - Estas columnas están 100% NaN y se eliminarán antes de imputar: ['VWAP', 'ATR']
2025-01-11 18:04:04 - INFO - Dataset preparado: 7296 filas, 21 features (después de imputación).
2025-01-11 18:04:04 - INFO - Balance de clases tras SMOTETomek:
target
1.0    3559
0.0    3559
Name: count, dtype: int64
2025-01-11 18:04:06 - INFO - Pipeline final entrenado con TODOS los datos de entrenamiento.
2025-01-11 18:04:06 - INFO - Pipeline completo guardado en: ./results/XGBoost_Binario_trained_pipeline.joblib
2025-01-11 18:04:06 - INFO - Parámetros guardados en: ./results/XGBoost_Binario_model_params.txt
2025-01-11 18:04:06 - INFO - Lista de features guardada en: ./results/XGBoost_Binario_feature_cols.txt
2025-01-11 18:04:06 - INFO - Columnas de indicadores existentes eliminadas: ['RSI', 'MACD', 'MACDs', 'MACDh', 'VWAP', 'OBV', 'BBL', 'BBM', 'BBU', 'ATR', 'STOCHk', 'STOCHd', 'CCI', 'SMA_10', 'SMA_50', 'SMA_200', 'EMA_10', 'EMA_50']
2025-01-11 18:04:06 - INFO - Indicadores técnicos agregados. Filas antes: 3930, después: 3731 (descartadas: 199)
2025-01-11 18:04:06 - INFO - Columnas renombradas: {'RSI_14': 'RSI', 'MACD_12_26_9': 'MACD', 'MACDs_12_26_9': 'MACDs', 'MACDh_12_26_9': 'MACDh', 'VWAP': 'VWAP', 'BBL_20_2.0': 'BBL', 'BBM_20_2.0': 'BBM', 'BBU_20_2.0': 'BBU', 'ATR_14': 'ATR', 'STOCHk_14_3_3': 'STOCHk', 'STOCHd_14_3_3': 'STOCHd', 'CCI_14_0.015': 'CCI', 'SMA_10': 'SMA_10', 'SMA_50': 'SMA_50', 'SMA_200': 'SMA_200', 'EMA_10': 'EMA_10', 'EMA_50': 'EMA_50'}
2025-01-11 18:04:06 - WARNING - Columna faltante 'VWAP' añadida con NaN.
2025-01-11 18:04:06 - WARNING - Columna faltante 'ATR' añadida con NaN.
2025-01-11 18:04:06 - INFO - Target binario con look_ahead=6, min_change=0.021
2025-01-11 18:04:06 - INFO - Distribución de clases (0=Vender, 1=Comprar):
target
1.0    1327
0.0    1292
Name: count, dtype: int64
2025-01-11 18:04:06 - INFO - Muestra de datos con target:
                        close  future_close  change_pct  target
open_time                                                      
2024-03-25 13:45:00  67984.00      69459.96    0.021710     1.0
2021-08-01 21:45:00  41068.21      37819.99   -0.079093     0.0
2022-09-14 21:00:00  19863.46      19415.78   -0.022538     0.0
2024-03-26 12:45:00  71109.99      69391.12   -0.024172     0.0
2024-11-06 02:30:00  72843.97      77288.23    0.061011     1.0
2022-03-10 00:15:00  41931.29      40856.83   -0.025624     0.0
2021-05-16 20:45:00  44104.07      46222.99    0.048044     1.0
2021-02-16 02:15:00  48483.65      52722.83    0.087435     1.0
2023-09-12 02:45:00  25209.39      27225.15    0.079961     1.0
2022-09-19 02:00:00  19415.78      18960.16   -0.023466     0.0
2025-01-11 18:04:06 - INFO - Columnas extra eliminadas: ['change_pct', 'future_close']
2025-01-11 18:04:06 - WARNING - Estas columnas están 100% NaN y se eliminarán antes de imputar: ['VWAP', 'ATR']
2025-01-11 18:04:06 - INFO - Dataset preparado: 2619 filas, 21 features (después de imputación).
2025-01-11 18:04:06 - INFO - === Evaluación en Test ===
2025-01-11 18:04:06 - INFO - Matriz de confusión [0=Vender, 1=Comprar]:
[[739 553]
 [774 553]]
2025-01-11 18:04:06 - INFO - Reporte de Clasificación:
              precision    recall  f1-score   support

      Vender       0.49      0.57      0.53      1292
     Comprar       0.50      0.42      0.45      1327

    accuracy                           0.49      2619
   macro avg       0.49      0.49      0.49      2619
weighted avg       0.49      0.49      0.49      2619

2025-01-11 18:04:06 - INFO - Precision: 0.5000
2025-01-11 18:04:06 - INFO - F1-score: 0.4546
2025-01-11 18:04:06 - INFO - Recall: 0.4167
2025-01-11 18:04:06 - INFO - Balanced Accuracy: 0.4944
2025-01-11 18:04:06 - INFO - MCC: -0.0114
2025-01-11 18:04:06 - INFO - AUC: 0.4866
2025-01-11 18:04:08 - INFO - Precision final en Test: 0.5000
2025-01-11 18:04:08 - INFO - Importancia de características guardada en ./results/feature_importances_binary.csv.
2025-01-11 18:04:09 - INFO - Gráfico de importancia de características guardado.
2025-01-11 18:04:09 - INFO - Calculando valores SHAP...
2025-01-11 18:04:13 - INFO - SHAP analysis completado y guardado.
2025-01-11 18:04:13 - INFO - Señales generadas con umbral=0.61
2025-01-11 18:04:13 - INFO - Señales filtradas por tendencia.
2025-01-11 18:04:13 - INFO - Señales guardadas en: ./results/signals_binary.csv
2025-01-11 18:04:13 - INFO - === Proceso Completado con Éxito ===
