2025-01-02 23:06:22 - INFO - Datos cargados desde ML/data/processed/BTCUSDT_15m_processed.csv, filas: 251947
2025-01-02 23:06:22 - INFO - Columnas de indicadores técnicos existentes eliminadas: ['OBV']
2025-01-02 23:06:23 - INFO - Indicadores técnicos agregados al DataFrame. Filas antes: 251947, después: 251898
2025-01-02 23:06:23 - INFO - Columnas después de agregar indicadores técnicos: ['open', 'high', 'low', 'close', 'volume', 'close_time', 'quote_asset_volume', 'number_of_trades', 'taker_buy_base_asset_volume', 'taker_buy_quote_asset_volume', 'ignore', 'RSI_14', 'MACD_12_26_9', 'MACDh_12_26_9', 'MACDs_12_26_9', 'SMA_10', 'SMA_50', 'EMA_10', 'EMA_50', 'VWAP_D', 'BBL_20_2.0', 'BBM_20_2.0', 'BBU_20_2.0', 'BBB_20_2.0', 'BBP_20_2.0', 'ATRr_14', 'STOCHk_14_3_3', 'STOCHd_14_3_3', 'CCI_14_0.015', 'hour_of_day', 'day_of_week', 'is_weekend', 'RSI_14_', 'MACD_12_26_9_', 'MACDh_12_26_9_', 'MACDs_12_26_9_', 'SMA_10_', 'SMA_50_', 'EMA_10_', 'EMA_50_', 'VWAP_D_', 'OBV_', 'BBL_20_2.0_', 'BBM_20_2.0_', 'BBU_20_2.0_', 'BBB_20_2.0_', 'BBP_20_2.0_', 'ATRr_14_', 'STOCHk_14_3_3_', 'STOCHd_14_3_3_', 'CCI_14_0.015_']
2025-01-02 23:06:23 - INFO - Columnas renombradas: {'RSI_14': 'RSI', 'RSI_14_': 'RSI_', 'MACD_12_26_9': 'MACD', 'MACD_12_26_9_': 'MACD_', 'MACDh_12_26_9': 'MACDh', 'MACDh_12_26_9_': 'MACDh_', 'MACDs_12_26_9': 'MACDs', 'MACDs_12_26_9_': 'MACDs_', 'VWAP_D': 'VWAP', 'VWAP_D_': 'VWAP_', 'BBL_20_2.0': 'BBL', 'BBL_20_2.0_': 'BBL_', 'BBM_20_2.0': 'BBM', 'BBM_20_2.0_': 'BBM_', 'BBU_20_2.0': 'BBU', 'BBU_20_2.0_': 'BBU_', 'ATRr_14': 'ATR', 'ATRr_14_': 'ATR_', 'STOCHk_14_3_3': 'STOCHk', 'STOCHk_14_3_3_': 'STOCHk_', 'STOCHd_14_3_3': 'STOCHd', 'STOCHd_14_3_3_': 'STOCHd_', 'CCI_14_0.015': 'CCI', 'CCI_14_0.015_': 'CCI_'}
2025-01-02 23:06:23 - INFO - Columnas duplicadas eliminadas: ['RSI_', 'MACD_', 'MACDh_', 'MACDs_', 'SMA_10_', 'SMA_50_', 'EMA_10_', 'EMA_50_', 'VWAP_', 'OBV_', 'BBL_', 'BBM_', 'BBU_', 'BBB_20_2.0_', 'BBP_20_2.0_', 'ATR_', 'STOCHk_', 'STOCHd_', 'CCI_']
2025-01-02 23:06:23 - WARNING - La columna 'OBV' no está presente después de agregar indicadores. Añadiendo 'OBV' con valor 0.
2025-01-02 23:06:23 - INFO - Target binario mejorado con look_ahead=42, min_change=0.005, max_change=0.12
2025-01-02 23:06:23 - INFO - Distribución de clases (0/1):
target
0    162788
1     88379
Name: count, dtype: int64
2025-01-02 23:06:23 - INFO - División de datos en train y test completada.
2025-01-02 23:06:23 - INFO - === Buscando hiperparámetros (Optuna) en una muestra del training ===
2025-01-02 23:06:23 - INFO - Características utilizadas: ['open', 'high', 'low', 'close', 'volume', 'hour_of_day', 'day_of_week', 'is_weekend', 'RSI', 'MACD', 'MACDs', 'MACDh', 'SMA_10', 'SMA_50', 'EMA_10', 'EMA_50', 'VWAP', 'OBV', 'BBL', 'BBM', 'BBU', 'ATR', 'STOCHk', 'STOCHd', 'CCI']
2025-01-02 23:06:23 - INFO - No se han identificado características categóricas.
2025-01-02 23:06:23 - INFO - Columnas presentes en el DataFrame: ['open', 'high', 'low', 'close', 'volume', 'close_time', 'quote_asset_volume', 'number_of_trades', 'taker_buy_base_asset_volume', 'taker_buy_quote_asset_volume', 'ignore', 'RSI', 'MACD', 'MACDh', 'MACDs', 'SMA_10', 'SMA_50', 'EMA_10', 'EMA_50', 'VWAP', 'BBL', 'BBM', 'BBU', 'BBB_20_2.0', 'BBP_20_2.0', 'ATR', 'STOCHk', 'STOCHd', 'CCI', 'hour_of_day', 'day_of_week', 'is_weekend', 'OBV', 'future_close', 'change_pct', 'target']
2025-01-02 23:06:23 - INFO - Columnas eliminadas durante la preparación: ['close_time', 'quote_asset_volume', 'number_of_trades', 'taker_buy_base_asset_volume', 'taker_buy_quote_asset_volume', 'ignore', 'BBB_20_2.0', 'BBP_20_2.0', 'future_close', 'change_pct']
2025-01-02 23:06:23 - INFO - Conjunto de datos preparado con 44205 filas y 25 características.
2025-01-02 23:06:23 - INFO - Tipo de y_train_sample: <class 'pandas.core.series.Series'>
2025-01-02 23:06:23 - INFO - Shape de y_train_sample: (44205,)
2025-01-02 23:06:24 - INFO - Después de SMOTE: target
0    3854
1    3854
Name: count, dtype: int64
2025-01-02 23:06:24 - INFO - Después de SMOTE: target
0    3854
1    3854
Name: count, dtype: int64
2025-01-02 23:06:25 - INFO - Después de SMOTE: target
0    7534
1    7534
Name: count, dtype: int64
2025-01-02 23:06:25 - INFO - Después de SMOTE: target
0    7534
1    7534
Name: count, dtype: int64
2025-01-02 23:06:27 - INFO - Después de SMOTE: target
0    11725
1    11725
Name: count, dtype: int64
2025-01-02 23:06:28 - INFO - Después de SMOTE: target
0    11725
1    11725
Name: count, dtype: int64
2025-01-02 23:06:30 - INFO - Después de SMOTE: target
0    16299
1    16299
Name: count, dtype: int64
2025-01-02 23:06:32 - INFO - Después de SMOTE: target
0    16299
1    16299
Name: count, dtype: int64
2025-01-02 23:06:33 - INFO - Después de SMOTE: target
0    21019
1    21019
Name: count, dtype: int64
2025-01-02 23:06:36 - INFO - Después de SMOTE: target
0    3854
1    3854
Name: count, dtype: int64
2025-01-02 23:06:37 - INFO - Después de SMOTE: target
0    21019
1    21019
Name: count, dtype: int64
2025-01-02 23:06:37 - INFO - Después de SMOTE: target
0    7534
1    7534
Name: count, dtype: int64
2025-01-02 23:06:39 - INFO - Después de SMOTE: target
0    11725
1    11725
Name: count, dtype: int64
2025-01-02 23:06:40 - INFO - Después de SMOTE: target
0    3854
1    3854
Name: count, dtype: int64
2025-01-02 23:06:41 - INFO - Después de SMOTE: target
0    16299
1    16299
Name: count, dtype: int64
2025-01-02 23:06:43 - INFO - Después de SMOTE: target
0    7534
1    7534
Name: count, dtype: int64
2025-01-02 23:06:43 - INFO - Después de SMOTE: target
0    21019
1    21019
Name: count, dtype: int64
2025-01-02 23:06:45 - INFO - Después de SMOTE: target
0    3854
1    3854
Name: count, dtype: int64
2025-01-02 23:06:46 - INFO - Después de SMOTE: target
0    11725
1    11725
Name: count, dtype: int64
2025-01-02 23:06:46 - INFO - Después de SMOTE: target
0    7534
1    7534
Name: count, dtype: int64
2025-01-02 23:06:47 - INFO - Después de SMOTE: target
0    11725
1    11725
Name: count, dtype: int64
2025-01-02 23:06:48 - INFO - Después de SMOTE: target
0    16299
1    16299
Name: count, dtype: int64
2025-01-02 23:06:48 - INFO - Después de SMOTE: target
0    16299
1    16299
Name: count, dtype: int64
2025-01-02 23:06:50 - INFO - Después de SMOTE: target
0    21019
1    21019
Name: count, dtype: int64
2025-01-02 23:06:52 - INFO - Después de SMOTE: target
0    3854
1    3854
Name: count, dtype: int64
2025-01-02 23:06:54 - INFO - Después de SMOTE: target
0    21019
1    21019
Name: count, dtype: int64
2025-01-02 23:06:56 - INFO - Después de SMOTE: target
0    7534
1    7534
Name: count, dtype: int64
2025-01-02 23:06:58 - INFO - Después de SMOTE: target
0    3854
1    3854
Name: count, dtype: int64
2025-01-02 23:06:59 - INFO - Después de SMOTE: target
0    11725
1    11725
Name: count, dtype: int64
2025-01-02 23:07:00 - INFO - Después de SMOTE: target
0    7534
1    7534
Name: count, dtype: int64
2025-01-02 23:07:01 - INFO - Después de SMOTE: target
0    11725
1    11725
Name: count, dtype: int64
2025-01-02 23:07:02 - INFO - Después de SMOTE: target
0    16299
1    16299
Name: count, dtype: int64
2025-01-02 23:07:03 - INFO - Después de SMOTE: target
0    16299
1    16299
Name: count, dtype: int64
2025-01-02 23:07:06 - INFO - Después de SMOTE: target
0    21019
1    21019
Name: count, dtype: int64
2025-01-02 23:07:07 - INFO - Después de SMOTE: target
0    21019
1    21019
Name: count, dtype: int64
2025-01-02 23:07:09 - INFO - Después de SMOTE: target
0    3854
1    3854
Name: count, dtype: int64
2025-01-02 23:07:11 - INFO - Después de SMOTE: target
0    3854
1    3854
Name: count, dtype: int64
2025-01-02 23:07:12 - INFO - Después de SMOTE: target
0    7534
1    7534
Name: count, dtype: int64
2025-01-02 23:07:13 - INFO - Después de SMOTE: target
0    7534
1    7534
Name: count, dtype: int64
2025-01-02 23:07:16 - INFO - Después de SMOTE: target
0    11725
1    11725
Name: count, dtype: int64
2025-01-02 23:07:16 - INFO - Después de SMOTE: target
0    11725
1    11725
Name: count, dtype: int64
2025-01-02 23:07:18 - INFO - Después de SMOTE: target
0    16299
1    16299
Name: count, dtype: int64
2025-01-02 23:07:19 - INFO - Después de SMOTE: target
0    16299
1    16299
Name: count, dtype: int64
2025-01-02 23:07:21 - INFO - Después de SMOTE: target
0    21019
1    21019
Name: count, dtype: int64
2025-01-02 23:07:22 - INFO - Después de SMOTE: target
0    21019
1    21019
Name: count, dtype: int64
2025-01-02 23:07:23 - INFO - Después de SMOTE: target
0    3854
1    3854
Name: count, dtype: int64
2025-01-02 23:07:24 - INFO - Después de SMOTE: target
0    7534
1    7534
Name: count, dtype: int64
2025-01-02 23:07:25 - INFO - Después de SMOTE: target
0    11725
1    11725
Name: count, dtype: int64
2025-01-02 23:07:26 - INFO - Después de SMOTE: target
0    3854
1    3854
Name: count, dtype: int64
2025-01-02 23:07:26 - INFO - Después de SMOTE: target
0    16299
1    16299
Name: count, dtype: int64
2025-01-02 23:07:27 - INFO - Después de SMOTE: target
0    7534
1    7534
Name: count, dtype: int64
2025-01-02 23:07:28 - INFO - Después de SMOTE: target
0    21019
1    21019
Name: count, dtype: int64
2025-01-02 23:07:28 - INFO - Después de SMOTE: target
0    11725
1    11725
Name: count, dtype: int64
2025-01-02 23:07:29 - INFO - Después de SMOTE: target
0    3854
1    3854
Name: count, dtype: int64
2025-01-02 23:07:29 - INFO - Después de SMOTE: target
0    16299
1    16299
Name: count, dtype: int64
2025-01-02 23:07:30 - INFO - Después de SMOTE: target
0    7534
1    7534
Name: count, dtype: int64
2025-01-02 23:07:31 - INFO - Después de SMOTE: target
0    21019
1    21019
Name: count, dtype: int64
2025-01-02 23:07:32 - INFO - Después de SMOTE: target
0    11725
1    11725
Name: count, dtype: int64
2025-01-02 23:07:33 - INFO - Después de SMOTE: target
0    3854
1    3854
Name: count, dtype: int64
2025-01-02 23:07:34 - INFO - Después de SMOTE: target
0    7534
1    7534
Name: count, dtype: int64
2025-01-02 23:07:35 - INFO - Después de SMOTE: target
0    16299
1    16299
Name: count, dtype: int64
2025-01-02 23:07:35 - INFO - Después de SMOTE: target
0    11725
1    11725
Name: count, dtype: int64
2025-01-02 23:07:37 - INFO - Después de SMOTE: target
0    16299
1    16299
Name: count, dtype: int64
2025-01-02 23:07:38 - INFO - Después de SMOTE: target
0    21019
1    21019
Name: count, dtype: int64
2025-01-02 23:07:39 - INFO - Después de SMOTE: target
0    21019
1    21019
Name: count, dtype: int64
2025-01-02 23:07:40 - INFO - Después de SMOTE: target
0    3854
1    3854
Name: count, dtype: int64
2025-01-02 23:07:41 - INFO - Después de SMOTE: target
0    3854
1    3854
Name: count, dtype: int64
2025-01-02 23:07:42 - INFO - Después de SMOTE: target
0    7534
1    7534
Name: count, dtype: int64
2025-01-02 23:07:42 - INFO - Después de SMOTE: target
0    7534
1    7534
Name: count, dtype: int64
2025-01-02 23:07:43 - INFO - Después de SMOTE: target
0    11725
1    11725
Name: count, dtype: int64
2025-01-02 23:07:44 - INFO - Después de SMOTE: target
0    11725
1    11725
Name: count, dtype: int64
2025-01-02 23:07:44 - INFO - Después de SMOTE: target
0    16299
1    16299
Name: count, dtype: int64
2025-01-02 23:07:46 - INFO - Después de SMOTE: target
0    21019
1    21019
Name: count, dtype: int64
2025-01-02 23:07:46 - INFO - Después de SMOTE: target
0    16299
1    16299
Name: count, dtype: int64
2025-01-02 23:07:48 - INFO - Después de SMOTE: target
0    3854
1    3854
Name: count, dtype: int64
2025-01-02 23:07:49 - INFO - Después de SMOTE: target
0    7534
1    7534
Name: count, dtype: int64
2025-01-02 23:07:50 - INFO - Después de SMOTE: target
0    21019
1    21019
Name: count, dtype: int64
2025-01-02 23:07:51 - INFO - Después de SMOTE: target
0    11725
1    11725
Name: count, dtype: int64
2025-01-02 23:07:53 - INFO - Después de SMOTE: target
0    16299
1    16299
Name: count, dtype: int64
2025-01-02 23:07:56 - INFO - Después de SMOTE: target
0    21019
1    21019
Name: count, dtype: int64
2025-01-02 23:07:57 - INFO - Mejor valor de F1: 0.5459
2025-01-02 23:07:57 - INFO - Mejores parámetros: {'max_depth': 8, 'learning_rate': 0.0011238309860469654, 'n_estimators': 101, 'subsample': 0.8165381977837036, 'colsample_bytree': 0.826263363781955, 'gamma': 0.0002142168509460668, 'reg_alpha': 0.023898834457705787, 'reg_lambda': 0.02838925098164571}
2025-01-02 23:07:57 - INFO - === Entrenando Pipeline Final con TODO el training ===
2025-01-02 23:07:57 - INFO - Columnas presentes en el DataFrame: ['open', 'high', 'low', 'close', 'volume', 'close_time', 'quote_asset_volume', 'number_of_trades', 'taker_buy_base_asset_volume', 'taker_buy_quote_asset_volume', 'ignore', 'RSI', 'MACD', 'MACDh', 'MACDs', 'SMA_10', 'SMA_50', 'EMA_10', 'EMA_50', 'VWAP', 'BBL', 'BBM', 'BBU', 'BBB_20_2.0', 'BBP_20_2.0', 'ATR', 'STOCHk', 'STOCHd', 'CCI', 'hour_of_day', 'day_of_week', 'is_weekend', 'OBV', 'future_close', 'change_pct', 'target']
2025-01-02 23:07:57 - INFO - Columnas eliminadas durante la preparación: ['close_time', 'quote_asset_volume', 'number_of_trades', 'taker_buy_base_asset_volume', 'taker_buy_quote_asset_volume', 'ignore', 'BBB_20_2.0', 'BBP_20_2.0', 'future_close', 'change_pct']
2025-01-02 23:07:57 - INFO - Conjunto de datos preparado con 200933 filas y 25 características.
2025-01-02 23:07:57 - INFO - Tipo de y_train_full: <class 'pandas.core.series.Series'>
2025-01-02 23:07:57 - INFO - Shape de y_train_full: (200933,)
2025-01-02 23:08:08 - INFO - Después de SMOTE: target
0    128146
1    128146
Name: count, dtype: int64
2025-01-02 23:08:08 - INFO - Balance de clases aplicado mediante SMOTE.
2025-01-02 23:08:12 - INFO - Pipeline final entrenado con todos los datos de entrenamiento (binario).
2025-01-02 23:08:12 - INFO - Pipeline completo guardado en: ./results/XGBoost_Binario_trained_pipeline.joblib
2025-01-02 23:08:12 - INFO - Parámetros guardados en: ./results/XGBoost_Binario_model_params.txt
2025-01-02 23:08:12 - INFO - Lista de features guardada en: ./results/XGBoost_Binario_feature_cols.txt
2025-01-02 23:08:12 - INFO - Columnas de indicadores técnicos existentes eliminadas: ['RSI', 'MACD', 'MACDs', 'MACDh', 'VWAP', 'OBV', 'BBL', 'BBM', 'BBU', 'ATR', 'STOCHk', 'STOCHd', 'CCI']
2025-01-02 23:08:13 - INFO - Indicadores técnicos agregados al DataFrame. Filas antes: 50234, después: 50185
2025-01-02 23:08:13 - INFO - Columnas después de agregar indicadores técnicos: ['open', 'high', 'low', 'close', 'volume', 'close_time', 'quote_asset_volume', 'number_of_trades', 'taker_buy_base_asset_volume', 'taker_buy_quote_asset_volume', 'ignore', 'SMA_10', 'SMA_50', 'EMA_10', 'EMA_50', 'BBB_20_2.0', 'BBP_20_2.0', 'hour_of_day', 'day_of_week', 'is_weekend', 'future_close', 'change_pct', 'target', 'RSI_14_', 'MACD_12_26_9_', 'MACDh_12_26_9_', 'MACDs_12_26_9_', 'SMA_10_', 'SMA_50_', 'EMA_10_', 'EMA_50_', 'VWAP_D_', 'OBV_', 'BBL_20_2.0_', 'BBM_20_2.0_', 'BBU_20_2.0_', 'BBB_20_2.0_', 'BBP_20_2.0_', 'ATRr_14_', 'STOCHk_14_3_3_', 'STOCHd_14_3_3_', 'CCI_14_0.015_']
2025-01-02 23:08:13 - INFO - Columnas renombradas: {'RSI_14_': 'RSI', 'MACD_12_26_9_': 'MACD', 'MACDh_12_26_9_': 'MACDh', 'MACDs_12_26_9_': 'MACDs', 'VWAP_D_': 'VWAP', 'BBL_20_2.0_': 'BBL', 'BBM_20_2.0_': 'BBM', 'BBU_20_2.0_': 'BBU', 'ATRr_14_': 'ATR', 'STOCHk_14_3_3_': 'STOCHk', 'STOCHd_14_3_3_': 'STOCHd', 'CCI_14_0.015_': 'CCI'}
2025-01-02 23:08:13 - INFO - Columnas duplicadas eliminadas: ['SMA_10_', 'SMA_50_', 'EMA_10_', 'EMA_50_', 'OBV_', 'BBB_20_2.0_', 'BBP_20_2.0_']
2025-01-02 23:08:13 - WARNING - La columna 'OBV' no está presente después de agregar indicadores. Añadiendo 'OBV' con valor 0.
2025-01-02 23:08:13 - INFO - Target binario mejorado con look_ahead=42, min_change=0.005, max_change=0.12
2025-01-02 23:08:13 - INFO - Distribución de clases (0/1):
target
0    34615
1    15520
Name: count, dtype: int64
2025-01-02 23:08:13 - INFO - Columnas presentes en el DataFrame: ['open', 'high', 'low', 'close', 'volume', 'close_time', 'quote_asset_volume', 'number_of_trades', 'taker_buy_base_asset_volume', 'taker_buy_quote_asset_volume', 'ignore', 'SMA_10', 'SMA_50', 'EMA_10', 'EMA_50', 'BBB_20_2.0', 'BBP_20_2.0', 'hour_of_day', 'day_of_week', 'is_weekend', 'future_close', 'change_pct', 'target', 'RSI', 'MACD', 'MACDh', 'MACDs', 'VWAP', 'BBL', 'BBM', 'BBU', 'ATR', 'STOCHk', 'STOCHd', 'CCI', 'OBV']
2025-01-02 23:08:13 - INFO - Columnas eliminadas durante la preparación: ['close_time', 'quote_asset_volume', 'number_of_trades', 'taker_buy_base_asset_volume', 'taker_buy_quote_asset_volume', 'ignore', 'BBB_20_2.0', 'BBP_20_2.0', 'future_close', 'change_pct']
2025-01-02 23:08:13 - INFO - Conjunto de datos preparado con 50135 filas y 25 características.
2025-01-02 23:08:13 - INFO - Características en X_test_final: ['open', 'high', 'low', 'close', 'volume', 'hour_of_day', 'day_of_week', 'is_weekend', 'RSI', 'MACD', 'MACDs', 'MACDh', 'SMA_10', 'SMA_50', 'EMA_10', 'EMA_50', 'VWAP', 'OBV', 'BBL', 'BBM', 'BBU', 'ATR', 'STOCHk', 'STOCHd', 'CCI']
2025-01-02 23:08:13 - INFO - Tipo de y_test_final: <class 'pandas.core.series.Series'>
2025-01-02 23:08:13 - INFO - Shape de y_test_final: (50135,)
2025-01-02 23:08:13 - INFO - Las características del test coinciden perfectamente con las del entrenamiento.
2025-01-02 23:08:13 - INFO - === Evaluación en Test ===
2025-01-02 23:08:13 - INFO - Matriz de confusión [1,0]:
[[ 5044 10476]
 [ 7436 27179]]
2025-01-02 23:08:13 - INFO - Reporte de Clasificación:
              precision    recall  f1-score   support

           1       0.40      0.33      0.36     15520
           0       0.72      0.79      0.75     34615

    accuracy                           0.64     50135
   macro avg       0.56      0.56      0.56     50135
weighted avg       0.62      0.64      0.63     50135

2025-01-02 23:08:13 - INFO - F1-score: 0.3603
2025-01-02 23:08:13 - INFO - Precisión: 0.4042
2025-01-02 23:08:13 - INFO - Recall: 0.3250
2025-01-02 23:08:13 - INFO - AUC Score: 0.5791
2025-01-02 23:08:15 - INFO - F1 final en Test (Binario): 0.3603
2025-01-02 23:08:15 - INFO - === Analizando importancia de características ===
2025-01-02 23:08:15 - INFO - Tabla de importancia de características guardada en ./results/feature_importances_binario.csv.
2025-01-02 23:08:16 - INFO - Gráfico de importancia de características guardado.
2025-01-02 23:08:16 - INFO - Señales generadas con umbrales high=0.7, low=0.4
2025-01-02 23:08:16 - INFO - Señales guardadas en: ./results/signals.csv
2025-01-02 23:08:16 - INFO - === Proceso Completado con Éxito ===
