2024-12-31 17:24:53 - INFO - Datos cargados desde /Users/oscarr/Desarrollo/Python0/ApiBinance/ML/data/processed/BTCUSDT_15m_processed.csv, filas: 251797
2024-12-31 17:24:54 - INFO - Indicadores técnicos agregados al DataFrame.
2024-12-31 17:24:54 - INFO - feature_columns.pkl actualizado con nuevas características.
2024-12-31 17:24:57 - INFO - Target con look_ahead=10, lower=31, upper=69, min_change=0.006
2024-12-31 17:24:57 - INFO - Umbral inferior=-0.002569, superior=0.003008
2024-12-31 17:24:57 - INFO - Distribución de clases:
target
0    157665
2     48749
1     45324
Name: count, dtype: int64
2024-12-31 17:24:57 - INFO - División de datos en train y test completada.
2024-12-31 17:24:57 - INFO - === Buscando hiperparámetros (Optuna) en una muestra del training ===
2024-12-31 17:24:57 - INFO - Características cargadas desde: /Users/oscarr/Desarrollo/Python0/ApiBinance/ML/data/processed/feature_columns.pkl
2024-12-31 17:29:39 - INFO - Mejor valor de F1 macro: 0.30230151506740066
2024-12-31 17:29:39 - INFO - Mejores parámetros: {'max_depth': 9, 'learning_rate': 0.00745285554501165, 'n_estimators': 338, 'subsample': 0.510987711363186, 'colsample_bytree': 0.6070311999798648, 'gamma': 0.0009355278996856871, 'reg_alpha': 0.00043230383824305194, 'reg_lambda': 8.730939732942027e-05}
2024-12-31 17:29:39 - INFO - === Entrenando Pipeline Final con TODO el training ===
2024-12-31 17:31:10 - INFO - Pipeline final entrenado con todos los datos de entrenamiento.
2024-12-31 17:31:11 - INFO - Modelo guardado en: /Users/oscarr/Desarrollo/Python0/ApiBinance/results/XGBoost_trained_pipeline.joblib
2024-12-31 17:31:11 - INFO - Parámetros guardados en: /Users/oscarr/Desarrollo/Python0/ApiBinance/results/XGBoost_model_params.txt
2024-12-31 17:31:11 - INFO - Lista de features guardada en: /Users/oscarr/Desarrollo/Python0/ApiBinance/results/XGBoost_feature_cols.txt
2024-12-31 17:31:11 - INFO - === Preparando Test ===
2024-12-31 17:31:11 - ERROR - Error en la ejecución principal: 'RangeIndex' object has no attribute 'to_period'
