2025-01-10 00:00:14 - INFO - Datos cargados desde ML/data/processed/BTCUSDT_15m_processed.csv, filas: 254923
2025-01-10 00:00:14 - INFO - Columnas de indicadores existentes eliminadas: ['RSI', 'MACD', 'MACDs', 'MACDh', 'OBV', 'BBL', 'BBM', 'BBU', 'SMA_10', 'SMA_50', 'EMA_10', 'EMA_50']
2025-01-10 00:00:14 - INFO - Indicadores técnicos agregados. Filas antes: 254923, después: 254724 (descartadas: 199)
2025-01-10 00:00:14 - INFO - Columnas renombradas: {'RSI_14': 'RSI', 'MACD_12_26_9': 'MACD', 'MACDs_12_26_9': 'MACDs', 'MACDh_12_26_9': 'MACDh', 'VWAP': 'VWAP', 'BBL_20_2.0': 'BBL', 'BBM_20_2.0': 'BBM', 'BBU_20_2.0': 'BBU', 'ATR_14': 'ATR', 'STOCHk_14_3_3': 'STOCHk', 'STOCHd_14_3_3': 'STOCHd', 'CCI_14_0.015': 'CCI', 'SMA_10': 'SMA_10', 'SMA_50': 'SMA_50', 'SMA_200': 'SMA_200', 'EMA_10': 'EMA_10', 'EMA_50': 'EMA_50'}
2025-01-10 00:00:14 - WARNING - Columna faltante 'VWAP' añadida con NaN.
2025-01-10 00:00:14 - WARNING - Columna faltante 'ATR' añadida con NaN.
2025-01-10 00:00:15 - INFO - Target binario con look_ahead=4, min_change=0.03
2025-01-10 00:00:15 - INFO - Distribución de clases (0=Vender, 1=Comprar):
target
0.0    1594
1.0    1399
Name: count, dtype: int64
2025-01-10 00:00:15 - INFO - Muestra de datos con target:
                        close  future_close  change_pct  target
open_time                                                      
2018-04-05 03:15:00   6598.99       6823.00    0.033946     1.0
2017-12-10 21:00:00  15051.00      14343.37   -0.047015     0.0
2018-11-20 04:00:00   4967.81       4743.56   -0.045141     0.0
2018-02-06 17:30:00   6844.96       7156.75    0.045550     1.0
2021-03-13 09:30:00  57420.16      59393.60    0.034368     1.0
2017-09-05 08:00:00   4202.35       4065.77   -0.032501     0.0
2017-12-08 03:45:00  16398.85      15600.01   -0.048713     0.0
2021-06-22 11:30:00  31406.02      29486.72   -0.061112     0.0
2017-12-10 04:15:00  12536.00      13185.92    0.051844     1.0
2020-12-01 12:00:00  19329.41      18181.46   -0.059389     0.0
2025-01-10 00:00:15 - INFO - División de datos en Train/Test completada.
2025-01-10 00:00:15 - INFO - === Búsqueda de hiperparámetros (Optuna) en muestra de Training ===
2025-01-10 00:00:15 - INFO - No se han identificado características categóricas.
2025-01-10 00:00:15 - INFO - Columnas extra eliminadas: ['future_close', 'change_pct']
2025-01-10 00:00:15 - WARNING - Estas columnas están 100% NaN y se eliminarán antes de imputar: ['VWAP', 'ATR']
2025-01-10 00:00:15 - INFO - Dataset preparado: 778 filas, 21 features (después de imputación).
2025-01-10 00:00:15 - INFO - Balance de clases tras SMOTETomek:
target
0.0    317
1.0    317
Name: count, dtype: int64
2025-01-10 00:00:15 - INFO - Balance de clases tras SMOTETomek:
target
0.0    317
1.0    317
Name: count, dtype: int64
2025-01-10 00:00:15 - INFO - Balance de clases tras SMOTETomek:
target
0.0    318
1.0    318
Name: count, dtype: int64
2025-01-10 00:00:16 - INFO - Balance de clases tras SMOTETomek:
target
0.0    318
1.0    318
Name: count, dtype: int64
2025-01-10 00:00:16 - INFO - Balance de clases tras SMOTETomek:
target
0.0    317
1.0    317
Name: count, dtype: int64
2025-01-10 00:00:17 - INFO - Balance de clases tras SMOTETomek:
target
0.0    317
1.0    317
Name: count, dtype: int64
2025-01-10 00:00:17 - INFO - Balance de clases tras SMOTETomek:
target
0.0    317
1.0    317
Name: count, dtype: int64
2025-01-10 00:00:17 - INFO - Balance de clases tras SMOTETomek:
target
0.0    319
1.0    319
Name: count, dtype: int64
2025-01-10 00:00:18 - INFO - Balance de clases tras SMOTETomek:
target
0.0    317
1.0    317
Name: count, dtype: int64
2025-01-10 00:00:18 - INFO - Balance de clases tras SMOTETomek:
target
0.0    317
1.0    317
Name: count, dtype: int64
2025-01-10 00:00:18 - INFO - Balance de clases tras SMOTETomek:
target
0.0    319
1.0    319
Name: count, dtype: int64
2025-01-10 00:00:19 - INFO - Balance de clases tras SMOTETomek:
target
0.0    318
1.0    318
Name: count, dtype: int64
2025-01-10 00:00:19 - INFO - Balance de clases tras SMOTETomek:
target
0.0    317
1.0    317
Name: count, dtype: int64
2025-01-10 00:00:20 - INFO - Balance de clases tras SMOTETomek:
target
0.0    317
1.0    317
Name: count, dtype: int64
2025-01-10 00:00:20 - INFO - Balance de clases tras SMOTETomek:
target
0.0    318
1.0    318
Name: count, dtype: int64
2025-01-10 00:00:20 - INFO - Balance de clases tras SMOTETomek:
target
0.0    317
1.0    317
Name: count, dtype: int64
2025-01-10 00:00:21 - INFO - Balance de clases tras SMOTETomek:
target
0.0    317
1.0    317
Name: count, dtype: int64
2025-01-10 00:00:21 - INFO - Balance de clases tras SMOTETomek:
target
0.0    317
1.0    317
Name: count, dtype: int64
2025-01-10 00:00:21 - INFO - Balance de clases tras SMOTETomek:
target
0.0    319
1.0    319
Name: count, dtype: int64
2025-01-10 00:00:22 - INFO - Balance de clases tras SMOTETomek:
target
0.0    317
1.0    317
Name: count, dtype: int64
2025-01-10 00:00:22 - INFO - Balance de clases tras SMOTETomek:
target
0.0    319
1.0    319
Name: count, dtype: int64
2025-01-10 00:00:22 - INFO - Balance de clases tras SMOTETomek:
target
0.0    318
1.0    318
Name: count, dtype: int64
2025-01-10 00:00:22 - INFO - Balance de clases tras SMOTETomek:
target
0.0    317
1.0    317
Name: count, dtype: int64
2025-01-10 00:00:23 - INFO - Balance de clases tras SMOTETomek:
target
0.0    317
1.0    317
Name: count, dtype: int64
2025-01-10 00:00:23 - INFO - Balance de clases tras SMOTETomek:
target
0.0    317
1.0    317
Name: count, dtype: int64
2025-01-10 00:00:23 - INFO - Balance de clases tras SMOTETomek:
target
0.0    319
1.0    319
Name: count, dtype: int64
2025-01-10 00:00:23 - INFO - Balance de clases tras SMOTETomek:
target
0.0    318
1.0    318
Name: count, dtype: int64
2025-01-10 00:00:24 - INFO - Balance de clases tras SMOTETomek:
target
0.0    317
1.0    317
Name: count, dtype: int64
2025-01-10 00:00:24 - INFO - Balance de clases tras SMOTETomek:
target
0.0    318
1.0    318
Name: count, dtype: int64
2025-01-10 00:00:24 - INFO - Balance de clases tras SMOTETomek:
target
0.0    317
1.0    317
Name: count, dtype: int64
2025-01-10 00:00:25 - INFO - Balance de clases tras SMOTETomek:
target
0.0    317
1.0    317
Name: count, dtype: int64
2025-01-10 00:00:25 - INFO - Balance de clases tras SMOTETomek:
target
0.0    317
1.0    317
Name: count, dtype: int64
2025-01-10 00:00:25 - INFO - Balance de clases tras SMOTETomek:
target
0.0    317
1.0    317
Name: count, dtype: int64
2025-01-10 00:00:25 - INFO - Balance de clases tras SMOTETomek:
target
0.0    319
1.0    319
Name: count, dtype: int64
2025-01-10 00:00:26 - INFO - Balance de clases tras SMOTETomek:
target
0.0    319
1.0    319
Name: count, dtype: int64
2025-01-10 00:00:26 - INFO - Balance de clases tras SMOTETomek:
target
0.0    317
1.0    317
Name: count, dtype: int64
2025-01-10 00:00:26 - INFO - Balance de clases tras SMOTETomek:
target
0.0    317
1.0    317
Name: count, dtype: int64
2025-01-10 00:00:27 - INFO - Balance de clases tras SMOTETomek:
target
0.0    318
1.0    318
Name: count, dtype: int64
2025-01-10 00:00:27 - INFO - Balance de clases tras SMOTETomek:
target
0.0    318
1.0    318
Name: count, dtype: int64
2025-01-10 00:00:27 - INFO - Balance de clases tras SMOTETomek:
target
0.0    317
1.0    317
Name: count, dtype: int64
2025-01-10 00:00:28 - INFO - Balance de clases tras SMOTETomek:
target
0.0    317
1.0    317
Name: count, dtype: int64
2025-01-10 00:00:28 - INFO - Balance de clases tras SMOTETomek:
target
0.0    317
1.0    317
Name: count, dtype: int64
2025-01-10 00:00:29 - INFO - Balance de clases tras SMOTETomek:
target
0.0    317
1.0    317
Name: count, dtype: int64
2025-01-10 00:00:29 - INFO - Balance de clases tras SMOTETomek:
target
0.0    319
1.0    319
Name: count, dtype: int64
2025-01-10 00:00:29 - INFO - Balance de clases tras SMOTETomek:
target
0.0    317
1.0    317
Name: count, dtype: int64
2025-01-10 00:00:29 - INFO - Balance de clases tras SMOTETomek:
target
0.0    319
1.0    319
Name: count, dtype: int64
2025-01-10 00:00:30 - INFO - Balance de clases tras SMOTETomek:
target
0.0    318
1.0    318
Name: count, dtype: int64
2025-01-10 00:00:30 - INFO - Balance de clases tras SMOTETomek:
target
0.0    317
1.0    317
Name: count, dtype: int64
2025-01-10 00:00:31 - INFO - Balance de clases tras SMOTETomek:
target
0.0    318
1.0    318
Name: count, dtype: int64
2025-01-10 00:00:31 - INFO - Balance de clases tras SMOTETomek:
target
0.0    317
1.0    317
Name: count, dtype: int64
2025-01-10 00:00:32 - INFO - Balance de clases tras SMOTETomek:
target
0.0    317
1.0    317
Name: count, dtype: int64
2025-01-10 00:00:32 - INFO - Balance de clases tras SMOTETomek:
target
0.0    317
1.0    317
Name: count, dtype: int64
2025-01-10 00:00:32 - INFO - Balance de clases tras SMOTETomek:
target
0.0    317
1.0    317
Name: count, dtype: int64
2025-01-10 00:00:33 - INFO - Balance de clases tras SMOTETomek:
target
0.0    319
1.0    319
Name: count, dtype: int64
2025-01-10 00:00:33 - INFO - Balance de clases tras SMOTETomek:
target
0.0    319
1.0    319
Name: count, dtype: int64
2025-01-10 00:00:34 - INFO - Balance de clases tras SMOTETomek:
target
0.0    317
1.0    317
Name: count, dtype: int64
2025-01-10 00:00:34 - INFO - Balance de clases tras SMOTETomek:
target
0.0    317
1.0    317
Name: count, dtype: int64
2025-01-10 00:00:34 - INFO - Balance de clases tras SMOTETomek:
target
0.0    318
1.0    318
Name: count, dtype: int64
2025-01-10 00:00:35 - INFO - Balance de clases tras SMOTETomek:
target
0.0    318
1.0    318
Name: count, dtype: int64
2025-01-10 00:00:35 - INFO - Balance de clases tras SMOTETomek:
target
0.0    317
1.0    317
Name: count, dtype: int64
2025-01-10 00:00:36 - INFO - Balance de clases tras SMOTETomek:
target
0.0    317
1.0    317
Name: count, dtype: int64
2025-01-10 00:00:36 - INFO - Balance de clases tras SMOTETomek:
target
0.0    317
1.0    317
Name: count, dtype: int64
2025-01-10 00:00:36 - INFO - Balance de clases tras SMOTETomek:
target
0.0    319
1.0    319
Name: count, dtype: int64
2025-01-10 00:00:37 - INFO - Balance de clases tras SMOTETomek:
target
0.0    317
1.0    317
Name: count, dtype: int64
2025-01-10 00:00:37 - INFO - Balance de clases tras SMOTETomek:
target
0.0    317
1.0    317
Name: count, dtype: int64
2025-01-10 00:00:38 - INFO - Balance de clases tras SMOTETomek:
target
0.0    318
1.0    318
Name: count, dtype: int64
2025-01-10 00:00:38 - INFO - Balance de clases tras SMOTETomek:
target
0.0    319
1.0    319
Name: count, dtype: int64
2025-01-10 00:00:39 - INFO - Balance de clases tras SMOTETomek:
target
0.0    317
1.0    317
Name: count, dtype: int64
2025-01-10 00:00:39 - INFO - Balance de clases tras SMOTETomek:
target
0.0    317
1.0    317
Name: count, dtype: int64
2025-01-10 00:00:40 - INFO - Balance de clases tras SMOTETomek:
target
0.0    317
1.0    317
Name: count, dtype: int64
2025-01-10 00:00:40 - INFO - Balance de clases tras SMOTETomek:
target
0.0    318
1.0    318
Name: count, dtype: int64
2025-01-10 00:00:41 - INFO - Balance de clases tras SMOTETomek:
target
0.0    319
1.0    319
Name: count, dtype: int64
2025-01-10 00:00:41 - INFO - Balance de clases tras SMOTETomek:
target
0.0    317
1.0    317
Name: count, dtype: int64
2025-01-10 00:00:42 - INFO - Balance de clases tras SMOTETomek:
target
0.0    317
1.0    317
Name: count, dtype: int64
2025-01-10 00:00:42 - INFO - Balance de clases tras SMOTETomek:
target
0.0    319
1.0    319
Name: count, dtype: int64
2025-01-10 00:00:43 - INFO - Mejor Precision: 0.7623
2025-01-10 00:00:43 - INFO - Mejores parámetros: {'max_depth': 9, 'learning_rate': 0.033077689311092895, 'n_estimators': 447, 'subsample': 0.8772459542096493, 'colsample_bytree': 0.9971229236055853, 'gamma': 0.29545941156133404, 'reg_alpha': 0.3319469328668974, 'reg_lambda': 0.3648678752697718}
2025-01-10 00:00:43 - INFO - === Entrenando Pipeline Final con TODO el Training ===
2025-01-10 00:00:43 - INFO - Columnas extra eliminadas: ['future_close', 'change_pct']
2025-01-10 00:00:43 - WARNING - Estas columnas están 100% NaN y se eliminarán antes de imputar: ['VWAP', 'ATR']
2025-01-10 00:00:43 - INFO - Dataset preparado: 1945 filas, 21 features (después de imputación).
2025-01-10 00:00:43 - INFO - Balance de clases tras SMOTETomek:
target
0.0    1003
1.0    1003
Name: count, dtype: int64
2025-01-10 00:00:45 - INFO - Pipeline final entrenado con TODOS los datos de entrenamiento.
2025-01-10 00:00:45 - INFO - Pipeline completo guardado en: ./results/XGBoost_Binario_trained_pipeline.joblib
2025-01-10 00:00:45 - INFO - Parámetros guardados en: ./results/XGBoost_Binario_model_params.txt
2025-01-10 00:00:45 - INFO - Lista de features guardada en: ./results/XGBoost_Binario_feature_cols.txt
2025-01-10 00:00:45 - INFO - Columnas de indicadores existentes eliminadas: ['RSI', 'MACD', 'MACDs', 'MACDh', 'VWAP', 'OBV', 'BBL', 'BBM', 'BBU', 'ATR', 'STOCHk', 'STOCHd', 'CCI', 'SMA_10', 'SMA_50', 'SMA_200', 'EMA_10', 'EMA_50']
2025-01-10 00:00:45 - INFO - Indicadores técnicos agregados. Filas antes: 1048, después: 849 (descartadas: 199)
2025-01-10 00:00:45 - INFO - Columnas renombradas: {'RSI_14': 'RSI', 'MACD_12_26_9': 'MACD', 'MACDs_12_26_9': 'MACDs', 'MACDh_12_26_9': 'MACDh', 'VWAP': 'VWAP', 'BBL_20_2.0': 'BBL', 'BBM_20_2.0': 'BBM', 'BBU_20_2.0': 'BBU', 'ATR_14': 'ATR', 'STOCHk_14_3_3': 'STOCHk', 'STOCHd_14_3_3': 'STOCHd', 'CCI_14_0.015': 'CCI', 'SMA_10': 'SMA_10', 'SMA_50': 'SMA_50', 'SMA_200': 'SMA_200', 'EMA_10': 'EMA_10', 'EMA_50': 'EMA_50'}
2025-01-10 00:00:45 - WARNING - Columna faltante 'VWAP' añadida con NaN.
2025-01-10 00:00:45 - WARNING - Columna faltante 'ATR' añadida con NaN.
2025-01-10 00:00:45 - INFO - Target binario con look_ahead=4, min_change=0.03
2025-01-10 00:00:45 - INFO - Distribución de clases (0=Vender, 1=Comprar):
target
1.0    315
0.0    314
Name: count, dtype: int64
2025-01-10 00:00:45 - INFO - Muestra de datos con target:
                        close  future_close  change_pct  target
open_time                                                      
2021-02-24 01:00:00  48723.21      46048.53   -0.054895     0.0
2021-09-13 12:30:00  44703.93      47195.00    0.055724     1.0
2021-11-26 07:45:00  56957.86      52306.87   -0.081657     0.0
2022-11-09 14:45:00  17649.62      16736.18   -0.051754     0.0
2021-06-13 19:30:00  37526.95      39487.82    0.052252     1.0
2023-04-26 19:00:00  29600.94      28290.00   -0.044287     0.0
2024-04-13 19:45:00  64788.01      62076.00   -0.041860     0.0
2021-10-27 07:00:00  60727.57      66473.70    0.094621     1.0
2021-05-19 00:15:00  43206.51      40959.96   -0.051996     0.0
2022-08-19 06:00:00  22786.98      19780.25   -0.131949     0.0
2025-01-10 00:00:45 - INFO - Columnas extra eliminadas: ['change_pct', 'future_close']
2025-01-10 00:00:45 - WARNING - Estas columnas están 100% NaN y se eliminarán antes de imputar: ['VWAP', 'ATR']
2025-01-10 00:00:45 - INFO - Dataset preparado: 629 filas, 21 features (después de imputación).
2025-01-10 00:00:45 - INFO - === Evaluación en Test ===
2025-01-10 00:00:45 - INFO - Matriz de confusión [0=Vender, 1=Comprar]:
[[191 123]
 [180 135]]
2025-01-10 00:00:45 - INFO - Reporte de Clasificación:
              precision    recall  f1-score   support

      Vender       0.51      0.61      0.56       314
     Comprar       0.52      0.43      0.47       315

    accuracy                           0.52       629
   macro avg       0.52      0.52      0.51       629
weighted avg       0.52      0.52      0.51       629

2025-01-10 00:00:45 - INFO - Precision: 0.5233
2025-01-10 00:00:45 - INFO - F1-score: 0.4712
2025-01-10 00:00:45 - INFO - Recall: 0.4286
2025-01-10 00:00:45 - INFO - Balanced Accuracy: 0.5184
2025-01-10 00:00:45 - INFO - MCC: 0.0375
2025-01-10 00:00:45 - INFO - AUC: 0.4742
2025-01-10 00:00:46 - INFO - Precision final en Test: 0.5233
2025-01-10 00:00:46 - INFO - Importancia de características guardada en ./results/feature_importances_binary.csv.
2025-01-10 00:00:46 - INFO - Gráfico de importancia de características guardado.
2025-01-10 00:00:47 - INFO - Calculando valores SHAP...
2025-01-10 00:00:49 - INFO - SHAP analysis completado y guardado.
2025-01-10 00:00:49 - INFO - Señales generadas con umbral=0.75
2025-01-10 00:00:49 - INFO - Señales filtradas por tendencia.
2025-01-10 00:00:49 - INFO - Señales guardadas en: ./results/signals_binary.csv
2025-01-10 00:00:49 - INFO - === Proceso Completado con Éxito ===
