2025-01-21 19:04:55 - INFO - Datos cargados desde ML/data/processed/BTCUSDT_15m_processed.csv, filas: 257756
2025-01-21 19:04:55 - INFO - Columnas de indicadores existentes eliminadas: ['RSI', 'MACD', 'MACDs', 'MACDh', 'OBV', 'BBL', 'BBM', 'BBU', 'SMA_10', 'SMA_50', 'EMA_10', 'EMA_50']
2025-01-21 19:04:55 - INFO - Indicadores técnicos agregados. Filas antes: 257756, después: 257557 (descartadas: 199)
2025-01-21 19:04:55 - INFO - Columnas renombradas: {'RSI_14': 'RSI', 'MACD_12_26_9': 'MACD', 'MACDs_12_26_9': 'MACDs', 'MACDh_12_26_9': 'MACDh', 'BBL_20_2.0': 'BBL', 'BBM_20_2.0': 'BBM', 'BBU_20_2.0': 'BBU', 'STOCHk_14_3_3': 'STOCHk', 'STOCHd_14_3_3': 'STOCHd', 'CCI_14_0.015': 'CCI', 'SMA_10': 'SMA_10', 'SMA_50': 'SMA_50', 'SMA_200': 'SMA_200', 'EMA_10': 'EMA_10', 'EMA_50': 'EMA_50'}
2025-01-21 19:04:55 - INFO - Target binario con look_ahead=3, min_change=0.031
2025-01-21 19:04:55 - INFO - Distribución de clases (0=Vender, 1=Comprar):
target
0.0    986
1.0    871
Name: count, dtype: int64
2025-01-21 19:04:55 - INFO - Muestra de datos con target:
                        close  future_close  change_pct  target
open_time                                                      
2019-11-27 11:15:00   6961.78       7272.41    0.044619     1.0
2021-03-16 00:00:00  55954.24      54088.76   -0.033339     0.0
2019-07-08 08:30:00  11409.66      11782.00    0.032634     1.0
2019-07-16 15:30:00  10513.28       9986.59   -0.050098     0.0
2018-10-11 00:30:00   6572.99       6331.14   -0.036795     0.0
2018-09-05 09:15:00   7385.76       7150.03   -0.031917     0.0
2018-04-09 09:45:00   7076.00       6816.21   -0.036714     0.0
2017-12-19 23:45:00  17295.20      15725.58   -0.090755     0.0
2018-01-18 00:15:00  10688.34      11276.58    0.055036     1.0
2018-02-07 01:45:00   7578.41       7320.00   -0.034098     0.0
2025-01-21 19:04:55 - INFO - División de datos en Train/Test completada.
2025-01-21 19:04:55 - INFO - === Búsqueda de hiperparámetros (Optuna) en muestra de Training ===
2025-01-21 19:04:55 - INFO - No se han identificado características categóricas.
2025-01-21 19:04:55 - INFO - Columnas extra eliminadas: ['future_close', 'change_pct']
2025-01-21 19:04:55 - INFO - Dataset preparado: 1146 filas, 21 features (después de imputación).
2025-01-21 19:04:55 - INFO - Iniciando optimización en Optuna (precisión clase=1)...
2025-01-21 19:04:55 - INFO - Balance de clases tras SMOTETomek:
target
1.0    448
0.0    448
Name: count, dtype: int64
2025-01-21 19:04:55 - INFO - Balance de clases tras SMOTETomek:
target
1.0    448
0.0    448
Name: count, dtype: int64
2025-01-21 19:04:56 - INFO - Balance de clases tras SMOTETomek:
target
1.0    444
0.0    444
Name: count, dtype: int64
2025-01-21 19:04:56 - INFO - Balance de clases tras SMOTETomek:
target
1.0    449
0.0    449
Name: count, dtype: int64
2025-01-21 19:04:56 - INFO - Balance de clases tras SMOTETomek:
target
1.0    449
0.0    449
Name: count, dtype: int64
2025-01-21 19:04:56 - INFO - Balance de clases tras SMOTETomek:
target
1.0    444
0.0    444
Name: count, dtype: int64
2025-01-21 19:04:57 - INFO - Balance de clases tras SMOTETomek:
target
1.0    455
0.0    455
Name: count, dtype: int64
2025-01-21 19:04:57 - INFO - Balance de clases tras SMOTETomek:
target
1.0    448
0.0    448
Name: count, dtype: int64
2025-01-21 19:04:57 - INFO - Balance de clases tras SMOTETomek:
target
1.0    444
0.0    444
Name: count, dtype: int64
2025-01-21 19:04:57 - INFO - Balance de clases tras SMOTETomek:
target
1.0    449
0.0    449
Name: count, dtype: int64
2025-01-21 19:04:57 - INFO - Balance de clases tras SMOTETomek:
target
1.0    449
0.0    449
Name: count, dtype: int64
2025-01-21 19:04:58 - INFO - Balance de clases tras SMOTETomek:
target
1.0    449
0.0    449
Name: count, dtype: int64
2025-01-21 19:04:58 - INFO - Balance de clases tras SMOTETomek:
target
1.0    455
0.0    455
Name: count, dtype: int64
2025-01-21 19:04:58 - INFO - Balance de clases tras SMOTETomek:
target
1.0    448
0.0    448
Name: count, dtype: int64
2025-01-21 19:04:58 - INFO - Balance de clases tras SMOTETomek:
target
1.0    449
0.0    449
Name: count, dtype: int64
2025-01-21 19:04:58 - INFO - Balance de clases tras SMOTETomek:
target
1.0    444
0.0    444
Name: count, dtype: int64
2025-01-21 19:04:59 - INFO - Balance de clases tras SMOTETomek:
target
1.0    449
0.0    449
Name: count, dtype: int64
2025-01-21 19:04:59 - INFO - Balance de clases tras SMOTETomek:
target
1.0    449
0.0    449
Name: count, dtype: int64
2025-01-21 19:04:59 - INFO - Balance de clases tras SMOTETomek:
target
1.0    455
0.0    455
Name: count, dtype: int64
2025-01-21 19:04:59 - INFO - Balance de clases tras SMOTETomek:
target
1.0    455
0.0    455
Name: count, dtype: int64
2025-01-21 19:05:00 - INFO - Balance de clases tras SMOTETomek:
target
1.0    448
0.0    448
Name: count, dtype: int64
2025-01-21 19:05:00 - INFO - Balance de clases tras SMOTETomek:
target
1.0    448
0.0    448
Name: count, dtype: int64
2025-01-21 19:05:01 - INFO - Balance de clases tras SMOTETomek:
target
1.0    444
0.0    444
Name: count, dtype: int64
2025-01-21 19:05:01 - INFO - Balance de clases tras SMOTETomek:
target
1.0    444
0.0    444
Name: count, dtype: int64
2025-01-21 19:05:02 - INFO - Balance de clases tras SMOTETomek:
target
1.0    449
0.0    449
Name: count, dtype: int64
2025-01-21 19:05:03 - INFO - Balance de clases tras SMOTETomek:
target
1.0    449
0.0    449
Name: count, dtype: int64
2025-01-21 19:05:03 - INFO - Balance de clases tras SMOTETomek:
target
1.0    449
0.0    449
Name: count, dtype: int64
2025-01-21 19:05:03 - INFO - Balance de clases tras SMOTETomek:
target
1.0    455
0.0    455
Name: count, dtype: int64
2025-01-21 19:05:04 - INFO - Balance de clases tras SMOTETomek:
target
1.0    448
0.0    448
Name: count, dtype: int64
2025-01-21 19:05:04 - INFO - Balance de clases tras SMOTETomek:
target
1.0    449
0.0    449
Name: count, dtype: int64
2025-01-21 19:05:05 - INFO - Balance de clases tras SMOTETomek:
target
1.0    444
0.0    444
Name: count, dtype: int64
2025-01-21 19:05:06 - INFO - Balance de clases tras SMOTETomek:
target
1.0    455
0.0    455
Name: count, dtype: int64
2025-01-21 19:05:07 - INFO - Balance de clases tras SMOTETomek:
target
1.0    449
0.0    449
Name: count, dtype: int64
2025-01-21 19:05:07 - INFO - Balance de clases tras SMOTETomek:
target
1.0    448
0.0    448
Name: count, dtype: int64
2025-01-21 19:05:08 - INFO - Balance de clases tras SMOTETomek:
target
1.0    449
0.0    449
Name: count, dtype: int64
2025-01-21 19:05:08 - INFO - Balance de clases tras SMOTETomek:
target
1.0    444
0.0    444
Name: count, dtype: int64
2025-01-21 19:05:09 - INFO - Balance de clases tras SMOTETomek:
target
1.0    455
0.0    455
Name: count, dtype: int64
2025-01-21 19:05:09 - INFO - Balance de clases tras SMOTETomek:
target
1.0    449
0.0    449
Name: count, dtype: int64
2025-01-21 19:05:10 - INFO - Balance de clases tras SMOTETomek:
target
1.0    449
0.0    449
Name: count, dtype: int64
2025-01-21 19:05:10 - INFO - Balance de clases tras SMOTETomek:
target
1.0    448
0.0    448
Name: count, dtype: int64
2025-01-21 19:05:11 - INFO - Balance de clases tras SMOTETomek:
target
1.0    455
0.0    455
Name: count, dtype: int64
2025-01-21 19:05:11 - INFO - Balance de clases tras SMOTETomek:
target
1.0    444
0.0    444
Name: count, dtype: int64
2025-01-21 19:05:12 - INFO - Balance de clases tras SMOTETomek:
target
1.0    448
0.0    448
Name: count, dtype: int64
2025-01-21 19:05:12 - INFO - Balance de clases tras SMOTETomek:
target
1.0    444
0.0    444
Name: count, dtype: int64
2025-01-21 19:05:12 - INFO - Balance de clases tras SMOTETomek:
target
1.0    449
0.0    449
Name: count, dtype: int64
2025-01-21 19:05:12 - INFO - Balance de clases tras SMOTETomek:
target
1.0    449
0.0    449
Name: count, dtype: int64
2025-01-21 19:05:13 - INFO - Balance de clases tras SMOTETomek:
target
1.0    449
0.0    449
Name: count, dtype: int64
2025-01-21 19:05:13 - INFO - Balance de clases tras SMOTETomek:
target
1.0    455
0.0    455
Name: count, dtype: int64
2025-01-21 19:05:13 - INFO - Balance de clases tras SMOTETomek:
target
1.0    448
0.0    448
Name: count, dtype: int64
2025-01-21 19:05:14 - INFO - Balance de clases tras SMOTETomek:
target
1.0    444
0.0    444
Name: count, dtype: int64
2025-01-21 19:05:14 - INFO - Balance de clases tras SMOTETomek:
target
1.0    449
0.0    449
Name: count, dtype: int64
2025-01-21 19:05:14 - INFO - Balance de clases tras SMOTETomek:
target
1.0    449
0.0    449
Name: count, dtype: int64
2025-01-21 19:05:15 - INFO - Balance de clases tras SMOTETomek:
target
1.0    449
0.0    449
Name: count, dtype: int64
2025-01-21 19:05:15 - INFO - Balance de clases tras SMOTETomek:
target
1.0    455
0.0    455
Name: count, dtype: int64
2025-01-21 19:05:15 - INFO - Balance de clases tras SMOTETomek:
target
1.0    455
0.0    455
Name: count, dtype: int64
2025-01-21 19:05:16 - INFO - Balance de clases tras SMOTETomek:
target
1.0    448
0.0    448
Name: count, dtype: int64
2025-01-21 19:05:16 - INFO - Balance de clases tras SMOTETomek:
target
1.0    444
0.0    444
Name: count, dtype: int64
2025-01-21 19:05:16 - INFO - Balance de clases tras SMOTETomek:
target
1.0    448
0.0    448
Name: count, dtype: int64
2025-01-21 19:05:17 - INFO - Balance de clases tras SMOTETomek:
target
1.0    449
0.0    449
Name: count, dtype: int64
2025-01-21 19:05:17 - INFO - Balance de clases tras SMOTETomek:
target
1.0    444
0.0    444
Name: count, dtype: int64
2025-01-21 19:05:17 - INFO - Balance de clases tras SMOTETomek:
target
1.0    449
0.0    449
Name: count, dtype: int64
2025-01-21 19:05:17 - INFO - Balance de clases tras SMOTETomek:
target
1.0    455
0.0    455
Name: count, dtype: int64
2025-01-21 19:05:18 - INFO - Balance de clases tras SMOTETomek:
target
1.0    449
0.0    449
Name: count, dtype: int64
2025-01-21 19:05:18 - INFO - Balance de clases tras SMOTETomek:
target
1.0    448
0.0    448
Name: count, dtype: int64
2025-01-21 19:05:18 - INFO - Balance de clases tras SMOTETomek:
target
1.0    449
0.0    449
Name: count, dtype: int64
2025-01-21 19:05:19 - INFO - Balance de clases tras SMOTETomek:
target
1.0    444
0.0    444
Name: count, dtype: int64
2025-01-21 19:05:19 - INFO - Balance de clases tras SMOTETomek:
target
1.0    455
0.0    455
Name: count, dtype: int64
2025-01-21 19:05:20 - INFO - Balance de clases tras SMOTETomek:
target
1.0    448
0.0    448
Name: count, dtype: int64
2025-01-21 19:05:20 - INFO - Balance de clases tras SMOTETomek:
target
1.0    449
0.0    449
Name: count, dtype: int64
2025-01-21 19:05:20 - INFO - Balance de clases tras SMOTETomek:
target
1.0    449
0.0    449
Name: count, dtype: int64
2025-01-21 19:05:21 - INFO - Balance de clases tras SMOTETomek:
target
1.0    444
0.0    444
Name: count, dtype: int64
2025-01-21 19:05:21 - INFO - Balance de clases tras SMOTETomek:
target
1.0    455
0.0    455
Name: count, dtype: int64
2025-01-21 19:05:22 - INFO - Balance de clases tras SMOTETomek:
target
1.0    449
0.0    449
Name: count, dtype: int64
2025-01-21 19:05:22 - INFO - Balance de clases tras SMOTETomek:
target
1.0    448
0.0    448
Name: count, dtype: int64
2025-01-21 19:05:23 - INFO - Balance de clases tras SMOTETomek:
target
1.0    449
0.0    449
Name: count, dtype: int64
2025-01-21 19:05:23 - INFO - Balance de clases tras SMOTETomek:
target
1.0    444
0.0    444
Name: count, dtype: int64
2025-01-21 19:05:24 - INFO - Balance de clases tras SMOTETomek:
target
1.0    455
0.0    455
Name: count, dtype: int64
2025-01-21 19:05:25 - INFO - Balance de clases tras SMOTETomek:
target
1.0    448
0.0    448
Name: count, dtype: int64
2025-01-21 19:05:25 - INFO - Balance de clases tras SMOTETomek:
target
1.0    449
0.0    449
Name: count, dtype: int64
2025-01-21 19:05:26 - INFO - Balance de clases tras SMOTETomek:
target
1.0    449
0.0    449
Name: count, dtype: int64
2025-01-21 19:05:26 - INFO - Balance de clases tras SMOTETomek:
target
1.0    444
0.0    444
Name: count, dtype: int64
2025-01-21 19:05:27 - INFO - Balance de clases tras SMOTETomek:
target
1.0    455
0.0    455
Name: count, dtype: int64
2025-01-21 19:05:27 - INFO - Balance de clases tras SMOTETomek:
target
1.0    449
0.0    449
Name: count, dtype: int64
2025-01-21 19:05:28 - INFO - Balance de clases tras SMOTETomek:
target
1.0    448
0.0    448
Name: count, dtype: int64
2025-01-21 19:05:29 - INFO - Balance de clases tras SMOTETomek:
target
1.0    449
0.0    449
Name: count, dtype: int64
2025-01-21 19:05:30 - INFO - Balance de clases tras SMOTETomek:
target
1.0    455
0.0    455
Name: count, dtype: int64
2025-01-21 19:05:30 - INFO - Balance de clases tras SMOTETomek:
target
1.0    444
0.0    444
Name: count, dtype: int64
2025-01-21 19:05:32 - INFO - Balance de clases tras SMOTETomek:
target
1.0    449
0.0    449
Name: count, dtype: int64
2025-01-21 19:05:33 - INFO - Balance de clases tras SMOTETomek:
target
1.0    449
0.0    449
Name: count, dtype: int64
2025-01-21 19:05:34 - INFO - Balance de clases tras SMOTETomek:
target
1.0    455
0.0    455
Name: count, dtype: int64
2025-01-21 19:05:36 - INFO - Mejor Precisión (clase=1): 0.7422
2025-01-21 19:05:36 - INFO - Mejores parámetros: {'max_depth': 10, 'learning_rate': 0.05396165841827876, 'n_estimators': 364, 'subsample': 0.8700877637286537, 'colsample_bytree': 0.7766707165174026, 'gamma': 0.013431325124888066, 'reg_alpha': 0.2481721495402755, 'reg_lambda': 0.20065439585276956}
2025-01-21 19:05:36 - INFO - === Entrenando Pipeline Final con TODO el Training ===
2025-01-21 19:05:36 - INFO - Columnas extra eliminadas: ['future_close', 'change_pct']
2025-01-21 19:05:36 - INFO - Dataset preparado: 1207 filas, 21 features (después de imputación).
2025-01-21 19:05:36 - INFO - Balance de clases tras SMOTETomek:
target
1.0    612
0.0    612
Name: count, dtype: int64
2025-01-21 19:05:37 - INFO - Pipeline final entrenado con scale_pos_weight=1.00
2025-01-21 19:05:37 - INFO - Pipeline completo guardado en: ./results/XGBoost_Binario_trained_pipeline.joblib
2025-01-21 19:05:37 - INFO - Parámetros guardados en: ./results/XGBoost_Binario_model_params.txt
2025-01-21 19:05:37 - INFO - Lista de features guardada en: ./results/XGBoost_Binario_feature_cols.txt
2025-01-21 19:05:37 - INFO - Columnas de indicadores existentes eliminadas: ['RSI', 'MACD', 'MACDs', 'MACDh', 'OBV', 'BBL', 'BBM', 'BBU', 'STOCHk', 'STOCHd', 'CCI', 'SMA_10', 'SMA_50', 'SMA_200', 'EMA_10', 'EMA_50']
2025-01-21 19:05:38 - INFO - Indicadores técnicos agregados. Filas antes: 650, después: 451 (descartadas: 199)
2025-01-21 19:05:38 - INFO - Columnas renombradas: {'RSI_14': 'RSI', 'MACD_12_26_9': 'MACD', 'MACDs_12_26_9': 'MACDs', 'MACDh_12_26_9': 'MACDh', 'BBL_20_2.0': 'BBL', 'BBM_20_2.0': 'BBM', 'BBU_20_2.0': 'BBU', 'STOCHk_14_3_3': 'STOCHk', 'STOCHd_14_3_3': 'STOCHd', 'CCI_14_0.015': 'CCI', 'SMA_10': 'SMA_10', 'SMA_50': 'SMA_50', 'SMA_200': 'SMA_200', 'EMA_10': 'EMA_10', 'EMA_50': 'EMA_50'}
2025-01-21 19:05:38 - INFO - Target binario con look_ahead=3, min_change=0.031
2025-01-21 19:05:38 - INFO - Distribución de clases (0=Vender, 1=Comprar):
target
0.0    169
1.0    168
Name: count, dtype: int64
2025-01-21 19:05:38 - INFO - Muestra de datos con target:
                        close  future_close  change_pct  target
open_time                                                      
2021-10-15 02:00:00  57126.92      60567.61    0.060229     1.0
2023-03-14 18:30:00  25412.58      27358.05    0.076555     1.0
2022-07-13 11:45:00  19843.89      23182.37    0.168237     1.0
2021-02-22 13:30:00  53200.00      51506.98   -0.031824     0.0
2023-03-03 00:45:00  23418.50      22479.64   -0.040091     0.0
2021-05-16 20:00:00  45656.08      42857.10   -0.061306     0.0
2021-05-19 17:45:00  39370.61      37661.04   -0.043422     0.0
2021-05-20 03:30:00  37979.70      41724.15    0.098591     1.0
2021-04-25 23:45:00  49066.77      54533.16    0.111407     1.0
2021-09-13 12:45:00  44629.42      46140.01    0.033847     1.0
2025-01-21 19:05:38 - INFO - Columnas extra eliminadas: ['change_pct', 'future_close']
2025-01-21 19:05:38 - INFO - Dataset preparado: 337 filas, 21 features (después de imputación).
2025-01-21 19:05:38 - INFO - === Evaluación en Test ===
2025-01-21 19:05:38 - INFO - Matriz de confusión [0=Vender, 1=Comprar]:
[[121  48]
 [106  62]]
2025-01-21 19:05:38 - INFO - Reporte de Clasificación:
              precision    recall  f1-score   support

      Vender       0.53      0.72      0.61       169
     Comprar       0.56      0.37      0.45       168

    accuracy                           0.54       337
   macro avg       0.55      0.54      0.53       337
weighted avg       0.55      0.54      0.53       337

2025-01-21 19:05:38 - INFO - Precision (clase=1): 0.5636
2025-01-21 19:05:38 - INFO - F1 (clase=1): 0.4460
2025-01-21 19:05:38 - INFO - Recall (clase=1): 0.3690
2025-01-21 19:05:38 - INFO - Balanced Accuracy: 0.5425
2025-01-21 19:05:38 - INFO - MCC: 0.0907
2025-01-21 19:05:38 - INFO - AUC: 0.5332
2025-01-21 19:05:39 - INFO - Precisión final en Test (clase=1): 0.5636
2025-01-21 19:05:39 - INFO - Importancia de características guardada en ./results/feature_importances_binary.csv.
2025-01-21 19:05:39 - INFO - Gráfico de importancia de características guardado.
2025-01-21 19:05:40 - INFO - Calculando valores SHAP...
2025-01-21 19:05:42 - INFO - SHAP analysis completado y guardado.
2025-01-21 19:05:42 - INFO - Señales generadas con umbral=0.61
2025-01-21 19:05:42 - INFO - Señales filtradas por tendencia.
2025-01-21 19:05:42 - INFO - Señales guardadas en: ./results/signals_binary.csv
2025-01-21 19:05:42 - INFO - === Proceso Completado con Éxito ===
