2024-12-28 00:15:04 - INFO - Datos cargados desde /Users/oscarr/Desarrollo/Python0/ApiBinance/ML/data/processed/BTCUSDT_15m_processed.csv, filas: 245845
2024-12-28 00:15:07 - INFO - Target con look_ahead=4, lower=22, upper=78, min_change=0.008
2024-12-28 00:15:07 - INFO - Umbral inferior=-0.003042, superior=0.003267
2024-12-28 00:15:07 - INFO - Distribución de clases:
target
0    206418
2     20047
1     19376
Name: count, dtype: int64
2024-12-28 00:15:08 - INFO - Eliminados 199 registros con NaNs.
2024-12-28 00:15:08 - INFO - División de datos en train y test completada.
2024-12-28 00:15:08 - INFO - === Buscando hiperparámetros (Optuna) en una muestra del training ===
2024-12-28 00:15:10 - INFO - Target con look_ahead=4, lower=22, upper=78, min_change=0.008
2024-12-28 00:15:10 - INFO - Umbral inferior=-0.640354, superior=1.790106
2024-12-28 00:15:10 - INFO - Distribución de clases:
target
0    27233
1    10700
2    10700
Name: count, dtype: int64
2024-12-28 00:15:10 - INFO - Target con look_ahead=4, lower=22, upper=78, min_change=0.008
2024-12-28 00:15:10 - INFO - Umbral inferior=-0.640354, superior=1.790106
2024-12-28 00:15:10 - INFO - Distribución de clases:
target
0    27233
1    10700
2    10700
Name: count, dtype: int64
2024-12-28 00:15:10 - INFO - Eliminados 199 registros con NaNs.
2024-12-28 00:15:10 - INFO - Eliminados 199 registros con NaNs.
2024-12-28 00:15:10 - INFO - Columnas a eliminar por correlación > 0.86: ['RSI_14', 'CCI_14', 'price_momentum_volatility', 'EMA_diff_5_20', 'SMA_65', 'STDDEV_65', 'min_65', 'max_65']
2024-12-28 00:15:10 - INFO - Eliminando columnas durante transform: ['RSI_14', 'CCI_14', 'price_momentum_volatility', 'EMA_diff_5_20', 'SMA_65', 'STDDEV_65', 'min_65', 'max_65']
2024-12-28 00:15:10 - INFO - Columnas a eliminar por correlación > 0.86: ['RSI_14', 'CCI_14', 'price_momentum_volatility', 'EMA_diff_5_20', 'SMA_65', 'STDDEV_65', 'min_65', 'max_65']
2024-12-28 00:15:10 - INFO - Eliminando columnas durante transform: ['RSI_14', 'CCI_14', 'price_momentum_volatility', 'EMA_diff_5_20', 'SMA_65', 'STDDEV_65', 'min_65', 'max_65']
2024-12-28 00:15:23 - INFO - Eliminando columnas durante transform: ['RSI_14', 'CCI_14', 'price_momentum_volatility', 'EMA_diff_5_20', 'SMA_65', 'STDDEV_65', 'min_65', 'max_65']
2024-12-28 00:15:24 - INFO - Columnas a eliminar por correlación > 0.86: ['RSI_14', 'CCI_14', 'price_momentum_volatility', 'EMA_diff_5_20', 'SMA_65', 'STDDEV_65', 'min_65', 'max_65']
2024-12-28 00:15:24 - INFO - Eliminando columnas durante transform: ['RSI_14', 'CCI_14', 'price_momentum_volatility', 'EMA_diff_5_20', 'SMA_65', 'STDDEV_65', 'min_65', 'max_65']
2024-12-28 00:15:24 - INFO - Eliminando columnas durante transform: ['RSI_14', 'CCI_14', 'price_momentum_volatility', 'EMA_diff_5_20', 'SMA_65', 'STDDEV_65', 'min_65', 'max_65']
2024-12-28 00:15:25 - INFO - Columnas a eliminar por correlación > 0.86: ['RSI_14', 'CCI_14', 'price_momentum_volatility', 'EMA_diff_5_20', 'SMA_65', 'STDDEV_65', 'min_65', 'max_65']
2024-12-28 00:15:25 - INFO - Eliminando columnas durante transform: ['RSI_14', 'CCI_14', 'price_momentum_volatility', 'EMA_diff_5_20', 'SMA_65', 'STDDEV_65', 'min_65', 'max_65']
2024-12-28 00:15:36 - INFO - Eliminando columnas durante transform: ['RSI_14', 'CCI_14', 'price_momentum_volatility', 'EMA_diff_5_20', 'SMA_65', 'STDDEV_65', 'min_65', 'max_65']
2024-12-28 00:15:36 - INFO - Columnas a eliminar por correlación > 0.86: ['RSI_14', 'CCI_14', 'price_momentum_volatility', 'EMA_diff_5_20', 'SMA_65', 'STDDEV_65', 'min_65', 'max_65']
2024-12-28 00:15:36 - INFO - Eliminando columnas durante transform: ['RSI_14', 'CCI_14', 'price_momentum_volatility', 'EMA_diff_5_20', 'SMA_65', 'STDDEV_65', 'min_65', 'max_65']
2024-12-28 00:15:39 - INFO - Eliminando columnas durante transform: ['RSI_14', 'CCI_14', 'price_momentum_volatility', 'EMA_diff_5_20', 'SMA_65', 'STDDEV_65', 'min_65', 'max_65']
2024-12-28 00:15:39 - INFO - Columnas a eliminar por correlación > 0.86: ['RSI_14', 'CCI_14', 'price_momentum_volatility', 'EMA_diff_5_20', 'SMA_65', 'STDDEV_65', 'min_65', 'max_65']
2024-12-28 00:15:39 - INFO - Eliminando columnas durante transform: ['RSI_14', 'CCI_14', 'price_momentum_volatility', 'EMA_diff_5_20', 'SMA_65', 'STDDEV_65', 'min_65', 'max_65']
2024-12-28 00:15:52 - INFO - Eliminando columnas durante transform: ['RSI_14', 'CCI_14', 'price_momentum_volatility', 'EMA_diff_5_20', 'SMA_65', 'STDDEV_65', 'min_65', 'max_65']
2024-12-28 00:15:53 - INFO - Columnas a eliminar por correlación > 0.86: ['RSI_14', 'CCI_14', 'price_momentum_volatility', 'EMA_diff_5_20', 'SMA_65', 'STDDEV_65', 'min_65', 'max_65']
2024-12-28 00:15:53 - INFO - Eliminando columnas durante transform: ['RSI_14', 'CCI_14', 'price_momentum_volatility', 'EMA_diff_5_20', 'SMA_65', 'STDDEV_65', 'min_65', 'max_65']
2024-12-28 00:15:56 - INFO - Eliminando columnas durante transform: ['RSI_14', 'CCI_14', 'price_momentum_volatility', 'EMA_diff_5_20', 'SMA_65', 'STDDEV_65', 'min_65', 'max_65']
2024-12-28 00:15:56 - INFO - Columnas a eliminar por correlación > 0.86: ['RSI_14', 'CCI_14', 'price_momentum_volatility', 'EMA_diff_5_20', 'SMA_65', 'STDDEV_65', 'min_65', 'max_65']
2024-12-28 00:15:56 - INFO - Eliminando columnas durante transform: ['RSI_14', 'CCI_14', 'price_momentum_volatility', 'EMA_diff_5_20', 'SMA_65', 'STDDEV_65', 'min_65', 'max_65']
2024-12-28 00:16:06 - INFO - Eliminando columnas durante transform: ['RSI_14', 'CCI_14', 'price_momentum_volatility', 'EMA_diff_5_20', 'SMA_65', 'STDDEV_65', 'min_65', 'max_65']
2024-12-28 00:16:06 - INFO - Columnas a eliminar por correlación > 0.86: ['RSI_14', 'CCI_14', 'price_momentum_volatility', 'EMA_diff_5_20', 'SMA_65', 'STDDEV_65', 'min_65', 'max_65']
2024-12-28 00:16:06 - INFO - Eliminando columnas durante transform: ['RSI_14', 'CCI_14', 'price_momentum_volatility', 'EMA_diff_5_20', 'SMA_65', 'STDDEV_65', 'min_65', 'max_65']
2024-12-28 00:16:12 - INFO - Eliminando columnas durante transform: ['RSI_14', 'CCI_14', 'price_momentum_volatility', 'EMA_diff_5_20', 'SMA_65', 'STDDEV_65', 'min_65', 'max_65']
2024-12-28 00:16:12 - INFO - Columnas a eliminar por correlación > 0.86: ['RSI_14', 'CCI_14', 'price_momentum_volatility', 'EMA_diff_5_20', 'SMA_65', 'STDDEV_65', 'min_65', 'max_65']
2024-12-28 00:16:12 - INFO - Eliminando columnas durante transform: ['RSI_14', 'CCI_14', 'price_momentum_volatility', 'EMA_diff_5_20', 'SMA_65', 'STDDEV_65', 'min_65', 'max_65']
2024-12-28 00:16:20 - INFO - Eliminando columnas durante transform: ['RSI_14', 'CCI_14', 'price_momentum_volatility', 'EMA_diff_5_20', 'SMA_65', 'STDDEV_65', 'min_65', 'max_65']
2024-12-28 00:16:22 - INFO - Target con look_ahead=4, lower=22, upper=78, min_change=0.008
2024-12-28 00:16:22 - INFO - Umbral inferior=-0.640354, superior=1.790106
2024-12-28 00:16:22 - INFO - Distribución de clases:
target
0    27233
1    10700
2    10700
Name: count, dtype: int64
2024-12-28 00:16:22 - INFO - Eliminados 199 registros con NaNs.
2024-12-28 00:16:23 - INFO - Columnas a eliminar por correlación > 0.86: ['RSI_14', 'CCI_14', 'price_momentum_volatility', 'EMA_diff_5_20', 'SMA_65', 'STDDEV_65', 'min_65', 'max_65']
2024-12-28 00:16:23 - INFO - Eliminando columnas durante transform: ['RSI_14', 'CCI_14', 'price_momentum_volatility', 'EMA_diff_5_20', 'SMA_65', 'STDDEV_65', 'min_65', 'max_65']
2024-12-28 00:16:28 - INFO - Eliminando columnas durante transform: ['RSI_14', 'CCI_14', 'price_momentum_volatility', 'EMA_diff_5_20', 'SMA_65', 'STDDEV_65', 'min_65', 'max_65']
2024-12-28 00:16:30 - INFO - Target con look_ahead=4, lower=22, upper=78, min_change=0.008
2024-12-28 00:16:30 - INFO - Umbral inferior=-0.640354, superior=1.790106
2024-12-28 00:16:30 - INFO - Distribución de clases:
target
0    27233
1    10700
2    10700
Name: count, dtype: int64
2024-12-28 00:16:30 - INFO - Eliminados 199 registros con NaNs.
2024-12-28 00:16:30 - INFO - Columnas a eliminar por correlación > 0.86: ['RSI_14', 'CCI_14', 'price_momentum_volatility', 'EMA_diff_5_20', 'SMA_65', 'STDDEV_65', 'min_65', 'max_65']
2024-12-28 00:16:30 - INFO - Eliminando columnas durante transform: ['RSI_14', 'CCI_14', 'price_momentum_volatility', 'EMA_diff_5_20', 'SMA_65', 'STDDEV_65', 'min_65', 'max_65']
2024-12-28 00:16:31 - INFO - Eliminando columnas durante transform: ['RSI_14', 'CCI_14', 'price_momentum_volatility', 'EMA_diff_5_20', 'SMA_65', 'STDDEV_65', 'min_65', 'max_65']
2024-12-28 00:16:31 - INFO - Columnas a eliminar por correlación > 0.86: ['RSI_14', 'CCI_14', 'price_momentum_volatility', 'EMA_diff_5_20', 'SMA_65', 'STDDEV_65', 'min_65', 'max_65']
2024-12-28 00:16:31 - INFO - Eliminando columnas durante transform: ['RSI_14', 'CCI_14', 'price_momentum_volatility', 'EMA_diff_5_20', 'SMA_65', 'STDDEV_65', 'min_65', 'max_65']
2024-12-28 00:16:38 - INFO - Eliminando columnas durante transform: ['RSI_14', 'CCI_14', 'price_momentum_volatility', 'EMA_diff_5_20', 'SMA_65', 'STDDEV_65', 'min_65', 'max_65']
2024-12-28 00:16:38 - INFO - Columnas a eliminar por correlación > 0.86: ['RSI_14', 'CCI_14', 'price_momentum_volatility', 'EMA_diff_5_20', 'SMA_65', 'STDDEV_65', 'min_65', 'max_65']
2024-12-28 00:16:38 - INFO - Eliminando columnas durante transform: ['RSI_14', 'CCI_14', 'price_momentum_volatility', 'EMA_diff_5_20', 'SMA_65', 'STDDEV_65', 'min_65', 'max_65']
2024-12-28 00:16:39 - INFO - Eliminando columnas durante transform: ['RSI_14', 'CCI_14', 'price_momentum_volatility', 'EMA_diff_5_20', 'SMA_65', 'STDDEV_65', 'min_65', 'max_65']
2024-12-28 00:16:40 - INFO - Columnas a eliminar por correlación > 0.86: ['RSI_14', 'CCI_14', 'price_momentum_volatility', 'EMA_diff_5_20', 'SMA_65', 'STDDEV_65', 'min_65', 'max_65']
2024-12-28 00:16:40 - INFO - Eliminando columnas durante transform: ['RSI_14', 'CCI_14', 'price_momentum_volatility', 'EMA_diff_5_20', 'SMA_65', 'STDDEV_65', 'min_65', 'max_65']
2024-12-28 00:16:46 - INFO - Eliminando columnas durante transform: ['RSI_14', 'CCI_14', 'price_momentum_volatility', 'EMA_diff_5_20', 'SMA_65', 'STDDEV_65', 'min_65', 'max_65']
2024-12-28 00:16:46 - INFO - Columnas a eliminar por correlación > 0.86: ['RSI_14', 'CCI_14', 'price_momentum_volatility', 'EMA_diff_5_20', 'SMA_65', 'STDDEV_65', 'min_65', 'max_65']
2024-12-28 00:16:46 - INFO - Eliminando columnas durante transform: ['RSI_14', 'CCI_14', 'price_momentum_volatility', 'EMA_diff_5_20', 'SMA_65', 'STDDEV_65', 'min_65', 'max_65']
2024-12-28 00:16:50 - INFO - Eliminando columnas durante transform: ['RSI_14', 'CCI_14', 'price_momentum_volatility', 'EMA_diff_5_20', 'SMA_65', 'STDDEV_65', 'min_65', 'max_65']
2024-12-28 00:16:50 - INFO - Columnas a eliminar por correlación > 0.86: ['RSI_14', 'CCI_14', 'price_momentum_volatility', 'EMA_diff_5_20', 'SMA_65', 'STDDEV_65', 'min_65', 'max_65']
2024-12-28 00:16:50 - INFO - Eliminando columnas durante transform: ['RSI_14', 'CCI_14', 'price_momentum_volatility', 'EMA_diff_5_20', 'SMA_65', 'STDDEV_65', 'min_65', 'max_65']
2024-12-28 00:16:53 - INFO - Eliminando columnas durante transform: ['RSI_14', 'CCI_14', 'price_momentum_volatility', 'EMA_diff_5_20', 'SMA_65', 'STDDEV_65', 'min_65', 'max_65']
2024-12-28 00:16:53 - INFO - Columnas a eliminar por correlación > 0.86: ['RSI_14', 'CCI_14', 'price_momentum_volatility', 'EMA_diff_5_20', 'SMA_65', 'STDDEV_65', 'min_65', 'max_65']
2024-12-28 00:16:53 - INFO - Eliminando columnas durante transform: ['RSI_14', 'CCI_14', 'price_momentum_volatility', 'EMA_diff_5_20', 'SMA_65', 'STDDEV_65', 'min_65', 'max_65']
2024-12-28 00:17:00 - INFO - Eliminando columnas durante transform: ['RSI_14', 'CCI_14', 'price_momentum_volatility', 'EMA_diff_5_20', 'SMA_65', 'STDDEV_65', 'min_65', 'max_65']
2024-12-28 00:17:01 - INFO - Columnas a eliminar por correlación > 0.86: ['RSI_14', 'CCI_14', 'price_momentum_volatility', 'EMA_diff_5_20', 'SMA_65', 'STDDEV_65', 'min_65', 'max_65']
2024-12-28 00:17:01 - INFO - Eliminando columnas durante transform: ['RSI_14', 'CCI_14', 'price_momentum_volatility', 'EMA_diff_5_20', 'SMA_65', 'STDDEV_65', 'min_65', 'max_65']
2024-12-28 00:17:01 - INFO - Eliminando columnas durante transform: ['RSI_14', 'CCI_14', 'price_momentum_volatility', 'EMA_diff_5_20', 'SMA_65', 'STDDEV_65', 'min_65', 'max_65']
2024-12-28 00:17:02 - INFO - Target con look_ahead=4, lower=22, upper=78, min_change=0.008
2024-12-28 00:17:02 - INFO - Umbral inferior=-0.640354, superior=1.790106
2024-12-28 00:17:02 - INFO - Distribución de clases:
target
0    27233
1    10700
2    10700
Name: count, dtype: int64
2024-12-28 00:17:02 - INFO - Eliminados 199 registros con NaNs.
2024-12-28 00:17:02 - INFO - Columnas a eliminar por correlación > 0.86: ['RSI_14', 'CCI_14', 'price_momentum_volatility', 'EMA_diff_5_20', 'SMA_65', 'STDDEV_65', 'min_65', 'max_65']
2024-12-28 00:17:02 - INFO - Eliminando columnas durante transform: ['RSI_14', 'CCI_14', 'price_momentum_volatility', 'EMA_diff_5_20', 'SMA_65', 'STDDEV_65', 'min_65', 'max_65']
2024-12-28 00:17:11 - INFO - Eliminando columnas durante transform: ['RSI_14', 'CCI_14', 'price_momentum_volatility', 'EMA_diff_5_20', 'SMA_65', 'STDDEV_65', 'min_65', 'max_65']
2024-12-28 00:17:11 - INFO - Columnas a eliminar por correlación > 0.86: ['RSI_14', 'CCI_14', 'price_momentum_volatility', 'EMA_diff_5_20', 'SMA_65', 'STDDEV_65', 'min_65', 'max_65']
2024-12-28 00:17:11 - INFO - Eliminando columnas durante transform: ['RSI_14', 'CCI_14', 'price_momentum_volatility', 'EMA_diff_5_20', 'SMA_65', 'STDDEV_65', 'min_65', 'max_65']
2024-12-28 00:17:22 - INFO - Eliminando columnas durante transform: ['RSI_14', 'CCI_14', 'price_momentum_volatility', 'EMA_diff_5_20', 'SMA_65', 'STDDEV_65', 'min_65', 'max_65']
2024-12-28 00:17:22 - INFO - Columnas a eliminar por correlación > 0.86: ['RSI_14', 'CCI_14', 'price_momentum_volatility', 'EMA_diff_5_20', 'SMA_65', 'STDDEV_65', 'min_65', 'max_65']
2024-12-28 00:17:22 - INFO - Eliminando columnas durante transform: ['RSI_14', 'CCI_14', 'price_momentum_volatility', 'EMA_diff_5_20', 'SMA_65', 'STDDEV_65', 'min_65', 'max_65']
2024-12-28 00:17:23 - INFO - Eliminando columnas durante transform: ['RSI_14', 'CCI_14', 'price_momentum_volatility', 'EMA_diff_5_20', 'SMA_65', 'STDDEV_65', 'min_65', 'max_65']
2024-12-28 00:17:24 - INFO - Target con look_ahead=4, lower=22, upper=78, min_change=0.008
2024-12-28 00:17:24 - INFO - Umbral inferior=-0.640354, superior=1.790106
2024-12-28 00:17:24 - INFO - Distribución de clases:
target
0    27233
1    10700
2    10700
Name: count, dtype: int64
2024-12-28 00:17:24 - INFO - Eliminados 199 registros con NaNs.
2024-12-28 00:17:24 - INFO - Columnas a eliminar por correlación > 0.86: ['RSI_14', 'CCI_14', 'price_momentum_volatility', 'EMA_diff_5_20', 'SMA_65', 'STDDEV_65', 'min_65', 'max_65']
2024-12-28 00:17:24 - INFO - Eliminando columnas durante transform: ['RSI_14', 'CCI_14', 'price_momentum_volatility', 'EMA_diff_5_20', 'SMA_65', 'STDDEV_65', 'min_65', 'max_65']
2024-12-28 00:17:39 - INFO - Eliminando columnas durante transform: ['RSI_14', 'CCI_14', 'price_momentum_volatility', 'EMA_diff_5_20', 'SMA_65', 'STDDEV_65', 'min_65', 'max_65']
2024-12-28 00:17:39 - INFO - Columnas a eliminar por correlación > 0.86: ['RSI_14', 'CCI_14', 'price_momentum_volatility', 'EMA_diff_5_20', 'SMA_65', 'STDDEV_65', 'min_65', 'max_65']
2024-12-28 00:17:39 - INFO - Eliminando columnas durante transform: ['RSI_14', 'CCI_14', 'price_momentum_volatility', 'EMA_diff_5_20', 'SMA_65', 'STDDEV_65', 'min_65', 'max_65']
2024-12-28 00:17:40 - INFO - Eliminando columnas durante transform: ['RSI_14', 'CCI_14', 'price_momentum_volatility', 'EMA_diff_5_20', 'SMA_65', 'STDDEV_65', 'min_65', 'max_65']
2024-12-28 00:17:40 - INFO - Columnas a eliminar por correlación > 0.86: ['RSI_14', 'CCI_14', 'price_momentum_volatility', 'EMA_diff_5_20', 'SMA_65', 'STDDEV_65', 'min_65', 'max_65']
2024-12-28 00:17:40 - INFO - Eliminando columnas durante transform: ['RSI_14', 'CCI_14', 'price_momentum_volatility', 'EMA_diff_5_20', 'SMA_65', 'STDDEV_65', 'min_65', 'max_65']
2024-12-28 00:17:57 - INFO - Eliminando columnas durante transform: ['RSI_14', 'CCI_14', 'price_momentum_volatility', 'EMA_diff_5_20', 'SMA_65', 'STDDEV_65', 'min_65', 'max_65']
2024-12-28 00:17:57 - INFO - Eliminando columnas durante transform: ['RSI_14', 'CCI_14', 'price_momentum_volatility', 'EMA_diff_5_20', 'SMA_65', 'STDDEV_65', 'min_65', 'max_65']
2024-12-28 00:17:58 - INFO - Columnas a eliminar por correlación > 0.86: ['RSI_14', 'CCI_14', 'price_momentum_volatility', 'EMA_diff_5_20', 'SMA_65', 'STDDEV_65', 'min_65', 'max_65']
2024-12-28 00:17:58 - INFO - Eliminando columnas durante transform: ['RSI_14', 'CCI_14', 'price_momentum_volatility', 'EMA_diff_5_20', 'SMA_65', 'STDDEV_65', 'min_65', 'max_65']
2024-12-28 00:17:58 - INFO - Columnas a eliminar por correlación > 0.86: ['RSI_14', 'CCI_14', 'price_momentum_volatility', 'EMA_diff_5_20', 'SMA_65', 'STDDEV_65', 'min_65', 'max_65']
2024-12-28 00:17:58 - INFO - Eliminando columnas durante transform: ['RSI_14', 'CCI_14', 'price_momentum_volatility', 'EMA_diff_5_20', 'SMA_65', 'STDDEV_65', 'min_65', 'max_65']
2024-12-28 00:18:12 - INFO - Eliminando columnas durante transform: ['RSI_14', 'CCI_14', 'price_momentum_volatility', 'EMA_diff_5_20', 'SMA_65', 'STDDEV_65', 'min_65', 'max_65']
2024-12-28 00:18:13 - INFO - Columnas a eliminar por correlación > 0.86: ['RSI_14', 'CCI_14', 'price_momentum_volatility', 'EMA_diff_5_20', 'SMA_65', 'STDDEV_65', 'min_65', 'max_65']
2024-12-28 00:18:13 - INFO - Eliminando columnas durante transform: ['RSI_14', 'CCI_14', 'price_momentum_volatility', 'EMA_diff_5_20', 'SMA_65', 'STDDEV_65', 'min_65', 'max_65']
2024-12-28 00:18:13 - INFO - Eliminando columnas durante transform: ['RSI_14', 'CCI_14', 'price_momentum_volatility', 'EMA_diff_5_20', 'SMA_65', 'STDDEV_65', 'min_65', 'max_65']
2024-12-28 00:18:14 - INFO - Columnas a eliminar por correlación > 0.86: ['RSI_14', 'CCI_14', 'price_momentum_volatility', 'EMA_diff_5_20', 'SMA_65', 'STDDEV_65', 'min_65', 'max_65']
2024-12-28 00:18:14 - INFO - Eliminando columnas durante transform: ['RSI_14', 'CCI_14', 'price_momentum_volatility', 'EMA_diff_5_20', 'SMA_65', 'STDDEV_65', 'min_65', 'max_65']
2024-12-28 00:18:29 - INFO - Eliminando columnas durante transform: ['RSI_14', 'CCI_14', 'price_momentum_volatility', 'EMA_diff_5_20', 'SMA_65', 'STDDEV_65', 'min_65', 'max_65']
2024-12-28 00:18:29 - INFO - Columnas a eliminar por correlación > 0.86: ['RSI_14', 'CCI_14', 'price_momentum_volatility', 'EMA_diff_5_20', 'SMA_65', 'STDDEV_65', 'min_65', 'max_65']
2024-12-28 00:18:29 - INFO - Eliminando columnas durante transform: ['RSI_14', 'CCI_14', 'price_momentum_volatility', 'EMA_diff_5_20', 'SMA_65', 'STDDEV_65', 'min_65', 'max_65']
2024-12-28 00:18:31 - INFO - Eliminando columnas durante transform: ['RSI_14', 'CCI_14', 'price_momentum_volatility', 'EMA_diff_5_20', 'SMA_65', 'STDDEV_65', 'min_65', 'max_65']
2024-12-28 00:18:32 - INFO - Target con look_ahead=4, lower=22, upper=78, min_change=0.008
2024-12-28 00:18:32 - INFO - Umbral inferior=-0.640354, superior=1.790106
2024-12-28 00:18:32 - INFO - Distribución de clases:
target
0    27233
1    10700
2    10700
Name: count, dtype: int64
2024-12-28 00:18:32 - INFO - Eliminados 199 registros con NaNs.
2024-12-28 00:18:32 - INFO - Columnas a eliminar por correlación > 0.86: ['RSI_14', 'CCI_14', 'price_momentum_volatility', 'EMA_diff_5_20', 'SMA_65', 'STDDEV_65', 'min_65', 'max_65']
2024-12-28 00:18:32 - INFO - Eliminando columnas durante transform: ['RSI_14', 'CCI_14', 'price_momentum_volatility', 'EMA_diff_5_20', 'SMA_65', 'STDDEV_65', 'min_65', 'max_65']
2024-12-28 00:18:44 - INFO - Eliminando columnas durante transform: ['RSI_14', 'CCI_14', 'price_momentum_volatility', 'EMA_diff_5_20', 'SMA_65', 'STDDEV_65', 'min_65', 'max_65']
2024-12-28 00:18:44 - INFO - Eliminando columnas durante transform: ['RSI_14', 'CCI_14', 'price_momentum_volatility', 'EMA_diff_5_20', 'SMA_65', 'STDDEV_65', 'min_65', 'max_65']
2024-12-28 00:18:45 - INFO - Columnas a eliminar por correlación > 0.86: ['RSI_14', 'CCI_14', 'price_momentum_volatility', 'EMA_diff_5_20', 'SMA_65', 'STDDEV_65', 'min_65', 'max_65']
2024-12-28 00:18:45 - INFO - Eliminando columnas durante transform: ['RSI_14', 'CCI_14', 'price_momentum_volatility', 'EMA_diff_5_20', 'SMA_65', 'STDDEV_65', 'min_65', 'max_65']
2024-12-28 00:18:45 - INFO - Target con look_ahead=4, lower=22, upper=78, min_change=0.008
2024-12-28 00:18:45 - INFO - Umbral inferior=-0.640354, superior=1.790106
2024-12-28 00:18:45 - INFO - Distribución de clases:
target
0    27233
1    10700
2    10700
Name: count, dtype: int64
2024-12-28 00:18:45 - INFO - Eliminados 199 registros con NaNs.
2024-12-28 00:18:45 - INFO - Columnas a eliminar por correlación > 0.86: ['RSI_14', 'CCI_14', 'price_momentum_volatility', 'EMA_diff_5_20', 'SMA_65', 'STDDEV_65', 'min_65', 'max_65']
2024-12-28 00:18:45 - INFO - Eliminando columnas durante transform: ['RSI_14', 'CCI_14', 'price_momentum_volatility', 'EMA_diff_5_20', 'SMA_65', 'STDDEV_65', 'min_65', 'max_65']
2024-12-28 00:18:54 - INFO - Eliminando columnas durante transform: ['RSI_14', 'CCI_14', 'price_momentum_volatility', 'EMA_diff_5_20', 'SMA_65', 'STDDEV_65', 'min_65', 'max_65']
2024-12-28 00:18:54 - INFO - Columnas a eliminar por correlación > 0.86: ['RSI_14', 'CCI_14', 'price_momentum_volatility', 'EMA_diff_5_20', 'SMA_65', 'STDDEV_65', 'min_65', 'max_65']
2024-12-28 00:18:54 - INFO - Eliminando columnas durante transform: ['RSI_14', 'CCI_14', 'price_momentum_volatility', 'EMA_diff_5_20', 'SMA_65', 'STDDEV_65', 'min_65', 'max_65']
2024-12-28 00:18:56 - INFO - Eliminando columnas durante transform: ['RSI_14', 'CCI_14', 'price_momentum_volatility', 'EMA_diff_5_20', 'SMA_65', 'STDDEV_65', 'min_65', 'max_65']
2024-12-28 00:18:56 - INFO - Columnas a eliminar por correlación > 0.86: ['RSI_14', 'CCI_14', 'price_momentum_volatility', 'EMA_diff_5_20', 'SMA_65', 'STDDEV_65', 'min_65', 'max_65']
2024-12-28 00:18:56 - INFO - Eliminando columnas durante transform: ['RSI_14', 'CCI_14', 'price_momentum_volatility', 'EMA_diff_5_20', 'SMA_65', 'STDDEV_65', 'min_65', 'max_65']
2024-12-28 00:19:03 - INFO - Eliminando columnas durante transform: ['RSI_14', 'CCI_14', 'price_momentum_volatility', 'EMA_diff_5_20', 'SMA_65', 'STDDEV_65', 'min_65', 'max_65']
2024-12-28 00:19:03 - INFO - Columnas a eliminar por correlación > 0.86: ['RSI_14', 'CCI_14', 'price_momentum_volatility', 'EMA_diff_5_20', 'SMA_65', 'STDDEV_65', 'min_65', 'max_65']
2024-12-28 00:19:03 - INFO - Eliminando columnas durante transform: ['RSI_14', 'CCI_14', 'price_momentum_volatility', 'EMA_diff_5_20', 'SMA_65', 'STDDEV_65', 'min_65', 'max_65']
2024-12-28 00:19:07 - INFO - Eliminando columnas durante transform: ['RSI_14', 'CCI_14', 'price_momentum_volatility', 'EMA_diff_5_20', 'SMA_65', 'STDDEV_65', 'min_65', 'max_65']
2024-12-28 00:19:08 - INFO - Columnas a eliminar por correlación > 0.86: ['RSI_14', 'CCI_14', 'price_momentum_volatility', 'EMA_diff_5_20', 'SMA_65', 'STDDEV_65', 'min_65', 'max_65']
2024-12-28 00:19:08 - INFO - Eliminando columnas durante transform: ['RSI_14', 'CCI_14', 'price_momentum_volatility', 'EMA_diff_5_20', 'SMA_65', 'STDDEV_65', 'min_65', 'max_65']
2024-12-28 00:19:11 - INFO - Eliminando columnas durante transform: ['RSI_14', 'CCI_14', 'price_momentum_volatility', 'EMA_diff_5_20', 'SMA_65', 'STDDEV_65', 'min_65', 'max_65']
2024-12-28 00:19:11 - INFO - Columnas a eliminar por correlación > 0.86: ['RSI_14', 'CCI_14', 'price_momentum_volatility', 'EMA_diff_5_20', 'SMA_65', 'STDDEV_65', 'min_65', 'max_65']
2024-12-28 00:19:11 - INFO - Eliminando columnas durante transform: ['RSI_14', 'CCI_14', 'price_momentum_volatility', 'EMA_diff_5_20', 'SMA_65', 'STDDEV_65', 'min_65', 'max_65']
2024-12-28 00:19:19 - INFO - Eliminando columnas durante transform: ['RSI_14', 'CCI_14', 'price_momentum_volatility', 'EMA_diff_5_20', 'SMA_65', 'STDDEV_65', 'min_65', 'max_65']
2024-12-28 00:19:19 - INFO - Columnas a eliminar por correlación > 0.86: ['RSI_14', 'CCI_14', 'price_momentum_volatility', 'EMA_diff_5_20', 'SMA_65', 'STDDEV_65', 'min_65', 'max_65']
2024-12-28 00:19:19 - INFO - Eliminando columnas durante transform: ['RSI_14', 'CCI_14', 'price_momentum_volatility', 'EMA_diff_5_20', 'SMA_65', 'STDDEV_65', 'min_65', 'max_65']
2024-12-28 00:19:20 - INFO - Eliminando columnas durante transform: ['RSI_14', 'CCI_14', 'price_momentum_volatility', 'EMA_diff_5_20', 'SMA_65', 'STDDEV_65', 'min_65', 'max_65']
2024-12-28 00:19:21 - INFO - Columnas a eliminar por correlación > 0.86: ['RSI_14', 'CCI_14', 'price_momentum_volatility', 'EMA_diff_5_20', 'SMA_65', 'STDDEV_65', 'min_65', 'max_65']
2024-12-28 00:19:21 - INFO - Eliminando columnas durante transform: ['RSI_14', 'CCI_14', 'price_momentum_volatility', 'EMA_diff_5_20', 'SMA_65', 'STDDEV_65', 'min_65', 'max_65']
2024-12-28 00:19:30 - INFO - Eliminando columnas durante transform: ['RSI_14', 'CCI_14', 'price_momentum_volatility', 'EMA_diff_5_20', 'SMA_65', 'STDDEV_65', 'min_65', 'max_65']
2024-12-28 00:19:32 - INFO - Target con look_ahead=4, lower=22, upper=78, min_change=0.008
2024-12-28 00:19:32 - INFO - Umbral inferior=-0.640354, superior=1.790106
2024-12-28 00:19:32 - INFO - Distribución de clases:
target
0    27233
1    10700
2    10700
Name: count, dtype: int64
2024-12-28 00:19:32 - INFO - Eliminados 199 registros con NaNs.
2024-12-28 00:19:32 - INFO - Columnas a eliminar por correlación > 0.86: ['RSI_14', 'CCI_14', 'price_momentum_volatility', 'EMA_diff_5_20', 'SMA_65', 'STDDEV_65', 'min_65', 'max_65']
2024-12-28 00:19:32 - INFO - Eliminando columnas durante transform: ['RSI_14', 'CCI_14', 'price_momentum_volatility', 'EMA_diff_5_20', 'SMA_65', 'STDDEV_65', 'min_65', 'max_65']
2024-12-28 00:19:32 - INFO - Eliminando columnas durante transform: ['RSI_14', 'CCI_14', 'price_momentum_volatility', 'EMA_diff_5_20', 'SMA_65', 'STDDEV_65', 'min_65', 'max_65']
2024-12-28 00:19:33 - INFO - Target con look_ahead=4, lower=22, upper=78, min_change=0.008
2024-12-28 00:19:33 - INFO - Umbral inferior=-0.640354, superior=1.790106
2024-12-28 00:19:33 - INFO - Distribución de clases:
target
0    27233
1    10700
2    10700
Name: count, dtype: int64
2024-12-28 00:19:33 - INFO - Eliminados 199 registros con NaNs.
2024-12-28 00:19:33 - INFO - Columnas a eliminar por correlación > 0.86: ['RSI_14', 'CCI_14', 'price_momentum_volatility', 'EMA_diff_5_20', 'SMA_65', 'STDDEV_65', 'min_65', 'max_65']
2024-12-28 00:19:33 - INFO - Eliminando columnas durante transform: ['RSI_14', 'CCI_14', 'price_momentum_volatility', 'EMA_diff_5_20', 'SMA_65', 'STDDEV_65', 'min_65', 'max_65']
2024-12-28 00:19:42 - INFO - Eliminando columnas durante transform: ['RSI_14', 'CCI_14', 'price_momentum_volatility', 'EMA_diff_5_20', 'SMA_65', 'STDDEV_65', 'min_65', 'max_65']
2024-12-28 00:19:42 - INFO - Eliminando columnas durante transform: ['RSI_14', 'CCI_14', 'price_momentum_volatility', 'EMA_diff_5_20', 'SMA_65', 'STDDEV_65', 'min_65', 'max_65']
2024-12-28 00:19:42 - INFO - Columnas a eliminar por correlación > 0.86: ['RSI_14', 'CCI_14', 'price_momentum_volatility', 'EMA_diff_5_20', 'SMA_65', 'STDDEV_65', 'min_65', 'max_65']
2024-12-28 00:19:42 - INFO - Eliminando columnas durante transform: ['RSI_14', 'CCI_14', 'price_momentum_volatility', 'EMA_diff_5_20', 'SMA_65', 'STDDEV_65', 'min_65', 'max_65']
2024-12-28 00:19:42 - INFO - Columnas a eliminar por correlación > 0.86: ['RSI_14', 'CCI_14', 'price_momentum_volatility', 'EMA_diff_5_20', 'SMA_65', 'STDDEV_65', 'min_65', 'max_65']
2024-12-28 00:19:42 - INFO - Eliminando columnas durante transform: ['RSI_14', 'CCI_14', 'price_momentum_volatility', 'EMA_diff_5_20', 'SMA_65', 'STDDEV_65', 'min_65', 'max_65']
2024-12-28 00:19:51 - INFO - Eliminando columnas durante transform: ['RSI_14', 'CCI_14', 'price_momentum_volatility', 'EMA_diff_5_20', 'SMA_65', 'STDDEV_65', 'min_65', 'max_65']
2024-12-28 00:19:51 - INFO - Columnas a eliminar por correlación > 0.86: ['RSI_14', 'CCI_14', 'price_momentum_volatility', 'EMA_diff_5_20', 'SMA_65', 'STDDEV_65', 'min_65', 'max_65']
2024-12-28 00:19:51 - INFO - Eliminando columnas durante transform: ['RSI_14', 'CCI_14', 'price_momentum_volatility', 'EMA_diff_5_20', 'SMA_65', 'STDDEV_65', 'min_65', 'max_65']
2024-12-28 00:19:53 - INFO - Eliminando columnas durante transform: ['RSI_14', 'CCI_14', 'price_momentum_volatility', 'EMA_diff_5_20', 'SMA_65', 'STDDEV_65', 'min_65', 'max_65']
2024-12-28 00:19:53 - INFO - Columnas a eliminar por correlación > 0.86: ['RSI_14', 'CCI_14', 'price_momentum_volatility', 'EMA_diff_5_20', 'SMA_65', 'STDDEV_65', 'min_65', 'max_65']
2024-12-28 00:19:53 - INFO - Eliminando columnas durante transform: ['RSI_14', 'CCI_14', 'price_momentum_volatility', 'EMA_diff_5_20', 'SMA_65', 'STDDEV_65', 'min_65', 'max_65']
2024-12-28 00:20:01 - INFO - Eliminando columnas durante transform: ['RSI_14', 'CCI_14', 'price_momentum_volatility', 'EMA_diff_5_20', 'SMA_65', 'STDDEV_65', 'min_65', 'max_65']
2024-12-28 00:20:01 - INFO - Columnas a eliminar por correlación > 0.86: ['RSI_14', 'CCI_14', 'price_momentum_volatility', 'EMA_diff_5_20', 'SMA_65', 'STDDEV_65', 'min_65', 'max_65']
2024-12-28 00:20:01 - INFO - Eliminando columnas durante transform: ['RSI_14', 'CCI_14', 'price_momentum_volatility', 'EMA_diff_5_20', 'SMA_65', 'STDDEV_65', 'min_65', 'max_65']
2024-12-28 00:20:04 - INFO - Eliminando columnas durante transform: ['RSI_14', 'CCI_14', 'price_momentum_volatility', 'EMA_diff_5_20', 'SMA_65', 'STDDEV_65', 'min_65', 'max_65']
2024-12-28 00:20:04 - INFO - Columnas a eliminar por correlación > 0.86: ['RSI_14', 'CCI_14', 'price_momentum_volatility', 'EMA_diff_5_20', 'SMA_65', 'STDDEV_65', 'min_65', 'max_65']
2024-12-28 00:20:04 - INFO - Eliminando columnas durante transform: ['RSI_14', 'CCI_14', 'price_momentum_volatility', 'EMA_diff_5_20', 'SMA_65', 'STDDEV_65', 'min_65', 'max_65']
2024-12-28 00:20:10 - INFO - Eliminando columnas durante transform: ['RSI_14', 'CCI_14', 'price_momentum_volatility', 'EMA_diff_5_20', 'SMA_65', 'STDDEV_65', 'min_65', 'max_65']
2024-12-28 00:20:10 - INFO - Columnas a eliminar por correlación > 0.86: ['RSI_14', 'CCI_14', 'price_momentum_volatility', 'EMA_diff_5_20', 'SMA_65', 'STDDEV_65', 'min_65', 'max_65']
2024-12-28 00:20:10 - INFO - Eliminando columnas durante transform: ['RSI_14', 'CCI_14', 'price_momentum_volatility', 'EMA_diff_5_20', 'SMA_65', 'STDDEV_65', 'min_65', 'max_65']
2024-12-28 00:20:16 - INFO - Eliminando columnas durante transform: ['RSI_14', 'CCI_14', 'price_momentum_volatility', 'EMA_diff_5_20', 'SMA_65', 'STDDEV_65', 'min_65', 'max_65']
2024-12-28 00:20:16 - INFO - Columnas a eliminar por correlación > 0.86: ['RSI_14', 'CCI_14', 'price_momentum_volatility', 'EMA_diff_5_20', 'SMA_65', 'STDDEV_65', 'min_65', 'max_65']
2024-12-28 00:20:16 - INFO - Eliminando columnas durante transform: ['RSI_14', 'CCI_14', 'price_momentum_volatility', 'EMA_diff_5_20', 'SMA_65', 'STDDEV_65', 'min_65', 'max_65']
2024-12-28 00:20:19 - INFO - Eliminando columnas durante transform: ['RSI_14', 'CCI_14', 'price_momentum_volatility', 'EMA_diff_5_20', 'SMA_65', 'STDDEV_65', 'min_65', 'max_65']
2024-12-28 00:20:21 - INFO - Target con look_ahead=4, lower=22, upper=78, min_change=0.008
2024-12-28 00:20:21 - INFO - Umbral inferior=-0.640354, superior=1.790106
2024-12-28 00:20:21 - INFO - Distribución de clases:
target
0    27233
1    10700
2    10700
Name: count, dtype: int64
2024-12-28 00:20:21 - INFO - Eliminados 199 registros con NaNs.
2024-12-28 00:20:21 - INFO - Columnas a eliminar por correlación > 0.86: ['RSI_14', 'CCI_14', 'price_momentum_volatility', 'EMA_diff_5_20', 'SMA_65', 'STDDEV_65', 'min_65', 'max_65']
2024-12-28 00:20:21 - INFO - Eliminando columnas durante transform: ['RSI_14', 'CCI_14', 'price_momentum_volatility', 'EMA_diff_5_20', 'SMA_65', 'STDDEV_65', 'min_65', 'max_65']
2024-12-28 00:20:28 - INFO - Eliminando columnas durante transform: ['RSI_14', 'CCI_14', 'price_momentum_volatility', 'EMA_diff_5_20', 'SMA_65', 'STDDEV_65', 'min_65', 'max_65']
2024-12-28 00:20:30 - INFO - Target con look_ahead=4, lower=22, upper=78, min_change=0.008
2024-12-28 00:20:30 - INFO - Umbral inferior=-0.640354, superior=1.790106
2024-12-28 00:20:30 - INFO - Distribución de clases:
target
0    27233
1    10700
2    10700
Name: count, dtype: int64
2024-12-28 00:20:30 - INFO - Eliminados 199 registros con NaNs.
2024-12-28 00:20:30 - INFO - Columnas a eliminar por correlación > 0.86: ['RSI_14', 'CCI_14', 'price_momentum_volatility', 'EMA_diff_5_20', 'SMA_65', 'STDDEV_65', 'min_65', 'max_65']
2024-12-28 00:20:30 - INFO - Eliminando columnas durante transform: ['RSI_14', 'CCI_14', 'price_momentum_volatility', 'EMA_diff_5_20', 'SMA_65', 'STDDEV_65', 'min_65', 'max_65']
2024-12-28 00:20:35 - INFO - Eliminando columnas durante transform: ['RSI_14', 'CCI_14', 'price_momentum_volatility', 'EMA_diff_5_20', 'SMA_65', 'STDDEV_65', 'min_65', 'max_65']
2024-12-28 00:20:35 - INFO - Columnas a eliminar por correlación > 0.86: ['RSI_14', 'CCI_14', 'price_momentum_volatility', 'EMA_diff_5_20', 'SMA_65', 'STDDEV_65', 'min_65', 'max_65']
2024-12-28 00:20:35 - INFO - Eliminando columnas durante transform: ['RSI_14', 'CCI_14', 'price_momentum_volatility', 'EMA_diff_5_20', 'SMA_65', 'STDDEV_65', 'min_65', 'max_65']
2024-12-28 00:20:40 - INFO - Eliminando columnas durante transform: ['RSI_14', 'CCI_14', 'price_momentum_volatility', 'EMA_diff_5_20', 'SMA_65', 'STDDEV_65', 'min_65', 'max_65']
2024-12-28 00:20:40 - INFO - Columnas a eliminar por correlación > 0.86: ['RSI_14', 'CCI_14', 'price_momentum_volatility', 'EMA_diff_5_20', 'SMA_65', 'STDDEV_65', 'min_65', 'max_65']
2024-12-28 00:20:40 - INFO - Eliminando columnas durante transform: ['RSI_14', 'CCI_14', 'price_momentum_volatility', 'EMA_diff_5_20', 'SMA_65', 'STDDEV_65', 'min_65', 'max_65']
2024-12-28 00:20:47 - INFO - Eliminando columnas durante transform: ['RSI_14', 'CCI_14', 'price_momentum_volatility', 'EMA_diff_5_20', 'SMA_65', 'STDDEV_65', 'min_65', 'max_65']
2024-12-28 00:20:47 - INFO - Columnas a eliminar por correlación > 0.86: ['RSI_14', 'CCI_14', 'price_momentum_volatility', 'EMA_diff_5_20', 'SMA_65', 'STDDEV_65', 'min_65', 'max_65']
2024-12-28 00:20:47 - INFO - Eliminando columnas durante transform: ['RSI_14', 'CCI_14', 'price_momentum_volatility', 'EMA_diff_5_20', 'SMA_65', 'STDDEV_65', 'min_65', 'max_65']
2024-12-28 00:20:49 - INFO - Eliminando columnas durante transform: ['RSI_14', 'CCI_14', 'price_momentum_volatility', 'EMA_diff_5_20', 'SMA_65', 'STDDEV_65', 'min_65', 'max_65']
2024-12-28 00:20:49 - INFO - Columnas a eliminar por correlación > 0.86: ['RSI_14', 'CCI_14', 'price_momentum_volatility', 'EMA_diff_5_20', 'SMA_65', 'STDDEV_65', 'min_65', 'max_65']
2024-12-28 00:20:49 - INFO - Eliminando columnas durante transform: ['RSI_14', 'CCI_14', 'price_momentum_volatility', 'EMA_diff_5_20', 'SMA_65', 'STDDEV_65', 'min_65', 'max_65']
2024-12-28 00:20:58 - INFO - Eliminando columnas durante transform: ['RSI_14', 'CCI_14', 'price_momentum_volatility', 'EMA_diff_5_20', 'SMA_65', 'STDDEV_65', 'min_65', 'max_65']
2024-12-28 00:20:59 - INFO - Columnas a eliminar por correlación > 0.86: ['RSI_14', 'CCI_14', 'price_momentum_volatility', 'EMA_diff_5_20', 'SMA_65', 'STDDEV_65', 'min_65', 'max_65']
2024-12-28 00:20:59 - INFO - Eliminando columnas durante transform: ['RSI_14', 'CCI_14', 'price_momentum_volatility', 'EMA_diff_5_20', 'SMA_65', 'STDDEV_65', 'min_65', 'max_65']
2024-12-28 00:20:59 - INFO - Eliminando columnas durante transform: ['RSI_14', 'CCI_14', 'price_momentum_volatility', 'EMA_diff_5_20', 'SMA_65', 'STDDEV_65', 'min_65', 'max_65']
2024-12-28 00:20:59 - INFO - Columnas a eliminar por correlación > 0.86: ['RSI_14', 'CCI_14', 'price_momentum_volatility', 'EMA_diff_5_20', 'SMA_65', 'STDDEV_65', 'min_65', 'max_65']
2024-12-28 00:20:59 - INFO - Eliminando columnas durante transform: ['RSI_14', 'CCI_14', 'price_momentum_volatility', 'EMA_diff_5_20', 'SMA_65', 'STDDEV_65', 'min_65', 'max_65']
2024-12-28 00:21:08 - INFO - Eliminando columnas durante transform: ['RSI_14', 'CCI_14', 'price_momentum_volatility', 'EMA_diff_5_20', 'SMA_65', 'STDDEV_65', 'min_65', 'max_65']
2024-12-28 00:21:08 - INFO - Columnas a eliminar por correlación > 0.86: ['RSI_14', 'CCI_14', 'price_momentum_volatility', 'EMA_diff_5_20', 'SMA_65', 'STDDEV_65', 'min_65', 'max_65']
2024-12-28 00:21:08 - INFO - Eliminando columnas durante transform: ['RSI_14', 'CCI_14', 'price_momentum_volatility', 'EMA_diff_5_20', 'SMA_65', 'STDDEV_65', 'min_65', 'max_65']
2024-12-28 00:21:12 - INFO - Eliminando columnas durante transform: ['RSI_14', 'CCI_14', 'price_momentum_volatility', 'EMA_diff_5_20', 'SMA_65', 'STDDEV_65', 'min_65', 'max_65']
2024-12-28 00:21:12 - INFO - Columnas a eliminar por correlación > 0.86: ['RSI_14', 'CCI_14', 'price_momentum_volatility', 'EMA_diff_5_20', 'SMA_65', 'STDDEV_65', 'min_65', 'max_65']
2024-12-28 00:21:12 - INFO - Eliminando columnas durante transform: ['RSI_14', 'CCI_14', 'price_momentum_volatility', 'EMA_diff_5_20', 'SMA_65', 'STDDEV_65', 'min_65', 'max_65']
2024-12-28 00:21:18 - INFO - Eliminando columnas durante transform: ['RSI_14', 'CCI_14', 'price_momentum_volatility', 'EMA_diff_5_20', 'SMA_65', 'STDDEV_65', 'min_65', 'max_65']
2024-12-28 00:21:20 - INFO - Target con look_ahead=4, lower=22, upper=78, min_change=0.008
2024-12-28 00:21:20 - INFO - Umbral inferior=-0.640354, superior=1.790106
2024-12-28 00:21:20 - INFO - Distribución de clases:
target
0    27233
1    10700
2    10700
Name: count, dtype: int64
2024-12-28 00:21:20 - INFO - Eliminados 199 registros con NaNs.
2024-12-28 00:21:20 - INFO - Columnas a eliminar por correlación > 0.86: ['RSI_14', 'CCI_14', 'price_momentum_volatility', 'EMA_diff_5_20', 'SMA_65', 'STDDEV_65', 'min_65', 'max_65']
2024-12-28 00:21:20 - INFO - Eliminando columnas durante transform: ['RSI_14', 'CCI_14', 'price_momentum_volatility', 'EMA_diff_5_20', 'SMA_65', 'STDDEV_65', 'min_65', 'max_65']
2024-12-28 00:21:24 - INFO - Eliminando columnas durante transform: ['RSI_14', 'CCI_14', 'price_momentum_volatility', 'EMA_diff_5_20', 'SMA_65', 'STDDEV_65', 'min_65', 'max_65']
2024-12-28 00:21:26 - INFO - Target con look_ahead=4, lower=22, upper=78, min_change=0.008
2024-12-28 00:21:26 - INFO - Umbral inferior=-0.640354, superior=1.790106
2024-12-28 00:21:26 - INFO - Distribución de clases:
target
0    27233
1    10700
2    10700
Name: count, dtype: int64
2024-12-28 00:21:26 - INFO - Eliminados 199 registros con NaNs.
2024-12-28 00:21:26 - INFO - Columnas a eliminar por correlación > 0.86: ['RSI_14', 'CCI_14', 'price_momentum_volatility', 'EMA_diff_5_20', 'SMA_65', 'STDDEV_65', 'min_65', 'max_65']
2024-12-28 00:21:26 - INFO - Eliminando columnas durante transform: ['RSI_14', 'CCI_14', 'price_momentum_volatility', 'EMA_diff_5_20', 'SMA_65', 'STDDEV_65', 'min_65', 'max_65']
2024-12-28 00:21:44 - INFO - Eliminando columnas durante transform: ['RSI_14', 'CCI_14', 'price_momentum_volatility', 'EMA_diff_5_20', 'SMA_65', 'STDDEV_65', 'min_65', 'max_65']
2024-12-28 00:21:44 - INFO - Columnas a eliminar por correlación > 0.86: ['RSI_14', 'CCI_14', 'price_momentum_volatility', 'EMA_diff_5_20', 'SMA_65', 'STDDEV_65', 'min_65', 'max_65']
2024-12-28 00:21:44 - INFO - Eliminando columnas durante transform: ['RSI_14', 'CCI_14', 'price_momentum_volatility', 'EMA_diff_5_20', 'SMA_65', 'STDDEV_65', 'min_65', 'max_65']
2024-12-28 00:21:49 - INFO - Eliminando columnas durante transform: ['RSI_14', 'CCI_14', 'price_momentum_volatility', 'EMA_diff_5_20', 'SMA_65', 'STDDEV_65', 'min_65', 'max_65']
2024-12-28 00:21:50 - INFO - Columnas a eliminar por correlación > 0.86: ['RSI_14', 'CCI_14', 'price_momentum_volatility', 'EMA_diff_5_20', 'SMA_65', 'STDDEV_65', 'min_65', 'max_65']
2024-12-28 00:21:50 - INFO - Eliminando columnas durante transform: ['RSI_14', 'CCI_14', 'price_momentum_volatility', 'EMA_diff_5_20', 'SMA_65', 'STDDEV_65', 'min_65', 'max_65']
2024-12-28 00:22:07 - INFO - Eliminando columnas durante transform: ['RSI_14', 'CCI_14', 'price_momentum_volatility', 'EMA_diff_5_20', 'SMA_65', 'STDDEV_65', 'min_65', 'max_65']
2024-12-28 00:22:07 - INFO - Columnas a eliminar por correlación > 0.86: ['RSI_14', 'CCI_14', 'price_momentum_volatility', 'EMA_diff_5_20', 'SMA_65', 'STDDEV_65', 'min_65', 'max_65']
2024-12-28 00:22:07 - INFO - Eliminando columnas durante transform: ['RSI_14', 'CCI_14', 'price_momentum_volatility', 'EMA_diff_5_20', 'SMA_65', 'STDDEV_65', 'min_65', 'max_65']
2024-12-28 00:22:11 - INFO - Eliminando columnas durante transform: ['RSI_14', 'CCI_14', 'price_momentum_volatility', 'EMA_diff_5_20', 'SMA_65', 'STDDEV_65', 'min_65', 'max_65']
2024-12-28 00:22:12 - INFO - Columnas a eliminar por correlación > 0.86: ['RSI_14', 'CCI_14', 'price_momentum_volatility', 'EMA_diff_5_20', 'SMA_65', 'STDDEV_65', 'min_65', 'max_65']
2024-12-28 00:22:12 - INFO - Eliminando columnas durante transform: ['RSI_14', 'CCI_14', 'price_momentum_volatility', 'EMA_diff_5_20', 'SMA_65', 'STDDEV_65', 'min_65', 'max_65']
2024-12-28 00:22:31 - INFO - Eliminando columnas durante transform: ['RSI_14', 'CCI_14', 'price_momentum_volatility', 'EMA_diff_5_20', 'SMA_65', 'STDDEV_65', 'min_65', 'max_65']
2024-12-28 00:22:31 - INFO - Columnas a eliminar por correlación > 0.86: ['RSI_14', 'CCI_14', 'price_momentum_volatility', 'EMA_diff_5_20', 'SMA_65', 'STDDEV_65', 'min_65', 'max_65']
2024-12-28 00:22:31 - INFO - Eliminando columnas durante transform: ['RSI_14', 'CCI_14', 'price_momentum_volatility', 'EMA_diff_5_20', 'SMA_65', 'STDDEV_65', 'min_65', 'max_65']
2024-12-28 00:22:34 - INFO - Eliminando columnas durante transform: ['RSI_14', 'CCI_14', 'price_momentum_volatility', 'EMA_diff_5_20', 'SMA_65', 'STDDEV_65', 'min_65', 'max_65']
2024-12-28 00:22:34 - INFO - Columnas a eliminar por correlación > 0.86: ['RSI_14', 'CCI_14', 'price_momentum_volatility', 'EMA_diff_5_20', 'SMA_65', 'STDDEV_65', 'min_65', 'max_65']
2024-12-28 00:22:34 - INFO - Eliminando columnas durante transform: ['RSI_14', 'CCI_14', 'price_momentum_volatility', 'EMA_diff_5_20', 'SMA_65', 'STDDEV_65', 'min_65', 'max_65']
2024-12-28 00:22:56 - INFO - Eliminando columnas durante transform: ['RSI_14', 'CCI_14', 'price_momentum_volatility', 'EMA_diff_5_20', 'SMA_65', 'STDDEV_65', 'min_65', 'max_65']
2024-12-28 00:22:56 - INFO - Columnas a eliminar por correlación > 0.86: ['RSI_14', 'CCI_14', 'price_momentum_volatility', 'EMA_diff_5_20', 'SMA_65', 'STDDEV_65', 'min_65', 'max_65']
2024-12-28 00:22:56 - INFO - Eliminando columnas durante transform: ['RSI_14', 'CCI_14', 'price_momentum_volatility', 'EMA_diff_5_20', 'SMA_65', 'STDDEV_65', 'min_65', 'max_65']
2024-12-28 00:22:57 - INFO - Eliminando columnas durante transform: ['RSI_14', 'CCI_14', 'price_momentum_volatility', 'EMA_diff_5_20', 'SMA_65', 'STDDEV_65', 'min_65', 'max_65']
2024-12-28 00:22:58 - INFO - Columnas a eliminar por correlación > 0.86: ['RSI_14', 'CCI_14', 'price_momentum_volatility', 'EMA_diff_5_20', 'SMA_65', 'STDDEV_65', 'min_65', 'max_65']
2024-12-28 00:22:58 - INFO - Eliminando columnas durante transform: ['RSI_14', 'CCI_14', 'price_momentum_volatility', 'EMA_diff_5_20', 'SMA_65', 'STDDEV_65', 'min_65', 'max_65']
2024-12-28 00:23:19 - INFO - Eliminando columnas durante transform: ['RSI_14', 'CCI_14', 'price_momentum_volatility', 'EMA_diff_5_20', 'SMA_65', 'STDDEV_65', 'min_65', 'max_65']
2024-12-28 00:23:20 - INFO - Eliminando columnas durante transform: ['RSI_14', 'CCI_14', 'price_momentum_volatility', 'EMA_diff_5_20', 'SMA_65', 'STDDEV_65', 'min_65', 'max_65']
2024-12-28 00:23:21 - INFO - Target con look_ahead=4, lower=22, upper=78, min_change=0.008
2024-12-28 00:23:21 - INFO - Umbral inferior=-0.640354, superior=1.790106
2024-12-28 00:23:21 - INFO - Distribución de clases:
target
0    27233
1    10700
2    10700
Name: count, dtype: int64
2024-12-28 00:23:22 - INFO - Target con look_ahead=4, lower=22, upper=78, min_change=0.008
2024-12-28 00:23:22 - INFO - Umbral inferior=-0.640354, superior=1.790106
2024-12-28 00:23:22 - INFO - Distribución de clases:
target
0    27233
1    10700
2    10700
Name: count, dtype: int64
2024-12-28 00:23:22 - INFO - Eliminados 199 registros con NaNs.
2024-12-28 00:23:22 - INFO - Eliminados 199 registros con NaNs.
2024-12-28 00:23:22 - INFO - Columnas a eliminar por correlación > 0.86: ['RSI_14', 'CCI_14', 'price_momentum_volatility', 'EMA_diff_5_20', 'SMA_65', 'STDDEV_65', 'min_65', 'max_65']
2024-12-28 00:23:22 - INFO - Eliminando columnas durante transform: ['RSI_14', 'CCI_14', 'price_momentum_volatility', 'EMA_diff_5_20', 'SMA_65', 'STDDEV_65', 'min_65', 'max_65']
2024-12-28 00:23:22 - INFO - Columnas a eliminar por correlación > 0.86: ['RSI_14', 'CCI_14', 'price_momentum_volatility', 'EMA_diff_5_20', 'SMA_65', 'STDDEV_65', 'min_65', 'max_65']
2024-12-28 00:23:22 - INFO - Eliminando columnas durante transform: ['RSI_14', 'CCI_14', 'price_momentum_volatility', 'EMA_diff_5_20', 'SMA_65', 'STDDEV_65', 'min_65', 'max_65']
2024-12-28 00:23:45 - INFO - Eliminando columnas durante transform: ['RSI_14', 'CCI_14', 'price_momentum_volatility', 'EMA_diff_5_20', 'SMA_65', 'STDDEV_65', 'min_65', 'max_65']
2024-12-28 00:23:45 - INFO - Eliminando columnas durante transform: ['RSI_14', 'CCI_14', 'price_momentum_volatility', 'EMA_diff_5_20', 'SMA_65', 'STDDEV_65', 'min_65', 'max_65']
2024-12-28 00:23:46 - INFO - Columnas a eliminar por correlación > 0.86: ['RSI_14', 'CCI_14', 'price_momentum_volatility', 'EMA_diff_5_20', 'SMA_65', 'STDDEV_65', 'min_65', 'max_65']
2024-12-28 00:23:46 - INFO - Eliminando columnas durante transform: ['RSI_14', 'CCI_14', 'price_momentum_volatility', 'EMA_diff_5_20', 'SMA_65', 'STDDEV_65', 'min_65', 'max_65']
2024-12-28 00:23:46 - INFO - Columnas a eliminar por correlación > 0.86: ['RSI_14', 'CCI_14', 'price_momentum_volatility', 'EMA_diff_5_20', 'SMA_65', 'STDDEV_65', 'min_65', 'max_65']
2024-12-28 00:23:46 - INFO - Eliminando columnas durante transform: ['RSI_14', 'CCI_14', 'price_momentum_volatility', 'EMA_diff_5_20', 'SMA_65', 'STDDEV_65', 'min_65', 'max_65']
2024-12-28 00:24:10 - INFO - Eliminando columnas durante transform: ['RSI_14', 'CCI_14', 'price_momentum_volatility', 'EMA_diff_5_20', 'SMA_65', 'STDDEV_65', 'min_65', 'max_65']
2024-12-28 00:24:10 - INFO - Columnas a eliminar por correlación > 0.86: ['RSI_14', 'CCI_14', 'price_momentum_volatility', 'EMA_diff_5_20', 'SMA_65', 'STDDEV_65', 'min_65', 'max_65']
2024-12-28 00:24:10 - INFO - Eliminando columnas durante transform: ['RSI_14', 'CCI_14', 'price_momentum_volatility', 'EMA_diff_5_20', 'SMA_65', 'STDDEV_65', 'min_65', 'max_65']
2024-12-28 00:24:10 - INFO - Eliminando columnas durante transform: ['RSI_14', 'CCI_14', 'price_momentum_volatility', 'EMA_diff_5_20', 'SMA_65', 'STDDEV_65', 'min_65', 'max_65']
2024-12-28 00:24:10 - INFO - Columnas a eliminar por correlación > 0.86: ['RSI_14', 'CCI_14', 'price_momentum_volatility', 'EMA_diff_5_20', 'SMA_65', 'STDDEV_65', 'min_65', 'max_65']
2024-12-28 00:24:10 - INFO - Eliminando columnas durante transform: ['RSI_14', 'CCI_14', 'price_momentum_volatility', 'EMA_diff_5_20', 'SMA_65', 'STDDEV_65', 'min_65', 'max_65']
2024-12-28 00:24:35 - INFO - Eliminando columnas durante transform: ['RSI_14', 'CCI_14', 'price_momentum_volatility', 'EMA_diff_5_20', 'SMA_65', 'STDDEV_65', 'min_65', 'max_65']
2024-12-28 00:24:35 - INFO - Eliminando columnas durante transform: ['RSI_14', 'CCI_14', 'price_momentum_volatility', 'EMA_diff_5_20', 'SMA_65', 'STDDEV_65', 'min_65', 'max_65']
2024-12-28 00:24:35 - INFO - Columnas a eliminar por correlación > 0.86: ['RSI_14', 'CCI_14', 'price_momentum_volatility', 'EMA_diff_5_20', 'SMA_65', 'STDDEV_65', 'min_65', 'max_65']
2024-12-28 00:24:35 - INFO - Eliminando columnas durante transform: ['RSI_14', 'CCI_14', 'price_momentum_volatility', 'EMA_diff_5_20', 'SMA_65', 'STDDEV_65', 'min_65', 'max_65']
2024-12-28 00:24:36 - INFO - Columnas a eliminar por correlación > 0.86: ['RSI_14', 'CCI_14', 'price_momentum_volatility', 'EMA_diff_5_20', 'SMA_65', 'STDDEV_65', 'min_65', 'max_65']
2024-12-28 00:24:36 - INFO - Eliminando columnas durante transform: ['RSI_14', 'CCI_14', 'price_momentum_volatility', 'EMA_diff_5_20', 'SMA_65', 'STDDEV_65', 'min_65', 'max_65']
2024-12-28 00:24:59 - INFO - Eliminando columnas durante transform: ['RSI_14', 'CCI_14', 'price_momentum_volatility', 'EMA_diff_5_20', 'SMA_65', 'STDDEV_65', 'min_65', 'max_65']
2024-12-28 00:24:59 - INFO - Eliminando columnas durante transform: ['RSI_14', 'CCI_14', 'price_momentum_volatility', 'EMA_diff_5_20', 'SMA_65', 'STDDEV_65', 'min_65', 'max_65']
2024-12-28 00:24:59 - INFO - Columnas a eliminar por correlación > 0.86: ['RSI_14', 'CCI_14', 'price_momentum_volatility', 'EMA_diff_5_20', 'SMA_65', 'STDDEV_65', 'min_65', 'max_65']
2024-12-28 00:24:59 - INFO - Eliminando columnas durante transform: ['RSI_14', 'CCI_14', 'price_momentum_volatility', 'EMA_diff_5_20', 'SMA_65', 'STDDEV_65', 'min_65', 'max_65']
2024-12-28 00:24:59 - INFO - Columnas a eliminar por correlación > 0.86: ['RSI_14', 'CCI_14', 'price_momentum_volatility', 'EMA_diff_5_20', 'SMA_65', 'STDDEV_65', 'min_65', 'max_65']
2024-12-28 00:24:59 - INFO - Eliminando columnas durante transform: ['RSI_14', 'CCI_14', 'price_momentum_volatility', 'EMA_diff_5_20', 'SMA_65', 'STDDEV_65', 'min_65', 'max_65']
2024-12-28 00:25:23 - INFO - Eliminando columnas durante transform: ['RSI_14', 'CCI_14', 'price_momentum_volatility', 'EMA_diff_5_20', 'SMA_65', 'STDDEV_65', 'min_65', 'max_65']
2024-12-28 00:25:23 - INFO - Eliminando columnas durante transform: ['RSI_14', 'CCI_14', 'price_momentum_volatility', 'EMA_diff_5_20', 'SMA_65', 'STDDEV_65', 'min_65', 'max_65']
2024-12-28 00:25:25 - INFO - Target con look_ahead=4, lower=22, upper=78, min_change=0.008
2024-12-28 00:25:25 - INFO - Umbral inferior=-0.640354, superior=1.790106
2024-12-28 00:25:25 - INFO - Distribución de clases:
target
0    27233
1    10700
2    10700
Name: count, dtype: int64
2024-12-28 00:25:25 - INFO - Target con look_ahead=4, lower=22, upper=78, min_change=0.008
2024-12-28 00:25:25 - INFO - Umbral inferior=-0.640354, superior=1.790106
2024-12-28 00:25:25 - INFO - Distribución de clases:
target
0    27233
1    10700
2    10700
Name: count, dtype: int64
2024-12-28 00:25:25 - INFO - Eliminados 199 registros con NaNs.
2024-12-28 00:25:25 - INFO - Eliminados 199 registros con NaNs.
2024-12-28 00:25:25 - INFO - Columnas a eliminar por correlación > 0.86: ['RSI_14', 'CCI_14', 'price_momentum_volatility', 'EMA_diff_5_20', 'SMA_65', 'STDDEV_65', 'min_65', 'max_65']
2024-12-28 00:25:25 - INFO - Eliminando columnas durante transform: ['RSI_14', 'CCI_14', 'price_momentum_volatility', 'EMA_diff_5_20', 'SMA_65', 'STDDEV_65', 'min_65', 'max_65']
2024-12-28 00:25:25 - INFO - Columnas a eliminar por correlación > 0.86: ['RSI_14', 'CCI_14', 'price_momentum_volatility', 'EMA_diff_5_20', 'SMA_65', 'STDDEV_65', 'min_65', 'max_65']
2024-12-28 00:25:25 - INFO - Eliminando columnas durante transform: ['RSI_14', 'CCI_14', 'price_momentum_volatility', 'EMA_diff_5_20', 'SMA_65', 'STDDEV_65', 'min_65', 'max_65']
2024-12-28 00:25:47 - INFO - Eliminando columnas durante transform: ['RSI_14', 'CCI_14', 'price_momentum_volatility', 'EMA_diff_5_20', 'SMA_65', 'STDDEV_65', 'min_65', 'max_65']
2024-12-28 00:25:47 - INFO - Columnas a eliminar por correlación > 0.86: ['RSI_14', 'CCI_14', 'price_momentum_volatility', 'EMA_diff_5_20', 'SMA_65', 'STDDEV_65', 'min_65', 'max_65']
2024-12-28 00:25:47 - INFO - Eliminando columnas durante transform: ['RSI_14', 'CCI_14', 'price_momentum_volatility', 'EMA_diff_5_20', 'SMA_65', 'STDDEV_65', 'min_65', 'max_65']
2024-12-28 00:25:48 - INFO - Eliminando columnas durante transform: ['RSI_14', 'CCI_14', 'price_momentum_volatility', 'EMA_diff_5_20', 'SMA_65', 'STDDEV_65', 'min_65', 'max_65']
2024-12-28 00:25:48 - INFO - Columnas a eliminar por correlación > 0.86: ['RSI_14', 'CCI_14', 'price_momentum_volatility', 'EMA_diff_5_20', 'SMA_65', 'STDDEV_65', 'min_65', 'max_65']
2024-12-28 00:25:48 - INFO - Eliminando columnas durante transform: ['RSI_14', 'CCI_14', 'price_momentum_volatility', 'EMA_diff_5_20', 'SMA_65', 'STDDEV_65', 'min_65', 'max_65']
2024-12-28 00:26:09 - INFO - Eliminando columnas durante transform: ['RSI_14', 'CCI_14', 'price_momentum_volatility', 'EMA_diff_5_20', 'SMA_65', 'STDDEV_65', 'min_65', 'max_65']
2024-12-28 00:26:09 - INFO - Columnas a eliminar por correlación > 0.86: ['RSI_14', 'CCI_14', 'price_momentum_volatility', 'EMA_diff_5_20', 'SMA_65', 'STDDEV_65', 'min_65', 'max_65']
2024-12-28 00:26:09 - INFO - Eliminando columnas durante transform: ['RSI_14', 'CCI_14', 'price_momentum_volatility', 'EMA_diff_5_20', 'SMA_65', 'STDDEV_65', 'min_65', 'max_65']
2024-12-28 00:26:12 - INFO - Eliminando columnas durante transform: ['RSI_14', 'CCI_14', 'price_momentum_volatility', 'EMA_diff_5_20', 'SMA_65', 'STDDEV_65', 'min_65', 'max_65']
2024-12-28 00:26:12 - INFO - Columnas a eliminar por correlación > 0.86: ['RSI_14', 'CCI_14', 'price_momentum_volatility', 'EMA_diff_5_20', 'SMA_65', 'STDDEV_65', 'min_65', 'max_65']
2024-12-28 00:26:12 - INFO - Eliminando columnas durante transform: ['RSI_14', 'CCI_14', 'price_momentum_volatility', 'EMA_diff_5_20', 'SMA_65', 'STDDEV_65', 'min_65', 'max_65']
2024-12-28 00:26:32 - INFO - Eliminando columnas durante transform: ['RSI_14', 'CCI_14', 'price_momentum_volatility', 'EMA_diff_5_20', 'SMA_65', 'STDDEV_65', 'min_65', 'max_65']
2024-12-28 00:26:33 - INFO - Columnas a eliminar por correlación > 0.86: ['RSI_14', 'CCI_14', 'price_momentum_volatility', 'EMA_diff_5_20', 'SMA_65', 'STDDEV_65', 'min_65', 'max_65']
2024-12-28 00:26:33 - INFO - Eliminando columnas durante transform: ['RSI_14', 'CCI_14', 'price_momentum_volatility', 'EMA_diff_5_20', 'SMA_65', 'STDDEV_65', 'min_65', 'max_65']
2024-12-28 00:26:36 - INFO - Eliminando columnas durante transform: ['RSI_14', 'CCI_14', 'price_momentum_volatility', 'EMA_diff_5_20', 'SMA_65', 'STDDEV_65', 'min_65', 'max_65']
2024-12-28 00:26:36 - INFO - Columnas a eliminar por correlación > 0.86: ['RSI_14', 'CCI_14', 'price_momentum_volatility', 'EMA_diff_5_20', 'SMA_65', 'STDDEV_65', 'min_65', 'max_65']
2024-12-28 00:26:36 - INFO - Eliminando columnas durante transform: ['RSI_14', 'CCI_14', 'price_momentum_volatility', 'EMA_diff_5_20', 'SMA_65', 'STDDEV_65', 'min_65', 'max_65']
2024-12-28 00:26:56 - INFO - Eliminando columnas durante transform: ['RSI_14', 'CCI_14', 'price_momentum_volatility', 'EMA_diff_5_20', 'SMA_65', 'STDDEV_65', 'min_65', 'max_65']
2024-12-28 00:26:56 - INFO - Columnas a eliminar por correlación > 0.86: ['RSI_14', 'CCI_14', 'price_momentum_volatility', 'EMA_diff_5_20', 'SMA_65', 'STDDEV_65', 'min_65', 'max_65']
2024-12-28 00:26:56 - INFO - Eliminando columnas durante transform: ['RSI_14', 'CCI_14', 'price_momentum_volatility', 'EMA_diff_5_20', 'SMA_65', 'STDDEV_65', 'min_65', 'max_65']
2024-12-28 00:27:01 - INFO - Eliminando columnas durante transform: ['RSI_14', 'CCI_14', 'price_momentum_volatility', 'EMA_diff_5_20', 'SMA_65', 'STDDEV_65', 'min_65', 'max_65']
2024-12-28 00:27:02 - INFO - Columnas a eliminar por correlación > 0.86: ['RSI_14', 'CCI_14', 'price_momentum_volatility', 'EMA_diff_5_20', 'SMA_65', 'STDDEV_65', 'min_65', 'max_65']
2024-12-28 00:27:02 - INFO - Eliminando columnas durante transform: ['RSI_14', 'CCI_14', 'price_momentum_volatility', 'EMA_diff_5_20', 'SMA_65', 'STDDEV_65', 'min_65', 'max_65']
2024-12-28 00:27:20 - INFO - Eliminando columnas durante transform: ['RSI_14', 'CCI_14', 'price_momentum_volatility', 'EMA_diff_5_20', 'SMA_65', 'STDDEV_65', 'min_65', 'max_65']
2024-12-28 00:27:22 - INFO - Target con look_ahead=4, lower=22, upper=78, min_change=0.008
2024-12-28 00:27:22 - INFO - Umbral inferior=-0.640354, superior=1.790106
2024-12-28 00:27:22 - INFO - Distribución de clases:
target
0    27233
1    10700
2    10700
Name: count, dtype: int64
2024-12-28 00:27:22 - INFO - Eliminados 199 registros con NaNs.
2024-12-28 00:27:22 - INFO - Columnas a eliminar por correlación > 0.86: ['RSI_14', 'CCI_14', 'price_momentum_volatility', 'EMA_diff_5_20', 'SMA_65', 'STDDEV_65', 'min_65', 'max_65']
2024-12-28 00:27:22 - INFO - Eliminando columnas durante transform: ['RSI_14', 'CCI_14', 'price_momentum_volatility', 'EMA_diff_5_20', 'SMA_65', 'STDDEV_65', 'min_65', 'max_65']
2024-12-28 00:27:26 - INFO - Eliminando columnas durante transform: ['RSI_14', 'CCI_14', 'price_momentum_volatility', 'EMA_diff_5_20', 'SMA_65', 'STDDEV_65', 'min_65', 'max_65']
2024-12-28 00:27:28 - INFO - Target con look_ahead=4, lower=22, upper=78, min_change=0.008
2024-12-28 00:27:28 - INFO - Umbral inferior=-0.640354, superior=1.790106
2024-12-28 00:27:28 - INFO - Distribución de clases:
target
0    27233
1    10700
2    10700
Name: count, dtype: int64
2024-12-28 00:27:28 - INFO - Eliminados 199 registros con NaNs.
2024-12-28 00:27:28 - INFO - Columnas a eliminar por correlación > 0.86: ['RSI_14', 'CCI_14', 'price_momentum_volatility', 'EMA_diff_5_20', 'SMA_65', 'STDDEV_65', 'min_65', 'max_65']
2024-12-28 00:27:28 - INFO - Eliminando columnas durante transform: ['RSI_14', 'CCI_14', 'price_momentum_volatility', 'EMA_diff_5_20', 'SMA_65', 'STDDEV_65', 'min_65', 'max_65']
2024-12-28 00:27:33 - INFO - Eliminando columnas durante transform: ['RSI_14', 'CCI_14', 'price_momentum_volatility', 'EMA_diff_5_20', 'SMA_65', 'STDDEV_65', 'min_65', 'max_65']
2024-12-28 00:27:34 - INFO - Columnas a eliminar por correlación > 0.86: ['RSI_14', 'CCI_14', 'price_momentum_volatility', 'EMA_diff_5_20', 'SMA_65', 'STDDEV_65', 'min_65', 'max_65']
2024-12-28 00:27:34 - INFO - Eliminando columnas durante transform: ['RSI_14', 'CCI_14', 'price_momentum_volatility', 'EMA_diff_5_20', 'SMA_65', 'STDDEV_65', 'min_65', 'max_65']
2024-12-28 00:27:39 - INFO - Eliminando columnas durante transform: ['RSI_14', 'CCI_14', 'price_momentum_volatility', 'EMA_diff_5_20', 'SMA_65', 'STDDEV_65', 'min_65', 'max_65']
2024-12-28 00:27:39 - INFO - Columnas a eliminar por correlación > 0.86: ['RSI_14', 'CCI_14', 'price_momentum_volatility', 'EMA_diff_5_20', 'SMA_65', 'STDDEV_65', 'min_65', 'max_65']
2024-12-28 00:27:39 - INFO - Eliminando columnas durante transform: ['RSI_14', 'CCI_14', 'price_momentum_volatility', 'EMA_diff_5_20', 'SMA_65', 'STDDEV_65', 'min_65', 'max_65']
2024-12-28 00:27:44 - INFO - Eliminando columnas durante transform: ['RSI_14', 'CCI_14', 'price_momentum_volatility', 'EMA_diff_5_20', 'SMA_65', 'STDDEV_65', 'min_65', 'max_65']
2024-12-28 00:27:44 - INFO - Columnas a eliminar por correlación > 0.86: ['RSI_14', 'CCI_14', 'price_momentum_volatility', 'EMA_diff_5_20', 'SMA_65', 'STDDEV_65', 'min_65', 'max_65']
2024-12-28 00:27:44 - INFO - Eliminando columnas durante transform: ['RSI_14', 'CCI_14', 'price_momentum_volatility', 'EMA_diff_5_20', 'SMA_65', 'STDDEV_65', 'min_65', 'max_65']
2024-12-28 00:27:51 - INFO - Eliminando columnas durante transform: ['RSI_14', 'CCI_14', 'price_momentum_volatility', 'EMA_diff_5_20', 'SMA_65', 'STDDEV_65', 'min_65', 'max_65']
2024-12-28 00:27:51 - INFO - Columnas a eliminar por correlación > 0.86: ['RSI_14', 'CCI_14', 'price_momentum_volatility', 'EMA_diff_5_20', 'SMA_65', 'STDDEV_65', 'min_65', 'max_65']
2024-12-28 00:27:51 - INFO - Eliminando columnas durante transform: ['RSI_14', 'CCI_14', 'price_momentum_volatility', 'EMA_diff_5_20', 'SMA_65', 'STDDEV_65', 'min_65', 'max_65']
2024-12-28 00:27:55 - INFO - Eliminando columnas durante transform: ['RSI_14', 'CCI_14', 'price_momentum_volatility', 'EMA_diff_5_20', 'SMA_65', 'STDDEV_65', 'min_65', 'max_65']
2024-12-28 00:27:55 - INFO - Columnas a eliminar por correlación > 0.86: ['RSI_14', 'CCI_14', 'price_momentum_volatility', 'EMA_diff_5_20', 'SMA_65', 'STDDEV_65', 'min_65', 'max_65']
2024-12-28 00:27:55 - INFO - Eliminando columnas durante transform: ['RSI_14', 'CCI_14', 'price_momentum_volatility', 'EMA_diff_5_20', 'SMA_65', 'STDDEV_65', 'min_65', 'max_65']
2024-12-28 00:28:01 - INFO - Eliminando columnas durante transform: ['RSI_14', 'CCI_14', 'price_momentum_volatility', 'EMA_diff_5_20', 'SMA_65', 'STDDEV_65', 'min_65', 'max_65']
2024-12-28 00:28:01 - INFO - Columnas a eliminar por correlación > 0.86: ['RSI_14', 'CCI_14', 'price_momentum_volatility', 'EMA_diff_5_20', 'SMA_65', 'STDDEV_65', 'min_65', 'max_65']
2024-12-28 00:28:01 - INFO - Eliminando columnas durante transform: ['RSI_14', 'CCI_14', 'price_momentum_volatility', 'EMA_diff_5_20', 'SMA_65', 'STDDEV_65', 'min_65', 'max_65']
2024-12-28 00:28:05 - INFO - Eliminando columnas durante transform: ['RSI_14', 'CCI_14', 'price_momentum_volatility', 'EMA_diff_5_20', 'SMA_65', 'STDDEV_65', 'min_65', 'max_65']
2024-12-28 00:28:05 - INFO - Columnas a eliminar por correlación > 0.86: ['RSI_14', 'CCI_14', 'price_momentum_volatility', 'EMA_diff_5_20', 'SMA_65', 'STDDEV_65', 'min_65', 'max_65']
2024-12-28 00:28:05 - INFO - Eliminando columnas durante transform: ['RSI_14', 'CCI_14', 'price_momentum_volatility', 'EMA_diff_5_20', 'SMA_65', 'STDDEV_65', 'min_65', 'max_65']
2024-12-28 00:28:11 - INFO - Eliminando columnas durante transform: ['RSI_14', 'CCI_14', 'price_momentum_volatility', 'EMA_diff_5_20', 'SMA_65', 'STDDEV_65', 'min_65', 'max_65']
2024-12-28 00:28:12 - INFO - Columnas a eliminar por correlación > 0.86: ['RSI_14', 'CCI_14', 'price_momentum_volatility', 'EMA_diff_5_20', 'SMA_65', 'STDDEV_65', 'min_65', 'max_65']
2024-12-28 00:28:12 - INFO - Eliminando columnas durante transform: ['RSI_14', 'CCI_14', 'price_momentum_volatility', 'EMA_diff_5_20', 'SMA_65', 'STDDEV_65', 'min_65', 'max_65']
2024-12-28 00:28:16 - INFO - Eliminando columnas durante transform: ['RSI_14', 'CCI_14', 'price_momentum_volatility', 'EMA_diff_5_20', 'SMA_65', 'STDDEV_65', 'min_65', 'max_65']
2024-12-28 00:28:17 - INFO - Target con look_ahead=4, lower=22, upper=78, min_change=0.008
2024-12-28 00:28:17 - INFO - Umbral inferior=-0.640354, superior=1.790106
2024-12-28 00:28:17 - INFO - Distribución de clases:
target
0    27233
1    10700
2    10700
Name: count, dtype: int64
2024-12-28 00:28:18 - INFO - Eliminados 199 registros con NaNs.
2024-12-28 00:28:18 - INFO - Columnas a eliminar por correlación > 0.86: ['RSI_14', 'CCI_14', 'price_momentum_volatility', 'EMA_diff_5_20', 'SMA_65', 'STDDEV_65', 'min_65', 'max_65']
2024-12-28 00:28:18 - INFO - Eliminando columnas durante transform: ['RSI_14', 'CCI_14', 'price_momentum_volatility', 'EMA_diff_5_20', 'SMA_65', 'STDDEV_65', 'min_65', 'max_65']
2024-12-28 00:28:24 - INFO - Eliminando columnas durante transform: ['RSI_14', 'CCI_14', 'price_momentum_volatility', 'EMA_diff_5_20', 'SMA_65', 'STDDEV_65', 'min_65', 'max_65']
2024-12-28 00:28:25 - INFO - Target con look_ahead=4, lower=22, upper=78, min_change=0.008
2024-12-28 00:28:25 - INFO - Umbral inferior=-0.640354, superior=1.790106
2024-12-28 00:28:25 - INFO - Distribución de clases:
target
0    27233
1    10700
2    10700
Name: count, dtype: int64
2024-12-28 00:28:25 - INFO - Eliminados 199 registros con NaNs.
2024-12-28 00:28:26 - INFO - Columnas a eliminar por correlación > 0.86: ['RSI_14', 'CCI_14', 'price_momentum_volatility', 'EMA_diff_5_20', 'SMA_65', 'STDDEV_65', 'min_65', 'max_65']
2024-12-28 00:28:26 - INFO - Eliminando columnas durante transform: ['RSI_14', 'CCI_14', 'price_momentum_volatility', 'EMA_diff_5_20', 'SMA_65', 'STDDEV_65', 'min_65', 'max_65']
2024-12-28 00:28:35 - INFO - Eliminando columnas durante transform: ['RSI_14', 'CCI_14', 'price_momentum_volatility', 'EMA_diff_5_20', 'SMA_65', 'STDDEV_65', 'min_65', 'max_65']
2024-12-28 00:28:36 - INFO - Columnas a eliminar por correlación > 0.86: ['RSI_14', 'CCI_14', 'price_momentum_volatility', 'EMA_diff_5_20', 'SMA_65', 'STDDEV_65', 'min_65', 'max_65']
2024-12-28 00:28:36 - INFO - Eliminando columnas durante transform: ['RSI_14', 'CCI_14', 'price_momentum_volatility', 'EMA_diff_5_20', 'SMA_65', 'STDDEV_65', 'min_65', 'max_65']
2024-12-28 00:28:37 - INFO - Eliminando columnas durante transform: ['RSI_14', 'CCI_14', 'price_momentum_volatility', 'EMA_diff_5_20', 'SMA_65', 'STDDEV_65', 'min_65', 'max_65']
2024-12-28 00:28:37 - INFO - Columnas a eliminar por correlación > 0.86: ['RSI_14', 'CCI_14', 'price_momentum_volatility', 'EMA_diff_5_20', 'SMA_65', 'STDDEV_65', 'min_65', 'max_65']
2024-12-28 00:28:37 - INFO - Eliminando columnas durante transform: ['RSI_14', 'CCI_14', 'price_momentum_volatility', 'EMA_diff_5_20', 'SMA_65', 'STDDEV_65', 'min_65', 'max_65']
2024-12-28 00:28:48 - INFO - Eliminando columnas durante transform: ['RSI_14', 'CCI_14', 'price_momentum_volatility', 'EMA_diff_5_20', 'SMA_65', 'STDDEV_65', 'min_65', 'max_65']
2024-12-28 00:28:48 - INFO - Columnas a eliminar por correlación > 0.86: ['RSI_14', 'CCI_14', 'price_momentum_volatility', 'EMA_diff_5_20', 'SMA_65', 'STDDEV_65', 'min_65', 'max_65']
2024-12-28 00:28:48 - INFO - Eliminando columnas durante transform: ['RSI_14', 'CCI_14', 'price_momentum_volatility', 'EMA_diff_5_20', 'SMA_65', 'STDDEV_65', 'min_65', 'max_65']
2024-12-28 00:28:53 - INFO - Eliminando columnas durante transform: ['RSI_14', 'CCI_14', 'price_momentum_volatility', 'EMA_diff_5_20', 'SMA_65', 'STDDEV_65', 'min_65', 'max_65']
2024-12-28 00:28:53 - INFO - Columnas a eliminar por correlación > 0.86: ['RSI_14', 'CCI_14', 'price_momentum_volatility', 'EMA_diff_5_20', 'SMA_65', 'STDDEV_65', 'min_65', 'max_65']
2024-12-28 00:28:53 - INFO - Eliminando columnas durante transform: ['RSI_14', 'CCI_14', 'price_momentum_volatility', 'EMA_diff_5_20', 'SMA_65', 'STDDEV_65', 'min_65', 'max_65']
2024-12-28 00:28:59 - INFO - Eliminando columnas durante transform: ['RSI_14', 'CCI_14', 'price_momentum_volatility', 'EMA_diff_5_20', 'SMA_65', 'STDDEV_65', 'min_65', 'max_65']
2024-12-28 00:28:59 - INFO - Columnas a eliminar por correlación > 0.86: ['RSI_14', 'CCI_14', 'price_momentum_volatility', 'EMA_diff_5_20', 'SMA_65', 'STDDEV_65', 'min_65', 'max_65']
2024-12-28 00:28:59 - INFO - Eliminando columnas durante transform: ['RSI_14', 'CCI_14', 'price_momentum_volatility', 'EMA_diff_5_20', 'SMA_65', 'STDDEV_65', 'min_65', 'max_65']
2024-12-28 00:29:11 - INFO - Eliminando columnas durante transform: ['RSI_14', 'CCI_14', 'price_momentum_volatility', 'EMA_diff_5_20', 'SMA_65', 'STDDEV_65', 'min_65', 'max_65']
2024-12-28 00:29:11 - INFO - Eliminando columnas durante transform: ['RSI_14', 'CCI_14', 'price_momentum_volatility', 'EMA_diff_5_20', 'SMA_65', 'STDDEV_65', 'min_65', 'max_65']
2024-12-28 00:29:11 - INFO - Columnas a eliminar por correlación > 0.86: ['RSI_14', 'CCI_14', 'price_momentum_volatility', 'EMA_diff_5_20', 'SMA_65', 'STDDEV_65', 'min_65', 'max_65']
2024-12-28 00:29:11 - INFO - Eliminando columnas durante transform: ['RSI_14', 'CCI_14', 'price_momentum_volatility', 'EMA_diff_5_20', 'SMA_65', 'STDDEV_65', 'min_65', 'max_65']
2024-12-28 00:29:11 - INFO - Columnas a eliminar por correlación > 0.86: ['RSI_14', 'CCI_14', 'price_momentum_volatility', 'EMA_diff_5_20', 'SMA_65', 'STDDEV_65', 'min_65', 'max_65']
2024-12-28 00:29:11 - INFO - Eliminando columnas durante transform: ['RSI_14', 'CCI_14', 'price_momentum_volatility', 'EMA_diff_5_20', 'SMA_65', 'STDDEV_65', 'min_65', 'max_65']
2024-12-28 00:29:20 - INFO - Eliminando columnas durante transform: ['RSI_14', 'CCI_14', 'price_momentum_volatility', 'EMA_diff_5_20', 'SMA_65', 'STDDEV_65', 'min_65', 'max_65']
2024-12-28 00:29:22 - INFO - Target con look_ahead=4, lower=22, upper=78, min_change=0.008
2024-12-28 00:29:22 - INFO - Umbral inferior=-0.640354, superior=1.790106
2024-12-28 00:29:22 - INFO - Distribución de clases:
target
0    27233
1    10700
2    10700
Name: count, dtype: int64
2024-12-28 00:29:22 - INFO - Eliminados 199 registros con NaNs.
2024-12-28 00:29:22 - INFO - Columnas a eliminar por correlación > 0.86: ['RSI_14', 'CCI_14', 'price_momentum_volatility', 'EMA_diff_5_20', 'SMA_65', 'STDDEV_65', 'min_65', 'max_65']
2024-12-28 00:29:22 - INFO - Eliminando columnas durante transform: ['RSI_14', 'CCI_14', 'price_momentum_volatility', 'EMA_diff_5_20', 'SMA_65', 'STDDEV_65', 'min_65', 'max_65']
2024-12-28 00:29:28 - INFO - Eliminando columnas durante transform: ['RSI_14', 'CCI_14', 'price_momentum_volatility', 'EMA_diff_5_20', 'SMA_65', 'STDDEV_65', 'min_65', 'max_65']
2024-12-28 00:29:29 - INFO - Columnas a eliminar por correlación > 0.86: ['RSI_14', 'CCI_14', 'price_momentum_volatility', 'EMA_diff_5_20', 'SMA_65', 'STDDEV_65', 'min_65', 'max_65']
2024-12-28 00:29:29 - INFO - Eliminando columnas durante transform: ['RSI_14', 'CCI_14', 'price_momentum_volatility', 'EMA_diff_5_20', 'SMA_65', 'STDDEV_65', 'min_65', 'max_65']
2024-12-28 00:29:41 - INFO - Eliminando columnas durante transform: ['RSI_14', 'CCI_14', 'price_momentum_volatility', 'EMA_diff_5_20', 'SMA_65', 'STDDEV_65', 'min_65', 'max_65']
2024-12-28 00:29:42 - INFO - Columnas a eliminar por correlación > 0.86: ['RSI_14', 'CCI_14', 'price_momentum_volatility', 'EMA_diff_5_20', 'SMA_65', 'STDDEV_65', 'min_65', 'max_65']
2024-12-28 00:29:42 - INFO - Eliminando columnas durante transform: ['RSI_14', 'CCI_14', 'price_momentum_volatility', 'EMA_diff_5_20', 'SMA_65', 'STDDEV_65', 'min_65', 'max_65']
2024-12-28 00:29:46 - INFO - Eliminando columnas durante transform: ['RSI_14', 'CCI_14', 'price_momentum_volatility', 'EMA_diff_5_20', 'SMA_65', 'STDDEV_65', 'min_65', 'max_65']
2024-12-28 00:29:48 - INFO - Target con look_ahead=4, lower=22, upper=78, min_change=0.008
2024-12-28 00:29:48 - INFO - Umbral inferior=-0.640354, superior=1.790106
2024-12-28 00:29:48 - INFO - Distribución de clases:
target
0    27233
1    10700
2    10700
Name: count, dtype: int64
2024-12-28 00:29:48 - INFO - Eliminados 199 registros con NaNs.
2024-12-28 00:29:48 - INFO - Columnas a eliminar por correlación > 0.86: ['RSI_14', 'CCI_14', 'price_momentum_volatility', 'EMA_diff_5_20', 'SMA_65', 'STDDEV_65', 'min_65', 'max_65']
2024-12-28 00:29:48 - INFO - Eliminando columnas durante transform: ['RSI_14', 'CCI_14', 'price_momentum_volatility', 'EMA_diff_5_20', 'SMA_65', 'STDDEV_65', 'min_65', 'max_65']
2024-12-28 00:30:01 - INFO - Eliminando columnas durante transform: ['RSI_14', 'CCI_14', 'price_momentum_volatility', 'EMA_diff_5_20', 'SMA_65', 'STDDEV_65', 'min_65', 'max_65']
2024-12-28 00:30:02 - INFO - Columnas a eliminar por correlación > 0.86: ['RSI_14', 'CCI_14', 'price_momentum_volatility', 'EMA_diff_5_20', 'SMA_65', 'STDDEV_65', 'min_65', 'max_65']
2024-12-28 00:30:02 - INFO - Eliminando columnas durante transform: ['RSI_14', 'CCI_14', 'price_momentum_volatility', 'EMA_diff_5_20', 'SMA_65', 'STDDEV_65', 'min_65', 'max_65']
2024-12-28 00:30:10 - INFO - Eliminando columnas durante transform: ['RSI_14', 'CCI_14', 'price_momentum_volatility', 'EMA_diff_5_20', 'SMA_65', 'STDDEV_65', 'min_65', 'max_65']
2024-12-28 00:30:11 - INFO - Columnas a eliminar por correlación > 0.86: ['RSI_14', 'CCI_14', 'price_momentum_volatility', 'EMA_diff_5_20', 'SMA_65', 'STDDEV_65', 'min_65', 'max_65']
2024-12-28 00:30:11 - INFO - Eliminando columnas durante transform: ['RSI_14', 'CCI_14', 'price_momentum_volatility', 'EMA_diff_5_20', 'SMA_65', 'STDDEV_65', 'min_65', 'max_65']
2024-12-28 00:30:21 - INFO - Eliminando columnas durante transform: ['RSI_14', 'CCI_14', 'price_momentum_volatility', 'EMA_diff_5_20', 'SMA_65', 'STDDEV_65', 'min_65', 'max_65']
2024-12-28 00:30:22 - INFO - Columnas a eliminar por correlación > 0.86: ['RSI_14', 'CCI_14', 'price_momentum_volatility', 'EMA_diff_5_20', 'SMA_65', 'STDDEV_65', 'min_65', 'max_65']
2024-12-28 00:30:22 - INFO - Eliminando columnas durante transform: ['RSI_14', 'CCI_14', 'price_momentum_volatility', 'EMA_diff_5_20', 'SMA_65', 'STDDEV_65', 'min_65', 'max_65']
2024-12-28 00:30:34 - INFO - Eliminando columnas durante transform: ['RSI_14', 'CCI_14', 'price_momentum_volatility', 'EMA_diff_5_20', 'SMA_65', 'STDDEV_65', 'min_65', 'max_65']
2024-12-28 00:30:34 - INFO - Columnas a eliminar por correlación > 0.86: ['RSI_14', 'CCI_14', 'price_momentum_volatility', 'EMA_diff_5_20', 'SMA_65', 'STDDEV_65', 'min_65', 'max_65']
2024-12-28 00:30:34 - INFO - Eliminando columnas durante transform: ['RSI_14', 'CCI_14', 'price_momentum_volatility', 'EMA_diff_5_20', 'SMA_65', 'STDDEV_65', 'min_65', 'max_65']
2024-12-28 00:30:40 - INFO - Eliminando columnas durante transform: ['RSI_14', 'CCI_14', 'price_momentum_volatility', 'EMA_diff_5_20', 'SMA_65', 'STDDEV_65', 'min_65', 'max_65']
2024-12-28 00:30:41 - INFO - Columnas a eliminar por correlación > 0.86: ['RSI_14', 'CCI_14', 'price_momentum_volatility', 'EMA_diff_5_20', 'SMA_65', 'STDDEV_65', 'min_65', 'max_65']
2024-12-28 00:30:41 - INFO - Eliminando columnas durante transform: ['RSI_14', 'CCI_14', 'price_momentum_volatility', 'EMA_diff_5_20', 'SMA_65', 'STDDEV_65', 'min_65', 'max_65']
2024-12-28 00:30:57 - INFO - Eliminando columnas durante transform: ['RSI_14', 'CCI_14', 'price_momentum_volatility', 'EMA_diff_5_20', 'SMA_65', 'STDDEV_65', 'min_65', 'max_65']
2024-12-28 00:30:57 - INFO - Columnas a eliminar por correlación > 0.86: ['RSI_14', 'CCI_14', 'price_momentum_volatility', 'EMA_diff_5_20', 'SMA_65', 'STDDEV_65', 'min_65', 'max_65']
2024-12-28 00:30:57 - INFO - Eliminando columnas durante transform: ['RSI_14', 'CCI_14', 'price_momentum_volatility', 'EMA_diff_5_20', 'SMA_65', 'STDDEV_65', 'min_65', 'max_65']
2024-12-28 00:31:00 - INFO - Eliminando columnas durante transform: ['RSI_14', 'CCI_14', 'price_momentum_volatility', 'EMA_diff_5_20', 'SMA_65', 'STDDEV_65', 'min_65', 'max_65']
2024-12-28 00:31:01 - INFO - Target con look_ahead=4, lower=22, upper=78, min_change=0.008
2024-12-28 00:31:01 - INFO - Umbral inferior=-0.640354, superior=1.790106
2024-12-28 00:31:01 - INFO - Distribución de clases:
target
0    27233
1    10700
2    10700
Name: count, dtype: int64
2024-12-28 00:31:01 - INFO - Eliminados 199 registros con NaNs.
2024-12-28 00:31:02 - INFO - Columnas a eliminar por correlación > 0.86: ['RSI_14', 'CCI_14', 'price_momentum_volatility', 'EMA_diff_5_20', 'SMA_65', 'STDDEV_65', 'min_65', 'max_65']
2024-12-28 00:31:02 - INFO - Eliminando columnas durante transform: ['RSI_14', 'CCI_14', 'price_momentum_volatility', 'EMA_diff_5_20', 'SMA_65', 'STDDEV_65', 'min_65', 'max_65']
2024-12-28 00:31:21 - INFO - Eliminando columnas durante transform: ['RSI_14', 'CCI_14', 'price_momentum_volatility', 'EMA_diff_5_20', 'SMA_65', 'STDDEV_65', 'min_65', 'max_65']
2024-12-28 00:31:22 - INFO - Columnas a eliminar por correlación > 0.86: ['RSI_14', 'CCI_14', 'price_momentum_volatility', 'EMA_diff_5_20', 'SMA_65', 'STDDEV_65', 'min_65', 'max_65']
2024-12-28 00:31:22 - INFO - Eliminando columnas durante transform: ['RSI_14', 'CCI_14', 'price_momentum_volatility', 'EMA_diff_5_20', 'SMA_65', 'STDDEV_65', 'min_65', 'max_65']
2024-12-28 00:31:24 - INFO - Eliminando columnas durante transform: ['RSI_14', 'CCI_14', 'price_momentum_volatility', 'EMA_diff_5_20', 'SMA_65', 'STDDEV_65', 'min_65', 'max_65']
2024-12-28 00:31:24 - INFO - Columnas a eliminar por correlación > 0.86: ['RSI_14', 'CCI_14', 'price_momentum_volatility', 'EMA_diff_5_20', 'SMA_65', 'STDDEV_65', 'min_65', 'max_65']
2024-12-28 00:31:24 - INFO - Eliminando columnas durante transform: ['RSI_14', 'CCI_14', 'price_momentum_volatility', 'EMA_diff_5_20', 'SMA_65', 'STDDEV_65', 'min_65', 'max_65']
2024-12-28 00:31:46 - INFO - Eliminando columnas durante transform: ['RSI_14', 'CCI_14', 'price_momentum_volatility', 'EMA_diff_5_20', 'SMA_65', 'STDDEV_65', 'min_65', 'max_65']
2024-12-28 00:31:47 - INFO - Eliminando columnas durante transform: ['RSI_14', 'CCI_14', 'price_momentum_volatility', 'EMA_diff_5_20', 'SMA_65', 'STDDEV_65', 'min_65', 'max_65']
2024-12-28 00:31:48 - INFO - Columnas a eliminar por correlación > 0.86: ['RSI_14', 'CCI_14', 'price_momentum_volatility', 'EMA_diff_5_20', 'SMA_65', 'STDDEV_65', 'min_65', 'max_65']
2024-12-28 00:31:48 - INFO - Eliminando columnas durante transform: ['RSI_14', 'CCI_14', 'price_momentum_volatility', 'EMA_diff_5_20', 'SMA_65', 'STDDEV_65', 'min_65', 'max_65']
2024-12-28 00:32:04 - INFO - Eliminando columnas durante transform: ['RSI_14', 'CCI_14', 'price_momentum_volatility', 'EMA_diff_5_20', 'SMA_65', 'STDDEV_65', 'min_65', 'max_65']
2024-12-28 00:32:05 - INFO - Columnas a eliminar por correlación > 0.86: ['RSI_14', 'CCI_14', 'price_momentum_volatility', 'EMA_diff_5_20', 'SMA_65', 'STDDEV_65', 'min_65', 'max_65']
2024-12-28 00:32:05 - INFO - Eliminando columnas durante transform: ['RSI_14', 'CCI_14', 'price_momentum_volatility', 'EMA_diff_5_20', 'SMA_65', 'STDDEV_65', 'min_65', 'max_65']
2024-12-28 00:32:21 - INFO - Eliminando columnas durante transform: ['RSI_14', 'CCI_14', 'price_momentum_volatility', 'EMA_diff_5_20', 'SMA_65', 'STDDEV_65', 'min_65', 'max_65']
2024-12-28 00:32:21 - INFO - Columnas a eliminar por correlación > 0.86: ['RSI_14', 'CCI_14', 'price_momentum_volatility', 'EMA_diff_5_20', 'SMA_65', 'STDDEV_65', 'min_65', 'max_65']
2024-12-28 00:32:21 - INFO - Eliminando columnas durante transform: ['RSI_14', 'CCI_14', 'price_momentum_volatility', 'EMA_diff_5_20', 'SMA_65', 'STDDEV_65', 'min_65', 'max_65']
2024-12-28 00:32:37 - INFO - Eliminando columnas durante transform: ['RSI_14', 'CCI_14', 'price_momentum_volatility', 'EMA_diff_5_20', 'SMA_65', 'STDDEV_65', 'min_65', 'max_65']
2024-12-28 00:32:37 - INFO - Mejores parámetros encontrados (SAMPLE): {'model__max_depth': 10, 'model__learning_rate': 0.0681881215254199, 'model__n_estimators': 396, 'model__subsample': 0.8887704175767704, 'model__colsample_bytree': 0.7244129206469976, 'model__gamma': 0.032063935830759005, 'model__reg_alpha': 0.00036155484709007223, 'model__reg_lambda': 7.63023119283191e-05}
2024-12-28 00:32:37 - INFO - === Entrenando Pipeline Final con TODO el training ===
2024-12-28 00:32:40 - INFO - Target con look_ahead=4, lower=22, upper=78, min_change=0.008
2024-12-28 00:32:40 - INFO - Umbral inferior=-0.638399, superior=1.770139
2024-12-28 00:32:40 - INFO - Distribución de clases:
target
0    82533
1    32424
2    32424
Name: count, dtype: int64
2024-12-28 00:32:40 - INFO - Eliminados 199 registros con NaNs.
2024-12-28 00:32:40 - INFO - Columnas a eliminar por correlación > 0.86: ['RSI_14', 'CCI_14', 'price_momentum_volatility', 'EMA_diff_5_20', 'SMA_65', 'STDDEV_65', 'min_65', 'max_65']
2024-12-28 00:32:40 - INFO - Eliminando columnas durante transform: ['RSI_14', 'CCI_14', 'price_momentum_volatility', 'EMA_diff_5_20', 'SMA_65', 'STDDEV_65', 'min_65', 'max_65']
2024-12-28 00:33:22 - INFO - Pipeline final entrenado con todos los datos de entrenamiento.
2024-12-28 00:33:23 - INFO - Modelo guardado en: /Users/oscarr/Desarrollo/Python0/ApiBinance/results/XGBoost_trained_pipeline.joblib
2024-12-28 00:33:23 - INFO - Parámetros guardados en: /Users/oscarr/Desarrollo/Python0/ApiBinance/results/XGBoost_model_params.txt
2024-12-28 00:33:23 - INFO - Lista de features guardadas en: /Users/oscarr/Desarrollo/Python0/ApiBinance/results/XGBoost_feature_cols.txt
2024-12-28 00:33:23 - INFO - No se guardan columnas eliminadas ya que el filtrado está incluido en el pipeline.
2024-12-28 00:33:23 - ERROR - Error al analizar importancia de características: Los tamaños no coinciden.
2024-12-28 00:33:23 - ERROR - Tamaño de importances: 8, tamaño de feature_cols filtradas: 16
2024-12-28 00:33:23 - INFO - === Preparando Test ===
2024-12-28 00:33:25 - INFO - Target con look_ahead=4, lower=22, upper=78, min_change=0.008
2024-12-28 00:33:25 - INFO - Umbral inferior=-0.641603, superior=1.796498
2024-12-28 00:33:25 - INFO - Distribución de clases:
target
0    55021
2    21616
1    21616
Name: count, dtype: int64
2024-12-28 00:33:25 - INFO - Eliminados 199 registros con NaNs.
2024-12-28 00:33:25 - INFO - === Evaluación en Test ===
2024-12-28 00:33:25 - INFO - Eliminando columnas durante transform: ['RSI_14', 'CCI_14', 'price_momentum_volatility', 'EMA_diff_5_20', 'SMA_65', 'STDDEV_65', 'min_65', 'max_65']
2024-12-28 00:33:27 - INFO - Matriz de confusión [2,1,0]:
[[18053   281  3234]
 [  633 17394  3538]
 [21426 21070 12425]]
2024-12-28 00:33:27 - INFO - Reporte de Clasificación:
              precision    recall  f1-score   support

           2       0.45      0.84      0.59     21568
           1       0.45      0.81      0.58     21565
           0       0.65      0.23      0.34     54921

    accuracy                           0.49     98054
   macro avg       0.52      0.62      0.50     98054
weighted avg       0.56      0.49      0.44     98054

2024-12-28 00:33:27 - INFO - F1-score macro: 0.4992
2024-12-28 00:33:28 - INFO - Eliminando columnas durante transform: ['RSI_14', 'CCI_14', 'price_momentum_volatility', 'EMA_diff_5_20', 'SMA_65', 'STDDEV_65', 'min_65', 'max_65']
2024-12-28 00:33:30 - INFO - F1 macro final en Test: 0.4992
2024-12-28 00:33:30 - INFO - === Iniciando Backtest ===
2024-12-28 00:33:30 - INFO - Eliminando columnas durante transform: ['RSI_14', 'CCI_14', 'price_momentum_volatility', 'EMA_diff_5_20', 'SMA_65', 'STDDEV_65', 'min_65', 'max_65']
2024-12-28 00:33:30 - ERROR - Error en la ejecución principal: 'future_close'
