2025-01-02 23:52:47 - INFO - Datos cargados desde ML/data/processed/BTCUSDT_15m_processed.csv, filas: 251947
2025-01-02 23:52:47 - INFO - Columnas de indicadores técnicos existentes eliminadas: ['OBV']
2025-01-02 23:52:48 - INFO - Indicadores técnicos agregados al DataFrame. Filas antes: 251947, después: 251898
2025-01-02 23:52:48 - INFO - Columnas después de agregar indicadores técnicos: ['open', 'high', 'low', 'close', 'volume', 'close_time', 'quote_asset_volume', 'number_of_trades', 'taker_buy_base_asset_volume', 'taker_buy_quote_asset_volume', 'ignore', 'RSI_14', 'MACD_12_26_9', 'MACDh_12_26_9', 'MACDs_12_26_9', 'SMA_10', 'SMA_50', 'EMA_10', 'EMA_50', 'VWAP_D', 'BBL_20_2.0', 'BBM_20_2.0', 'BBU_20_2.0', 'BBB_20_2.0', 'BBP_20_2.0', 'ATRr_14', 'STOCHk_14_3_3', 'STOCHd_14_3_3', 'CCI_14_0.015', 'hour_of_day', 'day_of_week', 'is_weekend', 'RSI_14_', 'MACD_12_26_9_', 'MACDh_12_26_9_', 'MACDs_12_26_9_', 'SMA_10_', 'SMA_50_', 'EMA_10_', 'EMA_50_', 'VWAP_D_', 'OBV_', 'BBL_20_2.0_', 'BBM_20_2.0_', 'BBU_20_2.0_', 'BBB_20_2.0_', 'BBP_20_2.0_', 'ATRr_14_', 'STOCHk_14_3_3_', 'STOCHd_14_3_3_', 'CCI_14_0.015_']
2025-01-02 23:52:48 - INFO - Columnas renombradas: {'RSI_14': 'RSI', 'RSI_14_': 'RSI_', 'MACD_12_26_9': 'MACD', 'MACD_12_26_9_': 'MACD_', 'MACDh_12_26_9': 'MACDh', 'MACDh_12_26_9_': 'MACDh_', 'MACDs_12_26_9': 'MACDs', 'MACDs_12_26_9_': 'MACDs_', 'VWAP_D': 'VWAP', 'VWAP_D_': 'VWAP_', 'BBL_20_2.0': 'BBL', 'BBL_20_2.0_': 'BBL_', 'BBM_20_2.0': 'BBM', 'BBM_20_2.0_': 'BBM_', 'BBU_20_2.0': 'BBU', 'BBU_20_2.0_': 'BBU_', 'ATRr_14': 'ATR', 'ATRr_14_': 'ATR_', 'STOCHk_14_3_3': 'STOCHk', 'STOCHk_14_3_3_': 'STOCHk_', 'STOCHd_14_3_3': 'STOCHd', 'STOCHd_14_3_3_': 'STOCHd_', 'CCI_14_0.015': 'CCI', 'CCI_14_0.015_': 'CCI_'}
2025-01-02 23:52:48 - INFO - Columnas duplicadas eliminadas: ['RSI_', 'MACD_', 'MACDh_', 'MACDs_', 'SMA_10_', 'SMA_50_', 'EMA_10_', 'EMA_50_', 'VWAP_', 'OBV_', 'BBL_', 'BBM_', 'BBU_', 'BBB_20_2.0_', 'BBP_20_2.0_', 'ATR_', 'STOCHk_', 'STOCHd_', 'CCI_']
2025-01-02 23:52:48 - WARNING - La columna 'OBV' no está presente después de agregar indicadores. Añadiendo 'OBV' con valor 0.
2025-01-02 23:52:48 - INFO - Target binario mejorado con look_ahead=82, min_change=0.03, max_change=0.23
2025-01-02 23:52:48 - INFO - Distribución de clases (0/1):
target
0    216181
1     35506
Name: count, dtype: int64
2025-01-02 23:52:48 - INFO - División de datos en train y test completada.
2025-01-02 23:52:48 - INFO - === Buscando hiperparámetros (Optuna) en una muestra del training ===
2025-01-02 23:52:48 - INFO - Características utilizadas: ['open', 'high', 'low', 'close', 'volume', 'hour_of_day', 'day_of_week', 'is_weekend', 'RSI', 'MACD', 'MACDs', 'MACDh', 'SMA_10', 'SMA_50', 'EMA_10', 'EMA_50', 'VWAP', 'OBV', 'BBL', 'BBM', 'BBU', 'ATR', 'STOCHk', 'STOCHd', 'CCI']
2025-01-02 23:52:48 - INFO - No se han identificado características categóricas.
2025-01-02 23:52:48 - INFO - Columnas presentes en el DataFrame: ['open', 'high', 'low', 'close', 'volume', 'close_time', 'quote_asset_volume', 'number_of_trades', 'taker_buy_base_asset_volume', 'taker_buy_quote_asset_volume', 'ignore', 'RSI', 'MACD', 'MACDh', 'MACDs', 'SMA_10', 'SMA_50', 'EMA_10', 'EMA_50', 'VWAP', 'BBL', 'BBM', 'BBU', 'BBB_20_2.0', 'BBP_20_2.0', 'ATR', 'STOCHk', 'STOCHd', 'CCI', 'hour_of_day', 'day_of_week', 'is_weekend', 'OBV', 'future_close', 'change_pct', 'target']
2025-01-02 23:52:48 - INFO - Columnas eliminadas durante la preparación: ['close_time', 'quote_asset_volume', 'number_of_trades', 'taker_buy_base_asset_volume', 'taker_buy_quote_asset_volume', 'ignore', 'BBB_20_2.0', 'BBP_20_2.0', 'future_close', 'change_pct']
2025-01-02 23:52:48 - INFO - Conjunto de datos preparado con 41528 filas y 25 características.
2025-01-02 23:52:48 - INFO - Tipo de y_train_sample: <class 'pandas.core.series.Series'>
2025-01-02 23:52:48 - INFO - Shape de y_train_sample: (41528,)
2025-01-02 23:52:48 - INFO - Después de SMOTE: target
0    5144
1    5144
Name: count, dtype: int64
2025-01-02 23:52:48 - INFO - Después de SMOTE: target
0    5144
1    5144
Name: count, dtype: int64
2025-01-02 23:52:49 - INFO - Después de SMOTE: target
0    9492
1    9492
Name: count, dtype: int64
2025-01-02 23:52:49 - INFO - Después de SMOTE: target
0    9492
1    9492
Name: count, dtype: int64
2025-01-02 23:52:50 - INFO - Después de SMOTE: target
0    14256
1    14256
Name: count, dtype: int64
2025-01-02 23:52:50 - INFO - Después de SMOTE: target
0    14256
1    14256
Name: count, dtype: int64
2025-01-02 23:52:51 - INFO - Después de SMOTE: target
0    20127
1    20127
Name: count, dtype: int64
2025-01-02 23:52:52 - INFO - Después de SMOTE: target
0    20127
1    20127
Name: count, dtype: int64
2025-01-02 23:52:53 - INFO - Después de SMOTE: target
0    26133
1    26133
Name: count, dtype: int64
2025-01-02 23:52:53 - INFO - Después de SMOTE: target
0    26133
1    26133
Name: count, dtype: int64
2025-01-02 23:52:55 - INFO - Después de SMOTE: target
0    5144
1    5144
Name: count, dtype: int64
2025-01-02 23:52:55 - INFO - Después de SMOTE: target
0    5144
1    5144
Name: count, dtype: int64
2025-01-02 23:52:56 - INFO - Después de SMOTE: target
0    9492
1    9492
Name: count, dtype: int64
2025-01-02 23:52:56 - INFO - Después de SMOTE: target
0    9492
1    9492
Name: count, dtype: int64
2025-01-02 23:52:57 - INFO - Después de SMOTE: target
0    14256
1    14256
Name: count, dtype: int64
2025-01-02 23:52:57 - INFO - Después de SMOTE: target
0    14256
1    14256
Name: count, dtype: int64
2025-01-02 23:52:58 - INFO - Después de SMOTE: target
0    20127
1    20127
Name: count, dtype: int64
2025-01-02 23:52:58 - INFO - Después de SMOTE: target
0    20127
1    20127
Name: count, dtype: int64
2025-01-02 23:52:59 - INFO - Después de SMOTE: target
0    26133
1    26133
Name: count, dtype: int64
2025-01-02 23:53:00 - INFO - Después de SMOTE: target
0    26133
1    26133
Name: count, dtype: int64
2025-01-02 23:53:00 - INFO - Después de SMOTE: target
0    5144
1    5144
Name: count, dtype: int64
2025-01-02 23:53:01 - INFO - Después de SMOTE: target
0    9492
1    9492
Name: count, dtype: int64
2025-01-02 23:53:02 - INFO - Después de SMOTE: target
0    5144
1    5144
Name: count, dtype: int64
2025-01-02 23:53:02 - INFO - Después de SMOTE: target
0    9492
1    9492
Name: count, dtype: int64
2025-01-02 23:53:03 - INFO - Después de SMOTE: target
0    14256
1    14256
Name: count, dtype: int64
2025-01-02 23:53:03 - INFO - Después de SMOTE: target
0    14256
1    14256
Name: count, dtype: int64
2025-01-02 23:53:04 - INFO - Después de SMOTE: target
0    20127
1    20127
Name: count, dtype: int64
2025-01-02 23:53:05 - INFO - Después de SMOTE: target
0    20127
1    20127
Name: count, dtype: int64
2025-01-02 23:53:06 - INFO - Después de SMOTE: target
0    26133
1    26133
Name: count, dtype: int64
2025-01-02 23:53:07 - INFO - Después de SMOTE: target
0    5144
1    5144
Name: count, dtype: int64
2025-01-02 23:53:08 - INFO - Después de SMOTE: target
0    9492
1    9492
Name: count, dtype: int64
2025-01-02 23:53:08 - INFO - Después de SMOTE: target
0    26133
1    26133
Name: count, dtype: int64
2025-01-02 23:53:09 - INFO - Después de SMOTE: target
0    14256
1    14256
Name: count, dtype: int64
2025-01-02 23:53:10 - INFO - Después de SMOTE: target
0    20127
1    20127
Name: count, dtype: int64
2025-01-02 23:53:10 - INFO - Después de SMOTE: target
0    5144
1    5144
Name: count, dtype: int64
2025-01-02 23:53:11 - INFO - Después de SMOTE: target
0    26133
1    26133
Name: count, dtype: int64
2025-01-02 23:53:11 - INFO - Después de SMOTE: target
0    9492
1    9492
Name: count, dtype: int64
2025-01-02 23:53:12 - INFO - Después de SMOTE: target
0    5144
1    5144
Name: count, dtype: int64
2025-01-02 23:53:12 - INFO - Después de SMOTE: target
0    14256
1    14256
Name: count, dtype: int64
2025-01-02 23:53:13 - INFO - Después de SMOTE: target
0    9492
1    9492
Name: count, dtype: int64
2025-01-02 23:53:13 - INFO - Después de SMOTE: target
0    20127
1    20127
Name: count, dtype: int64
2025-01-02 23:53:14 - INFO - Después de SMOTE: target
0    14256
1    14256
Name: count, dtype: int64
2025-01-02 23:53:14 - INFO - Después de SMOTE: target
0    26133
1    26133
Name: count, dtype: int64
2025-01-02 23:53:15 - INFO - Después de SMOTE: target
0    20127
1    20127
Name: count, dtype: int64
2025-01-02 23:53:15 - INFO - Después de SMOTE: target
0    5144
1    5144
Name: count, dtype: int64
2025-01-02 23:53:16 - INFO - Después de SMOTE: target
0    9492
1    9492
Name: count, dtype: int64
2025-01-02 23:53:17 - INFO - Después de SMOTE: target
0    26133
1    26133
Name: count, dtype: int64
2025-01-02 23:53:17 - INFO - Después de SMOTE: target
0    14256
1    14256
Name: count, dtype: int64
2025-01-02 23:53:18 - INFO - Después de SMOTE: target
0    20127
1    20127
Name: count, dtype: int64
2025-01-02 23:53:18 - INFO - Después de SMOTE: target
0    5144
1    5144
Name: count, dtype: int64
2025-01-02 23:53:19 - INFO - Después de SMOTE: target
0    9492
1    9492
Name: count, dtype: int64
2025-01-02 23:53:19 - INFO - Después de SMOTE: target
0    26133
1    26133
Name: count, dtype: int64
2025-01-02 23:53:20 - INFO - Después de SMOTE: target
0    14256
1    14256
Name: count, dtype: int64
2025-01-02 23:53:20 - INFO - Después de SMOTE: target
0    5144
1    5144
Name: count, dtype: int64
2025-01-02 23:53:21 - INFO - Después de SMOTE: target
0    20127
1    20127
Name: count, dtype: int64
2025-01-02 23:53:21 - INFO - Después de SMOTE: target
0    9492
1    9492
Name: count, dtype: int64
2025-01-02 23:53:22 - INFO - Después de SMOTE: target
0    26133
1    26133
Name: count, dtype: int64
2025-01-02 23:53:22 - INFO - Después de SMOTE: target
0    14256
1    14256
Name: count, dtype: int64
2025-01-02 23:53:23 - INFO - Después de SMOTE: target
0    5144
1    5144
Name: count, dtype: int64
2025-01-02 23:53:23 - INFO - Después de SMOTE: target
0    20127
1    20127
Name: count, dtype: int64
2025-01-02 23:53:24 - INFO - Después de SMOTE: target
0    9492
1    9492
Name: count, dtype: int64
2025-01-02 23:53:25 - INFO - Después de SMOTE: target
0    14256
1    14256
Name: count, dtype: int64
2025-01-02 23:53:25 - INFO - Después de SMOTE: target
0    26133
1    26133
Name: count, dtype: int64
2025-01-02 23:53:26 - INFO - Después de SMOTE: target
0    20127
1    20127
Name: count, dtype: int64
2025-01-02 23:53:27 - INFO - Después de SMOTE: target
0    5144
1    5144
Name: count, dtype: int64
2025-01-02 23:53:27 - INFO - Después de SMOTE: target
0    26133
1    26133
Name: count, dtype: int64
2025-01-02 23:53:28 - INFO - Después de SMOTE: target
0    9492
1    9492
Name: count, dtype: int64
2025-01-02 23:53:29 - INFO - Después de SMOTE: target
0    5144
1    5144
Name: count, dtype: int64
2025-01-02 23:53:30 - INFO - Después de SMOTE: target
0    9492
1    9492
Name: count, dtype: int64
2025-01-02 23:53:31 - INFO - Después de SMOTE: target
0    14256
1    14256
Name: count, dtype: int64
2025-01-02 23:53:32 - INFO - Después de SMOTE: target
0    14256
1    14256
Name: count, dtype: int64
2025-01-02 23:53:33 - INFO - Después de SMOTE: target
0    20127
1    20127
Name: count, dtype: int64
2025-01-02 23:53:34 - INFO - Después de SMOTE: target
0    20127
1    20127
Name: count, dtype: int64
2025-01-02 23:53:36 - INFO - Después de SMOTE: target
0    26133
1    26133
Name: count, dtype: int64
2025-01-02 23:53:37 - INFO - Después de SMOTE: target
0    26133
1    26133
Name: count, dtype: int64
2025-01-02 23:53:40 - INFO - Después de SMOTE: target
0    5144
1    5144
Name: count, dtype: int64
2025-01-02 23:53:41 - INFO - Después de SMOTE: target
0    9492
1    9492
Name: count, dtype: int64
2025-01-02 23:53:43 - INFO - Después de SMOTE: target
0    14256
1    14256
Name: count, dtype: int64
2025-01-02 23:53:46 - INFO - Después de SMOTE: target
0    20127
1    20127
Name: count, dtype: int64
2025-01-02 23:53:49 - INFO - Después de SMOTE: target
0    26133
1    26133
Name: count, dtype: int64
2025-01-02 23:53:51 - INFO - Mejor valor de F1: 0.3263
2025-01-02 23:53:51 - INFO - Mejores parámetros: {'max_depth': 3, 'learning_rate': 0.0012287863172655653, 'n_estimators': 264, 'subsample': 0.8764870428761053, 'colsample_bytree': 0.8969560173035793, 'gamma': 0.1650530056035166, 'reg_alpha': 0.03954156964785469, 'reg_lambda': 0.04341372112741273}
2025-01-02 23:53:51 - INFO - === Entrenando Pipeline Final con TODO el training ===
2025-01-02 23:53:51 - INFO - Columnas presentes en el DataFrame: ['open', 'high', 'low', 'close', 'volume', 'close_time', 'quote_asset_volume', 'number_of_trades', 'taker_buy_base_asset_volume', 'taker_buy_quote_asset_volume', 'ignore', 'RSI', 'MACD', 'MACDh', 'MACDs', 'SMA_10', 'SMA_50', 'EMA_10', 'EMA_50', 'VWAP', 'BBL', 'BBM', 'BBU', 'BBB_20_2.0', 'BBP_20_2.0', 'ATR', 'STOCHk', 'STOCHd', 'CCI', 'hour_of_day', 'day_of_week', 'is_weekend', 'OBV', 'future_close', 'change_pct', 'target']
2025-01-02 23:53:51 - INFO - Columnas eliminadas durante la preparación: ['close_time', 'quote_asset_volume', 'number_of_trades', 'taker_buy_base_asset_volume', 'taker_buy_quote_asset_volume', 'ignore', 'BBB_20_2.0', 'BBP_20_2.0', 'future_close', 'change_pct']
2025-01-02 23:53:51 - INFO - Conjunto de datos preparado con 138427 filas y 25 características.
2025-01-02 23:53:51 - INFO - Tipo de y_train_full: <class 'pandas.core.series.Series'>
2025-01-02 23:53:51 - INFO - Shape de y_train_full: (138427,)
2025-01-02 23:53:53 - INFO - Después de SMOTE: target
0    114651
1    114651
Name: count, dtype: int64
2025-01-02 23:53:53 - INFO - Balance de clases aplicado mediante SMOTE.
2025-01-02 23:53:56 - INFO - Pipeline final entrenado con todos los datos de entrenamiento (binario).
2025-01-02 23:53:56 - INFO - Pipeline completo guardado en: ./results/XGBoost_Binario_trained_pipeline.joblib
2025-01-02 23:53:56 - INFO - Parámetros guardados en: ./results/XGBoost_Binario_model_params.txt
2025-01-02 23:53:56 - INFO - Lista de features guardada en: ./results/XGBoost_Binario_feature_cols.txt
2025-01-02 23:53:56 - INFO - Columnas de indicadores técnicos existentes eliminadas: ['RSI', 'MACD', 'MACDs', 'MACDh', 'VWAP', 'OBV', 'BBL', 'BBM', 'BBU', 'ATR', 'STOCHk', 'STOCHd', 'CCI']
2025-01-02 23:53:57 - INFO - Indicadores técnicos agregados al DataFrame. Filas antes: 113260, después: 113211
2025-01-02 23:53:57 - INFO - Columnas después de agregar indicadores técnicos: ['open', 'high', 'low', 'close', 'volume', 'close_time', 'quote_asset_volume', 'number_of_trades', 'taker_buy_base_asset_volume', 'taker_buy_quote_asset_volume', 'ignore', 'SMA_10', 'SMA_50', 'EMA_10', 'EMA_50', 'BBB_20_2.0', 'BBP_20_2.0', 'hour_of_day', 'day_of_week', 'is_weekend', 'future_close', 'change_pct', 'target', 'RSI_14_', 'MACD_12_26_9_', 'MACDh_12_26_9_', 'MACDs_12_26_9_', 'SMA_10_', 'SMA_50_', 'EMA_10_', 'EMA_50_', 'VWAP_D_', 'OBV_', 'BBL_20_2.0_', 'BBM_20_2.0_', 'BBU_20_2.0_', 'BBB_20_2.0_', 'BBP_20_2.0_', 'ATRr_14_', 'STOCHk_14_3_3_', 'STOCHd_14_3_3_', 'CCI_14_0.015_']
2025-01-02 23:53:57 - INFO - Columnas renombradas: {'RSI_14_': 'RSI', 'MACD_12_26_9_': 'MACD', 'MACDh_12_26_9_': 'MACDh', 'MACDs_12_26_9_': 'MACDs', 'VWAP_D_': 'VWAP', 'BBL_20_2.0_': 'BBL', 'BBM_20_2.0_': 'BBM', 'BBU_20_2.0_': 'BBU', 'ATRr_14_': 'ATR', 'STOCHk_14_3_3_': 'STOCHk', 'STOCHd_14_3_3_': 'STOCHd', 'CCI_14_0.015_': 'CCI'}
2025-01-02 23:53:57 - INFO - Columnas duplicadas eliminadas: ['SMA_10_', 'SMA_50_', 'EMA_10_', 'EMA_50_', 'OBV_', 'BBB_20_2.0_', 'BBP_20_2.0_']
2025-01-02 23:53:57 - WARNING - La columna 'OBV' no está presente después de agregar indicadores. Añadiendo 'OBV' con valor 0.
2025-01-02 23:53:57 - INFO - Target binario mejorado con look_ahead=82, min_change=0.03, max_change=0.23
2025-01-02 23:53:57 - INFO - Distribución de clases (0/1):
target
0    101521
1     11608
Name: count, dtype: int64
2025-01-02 23:53:57 - INFO - Columnas presentes en el DataFrame: ['open', 'high', 'low', 'close', 'volume', 'close_time', 'quote_asset_volume', 'number_of_trades', 'taker_buy_base_asset_volume', 'taker_buy_quote_asset_volume', 'ignore', 'SMA_10', 'SMA_50', 'EMA_10', 'EMA_50', 'BBB_20_2.0', 'BBP_20_2.0', 'hour_of_day', 'day_of_week', 'is_weekend', 'future_close', 'change_pct', 'target', 'RSI', 'MACD', 'MACDh', 'MACDs', 'VWAP', 'BBL', 'BBM', 'BBU', 'ATR', 'STOCHk', 'STOCHd', 'CCI', 'OBV']
2025-01-02 23:53:57 - INFO - Columnas eliminadas durante la preparación: ['close_time', 'quote_asset_volume', 'number_of_trades', 'taker_buy_base_asset_volume', 'taker_buy_quote_asset_volume', 'ignore', 'BBB_20_2.0', 'BBP_20_2.0', 'future_close', 'change_pct']
2025-01-02 23:53:57 - INFO - Conjunto de datos preparado con 113129 filas y 25 características.
2025-01-02 23:53:57 - INFO - Características en X_test_final: ['open', 'high', 'low', 'close', 'volume', 'hour_of_day', 'day_of_week', 'is_weekend', 'RSI', 'MACD', 'MACDs', 'MACDh', 'SMA_10', 'SMA_50', 'EMA_10', 'EMA_50', 'VWAP', 'OBV', 'BBL', 'BBM', 'BBU', 'ATR', 'STOCHk', 'STOCHd', 'CCI']
2025-01-02 23:53:57 - INFO - Tipo de y_test_final: <class 'pandas.core.series.Series'>
2025-01-02 23:53:57 - INFO - Shape de y_test_final: (113129,)
2025-01-02 23:53:57 - INFO - Las características del test coinciden perfectamente con las del entrenamiento.
2025-01-02 23:53:57 - INFO - === Evaluación en Test ===
2025-01-02 23:53:57 - INFO - Matriz de confusión [1,0]:
[[ 8087  3521]
 [63043 38478]]
2025-01-02 23:53:57 - INFO - Reporte de Clasificación:
              precision    recall  f1-score   support

           1       0.11      0.70      0.20     11608
           0       0.92      0.38      0.54    101521

    accuracy                           0.41    113129
   macro avg       0.51      0.54      0.37    113129
weighted avg       0.83      0.41      0.50    113129

2025-01-02 23:53:57 - INFO - F1-score: 0.1955
2025-01-02 23:53:57 - INFO - Precisión: 0.1137
2025-01-02 23:53:57 - INFO - Recall: 0.6967
2025-01-02 23:53:57 - INFO - AUC Score: 0.5676
2025-01-02 23:53:58 - INFO - F1 final en Test (Binario): 0.1955
2025-01-02 23:53:58 - INFO - === Analizando importancia de características ===
2025-01-02 23:53:58 - INFO - Tabla de importancia de características guardada en ./results/feature_importances_binario.csv.
2025-01-02 23:53:59 - INFO - Gráfico de importancia de características guardado.
2025-01-02 23:53:59 - INFO - Señales generadas con umbrales high=0.66, low=0.3
2025-01-02 23:54:00 - INFO - Señales guardadas en: ./results/signals.csv
2025-01-02 23:54:00 - INFO - === Proceso Completado con Éxito ===
