2025-01-11 19:24:15 - INFO - Datos cargados desde ML/data/processed/BTCUSDT_15m_processed.csv, filas: 254923
2025-01-11 19:24:15 - INFO - Columnas de indicadores existentes eliminadas: ['RSI', 'MACD', 'MACDs', 'MACDh', 'OBV', 'BBL', 'BBM', 'BBU', 'SMA_10', 'SMA_50', 'EMA_10', 'EMA_50']
2025-01-11 19:24:15 - INFO - Indicadores técnicos agregados. Filas antes: 254923, después: 254724 (descartadas: 199)
2025-01-11 19:24:15 - INFO - Columnas renombradas: {'RSI_14': 'RSI', 'MACD_12_26_9': 'MACD', 'MACDs_12_26_9': 'MACDs', 'MACDh_12_26_9': 'MACDh', 'VWAP': 'VWAP', 'BBL_20_2.0': 'BBL', 'BBM_20_2.0': 'BBM', 'BBU_20_2.0': 'BBU', 'ATR_14': 'ATR', 'STOCHk_14_3_3': 'STOCHk', 'STOCHd_14_3_3': 'STOCHd', 'CCI_14_0.015': 'CCI', 'SMA_10': 'SMA_10', 'SMA_50': 'SMA_50', 'SMA_200': 'SMA_200', 'EMA_10': 'EMA_10', 'EMA_50': 'EMA_50'}
2025-01-11 19:24:15 - WARNING - Columna faltante 'VWAP' añadida con NaN.
2025-01-11 19:24:15 - WARNING - Columna faltante 'ATR' añadida con NaN.
2025-01-11 19:24:15 - INFO - Target binario con look_ahead=3, min_change=0.032
2025-01-11 19:24:15 - INFO - Distribución de clases (0=Vender, 1=Comprar):
target
0.0    907
1.0    800
Name: count, dtype: int64
2025-01-11 19:24:15 - INFO - Muestra de datos con target:
                        close  future_close  change_pct  target
open_time                                                      
2018-01-16 22:45:00  10674.38      11374.98    0.065634     1.0
2017-12-22 06:45:00  13355.00      12653.64   -0.052517     0.0
2022-11-11 13:30:00  17389.26      16461.55   -0.053350     0.0
2017-08-22 00:00:00   4008.48       3790.00   -0.054504     0.0
2019-01-10 06:00:00   3983.49       3781.31   -0.050754     0.0
2018-09-09 08:45:00   6195.90       6396.96    0.032450     1.0
2021-07-26 19:30:00  39873.26      37893.95   -0.049640     0.0
2018-01-02 17:30:00  13697.00      14370.00    0.049135     1.0
2017-10-21 16:30:00   6145.00       5910.00   -0.038242     0.0
2017-09-13 16:15:00   3822.01       3950.00    0.033488     1.0
2025-01-11 19:24:15 - INFO - División de datos en Train/Test completada.
2025-01-11 19:24:15 - INFO - === Búsqueda de hiperparámetros (Optuna) en muestra de Training ===
2025-01-11 19:24:15 - INFO - No se han identificado características categóricas.
2025-01-11 19:24:15 - INFO - Columnas extra eliminadas: ['future_close', 'change_pct']
2025-01-11 19:24:15 - WARNING - Estas columnas están 100% NaN y se eliminarán antes de imputar: ['VWAP', 'ATR']
2025-01-11 19:24:15 - INFO - Dataset preparado: 998 filas, 21 features (después de imputación).
2025-01-11 19:24:15 - INFO - Balance de clases tras SMOTETomek:
target
0.0    384
1.0    384
Name: count, dtype: int64
2025-01-11 19:24:15 - INFO - Balance de clases tras SMOTETomek:
target
0.0    384
1.0    384
Name: count, dtype: int64
2025-01-11 19:24:16 - INFO - Balance de clases tras SMOTETomek:
target
0.0    390
1.0    390
Name: count, dtype: int64
2025-01-11 19:24:16 - INFO - Balance de clases tras SMOTETomek:
target
0.0    389
1.0    389
Name: count, dtype: int64
2025-01-11 19:24:17 - INFO - Balance de clases tras SMOTETomek:
target
0.0    384
1.0    384
Name: count, dtype: int64
2025-01-11 19:24:17 - INFO - Balance de clases tras SMOTETomek:
target
0.0    390
1.0    390
Name: count, dtype: int64
2025-01-11 19:24:17 - INFO - Balance de clases tras SMOTETomek:
target
0.0    390
1.0    390
Name: count, dtype: int64
2025-01-11 19:24:17 - INFO - Balance de clases tras SMOTETomek:
target
0.0    384
1.0    384
Name: count, dtype: int64
2025-01-11 19:24:18 - INFO - Balance de clases tras SMOTETomek:
target
0.0    390
1.0    390
Name: count, dtype: int64
2025-01-11 19:24:18 - INFO - Balance de clases tras SMOTETomek:
target
0.0    389
1.0    389
Name: count, dtype: int64
2025-01-11 19:24:19 - INFO - Balance de clases tras SMOTETomek:
target
0.0    389
1.0    389
Name: count, dtype: int64
2025-01-11 19:24:19 - INFO - Balance de clases tras SMOTETomek:
target
0.0    384
1.0    384
Name: count, dtype: int64
2025-01-11 19:24:20 - INFO - Balance de clases tras SMOTETomek:
target
0.0    384
1.0    384
Name: count, dtype: int64
2025-01-11 19:24:20 - INFO - Balance de clases tras SMOTETomek:
target
0.0    390
1.0    390
Name: count, dtype: int64
2025-01-11 19:24:21 - INFO - Balance de clases tras SMOTETomek:
target
0.0    384
1.0    384
Name: count, dtype: int64
2025-01-11 19:24:21 - INFO - Balance de clases tras SMOTETomek:
target
0.0    390
1.0    390
Name: count, dtype: int64
2025-01-11 19:24:22 - INFO - Balance de clases tras SMOTETomek:
target
0.0    390
1.0    390
Name: count, dtype: int64
2025-01-11 19:24:23 - INFO - Balance de clases tras SMOTETomek:
target
0.0    384
1.0    384
Name: count, dtype: int64
2025-01-11 19:24:24 - INFO - Balance de clases tras SMOTETomek:
target
0.0    390
1.0    390
Name: count, dtype: int64
2025-01-11 19:24:24 - INFO - Balance de clases tras SMOTETomek:
target
0.0    389
1.0    389
Name: count, dtype: int64
2025-01-11 19:24:24 - INFO - Balance de clases tras SMOTETomek:
target
0.0    389
1.0    389
Name: count, dtype: int64
2025-01-11 19:24:25 - INFO - Balance de clases tras SMOTETomek:
target
0.0    384
1.0    384
Name: count, dtype: int64
2025-01-11 19:24:26 - INFO - Balance de clases tras SMOTETomek:
target
0.0    384
1.0    384
Name: count, dtype: int64
2025-01-11 19:24:26 - INFO - Balance de clases tras SMOTETomek:
target
0.0    390
1.0    390
Name: count, dtype: int64
2025-01-11 19:24:27 - INFO - Balance de clases tras SMOTETomek:
target
0.0    384
1.0    384
Name: count, dtype: int64
2025-01-11 19:24:28 - INFO - Balance de clases tras SMOTETomek:
target
0.0    390
1.0    390
Name: count, dtype: int64
2025-01-11 19:24:28 - INFO - Balance de clases tras SMOTETomek:
target
0.0    390
1.0    390
Name: count, dtype: int64
2025-01-11 19:24:29 - INFO - Balance de clases tras SMOTETomek:
target
0.0    384
1.0    384
Name: count, dtype: int64
2025-01-11 19:24:30 - INFO - Balance de clases tras SMOTETomek:
target
0.0    389
1.0    389
Name: count, dtype: int64
2025-01-11 19:24:31 - INFO - Balance de clases tras SMOTETomek:
target
0.0    390
1.0    390
Name: count, dtype: int64
2025-01-11 19:24:32 - INFO - Balance de clases tras SMOTETomek:
target
0.0    389
1.0    389
Name: count, dtype: int64
2025-01-11 19:24:32 - INFO - Balance de clases tras SMOTETomek:
target
0.0    384
1.0    384
Name: count, dtype: int64
2025-01-11 19:24:33 - INFO - Balance de clases tras SMOTETomek:
target
0.0    384
1.0    384
Name: count, dtype: int64
2025-01-11 19:24:34 - INFO - Balance de clases tras SMOTETomek:
target
0.0    390
1.0    390
Name: count, dtype: int64
2025-01-11 19:24:34 - INFO - Balance de clases tras SMOTETomek:
target
0.0    390
1.0    390
Name: count, dtype: int64
2025-01-11 19:24:35 - INFO - Balance de clases tras SMOTETomek:
target
0.0    384
1.0    384
Name: count, dtype: int64
2025-01-11 19:24:35 - INFO - Balance de clases tras SMOTETomek:
target
0.0    384
1.0    384
Name: count, dtype: int64
2025-01-11 19:24:36 - INFO - Balance de clases tras SMOTETomek:
target
0.0    390
1.0    390
Name: count, dtype: int64
2025-01-11 19:24:36 - INFO - Balance de clases tras SMOTETomek:
target
0.0    389
1.0    389
Name: count, dtype: int64
2025-01-11 19:24:36 - INFO - Balance de clases tras SMOTETomek:
target
0.0    390
1.0    390
Name: count, dtype: int64
2025-01-11 19:24:36 - INFO - Balance de clases tras SMOTETomek:
target
0.0    384
1.0    384
Name: count, dtype: int64
2025-01-11 19:24:36 - INFO - Balance de clases tras SMOTETomek:
target
0.0    389
1.0    389
Name: count, dtype: int64
2025-01-11 19:24:37 - INFO - Balance de clases tras SMOTETomek:
target
0.0    390
1.0    390
Name: count, dtype: int64
2025-01-11 19:24:37 - INFO - Balance de clases tras SMOTETomek:
target
0.0    384
1.0    384
Name: count, dtype: int64
2025-01-11 19:24:37 - INFO - Balance de clases tras SMOTETomek:
target
0.0    384
1.0    384
Name: count, dtype: int64
2025-01-11 19:24:38 - INFO - Balance de clases tras SMOTETomek:
target
0.0    390
1.0    390
Name: count, dtype: int64
2025-01-11 19:24:38 - INFO - Balance de clases tras SMOTETomek:
target
0.0    390
1.0    390
Name: count, dtype: int64
2025-01-11 19:24:38 - INFO - Balance de clases tras SMOTETomek:
target
0.0    384
1.0    384
Name: count, dtype: int64
2025-01-11 19:24:39 - INFO - Balance de clases tras SMOTETomek:
target
0.0    389
1.0    389
Name: count, dtype: int64
2025-01-11 19:24:40 - INFO - Balance de clases tras SMOTETomek:
target
0.0    390
1.0    390
Name: count, dtype: int64
2025-01-11 19:24:40 - INFO - Balance de clases tras SMOTETomek:
target
0.0    384
1.0    384
Name: count, dtype: int64
2025-01-11 19:24:41 - INFO - Balance de clases tras SMOTETomek:
target
0.0    390
1.0    390
Name: count, dtype: int64
2025-01-11 19:24:41 - INFO - Balance de clases tras SMOTETomek:
target
0.0    389
1.0    389
Name: count, dtype: int64
2025-01-11 19:24:42 - INFO - Balance de clases tras SMOTETomek:
target
0.0    384
1.0    384
Name: count, dtype: int64
2025-01-11 19:24:43 - INFO - Balance de clases tras SMOTETomek:
target
0.0    390
1.0    390
Name: count, dtype: int64
2025-01-11 19:24:43 - INFO - Balance de clases tras SMOTETomek:
target
0.0    384
1.0    384
Name: count, dtype: int64
2025-01-11 19:24:43 - INFO - Balance de clases tras SMOTETomek:
target
0.0    389
1.0    389
Name: count, dtype: int64
2025-01-11 19:24:44 - INFO - Balance de clases tras SMOTETomek:
target
0.0    384
1.0    384
Name: count, dtype: int64
2025-01-11 19:24:44 - INFO - Balance de clases tras SMOTETomek:
target
0.0    390
1.0    390
Name: count, dtype: int64
2025-01-11 19:24:45 - INFO - Balance de clases tras SMOTETomek:
target
0.0    384
1.0    384
Name: count, dtype: int64
2025-01-11 19:24:45 - INFO - Balance de clases tras SMOTETomek:
target
0.0    390
1.0    390
Name: count, dtype: int64
2025-01-11 19:24:46 - INFO - Balance de clases tras SMOTETomek:
target
0.0    390
1.0    390
Name: count, dtype: int64
2025-01-11 19:24:47 - INFO - Balance de clases tras SMOTETomek:
target
0.0    384
1.0    384
Name: count, dtype: int64
2025-01-11 19:24:48 - INFO - Balance de clases tras SMOTETomek:
target
0.0    389
1.0    389
Name: count, dtype: int64
2025-01-11 19:24:48 - INFO - Balance de clases tras SMOTETomek:
target
0.0    390
1.0    390
Name: count, dtype: int64
2025-01-11 19:24:49 - INFO - Balance de clases tras SMOTETomek:
target
0.0    384
1.0    384
Name: count, dtype: int64
2025-01-11 19:24:50 - INFO - Balance de clases tras SMOTETomek:
target
0.0    389
1.0    389
Name: count, dtype: int64
2025-01-11 19:24:51 - INFO - Balance de clases tras SMOTETomek:
target
0.0    390
1.0    390
Name: count, dtype: int64
2025-01-11 19:24:51 - INFO - Balance de clases tras SMOTETomek:
target
0.0    384
1.0    384
Name: count, dtype: int64
2025-01-11 19:24:52 - INFO - Balance de clases tras SMOTETomek:
target
0.0    384
1.0    384
Name: count, dtype: int64
2025-01-11 19:24:53 - INFO - Balance de clases tras SMOTETomek:
target
0.0    390
1.0    390
Name: count, dtype: int64
2025-01-11 19:24:54 - INFO - Balance de clases tras SMOTETomek:
target
0.0    390
1.0    390
Name: count, dtype: int64
2025-01-11 19:24:54 - INFO - Balance de clases tras SMOTETomek:
target
0.0    384
1.0    384
Name: count, dtype: int64
2025-01-11 19:24:55 - INFO - Balance de clases tras SMOTETomek:
target
0.0    389
1.0    389
Name: count, dtype: int64
2025-01-11 19:24:56 - INFO - Balance de clases tras SMOTETomek:
target
0.0    390
1.0    390
Name: count, dtype: int64
2025-01-11 19:24:57 - INFO - Balance de clases tras SMOTETomek:
target
0.0    384
1.0    384
Name: count, dtype: int64
2025-01-11 19:24:57 - INFO - Balance de clases tras SMOTETomek:
target
0.0    389
1.0    389
Name: count, dtype: int64
2025-01-11 19:24:58 - INFO - Balance de clases tras SMOTETomek:
target
0.0    390
1.0    390
Name: count, dtype: int64
2025-01-11 19:24:59 - INFO - Balance de clases tras SMOTETomek:
target
0.0    384
1.0    384
Name: count, dtype: int64
2025-01-11 19:25:00 - INFO - Balance de clases tras SMOTETomek:
target
0.0    384
1.0    384
Name: count, dtype: int64
2025-01-11 19:25:00 - INFO - Balance de clases tras SMOTETomek:
target
0.0    390
1.0    390
Name: count, dtype: int64
2025-01-11 19:25:00 - INFO - Balance de clases tras SMOTETomek:
target
0.0    390
1.0    390
Name: count, dtype: int64
2025-01-11 19:25:01 - INFO - Balance de clases tras SMOTETomek:
target
0.0    389
1.0    389
Name: count, dtype: int64
2025-01-11 19:25:02 - INFO - Balance de clases tras SMOTETomek:
target
0.0    384
1.0    384
Name: count, dtype: int64
2025-01-11 19:25:02 - INFO - Balance de clases tras SMOTETomek:
target
0.0    384
1.0    384
Name: count, dtype: int64
2025-01-11 19:25:02 - INFO - Balance de clases tras SMOTETomek:
target
0.0    390
1.0    390
Name: count, dtype: int64
2025-01-11 19:25:03 - INFO - Balance de clases tras SMOTETomek:
target
0.0    389
1.0    389
Name: count, dtype: int64
2025-01-11 19:25:03 - INFO - Balance de clases tras SMOTETomek:
target
0.0    390
1.0    390
Name: count, dtype: int64
2025-01-11 19:25:04 - INFO - Balance de clases tras SMOTETomek:
target
0.0    384
1.0    384
Name: count, dtype: int64
2025-01-11 19:25:04 - INFO - Balance de clases tras SMOTETomek:
target
0.0    384
1.0    384
Name: count, dtype: int64
2025-01-11 19:25:05 - INFO - Balance de clases tras SMOTETomek:
target
0.0    390
1.0    390
Name: count, dtype: int64
2025-01-11 19:25:05 - INFO - Balance de clases tras SMOTETomek:
target
0.0    390
1.0    390
Name: count, dtype: int64
2025-01-11 19:25:05 - INFO - Balance de clases tras SMOTETomek:
target
0.0    384
1.0    384
Name: count, dtype: int64
2025-01-11 19:25:06 - INFO - Balance de clases tras SMOTETomek:
target
0.0    390
1.0    390
Name: count, dtype: int64
2025-01-11 19:25:06 - INFO - Balance de clases tras SMOTETomek:
target
0.0    389
1.0    389
Name: count, dtype: int64
2025-01-11 19:25:06 - INFO - Balance de clases tras SMOTETomek:
target
0.0    389
1.0    389
Name: count, dtype: int64
2025-01-11 19:25:07 - INFO - Balance de clases tras SMOTETomek:
target
0.0    384
1.0    384
Name: count, dtype: int64
2025-01-11 19:25:07 - INFO - Balance de clases tras SMOTETomek:
target
0.0    384
1.0    384
Name: count, dtype: int64
2025-01-11 19:25:07 - INFO - Balance de clases tras SMOTETomek:
target
0.0    390
1.0    390
Name: count, dtype: int64
2025-01-11 19:25:08 - INFO - Balance de clases tras SMOTETomek:
target
0.0    390
1.0    390
Name: count, dtype: int64
2025-01-11 19:25:08 - INFO - Balance de clases tras SMOTETomek:
target
0.0    384
1.0    384
Name: count, dtype: int64
2025-01-11 19:25:08 - INFO - Balance de clases tras SMOTETomek:
target
0.0    384
1.0    384
Name: count, dtype: int64
2025-01-11 19:25:09 - INFO - Balance de clases tras SMOTETomek:
target
0.0    390
1.0    390
Name: count, dtype: int64
2025-01-11 19:25:09 - INFO - Balance de clases tras SMOTETomek:
target
0.0    390
1.0    390
Name: count, dtype: int64
2025-01-11 19:25:10 - INFO - Balance de clases tras SMOTETomek:
target
0.0    389
1.0    389
Name: count, dtype: int64
2025-01-11 19:25:10 - INFO - Balance de clases tras SMOTETomek:
target
0.0    389
1.0    389
Name: count, dtype: int64
2025-01-11 19:25:11 - INFO - Balance de clases tras SMOTETomek:
target
0.0    384
1.0    384
Name: count, dtype: int64
2025-01-11 19:25:11 - INFO - Balance de clases tras SMOTETomek:
target
0.0    384
1.0    384
Name: count, dtype: int64
2025-01-11 19:25:12 - INFO - Balance de clases tras SMOTETomek:
target
0.0    390
1.0    390
Name: count, dtype: int64
2025-01-11 19:25:12 - INFO - Balance de clases tras SMOTETomek:
target
0.0    390
1.0    390
Name: count, dtype: int64
2025-01-11 19:25:13 - INFO - Balance de clases tras SMOTETomek:
target
0.0    384
1.0    384
Name: count, dtype: int64
2025-01-11 19:25:13 - INFO - Balance de clases tras SMOTETomek:
target
0.0    384
1.0    384
Name: count, dtype: int64
2025-01-11 19:25:14 - INFO - Balance de clases tras SMOTETomek:
target
0.0    390
1.0    390
Name: count, dtype: int64
2025-01-11 19:25:14 - INFO - Balance de clases tras SMOTETomek:
target
0.0    390
1.0    390
Name: count, dtype: int64
2025-01-11 19:25:15 - INFO - Balance de clases tras SMOTETomek:
target
0.0    389
1.0    389
Name: count, dtype: int64
2025-01-11 19:25:16 - INFO - Balance de clases tras SMOTETomek:
target
0.0    389
1.0    389
Name: count, dtype: int64
2025-01-11 19:25:17 - INFO - Balance de clases tras SMOTETomek:
target
0.0    384
1.0    384
Name: count, dtype: int64
2025-01-11 19:25:17 - INFO - Balance de clases tras SMOTETomek:
target
0.0    384
1.0    384
Name: count, dtype: int64
2025-01-11 19:25:18 - INFO - Balance de clases tras SMOTETomek:
target
0.0    390
1.0    390
Name: count, dtype: int64
2025-01-11 19:25:19 - INFO - Balance de clases tras SMOTETomek:
target
0.0    390
1.0    390
Name: count, dtype: int64
2025-01-11 19:25:20 - INFO - Balance de clases tras SMOTETomek:
target
0.0    384
1.0    384
Name: count, dtype: int64
2025-01-11 19:25:20 - INFO - Balance de clases tras SMOTETomek:
target
0.0    384
1.0    384
Name: count, dtype: int64
2025-01-11 19:25:21 - INFO - Balance de clases tras SMOTETomek:
target
0.0    390
1.0    390
Name: count, dtype: int64
2025-01-11 19:25:22 - INFO - Balance de clases tras SMOTETomek:
target
0.0    390
1.0    390
Name: count, dtype: int64
2025-01-11 19:25:22 - INFO - Balance de clases tras SMOTETomek:
target
0.0    389
1.0    389
Name: count, dtype: int64
2025-01-11 19:25:23 - INFO - Balance de clases tras SMOTETomek:
target
0.0    384
1.0    384
Name: count, dtype: int64
2025-01-11 19:25:24 - INFO - Balance de clases tras SMOTETomek:
target
0.0    389
1.0    389
Name: count, dtype: int64
2025-01-11 19:25:25 - INFO - Balance de clases tras SMOTETomek:
target
0.0    390
1.0    390
Name: count, dtype: int64
2025-01-11 19:25:26 - INFO - Balance de clases tras SMOTETomek:
target
0.0    384
1.0    384
Name: count, dtype: int64
2025-01-11 19:25:26 - INFO - Balance de clases tras SMOTETomek:
target
0.0    384
1.0    384
Name: count, dtype: int64
2025-01-11 19:25:27 - INFO - Balance de clases tras SMOTETomek:
target
0.0    390
1.0    390
Name: count, dtype: int64
2025-01-11 19:25:28 - INFO - Balance de clases tras SMOTETomek:
target
0.0    390
1.0    390
Name: count, dtype: int64
2025-01-11 19:25:29 - INFO - Balance de clases tras SMOTETomek:
target
0.0    389
1.0    389
Name: count, dtype: int64
2025-01-11 19:25:30 - INFO - Balance de clases tras SMOTETomek:
target
0.0    384
1.0    384
Name: count, dtype: int64
2025-01-11 19:25:30 - INFO - Balance de clases tras SMOTETomek:
target
0.0    384
1.0    384
Name: count, dtype: int64
2025-01-11 19:25:31 - INFO - Balance de clases tras SMOTETomek:
target
0.0    390
1.0    390
Name: count, dtype: int64
2025-01-11 19:25:32 - INFO - Balance de clases tras SMOTETomek:
target
0.0    389
1.0    389
Name: count, dtype: int64
2025-01-11 19:25:32 - INFO - Balance de clases tras SMOTETomek:
target
0.0    390
1.0    390
Name: count, dtype: int64
2025-01-11 19:25:33 - INFO - Balance de clases tras SMOTETomek:
target
0.0    384
1.0    384
Name: count, dtype: int64
2025-01-11 19:25:33 - INFO - Balance de clases tras SMOTETomek:
target
0.0    384
1.0    384
Name: count, dtype: int64
2025-01-11 19:25:34 - INFO - Balance de clases tras SMOTETomek:
target
0.0    390
1.0    390
Name: count, dtype: int64
2025-01-11 19:25:34 - INFO - Balance de clases tras SMOTETomek:
target
0.0    390
1.0    390
Name: count, dtype: int64
2025-01-11 19:25:34 - INFO - Balance de clases tras SMOTETomek:
target
0.0    389
1.0    389
Name: count, dtype: int64
2025-01-11 19:25:35 - INFO - Balance de clases tras SMOTETomek:
target
0.0    384
1.0    384
Name: count, dtype: int64
2025-01-11 19:25:35 - INFO - Balance de clases tras SMOTETomek:
target
0.0    384
1.0    384
Name: count, dtype: int64
2025-01-11 19:25:35 - INFO - Balance de clases tras SMOTETomek:
target
0.0    390
1.0    390
Name: count, dtype: int64
2025-01-11 19:25:36 - INFO - Balance de clases tras SMOTETomek:
target
0.0    390
1.0    390
Name: count, dtype: int64
2025-01-11 19:25:36 - INFO - Balance de clases tras SMOTETomek:
target
0.0    389
1.0    389
Name: count, dtype: int64
2025-01-11 19:25:36 - INFO - Balance de clases tras SMOTETomek:
target
0.0    384
1.0    384
Name: count, dtype: int64
2025-01-11 19:25:37 - INFO - Balance de clases tras SMOTETomek:
target
0.0    384
1.0    384
Name: count, dtype: int64
2025-01-11 19:25:37 - INFO - Balance de clases tras SMOTETomek:
target
0.0    390
1.0    390
Name: count, dtype: int64
2025-01-11 19:25:38 - INFO - Balance de clases tras SMOTETomek:
target
0.0    390
1.0    390
Name: count, dtype: int64
2025-01-11 19:25:38 - INFO - Balance de clases tras SMOTETomek:
target
0.0    389
1.0    389
Name: count, dtype: int64
2025-01-11 19:25:39 - INFO - Balance de clases tras SMOTETomek:
target
0.0    384
1.0    384
Name: count, dtype: int64
2025-01-11 19:25:39 - INFO - Balance de clases tras SMOTETomek:
target
0.0    384
1.0    384
Name: count, dtype: int64
2025-01-11 19:25:39 - INFO - Balance de clases tras SMOTETomek:
target
0.0    390
1.0    390
Name: count, dtype: int64
2025-01-11 19:25:40 - INFO - Balance de clases tras SMOTETomek:
target
0.0    390
1.0    390
Name: count, dtype: int64
2025-01-11 19:25:40 - INFO - Balance de clases tras SMOTETomek:
target
0.0    389
1.0    389
Name: count, dtype: int64
2025-01-11 19:25:40 - INFO - Balance de clases tras SMOTETomek:
target
0.0    384
1.0    384
Name: count, dtype: int64
2025-01-11 19:25:41 - INFO - Balance de clases tras SMOTETomek:
target
0.0    384
1.0    384
Name: count, dtype: int64
2025-01-11 19:25:41 - INFO - Balance de clases tras SMOTETomek:
target
0.0    390
1.0    390
Name: count, dtype: int64
2025-01-11 19:25:41 - INFO - Balance de clases tras SMOTETomek:
target
0.0    390
1.0    390
Name: count, dtype: int64
2025-01-11 19:25:41 - INFO - Balance de clases tras SMOTETomek:
target
0.0    384
1.0    384
Name: count, dtype: int64
2025-01-11 19:25:42 - INFO - Balance de clases tras SMOTETomek:
target
0.0    389
1.0    389
Name: count, dtype: int64
2025-01-11 19:25:42 - INFO - Balance de clases tras SMOTETomek:
target
0.0    390
1.0    390
Name: count, dtype: int64
2025-01-11 19:25:43 - INFO - Balance de clases tras SMOTETomek:
target
0.0    384
1.0    384
Name: count, dtype: int64
2025-01-11 19:25:43 - INFO - Balance de clases tras SMOTETomek:
target
0.0    389
1.0    389
Name: count, dtype: int64
2025-01-11 19:25:43 - INFO - Balance de clases tras SMOTETomek:
target
0.0    390
1.0    390
Name: count, dtype: int64
2025-01-11 19:25:44 - INFO - Balance de clases tras SMOTETomek:
target
0.0    384
1.0    384
Name: count, dtype: int64
2025-01-11 19:25:44 - INFO - Balance de clases tras SMOTETomek:
target
0.0    384
1.0    384
Name: count, dtype: int64
2025-01-11 19:25:45 - INFO - Balance de clases tras SMOTETomek:
target
0.0    390
1.0    390
Name: count, dtype: int64
2025-01-11 19:25:45 - INFO - Balance de clases tras SMOTETomek:
target
0.0    390
1.0    390
Name: count, dtype: int64
2025-01-11 19:25:46 - INFO - Balance de clases tras SMOTETomek:
target
0.0    389
1.0    389
Name: count, dtype: int64
2025-01-11 19:25:46 - INFO - Balance de clases tras SMOTETomek:
target
0.0    384
1.0    384
Name: count, dtype: int64
2025-01-11 19:25:47 - INFO - Balance de clases tras SMOTETomek:
target
0.0    384
1.0    384
Name: count, dtype: int64
2025-01-11 19:25:47 - INFO - Balance de clases tras SMOTETomek:
target
0.0    390
1.0    390
Name: count, dtype: int64
2025-01-11 19:25:48 - INFO - Balance de clases tras SMOTETomek:
target
0.0    390
1.0    390
Name: count, dtype: int64
2025-01-11 19:25:48 - INFO - Balance de clases tras SMOTETomek:
target
0.0    389
1.0    389
Name: count, dtype: int64
2025-01-11 19:25:49 - INFO - Balance de clases tras SMOTETomek:
target
0.0    384
1.0    384
Name: count, dtype: int64
2025-01-11 19:25:49 - INFO - Balance de clases tras SMOTETomek:
target
0.0    384
1.0    384
Name: count, dtype: int64
2025-01-11 19:25:49 - INFO - Balance de clases tras SMOTETomek:
target
0.0    390
1.0    390
Name: count, dtype: int64
2025-01-11 19:25:50 - INFO - Balance de clases tras SMOTETomek:
target
0.0    390
1.0    390
Name: count, dtype: int64
2025-01-11 19:25:50 - INFO - Balance de clases tras SMOTETomek:
target
0.0    389
1.0    389
Name: count, dtype: int64
2025-01-11 19:25:51 - INFO - Balance de clases tras SMOTETomek:
target
0.0    384
1.0    384
Name: count, dtype: int64
2025-01-11 19:25:51 - INFO - Balance de clases tras SMOTETomek:
target
0.0    384
1.0    384
Name: count, dtype: int64
2025-01-11 19:25:51 - INFO - Balance de clases tras SMOTETomek:
target
0.0    390
1.0    390
Name: count, dtype: int64
2025-01-11 19:25:52 - INFO - Balance de clases tras SMOTETomek:
target
0.0    384
1.0    384
Name: count, dtype: int64
2025-01-11 19:25:52 - INFO - Balance de clases tras SMOTETomek:
target
0.0    390
1.0    390
Name: count, dtype: int64
2025-01-11 19:25:53 - INFO - Balance de clases tras SMOTETomek:
target
0.0    390
1.0    390
Name: count, dtype: int64
2025-01-11 19:25:54 - INFO - Balance de clases tras SMOTETomek:
target
0.0    389
1.0    389
Name: count, dtype: int64
2025-01-11 19:25:54 - INFO - Balance de clases tras SMOTETomek:
target
0.0    389
1.0    389
Name: count, dtype: int64
2025-01-11 19:25:55 - INFO - Balance de clases tras SMOTETomek:
target
0.0    384
1.0    384
Name: count, dtype: int64
2025-01-11 19:25:55 - INFO - Balance de clases tras SMOTETomek:
target
0.0    384
1.0    384
Name: count, dtype: int64
2025-01-11 19:25:56 - INFO - Balance de clases tras SMOTETomek:
target
0.0    390
1.0    390
Name: count, dtype: int64
2025-01-11 19:25:56 - INFO - Balance de clases tras SMOTETomek:
target
0.0    390
1.0    390
Name: count, dtype: int64
2025-01-11 19:25:57 - INFO - Balance de clases tras SMOTETomek:
target
0.0    384
1.0    384
Name: count, dtype: int64
2025-01-11 19:25:59 - INFO - Balance de clases tras SMOTETomek:
target
0.0    390
1.0    390
Name: count, dtype: int64
2025-01-11 19:26:00 - INFO - Balance de clases tras SMOTETomek:
target
0.0    389
1.0    389
Name: count, dtype: int64
2025-01-11 19:26:02 - INFO - Balance de clases tras SMOTETomek:
target
0.0    384
1.0    384
Name: count, dtype: int64
2025-01-11 19:26:03 - INFO - Balance de clases tras SMOTETomek:
target
0.0    390
1.0    390
Name: count, dtype: int64
2025-01-11 19:26:05 - INFO - Mejor Precision: 0.7575
2025-01-11 19:26:05 - INFO - Mejores parámetros: {'max_depth': 9, 'learning_rate': 0.06165622820665438, 'n_estimators': 215, 'subsample': 0.6735876491358176, 'colsample_bytree': 0.6874325343886064, 'gamma': 0.3126102003773214, 'reg_alpha': 0.18954259733230805, 'reg_lambda': 0.19947275844445045}
2025-01-11 19:26:05 - INFO - === Entrenando Pipeline Final con TODO el Training ===
2025-01-11 19:26:05 - INFO - Columnas extra eliminadas: ['future_close', 'change_pct']
2025-01-11 19:26:05 - WARNING - Estas columnas están 100% NaN y se eliminarán antes de imputar: ['VWAP', 'ATR']
2025-01-11 19:26:05 - INFO - Dataset preparado: 1109 filas, 21 features (después de imputación).
2025-01-11 19:26:05 - INFO - Balance de clases tras SMOTETomek:
target
0.0    552
1.0    552
Name: count, dtype: int64
2025-01-11 19:26:06 - INFO - Pipeline final entrenado con TODOS los datos de entrenamiento.
2025-01-11 19:26:06 - INFO - Pipeline completo guardado en: ./results/XGBoost_Binario_trained_pipeline.joblib
2025-01-11 19:26:06 - INFO - Parámetros guardados en: ./results/XGBoost_Binario_model_params.txt
2025-01-11 19:26:06 - INFO - Lista de features guardada en: ./results/XGBoost_Binario_feature_cols.txt
2025-01-11 19:26:06 - INFO - Columnas de indicadores existentes eliminadas: ['RSI', 'MACD', 'MACDs', 'MACDh', 'VWAP', 'OBV', 'BBL', 'BBM', 'BBU', 'ATR', 'STOCHk', 'STOCHd', 'CCI', 'SMA_10', 'SMA_50', 'SMA_200', 'EMA_10', 'EMA_50']
2025-01-11 19:26:06 - INFO - Indicadores técnicos agregados. Filas antes: 598, después: 399 (descartadas: 199)
2025-01-11 19:26:06 - INFO - Columnas renombradas: {'RSI_14': 'RSI', 'MACD_12_26_9': 'MACD', 'MACDs_12_26_9': 'MACDs', 'MACDh_12_26_9': 'MACDh', 'VWAP': 'VWAP', 'BBL_20_2.0': 'BBL', 'BBM_20_2.0': 'BBM', 'BBU_20_2.0': 'BBU', 'ATR_14': 'ATR', 'STOCHk_14_3_3': 'STOCHk', 'STOCHd_14_3_3': 'STOCHd', 'CCI_14_0.015': 'CCI', 'SMA_10': 'SMA_10', 'SMA_50': 'SMA_50', 'SMA_200': 'SMA_200', 'EMA_10': 'EMA_10', 'EMA_50': 'EMA_50'}
2025-01-11 19:26:06 - WARNING - Columna faltante 'VWAP' añadida con NaN.
2025-01-11 19:26:06 - WARNING - Columna faltante 'ATR' añadida con NaN.
2025-01-11 19:26:06 - INFO - Target binario con look_ahead=3, min_change=0.032
2025-01-11 19:26:06 - INFO - Distribución de clases (0=Vender, 1=Comprar):
target
0.0    149
1.0    144
Name: count, dtype: int64
2025-01-11 19:26:06 - INFO - Muestra de datos con target:
                        close  future_close  change_pct  target
open_time                                                      
2021-07-28 17:45:00  38961.00      49798.10    0.278153     1.0
2021-01-12 01:15:00  34965.04      33821.49   -0.032706     0.0
2021-05-24 10:45:00  36399.18      38085.39    0.046325     1.0
2021-05-19 13:30:00  37406.48      35307.65   -0.056109     0.0
2022-09-13 12:15:00  22713.69      19415.78   -0.145195     0.0
2022-11-08 16:30:00  20567.26      19766.41   -0.038938     0.0
2021-06-22 11:45:00  31243.41      29939.77   -0.041725     0.0
2023-03-23 14:30:00  27410.00      29077.12    0.060822     1.0
2024-08-05 00:30:00  56722.00      52718.00   -0.070590     0.0
2022-05-05 14:30:00  38391.53      31533.15   -0.178643     0.0
2025-01-11 19:26:06 - INFO - Columnas extra eliminadas: ['change_pct', 'future_close']
2025-01-11 19:26:06 - WARNING - Estas columnas están 100% NaN y se eliminarán antes de imputar: ['VWAP', 'ATR']
2025-01-11 19:26:06 - INFO - Dataset preparado: 293 filas, 21 features (después de imputación).
2025-01-11 19:26:06 - INFO - === Evaluación en Test ===
2025-01-11 19:26:06 - INFO - Matriz de confusión [0=Vender, 1=Comprar]:
[[112  37]
 [ 99  45]]
2025-01-11 19:26:06 - INFO - Reporte de Clasificación:
              precision    recall  f1-score   support

      Vender       0.53      0.75      0.62       149
     Comprar       0.55      0.31      0.40       144

    accuracy                           0.54       293
   macro avg       0.54      0.53      0.51       293
weighted avg       0.54      0.54      0.51       293

2025-01-11 19:26:06 - INFO - Precision: 0.5488
2025-01-11 19:26:06 - INFO - F1-score: 0.3982
2025-01-11 19:26:06 - INFO - Recall: 0.3125
2025-01-11 19:26:06 - INFO - Balanced Accuracy: 0.5321
2025-01-11 19:26:06 - INFO - MCC: 0.0715
2025-01-11 19:26:06 - INFO - AUC: 0.5406
2025-01-11 19:26:07 - INFO - Precision final en Test: 0.5488
2025-01-11 19:26:07 - INFO - Importancia de características guardada en ./results/feature_importances_binary.csv.
2025-01-11 19:26:08 - INFO - Gráfico de importancia de características guardado.
2025-01-11 19:26:08 - INFO - Calculando valores SHAP...
2025-01-11 19:26:09 - INFO - SHAP analysis completado y guardado.
2025-01-11 19:26:09 - INFO - Señales generadas con umbral=0.54
2025-01-11 19:26:09 - INFO - Señales filtradas por tendencia.
2025-01-11 19:26:09 - INFO - Señales guardadas en: ./results/signals_binary.csv
2025-01-11 19:26:09 - INFO - === Proceso Completado con Éxito ===
