2025-01-10 00:01:37 - INFO - Datos cargados desde ML/data/processed/BTCUSDT_15m_processed.csv, filas: 254923
2025-01-10 00:01:37 - INFO - Columnas de indicadores existentes eliminadas: ['RSI', 'MACD', 'MACDs', 'MACDh', 'OBV', 'BBL', 'BBM', 'BBU', 'SMA_10', 'SMA_50', 'EMA_10', 'EMA_50']
2025-01-10 00:01:38 - INFO - Indicadores técnicos agregados. Filas antes: 254923, después: 254724 (descartadas: 199)
2025-01-10 00:01:38 - INFO - Columnas renombradas: {'RSI_14': 'RSI', 'MACD_12_26_9': 'MACD', 'MACDs_12_26_9': 'MACDs', 'MACDh_12_26_9': 'MACDh', 'VWAP': 'VWAP', 'BBL_20_2.0': 'BBL', 'BBM_20_2.0': 'BBM', 'BBU_20_2.0': 'BBU', 'ATR_14': 'ATR', 'STOCHk_14_3_3': 'STOCHk', 'STOCHd_14_3_3': 'STOCHd', 'CCI_14_0.015': 'CCI', 'SMA_10': 'SMA_10', 'SMA_50': 'SMA_50', 'SMA_200': 'SMA_200', 'EMA_10': 'EMA_10', 'EMA_50': 'EMA_50'}
2025-01-10 00:01:38 - WARNING - Columna faltante 'VWAP' añadida con NaN.
2025-01-10 00:01:38 - WARNING - Columna faltante 'ATR' añadida con NaN.
2025-01-10 00:01:38 - INFO - Target binario con look_ahead=4, min_change=0.03
2025-01-10 00:01:38 - INFO - Distribución de clases (0=Vender, 1=Comprar):
target
0.0    1594
1.0    1399
Name: count, dtype: int64
2025-01-10 00:01:38 - INFO - Muestra de datos con target:
                        close  future_close  change_pct  target
open_time                                                      
2017-11-29 22:15:00  10025.04       9660.00   -0.036413     0.0
2019-08-14 16:00:00  10566.72      10176.00   -0.036976     0.0
2022-05-11 12:00:00  31650.78      29286.77   -0.074690     0.0
2020-04-23 13:15:00   7161.84       7524.82    0.050683     1.0
2018-06-30 00:30:00   6235.91       6467.01    0.037060     1.0
2020-06-02 14:00:00  10167.98       9521.53   -0.063577     0.0
2020-11-26 07:45:00  17619.90      16878.80   -0.042060     0.0
2018-07-26 20:30:00   8283.99       8014.52   -0.032529     0.0
2019-07-24 15:30:00   9885.84       9573.90   -0.031554     0.0
2018-02-22 09:15:00  10518.92      10179.98   -0.032222     0.0
2025-01-10 00:01:38 - INFO - División de datos en Train/Test completada.
2025-01-10 00:01:38 - INFO - === Búsqueda de hiperparámetros (Optuna) en muestra de Training ===
2025-01-10 00:01:38 - INFO - No se han identificado características categóricas.
2025-01-10 00:01:38 - INFO - Columnas extra eliminadas: ['future_close', 'change_pct']
2025-01-10 00:01:38 - WARNING - Estas columnas están 100% NaN y se eliminarán antes de imputar: ['VWAP', 'ATR']
2025-01-10 00:01:38 - INFO - Dataset preparado: 778 filas, 21 features (después de imputación).
2025-01-10 00:01:38 - INFO - Balance de clases tras SMOTETomek:
target
0.0    317
1.0    317
Name: count, dtype: int64
2025-01-10 00:01:38 - INFO - Balance de clases tras SMOTETomek:
target
0.0    317
1.0    317
Name: count, dtype: int64
2025-01-10 00:01:39 - INFO - Balance de clases tras SMOTETomek:
target
0.0    318
1.0    318
Name: count, dtype: int64
2025-01-10 00:01:39 - INFO - Balance de clases tras SMOTETomek:
target
0.0    318
1.0    318
Name: count, dtype: int64
2025-01-10 00:01:39 - INFO - Balance de clases tras SMOTETomek:
target
0.0    317
1.0    317
Name: count, dtype: int64
2025-01-10 00:01:40 - INFO - Balance de clases tras SMOTETomek:
target
0.0    317
1.0    317
Name: count, dtype: int64
2025-01-10 00:01:40 - INFO - Balance de clases tras SMOTETomek:
target
0.0    317
1.0    317
Name: count, dtype: int64
2025-01-10 00:01:40 - INFO - Balance de clases tras SMOTETomek:
target
0.0    319
1.0    319
Name: count, dtype: int64
2025-01-10 00:01:40 - INFO - Balance de clases tras SMOTETomek:
target
0.0    317
1.0    317
Name: count, dtype: int64
2025-01-10 00:01:41 - INFO - Balance de clases tras SMOTETomek:
target
0.0    317
1.0    317
Name: count, dtype: int64
2025-01-10 00:01:41 - INFO - Balance de clases tras SMOTETomek:
target
0.0    319
1.0    319
Name: count, dtype: int64
2025-01-10 00:01:42 - INFO - Balance de clases tras SMOTETomek:
target
0.0    317
1.0    317
Name: count, dtype: int64
2025-01-10 00:01:42 - INFO - Balance de clases tras SMOTETomek:
target
0.0    318
1.0    318
Name: count, dtype: int64
2025-01-10 00:01:42 - INFO - Balance de clases tras SMOTETomek:
target
0.0    318
1.0    318
Name: count, dtype: int64
2025-01-10 00:01:42 - INFO - Balance de clases tras SMOTETomek:
target
0.0    317
1.0    317
Name: count, dtype: int64
2025-01-10 00:01:43 - INFO - Balance de clases tras SMOTETomek:
target
0.0    317
1.0    317
Name: count, dtype: int64
2025-01-10 00:01:43 - INFO - Balance de clases tras SMOTETomek:
target
0.0    319
1.0    319
Name: count, dtype: int64
2025-01-10 00:01:44 - INFO - Balance de clases tras SMOTETomek:
target
0.0    317
1.0    317
Name: count, dtype: int64
2025-01-10 00:01:44 - INFO - Balance de clases tras SMOTETomek:
target
0.0    317
1.0    317
Name: count, dtype: int64
2025-01-10 00:01:45 - INFO - Balance de clases tras SMOTETomek:
target
0.0    318
1.0    318
Name: count, dtype: int64
2025-01-10 00:01:45 - INFO - Balance de clases tras SMOTETomek:
target
0.0    317
1.0    317
Name: count, dtype: int64
2025-01-10 00:01:45 - INFO - Balance de clases tras SMOTETomek:
target
0.0    317
1.0    317
Name: count, dtype: int64
2025-01-10 00:01:46 - INFO - Balance de clases tras SMOTETomek:
target
0.0    317
1.0    317
Name: count, dtype: int64
2025-01-10 00:01:47 - INFO - Balance de clases tras SMOTETomek:
target
0.0    319
1.0    319
Name: count, dtype: int64
2025-01-10 00:01:47 - INFO - Balance de clases tras SMOTETomek:
target
0.0    319
1.0    319
Name: count, dtype: int64
2025-01-10 00:01:47 - INFO - Balance de clases tras SMOTETomek:
target
0.0    317
1.0    317
Name: count, dtype: int64
2025-01-10 00:01:48 - INFO - Balance de clases tras SMOTETomek:
target
0.0    317
1.0    317
Name: count, dtype: int64
2025-01-10 00:01:49 - INFO - Balance de clases tras SMOTETomek:
target
0.0    318
1.0    318
Name: count, dtype: int64
2025-01-10 00:01:49 - INFO - Balance de clases tras SMOTETomek:
target
0.0    318
1.0    318
Name: count, dtype: int64
2025-01-10 00:01:49 - INFO - Balance de clases tras SMOTETomek:
target
0.0    317
1.0    317
Name: count, dtype: int64
2025-01-10 00:01:50 - INFO - Balance de clases tras SMOTETomek:
target
0.0    317
1.0    317
Name: count, dtype: int64
2025-01-10 00:01:50 - INFO - Balance de clases tras SMOTETomek:
target
0.0    317
1.0    317
Name: count, dtype: int64
2025-01-10 00:01:50 - INFO - Balance de clases tras SMOTETomek:
target
0.0    319
1.0    319
Name: count, dtype: int64
2025-01-10 00:01:51 - INFO - Balance de clases tras SMOTETomek:
target
0.0    317
1.0    317
Name: count, dtype: int64
2025-01-10 00:01:51 - INFO - Balance de clases tras SMOTETomek:
target
0.0    317
1.0    317
Name: count, dtype: int64
2025-01-10 00:01:52 - INFO - Balance de clases tras SMOTETomek:
target
0.0    318
1.0    318
Name: count, dtype: int64
2025-01-10 00:01:52 - INFO - Balance de clases tras SMOTETomek:
target
0.0    319
1.0    319
Name: count, dtype: int64
2025-01-10 00:01:54 - INFO - Balance de clases tras SMOTETomek:
target
0.0    317
1.0    317
Name: count, dtype: int64
2025-01-10 00:01:54 - INFO - Balance de clases tras SMOTETomek:
target
0.0    318
1.0    318
Name: count, dtype: int64
2025-01-10 00:01:54 - INFO - Balance de clases tras SMOTETomek:
target
0.0    317
1.0    317
Name: count, dtype: int64
2025-01-10 00:01:55 - INFO - Balance de clases tras SMOTETomek:
target
0.0    317
1.0    317
Name: count, dtype: int64
2025-01-10 00:01:55 - INFO - Balance de clases tras SMOTETomek:
target
0.0    317
1.0    317
Name: count, dtype: int64
2025-01-10 00:01:55 - INFO - Balance de clases tras SMOTETomek:
target
0.0    319
1.0    319
Name: count, dtype: int64
2025-01-10 00:01:56 - INFO - Balance de clases tras SMOTETomek:
target
0.0    317
1.0    317
Name: count, dtype: int64
2025-01-10 00:01:56 - INFO - Balance de clases tras SMOTETomek:
target
0.0    317
1.0    317
Name: count, dtype: int64
2025-01-10 00:01:56 - INFO - Balance de clases tras SMOTETomek:
target
0.0    318
1.0    318
Name: count, dtype: int64
2025-01-10 00:01:57 - INFO - Balance de clases tras SMOTETomek:
target
0.0    317
1.0    317
Name: count, dtype: int64
2025-01-10 00:01:57 - INFO - Balance de clases tras SMOTETomek:
target
0.0    317
1.0    317
Name: count, dtype: int64
2025-01-10 00:01:58 - INFO - Balance de clases tras SMOTETomek:
target
0.0    319
1.0    319
Name: count, dtype: int64
2025-01-10 00:01:58 - INFO - Balance de clases tras SMOTETomek:
target
0.0    319
1.0    319
Name: count, dtype: int64
2025-01-10 00:01:58 - INFO - Balance de clases tras SMOTETomek:
target
0.0    317
1.0    317
Name: count, dtype: int64
2025-01-10 00:02:00 - INFO - Balance de clases tras SMOTETomek:
target
0.0    317
1.0    317
Name: count, dtype: int64
2025-01-10 00:02:00 - INFO - Balance de clases tras SMOTETomek:
target
0.0    318
1.0    318
Name: count, dtype: int64
2025-01-10 00:02:01 - INFO - Balance de clases tras SMOTETomek:
target
0.0    318
1.0    318
Name: count, dtype: int64
2025-01-10 00:02:02 - INFO - Balance de clases tras SMOTETomek:
target
0.0    317
1.0    317
Name: count, dtype: int64
2025-01-10 00:02:03 - INFO - Balance de clases tras SMOTETomek:
target
0.0    317
1.0    317
Name: count, dtype: int64
2025-01-10 00:02:04 - INFO - Balance de clases tras SMOTETomek:
target
0.0    317
1.0    317
Name: count, dtype: int64
2025-01-10 00:02:05 - INFO - Balance de clases tras SMOTETomek:
target
0.0    317
1.0    317
Name: count, dtype: int64
2025-01-10 00:02:06 - INFO - Balance de clases tras SMOTETomek:
target
0.0    319
1.0    319
Name: count, dtype: int64
2025-01-10 00:02:06 - INFO - Balance de clases tras SMOTETomek:
target
0.0    319
1.0    319
Name: count, dtype: int64
2025-01-10 00:02:08 - INFO - Balance de clases tras SMOTETomek:
target
0.0    317
1.0    317
Name: count, dtype: int64
2025-01-10 00:02:08 - INFO - Balance de clases tras SMOTETomek:
target
0.0    317
1.0    317
Name: count, dtype: int64
2025-01-10 00:02:09 - INFO - Balance de clases tras SMOTETomek:
target
0.0    318
1.0    318
Name: count, dtype: int64
2025-01-10 00:02:10 - INFO - Balance de clases tras SMOTETomek:
target
0.0    318
1.0    318
Name: count, dtype: int64
2025-01-10 00:02:11 - INFO - Balance de clases tras SMOTETomek:
target
0.0    317
1.0    317
Name: count, dtype: int64
2025-01-10 00:02:11 - INFO - Balance de clases tras SMOTETomek:
target
0.0    317
1.0    317
Name: count, dtype: int64
2025-01-10 00:02:13 - INFO - Balance de clases tras SMOTETomek:
target
0.0    317
1.0    317
Name: count, dtype: int64
2025-01-10 00:02:13 - INFO - Balance de clases tras SMOTETomek:
target
0.0    317
1.0    317
Name: count, dtype: int64
2025-01-10 00:02:14 - INFO - Balance de clases tras SMOTETomek:
target
0.0    319
1.0    319
Name: count, dtype: int64
2025-01-10 00:02:14 - INFO - Balance de clases tras SMOTETomek:
target
0.0    319
1.0    319
Name: count, dtype: int64
2025-01-10 00:02:16 - INFO - Balance de clases tras SMOTETomek:
target
0.0    317
1.0    317
Name: count, dtype: int64
2025-01-10 00:02:18 - INFO - Balance de clases tras SMOTETomek:
target
0.0    318
1.0    318
Name: count, dtype: int64
2025-01-10 00:02:19 - INFO - Balance de clases tras SMOTETomek:
target
0.0    317
1.0    317
Name: count, dtype: int64
2025-01-10 00:02:20 - INFO - Balance de clases tras SMOTETomek:
target
0.0    317
1.0    317
Name: count, dtype: int64
2025-01-10 00:02:22 - INFO - Balance de clases tras SMOTETomek:
target
0.0    319
1.0    319
Name: count, dtype: int64
2025-01-10 00:02:23 - INFO - Mejor Precision: 0.7672
2025-01-10 00:02:23 - INFO - Mejores parámetros: {'max_depth': 8, 'learning_rate': 0.036553363128877324, 'n_estimators': 490, 'subsample': 0.7301129042433142, 'colsample_bytree': 0.9961252719856335, 'gamma': 0.02605517969864333, 'reg_alpha': 0.025508026098840286, 'reg_lambda': 0.35597117849328513}
2025-01-10 00:02:23 - INFO - === Entrenando Pipeline Final con TODO el Training ===
2025-01-10 00:02:23 - INFO - Columnas extra eliminadas: ['future_close', 'change_pct']
2025-01-10 00:02:23 - WARNING - Estas columnas están 100% NaN y se eliminarán antes de imputar: ['VWAP', 'ATR']
2025-01-10 00:02:23 - INFO - Dataset preparado: 1945 filas, 21 features (después de imputación).
2025-01-10 00:02:23 - INFO - Balance de clases tras SMOTETomek:
target
0.0    1003
1.0    1003
Name: count, dtype: int64
2025-01-10 00:02:25 - INFO - Pipeline final entrenado con TODOS los datos de entrenamiento.
2025-01-10 00:02:25 - INFO - Pipeline completo guardado en: ./results/XGBoost_Binario_trained_pipeline.joblib
2025-01-10 00:02:25 - INFO - Parámetros guardados en: ./results/XGBoost_Binario_model_params.txt
2025-01-10 00:02:25 - INFO - Lista de features guardada en: ./results/XGBoost_Binario_feature_cols.txt
2025-01-10 00:02:25 - INFO - Columnas de indicadores existentes eliminadas: ['RSI', 'MACD', 'MACDs', 'MACDh', 'VWAP', 'OBV', 'BBL', 'BBM', 'BBU', 'ATR', 'STOCHk', 'STOCHd', 'CCI', 'SMA_10', 'SMA_50', 'SMA_200', 'EMA_10', 'EMA_50']
2025-01-10 00:02:25 - INFO - Indicadores técnicos agregados. Filas antes: 1048, después: 849 (descartadas: 199)
2025-01-10 00:02:25 - INFO - Columnas renombradas: {'RSI_14': 'RSI', 'MACD_12_26_9': 'MACD', 'MACDs_12_26_9': 'MACDs', 'MACDh_12_26_9': 'MACDh', 'VWAP': 'VWAP', 'BBL_20_2.0': 'BBL', 'BBM_20_2.0': 'BBM', 'BBU_20_2.0': 'BBU', 'ATR_14': 'ATR', 'STOCHk_14_3_3': 'STOCHk', 'STOCHd_14_3_3': 'STOCHd', 'CCI_14_0.015': 'CCI', 'SMA_10': 'SMA_10', 'SMA_50': 'SMA_50', 'SMA_200': 'SMA_200', 'EMA_10': 'EMA_10', 'EMA_50': 'EMA_50'}
2025-01-10 00:02:25 - WARNING - Columna faltante 'VWAP' añadida con NaN.
2025-01-10 00:02:25 - WARNING - Columna faltante 'ATR' añadida con NaN.
2025-01-10 00:02:25 - INFO - Target binario con look_ahead=4, min_change=0.03
2025-01-10 00:02:25 - INFO - Distribución de clases (0=Vender, 1=Comprar):
target
1.0    315
0.0    314
Name: count, dtype: int64
2025-01-10 00:02:25 - INFO - Muestra de datos con target:
                        close  future_close  change_pct  target
open_time                                                      
2021-05-20 15:15:00  41724.15      39659.56   -0.049482     0.0
2021-11-16 09:00:00  60781.18      58790.06   -0.032759     0.0
2021-02-23 04:00:00  52045.89      50434.97   -0.030952     0.0
2022-02-28 13:45:00  38002.50      41554.54    0.093469     1.0
2021-02-11 20:15:00  48591.75      55810.01    0.148549     1.0
2021-12-04 04:00:00  52425.35      48861.51   -0.067979     0.0
2024-07-04 00:45:00  60430.01      64932.01    0.074499     1.0
2021-06-07 19:45:00  35634.46      33776.06   -0.052152     0.0
2022-06-14 00:00:00  22699.73      20855.00   -0.081267     0.0
2022-11-08 15:15:00  19289.84      20371.06    0.056051     1.0
2025-01-10 00:02:25 - INFO - Columnas extra eliminadas: ['change_pct', 'future_close']
2025-01-10 00:02:25 - WARNING - Estas columnas están 100% NaN y se eliminarán antes de imputar: ['VWAP', 'ATR']
2025-01-10 00:02:25 - INFO - Dataset preparado: 629 filas, 21 features (después de imputación).
2025-01-10 00:02:25 - INFO - === Evaluación en Test ===
2025-01-10 00:02:25 - INFO - Matriz de confusión [0=Vender, 1=Comprar]:
[[201 113]
 [202 113]]
2025-01-10 00:02:25 - INFO - Reporte de Clasificación:
              precision    recall  f1-score   support

      Vender       0.50      0.64      0.56       314
     Comprar       0.50      0.36      0.42       315

    accuracy                           0.50       629
   macro avg       0.50      0.50      0.49       629
weighted avg       0.50      0.50      0.49       629

2025-01-10 00:02:25 - INFO - Precision: 0.5000
2025-01-10 00:02:25 - INFO - F1-score: 0.4177
2025-01-10 00:02:25 - INFO - Recall: 0.3587
2025-01-10 00:02:25 - INFO - Balanced Accuracy: 0.4994
2025-01-10 00:02:25 - INFO - MCC: -0.0012
2025-01-10 00:02:25 - INFO - AUC: 0.4732
2025-01-10 00:02:26 - INFO - Precision final en Test: 0.5000
2025-01-10 00:02:26 - INFO - Importancia de características guardada en ./results/feature_importances_binary.csv.
2025-01-10 00:02:26 - INFO - Gráfico de importancia de características guardado.
2025-01-10 00:02:27 - INFO - Calculando valores SHAP...
2025-01-10 00:02:29 - INFO - SHAP analysis completado y guardado.
2025-01-10 00:02:29 - INFO - Señales generadas con umbral=0.72
2025-01-10 00:02:29 - INFO - Señales filtradas por tendencia.
2025-01-10 00:02:29 - INFO - Señales guardadas en: ./results/signals_binary.csv
2025-01-10 00:02:29 - INFO - === Proceso Completado con Éxito ===
