2025-01-20 23:19:48 - INFO - Datos cargados desde ML/data/processed/BTCUSDT_15m_processed.csv, filas: 257756
2025-01-20 23:19:48 - INFO - Columnas de indicadores existentes eliminadas: ['RSI', 'MACD', 'MACDs', 'MACDh', 'OBV', 'BBL', 'BBM', 'BBU', 'SMA_10', 'SMA_50', 'EMA_10', 'EMA_50']
2025-01-20 23:19:49 - INFO - Indicadores técnicos agregados. Filas antes: 257756, después: 257557 (descartadas: 199)
2025-01-20 23:19:49 - INFO - Columnas renombradas: {'RSI_14': 'RSI', 'MACD_12_26_9': 'MACD', 'MACDs_12_26_9': 'MACDs', 'MACDh_12_26_9': 'MACDh', 'BBL_20_2.0': 'BBL', 'BBM_20_2.0': 'BBM', 'BBU_20_2.0': 'BBU', 'STOCHk_14_3_3': 'STOCHk', 'STOCHd_14_3_3': 'STOCHd', 'CCI_14_0.015': 'CCI', 'SMA_10': 'SMA_10', 'SMA_50': 'SMA_50', 'SMA_200': 'SMA_200', 'EMA_10': 'EMA_10', 'EMA_50': 'EMA_50'}
2025-01-20 23:19:49 - INFO - Target binario con look_ahead=4, min_change=0.031
2025-01-20 23:19:49 - INFO - Distribución de clases (0=Vender, 1=Comprar):
target
0.0    1462
1.0    1288
Name: count, dtype: int64
2025-01-20 23:19:49 - INFO - Muestra de datos con target:
                        close  future_close  change_pct  target
open_time                                                      
2024-03-15 19:00:00  70277.17      67915.92   -0.033599     0.0
2019-09-06 16:45:00  10851.62      10426.51   -0.039175     0.0
2019-06-27 08:30:00  12321.18      11825.41   -0.040237     0.0
2023-04-26 18:30:00  29723.01      28272.38   -0.048805     0.0
2018-02-06 04:45:00   6109.08       6497.98    0.063659     1.0
2019-07-02 23:15:00  10721.38      11113.16    0.036542     1.0
2017-12-22 14:15:00  12410.90      12858.99    0.036105     1.0
2021-06-07 20:30:00  35406.28      33961.54   -0.040805     0.0
2022-07-27 18:15:00  22091.34      22901.32    0.036665     1.0
2020-01-03 03:30:00   6952.16       7243.40    0.041892     1.0
2025-01-20 23:19:49 - INFO - División de datos en Train/Test completada.
2025-01-20 23:19:49 - INFO - === Búsqueda de hiperparámetros (Optuna) en muestra de Training ===
2025-01-20 23:19:49 - INFO - No se han identificado características categóricas.
2025-01-20 23:19:49 - INFO - Columnas extra eliminadas: ['future_close', 'change_pct']
2025-01-20 23:19:49 - INFO - Dataset preparado: 1608 filas, 21 features (después de imputación).
2025-01-20 23:19:49 - INFO - Iniciando optimización en Optuna (precisión clase=1)...
2025-01-20 23:19:49 - INFO - Balance de clases tras SMOTETomek:
target
1.0    653
0.0    653
Name: count, dtype: int64
2025-01-20 23:19:49 - INFO - Balance de clases tras SMOTETomek:
target
1.0    653
0.0    653
Name: count, dtype: int64
2025-01-20 23:19:50 - INFO - Balance de clases tras SMOTETomek:
target
1.0    656
0.0    656
Name: count, dtype: int64
2025-01-20 23:19:50 - INFO - Balance de clases tras SMOTETomek:
target
1.0    669
0.0    669
Name: count, dtype: int64
2025-01-20 23:19:50 - INFO - Balance de clases tras SMOTETomek:
target
0.0    661
1.0    661
Name: count, dtype: int64
2025-01-20 23:19:51 - INFO - Balance de clases tras SMOTETomek:
target
1.0    662
0.0    662
Name: count, dtype: int64
2025-01-20 23:19:51 - INFO - Balance de clases tras SMOTETomek:
target
1.0    653
0.0    653
Name: count, dtype: int64
2025-01-20 23:19:51 - INFO - Balance de clases tras SMOTETomek:
target
1.0    656
0.0    656
Name: count, dtype: int64
2025-01-20 23:19:52 - INFO - Balance de clases tras SMOTETomek:
target
1.0    656
0.0    656
Name: count, dtype: int64
2025-01-20 23:19:53 - INFO - Balance de clases tras SMOTETomek:
target
1.0    669
0.0    669
Name: count, dtype: int64
2025-01-20 23:19:54 - INFO - Balance de clases tras SMOTETomek:
target
1.0    669
0.0    669
Name: count, dtype: int64
2025-01-20 23:19:55 - INFO - Balance de clases tras SMOTETomek:
target
0.0    661
1.0    661
Name: count, dtype: int64
2025-01-20 23:19:55 - INFO - Balance de clases tras SMOTETomek:
target
0.0    661
1.0    661
Name: count, dtype: int64
2025-01-20 23:19:57 - INFO - Balance de clases tras SMOTETomek:
target
1.0    662
0.0    662
Name: count, dtype: int64
2025-01-20 23:19:57 - INFO - Balance de clases tras SMOTETomek:
target
1.0    662
0.0    662
Name: count, dtype: int64
2025-01-20 23:19:58 - INFO - Balance de clases tras SMOTETomek:
target
1.0    653
0.0    653
Name: count, dtype: int64
2025-01-20 23:19:59 - INFO - Balance de clases tras SMOTETomek:
target
1.0    653
0.0    653
Name: count, dtype: int64
2025-01-20 23:19:59 - INFO - Balance de clases tras SMOTETomek:
target
1.0    656
0.0    656
Name: count, dtype: int64
2025-01-20 23:19:59 - INFO - Balance de clases tras SMOTETomek:
target
1.0    669
0.0    669
Name: count, dtype: int64
2025-01-20 23:19:59 - INFO - Balance de clases tras SMOTETomek:
target
0.0    661
1.0    661
Name: count, dtype: int64
2025-01-20 23:19:59 - INFO - Balance de clases tras SMOTETomek:
target
1.0    656
0.0    656
Name: count, dtype: int64
2025-01-20 23:20:00 - INFO - Balance de clases tras SMOTETomek:
target
1.0    662
0.0    662
Name: count, dtype: int64
2025-01-20 23:20:00 - INFO - Balance de clases tras SMOTETomek:
target
1.0    653
0.0    653
Name: count, dtype: int64
2025-01-20 23:20:00 - INFO - Balance de clases tras SMOTETomek:
target
1.0    669
0.0    669
Name: count, dtype: int64
2025-01-20 23:20:01 - INFO - Balance de clases tras SMOTETomek:
target
1.0    656
0.0    656
Name: count, dtype: int64
2025-01-20 23:20:01 - INFO - Balance de clases tras SMOTETomek:
target
0.0    661
1.0    661
Name: count, dtype: int64
2025-01-20 23:20:02 - INFO - Balance de clases tras SMOTETomek:
target
1.0    662
0.0    662
Name: count, dtype: int64
2025-01-20 23:20:02 - INFO - Balance de clases tras SMOTETomek:
target
1.0    669
0.0    669
Name: count, dtype: int64
2025-01-20 23:20:03 - INFO - Balance de clases tras SMOTETomek:
target
1.0    653
0.0    653
Name: count, dtype: int64
2025-01-20 23:20:04 - INFO - Balance de clases tras SMOTETomek:
target
0.0    661
1.0    661
Name: count, dtype: int64
2025-01-20 23:20:04 - INFO - Balance de clases tras SMOTETomek:
target
1.0    656
0.0    656
Name: count, dtype: int64
2025-01-20 23:20:04 - INFO - Balance de clases tras SMOTETomek:
target
1.0    669
0.0    669
Name: count, dtype: int64
2025-01-20 23:20:05 - INFO - Balance de clases tras SMOTETomek:
target
0.0    661
1.0    661
Name: count, dtype: int64
2025-01-20 23:20:05 - INFO - Balance de clases tras SMOTETomek:
target
1.0    662
0.0    662
Name: count, dtype: int64
2025-01-20 23:20:05 - INFO - Balance de clases tras SMOTETomek:
target
1.0    662
0.0    662
Name: count, dtype: int64
2025-01-20 23:20:05 - INFO - Balance de clases tras SMOTETomek:
target
1.0    653
0.0    653
Name: count, dtype: int64
2025-01-20 23:20:06 - INFO - Balance de clases tras SMOTETomek:
target
1.0    653
0.0    653
Name: count, dtype: int64
2025-01-20 23:20:07 - INFO - Balance de clases tras SMOTETomek:
target
1.0    656
0.0    656
Name: count, dtype: int64
2025-01-20 23:20:07 - INFO - Balance de clases tras SMOTETomek:
target
1.0    656
0.0    656
Name: count, dtype: int64
2025-01-20 23:20:08 - INFO - Balance de clases tras SMOTETomek:
target
1.0    669
0.0    669
Name: count, dtype: int64
2025-01-20 23:20:08 - INFO - Balance de clases tras SMOTETomek:
target
0.0    661
1.0    661
Name: count, dtype: int64
2025-01-20 23:20:08 - INFO - Balance de clases tras SMOTETomek:
target
1.0    669
0.0    669
Name: count, dtype: int64
2025-01-20 23:20:09 - INFO - Balance de clases tras SMOTETomek:
target
1.0    662
0.0    662
Name: count, dtype: int64
2025-01-20 23:20:09 - INFO - Balance de clases tras SMOTETomek:
target
1.0    653
0.0    653
Name: count, dtype: int64
2025-01-20 23:20:09 - INFO - Balance de clases tras SMOTETomek:
target
0.0    661
1.0    661
Name: count, dtype: int64
2025-01-20 23:20:10 - INFO - Balance de clases tras SMOTETomek:
target
1.0    656
0.0    656
Name: count, dtype: int64
2025-01-20 23:20:10 - INFO - Balance de clases tras SMOTETomek:
target
1.0    669
0.0    669
Name: count, dtype: int64
2025-01-20 23:20:11 - INFO - Balance de clases tras SMOTETomek:
target
1.0    662
0.0    662
Name: count, dtype: int64
2025-01-20 23:20:11 - INFO - Balance de clases tras SMOTETomek:
target
0.0    661
1.0    661
Name: count, dtype: int64
2025-01-20 23:20:12 - INFO - Balance de clases tras SMOTETomek:
target
1.0    662
0.0    662
Name: count, dtype: int64
2025-01-20 23:20:12 - INFO - Balance de clases tras SMOTETomek:
target
1.0    653
0.0    653
Name: count, dtype: int64
2025-01-20 23:20:12 - INFO - Balance de clases tras SMOTETomek:
target
1.0    653
0.0    653
Name: count, dtype: int64
2025-01-20 23:20:13 - INFO - Balance de clases tras SMOTETomek:
target
1.0    656
0.0    656
Name: count, dtype: int64
2025-01-20 23:20:14 - INFO - Balance de clases tras SMOTETomek:
target
1.0    656
0.0    656
Name: count, dtype: int64
2025-01-20 23:20:15 - INFO - Balance de clases tras SMOTETomek:
target
1.0    669
0.0    669
Name: count, dtype: int64
2025-01-20 23:20:15 - INFO - Balance de clases tras SMOTETomek:
target
1.0    669
0.0    669
Name: count, dtype: int64
2025-01-20 23:20:16 - INFO - Balance de clases tras SMOTETomek:
target
0.0    661
1.0    661
Name: count, dtype: int64
2025-01-20 23:20:16 - INFO - Balance de clases tras SMOTETomek:
target
0.0    661
1.0    661
Name: count, dtype: int64
2025-01-20 23:20:17 - INFO - Balance de clases tras SMOTETomek:
target
1.0    662
0.0    662
Name: count, dtype: int64
2025-01-20 23:20:18 - INFO - Balance de clases tras SMOTETomek:
target
1.0    662
0.0    662
Name: count, dtype: int64
2025-01-20 23:20:19 - INFO - Balance de clases tras SMOTETomek:
target
1.0    653
0.0    653
Name: count, dtype: int64
2025-01-20 23:20:19 - INFO - Balance de clases tras SMOTETomek:
target
1.0    653
0.0    653
Name: count, dtype: int64
2025-01-20 23:20:19 - INFO - Balance de clases tras SMOTETomek:
target
1.0    656
0.0    656
Name: count, dtype: int64
2025-01-20 23:20:20 - INFO - Balance de clases tras SMOTETomek:
target
1.0    669
0.0    669
Name: count, dtype: int64
2025-01-20 23:20:20 - INFO - Balance de clases tras SMOTETomek:
target
1.0    656
0.0    656
Name: count, dtype: int64
2025-01-20 23:20:20 - INFO - Balance de clases tras SMOTETomek:
target
0.0    661
1.0    661
Name: count, dtype: int64
2025-01-20 23:20:21 - INFO - Balance de clases tras SMOTETomek:
target
1.0    662
0.0    662
Name: count, dtype: int64
2025-01-20 23:20:21 - INFO - Balance de clases tras SMOTETomek:
target
1.0    669
0.0    669
Name: count, dtype: int64
2025-01-20 23:20:21 - INFO - Balance de clases tras SMOTETomek:
target
1.0    653
0.0    653
Name: count, dtype: int64
2025-01-20 23:20:22 - INFO - Balance de clases tras SMOTETomek:
target
0.0    661
1.0    661
Name: count, dtype: int64
2025-01-20 23:20:23 - INFO - Balance de clases tras SMOTETomek:
target
1.0    656
0.0    656
Name: count, dtype: int64
2025-01-20 23:20:23 - INFO - Balance de clases tras SMOTETomek:
target
1.0    662
0.0    662
Name: count, dtype: int64
2025-01-20 23:20:24 - INFO - Balance de clases tras SMOTETomek:
target
1.0    653
0.0    653
Name: count, dtype: int64
2025-01-20 23:20:25 - INFO - Balance de clases tras SMOTETomek:
target
1.0    669
0.0    669
Name: count, dtype: int64
2025-01-20 23:20:26 - INFO - Balance de clases tras SMOTETomek:
target
1.0    656
0.0    656
Name: count, dtype: int64
2025-01-20 23:20:26 - INFO - Balance de clases tras SMOTETomek:
target
0.0    661
1.0    661
Name: count, dtype: int64
2025-01-20 23:20:27 - INFO - Balance de clases tras SMOTETomek:
target
1.0    669
0.0    669
Name: count, dtype: int64
2025-01-20 23:20:28 - INFO - Balance de clases tras SMOTETomek:
target
0.0    661
1.0    661
Name: count, dtype: int64
2025-01-20 23:20:28 - INFO - Balance de clases tras SMOTETomek:
target
1.0    662
0.0    662
Name: count, dtype: int64
2025-01-20 23:20:30 - INFO - Balance de clases tras SMOTETomek:
target
1.0    662
0.0    662
Name: count, dtype: int64
2025-01-20 23:20:30 - INFO - Balance de clases tras SMOTETomek:
target
1.0    653
0.0    653
Name: count, dtype: int64
2025-01-20 23:20:31 - INFO - Balance de clases tras SMOTETomek:
target
1.0    653
0.0    653
Name: count, dtype: int64
2025-01-20 23:20:32 - INFO - Balance de clases tras SMOTETomek:
target
1.0    656
0.0    656
Name: count, dtype: int64
2025-01-20 23:20:33 - INFO - Balance de clases tras SMOTETomek:
target
1.0    656
0.0    656
Name: count, dtype: int64
2025-01-20 23:20:34 - INFO - Balance de clases tras SMOTETomek:
target
1.0    669
0.0    669
Name: count, dtype: int64
2025-01-20 23:20:34 - INFO - Balance de clases tras SMOTETomek:
target
1.0    669
0.0    669
Name: count, dtype: int64
2025-01-20 23:20:36 - INFO - Balance de clases tras SMOTETomek:
target
0.0    661
1.0    661
Name: count, dtype: int64
2025-01-20 23:20:36 - INFO - Balance de clases tras SMOTETomek:
target
0.0    661
1.0    661
Name: count, dtype: int64
2025-01-20 23:20:38 - INFO - Balance de clases tras SMOTETomek:
target
1.0    662
0.0    662
Name: count, dtype: int64
2025-01-20 23:20:38 - INFO - Balance de clases tras SMOTETomek:
target
1.0    662
0.0    662
Name: count, dtype: int64
2025-01-20 23:20:40 - INFO - Balance de clases tras SMOTETomek:
target
1.0    653
0.0    653
Name: count, dtype: int64
2025-01-20 23:20:40 - INFO - Balance de clases tras SMOTETomek:
target
1.0    653
0.0    653
Name: count, dtype: int64
2025-01-20 23:20:41 - INFO - Balance de clases tras SMOTETomek:
target
1.0    656
0.0    656
Name: count, dtype: int64
2025-01-20 23:20:42 - INFO - Balance de clases tras SMOTETomek:
target
1.0    669
0.0    669
Name: count, dtype: int64
2025-01-20 23:20:42 - INFO - Balance de clases tras SMOTETomek:
target
1.0    656
0.0    656
Name: count, dtype: int64
2025-01-20 23:20:43 - INFO - Balance de clases tras SMOTETomek:
target
0.0    661
1.0    661
Name: count, dtype: int64
2025-01-20 23:20:44 - INFO - Balance de clases tras SMOTETomek:
target
1.0    662
0.0    662
Name: count, dtype: int64
2025-01-20 23:20:44 - INFO - Balance de clases tras SMOTETomek:
target
1.0    669
0.0    669
Name: count, dtype: int64
2025-01-20 23:20:45 - INFO - Balance de clases tras SMOTETomek:
target
1.0    653
0.0    653
Name: count, dtype: int64
2025-01-20 23:20:46 - INFO - Balance de clases tras SMOTETomek:
target
0.0    661
1.0    661
Name: count, dtype: int64
2025-01-20 23:20:48 - INFO - Balance de clases tras SMOTETomek:
target
1.0    656
0.0    656
Name: count, dtype: int64
2025-01-20 23:20:49 - INFO - Balance de clases tras SMOTETomek:
target
1.0    662
0.0    662
Name: count, dtype: int64
2025-01-20 23:20:50 - INFO - Balance de clases tras SMOTETomek:
target
1.0    669
0.0    669
Name: count, dtype: int64
2025-01-20 23:20:51 - INFO - Balance de clases tras SMOTETomek:
target
1.0    653
0.0    653
Name: count, dtype: int64
2025-01-20 23:20:52 - INFO - Balance de clases tras SMOTETomek:
target
1.0    656
0.0    656
Name: count, dtype: int64
2025-01-20 23:20:53 - INFO - Balance de clases tras SMOTETomek:
target
0.0    661
1.0    661
Name: count, dtype: int64
2025-01-20 23:20:53 - INFO - Balance de clases tras SMOTETomek:
target
1.0    669
0.0    669
Name: count, dtype: int64
2025-01-20 23:20:54 - INFO - Balance de clases tras SMOTETomek:
target
0.0    661
1.0    661
Name: count, dtype: int64
2025-01-20 23:20:55 - INFO - Balance de clases tras SMOTETomek:
target
1.0    662
0.0    662
Name: count, dtype: int64
2025-01-20 23:20:55 - INFO - Balance de clases tras SMOTETomek:
target
1.0    662
0.0    662
Name: count, dtype: int64
2025-01-20 23:20:57 - INFO - Mejor Precisión (clase=1): 0.7802
2025-01-20 23:20:57 - INFO - Mejores parámetros: {'max_depth': 8, 'learning_rate': 0.051977532934276434, 'n_estimators': 230, 'subsample': 0.6996234479311093, 'colsample_bytree': 0.8706689798348377, 'gamma': 0.32655653185246014, 'reg_alpha': 0.33728894209195853, 'reg_lambda': 0.6711210885739071}
2025-01-20 23:20:57 - INFO - === Entrenando Pipeline Final con TODO el Training ===
2025-01-20 23:20:57 - INFO - Columnas extra eliminadas: ['future_close', 'change_pct']
2025-01-20 23:20:57 - INFO - Dataset preparado: 1787 filas, 21 features (después de imputación).
2025-01-20 23:20:57 - INFO - Balance de clases tras SMOTETomek:
target
1.0    934
0.0    934
Name: count, dtype: int64
2025-01-20 23:20:58 - INFO - Pipeline final entrenado con scale_pos_weight=1.00
2025-01-20 23:20:58 - INFO - Pipeline completo guardado en: ./results/XGBoost_Binario_trained_pipeline.joblib
2025-01-20 23:20:58 - INFO - Parámetros guardados en: ./results/XGBoost_Binario_model_params.txt
2025-01-20 23:20:58 - INFO - Lista de features guardada en: ./results/XGBoost_Binario_feature_cols.txt
2025-01-20 23:20:58 - INFO - Columnas de indicadores existentes eliminadas: ['RSI', 'MACD', 'MACDs', 'MACDh', 'OBV', 'BBL', 'BBM', 'BBU', 'STOCHk', 'STOCHd', 'CCI', 'SMA_10', 'SMA_50', 'SMA_200', 'EMA_10', 'EMA_50']
2025-01-20 23:20:58 - INFO - Indicadores técnicos agregados. Filas antes: 963, después: 764 (descartadas: 199)
2025-01-20 23:20:58 - INFO - Columnas renombradas: {'RSI_14': 'RSI', 'MACD_12_26_9': 'MACD', 'MACDs_12_26_9': 'MACDs', 'MACDh_12_26_9': 'MACDh', 'BBL_20_2.0': 'BBL', 'BBM_20_2.0': 'BBM', 'BBU_20_2.0': 'BBU', 'STOCHk_14_3_3': 'STOCHk', 'STOCHd_14_3_3': 'STOCHd', 'CCI_14_0.015': 'CCI', 'SMA_10': 'SMA_10', 'SMA_50': 'SMA_50', 'SMA_200': 'SMA_200', 'EMA_10': 'EMA_10', 'EMA_50': 'EMA_50'}
2025-01-20 23:20:58 - INFO - Target binario con look_ahead=4, min_change=0.031
2025-01-20 23:20:58 - INFO - Distribución de clases (0=Vender, 1=Comprar):
target
1.0    293
0.0    282
Name: count, dtype: int64
2025-01-20 23:20:58 - INFO - Muestra de datos con target:
                        close  future_close  change_pct  target
open_time                                                      
2021-01-12 23:45:00  34051.24      39741.63    0.167113     1.0
2021-05-19 15:45:00  37318.52      40030.07    0.072660     1.0
2021-12-08 13:45:00  49047.53      46877.89   -0.044235     0.0
2022-11-14 13:15:00  17148.37      19865.09    0.158424     1.0
2024-08-08 01:15:00  55629.01      61093.20    0.098226     1.0
2021-01-15 14:45:00  36939.49      34386.23   -0.069120     0.0
2021-12-08 14:00:00  49278.17      45695.68   -0.072699     0.0
2023-06-14 19:45:00  25874.59      27679.57    0.069759     1.0
2021-05-12 21:00:00  54516.40      52663.16   -0.033994     0.0
2022-07-13 11:45:00  19843.89      21620.55    0.089532     1.0
2025-01-20 23:20:58 - INFO - Columnas extra eliminadas: ['change_pct', 'future_close']
2025-01-20 23:20:58 - INFO - Dataset preparado: 575 filas, 21 features (después de imputación).
2025-01-20 23:20:58 - INFO - === Evaluación en Test ===
2025-01-20 23:20:58 - INFO - Matriz de confusión [0=Vender, 1=Comprar]:
[[183  99]
 [181 112]]
2025-01-20 23:20:58 - INFO - Reporte de Clasificación:
              precision    recall  f1-score   support

      Vender       0.50      0.65      0.57       282
     Comprar       0.53      0.38      0.44       293

    accuracy                           0.51       575
   macro avg       0.52      0.52      0.51       575
weighted avg       0.52      0.51      0.50       575

2025-01-20 23:20:58 - INFO - Precision (clase=1): 0.5308
2025-01-20 23:20:58 - INFO - F1 (clase=1): 0.4444
2025-01-20 23:20:58 - INFO - Recall (clase=1): 0.3823
2025-01-20 23:20:58 - INFO - Balanced Accuracy: 0.5156
2025-01-20 23:20:58 - INFO - MCC: 0.0323
2025-01-20 23:20:58 - INFO - AUC: 0.4835
2025-01-20 23:21:01 - INFO - Precisión final en Test (clase=1): 0.5308
2025-01-20 23:21:01 - INFO - Importancia de características guardada en ./results/feature_importances_binary.csv.
2025-01-20 23:21:01 - INFO - Gráfico de importancia de características guardado.
2025-01-20 23:21:02 - INFO - Calculando valores SHAP...
2025-01-20 23:21:03 - INFO - SHAP analysis completado y guardado.
2025-01-20 23:21:03 - INFO - Señales generadas con umbral=0.56
2025-01-20 23:21:03 - INFO - Señales filtradas por tendencia.
2025-01-20 23:21:03 - INFO - Señales guardadas en: ./results/signals_binary.csv
2025-01-20 23:21:03 - INFO - === Proceso Completado con Éxito ===
