2025-01-11 18:57:15 - INFO - Datos cargados desde ML/data/processed/BTCUSDT_15m_processed.csv, filas: 254923
2025-01-11 18:57:15 - INFO - Columnas de indicadores existentes eliminadas: ['RSI', 'MACD', 'MACDs', 'MACDh', 'OBV', 'BBL', 'BBM', 'BBU', 'SMA_10', 'SMA_50', 'EMA_10', 'EMA_50']
2025-01-11 18:57:15 - INFO - Indicadores técnicos agregados. Filas antes: 254923, después: 254724 (descartadas: 199)
2025-01-11 18:57:15 - INFO - Columnas renombradas: {'RSI_14': 'RSI', 'MACD_12_26_9': 'MACD', 'MACDs_12_26_9': 'MACDs', 'MACDh_12_26_9': 'MACDh', 'VWAP': 'VWAP', 'BBL_20_2.0': 'BBL', 'BBM_20_2.0': 'BBM', 'BBU_20_2.0': 'BBU', 'ATR_14': 'ATR', 'STOCHk_14_3_3': 'STOCHk', 'STOCHd_14_3_3': 'STOCHd', 'CCI_14_0.015': 'CCI', 'SMA_10': 'SMA_10', 'SMA_50': 'SMA_50', 'SMA_200': 'SMA_200', 'EMA_10': 'EMA_10', 'EMA_50': 'EMA_50'}
2025-01-11 18:57:15 - WARNING - Columna faltante 'VWAP' añadida con NaN.
2025-01-11 18:57:15 - WARNING - Columna faltante 'ATR' añadida con NaN.
2025-01-11 18:57:15 - INFO - Target binario con look_ahead=4, min_change=0.032
2025-01-11 18:57:15 - INFO - Distribución de clases (0=Vender, 1=Comprar):
target
0.0    1329
1.0    1185
Name: count, dtype: int64
2025-01-11 18:57:16 - INFO - Muestra de datos con target:
                        close  future_close  change_pct  target
open_time                                                      
2017-12-23 22:00:00  14850.87      14311.11   -0.036345     0.0
2017-12-10 00:45:00  14146.32      13400.00   -0.052757     0.0
2024-08-05 13:15:00  49732.57      52633.64    0.058333     1.0
2018-02-03 08:00:00   8598.42       8919.00    0.037284     1.0
2019-06-28 07:45:00  11430.00      11800.00    0.032371     1.0
2020-06-02 14:15:00  10155.02       9380.53   -0.076267     0.0
2018-02-06 10:15:00   6600.01       6350.00   -0.037880     0.0
2018-03-30 04:45:00   6730.00       7103.07    0.055434     1.0
2017-12-06 23:00:00  13339.96      13770.00    0.032237     1.0
2018-05-12 09:15:00   8221.00       8542.84    0.039149     1.0
2025-01-11 18:57:16 - INFO - División de datos en Train/Test completada.
2025-01-11 18:57:16 - INFO - === Búsqueda de hiperparámetros (Optuna) en muestra de Training ===
2025-01-11 18:57:16 - INFO - No se han identificado características categóricas.
2025-01-11 18:57:16 - INFO - Columnas extra eliminadas: ['future_close', 'change_pct']
2025-01-11 18:57:16 - WARNING - Estas columnas están 100% NaN y se eliminarán antes de imputar: ['VWAP', 'ATR']
2025-01-11 18:57:16 - INFO - Dataset preparado: 1470 filas, 21 features (después de imputación).
2025-01-11 18:57:16 - INFO - Balance de clases tras SMOTETomek:
target
0.0    596
1.0    596
Name: count, dtype: int64
2025-01-11 18:57:16 - INFO - Balance de clases tras SMOTETomek:
target
0.0    596
1.0    596
Name: count, dtype: int64
2025-01-11 18:57:17 - INFO - Balance de clases tras SMOTETomek:
target
0.0    594
1.0    594
Name: count, dtype: int64
2025-01-11 18:57:17 - INFO - Balance de clases tras SMOTETomek:
target
0.0    594
1.0    594
Name: count, dtype: int64
2025-01-11 18:57:18 - INFO - Balance de clases tras SMOTETomek:
target
0.0    604
1.0    604
Name: count, dtype: int64
2025-01-11 18:57:18 - INFO - Balance de clases tras SMOTETomek:
target
0.0    604
1.0    604
Name: count, dtype: int64
2025-01-11 18:57:19 - INFO - Balance de clases tras SMOTETomek:
target
1.0    600
0.0    600
Name: count, dtype: int64
2025-01-11 18:57:20 - INFO - Balance de clases tras SMOTETomek:
target
1.0    600
0.0    600
Name: count, dtype: int64
2025-01-11 18:57:21 - INFO - Balance de clases tras SMOTETomek:
target
0.0    604
1.0    604
Name: count, dtype: int64
2025-01-11 18:57:21 - INFO - Balance de clases tras SMOTETomek:
target
0.0    604
1.0    604
Name: count, dtype: int64
2025-01-11 18:57:22 - INFO - Balance de clases tras SMOTETomek:
target
0.0    596
1.0    596
Name: count, dtype: int64
2025-01-11 18:57:23 - INFO - Balance de clases tras SMOTETomek:
target
0.0    596
1.0    596
Name: count, dtype: int64
2025-01-11 18:57:23 - INFO - Balance de clases tras SMOTETomek:
target
0.0    594
1.0    594
Name: count, dtype: int64
2025-01-11 18:57:24 - INFO - Balance de clases tras SMOTETomek:
target
0.0    604
1.0    604
Name: count, dtype: int64
2025-01-11 18:57:25 - INFO - Balance de clases tras SMOTETomek:
target
0.0    594
1.0    594
Name: count, dtype: int64
2025-01-11 18:57:25 - INFO - Balance de clases tras SMOTETomek:
target
1.0    600
0.0    600
Name: count, dtype: int64
2025-01-11 18:57:26 - INFO - Balance de clases tras SMOTETomek:
target
0.0    604
1.0    604
Name: count, dtype: int64
2025-01-11 18:57:26 - INFO - Balance de clases tras SMOTETomek:
target
0.0    604
1.0    604
Name: count, dtype: int64
2025-01-11 18:57:27 - INFO - Balance de clases tras SMOTETomek:
target
0.0    596
1.0    596
Name: count, dtype: int64
2025-01-11 18:57:28 - INFO - Balance de clases tras SMOTETomek:
target
1.0    600
0.0    600
Name: count, dtype: int64
2025-01-11 18:57:29 - INFO - Balance de clases tras SMOTETomek:
target
0.0    594
1.0    594
Name: count, dtype: int64
2025-01-11 18:57:29 - INFO - Balance de clases tras SMOTETomek:
target
0.0    604
1.0    604
Name: count, dtype: int64
2025-01-11 18:57:30 - INFO - Balance de clases tras SMOTETomek:
target
0.0    604
1.0    604
Name: count, dtype: int64
2025-01-11 18:57:30 - INFO - Balance de clases tras SMOTETomek:
target
0.0    596
1.0    596
Name: count, dtype: int64
2025-01-11 18:57:31 - INFO - Balance de clases tras SMOTETomek:
target
0.0    594
1.0    594
Name: count, dtype: int64
2025-01-11 18:57:31 - INFO - Balance de clases tras SMOTETomek:
target
0.0    604
1.0    604
Name: count, dtype: int64
2025-01-11 18:57:32 - INFO - Balance de clases tras SMOTETomek:
target
1.0    600
0.0    600
Name: count, dtype: int64
2025-01-11 18:57:32 - INFO - Balance de clases tras SMOTETomek:
target
1.0    600
0.0    600
Name: count, dtype: int64
2025-01-11 18:57:33 - INFO - Balance de clases tras SMOTETomek:
target
0.0    604
1.0    604
Name: count, dtype: int64
2025-01-11 18:57:33 - INFO - Balance de clases tras SMOTETomek:
target
0.0    604
1.0    604
Name: count, dtype: int64
2025-01-11 18:57:33 - INFO - Balance de clases tras SMOTETomek:
target
0.0    596
1.0    596
Name: count, dtype: int64
2025-01-11 18:57:34 - INFO - Balance de clases tras SMOTETomek:
target
0.0    596
1.0    596
Name: count, dtype: int64
2025-01-11 18:57:35 - INFO - Balance de clases tras SMOTETomek:
target
0.0    594
1.0    594
Name: count, dtype: int64
2025-01-11 18:57:35 - INFO - Balance de clases tras SMOTETomek:
target
0.0    594
1.0    594
Name: count, dtype: int64
2025-01-11 18:57:36 - INFO - Balance de clases tras SMOTETomek:
target
0.0    604
1.0    604
Name: count, dtype: int64
2025-01-11 18:57:36 - INFO - Balance de clases tras SMOTETomek:
target
0.0    604
1.0    604
Name: count, dtype: int64
2025-01-11 18:57:37 - INFO - Balance de clases tras SMOTETomek:
target
1.0    600
0.0    600
Name: count, dtype: int64
2025-01-11 18:57:37 - INFO - Balance de clases tras SMOTETomek:
target
1.0    600
0.0    600
Name: count, dtype: int64
2025-01-11 18:57:38 - INFO - Balance de clases tras SMOTETomek:
target
0.0    604
1.0    604
Name: count, dtype: int64
2025-01-11 18:57:38 - INFO - Balance de clases tras SMOTETomek:
target
0.0    604
1.0    604
Name: count, dtype: int64
2025-01-11 18:57:39 - INFO - Balance de clases tras SMOTETomek:
target
0.0    596
1.0    596
Name: count, dtype: int64
2025-01-11 18:57:40 - INFO - Balance de clases tras SMOTETomek:
target
0.0    596
1.0    596
Name: count, dtype: int64
2025-01-11 18:57:40 - INFO - Balance de clases tras SMOTETomek:
target
0.0    594
1.0    594
Name: count, dtype: int64
2025-01-11 18:57:42 - INFO - Balance de clases tras SMOTETomek:
target
0.0    604
1.0    604
Name: count, dtype: int64
2025-01-11 18:57:42 - INFO - Balance de clases tras SMOTETomek:
target
0.0    594
1.0    594
Name: count, dtype: int64
2025-01-11 18:57:43 - INFO - Balance de clases tras SMOTETomek:
target
1.0    600
0.0    600
Name: count, dtype: int64
2025-01-11 18:57:44 - INFO - Balance de clases tras SMOTETomek:
target
0.0    604
1.0    604
Name: count, dtype: int64
2025-01-11 18:57:44 - INFO - Balance de clases tras SMOTETomek:
target
0.0    604
1.0    604
Name: count, dtype: int64
2025-01-11 18:57:46 - INFO - Balance de clases tras SMOTETomek:
target
1.0    600
0.0    600
Name: count, dtype: int64
2025-01-11 18:57:46 - INFO - Balance de clases tras SMOTETomek:
target
0.0    596
1.0    596
Name: count, dtype: int64
2025-01-11 18:57:47 - INFO - Balance de clases tras SMOTETomek:
target
0.0    594
1.0    594
Name: count, dtype: int64
2025-01-11 18:57:48 - INFO - Balance de clases tras SMOTETomek:
target
0.0    604
1.0    604
Name: count, dtype: int64
2025-01-11 18:57:48 - INFO - Balance de clases tras SMOTETomek:
target
0.0    604
1.0    604
Name: count, dtype: int64
2025-01-11 18:57:49 - INFO - Balance de clases tras SMOTETomek:
target
1.0    600
0.0    600
Name: count, dtype: int64
2025-01-11 18:57:50 - INFO - Balance de clases tras SMOTETomek:
target
0.0    604
1.0    604
Name: count, dtype: int64
2025-01-11 18:57:50 - INFO - Balance de clases tras SMOTETomek:
target
0.0    596
1.0    596
Name: count, dtype: int64
2025-01-11 18:57:51 - INFO - Balance de clases tras SMOTETomek:
target
0.0    596
1.0    596
Name: count, dtype: int64
2025-01-11 18:57:51 - INFO - Balance de clases tras SMOTETomek:
target
0.0    594
1.0    594
Name: count, dtype: int64
2025-01-11 18:57:51 - INFO - Balance de clases tras SMOTETomek:
target
0.0    594
1.0    594
Name: count, dtype: int64
2025-01-11 18:57:51 - INFO - Balance de clases tras SMOTETomek:
target
0.0    604
1.0    604
Name: count, dtype: int64
2025-01-11 18:57:52 - INFO - Balance de clases tras SMOTETomek:
target
0.0    604
1.0    604
Name: count, dtype: int64
2025-01-11 18:57:52 - INFO - Balance de clases tras SMOTETomek:
target
1.0    600
0.0    600
Name: count, dtype: int64
2025-01-11 18:57:53 - INFO - Balance de clases tras SMOTETomek:
target
1.0    600
0.0    600
Name: count, dtype: int64
2025-01-11 18:57:53 - INFO - Balance de clases tras SMOTETomek:
target
0.0    604
1.0    604
Name: count, dtype: int64
2025-01-11 18:57:53 - INFO - Balance de clases tras SMOTETomek:
target
0.0    604
1.0    604
Name: count, dtype: int64
2025-01-11 18:57:54 - INFO - Balance de clases tras SMOTETomek:
target
0.0    596
1.0    596
Name: count, dtype: int64
2025-01-11 18:57:54 - INFO - Balance de clases tras SMOTETomek:
target
0.0    596
1.0    596
Name: count, dtype: int64
2025-01-11 18:57:55 - INFO - Balance de clases tras SMOTETomek:
target
0.0    594
1.0    594
Name: count, dtype: int64
2025-01-11 18:57:56 - INFO - Balance de clases tras SMOTETomek:
target
0.0    604
1.0    604
Name: count, dtype: int64
2025-01-11 18:57:56 - INFO - Balance de clases tras SMOTETomek:
target
0.0    594
1.0    594
Name: count, dtype: int64
2025-01-11 18:57:58 - INFO - Balance de clases tras SMOTETomek:
target
1.0    600
0.0    600
Name: count, dtype: int64
2025-01-11 18:57:58 - INFO - Balance de clases tras SMOTETomek:
target
0.0    604
1.0    604
Name: count, dtype: int64
2025-01-11 18:57:59 - INFO - Balance de clases tras SMOTETomek:
target
0.0    604
1.0    604
Name: count, dtype: int64
2025-01-11 18:58:00 - INFO - Balance de clases tras SMOTETomek:
target
0.0    596
1.0    596
Name: count, dtype: int64
2025-01-11 18:58:01 - INFO - Balance de clases tras SMOTETomek:
target
1.0    600
0.0    600
Name: count, dtype: int64
2025-01-11 18:58:01 - INFO - Balance de clases tras SMOTETomek:
target
0.0    594
1.0    594
Name: count, dtype: int64
2025-01-11 18:58:02 - INFO - Balance de clases tras SMOTETomek:
target
0.0    604
1.0    604
Name: count, dtype: int64
2025-01-11 18:58:03 - INFO - Balance de clases tras SMOTETomek:
target
0.0    604
1.0    604
Name: count, dtype: int64
2025-01-11 18:58:04 - INFO - Balance de clases tras SMOTETomek:
target
1.0    600
0.0    600
Name: count, dtype: int64
2025-01-11 18:58:05 - INFO - Balance de clases tras SMOTETomek:
target
0.0    596
1.0    596
Name: count, dtype: int64
2025-01-11 18:58:05 - INFO - Balance de clases tras SMOTETomek:
target
0.0    604
1.0    604
Name: count, dtype: int64
2025-01-11 18:58:07 - INFO - Balance de clases tras SMOTETomek:
target
0.0    596
1.0    596
Name: count, dtype: int64
2025-01-11 18:58:07 - INFO - Balance de clases tras SMOTETomek:
target
0.0    594
1.0    594
Name: count, dtype: int64
2025-01-11 18:58:10 - INFO - Balance de clases tras SMOTETomek:
target
0.0    594
1.0    594
Name: count, dtype: int64
2025-01-11 18:58:10 - INFO - Balance de clases tras SMOTETomek:
target
0.0    604
1.0    604
Name: count, dtype: int64
2025-01-11 18:58:12 - INFO - Balance de clases tras SMOTETomek:
target
1.0    600
0.0    600
Name: count, dtype: int64
2025-01-11 18:58:12 - INFO - Balance de clases tras SMOTETomek:
target
0.0    604
1.0    604
Name: count, dtype: int64
2025-01-11 18:58:14 - INFO - Balance de clases tras SMOTETomek:
target
0.0    604
1.0    604
Name: count, dtype: int64
2025-01-11 18:58:15 - INFO - Balance de clases tras SMOTETomek:
target
1.0    600
0.0    600
Name: count, dtype: int64
2025-01-11 18:58:17 - INFO - Balance de clases tras SMOTETomek:
target
0.0    596
1.0    596
Name: count, dtype: int64
2025-01-11 18:58:17 - INFO - Balance de clases tras SMOTETomek:
target
0.0    604
1.0    604
Name: count, dtype: int64
2025-01-11 18:58:18 - INFO - Balance de clases tras SMOTETomek:
target
0.0    594
1.0    594
Name: count, dtype: int64
2025-01-11 18:58:20 - INFO - Balance de clases tras SMOTETomek:
target
0.0    596
1.0    596
Name: count, dtype: int64
2025-01-11 18:58:20 - INFO - Balance de clases tras SMOTETomek:
target
0.0    604
1.0    604
Name: count, dtype: int64
2025-01-11 18:58:21 - INFO - Balance de clases tras SMOTETomek:
target
0.0    594
1.0    594
Name: count, dtype: int64
2025-01-11 18:58:22 - INFO - Balance de clases tras SMOTETomek:
target
1.0    600
0.0    600
Name: count, dtype: int64
2025-01-11 18:58:22 - INFO - Balance de clases tras SMOTETomek:
target
0.0    604
1.0    604
Name: count, dtype: int64
2025-01-11 18:58:23 - INFO - Balance de clases tras SMOTETomek:
target
1.0    600
0.0    600
Name: count, dtype: int64
2025-01-11 18:58:24 - INFO - Balance de clases tras SMOTETomek:
target
0.0    604
1.0    604
Name: count, dtype: int64
2025-01-11 18:58:24 - INFO - Balance de clases tras SMOTETomek:
target
0.0    604
1.0    604
Name: count, dtype: int64
2025-01-11 18:58:25 - INFO - Balance de clases tras SMOTETomek:
target
0.0    596
1.0    596
Name: count, dtype: int64
2025-01-11 18:58:25 - INFO - Balance de clases tras SMOTETomek:
target
0.0    596
1.0    596
Name: count, dtype: int64
2025-01-11 18:58:26 - INFO - Balance de clases tras SMOTETomek:
target
0.0    594
1.0    594
Name: count, dtype: int64
2025-01-11 18:58:27 - INFO - Balance de clases tras SMOTETomek:
target
0.0    594
1.0    594
Name: count, dtype: int64
2025-01-11 18:58:27 - INFO - Balance de clases tras SMOTETomek:
target
0.0    604
1.0    604
Name: count, dtype: int64
2025-01-11 18:58:28 - INFO - Balance de clases tras SMOTETomek:
target
0.0    604
1.0    604
Name: count, dtype: int64
2025-01-11 18:58:28 - INFO - Balance de clases tras SMOTETomek:
target
1.0    600
0.0    600
Name: count, dtype: int64
2025-01-11 18:58:29 - INFO - Balance de clases tras SMOTETomek:
target
0.0    604
1.0    604
Name: count, dtype: int64
2025-01-11 18:58:29 - INFO - Balance de clases tras SMOTETomek:
target
1.0    600
0.0    600
Name: count, dtype: int64
2025-01-11 18:58:30 - INFO - Balance de clases tras SMOTETomek:
target
0.0    596
1.0    596
Name: count, dtype: int64
2025-01-11 18:58:30 - INFO - Balance de clases tras SMOTETomek:
target
0.0    604
1.0    604
Name: count, dtype: int64
2025-01-11 18:58:31 - INFO - Balance de clases tras SMOTETomek:
target
0.0    594
1.0    594
Name: count, dtype: int64
2025-01-11 18:58:31 - INFO - Balance de clases tras SMOTETomek:
target
0.0    596
1.0    596
Name: count, dtype: int64
2025-01-11 18:58:32 - INFO - Balance de clases tras SMOTETomek:
target
0.0    604
1.0    604
Name: count, dtype: int64
2025-01-11 18:58:32 - INFO - Balance de clases tras SMOTETomek:
target
0.0    594
1.0    594
Name: count, dtype: int64
2025-01-11 18:58:33 - INFO - Balance de clases tras SMOTETomek:
target
1.0    600
0.0    600
Name: count, dtype: int64
2025-01-11 18:58:33 - INFO - Balance de clases tras SMOTETomek:
target
0.0    604
1.0    604
Name: count, dtype: int64
2025-01-11 18:58:33 - INFO - Balance de clases tras SMOTETomek:
target
0.0    604
1.0    604
Name: count, dtype: int64
2025-01-11 18:58:34 - INFO - Balance de clases tras SMOTETomek:
target
1.0    600
0.0    600
Name: count, dtype: int64
2025-01-11 18:58:34 - INFO - Balance de clases tras SMOTETomek:
target
0.0    596
1.0    596
Name: count, dtype: int64
2025-01-11 18:58:34 - INFO - Balance de clases tras SMOTETomek:
target
0.0    604
1.0    604
Name: count, dtype: int64
2025-01-11 18:58:35 - INFO - Balance de clases tras SMOTETomek:
target
0.0    594
1.0    594
Name: count, dtype: int64
2025-01-11 18:58:35 - INFO - Balance de clases tras SMOTETomek:
target
0.0    596
1.0    596
Name: count, dtype: int64
2025-01-11 18:58:36 - INFO - Balance de clases tras SMOTETomek:
target
0.0    604
1.0    604
Name: count, dtype: int64
2025-01-11 18:58:36 - INFO - Balance de clases tras SMOTETomek:
target
0.0    594
1.0    594
Name: count, dtype: int64
2025-01-11 18:58:36 - INFO - Balance de clases tras SMOTETomek:
target
1.0    600
0.0    600
Name: count, dtype: int64
2025-01-11 18:58:36 - INFO - Balance de clases tras SMOTETomek:
target
0.0    604
1.0    604
Name: count, dtype: int64
2025-01-11 18:58:37 - INFO - Balance de clases tras SMOTETomek:
target
0.0    604
1.0    604
Name: count, dtype: int64
2025-01-11 18:58:37 - INFO - Balance de clases tras SMOTETomek:
target
1.0    600
0.0    600
Name: count, dtype: int64
2025-01-11 18:58:38 - INFO - Balance de clases tras SMOTETomek:
target
0.0    596
1.0    596
Name: count, dtype: int64
2025-01-11 18:58:38 - INFO - Balance de clases tras SMOTETomek:
target
0.0    604
1.0    604
Name: count, dtype: int64
2025-01-11 18:58:39 - INFO - Balance de clases tras SMOTETomek:
target
0.0    596
1.0    596
Name: count, dtype: int64
2025-01-11 18:58:39 - INFO - Balance de clases tras SMOTETomek:
target
0.0    594
1.0    594
Name: count, dtype: int64
2025-01-11 18:58:40 - INFO - Balance de clases tras SMOTETomek:
target
0.0    604
1.0    604
Name: count, dtype: int64
2025-01-11 18:58:40 - INFO - Balance de clases tras SMOTETomek:
target
0.0    594
1.0    594
Name: count, dtype: int64
2025-01-11 18:58:41 - INFO - Balance de clases tras SMOTETomek:
target
1.0    600
0.0    600
Name: count, dtype: int64
2025-01-11 18:58:42 - INFO - Balance de clases tras SMOTETomek:
target
0.0    604
1.0    604
Name: count, dtype: int64
2025-01-11 18:58:42 - INFO - Balance de clases tras SMOTETomek:
target
0.0    604
1.0    604
Name: count, dtype: int64
2025-01-11 18:58:43 - INFO - Balance de clases tras SMOTETomek:
target
0.0    596
1.0    596
Name: count, dtype: int64
2025-01-11 18:58:43 - INFO - Balance de clases tras SMOTETomek:
target
1.0    600
0.0    600
Name: count, dtype: int64
2025-01-11 18:58:44 - INFO - Balance de clases tras SMOTETomek:
target
0.0    594
1.0    594
Name: count, dtype: int64
2025-01-11 18:58:45 - INFO - Balance de clases tras SMOTETomek:
target
0.0    604
1.0    604
Name: count, dtype: int64
2025-01-11 18:58:45 - INFO - Balance de clases tras SMOTETomek:
target
0.0    604
1.0    604
Name: count, dtype: int64
2025-01-11 18:58:47 - INFO - Balance de clases tras SMOTETomek:
target
0.0    596
1.0    596
Name: count, dtype: int64
2025-01-11 18:58:47 - INFO - Balance de clases tras SMOTETomek:
target
1.0    600
0.0    600
Name: count, dtype: int64
2025-01-11 18:58:48 - INFO - Balance de clases tras SMOTETomek:
target
0.0    594
1.0    594
Name: count, dtype: int64
2025-01-11 18:58:48 - INFO - Balance de clases tras SMOTETomek:
target
0.0    604
1.0    604
Name: count, dtype: int64
2025-01-11 18:58:49 - INFO - Balance de clases tras SMOTETomek:
target
0.0    604
1.0    604
Name: count, dtype: int64
2025-01-11 18:58:50 - INFO - Balance de clases tras SMOTETomek:
target
0.0    596
1.0    596
Name: count, dtype: int64
2025-01-11 18:58:50 - INFO - Balance de clases tras SMOTETomek:
target
1.0    600
0.0    600
Name: count, dtype: int64
2025-01-11 18:58:51 - INFO - Balance de clases tras SMOTETomek:
target
0.0    594
1.0    594
Name: count, dtype: int64
2025-01-11 18:58:51 - INFO - Balance de clases tras SMOTETomek:
target
0.0    604
1.0    604
Name: count, dtype: int64
2025-01-11 18:58:52 - INFO - Balance de clases tras SMOTETomek:
target
0.0    604
1.0    604
Name: count, dtype: int64
2025-01-11 18:58:52 - INFO - Balance de clases tras SMOTETomek:
target
0.0    596
1.0    596
Name: count, dtype: int64
2025-01-11 18:58:52 - INFO - Balance de clases tras SMOTETomek:
target
1.0    600
0.0    600
Name: count, dtype: int64
2025-01-11 18:58:53 - INFO - Balance de clases tras SMOTETomek:
target
0.0    594
1.0    594
Name: count, dtype: int64
2025-01-11 18:58:53 - INFO - Balance de clases tras SMOTETomek:
target
0.0    604
1.0    604
Name: count, dtype: int64
2025-01-11 18:58:54 - INFO - Balance de clases tras SMOTETomek:
target
0.0    596
1.0    596
Name: count, dtype: int64
2025-01-11 18:58:55 - INFO - Balance de clases tras SMOTETomek:
target
0.0    604
1.0    604
Name: count, dtype: int64
2025-01-11 18:58:55 - INFO - Balance de clases tras SMOTETomek:
target
0.0    594
1.0    594
Name: count, dtype: int64
2025-01-11 18:58:56 - INFO - Balance de clases tras SMOTETomek:
target
1.0    600
0.0    600
Name: count, dtype: int64
2025-01-11 18:58:57 - INFO - Balance de clases tras SMOTETomek:
target
0.0    604
1.0    604
Name: count, dtype: int64
2025-01-11 18:58:57 - INFO - Balance de clases tras SMOTETomek:
target
0.0    604
1.0    604
Name: count, dtype: int64
2025-01-11 18:58:58 - INFO - Balance de clases tras SMOTETomek:
target
1.0    600
0.0    600
Name: count, dtype: int64
2025-01-11 18:58:58 - INFO - Balance de clases tras SMOTETomek:
target
0.0    596
1.0    596
Name: count, dtype: int64
2025-01-11 18:58:59 - INFO - Balance de clases tras SMOTETomek:
target
0.0    604
1.0    604
Name: count, dtype: int64
2025-01-11 18:59:00 - INFO - Balance de clases tras SMOTETomek:
target
0.0    594
1.0    594
Name: count, dtype: int64
2025-01-11 18:59:00 - INFO - Balance de clases tras SMOTETomek:
target
0.0    596
1.0    596
Name: count, dtype: int64
2025-01-11 18:59:01 - INFO - Balance de clases tras SMOTETomek:
target
0.0    604
1.0    604
Name: count, dtype: int64
2025-01-11 18:59:02 - INFO - Balance de clases tras SMOTETomek:
target
0.0    594
1.0    594
Name: count, dtype: int64
2025-01-11 18:59:06 - INFO - Balance de clases tras SMOTETomek:
target
1.0    600
0.0    600
Name: count, dtype: int64
2025-01-11 18:59:06 - INFO - Balance de clases tras SMOTETomek:
target
0.0    604
1.0    604
Name: count, dtype: int64
2025-01-11 18:59:07 - INFO - Balance de clases tras SMOTETomek:
target
0.0    604
1.0    604
Name: count, dtype: int64
2025-01-11 18:59:08 - INFO - Balance de clases tras SMOTETomek:
target
1.0    600
0.0    600
Name: count, dtype: int64
2025-01-11 18:59:09 - INFO - Balance de clases tras SMOTETomek:
target
0.0    596
1.0    596
Name: count, dtype: int64
2025-01-11 18:59:09 - INFO - Balance de clases tras SMOTETomek:
target
0.0    604
1.0    604
Name: count, dtype: int64
2025-01-11 18:59:10 - INFO - Balance de clases tras SMOTETomek:
target
0.0    596
1.0    596
Name: count, dtype: int64
2025-01-11 18:59:10 - INFO - Balance de clases tras SMOTETomek:
target
0.0    594
1.0    594
Name: count, dtype: int64
2025-01-11 18:59:12 - INFO - Balance de clases tras SMOTETomek:
target
0.0    604
1.0    604
Name: count, dtype: int64
2025-01-11 18:59:12 - INFO - Balance de clases tras SMOTETomek:
target
0.0    594
1.0    594
Name: count, dtype: int64
2025-01-11 18:59:13 - INFO - Balance de clases tras SMOTETomek:
target
1.0    600
0.0    600
Name: count, dtype: int64
2025-01-11 18:59:15 - INFO - Balance de clases tras SMOTETomek:
target
0.0    604
1.0    604
Name: count, dtype: int64
2025-01-11 18:59:15 - INFO - Balance de clases tras SMOTETomek:
target
0.0    604
1.0    604
Name: count, dtype: int64
2025-01-11 18:59:17 - INFO - Balance de clases tras SMOTETomek:
target
0.0    596
1.0    596
Name: count, dtype: int64
2025-01-11 18:59:18 - INFO - Balance de clases tras SMOTETomek:
target
1.0    600
0.0    600
Name: count, dtype: int64
2025-01-11 18:59:19 - INFO - Balance de clases tras SMOTETomek:
target
0.0    594
1.0    594
Name: count, dtype: int64
2025-01-11 18:59:20 - INFO - Balance de clases tras SMOTETomek:
target
0.0    604
1.0    604
Name: count, dtype: int64
2025-01-11 18:59:22 - INFO - Balance de clases tras SMOTETomek:
target
0.0    604
1.0    604
Name: count, dtype: int64
2025-01-11 18:59:22 - INFO - Balance de clases tras SMOTETomek:
target
0.0    596
1.0    596
Name: count, dtype: int64
2025-01-11 18:59:24 - INFO - Balance de clases tras SMOTETomek:
target
0.0    594
1.0    594
Name: count, dtype: int64
2025-01-11 18:59:25 - INFO - Balance de clases tras SMOTETomek:
target
1.0    600
0.0    600
Name: count, dtype: int64
2025-01-11 18:59:26 - INFO - Balance de clases tras SMOTETomek:
target
0.0    604
1.0    604
Name: count, dtype: int64
2025-01-11 18:59:28 - INFO - Balance de clases tras SMOTETomek:
target
0.0    604
1.0    604
Name: count, dtype: int64
2025-01-11 18:59:28 - INFO - Balance de clases tras SMOTETomek:
target
1.0    600
0.0    600
Name: count, dtype: int64
2025-01-11 18:59:29 - INFO - Balance de clases tras SMOTETomek:
target
0.0    604
1.0    604
Name: count, dtype: int64
2025-01-11 18:59:30 - INFO - Balance de clases tras SMOTETomek:
target
0.0    596
1.0    596
Name: count, dtype: int64
2025-01-11 18:59:31 - INFO - Balance de clases tras SMOTETomek:
target
0.0    596
1.0    596
Name: count, dtype: int64
2025-01-11 18:59:32 - INFO - Balance de clases tras SMOTETomek:
target
0.0    594
1.0    594
Name: count, dtype: int64
2025-01-11 18:59:33 - INFO - Balance de clases tras SMOTETomek:
target
0.0    594
1.0    594
Name: count, dtype: int64
2025-01-11 18:59:34 - INFO - Balance de clases tras SMOTETomek:
target
0.0    604
1.0    604
Name: count, dtype: int64
2025-01-11 18:59:35 - INFO - Balance de clases tras SMOTETomek:
target
0.0    604
1.0    604
Name: count, dtype: int64
2025-01-11 18:59:36 - INFO - Balance de clases tras SMOTETomek:
target
1.0    600
0.0    600
Name: count, dtype: int64
2025-01-11 18:59:36 - INFO - Balance de clases tras SMOTETomek:
target
1.0    600
0.0    600
Name: count, dtype: int64
2025-01-11 18:59:39 - INFO - Balance de clases tras SMOTETomek:
target
0.0    604
1.0    604
Name: count, dtype: int64
2025-01-11 18:59:39 - INFO - Balance de clases tras SMOTETomek:
target
0.0    604
1.0    604
Name: count, dtype: int64
2025-01-11 18:59:41 - INFO - Balance de clases tras SMOTETomek:
target
0.0    596
1.0    596
Name: count, dtype: int64
2025-01-11 18:59:42 - INFO - Balance de clases tras SMOTETomek:
target
0.0    596
1.0    596
Name: count, dtype: int64
2025-01-11 18:59:43 - INFO - Balance de clases tras SMOTETomek:
target
0.0    594
1.0    594
Name: count, dtype: int64
2025-01-11 18:59:44 - INFO - Balance de clases tras SMOTETomek:
target
0.0    604
1.0    604
Name: count, dtype: int64
2025-01-11 18:59:44 - INFO - Balance de clases tras SMOTETomek:
target
0.0    594
1.0    594
Name: count, dtype: int64
2025-01-11 18:59:45 - INFO - Balance de clases tras SMOTETomek:
target
1.0    600
0.0    600
Name: count, dtype: int64
2025-01-11 18:59:46 - INFO - Balance de clases tras SMOTETomek:
target
0.0    604
1.0    604
Name: count, dtype: int64
2025-01-11 18:59:47 - INFO - Balance de clases tras SMOTETomek:
target
0.0    596
1.0    596
Name: count, dtype: int64
2025-01-11 18:59:48 - INFO - Balance de clases tras SMOTETomek:
target
0.0    604
1.0    604
Name: count, dtype: int64
2025-01-11 18:59:48 - INFO - Balance de clases tras SMOTETomek:
target
0.0    594
1.0    594
Name: count, dtype: int64
2025-01-11 18:59:49 - INFO - Balance de clases tras SMOTETomek:
target
0.0    604
1.0    604
Name: count, dtype: int64
2025-01-11 18:59:50 - INFO - Balance de clases tras SMOTETomek:
target
1.0    600
0.0    600
Name: count, dtype: int64
2025-01-11 18:59:50 - INFO - Balance de clases tras SMOTETomek:
target
1.0    600
0.0    600
Name: count, dtype: int64
2025-01-11 18:59:51 - INFO - Balance de clases tras SMOTETomek:
target
0.0    604
1.0    604
Name: count, dtype: int64
2025-01-11 18:59:52 - INFO - Balance de clases tras SMOTETomek:
target
0.0    596
1.0    596
Name: count, dtype: int64
2025-01-11 18:59:53 - INFO - Balance de clases tras SMOTETomek:
target
0.0    604
1.0    604
Name: count, dtype: int64
2025-01-11 18:59:53 - INFO - Balance de clases tras SMOTETomek:
target
0.0    594
1.0    594
Name: count, dtype: int64
2025-01-11 18:59:54 - INFO - Balance de clases tras SMOTETomek:
target
0.0    604
1.0    604
Name: count, dtype: int64
2025-01-11 18:59:55 - INFO - Balance de clases tras SMOTETomek:
target
1.0    600
0.0    600
Name: count, dtype: int64
2025-01-11 18:59:56 - INFO - Balance de clases tras SMOTETomek:
target
0.0    596
1.0    596
Name: count, dtype: int64
2025-01-11 18:59:56 - INFO - Balance de clases tras SMOTETomek:
target
0.0    604
1.0    604
Name: count, dtype: int64
2025-01-11 18:59:57 - INFO - Balance de clases tras SMOTETomek:
target
0.0    594
1.0    594
Name: count, dtype: int64
2025-01-11 18:59:57 - INFO - Balance de clases tras SMOTETomek:
target
0.0    596
1.0    596
Name: count, dtype: int64
2025-01-11 18:59:58 - INFO - Balance de clases tras SMOTETomek:
target
0.0    604
1.0    604
Name: count, dtype: int64
2025-01-11 18:59:58 - INFO - Balance de clases tras SMOTETomek:
target
0.0    594
1.0    594
Name: count, dtype: int64
2025-01-11 18:59:59 - INFO - Balance de clases tras SMOTETomek:
target
0.0    604
1.0    604
Name: count, dtype: int64
2025-01-11 18:59:59 - INFO - Balance de clases tras SMOTETomek:
target
1.0    600
0.0    600
Name: count, dtype: int64
2025-01-11 18:59:59 - INFO - Balance de clases tras SMOTETomek:
target
1.0    600
0.0    600
Name: count, dtype: int64
2025-01-11 18:59:59 - INFO - Balance de clases tras SMOTETomek:
target
0.0    604
1.0    604
Name: count, dtype: int64
2025-01-11 19:00:00 - INFO - Balance de clases tras SMOTETomek:
target
0.0    604
1.0    604
Name: count, dtype: int64
2025-01-11 19:00:00 - INFO - Balance de clases tras SMOTETomek:
target
0.0    596
1.0    596
Name: count, dtype: int64
2025-01-11 19:00:01 - INFO - Balance de clases tras SMOTETomek:
target
0.0    594
1.0    594
Name: count, dtype: int64
2025-01-11 19:00:01 - INFO - Balance de clases tras SMOTETomek:
target
0.0    596
1.0    596
Name: count, dtype: int64
2025-01-11 19:00:02 - INFO - Balance de clases tras SMOTETomek:
target
0.0    604
1.0    604
Name: count, dtype: int64
2025-01-11 19:00:02 - INFO - Balance de clases tras SMOTETomek:
target
0.0    594
1.0    594
Name: count, dtype: int64
2025-01-11 19:00:03 - INFO - Balance de clases tras SMOTETomek:
target
1.0    600
0.0    600
Name: count, dtype: int64
2025-01-11 19:00:03 - INFO - Balance de clases tras SMOTETomek:
target
0.0    604
1.0    604
Name: count, dtype: int64
2025-01-11 19:00:04 - INFO - Balance de clases tras SMOTETomek:
target
0.0    604
1.0    604
Name: count, dtype: int64
2025-01-11 19:00:04 - INFO - Balance de clases tras SMOTETomek:
target
0.0    596
1.0    596
Name: count, dtype: int64
2025-01-11 19:00:05 - INFO - Balance de clases tras SMOTETomek:
target
1.0    600
0.0    600
Name: count, dtype: int64
2025-01-11 19:00:06 - INFO - Balance de clases tras SMOTETomek:
target
0.0    594
1.0    594
Name: count, dtype: int64
2025-01-11 19:00:08 - INFO - Balance de clases tras SMOTETomek:
target
0.0    604
1.0    604
Name: count, dtype: int64
2025-01-11 19:00:09 - INFO - Balance de clases tras SMOTETomek:
target
0.0    596
1.0    596
Name: count, dtype: int64
2025-01-11 19:00:09 - INFO - Balance de clases tras SMOTETomek:
target
0.0    604
1.0    604
Name: count, dtype: int64
2025-01-11 19:00:12 - INFO - Balance de clases tras SMOTETomek:
target
1.0    600
0.0    600
Name: count, dtype: int64
2025-01-11 19:00:12 - INFO - Balance de clases tras SMOTETomek:
target
0.0    594
1.0    594
Name: count, dtype: int64
2025-01-11 19:00:14 - INFO - Balance de clases tras SMOTETomek:
target
0.0    604
1.0    604
Name: count, dtype: int64
2025-01-11 19:00:15 - INFO - Balance de clases tras SMOTETomek:
target
0.0    604
1.0    604
Name: count, dtype: int64
2025-01-11 19:00:16 - INFO - Balance de clases tras SMOTETomek:
target
0.0    596
1.0    596
Name: count, dtype: int64
2025-01-11 19:00:17 - INFO - Balance de clases tras SMOTETomek:
target
1.0    600
0.0    600
Name: count, dtype: int64
2025-01-11 19:00:18 - INFO - Balance de clases tras SMOTETomek:
target
0.0    594
1.0    594
Name: count, dtype: int64
2025-01-11 19:00:19 - INFO - Balance de clases tras SMOTETomek:
target
0.0    604
1.0    604
Name: count, dtype: int64
2025-01-11 19:00:20 - INFO - Balance de clases tras SMOTETomek:
target
0.0    604
1.0    604
Name: count, dtype: int64
2025-01-11 19:00:21 - INFO - Balance de clases tras SMOTETomek:
target
0.0    596
1.0    596
Name: count, dtype: int64
2025-01-11 19:00:22 - INFO - Balance de clases tras SMOTETomek:
target
1.0    600
0.0    600
Name: count, dtype: int64
2025-01-11 19:00:23 - INFO - Balance de clases tras SMOTETomek:
target
0.0    594
1.0    594
Name: count, dtype: int64
2025-01-11 19:00:23 - INFO - Balance de clases tras SMOTETomek:
target
0.0    604
1.0    604
Name: count, dtype: int64
2025-01-11 19:00:24 - INFO - Balance de clases tras SMOTETomek:
target
0.0    604
1.0    604
Name: count, dtype: int64
2025-01-11 19:00:25 - INFO - Balance de clases tras SMOTETomek:
target
0.0    596
1.0    596
Name: count, dtype: int64
2025-01-11 19:00:26 - INFO - Balance de clases tras SMOTETomek:
target
1.0    600
0.0    600
Name: count, dtype: int64
2025-01-11 19:00:27 - INFO - Balance de clases tras SMOTETomek:
target
0.0    594
1.0    594
Name: count, dtype: int64
2025-01-11 19:00:27 - INFO - Balance de clases tras SMOTETomek:
target
0.0    604
1.0    604
Name: count, dtype: int64
2025-01-11 19:00:28 - INFO - Balance de clases tras SMOTETomek:
target
0.0    604
1.0    604
Name: count, dtype: int64
2025-01-11 19:00:29 - INFO - Balance de clases tras SMOTETomek:
target
0.0    596
1.0    596
Name: count, dtype: int64
2025-01-11 19:00:29 - INFO - Balance de clases tras SMOTETomek:
target
1.0    600
0.0    600
Name: count, dtype: int64
2025-01-11 19:00:30 - INFO - Balance de clases tras SMOTETomek:
target
0.0    604
1.0    604
Name: count, dtype: int64
2025-01-11 19:00:30 - INFO - Balance de clases tras SMOTETomek:
target
0.0    594
1.0    594
Name: count, dtype: int64
2025-01-11 19:00:32 - INFO - Balance de clases tras SMOTETomek:
target
0.0    596
1.0    596
Name: count, dtype: int64
2025-01-11 19:00:32 - INFO - Balance de clases tras SMOTETomek:
target
0.0    604
1.0    604
Name: count, dtype: int64
2025-01-11 19:00:34 - INFO - Balance de clases tras SMOTETomek:
target
0.0    594
1.0    594
Name: count, dtype: int64
2025-01-11 19:00:34 - INFO - Balance de clases tras SMOTETomek:
target
1.0    600
0.0    600
Name: count, dtype: int64
2025-01-11 19:00:35 - INFO - Balance de clases tras SMOTETomek:
target
0.0    604
1.0    604
Name: count, dtype: int64
2025-01-11 19:00:36 - INFO - Balance de clases tras SMOTETomek:
target
0.0    604
1.0    604
Name: count, dtype: int64
2025-01-11 19:00:37 - INFO - Balance de clases tras SMOTETomek:
target
1.0    600
0.0    600
Name: count, dtype: int64
2025-01-11 19:00:38 - INFO - Balance de clases tras SMOTETomek:
target
0.0    596
1.0    596
Name: count, dtype: int64
2025-01-11 19:00:39 - INFO - Balance de clases tras SMOTETomek:
target
0.0    604
1.0    604
Name: count, dtype: int64
2025-01-11 19:00:40 - INFO - Balance de clases tras SMOTETomek:
target
0.0    594
1.0    594
Name: count, dtype: int64
2025-01-11 19:00:41 - INFO - Balance de clases tras SMOTETomek:
target
0.0    596
1.0    596
Name: count, dtype: int64
2025-01-11 19:00:41 - INFO - Balance de clases tras SMOTETomek:
target
0.0    604
1.0    604
Name: count, dtype: int64
2025-01-11 19:00:43 - INFO - Balance de clases tras SMOTETomek:
target
0.0    594
1.0    594
Name: count, dtype: int64
2025-01-11 19:00:43 - INFO - Balance de clases tras SMOTETomek:
target
1.0    600
0.0    600
Name: count, dtype: int64
2025-01-11 19:00:46 - INFO - Balance de clases tras SMOTETomek:
target
0.0    604
1.0    604
Name: count, dtype: int64
2025-01-11 19:00:46 - INFO - Balance de clases tras SMOTETomek:
target
0.0    604
1.0    604
Name: count, dtype: int64
2025-01-11 19:00:48 - INFO - Balance de clases tras SMOTETomek:
target
0.0    596
1.0    596
Name: count, dtype: int64
2025-01-11 19:00:48 - INFO - Balance de clases tras SMOTETomek:
target
1.0    600
0.0    600
Name: count, dtype: int64
2025-01-11 19:00:50 - INFO - Balance de clases tras SMOTETomek:
target
0.0    594
1.0    594
Name: count, dtype: int64
2025-01-11 19:00:50 - INFO - Balance de clases tras SMOTETomek:
target
0.0    604
1.0    604
Name: count, dtype: int64
2025-01-11 19:00:51 - INFO - Balance de clases tras SMOTETomek:
target
0.0    604
1.0    604
Name: count, dtype: int64
2025-01-11 19:00:53 - INFO - Balance de clases tras SMOTETomek:
target
0.0    596
1.0    596
Name: count, dtype: int64
2025-01-11 19:00:53 - INFO - Balance de clases tras SMOTETomek:
target
1.0    600
0.0    600
Name: count, dtype: int64
2025-01-11 19:00:54 - INFO - Balance de clases tras SMOTETomek:
target
0.0    594
1.0    594
Name: count, dtype: int64
2025-01-11 19:00:55 - INFO - Balance de clases tras SMOTETomek:
target
0.0    604
1.0    604
Name: count, dtype: int64
2025-01-11 19:00:55 - INFO - Balance de clases tras SMOTETomek:
target
0.0    604
1.0    604
Name: count, dtype: int64
2025-01-11 19:00:56 - INFO - Balance de clases tras SMOTETomek:
target
1.0    600
0.0    600
Name: count, dtype: int64
2025-01-11 19:00:57 - INFO - Balance de clases tras SMOTETomek:
target
0.0    604
1.0    604
Name: count, dtype: int64
2025-01-11 19:00:58 - INFO - Mejor Precision: 0.7984
2025-01-11 19:00:58 - INFO - Mejores parámetros: {'max_depth': 6, 'learning_rate': 0.0449066240428418, 'n_estimators': 499, 'subsample': 0.8879790904060773, 'colsample_bytree': 0.8376967020448393, 'gamma': 0.04451980711282235, 'reg_alpha': 0.9273330289572365, 'reg_lambda': 0.2218439403113118}
2025-01-11 19:00:58 - INFO - === Entrenando Pipeline Final con TODO el Training ===
2025-01-11 19:00:58 - INFO - Columnas extra eliminadas: ['future_close', 'change_pct']
2025-01-11 19:00:58 - WARNING - Estas columnas están 100% NaN y se eliminarán antes de imputar: ['VWAP', 'ATR']
2025-01-11 19:00:58 - INFO - Dataset preparado: 1634 filas, 21 features (después de imputación).
2025-01-11 19:00:59 - INFO - Balance de clases tras SMOTETomek:
target
0.0    853
1.0    853
Name: count, dtype: int64
2025-01-11 19:01:00 - INFO - Pipeline final entrenado con TODOS los datos de entrenamiento.
2025-01-11 19:01:00 - INFO - Pipeline completo guardado en: ./results/XGBoost_Binario_trained_pipeline.joblib
2025-01-11 19:01:00 - INFO - Parámetros guardados en: ./results/XGBoost_Binario_model_params.txt
2025-01-11 19:01:00 - INFO - Lista de features guardada en: ./results/XGBoost_Binario_feature_cols.txt
2025-01-11 19:01:00 - INFO - Columnas de indicadores existentes eliminadas: ['RSI', 'MACD', 'MACDs', 'MACDh', 'VWAP', 'OBV', 'BBL', 'BBM', 'BBU', 'ATR', 'STOCHk', 'STOCHd', 'CCI', 'SMA_10', 'SMA_50', 'SMA_200', 'EMA_10', 'EMA_50']
2025-01-11 19:01:00 - INFO - Indicadores técnicos agregados. Filas antes: 880, después: 681 (descartadas: 199)
2025-01-11 19:01:00 - INFO - Columnas renombradas: {'RSI_14': 'RSI', 'MACD_12_26_9': 'MACD', 'MACDs_12_26_9': 'MACDs', 'MACDh_12_26_9': 'MACDh', 'VWAP': 'VWAP', 'BBL_20_2.0': 'BBL', 'BBM_20_2.0': 'BBM', 'BBU_20_2.0': 'BBU', 'ATR_14': 'ATR', 'STOCHk_14_3_3': 'STOCHk', 'STOCHd_14_3_3': 'STOCHd', 'CCI_14_0.015': 'CCI', 'SMA_10': 'SMA_10', 'SMA_50': 'SMA_50', 'SMA_200': 'SMA_200', 'EMA_10': 'EMA_10', 'EMA_50': 'EMA_50'}
2025-01-11 19:01:00 - WARNING - Columna faltante 'VWAP' añadida con NaN.
2025-01-11 19:01:00 - WARNING - Columna faltante 'ATR' añadida con NaN.
2025-01-11 19:01:00 - INFO - Target binario con look_ahead=4, min_change=0.032
2025-01-11 19:01:00 - INFO - Distribución de clases (0=Vender, 1=Comprar):
target
1.0    264
0.0    251
Name: count, dtype: int64
2025-01-11 19:01:00 - INFO - Muestra de datos con target:
                        close  future_close  change_pct  target
open_time                                                      
2021-09-22 00:30:00  40700.01      44517.29    0.093791     1.0
2021-02-23 20:00:00  45866.17      48723.21    0.062291     1.0
2022-06-30 22:45:00  18894.54      21621.45    0.144323     1.0
2022-03-16 02:45:00  40866.06      38391.53   -0.060552     0.0
2024-08-05 13:45:00  51951.00      58157.55    0.119469     1.0
2021-04-18 02:15:00  59088.88      51407.98   -0.129989     0.0
2021-01-21 07:45:00  34624.27      31417.30   -0.092622     0.0
2022-05-11 16:30:00  30665.27      27987.46   -0.087324     0.0
2022-05-11 11:45:00  31533.15      29286.77   -0.071239     0.0
2021-09-13 12:45:00  44629.42      42660.51   -0.044117     0.0
2025-01-11 19:01:00 - INFO - Columnas extra eliminadas: ['change_pct', 'future_close']
2025-01-11 19:01:00 - WARNING - Estas columnas están 100% NaN y se eliminarán antes de imputar: ['VWAP', 'ATR']
2025-01-11 19:01:00 - INFO - Dataset preparado: 515 filas, 21 features (después de imputación).
2025-01-11 19:01:00 - INFO - === Evaluación en Test ===
2025-01-11 19:01:00 - INFO - Matriz de confusión [0=Vender, 1=Comprar]:
[[155  96]
 [150 114]]
2025-01-11 19:01:00 - INFO - Reporte de Clasificación:
              precision    recall  f1-score   support

      Vender       0.51      0.62      0.56       251
     Comprar       0.54      0.43      0.48       264

    accuracy                           0.52       515
   macro avg       0.53      0.52      0.52       515
weighted avg       0.53      0.52      0.52       515

2025-01-11 19:01:00 - INFO - Precision: 0.5429
2025-01-11 19:01:00 - INFO - F1-score: 0.4810
2025-01-11 19:01:00 - INFO - Recall: 0.4318
2025-01-11 19:01:00 - INFO - Balanced Accuracy: 0.5247
2025-01-11 19:01:00 - INFO - MCC: 0.0502
2025-01-11 19:01:00 - INFO - AUC: 0.5020
2025-01-11 19:01:03 - INFO - Precision final en Test: 0.5429
2025-01-11 19:01:03 - INFO - Importancia de características guardada en ./results/feature_importances_binary.csv.
2025-01-11 19:01:03 - INFO - Gráfico de importancia de características guardado.
2025-01-11 19:01:05 - INFO - Calculando valores SHAP...
2025-01-11 19:01:06 - INFO - SHAP analysis completado y guardado.
2025-01-11 19:01:06 - INFO - Señales generadas con umbral=0.56
2025-01-11 19:01:06 - INFO - Señales filtradas por tendencia.
2025-01-11 19:01:06 - INFO - Señales guardadas en: ./results/signals_binary.csv
2025-01-11 19:01:06 - INFO - === Proceso Completado con Éxito ===
