2025-01-11 18:05:47 - INFO - Datos cargados desde ML/data/processed/BTCUSDT_15m_processed.csv, filas: 254923
2025-01-11 18:05:47 - INFO - Columnas de indicadores existentes eliminadas: ['RSI', 'MACD', 'MACDs', 'MACDh', 'OBV', 'BBL', 'BBM', 'BBU', 'SMA_10', 'SMA_50', 'EMA_10', 'EMA_50']
2025-01-11 18:05:47 - INFO - Indicadores técnicos agregados. Filas antes: 254923, después: 254724 (descartadas: 199)
2025-01-11 18:05:47 - INFO - Columnas renombradas: {'RSI_14': 'RSI', 'MACD_12_26_9': 'MACD', 'MACDs_12_26_9': 'MACDs', 'MACDh_12_26_9': 'MACDh', 'VWAP': 'VWAP', 'BBL_20_2.0': 'BBL', 'BBM_20_2.0': 'BBM', 'BBU_20_2.0': 'BBU', 'ATR_14': 'ATR', 'STOCHk_14_3_3': 'STOCHk', 'STOCHd_14_3_3': 'STOCHd', 'CCI_14_0.015': 'CCI', 'SMA_10': 'SMA_10', 'SMA_50': 'SMA_50', 'SMA_200': 'SMA_200', 'EMA_10': 'EMA_10', 'EMA_50': 'EMA_50'}
2025-01-11 18:05:47 - WARNING - Columna faltante 'VWAP' añadida con NaN.
2025-01-11 18:05:47 - WARNING - Columna faltante 'ATR' añadida con NaN.
2025-01-11 18:05:48 - INFO - Target binario con look_ahead=4, min_change=0.025
2025-01-11 18:05:48 - INFO - Distribución de clases (0=Vender, 1=Comprar):
target
0.0    2444
1.0    2325
Name: count, dtype: int64
2025-01-11 18:05:48 - INFO - Muestra de datos con target:
                        close  future_close  change_pct  target
open_time                                                      
2018-12-20 19:30:00   4020.35       3890.01   -0.032420     0.0
2017-12-23 01:15:00  13456.66      14170.00    0.053010     1.0
2024-01-08 17:45:00  45648.00      46970.01    0.028961     1.0
2017-11-29 17:15:00  10621.25      10300.00   -0.030246     0.0
2022-11-08 18:30:00  18745.22      18179.97   -0.030154     0.0
2022-06-15 07:15:00  21093.48      20464.94   -0.029798     0.0
2017-12-10 21:00:00  15051.00      14343.37   -0.047015     0.0
2020-03-15 09:30:00   5250.06       5460.26    0.040038     1.0
2020-04-01 21:45:00   6354.00       6520.75    0.026243     1.0
2017-11-02 10:45:00   7127.01       6887.81   -0.033562     0.0
2025-01-11 18:05:48 - INFO - División de datos en Train/Test completada.
2025-01-11 18:05:48 - INFO - === Búsqueda de hiperparámetros (Optuna) en muestra de Training ===
2025-01-11 18:05:48 - INFO - No se han identificado características categóricas.
2025-01-11 18:05:48 - INFO - Columnas extra eliminadas: ['future_close', 'change_pct']
2025-01-11 18:05:48 - WARNING - Estas columnas están 100% NaN y se eliminarán antes de imputar: ['VWAP', 'ATR']
2025-01-11 18:05:48 - INFO - Dataset preparado: 3004 filas, 21 features (después de imputación).
2025-01-11 18:05:48 - INFO - Balance de clases tras SMOTETomek:
target
0.0    1174
1.0    1174
Name: count, dtype: int64
2025-01-11 18:05:48 - INFO - Balance de clases tras SMOTETomek:
target
0.0    1174
1.0    1174
Name: count, dtype: int64
2025-01-11 18:05:48 - INFO - Balance de clases tras SMOTETomek:
target
0.0    1172
1.0    1172
Name: count, dtype: int64
2025-01-11 18:05:49 - INFO - Balance de clases tras SMOTETomek:
target
0.0    1172
1.0    1172
Name: count, dtype: int64
2025-01-11 18:05:49 - INFO - Balance de clases tras SMOTETomek:
target
0.0    1167
1.0    1167
Name: count, dtype: int64
2025-01-11 18:05:50 - INFO - Balance de clases tras SMOTETomek:
target
0.0    1167
1.0    1167
Name: count, dtype: int64
2025-01-11 18:05:50 - INFO - Balance de clases tras SMOTETomek:
target
0.0    1175
1.0    1175
Name: count, dtype: int64
2025-01-11 18:05:50 - INFO - Balance de clases tras SMOTETomek:
target
0.0    1172
1.0    1172
Name: count, dtype: int64
2025-01-11 18:05:51 - INFO - Balance de clases tras SMOTETomek:
target
0.0    1175
1.0    1175
Name: count, dtype: int64
2025-01-11 18:05:51 - INFO - Balance de clases tras SMOTETomek:
target
0.0    1174
1.0    1174
Name: count, dtype: int64
2025-01-11 18:05:52 - INFO - Balance de clases tras SMOTETomek:
target
0.0    1172
1.0    1172
Name: count, dtype: int64
2025-01-11 18:05:52 - INFO - Balance de clases tras SMOTETomek:
target
0.0    1172
1.0    1172
Name: count, dtype: int64
2025-01-11 18:05:53 - INFO - Balance de clases tras SMOTETomek:
target
0.0    1174
1.0    1174
Name: count, dtype: int64
2025-01-11 18:05:53 - INFO - Balance de clases tras SMOTETomek:
target
0.0    1167
1.0    1167
Name: count, dtype: int64
2025-01-11 18:05:54 - INFO - Balance de clases tras SMOTETomek:
target
0.0    1175
1.0    1175
Name: count, dtype: int64
2025-01-11 18:05:55 - INFO - Balance de clases tras SMOTETomek:
target
0.0    1172
1.0    1172
Name: count, dtype: int64
2025-01-11 18:05:56 - INFO - Balance de clases tras SMOTETomek:
target
0.0    1172
1.0    1172
Name: count, dtype: int64
2025-01-11 18:05:56 - INFO - Balance de clases tras SMOTETomek:
target
0.0    1174
1.0    1174
Name: count, dtype: int64
2025-01-11 18:05:58 - INFO - Balance de clases tras SMOTETomek:
target
0.0    1172
1.0    1172
Name: count, dtype: int64
2025-01-11 18:06:00 - INFO - Balance de clases tras SMOTETomek:
target
0.0    1167
1.0    1167
Name: count, dtype: int64
2025-01-11 18:06:01 - INFO - Balance de clases tras SMOTETomek:
target
0.0    1167
1.0    1167
Name: count, dtype: int64
2025-01-11 18:06:02 - INFO - Balance de clases tras SMOTETomek:
target
0.0    1175
1.0    1175
Name: count, dtype: int64
2025-01-11 18:06:03 - INFO - Balance de clases tras SMOTETomek:
target
0.0    1172
1.0    1172
Name: count, dtype: int64
2025-01-11 18:06:05 - INFO - Balance de clases tras SMOTETomek:
target
0.0    1175
1.0    1175
Name: count, dtype: int64
2025-01-11 18:06:05 - INFO - Balance de clases tras SMOTETomek:
target
0.0    1174
1.0    1174
Name: count, dtype: int64
2025-01-11 18:06:06 - INFO - Balance de clases tras SMOTETomek:
target
0.0    1172
1.0    1172
Name: count, dtype: int64
2025-01-11 18:06:07 - INFO - Balance de clases tras SMOTETomek:
target
0.0    1167
1.0    1167
Name: count, dtype: int64
2025-01-11 18:06:08 - INFO - Balance de clases tras SMOTETomek:
target
0.0    1175
1.0    1175
Name: count, dtype: int64
2025-01-11 18:06:08 - INFO - Balance de clases tras SMOTETomek:
target
0.0    1172
1.0    1172
Name: count, dtype: int64
2025-01-11 18:06:08 - INFO - Balance de clases tras SMOTETomek:
target
0.0    1172
1.0    1172
Name: count, dtype: int64
2025-01-11 18:06:09 - INFO - Balance de clases tras SMOTETomek:
target
0.0    1174
1.0    1174
Name: count, dtype: int64
2025-01-11 18:06:11 - INFO - Balance de clases tras SMOTETomek:
target
0.0    1172
1.0    1172
Name: count, dtype: int64
2025-01-11 18:06:11 - INFO - Balance de clases tras SMOTETomek:
target
0.0    1174
1.0    1174
Name: count, dtype: int64
2025-01-11 18:06:13 - INFO - Balance de clases tras SMOTETomek:
target
0.0    1167
1.0    1167
Name: count, dtype: int64
2025-01-11 18:06:15 - INFO - Balance de clases tras SMOTETomek:
target
0.0    1172
1.0    1172
Name: count, dtype: int64
2025-01-11 18:06:17 - INFO - Balance de clases tras SMOTETomek:
target
0.0    1175
1.0    1175
Name: count, dtype: int64
2025-01-11 18:06:22 - INFO - Balance de clases tras SMOTETomek:
target
0.0    1167
1.0    1167
Name: count, dtype: int64
2025-01-11 18:06:22 - INFO - Balance de clases tras SMOTETomek:
target
0.0    1172
1.0    1172
Name: count, dtype: int64
2025-01-11 18:06:26 - INFO - Balance de clases tras SMOTETomek:
target
0.0    1174
1.0    1174
Name: count, dtype: int64
2025-01-11 18:06:27 - INFO - Balance de clases tras SMOTETomek:
target
0.0    1172
1.0    1172
Name: count, dtype: int64
2025-01-11 18:06:28 - INFO - Balance de clases tras SMOTETomek:
target
0.0    1167
1.0    1167
Name: count, dtype: int64
2025-01-11 18:06:28 - INFO - Balance de clases tras SMOTETomek:
target
0.0    1175
1.0    1175
Name: count, dtype: int64
2025-01-11 18:06:29 - INFO - Balance de clases tras SMOTETomek:
target
0.0    1175
1.0    1175
Name: count, dtype: int64
2025-01-11 18:06:30 - INFO - Balance de clases tras SMOTETomek:
target
0.0    1172
1.0    1172
Name: count, dtype: int64
2025-01-11 18:06:30 - INFO - Balance de clases tras SMOTETomek:
target
0.0    1174
1.0    1174
Name: count, dtype: int64
2025-01-11 18:06:32 - INFO - Balance de clases tras SMOTETomek:
target
0.0    1172
1.0    1172
Name: count, dtype: int64
2025-01-11 18:06:33 - INFO - Balance de clases tras SMOTETomek:
target
0.0    1172
1.0    1172
Name: count, dtype: int64
2025-01-11 18:06:35 - INFO - Balance de clases tras SMOTETomek:
target
0.0    1167
1.0    1167
Name: count, dtype: int64
2025-01-11 18:06:38 - INFO - Balance de clases tras SMOTETomek:
target
0.0    1175
1.0    1175
Name: count, dtype: int64
2025-01-11 18:06:38 - INFO - Balance de clases tras SMOTETomek:
target
0.0    1174
1.0    1174
Name: count, dtype: int64
2025-01-11 18:06:40 - INFO - Balance de clases tras SMOTETomek:
target
0.0    1172
1.0    1172
Name: count, dtype: int64
2025-01-11 18:06:40 - INFO - Balance de clases tras SMOTETomek:
target
0.0    1172
1.0    1172
Name: count, dtype: int64
2025-01-11 18:06:41 - INFO - Balance de clases tras SMOTETomek:
target
0.0    1167
1.0    1167
Name: count, dtype: int64
2025-01-11 18:06:43 - INFO - Balance de clases tras SMOTETomek:
target
0.0    1174
1.0    1174
Name: count, dtype: int64
2025-01-11 18:06:44 - INFO - Balance de clases tras SMOTETomek:
target
0.0    1175
1.0    1175
Name: count, dtype: int64
2025-01-11 18:06:44 - INFO - Balance de clases tras SMOTETomek:
target
0.0    1172
1.0    1172
Name: count, dtype: int64
2025-01-11 18:06:45 - INFO - Balance de clases tras SMOTETomek:
target
0.0    1172
1.0    1172
Name: count, dtype: int64
2025-01-11 18:06:46 - INFO - Balance de clases tras SMOTETomek:
target
0.0    1167
1.0    1167
Name: count, dtype: int64
2025-01-11 18:06:47 - INFO - Balance de clases tras SMOTETomek:
target
0.0    1175
1.0    1175
Name: count, dtype: int64
2025-01-11 18:06:48 - INFO - Balance de clases tras SMOTETomek:
target
0.0    1174
1.0    1174
Name: count, dtype: int64
2025-01-11 18:06:49 - INFO - Balance de clases tras SMOTETomek:
target
0.0    1172
1.0    1172
Name: count, dtype: int64
2025-01-11 18:06:51 - INFO - Balance de clases tras SMOTETomek:
target
0.0    1174
1.0    1174
Name: count, dtype: int64
2025-01-11 18:06:51 - INFO - Balance de clases tras SMOTETomek:
target
0.0    1172
1.0    1172
Name: count, dtype: int64
2025-01-11 18:06:53 - INFO - Balance de clases tras SMOTETomek:
target
0.0    1172
1.0    1172
Name: count, dtype: int64
2025-01-11 18:06:54 - INFO - Balance de clases tras SMOTETomek:
target
0.0    1167
1.0    1167
Name: count, dtype: int64
2025-01-11 18:06:55 - INFO - Balance de clases tras SMOTETomek:
target
0.0    1167
1.0    1167
Name: count, dtype: int64
2025-01-11 18:06:56 - INFO - Balance de clases tras SMOTETomek:
target
0.0    1175
1.0    1175
Name: count, dtype: int64
2025-01-11 18:06:57 - INFO - Balance de clases tras SMOTETomek:
target
0.0    1175
1.0    1175
Name: count, dtype: int64
2025-01-11 18:06:58 - INFO - Balance de clases tras SMOTETomek:
target
0.0    1172
1.0    1172
Name: count, dtype: int64
2025-01-11 18:07:00 - INFO - Balance de clases tras SMOTETomek:
target
0.0    1172
1.0    1172
Name: count, dtype: int64
2025-01-11 18:07:00 - INFO - Balance de clases tras SMOTETomek:
target
0.0    1174
1.0    1174
Name: count, dtype: int64
2025-01-11 18:07:02 - INFO - Balance de clases tras SMOTETomek:
target
0.0    1172
1.0    1172
Name: count, dtype: int64
2025-01-11 18:07:03 - INFO - Balance de clases tras SMOTETomek:
target
0.0    1167
1.0    1167
Name: count, dtype: int64
2025-01-11 18:07:05 - INFO - Balance de clases tras SMOTETomek:
target
0.0    1175
1.0    1175
Name: count, dtype: int64
2025-01-11 18:07:06 - INFO - Balance de clases tras SMOTETomek:
target
0.0    1172
1.0    1172
Name: count, dtype: int64
2025-01-11 18:07:07 - INFO - Mejor Precision: 0.7737
2025-01-11 18:07:07 - INFO - Mejores parámetros: {'max_depth': 7, 'learning_rate': 0.06047003174364472, 'n_estimators': 309, 'subsample': 0.7994822400475634, 'colsample_bytree': 0.9089996334772843, 'gamma': 0.09498514017342907, 'reg_alpha': 0.7869505633151692, 'reg_lambda': 0.3893703443488641}
2025-01-11 18:07:07 - INFO - === Entrenando Pipeline Final con TODO el Training ===
2025-01-11 18:07:07 - INFO - Columnas extra eliminadas: ['future_close', 'change_pct']
2025-01-11 18:07:07 - WARNING - Estas columnas están 100% NaN y se eliminarán antes de imputar: ['VWAP', 'ATR']
2025-01-11 18:07:07 - INFO - Dataset preparado: 3338 filas, 21 features (después de imputación).
2025-01-11 18:07:07 - INFO - Balance de clases tras SMOTETomek:
target
0.0    1641
1.0    1641
Name: count, dtype: int64
2025-01-11 18:07:09 - INFO - Pipeline final entrenado con TODOS los datos de entrenamiento.
2025-01-11 18:07:09 - INFO - Pipeline completo guardado en: ./results/XGBoost_Binario_trained_pipeline.joblib
2025-01-11 18:07:09 - INFO - Parámetros guardados en: ./results/XGBoost_Binario_model_params.txt
2025-01-11 18:07:09 - INFO - Lista de features guardada en: ./results/XGBoost_Binario_feature_cols.txt
2025-01-11 18:07:09 - INFO - Columnas de indicadores existentes eliminadas: ['RSI', 'MACD', 'MACDs', 'MACDh', 'VWAP', 'OBV', 'BBL', 'BBM', 'BBU', 'ATR', 'STOCHk', 'STOCHd', 'CCI', 'SMA_10', 'SMA_50', 'SMA_200', 'EMA_10', 'EMA_50']
2025-01-11 18:07:09 - INFO - Indicadores técnicos agregados. Filas antes: 1431, después: 1232 (descartadas: 199)
2025-01-11 18:07:09 - INFO - Columnas renombradas: {'RSI_14': 'RSI', 'MACD_12_26_9': 'MACD', 'MACDs_12_26_9': 'MACDs', 'MACDh_12_26_9': 'MACDh', 'VWAP': 'VWAP', 'BBL_20_2.0': 'BBL', 'BBM_20_2.0': 'BBM', 'BBU_20_2.0': 'BBU', 'ATR_14': 'ATR', 'STOCHk_14_3_3': 'STOCHk', 'STOCHd_14_3_3': 'STOCHd', 'CCI_14_0.015': 'CCI', 'SMA_10': 'SMA_10', 'SMA_50': 'SMA_50', 'SMA_200': 'SMA_200', 'EMA_10': 'EMA_10', 'EMA_50': 'EMA_50'}
2025-01-11 18:07:09 - WARNING - Columna faltante 'VWAP' añadida con NaN.
2025-01-11 18:07:09 - WARNING - Columna faltante 'ATR' añadida con NaN.
2025-01-11 18:07:09 - INFO - Target binario con look_ahead=4, min_change=0.025
2025-01-11 18:07:09 - INFO - Distribución de clases (0=Vender, 1=Comprar):
target
1.0    448
0.0    443
Name: count, dtype: int64
2025-01-11 18:07:09 - INFO - Muestra de datos con target:
                        close  future_close  change_pct  target
open_time                                                      
2021-04-25 23:45:00  49066.77      57907.49    0.180177     1.0
2023-10-01 21:15:00  27131.04      29330.53    0.081069     1.0
2022-02-21 17:15:00  38805.27      36917.19   -0.048655     0.0
2021-05-23 16:15:00  31963.83      33327.02    0.042648     1.0
2021-09-20 02:00:00  47195.00      42660.51   -0.096080     0.0
2022-08-19 06:15:00  22740.85      21450.90   -0.056724     0.0
2022-02-21 20:45:00  38249.99      36866.00   -0.036183     0.0
2022-05-26 12:15:00  29003.70      31340.09    0.080555     1.0
2021-07-01 06:00:00  34379.95      33229.41   -0.033465     0.0
2021-05-25 12:30:00  36707.61      38615.78    0.051983     1.0
2025-01-11 18:07:09 - INFO - Columnas extra eliminadas: ['change_pct', 'future_close']
2025-01-11 18:07:09 - WARNING - Estas columnas están 100% NaN y se eliminarán antes de imputar: ['VWAP', 'ATR']
2025-01-11 18:07:09 - INFO - Dataset preparado: 891 filas, 21 features (después de imputación).
2025-01-11 18:07:09 - INFO - === Evaluación en Test ===
2025-01-11 18:07:09 - INFO - Matriz de confusión [0=Vender, 1=Comprar]:
[[246 197]
 [247 201]]
2025-01-11 18:07:09 - INFO - Reporte de Clasificación:
              precision    recall  f1-score   support

      Vender       0.50      0.56      0.53       443
     Comprar       0.51      0.45      0.48       448

    accuracy                           0.50       891
   macro avg       0.50      0.50      0.50       891
weighted avg       0.50      0.50      0.50       891

2025-01-11 18:07:09 - INFO - Precision: 0.5050
2025-01-11 18:07:09 - INFO - F1-score: 0.4752
2025-01-11 18:07:09 - INFO - Recall: 0.4487
2025-01-11 18:07:09 - INFO - Balanced Accuracy: 0.5020
2025-01-11 18:07:09 - INFO - MCC: 0.0040
2025-01-11 18:07:09 - INFO - AUC: 0.5077
2025-01-11 18:07:11 - INFO - Precision final en Test: 0.5050
2025-01-11 18:07:11 - INFO - Importancia de características guardada en ./results/feature_importances_binary.csv.
2025-01-11 18:07:11 - INFO - Gráfico de importancia de características guardado.
2025-01-11 18:07:12 - INFO - Calculando valores SHAP...
2025-01-11 18:07:14 - INFO - SHAP analysis completado y guardado.
2025-01-11 18:07:14 - INFO - Señales generadas con umbral=0.64
2025-01-11 18:07:14 - INFO - Señales filtradas por tendencia.
2025-01-11 18:07:14 - INFO - Señales guardadas en: ./results/signals_binary.csv
2025-01-11 18:07:14 - INFO - === Proceso Completado con Éxito ===
