2025-01-29 18:50:57 - INFO - Datos cargados desde ML/data/processed/BTCUSDT_15m_processed.csv, filas: 257756
2025-01-29 18:50:57 - INFO - Columnas de indicadores existentes eliminadas: ['RSI', 'MACD', 'MACDs', 'MACDh', 'OBV', 'BBL', 'BBM', 'BBU', 'SMA_10', 'SMA_50', 'EMA_10', 'EMA_50']
2025-01-29 18:50:57 - INFO - Indicadores técnicos agregados. Filas antes: 257756, después: 257557 (descartadas: 199)
2025-01-29 18:50:57 - INFO - Columnas renombradas: {'RSI_14': 'RSI', 'MACD_12_26_9': 'MACD', 'MACDs_12_26_9': 'MACDs', 'MACDh_12_26_9': 'MACDh', 'BBL_20_2.0': 'BBL', 'BBM_20_2.0': 'BBM', 'BBU_20_2.0': 'BBU', 'STOCHk_14_3_3': 'STOCHk', 'STOCHd_14_3_3': 'STOCHd', 'CCI_14_0.015': 'CCI', 'SMA_10': 'SMA_10', 'SMA_50': 'SMA_50', 'SMA_200': 'SMA_200', 'EMA_10': 'EMA_10', 'EMA_50': 'EMA_50'}
2025-01-29 18:50:57 - INFO - Target binario con look_ahead=3, min_change=0.031
2025-01-29 18:50:57 - INFO - Distribución de clases (0=Vender, 1=Comprar):
target
0.0    986
1.0    871
Name: count, dtype: int64
2025-01-29 18:50:57 - INFO - Muestra de datos con target:
                        close  future_close  change_pct  target
open_time                                                      
2020-04-12 23:30:00   6984.24       6691.83   -0.041867     0.0
2017-12-24 14:45:00  13002.61      12470.99   -0.040886     0.0
2019-06-26 19:45:00  13960.76      11958.77   -0.143401     0.0
2021-03-04 23:30:00  48500.01      46910.05   -0.032783     0.0
2018-03-18 21:00:00   7953.45       8225.01    0.034144     1.0
2017-12-10 03:15:00  13310.00      12735.01   -0.043200     0.0
2020-07-27 16:15:00  10411.53      10754.05    0.032898     1.0
2017-12-27 16:15:00  15144.06      14569.90   -0.037913     0.0
2017-12-23 01:30:00  13678.85      14170.00    0.035906     1.0
2020-03-13 01:45:00   4130.64       5188.35    0.256064     1.0
2025-01-29 18:50:57 - INFO - División de datos en Train/Test completada.
2025-01-29 18:50:57 - INFO - === Búsqueda de hiperparámetros (Optuna) en muestra de Training ===
2025-01-29 18:50:57 - INFO - No se han identificado características categóricas.
2025-01-29 18:50:57 - INFO - Columnas extra eliminadas: ['future_close', 'change_pct']
2025-01-29 18:50:57 - INFO - Dataset preparado: 1086 filas, 21 features (después de imputación).
2025-01-29 18:50:57 - INFO - Iniciando optimización en Optuna (precisión clase=1)...
2025-01-29 18:50:57 - INFO - Balance de clases tras SMOTETomek:
target
1.0    422
0.0    422
Name: count, dtype: int64
2025-01-29 18:50:58 - INFO - Balance de clases tras SMOTETomek:
target
1.0    419
0.0    419
Name: count, dtype: int64
2025-01-29 18:50:58 - INFO - Balance de clases tras SMOTETomek:
target
1.0    421
0.0    421
Name: count, dtype: int64
2025-01-29 18:50:58 - INFO - Balance de clases tras SMOTETomek:
target
1.0    419
0.0    419
Name: count, dtype: int64
2025-01-29 18:50:58 - INFO - Balance de clases tras SMOTETomek:
target
1.0    414
0.0    414
Name: count, dtype: int64
2025-01-29 18:50:58 - INFO - Balance de clases tras SMOTETomek:
target
1.0    422
0.0    422
Name: count, dtype: int64
2025-01-29 18:50:58 - INFO - Balance de clases tras SMOTETomek:
target
1.0    419
0.0    419
Name: count, dtype: int64
2025-01-29 18:50:59 - INFO - Balance de clases tras SMOTETomek:
target
1.0    421
0.0    421
Name: count, dtype: int64
2025-01-29 18:50:59 - INFO - Balance de clases tras SMOTETomek:
target
1.0    419
0.0    419
Name: count, dtype: int64
2025-01-29 18:50:59 - INFO - Balance de clases tras SMOTETomek:
target
1.0    414
0.0    414
Name: count, dtype: int64
2025-01-29 18:51:00 - INFO - Balance de clases tras SMOTETomek:
target
1.0    422
0.0    422
Name: count, dtype: int64
2025-01-29 18:51:00 - INFO - Balance de clases tras SMOTETomek:
target
1.0    419
0.0    419
Name: count, dtype: int64
2025-01-29 18:51:01 - INFO - Balance de clases tras SMOTETomek:
target
1.0    421
0.0    421
Name: count, dtype: int64
2025-01-29 18:51:01 - INFO - Balance de clases tras SMOTETomek:
target
1.0    419
0.0    419
Name: count, dtype: int64
2025-01-29 18:51:02 - INFO - Balance de clases tras SMOTETomek:
target
1.0    414
0.0    414
Name: count, dtype: int64
2025-01-29 18:51:02 - INFO - Balance de clases tras SMOTETomek:
target
1.0    422
0.0    422
Name: count, dtype: int64
2025-01-29 18:51:03 - INFO - Balance de clases tras SMOTETomek:
target
1.0    419
0.0    419
Name: count, dtype: int64
2025-01-29 18:51:04 - INFO - Balance de clases tras SMOTETomek:
target
1.0    421
0.0    421
Name: count, dtype: int64
2025-01-29 18:51:04 - INFO - Balance de clases tras SMOTETomek:
target
1.0    419
0.0    419
Name: count, dtype: int64
2025-01-29 18:51:05 - INFO - Balance de clases tras SMOTETomek:
target
1.0    414
0.0    414
Name: count, dtype: int64
2025-01-29 18:51:06 - INFO - Balance de clases tras SMOTETomek:
target
1.0    422
0.0    422
Name: count, dtype: int64
2025-01-29 18:51:06 - INFO - Balance de clases tras SMOTETomek:
target
1.0    419
0.0    419
Name: count, dtype: int64
2025-01-29 18:51:06 - INFO - Balance de clases tras SMOTETomek:
target
1.0    421
0.0    421
Name: count, dtype: int64
2025-01-29 18:51:06 - INFO - Balance de clases tras SMOTETomek:
target
1.0    419
0.0    419
Name: count, dtype: int64
2025-01-29 18:51:07 - INFO - Balance de clases tras SMOTETomek:
target
1.0    414
0.0    414
Name: count, dtype: int64
2025-01-29 18:51:07 - INFO - Balance de clases tras SMOTETomek:
target
1.0    422
0.0    422
Name: count, dtype: int64
2025-01-29 18:51:08 - INFO - Balance de clases tras SMOTETomek:
target
1.0    419
0.0    419
Name: count, dtype: int64
2025-01-29 18:51:08 - INFO - Balance de clases tras SMOTETomek:
target
1.0    421
0.0    421
Name: count, dtype: int64
2025-01-29 18:51:09 - INFO - Balance de clases tras SMOTETomek:
target
1.0    419
0.0    419
Name: count, dtype: int64
2025-01-29 18:51:10 - INFO - Balance de clases tras SMOTETomek:
target
1.0    414
0.0    414
Name: count, dtype: int64
2025-01-29 18:51:11 - INFO - Balance de clases tras SMOTETomek:
target
1.0    422
0.0    422
Name: count, dtype: int64
2025-01-29 18:51:11 - INFO - Balance de clases tras SMOTETomek:
target
1.0    419
0.0    419
Name: count, dtype: int64
2025-01-29 18:51:11 - INFO - Balance de clases tras SMOTETomek:
target
1.0    421
0.0    421
Name: count, dtype: int64
2025-01-29 18:51:12 - INFO - Balance de clases tras SMOTETomek:
target
1.0    419
0.0    419
Name: count, dtype: int64
2025-01-29 18:51:12 - INFO - Balance de clases tras SMOTETomek:
target
1.0    414
0.0    414
Name: count, dtype: int64
2025-01-29 18:51:12 - INFO - Balance de clases tras SMOTETomek:
target
1.0    422
0.0    422
Name: count, dtype: int64
2025-01-29 18:51:14 - INFO - Balance de clases tras SMOTETomek:
target
1.0    419
0.0    419
Name: count, dtype: int64
2025-01-29 18:51:15 - INFO - Balance de clases tras SMOTETomek:
target
1.0    421
0.0    421
Name: count, dtype: int64
2025-01-29 18:51:16 - INFO - Balance de clases tras SMOTETomek:
target
1.0    419
0.0    419
Name: count, dtype: int64
2025-01-29 18:51:17 - INFO - Balance de clases tras SMOTETomek:
target
1.0    414
0.0    414
Name: count, dtype: int64
2025-01-29 18:51:18 - INFO - Balance de clases tras SMOTETomek:
target
1.0    422
0.0    422
Name: count, dtype: int64
2025-01-29 18:51:19 - INFO - Balance de clases tras SMOTETomek:
target
1.0    419
0.0    419
Name: count, dtype: int64
2025-01-29 18:51:19 - INFO - Balance de clases tras SMOTETomek:
target
1.0    421
0.0    421
Name: count, dtype: int64
2025-01-29 18:51:19 - INFO - Balance de clases tras SMOTETomek:
target
1.0    419
0.0    419
Name: count, dtype: int64
2025-01-29 18:51:19 - INFO - Balance de clases tras SMOTETomek:
target
1.0    414
0.0    414
Name: count, dtype: int64
2025-01-29 18:51:20 - INFO - Mejor Precisión (clase=1): 0.7244
2025-01-29 18:51:20 - INFO - Mejores parámetros: {'max_depth': 12, 'learning_rate': 0.008106915413271288, 'n_estimators': 212, 'subsample': 0.6453011279660263, 'colsample_bytree': 0.6528408159783664, 'gamma': 0.03711031498483863, 'reg_alpha': 0.08198783075111105, 'reg_lambda': 0.2134399510803413}
2025-01-29 18:51:20 - INFO - === Entrenando Pipeline Final con TODO el Training ===
2025-01-29 18:51:20 - INFO - Columnas extra eliminadas: ['future_close', 'change_pct']
2025-01-29 18:51:20 - INFO - Dataset preparado: 1207 filas, 21 features (después de imputación).
2025-01-29 18:51:20 - INFO - Balance de clases tras SMOTETomek:
target
1.0    609
0.0    609
Name: count, dtype: int64
2025-01-29 18:51:20 - INFO - Pipeline final entrenado con scale_pos_weight=1.00
2025-01-29 18:51:20 - INFO - Pipeline completo guardado en: .ML/results/XGBoost_Binario_trained_pipeline.joblib
2025-01-29 18:51:20 - INFO - Parámetros guardados en: .ML/results/XGBoost_Binario_model_params.txt
2025-01-29 18:51:20 - INFO - Lista de features guardada en: .ML/results/XGBoost_Binario_feature_cols.txt
2025-01-29 18:51:20 - INFO - Columnas de indicadores existentes eliminadas: ['RSI', 'MACD', 'MACDs', 'MACDh', 'OBV', 'BBL', 'BBM', 'BBU', 'STOCHk', 'STOCHd', 'CCI', 'SMA_10', 'SMA_50', 'SMA_200', 'EMA_10', 'EMA_50']
2025-01-29 18:51:20 - INFO - Indicadores técnicos agregados. Filas antes: 650, después: 451 (descartadas: 199)
2025-01-29 18:51:20 - INFO - Columnas renombradas: {'RSI_14': 'RSI', 'MACD_12_26_9': 'MACD', 'MACDs_12_26_9': 'MACDs', 'MACDh_12_26_9': 'MACDh', 'BBL_20_2.0': 'BBL', 'BBM_20_2.0': 'BBM', 'BBU_20_2.0': 'BBU', 'STOCHk_14_3_3': 'STOCHk', 'STOCHd_14_3_3': 'STOCHd', 'CCI_14_0.015': 'CCI', 'SMA_10': 'SMA_10', 'SMA_50': 'SMA_50', 'SMA_200': 'SMA_200', 'EMA_10': 'EMA_10', 'EMA_50': 'EMA_50'}
2025-01-29 18:51:20 - INFO - Target binario con look_ahead=3, min_change=0.031
2025-01-29 18:51:20 - INFO - Distribución de clases (0=Vender, 1=Comprar):
target
0.0    169
1.0    168
Name: count, dtype: int64
2025-01-29 18:51:20 - INFO - Muestra de datos con target:
                        close  future_close  change_pct  target
open_time                                                      
2021-01-27 15:15:00  29800.00      32266.35    0.082763     1.0
2021-07-26 00:45:00  36767.47      39365.15    0.070652     1.0
2021-05-12 22:45:00  52942.79      50301.61   -0.049887     0.0
2021-05-21 21:00:00  34112.99      35420.33    0.038324     1.0
2021-05-23 15:15:00  33891.88      31963.83   -0.056888     0.0
2022-06-18 06:15:00  20399.69      17809.00   -0.126997     0.0
2021-05-19 01:00:00  42168.16      38734.99   -0.081416     0.0
2021-09-07 14:15:00  49977.32      44669.25   -0.106210     0.0
2021-09-22 00:30:00  40700.01      44517.29    0.093791     1.0
2021-02-23 14:00:00  48915.53      47057.34   -0.037988     0.0
2025-01-29 18:51:20 - INFO - Columnas extra eliminadas: ['change_pct', 'future_close']
2025-01-29 18:51:20 - INFO - Dataset preparado: 337 filas, 21 features (después de imputación).
2025-01-29 18:51:20 - INFO - === Evaluación en Test ===
2025-01-29 18:51:20 - INFO - Matriz de confusión [0=Vender, 1=Comprar]:
[[91 78]
 [74 94]]
2025-01-29 18:51:20 - INFO - Reporte de Clasificación:
              precision    recall  f1-score   support

      Vender       0.55      0.54      0.54       169
     Comprar       0.55      0.56      0.55       168

    accuracy                           0.55       337
   macro avg       0.55      0.55      0.55       337
weighted avg       0.55      0.55      0.55       337

2025-01-29 18:51:20 - INFO - Precision (clase=1): 0.5465
2025-01-29 18:51:20 - INFO - F1 (clase=1): 0.5529
2025-01-29 18:51:20 - INFO - Recall (clase=1): 0.5595
2025-01-29 18:51:20 - INFO - Balanced Accuracy: 0.5490
2025-01-29 18:51:20 - INFO - MCC: 0.0980
2025-01-29 18:51:20 - INFO - AUC: 0.5475
2025-01-29 18:51:21 - INFO - Precisión final en Test (clase=1): 0.5465
2025-01-29 18:51:21 - INFO - Importancia de características guardada en .ML/results/feature_importances_binary.csv.
2025-01-29 18:51:22 - INFO - Gráfico de importancia de características guardado.
2025-01-29 18:51:22 - INFO - Calculando valores SHAP...
2025-01-29 18:51:23 - INFO - SHAP analysis completado y guardado.
2025-01-29 18:51:23 - INFO - Señales generadas con umbral=0.68
2025-01-29 18:51:23 - INFO - Señales filtradas por tendencia.
2025-01-29 18:51:23 - INFO - Señales guardadas en: .ML/results/signals_binary.csv
2025-01-29 18:51:23 - INFO - === Proceso Completado con Éxito ===
