2025-01-29 19:45:24 - INFO - Datos cargados desde ML/data/processed/BTCUSDT_15m_processed.csv, filas: 257756
2025-01-29 19:45:24 - INFO - Columnas de indicadores existentes eliminadas: ['RSI', 'MACD', 'MACDs', 'MACDh', 'OBV', 'BBL', 'BBM', 'BBU', 'SMA_10', 'SMA_50', 'EMA_10', 'EMA_50']
2025-01-29 19:45:24 - INFO - Indicadores técnicos agregados. Filas antes: 257756, después: 257557 (descartadas: 199)
2025-01-29 19:45:24 - INFO - Columnas renombradas: {'RSI_14': 'RSI', 'MACD_12_26_9': 'MACD', 'MACDs_12_26_9': 'MACDs', 'MACDh_12_26_9': 'MACDh', 'BBL_20_2.0': 'BBL', 'BBM_20_2.0': 'BBM', 'BBU_20_2.0': 'BBU', 'STOCHk_14_3_3': 'STOCHk', 'STOCHd_14_3_3': 'STOCHd', 'CCI_14_0.015': 'CCI', 'SMA_10': 'SMA_10', 'SMA_50': 'SMA_50', 'SMA_200': 'SMA_200', 'EMA_10': 'EMA_10', 'EMA_50': 'EMA_50'}
2025-01-29 19:45:25 - INFO - Target binario con look_ahead=8, min_change=0.031
2025-01-29 19:45:25 - INFO - Distribución de clases (0=Vender, 1=Comprar):
target
0.0    3286
1.0    3197
Name: count, dtype: int64
2025-01-29 19:45:25 - INFO - Muestra de datos con target:
                        close  future_close  change_pct  target
open_time                                                      
2018-01-12 23:15:00  13705.00      14190.68    0.035438     1.0
2020-03-18 12:45:00   5112.98       5301.06    0.036785     1.0
2018-12-29 23:00:00   3853.85       3704.87   -0.038657     0.0
2021-07-08 06:00:00  33375.16      32338.05   -0.031074     0.0
2019-06-27 21:15:00  10829.28      11444.51    0.056812     1.0
2021-06-22 13:30:00  29496.21      31487.86    0.067522     1.0
2019-07-10 18:00:00  12291.98      11738.99   -0.044988     0.0
2021-05-19 10:15:00  39585.82      38314.39   -0.032118     0.0
2017-12-10 12:30:00  13644.98      15071.06    0.104513     1.0
2021-06-07 20:00:00  35608.00      34242.71   -0.038342     0.0
2025-01-29 19:45:25 - INFO - División de datos en Train/Test completada.
2025-01-29 19:45:25 - INFO - === Búsqueda de hiperparámetros (Optuna) en muestra de Training ===
2025-01-29 19:45:25 - INFO - No se han identificado características categóricas.
2025-01-29 19:45:25 - INFO - Columnas extra eliminadas: ['future_close', 'change_pct']
2025-01-29 19:45:25 - INFO - Dataset preparado: 3791 filas, 21 features (después de imputación).
2025-01-29 19:45:25 - INFO - Iniciando optimización en Optuna (precisión clase=1)...
2025-01-29 19:45:25 - INFO - Balance de clases tras SMOTETomek:
target
1.0    1549
0.0    1549
Name: count, dtype: int64
2025-01-29 19:45:25 - INFO - Balance de clases tras SMOTETomek:
target
1.0    1552
0.0    1552
Name: count, dtype: int64
2025-01-29 19:45:25 - INFO - Balance de clases tras SMOTETomek:
target
0.0    1550
1.0    1550
Name: count, dtype: int64
2025-01-29 19:45:25 - INFO - Balance de clases tras SMOTETomek:
target
1.0    1558
0.0    1558
Name: count, dtype: int64
2025-01-29 19:45:25 - INFO - Balance de clases tras SMOTETomek:
target
1.0    1543
0.0    1543
Name: count, dtype: int64
2025-01-29 19:45:25 - INFO - Balance de clases tras SMOTETomek:
target
1.0    1549
0.0    1549
Name: count, dtype: int64
2025-01-29 19:45:26 - INFO - Balance de clases tras SMOTETomek:
target
1.0    1552
0.0    1552
Name: count, dtype: int64
2025-01-29 19:45:27 - INFO - Balance de clases tras SMOTETomek:
target
0.0    1550
1.0    1550
Name: count, dtype: int64
2025-01-29 19:45:28 - INFO - Balance de clases tras SMOTETomek:
target
1.0    1558
0.0    1558
Name: count, dtype: int64
2025-01-29 19:45:29 - INFO - Balance de clases tras SMOTETomek:
target
1.0    1543
0.0    1543
Name: count, dtype: int64
2025-01-29 19:45:30 - INFO - Balance de clases tras SMOTETomek:
target
1.0    1549
0.0    1549
Name: count, dtype: int64
2025-01-29 19:45:31 - INFO - Balance de clases tras SMOTETomek:
target
1.0    1552
0.0    1552
Name: count, dtype: int64
2025-01-29 19:45:32 - INFO - Balance de clases tras SMOTETomek:
target
0.0    1550
1.0    1550
Name: count, dtype: int64
2025-01-29 19:45:33 - INFO - Balance de clases tras SMOTETomek:
target
1.0    1558
0.0    1558
Name: count, dtype: int64
2025-01-29 19:45:35 - INFO - Balance de clases tras SMOTETomek:
target
1.0    1543
0.0    1543
Name: count, dtype: int64
2025-01-29 19:45:36 - INFO - Balance de clases tras SMOTETomek:
target
1.0    1549
0.0    1549
Name: count, dtype: int64
2025-01-29 19:45:38 - INFO - Balance de clases tras SMOTETomek:
target
1.0    1552
0.0    1552
Name: count, dtype: int64
2025-01-29 19:45:40 - INFO - Balance de clases tras SMOTETomek:
target
0.0    1550
1.0    1550
Name: count, dtype: int64
2025-01-29 19:45:42 - INFO - Balance de clases tras SMOTETomek:
target
1.0    1558
0.0    1558
Name: count, dtype: int64
2025-01-29 19:45:44 - INFO - Balance de clases tras SMOTETomek:
target
1.0    1543
0.0    1543
Name: count, dtype: int64
2025-01-29 19:45:46 - INFO - Mejor Precisión (clase=1): 0.8858
2025-01-29 19:45:46 - INFO - Mejores parámetros: {'max_depth': 20, 'learning_rate': 0.02042361883931737, 'n_estimators': 453, 'subsample': 0.7449901522906055, 'colsample_bytree': 0.7338741270742777, 'gamma': 0.38057243869694113, 'reg_alpha': 0.4016406919272847, 'reg_lambda': 0.6793248321388419}
2025-01-29 19:45:46 - INFO - === Entrenando Pipeline Final con TODO el Training ===
2025-01-29 19:45:46 - INFO - Columnas extra eliminadas: ['future_close', 'change_pct']
2025-01-29 19:45:46 - INFO - Dataset preparado: 4213 filas, 21 features (después de imputación).
2025-01-29 19:45:46 - INFO - Balance de clases tras SMOTETomek:
target
1.0    2130
0.0    2130
Name: count, dtype: int64
2025-01-29 19:45:49 - INFO - Pipeline final entrenado con scale_pos_weight=1.00
2025-01-29 19:45:49 - INFO - Pipeline completo guardado en: .ML/results/XGBoost_Binario_trained_pipeline.joblib
2025-01-29 19:45:49 - INFO - Parámetros guardados en: .ML/results/XGBoost_Binario_model_params.txt
2025-01-29 19:45:49 - INFO - Lista de features guardada en: .ML/results/XGBoost_Binario_feature_cols.txt
2025-01-29 19:45:49 - INFO - Columnas de indicadores existentes eliminadas: ['RSI', 'MACD', 'MACDs', 'MACDh', 'OBV', 'BBL', 'BBM', 'BBU', 'STOCHk', 'STOCHd', 'CCI', 'SMA_10', 'SMA_50', 'SMA_200', 'EMA_10', 'EMA_50']
2025-01-29 19:45:49 - INFO - Indicadores técnicos agregados. Filas antes: 2270, después: 2071 (descartadas: 199)
2025-01-29 19:45:49 - INFO - Columnas renombradas: {'RSI_14': 'RSI', 'MACD_12_26_9': 'MACD', 'MACDs_12_26_9': 'MACDs', 'MACDh_12_26_9': 'MACDh', 'BBL_20_2.0': 'BBL', 'BBM_20_2.0': 'BBM', 'BBU_20_2.0': 'BBU', 'STOCHk_14_3_3': 'STOCHk', 'STOCHd_14_3_3': 'STOCHd', 'CCI_14_0.015': 'CCI', 'SMA_10': 'SMA_10', 'SMA_50': 'SMA_50', 'SMA_200': 'SMA_200', 'EMA_10': 'EMA_10', 'EMA_50': 'EMA_50'}
2025-01-29 19:45:49 - INFO - Target binario con look_ahead=8, min_change=0.031
2025-01-29 19:45:49 - INFO - Distribución de clases (0=Vender, 1=Comprar):
target
1.0    775
0.0    732
Name: count, dtype: int64
2025-01-29 19:45:49 - INFO - Muestra de datos con target:
                        close  future_close  change_pct  target
open_time                                                      
2024-09-06 13:45:00  55896.01      71026.03    0.270682     1.0
2021-06-21 02:00:00  35305.00      33426.22   -0.053216     0.0
2024-03-20 18:30:00  64439.99      69149.25    0.073080     1.0
2024-04-13 18:00:00  66738.38      61816.02   -0.073756     0.0
2022-06-15 20:45:00  21681.79      20424.05   -0.058009     0.0
2021-12-04 05:15:00  45559.47      49677.52    0.090388     1.0
2021-02-28 12:00:00  45284.93      51475.19    0.136696     1.0
2024-02-28 21:00:00  60115.75      67170.01    0.117345     1.0
2021-01-29 10:15:00  35634.00      37010.35    0.038625     1.0
2022-09-09 03:00:00  19425.28      22522.74    0.159455     1.0
2025-01-29 19:45:49 - INFO - Columnas extra eliminadas: ['change_pct', 'future_close']
2025-01-29 19:45:49 - INFO - Dataset preparado: 1507 filas, 21 features (después de imputación).
2025-01-29 19:45:49 - INFO - === Evaluación en Test ===
2025-01-29 19:45:49 - INFO - Matriz de confusión [0=Vender, 1=Comprar]:
[[465 267]
 [514 261]]
2025-01-29 19:45:49 - INFO - Reporte de Clasificación:
              precision    recall  f1-score   support

      Vender       0.47      0.64      0.54       732
     Comprar       0.49      0.34      0.40       775

    accuracy                           0.48      1507
   macro avg       0.48      0.49      0.47      1507
weighted avg       0.48      0.48      0.47      1507

2025-01-29 19:45:49 - INFO - Precision (clase=1): 0.4943
2025-01-29 19:45:49 - INFO - F1 (clase=1): 0.4006
2025-01-29 19:45:49 - INFO - Recall (clase=1): 0.3368
2025-01-29 19:45:49 - INFO - Balanced Accuracy: 0.4860
2025-01-29 19:45:49 - INFO - MCC: -0.0293
2025-01-29 19:45:49 - INFO - AUC: 0.4762
2025-01-29 19:45:50 - INFO - Precisión final en Test (clase=1): 0.4943
2025-01-29 19:45:50 - INFO - Importancia de características guardada en .ML/results/feature_importances_binary.csv.
2025-01-29 19:45:50 - INFO - Gráfico de importancia de características guardado.
2025-01-29 19:45:51 - INFO - Calculando valores SHAP...
2025-01-29 19:45:58 - INFO - SHAP analysis completado y guardado.
2025-01-29 19:45:58 - INFO - Señales generadas con umbral=0.6
2025-01-29 19:45:58 - INFO - Señales filtradas por tendencia.
2025-01-29 19:45:58 - INFO - Señales guardadas en: .ML/results/signals_binary.csv
2025-01-29 19:45:58 - INFO - === Proceso Completado con Éxito ===
