2025-01-20 22:00:47 - INFO - Datos cargados desde ML/data/processed/BTCUSDT_15m_processed.csv, filas: 254923
2025-01-20 22:00:47 - INFO - Columnas de indicadores existentes eliminadas: ['RSI', 'MACD', 'MACDs', 'MACDh', 'OBV', 'BBL', 'BBM', 'BBU', 'SMA_10', 'SMA_50', 'EMA_10', 'EMA_50']
2025-01-20 22:00:48 - INFO - Indicadores técnicos agregados. Filas antes: 254923, después: 254724 (descartadas: 199)
2025-01-20 22:00:48 - INFO - Columnas renombradas: {'RSI_14': 'RSI', 'MACD_12_26_9': 'MACD', 'MACDs_12_26_9': 'MACDs', 'MACDh_12_26_9': 'MACDh', 'VWAP': 'VWAP', 'BBL_20_2.0': 'BBL', 'BBM_20_2.0': 'BBM', 'BBU_20_2.0': 'BBU', 'ATR_14': 'ATR', 'STOCHk_14_3_3': 'STOCHk', 'STOCHd_14_3_3': 'STOCHd', 'CCI_14_0.015': 'CCI', 'SMA_10': 'SMA_10', 'SMA_50': 'SMA_50', 'SMA_200': 'SMA_200', 'EMA_10': 'EMA_10', 'EMA_50': 'EMA_50'}
2025-01-20 22:00:48 - WARNING - Columna faltante 'VWAP' añadida con NaN.
2025-01-20 22:00:48 - WARNING - Columna faltante 'ATR' añadida con NaN.
2025-01-20 22:00:48 - INFO - Target binario con look_ahead=4, min_change=0.028
2025-01-20 22:00:48 - INFO - Distribución de clases (0=Vender, 1=Comprar):
target
0.0    1875
1.0    1700
Name: count, dtype: int64
2025-01-20 22:00:48 - INFO - Muestra de datos con target:
                        close  future_close  change_pct  target
open_time                                                      
2018-05-14 13:30:00   8362.28       8751.13    0.046500     1.0
2017-09-18 10:15:00   3850.00       3963.93    0.029592     1.0
2017-11-12 04:30:00   5960.00       5638.23   -0.053988     0.0
2019-11-25 11:45:00   6879.02       7146.59    0.038897     1.0
2017-12-07 04:00:00  13747.54      14169.52    0.030695     1.0
2022-06-18 06:15:00  20399.69      19245.55   -0.056576     0.0
2024-08-05 14:15:00  52633.64      54284.71    0.031369     1.0
2018-08-09 13:00:00   6240.01       6464.32    0.035947     1.0
2022-04-28 14:00:00  38989.51      40105.76    0.028629     1.0
2021-05-29 23:30:00  34653.51      33523.37   -0.032613     0.0
2025-01-20 22:00:48 - INFO - División de datos en Train/Test completada.
2025-01-20 22:00:48 - INFO - === Búsqueda de hiperparámetros (Optuna) en muestra de Training ===
2025-01-20 22:00:48 - INFO - No se han identificado características categóricas.
2025-01-20 22:00:48 - INFO - Columnas extra eliminadas: ['future_close', 'change_pct']
2025-01-20 22:00:48 - WARNING - Estas columnas están 100% NaN y se eliminarán antes de imputar: ['VWAP', 'ATR']
2025-01-20 22:00:48 - INFO - Dataset preparado: 2206 filas, 21 features (después de imputación).
2025-01-20 22:00:48 - INFO - Balance de clases tras SMOTETomek:
target
0.0    198
1.0    198
Name: count, dtype: int64
2025-01-20 22:00:48 - INFO - Balance de clases tras SMOTETomek:
target
0.0    198
1.0    198
Name: count, dtype: int64
2025-01-20 22:00:49 - INFO - Balance de clases tras SMOTETomek:
target
0.0    366
1.0    366
Name: count, dtype: int64
2025-01-20 22:00:49 - INFO - Balance de clases tras SMOTETomek:
target
0.0    366
1.0    366
Name: count, dtype: int64
2025-01-20 22:00:49 - INFO - Balance de clases tras SMOTETomek:
target
0.0    559
1.0    559
Name: count, dtype: int64
2025-01-20 22:00:50 - INFO - Balance de clases tras SMOTETomek:
target
0.0    559
1.0    559
Name: count, dtype: int64
2025-01-20 22:00:50 - INFO - Balance de clases tras SMOTETomek:
target
0.0    752
1.0    752
Name: count, dtype: int64
2025-01-20 22:00:50 - INFO - Balance de clases tras SMOTETomek:
target
0.0    940
1.0    940
Name: count, dtype: int64
2025-01-20 22:00:50 - INFO - Balance de clases tras SMOTETomek:
target
0.0    752
1.0    752
Name: count, dtype: int64
2025-01-20 22:00:51 - INFO - Balance de clases tras SMOTETomek:
target
0.0    198
1.0    198
Name: count, dtype: int64
2025-01-20 22:00:51 - INFO - Balance de clases tras SMOTETomek:
target
0.0    940
1.0    940
Name: count, dtype: int64
2025-01-20 22:00:52 - INFO - Balance de clases tras SMOTETomek:
target
0.0    198
1.0    198
Name: count, dtype: int64
2025-01-20 22:00:52 - INFO - Balance de clases tras SMOTETomek:
target
0.0    366
1.0    366
Name: count, dtype: int64
2025-01-20 22:00:53 - INFO - Balance de clases tras SMOTETomek:
target
0.0    366
1.0    366
Name: count, dtype: int64
2025-01-20 22:00:53 - INFO - Balance de clases tras SMOTETomek:
target
0.0    559
1.0    559
Name: count, dtype: int64
2025-01-20 22:00:53 - INFO - Balance de clases tras SMOTETomek:
target
0.0    559
1.0    559
Name: count, dtype: int64
2025-01-20 22:00:54 - INFO - Balance de clases tras SMOTETomek:
target
0.0    752
1.0    752
Name: count, dtype: int64
2025-01-20 22:00:54 - INFO - Balance de clases tras SMOTETomek:
target
0.0    752
1.0    752
Name: count, dtype: int64
2025-01-20 22:00:55 - INFO - Balance de clases tras SMOTETomek:
target
0.0    940
1.0    940
Name: count, dtype: int64
2025-01-20 22:00:55 - INFO - Balance de clases tras SMOTETomek:
target
0.0    940
1.0    940
Name: count, dtype: int64
2025-01-20 22:00:56 - INFO - Balance de clases tras SMOTETomek:
target
0.0    198
1.0    198
Name: count, dtype: int64
2025-01-20 22:00:56 - INFO - Balance de clases tras SMOTETomek:
target
0.0    198
1.0    198
Name: count, dtype: int64
2025-01-20 22:00:57 - INFO - Balance de clases tras SMOTETomek:
target
0.0    366
1.0    366
Name: count, dtype: int64
2025-01-20 22:00:57 - INFO - Balance de clases tras SMOTETomek:
target
0.0    366
1.0    366
Name: count, dtype: int64
2025-01-20 22:00:57 - INFO - Balance de clases tras SMOTETomek:
target
0.0    559
1.0    559
Name: count, dtype: int64
2025-01-20 22:00:58 - INFO - Balance de clases tras SMOTETomek:
target
0.0    559
1.0    559
Name: count, dtype: int64
2025-01-20 22:00:58 - INFO - Balance de clases tras SMOTETomek:
target
0.0    752
1.0    752
Name: count, dtype: int64
2025-01-20 22:00:59 - INFO - Balance de clases tras SMOTETomek:
target
0.0    940
1.0    940
Name: count, dtype: int64
2025-01-20 22:00:59 - INFO - Balance de clases tras SMOTETomek:
target
0.0    752
1.0    752
Name: count, dtype: int64
2025-01-20 22:00:59 - INFO - Balance de clases tras SMOTETomek:
target
0.0    198
1.0    198
Name: count, dtype: int64
2025-01-20 22:01:00 - INFO - Balance de clases tras SMOTETomek:
target
0.0    366
1.0    366
Name: count, dtype: int64
2025-01-20 22:01:00 - INFO - Balance de clases tras SMOTETomek:
target
0.0    940
1.0    940
Name: count, dtype: int64
2025-01-20 22:01:01 - INFO - Balance de clases tras SMOTETomek:
target
0.0    559
1.0    559
Name: count, dtype: int64
2025-01-20 22:01:01 - INFO - Balance de clases tras SMOTETomek:
target
0.0    752
1.0    752
Name: count, dtype: int64
2025-01-20 22:01:02 - INFO - Balance de clases tras SMOTETomek:
target
0.0    940
1.0    940
Name: count, dtype: int64
2025-01-20 22:01:02 - INFO - Balance de clases tras SMOTETomek:
target
0.0    198
1.0    198
Name: count, dtype: int64
2025-01-20 22:01:02 - INFO - Balance de clases tras SMOTETomek:
target
0.0    198
1.0    198
Name: count, dtype: int64
2025-01-20 22:01:02 - INFO - Balance de clases tras SMOTETomek:
target
0.0    366
1.0    366
Name: count, dtype: int64
2025-01-20 22:01:03 - INFO - Balance de clases tras SMOTETomek:
target
0.0    559
1.0    559
Name: count, dtype: int64
2025-01-20 22:01:04 - INFO - Balance de clases tras SMOTETomek:
target
0.0    752
1.0    752
Name: count, dtype: int64
2025-01-20 22:01:04 - INFO - Balance de clases tras SMOTETomek:
target
0.0    366
1.0    366
Name: count, dtype: int64
2025-01-20 22:01:04 - INFO - Balance de clases tras SMOTETomek:
target
0.0    940
1.0    940
Name: count, dtype: int64
2025-01-20 22:01:05 - INFO - Balance de clases tras SMOTETomek:
target
0.0    198
1.0    198
Name: count, dtype: int64
2025-01-20 22:01:06 - INFO - Balance de clases tras SMOTETomek:
target
0.0    559
1.0    559
Name: count, dtype: int64
2025-01-20 22:01:07 - INFO - Balance de clases tras SMOTETomek:
target
0.0    366
1.0    366
Name: count, dtype: int64
2025-01-20 22:01:08 - INFO - Balance de clases tras SMOTETomek:
target
0.0    752
1.0    752
Name: count, dtype: int64
2025-01-20 22:01:08 - INFO - Balance de clases tras SMOTETomek:
target
0.0    559
1.0    559
Name: count, dtype: int64
2025-01-20 22:01:09 - INFO - Balance de clases tras SMOTETomek:
target
0.0    752
1.0    752
Name: count, dtype: int64
2025-01-20 22:01:10 - INFO - Balance de clases tras SMOTETomek:
target
0.0    940
1.0    940
Name: count, dtype: int64
2025-01-20 22:01:11 - INFO - Balance de clases tras SMOTETomek:
target
0.0    940
1.0    940
Name: count, dtype: int64
2025-01-20 22:01:12 - INFO - Balance de clases tras SMOTETomek:
target
0.0    198
1.0    198
Name: count, dtype: int64
2025-01-20 22:01:12 - INFO - Balance de clases tras SMOTETomek:
target
0.0    198
1.0    198
Name: count, dtype: int64
2025-01-20 22:01:13 - INFO - Balance de clases tras SMOTETomek:
target
0.0    366
1.0    366
Name: count, dtype: int64
2025-01-20 22:01:13 - INFO - Balance de clases tras SMOTETomek:
target
0.0    366
1.0    366
Name: count, dtype: int64
2025-01-20 22:01:13 - INFO - Balance de clases tras SMOTETomek:
target
0.0    559
1.0    559
Name: count, dtype: int64
2025-01-20 22:01:13 - INFO - Balance de clases tras SMOTETomek:
target
0.0    559
1.0    559
Name: count, dtype: int64
2025-01-20 22:01:14 - INFO - Balance de clases tras SMOTETomek:
target
0.0    752
1.0    752
Name: count, dtype: int64
2025-01-20 22:01:14 - INFO - Balance de clases tras SMOTETomek:
target
0.0    752
1.0    752
Name: count, dtype: int64
2025-01-20 22:01:14 - INFO - Balance de clases tras SMOTETomek:
target
0.0    940
1.0    940
Name: count, dtype: int64
2025-01-20 22:01:15 - INFO - Balance de clases tras SMOTETomek:
target
0.0    198
1.0    198
Name: count, dtype: int64
2025-01-20 22:01:15 - INFO - Balance de clases tras SMOTETomek:
target
0.0    940
1.0    940
Name: count, dtype: int64
2025-01-20 22:01:15 - INFO - Balance de clases tras SMOTETomek:
target
0.0    366
1.0    366
Name: count, dtype: int64
2025-01-20 22:01:15 - INFO - Balance de clases tras SMOTETomek:
target
0.0    559
1.0    559
Name: count, dtype: int64
2025-01-20 22:01:16 - INFO - Balance de clases tras SMOTETomek:
target
0.0    198
1.0    198
Name: count, dtype: int64
2025-01-20 22:01:16 - INFO - Balance de clases tras SMOTETomek:
target
0.0    752
1.0    752
Name: count, dtype: int64
2025-01-20 22:01:16 - INFO - Balance de clases tras SMOTETomek:
target
0.0    366
1.0    366
Name: count, dtype: int64
2025-01-20 22:01:16 - INFO - Balance de clases tras SMOTETomek:
target
0.0    940
1.0    940
Name: count, dtype: int64
2025-01-20 22:01:17 - INFO - Balance de clases tras SMOTETomek:
target
0.0    198
1.0    198
Name: count, dtype: int64
2025-01-20 22:01:17 - INFO - Balance de clases tras SMOTETomek:
target
0.0    559
1.0    559
Name: count, dtype: int64
2025-01-20 22:01:17 - INFO - Balance de clases tras SMOTETomek:
target
0.0    366
1.0    366
Name: count, dtype: int64
2025-01-20 22:01:17 - INFO - Balance de clases tras SMOTETomek:
target
0.0    752
1.0    752
Name: count, dtype: int64
2025-01-20 22:01:18 - INFO - Balance de clases tras SMOTETomek:
target
0.0    559
1.0    559
Name: count, dtype: int64
2025-01-20 22:01:18 - INFO - Balance de clases tras SMOTETomek:
target
0.0    940
1.0    940
Name: count, dtype: int64
2025-01-20 22:01:19 - INFO - Balance de clases tras SMOTETomek:
target
0.0    752
1.0    752
Name: count, dtype: int64
2025-01-20 22:01:19 - INFO - Balance de clases tras SMOTETomek:
target
0.0    198
1.0    198
Name: count, dtype: int64
2025-01-20 22:01:19 - INFO - Balance de clases tras SMOTETomek:
target
0.0    366
1.0    366
Name: count, dtype: int64
2025-01-20 22:01:19 - INFO - Balance de clases tras SMOTETomek:
target
0.0    940
1.0    940
Name: count, dtype: int64
2025-01-20 22:01:20 - INFO - Balance de clases tras SMOTETomek:
target
0.0    559
1.0    559
Name: count, dtype: int64
2025-01-20 22:01:20 - INFO - Balance de clases tras SMOTETomek:
target
0.0    198
1.0    198
Name: count, dtype: int64
2025-01-20 22:01:20 - INFO - Balance de clases tras SMOTETomek:
target
0.0    752
1.0    752
Name: count, dtype: int64
2025-01-20 22:01:21 - INFO - Balance de clases tras SMOTETomek:
target
0.0    366
1.0    366
Name: count, dtype: int64
2025-01-20 22:01:21 - INFO - Balance de clases tras SMOTETomek:
target
0.0    940
1.0    940
Name: count, dtype: int64
2025-01-20 22:01:21 - INFO - Balance de clases tras SMOTETomek:
target
0.0    198
1.0    198
Name: count, dtype: int64
2025-01-20 22:01:22 - INFO - Balance de clases tras SMOTETomek:
target
0.0    559
1.0    559
Name: count, dtype: int64
2025-01-20 22:01:22 - INFO - Balance de clases tras SMOTETomek:
target
0.0    366
1.0    366
Name: count, dtype: int64
2025-01-20 22:01:23 - INFO - Balance de clases tras SMOTETomek:
target
0.0    752
1.0    752
Name: count, dtype: int64
2025-01-20 22:01:23 - INFO - Balance de clases tras SMOTETomek:
target
0.0    559
1.0    559
Name: count, dtype: int64
2025-01-20 22:01:24 - INFO - Balance de clases tras SMOTETomek:
target
0.0    940
1.0    940
Name: count, dtype: int64
2025-01-20 22:01:24 - INFO - Balance de clases tras SMOTETomek:
target
0.0    752
1.0    752
Name: count, dtype: int64
2025-01-20 22:01:25 - INFO - Balance de clases tras SMOTETomek:
target
0.0    198
1.0    198
Name: count, dtype: int64
2025-01-20 22:01:25 - INFO - Balance de clases tras SMOTETomek:
target
0.0    940
1.0    940
Name: count, dtype: int64
2025-01-20 22:01:26 - INFO - Balance de clases tras SMOTETomek:
target
0.0    198
1.0    198
Name: count, dtype: int64
2025-01-20 22:01:26 - INFO - Balance de clases tras SMOTETomek:
target
0.0    366
1.0    366
Name: count, dtype: int64
2025-01-20 22:01:27 - INFO - Balance de clases tras SMOTETomek:
target
0.0    366
1.0    366
Name: count, dtype: int64
2025-01-20 22:01:28 - INFO - Balance de clases tras SMOTETomek:
target
0.0    559
1.0    559
Name: count, dtype: int64
2025-01-20 22:01:29 - INFO - Balance de clases tras SMOTETomek:
target
0.0    559
1.0    559
Name: count, dtype: int64
2025-01-20 22:01:29 - INFO - Balance de clases tras SMOTETomek:
target
0.0    752
1.0    752
Name: count, dtype: int64
2025-01-20 22:01:31 - INFO - Balance de clases tras SMOTETomek:
target
0.0    752
1.0    752
Name: count, dtype: int64
2025-01-20 22:01:31 - INFO - Balance de clases tras SMOTETomek:
target
0.0    940
1.0    940
Name: count, dtype: int64
2025-01-20 22:01:33 - INFO - Balance de clases tras SMOTETomek:
target
0.0    940
1.0    940
Name: count, dtype: int64
2025-01-20 22:01:33 - INFO - Balance de clases tras SMOTETomek:
target
0.0    198
1.0    198
Name: count, dtype: int64
2025-01-20 22:01:34 - INFO - Balance de clases tras SMOTETomek:
target
0.0    366
1.0    366
Name: count, dtype: int64
2025-01-20 22:01:35 - INFO - Balance de clases tras SMOTETomek:
target
0.0    198
1.0    198
Name: count, dtype: int64
2025-01-20 22:01:35 - INFO - Balance de clases tras SMOTETomek:
target
0.0    559
1.0    559
Name: count, dtype: int64
2025-01-20 22:01:36 - INFO - Balance de clases tras SMOTETomek:
target
0.0    366
1.0    366
Name: count, dtype: int64
2025-01-20 22:01:36 - INFO - Balance de clases tras SMOTETomek:
target
0.0    752
1.0    752
Name: count, dtype: int64
2025-01-20 22:01:37 - INFO - Balance de clases tras SMOTETomek:
target
0.0    559
1.0    559
Name: count, dtype: int64
2025-01-20 22:01:37 - INFO - Balance de clases tras SMOTETomek:
target
0.0    940
1.0    940
Name: count, dtype: int64
2025-01-20 22:01:38 - INFO - Balance de clases tras SMOTETomek:
target
0.0    752
1.0    752
Name: count, dtype: int64
2025-01-20 22:01:39 - INFO - Balance de clases tras SMOTETomek:
target
0.0    940
1.0    940
Name: count, dtype: int64
2025-01-20 22:01:40 - INFO - Mejor F1 (clase=1): 0.5312
2025-01-20 22:01:40 - INFO - Mejores parámetros: {'max_depth': 5, 'learning_rate': 0.0030898968226251485, 'n_estimators': 475, 'subsample': 0.7288020657336842, 'colsample_bytree': 0.9542643259983243, 'gamma': 0.991031379113569, 'reg_alpha': 0.37193292925451704, 'reg_lambda': 0.64202063166579}
2025-01-20 22:01:40 - INFO - === Entrenando Pipeline Final con TODO el Training (F1 Clase 1) ===
2025-01-20 22:01:40 - INFO - Columnas extra eliminadas: ['future_close', 'change_pct']
2025-01-20 22:01:40 - WARNING - Estas columnas están 100% NaN y se eliminarán antes de imputar: ['VWAP', 'ATR']
2025-01-20 22:01:40 - INFO - Dataset preparado: 2323 filas, 21 features (después de imputación).
2025-01-20 22:01:40 - INFO - Balance de clases tras SMOTETomek:
target
0.0    1174
1.0    1174
Name: count, dtype: int64
2025-01-20 22:01:41 - INFO - Pipeline final entrenado con scale_pos_weight=1.06
2025-01-20 22:01:41 - INFO - Pipeline completo guardado en: ./results/XGBoost_Binario_trained_pipeline.joblib
2025-01-20 22:01:41 - INFO - Parámetros guardados en: ./results/XGBoost_Binario_model_params.txt
2025-01-20 22:01:41 - INFO - Lista de features guardada en: ./results/XGBoost_Binario_feature_cols.txt
2025-01-20 22:01:41 - INFO - Columnas de indicadores existentes eliminadas: ['RSI', 'MACD', 'MACDs', 'MACDh', 'VWAP', 'OBV', 'BBL', 'BBM', 'BBU', 'ATR', 'STOCHk', 'STOCHd', 'CCI', 'SMA_10', 'SMA_50', 'SMA_200', 'EMA_10', 'EMA_50']
2025-01-20 22:01:41 - INFO - Indicadores técnicos agregados. Filas antes: 1252, después: 1053 (descartadas: 199)
2025-01-20 22:01:41 - INFO - Columnas renombradas: {'RSI_14': 'RSI', 'MACD_12_26_9': 'MACD', 'MACDs_12_26_9': 'MACDs', 'MACDh_12_26_9': 'MACDh', 'VWAP': 'VWAP', 'BBL_20_2.0': 'BBL', 'BBM_20_2.0': 'BBM', 'BBU_20_2.0': 'BBU', 'ATR_14': 'ATR', 'STOCHk_14_3_3': 'STOCHk', 'STOCHd_14_3_3': 'STOCHd', 'CCI_14_0.015': 'CCI', 'SMA_10': 'SMA_10', 'SMA_50': 'SMA_50', 'SMA_200': 'SMA_200', 'EMA_10': 'EMA_10', 'EMA_50': 'EMA_50'}
2025-01-20 22:01:41 - WARNING - Columna faltante 'VWAP' añadida con NaN.
2025-01-20 22:01:41 - WARNING - Columna faltante 'ATR' añadida con NaN.
2025-01-20 22:01:41 - INFO - Target binario con look_ahead=4, min_change=0.028
2025-01-20 22:01:41 - INFO - Distribución de clases (0=Vender, 1=Comprar):
target
0.0    401
1.0    393
Name: count, dtype: int64
2025-01-20 22:01:41 - INFO - Muestra de datos con target:
                        close  future_close  change_pct  target
open_time                                                      
2021-05-19 16:15:00  37456.85      39370.61    0.051092     1.0
2021-01-13 06:45:00  33780.68      39741.63    0.176460     1.0
2023-04-26 19:00:00  29600.94      28415.29   -0.040054     0.0
2022-08-19 06:00:00  22786.98      21450.90   -0.058633     0.0
2022-08-19 05:45:00  22808.73      21629.68   -0.051693     0.0
2023-02-14 14:00:00  21644.01      23408.99    0.081546     1.0
2021-11-10 20:15:00  66843.15      57742.81   -0.136145     0.0
2022-06-18 21:00:00  17996.19      18932.91    0.052051     1.0
2022-05-12 06:45:00  27114.84      28208.31    0.040327     1.0
2023-03-12 21:30:00  21169.90      22918.82    0.082614     1.0
2025-01-20 22:01:41 - INFO - Columnas extra eliminadas: ['change_pct', 'future_close']
2025-01-20 22:01:41 - WARNING - Estas columnas están 100% NaN y se eliminarán antes de imputar: ['VWAP', 'ATR']
2025-01-20 22:01:41 - INFO - Dataset preparado: 794 filas, 21 features (después de imputación).
2025-01-20 22:01:41 - INFO - === Evaluación en Test ===
2025-01-20 22:01:41 - INFO - Matriz de confusión [0=Vender, 1=Comprar]:
[[233 168]
 [221 172]]
2025-01-20 22:01:41 - INFO - Reporte de Clasificación:
              precision    recall  f1-score   support

      Vender       0.51      0.58      0.55       401
     Comprar       0.51      0.44      0.47       393

    accuracy                           0.51       794
   macro avg       0.51      0.51      0.51       794
weighted avg       0.51      0.51      0.51       794

2025-01-20 22:01:41 - INFO - Precision: 0.5059
2025-01-20 22:01:41 - INFO - F1-score: 0.4693
2025-01-20 22:01:41 - INFO - Recall: 0.4377
2025-01-20 22:01:41 - INFO - Balanced Accuracy: 0.5094
2025-01-20 22:01:41 - INFO - MCC: 0.0189
2025-01-20 22:01:41 - INFO - AUC: 0.5109
2025-01-20 22:01:42 - INFO - Precision final en Test: 0.5059
2025-01-20 22:01:42 - INFO - Importancia de características guardada en ./results/feature_importances_binary.csv.
2025-01-20 22:01:43 - INFO - Gráfico de importancia de características guardado.
2025-01-20 22:01:44 - INFO - Calculando valores SHAP...
2025-01-20 22:01:45 - INFO - SHAP analysis completado y guardado.
2025-01-20 22:01:45 - INFO - Señales generadas con umbral=0.59
2025-01-20 22:01:45 - INFO - Señales filtradas por tendencia (SMA_50 vs. SMA_200).
2025-01-20 22:01:45 - INFO - Señales guardadas en: ./results/signals_binary.csv
2025-01-20 22:01:45 - INFO - === Proceso Completado con Éxito ===
