2025-01-11 17:29:27 - INFO - Datos cargados desde ML/data/processed/BTCUSDT_15m_processed.csv, filas: 254923
2025-01-11 17:29:27 - INFO - Columnas de indicadores existentes eliminadas: ['RSI', 'MACD', 'MACDs', 'MACDh', 'OBV', 'BBL', 'BBM', 'BBU', 'SMA_10', 'SMA_50', 'EMA_10', 'EMA_50']
2025-01-11 17:29:28 - INFO - Indicadores técnicos agregados. Filas antes: 254923, después: 254724 (descartadas: 199)
2025-01-11 17:29:28 - INFO - Columnas renombradas: {'RSI_14': 'RSI', 'MACD_12_26_9': 'MACD', 'MACDs_12_26_9': 'MACDs', 'MACDh_12_26_9': 'MACDh', 'VWAP': 'VWAP', 'BBL_20_2.0': 'BBL', 'BBM_20_2.0': 'BBM', 'BBU_20_2.0': 'BBU', 'ATR_14': 'ATR', 'STOCHk_14_3_3': 'STOCHk', 'STOCHd_14_3_3': 'STOCHd', 'CCI_14_0.015': 'CCI', 'SMA_10': 'SMA_10', 'SMA_50': 'SMA_50', 'SMA_200': 'SMA_200', 'EMA_10': 'EMA_10', 'EMA_50': 'EMA_50'}
2025-01-11 17:29:28 - WARNING - Columna faltante 'VWAP' añadida con NaN.
2025-01-11 17:29:28 - WARNING - Columna faltante 'ATR' añadida con NaN.
2025-01-11 17:29:28 - INFO - Target binario con look_ahead=4, min_change=0.03
2025-01-11 17:29:28 - INFO - Distribución de clases (0=Vender, 1=Comprar):
target
0.0    1594
1.0    1399
Name: count, dtype: int64
2025-01-11 17:29:28 - INFO - Muestra de datos con target:
                        close  future_close  change_pct  target
open_time                                                      
2018-01-16 16:15:00  11821.56      11260.33   -0.047475     0.0
2018-03-16 13:00:00   8148.90       8480.14    0.040648     1.0
2017-11-02 10:30:00   7095.00       6800.01   -0.041577     0.0
2017-11-30 12:45:00   9726.44       9035.01   -0.071088     0.0
2021-09-24 10:00:00  42678.10      41179.21   -0.035121     0.0
2021-07-26 00:15:00  35733.65      37961.88    0.062357     1.0
2022-02-24 02:15:00  36866.00      35440.97   -0.038654     0.0
2017-11-29 18:00:00  10495.17       9931.01   -0.053754     0.0
2018-11-29 18:00:00   4342.94       4201.00   -0.032683     0.0
2018-02-03 13:00:00   8978.57       9386.82    0.045469     1.0
2025-01-11 17:29:28 - INFO - División de datos en Train/Test completada.
2025-01-11 17:29:28 - INFO - === Búsqueda de hiperparámetros (Optuna) en muestra de Training ===
2025-01-11 17:29:28 - INFO - No se han identificado características categóricas.
2025-01-11 17:29:28 - INFO - Columnas extra eliminadas: ['future_close', 'change_pct']
2025-01-11 17:29:28 - WARNING - Estas columnas están 100% NaN y se eliminarán antes de imputar: ['VWAP', 'ATR']
2025-01-11 17:29:28 - INFO - Dataset preparado: 838 filas, 21 features (después de imputación).
2025-01-11 17:29:28 - INFO - Balance de clases tras SMOTETomek:
target
0.0    346
1.0    346
Name: count, dtype: int64
2025-01-11 17:29:28 - INFO - Balance de clases tras SMOTETomek:
target
0.0    346
1.0    346
Name: count, dtype: int64
2025-01-11 17:29:28 - INFO - Balance de clases tras SMOTETomek:
target
0.0    342
1.0    342
Name: count, dtype: int64
2025-01-11 17:29:29 - INFO - Balance de clases tras SMOTETomek:
target
0.0    344
1.0    344
Name: count, dtype: int64
2025-01-11 17:29:29 - INFO - Balance de clases tras SMOTETomek:
target
0.0    342
1.0    342
Name: count, dtype: int64
2025-01-11 17:29:29 - INFO - Balance de clases tras SMOTETomek:
target
0.0    346
1.0    346
Name: count, dtype: int64
2025-01-11 17:29:29 - INFO - Balance de clases tras SMOTETomek:
target
0.0    341
1.0    341
Name: count, dtype: int64
2025-01-11 17:29:29 - INFO - Balance de clases tras SMOTETomek:
target
0.0    344
1.0    344
Name: count, dtype: int64
2025-01-11 17:29:30 - INFO - Balance de clases tras SMOTETomek:
target
0.0    346
1.0    346
Name: count, dtype: int64
2025-01-11 17:29:30 - INFO - Balance de clases tras SMOTETomek:
target
0.0    346
1.0    346
Name: count, dtype: int64
2025-01-11 17:29:31 - INFO - Balance de clases tras SMOTETomek:
target
0.0    341
1.0    341
Name: count, dtype: int64
2025-01-11 17:29:31 - INFO - Balance de clases tras SMOTETomek:
target
0.0    342
1.0    342
Name: count, dtype: int64
2025-01-11 17:29:31 - INFO - Balance de clases tras SMOTETomek:
target
0.0    346
1.0    346
Name: count, dtype: int64
2025-01-11 17:29:31 - INFO - Balance de clases tras SMOTETomek:
target
0.0    342
1.0    342
Name: count, dtype: int64
2025-01-11 17:29:32 - INFO - Balance de clases tras SMOTETomek:
target
0.0    344
1.0    344
Name: count, dtype: int64
2025-01-11 17:29:32 - INFO - Balance de clases tras SMOTETomek:
target
0.0    346
1.0    346
Name: count, dtype: int64
2025-01-11 17:29:33 - INFO - Balance de clases tras SMOTETomek:
target
0.0    344
1.0    344
Name: count, dtype: int64
2025-01-11 17:29:33 - INFO - Balance de clases tras SMOTETomek:
target
0.0    341
1.0    341
Name: count, dtype: int64
2025-01-11 17:29:33 - INFO - Balance de clases tras SMOTETomek:
target
0.0    346
1.0    346
Name: count, dtype: int64
2025-01-11 17:29:34 - INFO - Balance de clases tras SMOTETomek:
target
0.0    346
1.0    346
Name: count, dtype: int64
2025-01-11 17:29:34 - INFO - Balance de clases tras SMOTETomek:
target
0.0    342
1.0    342
Name: count, dtype: int64
2025-01-11 17:29:35 - INFO - Balance de clases tras SMOTETomek:
target
0.0    344
1.0    344
Name: count, dtype: int64
2025-01-11 17:29:35 - INFO - Balance de clases tras SMOTETomek:
target
0.0    341
1.0    341
Name: count, dtype: int64
2025-01-11 17:29:36 - INFO - Balance de clases tras SMOTETomek:
target
0.0    346
1.0    346
Name: count, dtype: int64
2025-01-11 17:29:37 - INFO - Balance de clases tras SMOTETomek:
target
0.0    346
1.0    346
Name: count, dtype: int64
2025-01-11 17:29:37 - INFO - Balance de clases tras SMOTETomek:
target
0.0    341
1.0    341
Name: count, dtype: int64
2025-01-11 17:29:38 - INFO - Balance de clases tras SMOTETomek:
target
0.0    342
1.0    342
Name: count, dtype: int64
2025-01-11 17:29:38 - INFO - Balance de clases tras SMOTETomek:
target
0.0    346
1.0    346
Name: count, dtype: int64
2025-01-11 17:29:39 - INFO - Balance de clases tras SMOTETomek:
target
0.0    342
1.0    342
Name: count, dtype: int64
2025-01-11 17:29:39 - INFO - Balance de clases tras SMOTETomek:
target
0.0    344
1.0    344
Name: count, dtype: int64
2025-01-11 17:29:40 - INFO - Balance de clases tras SMOTETomek:
target
0.0    344
1.0    344
Name: count, dtype: int64
2025-01-11 17:29:40 - INFO - Balance de clases tras SMOTETomek:
target
0.0    346
1.0    346
Name: count, dtype: int64
2025-01-11 17:29:41 - INFO - Balance de clases tras SMOTETomek:
target
0.0    346
1.0    346
Name: count, dtype: int64
2025-01-11 17:29:41 - INFO - Balance de clases tras SMOTETomek:
target
0.0    341
1.0    341
Name: count, dtype: int64
2025-01-11 17:29:42 - INFO - Balance de clases tras SMOTETomek:
target
0.0    341
1.0    341
Name: count, dtype: int64
2025-01-11 17:29:42 - INFO - Balance de clases tras SMOTETomek:
target
0.0    346
1.0    346
Name: count, dtype: int64
2025-01-11 17:29:43 - INFO - Balance de clases tras SMOTETomek:
target
0.0    342
1.0    342
Name: count, dtype: int64
2025-01-11 17:29:43 - INFO - Balance de clases tras SMOTETomek:
target
0.0    346
1.0    346
Name: count, dtype: int64
2025-01-11 17:29:43 - INFO - Balance de clases tras SMOTETomek:
target
0.0    344
1.0    344
Name: count, dtype: int64
2025-01-11 17:29:44 - INFO - Balance de clases tras SMOTETomek:
target
0.0    342
1.0    342
Name: count, dtype: int64
2025-01-11 17:29:44 - INFO - Balance de clases tras SMOTETomek:
target
0.0    346
1.0    346
Name: count, dtype: int64
2025-01-11 17:29:44 - INFO - Balance de clases tras SMOTETomek:
target
0.0    344
1.0    344
Name: count, dtype: int64
2025-01-11 17:29:45 - INFO - Balance de clases tras SMOTETomek:
target
0.0    341
1.0    341
Name: count, dtype: int64
2025-01-11 17:29:45 - INFO - Balance de clases tras SMOTETomek:
target
0.0    346
1.0    346
Name: count, dtype: int64
2025-01-11 17:29:45 - INFO - Balance de clases tras SMOTETomek:
target
0.0    346
1.0    346
Name: count, dtype: int64
2025-01-11 17:29:45 - INFO - Balance de clases tras SMOTETomek:
target
0.0    342
1.0    342
Name: count, dtype: int64
2025-01-11 17:29:46 - INFO - Balance de clases tras SMOTETomek:
target
0.0    344
1.0    344
Name: count, dtype: int64
2025-01-11 17:29:46 - INFO - Balance de clases tras SMOTETomek:
target
0.0    341
1.0    341
Name: count, dtype: int64
2025-01-11 17:29:46 - INFO - Balance de clases tras SMOTETomek:
target
0.0    346
1.0    346
Name: count, dtype: int64
2025-01-11 17:29:46 - INFO - Balance de clases tras SMOTETomek:
target
0.0    341
1.0    341
Name: count, dtype: int64
2025-01-11 17:29:47 - INFO - Balance de clases tras SMOTETomek:
target
0.0    346
1.0    346
Name: count, dtype: int64
2025-01-11 17:29:47 - INFO - Balance de clases tras SMOTETomek:
target
0.0    346
1.0    346
Name: count, dtype: int64
2025-01-11 17:29:47 - INFO - Balance de clases tras SMOTETomek:
target
0.0    342
1.0    342
Name: count, dtype: int64
2025-01-11 17:29:48 - INFO - Balance de clases tras SMOTETomek:
target
0.0    344
1.0    344
Name: count, dtype: int64
2025-01-11 17:29:49 - INFO - Balance de clases tras SMOTETomek:
target
0.0    346
1.0    346
Name: count, dtype: int64
2025-01-11 17:29:49 - INFO - Balance de clases tras SMOTETomek:
target
0.0    342
1.0    342
Name: count, dtype: int64
2025-01-11 17:29:49 - INFO - Balance de clases tras SMOTETomek:
target
0.0    341
1.0    341
Name: count, dtype: int64
2025-01-11 17:29:50 - INFO - Balance de clases tras SMOTETomek:
target
0.0    346
1.0    346
Name: count, dtype: int64
2025-01-11 17:29:50 - INFO - Balance de clases tras SMOTETomek:
target
0.0    344
1.0    344
Name: count, dtype: int64
2025-01-11 17:29:51 - INFO - Balance de clases tras SMOTETomek:
target
0.0    342
1.0    342
Name: count, dtype: int64
2025-01-11 17:29:52 - INFO - Balance de clases tras SMOTETomek:
target
0.0    346
1.0    346
Name: count, dtype: int64
2025-01-11 17:29:53 - INFO - Balance de clases tras SMOTETomek:
target
0.0    344
1.0    344
Name: count, dtype: int64
2025-01-11 17:29:54 - INFO - Balance de clases tras SMOTETomek:
target
0.0    341
1.0    341
Name: count, dtype: int64
2025-01-11 17:29:54 - INFO - Balance de clases tras SMOTETomek:
target
0.0    346
1.0    346
Name: count, dtype: int64
2025-01-11 17:29:56 - INFO - Balance de clases tras SMOTETomek:
target
0.0    346
1.0    346
Name: count, dtype: int64
2025-01-11 17:29:56 - INFO - Balance de clases tras SMOTETomek:
target
0.0    341
1.0    341
Name: count, dtype: int64
2025-01-11 17:29:57 - INFO - Balance de clases tras SMOTETomek:
target
0.0    342
1.0    342
Name: count, dtype: int64
2025-01-11 17:29:58 - INFO - Balance de clases tras SMOTETomek:
target
0.0    346
1.0    346
Name: count, dtype: int64
2025-01-11 17:29:59 - INFO - Balance de clases tras SMOTETomek:
target
0.0    344
1.0    344
Name: count, dtype: int64
2025-01-11 17:29:59 - INFO - Balance de clases tras SMOTETomek:
target
0.0    342
1.0    342
Name: count, dtype: int64
2025-01-11 17:30:01 - INFO - Balance de clases tras SMOTETomek:
target
0.0    344
1.0    344
Name: count, dtype: int64
2025-01-11 17:30:01 - INFO - Balance de clases tras SMOTETomek:
target
0.0    346
1.0    346
Name: count, dtype: int64
2025-01-11 17:30:02 - INFO - Balance de clases tras SMOTETomek:
target
0.0    346
1.0    346
Name: count, dtype: int64
2025-01-11 17:30:02 - INFO - Balance de clases tras SMOTETomek:
target
0.0    341
1.0    341
Name: count, dtype: int64
2025-01-11 17:30:03 - INFO - Balance de clases tras SMOTETomek:
target
0.0    341
1.0    341
Name: count, dtype: int64
2025-01-11 17:30:04 - INFO - Balance de clases tras SMOTETomek:
target
0.0    346
1.0    346
Name: count, dtype: int64
2025-01-11 17:30:05 - INFO - Balance de clases tras SMOTETomek:
target
0.0    346
1.0    346
Name: count, dtype: int64
2025-01-11 17:30:06 - INFO - Balance de clases tras SMOTETomek:
target
0.0    342
1.0    342
Name: count, dtype: int64
2025-01-11 17:30:07 - INFO - Balance de clases tras SMOTETomek:
target
0.0    342
1.0    342
Name: count, dtype: int64
2025-01-11 17:30:08 - INFO - Balance de clases tras SMOTETomek:
target
0.0    344
1.0    344
Name: count, dtype: int64
2025-01-11 17:30:08 - INFO - Balance de clases tras SMOTETomek:
target
0.0    344
1.0    344
Name: count, dtype: int64
2025-01-11 17:30:10 - INFO - Balance de clases tras SMOTETomek:
target
0.0    346
1.0    346
Name: count, dtype: int64
2025-01-11 17:30:10 - INFO - Balance de clases tras SMOTETomek:
target
0.0    346
1.0    346
Name: count, dtype: int64
2025-01-11 17:30:12 - INFO - Balance de clases tras SMOTETomek:
target
0.0    341
1.0    341
Name: count, dtype: int64
2025-01-11 17:30:12 - INFO - Balance de clases tras SMOTETomek:
target
0.0    341
1.0    341
Name: count, dtype: int64
2025-01-11 17:30:14 - INFO - Balance de clases tras SMOTETomek:
target
0.0    346
1.0    346
Name: count, dtype: int64
2025-01-11 17:30:15 - INFO - Balance de clases tras SMOTETomek:
target
0.0    346
1.0    346
Name: count, dtype: int64
2025-01-11 17:30:16 - INFO - Balance de clases tras SMOTETomek:
target
0.0    342
1.0    342
Name: count, dtype: int64
2025-01-11 17:30:16 - INFO - Balance de clases tras SMOTETomek:
target
0.0    342
1.0    342
Name: count, dtype: int64
2025-01-11 17:30:18 - INFO - Balance de clases tras SMOTETomek:
target
0.0    344
1.0    344
Name: count, dtype: int64
2025-01-11 17:30:18 - INFO - Balance de clases tras SMOTETomek:
target
0.0    344
1.0    344
Name: count, dtype: int64
2025-01-11 17:30:20 - INFO - Balance de clases tras SMOTETomek:
target
0.0    346
1.0    346
Name: count, dtype: int64
2025-01-11 17:30:20 - INFO - Balance de clases tras SMOTETomek:
target
0.0    346
1.0    346
Name: count, dtype: int64
2025-01-11 17:30:22 - INFO - Balance de clases tras SMOTETomek:
target
0.0    341
1.0    341
Name: count, dtype: int64
2025-01-11 17:30:22 - INFO - Balance de clases tras SMOTETomek:
target
0.0    341
1.0    341
Name: count, dtype: int64
2025-01-11 17:30:24 - INFO - Balance de clases tras SMOTETomek:
target
0.0    346
1.0    346
Name: count, dtype: int64
2025-01-11 17:30:24 - INFO - Balance de clases tras SMOTETomek:
target
0.0    346
1.0    346
Name: count, dtype: int64
2025-01-11 17:30:26 - INFO - Balance de clases tras SMOTETomek:
target
0.0    342
1.0    342
Name: count, dtype: int64
2025-01-11 17:30:26 - INFO - Balance de clases tras SMOTETomek:
target
0.0    342
1.0    342
Name: count, dtype: int64
2025-01-11 17:30:28 - INFO - Balance de clases tras SMOTETomek:
target
0.0    344
1.0    344
Name: count, dtype: int64
2025-01-11 17:30:28 - INFO - Balance de clases tras SMOTETomek:
target
0.0    344
1.0    344
Name: count, dtype: int64
2025-01-11 17:30:29 - INFO - Balance de clases tras SMOTETomek:
target
0.0    346
1.0    346
Name: count, dtype: int64
2025-01-11 17:30:30 - INFO - Balance de clases tras SMOTETomek:
target
0.0    346
1.0    346
Name: count, dtype: int64
2025-01-11 17:30:31 - INFO - Balance de clases tras SMOTETomek:
target
0.0    341
1.0    341
Name: count, dtype: int64
2025-01-11 17:30:32 - INFO - Balance de clases tras SMOTETomek:
target
0.0    341
1.0    341
Name: count, dtype: int64
2025-01-11 17:30:33 - INFO - Balance de clases tras SMOTETomek:
target
0.0    346
1.0    346
Name: count, dtype: int64
2025-01-11 17:30:34 - INFO - Balance de clases tras SMOTETomek:
target
0.0    346
1.0    346
Name: count, dtype: int64
2025-01-11 17:30:34 - INFO - Balance de clases tras SMOTETomek:
target
0.0    342
1.0    342
Name: count, dtype: int64
2025-01-11 17:30:35 - INFO - Balance de clases tras SMOTETomek:
target
0.0    342
1.0    342
Name: count, dtype: int64
2025-01-11 17:30:35 - INFO - Balance de clases tras SMOTETomek:
target
0.0    344
1.0    344
Name: count, dtype: int64
2025-01-11 17:30:36 - INFO - Balance de clases tras SMOTETomek:
target
0.0    344
1.0    344
Name: count, dtype: int64
2025-01-11 17:30:36 - INFO - Balance de clases tras SMOTETomek:
target
0.0    346
1.0    346
Name: count, dtype: int64
2025-01-11 17:30:37 - INFO - Balance de clases tras SMOTETomek:
target
0.0    346
1.0    346
Name: count, dtype: int64
2025-01-11 17:30:38 - INFO - Balance de clases tras SMOTETomek:
target
0.0    341
1.0    341
Name: count, dtype: int64
2025-01-11 17:30:39 - INFO - Balance de clases tras SMOTETomek:
target
0.0    341
1.0    341
Name: count, dtype: int64
2025-01-11 17:30:39 - INFO - Balance de clases tras SMOTETomek:
target
0.0    346
1.0    346
Name: count, dtype: int64
2025-01-11 17:30:40 - INFO - Balance de clases tras SMOTETomek:
target
0.0    346
1.0    346
Name: count, dtype: int64
2025-01-11 17:30:40 - INFO - Balance de clases tras SMOTETomek:
target
0.0    342
1.0    342
Name: count, dtype: int64
2025-01-11 17:30:41 - INFO - Balance de clases tras SMOTETomek:
target
0.0    344
1.0    344
Name: count, dtype: int64
2025-01-11 17:30:41 - INFO - Balance de clases tras SMOTETomek:
target
0.0    342
1.0    342
Name: count, dtype: int64
2025-01-11 17:30:42 - INFO - Balance de clases tras SMOTETomek:
target
0.0    346
1.0    346
Name: count, dtype: int64
2025-01-11 17:30:43 - INFO - Balance de clases tras SMOTETomek:
target
0.0    344
1.0    344
Name: count, dtype: int64
2025-01-11 17:30:43 - INFO - Balance de clases tras SMOTETomek:
target
0.0    341
1.0    341
Name: count, dtype: int64
2025-01-11 17:30:45 - INFO - Balance de clases tras SMOTETomek:
target
0.0    346
1.0    346
Name: count, dtype: int64
2025-01-11 17:30:48 - INFO - Balance de clases tras SMOTETomek:
target
0.0    341
1.0    341
Name: count, dtype: int64
2025-01-11 17:30:49 - INFO - Mejor Precision: 0.7799
2025-01-11 17:30:49 - INFO - Mejores parámetros: {'max_depth': 8, 'learning_rate': 0.01018726623925828, 'n_estimators': 484, 'subsample': 0.9915015202668475, 'colsample_bytree': 0.8526313584269931, 'gamma': 0.2860309794121665, 'reg_alpha': 0.045604545129379837, 'reg_lambda': 0.0227212215200972}
2025-01-11 17:30:49 - INFO - === Entrenando Pipeline Final con TODO el Training ===
2025-01-11 17:30:49 - INFO - Columnas extra eliminadas: ['future_close', 'change_pct']
2025-01-11 17:30:49 - WARNING - Estas columnas están 100% NaN y se eliminarán antes de imputar: ['VWAP', 'ATR']
2025-01-11 17:30:49 - INFO - Dataset preparado: 2095 filas, 21 features (después de imputación).
2025-01-11 17:30:49 - INFO - Balance de clases tras SMOTETomek:
target
0.0    1073
1.0    1073
Name: count, dtype: int64
2025-01-11 17:30:52 - INFO - Pipeline final entrenado con TODOS los datos de entrenamiento.
2025-01-11 17:30:52 - INFO - Pipeline completo guardado en: ./results/XGBoost_Binario_trained_pipeline.joblib
2025-01-11 17:30:52 - INFO - Parámetros guardados en: ./results/XGBoost_Binario_model_params.txt
2025-01-11 17:30:52 - INFO - Lista de features guardada en: ./results/XGBoost_Binario_feature_cols.txt
2025-01-11 17:30:52 - INFO - Columnas de indicadores existentes eliminadas: ['RSI', 'MACD', 'MACDs', 'MACDh', 'VWAP', 'OBV', 'BBL', 'BBM', 'BBU', 'ATR', 'STOCHk', 'STOCHd', 'CCI', 'SMA_10', 'SMA_50', 'SMA_200', 'EMA_10', 'EMA_50']
2025-01-11 17:30:52 - INFO - Indicadores técnicos agregados. Filas antes: 898, después: 699 (descartadas: 199)
2025-01-11 17:30:52 - INFO - Columnas renombradas: {'RSI_14': 'RSI', 'MACD_12_26_9': 'MACD', 'MACDs_12_26_9': 'MACDs', 'MACDh_12_26_9': 'MACDh', 'VWAP': 'VWAP', 'BBL_20_2.0': 'BBL', 'BBM_20_2.0': 'BBM', 'BBU_20_2.0': 'BBU', 'ATR_14': 'ATR', 'STOCHk_14_3_3': 'STOCHk', 'STOCHd_14_3_3': 'STOCHd', 'CCI_14_0.015': 'CCI', 'SMA_10': 'SMA_10', 'SMA_50': 'SMA_50', 'SMA_200': 'SMA_200', 'EMA_10': 'EMA_10', 'EMA_50': 'EMA_50'}
2025-01-11 17:30:52 - WARNING - Columna faltante 'VWAP' añadida con NaN.
2025-01-11 17:30:52 - WARNING - Columna faltante 'ATR' añadida con NaN.
2025-01-11 17:30:52 - INFO - Target binario con look_ahead=4, min_change=0.03
2025-01-11 17:30:52 - INFO - Distribución de clases (0=Vender, 1=Comprar):
target
1.0    261
0.0    259
Name: count, dtype: int64
2025-01-11 17:30:52 - INFO - Muestra de datos con target:
                        close  future_close  change_pct  target
open_time                                                      
2022-11-10 12:45:00  16672.03      17786.53    0.066848     1.0
2021-05-20 01:00:00  36038.12      39738.41    0.102677     1.0
2021-09-26 08:30:00  41309.53      44912.33    0.087215     1.0
2022-06-15 17:30:00  20730.00      21903.71    0.056619     1.0
2024-08-05 05:30:00  53144.34      49804.00   -0.062854     0.0
2024-02-14 08:30:00  49855.51      63690.12    0.277494     1.0
2021-05-19 13:15:00  33601.85      35572.30    0.058641     1.0
2022-09-06 16:45:00  19747.25      22522.74    0.140551     1.0
2024-01-11 15:00:00  48038.63      51925.89    0.080919     1.0
2021-05-21 14:00:00  40565.44      35195.24   -0.132384     0.0
2025-01-11 17:30:52 - INFO - Columnas extra eliminadas: ['change_pct', 'future_close']
2025-01-11 17:30:52 - WARNING - Estas columnas están 100% NaN y se eliminarán antes de imputar: ['VWAP', 'ATR']
2025-01-11 17:30:52 - INFO - Dataset preparado: 520 filas, 21 features (después de imputación).
2025-01-11 17:30:52 - INFO - === Evaluación en Test ===
2025-01-11 17:30:52 - INFO - Matriz de confusión [0=Vender, 1=Comprar]:
[[147 112]
 [133 128]]
2025-01-11 17:30:52 - INFO - Reporte de Clasificación:
              precision    recall  f1-score   support

      Vender       0.53      0.57      0.55       259
     Comprar       0.53      0.49      0.51       261

    accuracy                           0.53       520
   macro avg       0.53      0.53      0.53       520
weighted avg       0.53      0.53      0.53       520

2025-01-11 17:30:52 - INFO - Precision: 0.5333
2025-01-11 17:30:52 - INFO - F1-score: 0.5110
2025-01-11 17:30:52 - INFO - Recall: 0.4904
2025-01-11 17:30:52 - INFO - Balanced Accuracy: 0.5290
2025-01-11 17:30:52 - INFO - MCC: 0.0582
2025-01-11 17:30:52 - INFO - AUC: 0.4905
2025-01-11 17:30:54 - INFO - Precision final en Test: 0.5333
2025-01-11 17:30:54 - INFO - Importancia de características guardada en ./results/feature_importances_binary.csv.
2025-01-11 17:30:55 - INFO - Gráfico de importancia de características guardado.
2025-01-11 17:30:56 - INFO - Calculando valores SHAP...
2025-01-11 17:30:58 - INFO - SHAP analysis completado y guardado.
2025-01-11 17:30:58 - INFO - Señales generadas con umbral=0.76
2025-01-11 17:30:58 - INFO - Señales filtradas por tendencia.
2025-01-11 17:30:58 - INFO - Señales guardadas en: ./results/signals_binary.csv
2025-01-11 17:30:58 - INFO - === Proceso Completado con Éxito ===
