2024-12-27 20:10:49 - INFO - Datos cargados desde ML/data/processed/BTCUSDT_15m_processed.csv, filas: 245845
2024-12-27 20:10:49 - INFO - === Iniciando Entrenamiento con Optuna ===
2024-12-27 20:10:51 - INFO - Target generado con look_ahead=3, lower_pct=6, upper_pct=86
2024-12-27 20:10:51 - INFO - Umbral inferior=-0.009720, umbral superior=0.005319
2024-12-27 20:10:51 - INFO - Distribución de clases:
target
0    127836
2     22372
1      9588
Name: count, dtype: int64
2024-12-27 20:10:52 - INFO - Eliminados 199 registros con NaNs.
2024-12-27 20:10:52 - INFO - Columnas eliminadas por correlación > 0.7: ['ATR_14', 'CCI_14', 'price_momentum_volatility', 'EMA_diff_5_20', 'SMA_14', 'STDDEV_14', 'min_14', 'max_14', 'SMA_59', 'STDDEV_59', 'min_59', 'max_59', 'SMA_90', 'STDDEV_90', 'min_90', 'max_90']
2024-12-27 20:19:56 - INFO - Target generado con look_ahead=4, lower_pct=6, upper_pct=88
2024-12-27 20:19:56 - INFO - Umbral inferior=-0.011218, umbral superior=0.006946
2024-12-27 20:19:56 - INFO - Distribución de clases:
target
0    131031
2     19176
1      9588
Name: count, dtype: int64
2024-12-27 20:19:56 - INFO - Eliminados 199 registros con NaNs.
2024-12-27 20:19:56 - INFO - Columnas eliminadas por correlación > 0.7999999999999999: ['EMA_diff_5_20', 'SMA_18', 'STDDEV_18', 'min_18', 'max_18', 'SMA_43', 'STDDEV_43', 'min_43', 'max_43', 'SMA_72', 'STDDEV_72', 'min_72', 'max_72']
2024-12-27 20:22:29 - INFO - Target generado con look_ahead=1, lower_pct=12, upper_pct=89
2024-12-27 20:22:29 - INFO - Umbral inferior=-0.003433, umbral superior=0.003773
2024-12-27 20:22:29 - INFO - Distribución de clases:
target
0    123044
1     19176
2     17578
Name: count, dtype: int64
2024-12-27 20:22:29 - INFO - Eliminados 199 registros con NaNs.
2024-12-27 20:22:29 - INFO - Columnas eliminadas por correlación > 0.7: ['ATR_14', 'CCI_14', 'price_momentum_volatility', 'EMA_diff_5_20', 'SMA_30', 'STDDEV_30', 'min_30', 'max_30', 'SMA_55', 'STDDEV_55', 'min_55', 'max_55', 'SMA_73', 'STDDEV_73', 'min_73', 'max_73']
