2025-01-03 01:20:28 - INFO - Datos cargados desde ML/data/processed/BTCUSDT_15m_processed.csv, filas: 251947
2025-01-03 01:20:28 - INFO - Columnas de indicadores técnicos existentes eliminadas: ['OBV']
2025-01-03 01:20:29 - INFO - Indicadores técnicos agregados al DataFrame. Filas antes: 251947, después: 251898
2025-01-03 01:20:29 - INFO - Columnas después de agregar indicadores técnicos: ['open', 'high', 'low', 'close', 'volume', 'close_time', 'quote_asset_volume', 'number_of_trades', 'taker_buy_base_asset_volume', 'taker_buy_quote_asset_volume', 'ignore', 'RSI_14', 'MACD_12_26_9', 'MACDh_12_26_9', 'MACDs_12_26_9', 'SMA_10', 'SMA_50', 'EMA_10', 'EMA_50', 'VWAP_D', 'BBL_20_2.0', 'BBM_20_2.0', 'BBU_20_2.0', 'BBB_20_2.0', 'BBP_20_2.0', 'ATRr_14', 'STOCHk_14_3_3', 'STOCHd_14_3_3', 'CCI_14_0.015', 'hour_of_day', 'day_of_week', 'is_weekend', 'RSI_14_', 'MACD_12_26_9_', 'MACDh_12_26_9_', 'MACDs_12_26_9_', 'SMA_10_', 'SMA_50_', 'EMA_10_', 'EMA_50_', 'VWAP_D_', 'OBV_', 'BBL_20_2.0_', 'BBM_20_2.0_', 'BBU_20_2.0_', 'BBB_20_2.0_', 'BBP_20_2.0_', 'ATRr_14_', 'STOCHk_14_3_3_', 'STOCHd_14_3_3_', 'CCI_14_0.015_']
2025-01-03 01:20:29 - INFO - Columnas renombradas: {'RSI_14': 'RSI', 'RSI_14_': 'RSI_', 'MACD_12_26_9': 'MACD', 'MACD_12_26_9_': 'MACD_', 'MACDh_12_26_9': 'MACDh', 'MACDh_12_26_9_': 'MACDh_', 'MACDs_12_26_9': 'MACDs', 'MACDs_12_26_9_': 'MACDs_', 'VWAP_D': 'VWAP', 'VWAP_D_': 'VWAP_', 'BBL_20_2.0': 'BBL', 'BBL_20_2.0_': 'BBL_', 'BBM_20_2.0': 'BBM', 'BBM_20_2.0_': 'BBM_', 'BBU_20_2.0': 'BBU', 'BBU_20_2.0_': 'BBU_', 'ATRr_14': 'ATR', 'ATRr_14_': 'ATR_', 'STOCHk_14_3_3': 'STOCHk', 'STOCHk_14_3_3_': 'STOCHk_', 'STOCHd_14_3_3': 'STOCHd', 'STOCHd_14_3_3_': 'STOCHd_', 'CCI_14_0.015': 'CCI', 'CCI_14_0.015_': 'CCI_'}
2025-01-03 01:20:29 - INFO - Columnas duplicadas eliminadas: ['RSI_', 'MACD_', 'MACDh_', 'MACDs_', 'SMA_10_', 'SMA_50_', 'EMA_10_', 'EMA_50_', 'VWAP_', 'OBV_', 'BBL_', 'BBM_', 'BBU_', 'BBB_20_2.0_', 'BBP_20_2.0_', 'ATR_', 'STOCHk_', 'STOCHd_', 'CCI_']
2025-01-03 01:20:29 - WARNING - La columna 'OBV' no está presente después de agregar indicadores. Añadiendo 'OBV' con valor 0.
2025-01-03 01:20:29 - INFO - Target binario mejorado con look_ahead=44, min_change=0.007, max_change=0.15
2025-01-03 01:20:29 - INFO - Distribución de clases (0/1):
target
0    173762
1     77843
Name: count, dtype: int64
2025-01-03 01:20:29 - INFO - División de datos en train y test completada.
2025-01-03 01:20:29 - INFO - === Buscando hiperparámetros (Optuna) en una muestra del training ===
2025-01-03 01:20:29 - INFO - Características utilizadas: ['open', 'high', 'low', 'close', 'volume', 'hour_of_day', 'day_of_week', 'is_weekend', 'RSI', 'MACD', 'MACDs', 'MACDh', 'SMA_10', 'SMA_50', 'EMA_10', 'EMA_50', 'VWAP', 'OBV', 'BBL', 'BBM', 'BBU', 'ATR', 'STOCHk', 'STOCHd', 'CCI']
2025-01-03 01:20:29 - INFO - No se han identificado características categóricas.
2025-01-03 01:20:29 - INFO - Columnas presentes en el DataFrame: ['open', 'high', 'low', 'close', 'volume', 'close_time', 'quote_asset_volume', 'number_of_trades', 'taker_buy_base_asset_volume', 'taker_buy_quote_asset_volume', 'ignore', 'RSI', 'MACD', 'MACDh', 'MACDs', 'SMA_10', 'SMA_50', 'EMA_10', 'EMA_50', 'VWAP', 'BBL', 'BBM', 'BBU', 'BBB_20_2.0', 'BBP_20_2.0', 'ATR', 'STOCHk', 'STOCHd', 'CCI', 'hour_of_day', 'day_of_week', 'is_weekend', 'OBV', 'future_close', 'change_pct', 'target']
2025-01-03 01:20:29 - INFO - Columnas eliminadas durante la preparación: ['close_time', 'quote_asset_volume', 'number_of_trades', 'taker_buy_base_asset_volume', 'taker_buy_quote_asset_volume', 'ignore', 'BBB_20_2.0', 'BBP_20_2.0', 'future_close', 'change_pct']
2025-01-03 01:20:29 - INFO - Conjunto de datos preparado con 56359 filas y 25 características.
2025-01-03 01:20:29 - INFO - Tipo de y_train_sample: <class 'pandas.core.series.Series'>
2025-01-03 01:20:29 - INFO - Shape de y_train_sample: (56359,)
2025-01-03 01:20:30 - INFO - Después de SMOTE: target
0    5197
1    5197
Name: count, dtype: int64
2025-01-03 01:20:30 - INFO - Después de SMOTE: target
0    5197
1    5197
Name: count, dtype: int64
2025-01-03 01:20:31 - INFO - Después de SMOTE: target
0    10081
1    10081
Name: count, dtype: int64
2025-01-03 01:20:31 - INFO - Después de SMOTE: target
0    10081
1    10081
Name: count, dtype: int64
2025-01-03 01:20:32 - INFO - Después de SMOTE: target
0    16167
1    16167
Name: count, dtype: int64
2025-01-03 01:20:33 - INFO - Después de SMOTE: target
0    16167
1    16167
Name: count, dtype: int64
2025-01-03 01:20:34 - INFO - Después de SMOTE: target
0    22663
1    22663
Name: count, dtype: int64
2025-01-03 01:20:35 - INFO - Después de SMOTE: target
0    22663
1    22663
Name: count, dtype: int64
2025-01-03 01:20:37 - INFO - Después de SMOTE: target
0    30014
1    30014
Name: count, dtype: int64
2025-01-03 01:20:39 - INFO - Después de SMOTE: target
0    30014
1    30014
Name: count, dtype: int64
2025-01-03 01:20:40 - INFO - Después de SMOTE: target
0    5197
1    5197
Name: count, dtype: int64
2025-01-03 01:20:40 - INFO - Después de SMOTE: target
0    10081
1    10081
Name: count, dtype: int64
2025-01-03 01:20:42 - INFO - Después de SMOTE: target
0    5197
1    5197
Name: count, dtype: int64
2025-01-03 01:20:42 - INFO - Después de SMOTE: target
0    16167
1    16167
Name: count, dtype: int64
2025-01-03 01:20:43 - INFO - Después de SMOTE: target
0    10081
1    10081
Name: count, dtype: int64
2025-01-03 01:20:44 - INFO - Después de SMOTE: target
0    22663
1    22663
Name: count, dtype: int64
2025-01-03 01:20:45 - INFO - Después de SMOTE: target
0    16167
1    16167
Name: count, dtype: int64
2025-01-03 01:20:46 - INFO - Después de SMOTE: target
0    30014
1    30014
Name: count, dtype: int64
2025-01-03 01:20:47 - INFO - Después de SMOTE: target
0    5197
1    5197
Name: count, dtype: int64
2025-01-03 01:20:48 - INFO - Después de SMOTE: target
0    22663
1    22663
Name: count, dtype: int64
2025-01-03 01:20:49 - INFO - Después de SMOTE: target
0    10081
1    10081
Name: count, dtype: int64
2025-01-03 01:20:51 - INFO - Después de SMOTE: target
0    16167
1    16167
Name: count, dtype: int64
2025-01-03 01:20:51 - INFO - Después de SMOTE: target
0    30014
1    30014
Name: count, dtype: int64
2025-01-03 01:20:53 - INFO - Después de SMOTE: target
0    22663
1    22663
Name: count, dtype: int64
2025-01-03 01:20:53 - INFO - Después de SMOTE: target
0    5197
1    5197
Name: count, dtype: int64
2025-01-03 01:20:54 - INFO - Después de SMOTE: target
0    10081
1    10081
Name: count, dtype: int64
2025-01-03 01:20:56 - INFO - Después de SMOTE: target
0    30014
1    30014
Name: count, dtype: int64
2025-01-03 01:20:57 - INFO - Después de SMOTE: target
0    16167
1    16167
Name: count, dtype: int64
2025-01-03 01:20:58 - INFO - Después de SMOTE: target
0    5197
1    5197
Name: count, dtype: int64
2025-01-03 01:20:59 - INFO - Después de SMOTE: target
0    22663
1    22663
Name: count, dtype: int64
2025-01-03 01:21:00 - INFO - Después de SMOTE: target
0    10081
1    10081
Name: count, dtype: int64
2025-01-03 01:21:01 - INFO - Después de SMOTE: target
0    16167
1    16167
Name: count, dtype: int64
2025-01-03 01:21:04 - INFO - Después de SMOTE: target
0    22663
1    22663
Name: count, dtype: int64
2025-01-03 01:21:04 - INFO - Después de SMOTE: target
0    30014
1    30014
Name: count, dtype: int64
2025-01-03 01:21:06 - INFO - Después de SMOTE: target
0    30014
1    30014
Name: count, dtype: int64
2025-01-03 01:21:07 - INFO - Después de SMOTE: target
0    5197
1    5197
Name: count, dtype: int64
2025-01-03 01:21:08 - INFO - Después de SMOTE: target
0    5197
1    5197
Name: count, dtype: int64
2025-01-03 01:21:09 - INFO - Después de SMOTE: target
0    10081
1    10081
Name: count, dtype: int64
2025-01-03 01:21:09 - INFO - Después de SMOTE: target
0    10081
1    10081
Name: count, dtype: int64
2025-01-03 01:21:10 - INFO - Después de SMOTE: target
0    16167
1    16167
Name: count, dtype: int64
2025-01-03 01:21:12 - INFO - Después de SMOTE: target
0    16167
1    16167
Name: count, dtype: int64
2025-01-03 01:21:14 - INFO - Después de SMOTE: target
0    22663
1    22663
Name: count, dtype: int64
2025-01-03 01:21:16 - INFO - Después de SMOTE: target
0    30014
1    30014
Name: count, dtype: int64
2025-01-03 01:21:17 - INFO - Después de SMOTE: target
0    22663
1    22663
Name: count, dtype: int64
2025-01-03 01:21:18 - INFO - Después de SMOTE: target
0    5197
1    5197
Name: count, dtype: int64
2025-01-03 01:21:19 - INFO - Después de SMOTE: target
0    10081
1    10081
Name: count, dtype: int64
2025-01-03 01:21:20 - INFO - Después de SMOTE: target
0    30014
1    30014
Name: count, dtype: int64
2025-01-03 01:21:21 - INFO - Después de SMOTE: target
0    16167
1    16167
Name: count, dtype: int64
2025-01-03 01:21:23 - INFO - Después de SMOTE: target
0    22663
1    22663
Name: count, dtype: int64
2025-01-03 01:21:25 - INFO - Después de SMOTE: target
0    5197
1    5197
Name: count, dtype: int64
2025-01-03 01:21:26 - INFO - Después de SMOTE: target
0    30014
1    30014
Name: count, dtype: int64
2025-01-03 01:21:27 - INFO - Después de SMOTE: target
0    10081
1    10081
Name: count, dtype: int64
2025-01-03 01:21:28 - INFO - Después de SMOTE: target
0    5197
1    5197
Name: count, dtype: int64
2025-01-03 01:21:29 - INFO - Después de SMOTE: target
0    16167
1    16167
Name: count, dtype: int64
2025-01-03 01:21:30 - INFO - Después de SMOTE: target
0    10081
1    10081
Name: count, dtype: int64
2025-01-03 01:21:32 - INFO - Después de SMOTE: target
0    22663
1    22663
Name: count, dtype: int64
2025-01-03 01:21:33 - INFO - Después de SMOTE: target
0    16167
1    16167
Name: count, dtype: int64
2025-01-03 01:21:34 - INFO - Después de SMOTE: target
0    30014
1    30014
Name: count, dtype: int64
2025-01-03 01:21:38 - INFO - Después de SMOTE: target
0    22663
1    22663
Name: count, dtype: int64
2025-01-03 01:21:38 - INFO - Después de SMOTE: target
0    5197
1    5197
Name: count, dtype: int64
2025-01-03 01:21:40 - INFO - Después de SMOTE: target
0    10081
1    10081
Name: count, dtype: int64
2025-01-03 01:21:42 - INFO - Después de SMOTE: target
0    16167
1    16167
Name: count, dtype: int64
2025-01-03 01:21:44 - INFO - Después de SMOTE: target
0    30014
1    30014
Name: count, dtype: int64
2025-01-03 01:21:46 - INFO - Después de SMOTE: target
0    22663
1    22663
Name: count, dtype: int64
2025-01-03 01:21:49 - INFO - Después de SMOTE: target
0    5197
1    5197
Name: count, dtype: int64
2025-01-03 01:21:49 - INFO - Después de SMOTE: target
0    30014
1    30014
Name: count, dtype: int64
2025-01-03 01:21:50 - INFO - Después de SMOTE: target
0    10081
1    10081
Name: count, dtype: int64
2025-01-03 01:21:52 - INFO - Después de SMOTE: target
0    5197
1    5197
Name: count, dtype: int64
2025-01-03 01:21:52 - INFO - Después de SMOTE: target
0    16167
1    16167
Name: count, dtype: int64
2025-01-03 01:21:53 - INFO - Después de SMOTE: target
0    10081
1    10081
Name: count, dtype: int64
2025-01-03 01:21:55 - INFO - Después de SMOTE: target
0    22663
1    22663
Name: count, dtype: int64
2025-01-03 01:21:55 - INFO - Después de SMOTE: target
0    16167
1    16167
Name: count, dtype: int64
2025-01-03 01:21:58 - INFO - Después de SMOTE: target
0    30014
1    30014
Name: count, dtype: int64
2025-01-03 01:21:58 - INFO - Después de SMOTE: target
0    22663
1    22663
Name: count, dtype: int64
2025-01-03 01:22:01 - INFO - Después de SMOTE: target
0    5197
1    5197
Name: count, dtype: int64
2025-01-03 01:22:02 - INFO - Después de SMOTE: target
0    30014
1    30014
Name: count, dtype: int64
2025-01-03 01:22:02 - INFO - Después de SMOTE: target
0    10081
1    10081
Name: count, dtype: int64
