2025-01-20 20:54:56 - INFO - Datos cargados desde ML/data/processed/BTCUSDT_15m_processed.csv, filas: 254923
2025-01-20 20:54:57 - INFO - Columnas de indicadores existentes eliminadas: ['RSI', 'MACD', 'MACDs', 'MACDh', 'OBV', 'BBL', 'BBM', 'BBU', 'SMA_10', 'SMA_50', 'EMA_10', 'EMA_50']
2025-01-20 20:54:58 - INFO - Indicadores técnicos agregados. Filas antes: 254923, después: 254724 (descartadas: 199)
2025-01-20 20:54:58 - INFO - Columnas renombradas: {'RSI_14': 'RSI', 'MACD_12_26_9': 'MACD', 'MACDs_12_26_9': 'MACDs', 'MACDh_12_26_9': 'MACDh', 'VWAP': 'VWAP', 'BBL_20_2.0': 'BBL', 'BBM_20_2.0': 'BBM', 'BBU_20_2.0': 'BBU', 'ATR_14': 'ATR', 'STOCHk_14_3_3': 'STOCHk', 'STOCHd_14_3_3': 'STOCHd', 'CCI_14_0.015': 'CCI', 'SMA_10': 'SMA_10', 'SMA_50': 'SMA_50', 'SMA_200': 'SMA_200', 'EMA_10': 'EMA_10', 'EMA_50': 'EMA_50'}
2025-01-20 20:54:58 - WARNING - Columna faltante 'VWAP' añadida con NaN.
2025-01-20 20:54:58 - WARNING - Columna faltante 'ATR' añadida con NaN.
2025-01-20 20:54:58 - INFO - Target binario con look_ahead=4, min_change=0.031
2025-01-20 20:54:58 - INFO - Distribución de clases (0=Vender, 1=Comprar):
target
0.0    1460
1.0    1283
Name: count, dtype: int64
2025-01-20 20:54:58 - INFO - Muestra de datos con target:
                        close  future_close  change_pct  target
open_time                                                      
2018-12-07 18:30:00   3255.95       3471.19    0.066107     1.0
2018-04-25 03:30:00   9591.88       9260.07   -0.034593     0.0
2021-02-23 07:45:00  49640.33      46565.18   -0.061949     0.0
2017-12-22 00:00:00  15560.22      14736.92   -0.052911     0.0
2019-06-22 01:00:00  10147.86      10521.85    0.036854     1.0
2020-02-19 21:15:00  10070.00       9663.33   -0.040384     0.0
2018-01-30 23:45:00  10237.51       9829.99   -0.039807     0.0
2019-06-04 16:30:00   7915.64       7643.53   -0.034376     0.0
2024-05-01 06:45:00  59529.94      57499.99   -0.034100     0.0
2018-02-27 07:30:00  10344.17      10695.51    0.033965     1.0
2025-01-20 20:54:58 - INFO - División de datos en Train/Test completada.
2025-01-20 20:54:58 - INFO - === Búsqueda de hiperparámetros (Optuna) en muestra de Training ===
2025-01-20 20:54:58 - INFO - No se han identificado características categóricas.
2025-01-20 20:54:58 - INFO - Columnas extra eliminadas: ['future_close', 'change_pct']
2025-01-20 20:54:58 - WARNING - Estas columnas están 100% NaN y se eliminarán antes de imputar: ['VWAP', 'ATR']
2025-01-20 20:54:58 - INFO - Dataset preparado: 1692 filas, 21 features (después de imputación).
2025-01-20 20:54:58 - INFO - Balance de clases tras SMOTETomek:
target
0.0    697
1.0    697
Name: count, dtype: int64
2025-01-20 20:54:58 - INFO - Balance de clases tras SMOTETomek:
target
0.0    697
1.0    697
Name: count, dtype: int64
2025-01-20 20:54:59 - INFO - Balance de clases tras SMOTETomek:
target
0.0    696
1.0    696
Name: count, dtype: int64
2025-01-20 20:54:59 - INFO - Balance de clases tras SMOTETomek:
target
0.0    696
1.0    696
Name: count, dtype: int64
2025-01-20 20:55:00 - INFO - Balance de clases tras SMOTETomek:
target
0.0    704
1.0    704
Name: count, dtype: int64
2025-01-20 20:55:00 - INFO - Balance de clases tras SMOTETomek:
target
0.0    696
1.0    696
Name: count, dtype: int64
2025-01-20 20:55:00 - INFO - Balance de clases tras SMOTETomek:
target
0.0    698
1.0    698
Name: count, dtype: int64
2025-01-20 20:55:00 - INFO - Balance de clases tras SMOTETomek:
target
0.0    697
1.0    697
Name: count, dtype: int64
2025-01-20 20:55:01 - INFO - Balance de clases tras SMOTETomek:
target
0.0    696
1.0    696
Name: count, dtype: int64
2025-01-20 20:55:01 - INFO - Balance de clases tras SMOTETomek:
target
0.0    696
1.0    696
Name: count, dtype: int64
2025-01-20 20:55:02 - INFO - Balance de clases tras SMOTETomek:
target
0.0    696
1.0    696
Name: count, dtype: int64
2025-01-20 20:55:03 - INFO - Balance de clases tras SMOTETomek:
target
0.0    704
1.0    704
Name: count, dtype: int64
2025-01-20 20:55:03 - INFO - Balance de clases tras SMOTETomek:
target
0.0    704
1.0    704
Name: count, dtype: int64
2025-01-20 20:55:04 - INFO - Balance de clases tras SMOTETomek:
target
0.0    698
1.0    698
Name: count, dtype: int64
2025-01-20 20:55:04 - INFO - Balance de clases tras SMOTETomek:
target
0.0    698
1.0    698
Name: count, dtype: int64
2025-01-20 20:55:04 - INFO - Balance de clases tras SMOTETomek:
target
0.0    697
1.0    697
Name: count, dtype: int64
2025-01-20 20:55:05 - INFO - Balance de clases tras SMOTETomek:
target
0.0    696
1.0    696
Name: count, dtype: int64
2025-01-20 20:55:05 - INFO - Balance de clases tras SMOTETomek:
target
0.0    696
1.0    696
Name: count, dtype: int64
2025-01-20 20:55:06 - INFO - Balance de clases tras SMOTETomek:
target
0.0    697
1.0    697
Name: count, dtype: int64
2025-01-20 20:55:06 - INFO - Balance de clases tras SMOTETomek:
target
0.0    704
1.0    704
Name: count, dtype: int64
2025-01-20 20:55:06 - INFO - Balance de clases tras SMOTETomek:
target
0.0    698
1.0    698
Name: count, dtype: int64
2025-01-20 20:55:07 - INFO - Balance de clases tras SMOTETomek:
target
0.0    697
1.0    697
Name: count, dtype: int64
2025-01-20 20:55:07 - INFO - Balance de clases tras SMOTETomek:
target
0.0    696
1.0    696
Name: count, dtype: int64
2025-01-20 20:55:08 - INFO - Balance de clases tras SMOTETomek:
target
0.0    696
1.0    696
Name: count, dtype: int64
2025-01-20 20:55:09 - INFO - Balance de clases tras SMOTETomek:
target
0.0    696
1.0    696
Name: count, dtype: int64
2025-01-20 20:55:09 - INFO - Balance de clases tras SMOTETomek:
target
0.0    696
1.0    696
Name: count, dtype: int64
2025-01-20 20:55:10 - INFO - Balance de clases tras SMOTETomek:
target
0.0    704
1.0    704
Name: count, dtype: int64
2025-01-20 20:55:10 - INFO - Balance de clases tras SMOTETomek:
target
0.0    704
1.0    704
Name: count, dtype: int64
2025-01-20 20:55:11 - INFO - Balance de clases tras SMOTETomek:
target
0.0    698
1.0    698
Name: count, dtype: int64
2025-01-20 20:55:12 - INFO - Balance de clases tras SMOTETomek:
target
0.0    697
1.0    697
Name: count, dtype: int64
2025-01-20 20:55:12 - INFO - Balance de clases tras SMOTETomek:
target
0.0    698
1.0    698
Name: count, dtype: int64
2025-01-20 20:55:12 - INFO - Balance de clases tras SMOTETomek:
target
0.0    696
1.0    696
Name: count, dtype: int64
2025-01-20 20:55:12 - INFO - Balance de clases tras SMOTETomek:
target
0.0    696
1.0    696
Name: count, dtype: int64
2025-01-20 20:55:13 - INFO - Balance de clases tras SMOTETomek:
target
0.0    704
1.0    704
Name: count, dtype: int64
2025-01-20 20:55:13 - INFO - Balance de clases tras SMOTETomek:
target
0.0    698
1.0    698
Name: count, dtype: int64
2025-01-20 20:55:13 - INFO - Balance de clases tras SMOTETomek:
target
0.0    697
1.0    697
Name: count, dtype: int64
2025-01-20 20:55:14 - INFO - Balance de clases tras SMOTETomek:
target
0.0    697
1.0    697
Name: count, dtype: int64
2025-01-20 20:55:15 - INFO - Balance de clases tras SMOTETomek:
target
0.0    696
1.0    696
Name: count, dtype: int64
2025-01-20 20:55:15 - INFO - Balance de clases tras SMOTETomek:
target
0.0    696
1.0    696
Name: count, dtype: int64
2025-01-20 20:55:17 - INFO - Balance de clases tras SMOTETomek:
target
0.0    696
1.0    696
Name: count, dtype: int64
2025-01-20 20:55:17 - INFO - Balance de clases tras SMOTETomek:
target
0.0    696
1.0    696
Name: count, dtype: int64
2025-01-20 20:55:18 - INFO - Balance de clases tras SMOTETomek:
target
0.0    704
1.0    704
Name: count, dtype: int64
2025-01-20 20:55:19 - INFO - Balance de clases tras SMOTETomek:
target
0.0    704
1.0    704
Name: count, dtype: int64
2025-01-20 20:55:20 - INFO - Balance de clases tras SMOTETomek:
target
0.0    698
1.0    698
Name: count, dtype: int64
2025-01-20 20:55:21 - INFO - Balance de clases tras SMOTETomek:
target
0.0    697
1.0    697
Name: count, dtype: int64
2025-01-20 20:55:21 - INFO - Balance de clases tras SMOTETomek:
target
0.0    698
1.0    698
Name: count, dtype: int64
2025-01-20 20:55:23 - INFO - Balance de clases tras SMOTETomek:
target
0.0    696
1.0    696
Name: count, dtype: int64
2025-01-20 20:55:24 - INFO - Balance de clases tras SMOTETomek:
target
0.0    697
1.0    697
Name: count, dtype: int64
2025-01-20 20:55:24 - INFO - Balance de clases tras SMOTETomek:
target
0.0    696
1.0    696
Name: count, dtype: int64
2025-01-20 20:55:26 - INFO - Balance de clases tras SMOTETomek:
target
0.0    696
1.0    696
Name: count, dtype: int64
2025-01-20 20:55:27 - INFO - Balance de clases tras SMOTETomek:
target
0.0    704
1.0    704
Name: count, dtype: int64
2025-01-20 20:55:28 - INFO - Balance de clases tras SMOTETomek:
target
0.0    696
1.0    696
Name: count, dtype: int64
2025-01-20 20:55:28 - INFO - Balance de clases tras SMOTETomek:
target
0.0    698
1.0    698
Name: count, dtype: int64
2025-01-20 20:55:30 - INFO - Balance de clases tras SMOTETomek:
target
0.0    697
1.0    697
Name: count, dtype: int64
2025-01-20 20:55:30 - INFO - Balance de clases tras SMOTETomek:
target
0.0    704
1.0    704
Name: count, dtype: int64
2025-01-20 20:55:30 - INFO - Balance de clases tras SMOTETomek:
target
0.0    696
1.0    696
Name: count, dtype: int64
2025-01-20 20:55:31 - INFO - Balance de clases tras SMOTETomek:
target
0.0    696
1.0    696
Name: count, dtype: int64
2025-01-20 20:55:31 - INFO - Balance de clases tras SMOTETomek:
target
0.0    704
1.0    704
Name: count, dtype: int64
2025-01-20 20:55:32 - INFO - Balance de clases tras SMOTETomek:
target
0.0    698
1.0    698
Name: count, dtype: int64
2025-01-20 20:55:32 - INFO - Balance de clases tras SMOTETomek:
target
0.0    698
1.0    698
Name: count, dtype: int64
2025-01-20 20:55:33 - INFO - Balance de clases tras SMOTETomek:
target
0.0    697
1.0    697
Name: count, dtype: int64
2025-01-20 20:55:34 - INFO - Balance de clases tras SMOTETomek:
target
0.0    697
1.0    697
Name: count, dtype: int64
2025-01-20 20:55:35 - INFO - Balance de clases tras SMOTETomek:
target
0.0    696
1.0    696
Name: count, dtype: int64
2025-01-20 20:55:35 - INFO - Balance de clases tras SMOTETomek:
target
0.0    696
1.0    696
Name: count, dtype: int64
2025-01-20 20:55:36 - INFO - Balance de clases tras SMOTETomek:
target
0.0    696
1.0    696
Name: count, dtype: int64
2025-01-20 20:55:37 - INFO - Balance de clases tras SMOTETomek:
target
0.0    704
1.0    704
Name: count, dtype: int64
2025-01-20 20:55:37 - INFO - Balance de clases tras SMOTETomek:
target
0.0    696
1.0    696
Name: count, dtype: int64
2025-01-20 20:55:38 - INFO - Balance de clases tras SMOTETomek:
target
0.0    698
1.0    698
Name: count, dtype: int64
2025-01-20 20:55:39 - INFO - Balance de clases tras SMOTETomek:
target
0.0    704
1.0    704
Name: count, dtype: int64
2025-01-20 20:55:39 - INFO - Balance de clases tras SMOTETomek:
target
0.0    697
1.0    697
Name: count, dtype: int64
2025-01-20 20:55:40 - INFO - Balance de clases tras SMOTETomek:
target
0.0    696
1.0    696
Name: count, dtype: int64
2025-01-20 20:55:41 - INFO - Balance de clases tras SMOTETomek:
target
0.0    698
1.0    698
Name: count, dtype: int64
2025-01-20 20:55:42 - INFO - Balance de clases tras SMOTETomek:
target
0.0    696
1.0    696
Name: count, dtype: int64
2025-01-20 20:55:44 - INFO - Balance de clases tras SMOTETomek:
target
0.0    704
1.0    704
Name: count, dtype: int64
2025-01-20 20:55:45 - INFO - Balance de clases tras SMOTETomek:
target
0.0    697
1.0    697
Name: count, dtype: int64
2025-01-20 20:55:45 - INFO - Balance de clases tras SMOTETomek:
target
0.0    698
1.0    698
Name: count, dtype: int64
2025-01-20 20:55:45 - INFO - Balance de clases tras SMOTETomek:
target
0.0    696
1.0    696
Name: count, dtype: int64
2025-01-20 20:55:46 - INFO - Balance de clases tras SMOTETomek:
target
0.0    697
1.0    697
Name: count, dtype: int64
2025-01-20 20:55:46 - INFO - Balance de clases tras SMOTETomek:
target
0.0    696
1.0    696
Name: count, dtype: int64
2025-01-20 20:55:47 - INFO - Balance de clases tras SMOTETomek:
target
0.0    696
1.0    696
Name: count, dtype: int64
2025-01-20 20:55:47 - INFO - Balance de clases tras SMOTETomek:
target
0.0    704
1.0    704
Name: count, dtype: int64
2025-01-20 20:55:48 - INFO - Balance de clases tras SMOTETomek:
target
0.0    698
1.0    698
Name: count, dtype: int64
2025-01-20 20:55:48 - INFO - Balance de clases tras SMOTETomek:
target
0.0    696
1.0    696
Name: count, dtype: int64
2025-01-20 20:55:48 - INFO - Balance de clases tras SMOTETomek:
target
0.0    697
1.0    697
Name: count, dtype: int64
2025-01-20 20:55:49 - INFO - Balance de clases tras SMOTETomek:
target
0.0    704
1.0    704
Name: count, dtype: int64
2025-01-20 20:55:50 - INFO - Balance de clases tras SMOTETomek:
target
0.0    698
1.0    698
Name: count, dtype: int64
2025-01-20 20:55:50 - INFO - Balance de clases tras SMOTETomek:
target
0.0    696
1.0    696
Name: count, dtype: int64
2025-01-20 20:55:51 - INFO - Balance de clases tras SMOTETomek:
target
0.0    697
1.0    697
Name: count, dtype: int64
2025-01-20 20:55:51 - INFO - Balance de clases tras SMOTETomek:
target
0.0    696
1.0    696
Name: count, dtype: int64
2025-01-20 20:55:52 - INFO - Balance de clases tras SMOTETomek:
target
0.0    696
1.0    696
Name: count, dtype: int64
2025-01-20 20:55:53 - INFO - Balance de clases tras SMOTETomek:
target
0.0    696
1.0    696
Name: count, dtype: int64
2025-01-20 20:55:53 - INFO - Balance de clases tras SMOTETomek:
target
0.0    704
1.0    704
Name: count, dtype: int64
2025-01-20 20:55:54 - INFO - Balance de clases tras SMOTETomek:
target
0.0    704
1.0    704
Name: count, dtype: int64
2025-01-20 20:55:55 - INFO - Balance de clases tras SMOTETomek:
target
0.0    698
1.0    698
Name: count, dtype: int64
2025-01-20 20:55:55 - INFO - Balance de clases tras SMOTETomek:
target
0.0    698
1.0    698
Name: count, dtype: int64
2025-01-20 20:55:56 - INFO - Balance de clases tras SMOTETomek:
target
0.0    697
1.0    697
Name: count, dtype: int64
2025-01-20 20:55:57 - INFO - Balance de clases tras SMOTETomek:
target
0.0    697
1.0    697
Name: count, dtype: int64
2025-01-20 20:55:58 - INFO - Balance de clases tras SMOTETomek:
target
0.0    696
1.0    696
Name: count, dtype: int64
2025-01-20 20:55:59 - INFO - Balance de clases tras SMOTETomek:
target
0.0    696
1.0    696
Name: count, dtype: int64
2025-01-20 20:56:00 - INFO - Balance de clases tras SMOTETomek:
target
0.0    696
1.0    696
Name: count, dtype: int64
2025-01-20 20:56:01 - INFO - Balance de clases tras SMOTETomek:
target
0.0    704
1.0    704
Name: count, dtype: int64
2025-01-20 20:56:01 - INFO - Balance de clases tras SMOTETomek:
target
0.0    696
1.0    696
Name: count, dtype: int64
2025-01-20 20:56:02 - INFO - Balance de clases tras SMOTETomek:
target
0.0    698
1.0    698
Name: count, dtype: int64
2025-01-20 20:56:03 - INFO - Balance de clases tras SMOTETomek:
target
0.0    704
1.0    704
Name: count, dtype: int64
2025-01-20 20:56:03 - INFO - Balance de clases tras SMOTETomek:
target
0.0    697
1.0    697
Name: count, dtype: int64
2025-01-20 20:56:05 - INFO - Balance de clases tras SMOTETomek:
target
0.0    696
1.0    696
Name: count, dtype: int64
2025-01-20 20:56:05 - INFO - Balance de clases tras SMOTETomek:
target
0.0    698
1.0    698
Name: count, dtype: int64
2025-01-20 20:56:06 - INFO - Balance de clases tras SMOTETomek:
target
0.0    696
1.0    696
Name: count, dtype: int64
2025-01-20 20:56:07 - INFO - Balance de clases tras SMOTETomek:
target
0.0    704
1.0    704
Name: count, dtype: int64
2025-01-20 20:56:08 - INFO - Balance de clases tras SMOTETomek:
target
0.0    698
1.0    698
Name: count, dtype: int64
2025-01-20 20:56:09 - INFO - Mejor Precision: 0.7838
2025-01-20 20:56:09 - INFO - Mejores parámetros: {'max_depth': 10, 'learning_rate': 0.053209234710320935, 'n_estimators': 500, 'subsample': 0.9383148487566942, 'colsample_bytree': 0.9836247980819667, 'gamma': 0.18673912120203529, 'reg_alpha': 0.26576227114689527, 'reg_lambda': 0.5239182725090956}
2025-01-20 20:56:09 - INFO - === Entrenando Pipeline Final con TODO el Training ===
2025-01-20 20:56:09 - INFO - Columnas extra eliminadas: ['future_close', 'change_pct']
2025-01-20 20:56:09 - WARNING - Estas columnas están 100% NaN y se eliminarán antes de imputar: ['VWAP', 'ATR']
2025-01-20 20:56:09 - INFO - Dataset preparado: 1782 filas, 21 features (después de imputación).
2025-01-20 20:56:09 - INFO - Balance de clases tras SMOTETomek:
target
0.0    929
1.0    929
Name: count, dtype: int64
2025-01-20 20:56:11 - INFO - Pipeline final entrenado con TODOS los datos de entrenamiento.
2025-01-20 20:56:11 - INFO - Pipeline completo guardado en: ./results/XGBoost_Binario_trained_pipeline.joblib
2025-01-20 20:56:11 - INFO - Parámetros guardados en: ./results/XGBoost_Binario_model_params.txt
2025-01-20 20:56:11 - INFO - Lista de features guardada en: ./results/XGBoost_Binario_feature_cols.txt
2025-01-20 20:56:11 - INFO - Columnas de indicadores existentes eliminadas: ['RSI', 'MACD', 'MACDs', 'MACDh', 'VWAP', 'OBV', 'BBL', 'BBM', 'BBU', 'ATR', 'STOCHk', 'STOCHd', 'CCI', 'SMA_10', 'SMA_50', 'SMA_200', 'EMA_10', 'EMA_50']
2025-01-20 20:56:11 - INFO - Indicadores técnicos agregados. Filas antes: 961, después: 762 (descartadas: 199)
2025-01-20 20:56:11 - INFO - Columnas renombradas: {'RSI_14': 'RSI', 'MACD_12_26_9': 'MACD', 'MACDs_12_26_9': 'MACDs', 'MACDh_12_26_9': 'MACDh', 'VWAP': 'VWAP', 'BBL_20_2.0': 'BBL', 'BBM_20_2.0': 'BBM', 'BBU_20_2.0': 'BBU', 'ATR_14': 'ATR', 'STOCHk_14_3_3': 'STOCHk', 'STOCHd_14_3_3': 'STOCHd', 'CCI_14_0.015': 'CCI', 'SMA_10': 'SMA_10', 'SMA_50': 'SMA_50', 'SMA_200': 'SMA_200', 'EMA_10': 'EMA_10', 'EMA_50': 'EMA_50'}
2025-01-20 20:56:11 - WARNING - Columna faltante 'VWAP' añadida con NaN.
2025-01-20 20:56:11 - WARNING - Columna faltante 'ATR' añadida con NaN.
2025-01-20 20:56:11 - INFO - Target binario con look_ahead=4, min_change=0.031
2025-01-20 20:56:11 - INFO - Distribución de clases (0=Vender, 1=Comprar):
target
1.0    288
0.0    284
Name: count, dtype: int64
2025-01-20 20:56:11 - INFO - Muestra de datos con target:
                        close  future_close  change_pct  target
open_time                                                      
2023-10-16 13:15:00  29330.53      33966.12    0.158047     1.0
2022-02-24 18:30:00  36041.55      38872.68    0.078552     1.0
2021-01-29 08:30:00  33329.35      37377.61    0.121462     1.0
2022-11-09 23:15:00  15704.98      16634.84    0.059208     1.0
2024-08-04 23:45:00  58161.00      53144.34   -0.086255     0.0
2024-03-15 02:00:00  71500.01      66928.38   -0.063939     0.0
2024-05-03 12:00:00  59126.91      64638.00    0.093208     1.0
2022-09-06 16:30:00  19773.64      22570.18    0.141428     1.0
2024-01-03 11:00:00  44736.81      47918.36    0.071117     1.0
2021-02-24 00:45:00  48456.58      46048.53   -0.049695     0.0
2025-01-20 20:56:11 - INFO - Columnas extra eliminadas: ['change_pct', 'future_close']
2025-01-20 20:56:11 - WARNING - Estas columnas están 100% NaN y se eliminarán antes de imputar: ['VWAP', 'ATR']
2025-01-20 20:56:11 - INFO - Dataset preparado: 572 filas, 21 features (después de imputación).
2025-01-20 20:56:11 - INFO - === Evaluación en Test ===
2025-01-20 20:56:11 - INFO - Matriz de confusión [0=Vender, 1=Comprar]:
[[176 108]
 [168 120]]
2025-01-20 20:56:11 - INFO - Reporte de Clasificación:
              precision    recall  f1-score   support

      Vender       0.51      0.62      0.56       284
     Comprar       0.53      0.42      0.47       288

    accuracy                           0.52       572
   macro avg       0.52      0.52      0.51       572
weighted avg       0.52      0.52      0.51       572

2025-01-20 20:56:11 - INFO - Precision: 0.5263
2025-01-20 20:56:11 - INFO - F1-score: 0.4651
2025-01-20 20:56:11 - INFO - Recall: 0.4167
2025-01-20 20:56:11 - INFO - Balanced Accuracy: 0.5182
2025-01-20 20:56:11 - INFO - MCC: 0.0372
2025-01-20 20:56:11 - INFO - AUC: 0.4758
2025-01-20 20:56:13 - INFO - Precision final en Test: 0.5263
2025-01-20 20:56:13 - INFO - Importancia de características guardada en ./results/feature_importances_binary.csv.
2025-01-20 20:56:14 - INFO - Gráfico de importancia de características guardado.
2025-01-20 20:56:15 - INFO - Calculando valores SHAP...
2025-01-20 20:56:17 - INFO - SHAP analysis completado y guardado.
2025-01-20 20:56:17 - INFO - Señales generadas con umbral=0.58
2025-01-20 20:56:17 - INFO - Señales filtradas por tendencia.
2025-01-20 20:56:17 - INFO - Señales guardadas en: ./results/signals_binary.csv
2025-01-20 20:56:17 - INFO - === Proceso Completado con Éxito ===
