2025-01-11 20:05:00 - INFO - Datos cargados desde ML/data/processed/BTCUSDT_15m_processed.csv, filas: 254923
2025-01-11 20:05:00 - INFO - Columnas de indicadores existentes eliminadas: ['RSI', 'MACD', 'MACDs', 'MACDh', 'OBV', 'BBL', 'BBM', 'BBU', 'SMA_10', 'SMA_50', 'EMA_10', 'EMA_50']
2025-01-11 20:05:00 - INFO - Indicadores técnicos agregados. Filas antes: 254923, después: 254724 (descartadas: 199)
2025-01-11 20:05:00 - INFO - Columnas renombradas: {'RSI_14': 'RSI', 'MACD_12_26_9': 'MACD', 'MACDs_12_26_9': 'MACDs', 'MACDh_12_26_9': 'MACDh', 'VWAP': 'VWAP', 'BBL_20_2.0': 'BBL', 'BBM_20_2.0': 'BBM', 'BBU_20_2.0': 'BBU', 'ATR_14': 'ATR', 'STOCHk_14_3_3': 'STOCHk', 'STOCHd_14_3_3': 'STOCHd', 'CCI_14_0.015': 'CCI', 'SMA_10': 'SMA_10', 'SMA_50': 'SMA_50', 'SMA_200': 'SMA_200', 'EMA_10': 'EMA_10', 'EMA_50': 'EMA_50'}
2025-01-11 20:05:00 - WARNING - Columna faltante 'VWAP' añadida con NaN.
2025-01-11 20:05:00 - WARNING - Columna faltante 'ATR' añadida con NaN.
2025-01-11 20:05:01 - INFO - Target binario con look_ahead=4, min_change=0.032
2025-01-11 20:05:01 - INFO - Distribución de clases (0=Vender, 1=Comprar):
target
0.0    1329
1.0    1185
Name: count, dtype: int64
2025-01-11 20:05:01 - INFO - Muestra de datos con target:
                        close  future_close  change_pct  target
open_time                                                      
2018-01-05 07:45:00  14920.14      15424.81    0.033825     1.0
2021-01-11 14:45:00  33299.12      31580.00   -0.051627     0.0
2021-05-24 18:30:00  37809.12      39353.18    0.040838     1.0
2022-05-05 14:00:00  38872.41      37241.84   -0.041947     0.0
2017-12-19 09:00:00  18623.06      17540.00   -0.058157     0.0
2017-12-07 15:45:00  15310.01      14790.00   -0.033965     0.0
2021-06-21 05:30:00  34262.58      32461.67   -0.052562     0.0
2017-11-30 12:30:00   9762.46       9260.00   -0.051469     0.0
2019-06-27 00:30:00  13393.82      12699.96   -0.051804     0.0
2017-08-22 00:15:00   3974.05       3799.99   -0.043799     0.0
2025-01-11 20:05:01 - INFO - División de datos en Train/Test completada.
2025-01-11 20:05:01 - INFO - === Búsqueda de hiperparámetros (Optuna) en muestra de Training ===
2025-01-11 20:05:01 - INFO - No se han identificado características categóricas.
2025-01-11 20:05:01 - INFO - Columnas extra eliminadas: ['future_close', 'change_pct']
2025-01-11 20:05:01 - WARNING - Estas columnas están 100% NaN y se eliminarán antes de imputar: ['VWAP', 'ATR']
2025-01-11 20:05:01 - INFO - Dataset preparado: 1470 filas, 21 features (después de imputación).
2025-01-11 20:05:01 - INFO - Balance de clases tras SMOTETomek:
target
0.0    598
1.0    598
Name: count, dtype: int64
2025-01-11 20:05:01 - INFO - Balance de clases tras SMOTETomek:
target
0.0    598
1.0    598
Name: count, dtype: int64
2025-01-11 20:05:02 - INFO - Balance de clases tras SMOTETomek:
target
0.0    598
1.0    598
Name: count, dtype: int64
2025-01-11 20:05:02 - INFO - Balance de clases tras SMOTETomek:
target
0.0    598
1.0    598
Name: count, dtype: int64
2025-01-11 20:05:02 - INFO - Balance de clases tras SMOTETomek:
target
0.0    602
1.0    602
Name: count, dtype: int64
2025-01-11 20:05:02 - INFO - Balance de clases tras SMOTETomek:
target
0.0    602
1.0    602
Name: count, dtype: int64
2025-01-11 20:05:03 - INFO - Balance de clases tras SMOTETomek:
target
0.0    594
1.0    594
Name: count, dtype: int64
2025-01-11 20:05:03 - INFO - Balance de clases tras SMOTETomek:
target
0.0    594
1.0    594
Name: count, dtype: int64
2025-01-11 20:05:04 - INFO - Balance de clases tras SMOTETomek:
target
0.0    604
1.0    604
Name: count, dtype: int64
2025-01-11 20:05:04 - INFO - Balance de clases tras SMOTETomek:
target
0.0    604
1.0    604
Name: count, dtype: int64
2025-01-11 20:05:04 - INFO - Balance de clases tras SMOTETomek:
target
0.0    598
1.0    598
Name: count, dtype: int64
2025-01-11 20:05:04 - INFO - Balance de clases tras SMOTETomek:
target
0.0    598
1.0    598
Name: count, dtype: int64
2025-01-11 20:05:05 - INFO - Balance de clases tras SMOTETomek:
target
0.0    598
1.0    598
Name: count, dtype: int64
2025-01-11 20:05:06 - INFO - Balance de clases tras SMOTETomek:
target
0.0    598
1.0    598
Name: count, dtype: int64
2025-01-11 20:05:06 - INFO - Balance de clases tras SMOTETomek:
target
0.0    602
1.0    602
Name: count, dtype: int64
2025-01-11 20:05:07 - INFO - Balance de clases tras SMOTETomek:
target
0.0    594
1.0    594
Name: count, dtype: int64
2025-01-11 20:05:07 - INFO - Balance de clases tras SMOTETomek:
target
0.0    602
1.0    602
Name: count, dtype: int64
2025-01-11 20:05:08 - INFO - Balance de clases tras SMOTETomek:
target
0.0    604
1.0    604
Name: count, dtype: int64
2025-01-11 20:05:08 - INFO - Balance de clases tras SMOTETomek:
target
0.0    594
1.0    594
Name: count, dtype: int64
2025-01-11 20:05:09 - INFO - Balance de clases tras SMOTETomek:
target
0.0    598
1.0    598
Name: count, dtype: int64
2025-01-11 20:05:10 - INFO - Balance de clases tras SMOTETomek:
target
0.0    598
1.0    598
Name: count, dtype: int64
2025-01-11 20:05:10 - INFO - Balance de clases tras SMOTETomek:
target
0.0    604
1.0    604
Name: count, dtype: int64
2025-01-11 20:05:11 - INFO - Balance de clases tras SMOTETomek:
target
0.0    602
1.0    602
Name: count, dtype: int64
2025-01-11 20:05:11 - INFO - Balance de clases tras SMOTETomek:
target
0.0    598
1.0    598
Name: count, dtype: int64
2025-01-11 20:05:11 - INFO - Balance de clases tras SMOTETomek:
target
0.0    594
1.0    594
Name: count, dtype: int64
2025-01-11 20:05:12 - INFO - Balance de clases tras SMOTETomek:
target
0.0    598
1.0    598
Name: count, dtype: int64
2025-01-11 20:05:12 - INFO - Balance de clases tras SMOTETomek:
target
0.0    604
1.0    604
Name: count, dtype: int64
2025-01-11 20:05:13 - INFO - Balance de clases tras SMOTETomek:
target
0.0    602
1.0    602
Name: count, dtype: int64
2025-01-11 20:05:13 - INFO - Balance de clases tras SMOTETomek:
target
0.0    598
1.0    598
Name: count, dtype: int64
2025-01-11 20:05:14 - INFO - Balance de clases tras SMOTETomek:
target
0.0    594
1.0    594
Name: count, dtype: int64
2025-01-11 20:05:14 - INFO - Balance de clases tras SMOTETomek:
target
0.0    598
1.0    598
Name: count, dtype: int64
2025-01-11 20:05:14 - INFO - Balance de clases tras SMOTETomek:
target
0.0    602
1.0    602
Name: count, dtype: int64
2025-01-11 20:05:14 - INFO - Balance de clases tras SMOTETomek:
target
0.0    594
1.0    594
Name: count, dtype: int64
2025-01-11 20:05:14 - INFO - Balance de clases tras SMOTETomek:
target
0.0    604
1.0    604
Name: count, dtype: int64
2025-01-11 20:05:14 - INFO - Balance de clases tras SMOTETomek:
target
0.0    604
1.0    604
Name: count, dtype: int64
2025-01-11 20:05:15 - INFO - Balance de clases tras SMOTETomek:
target
0.0    598
1.0    598
Name: count, dtype: int64
2025-01-11 20:05:15 - INFO - Balance de clases tras SMOTETomek:
target
0.0    598
1.0    598
Name: count, dtype: int64
2025-01-11 20:05:15 - INFO - Balance de clases tras SMOTETomek:
target
0.0    598
1.0    598
Name: count, dtype: int64
2025-01-11 20:05:16 - INFO - Balance de clases tras SMOTETomek:
target
0.0    602
1.0    602
Name: count, dtype: int64
2025-01-11 20:05:16 - INFO - Balance de clases tras SMOTETomek:
target
0.0    598
1.0    598
Name: count, dtype: int64
2025-01-11 20:05:16 - INFO - Balance de clases tras SMOTETomek:
target
0.0    594
1.0    594
Name: count, dtype: int64
2025-01-11 20:05:17 - INFO - Balance de clases tras SMOTETomek:
target
0.0    604
1.0    604
Name: count, dtype: int64
2025-01-11 20:05:17 - INFO - Balance de clases tras SMOTETomek:
target
0.0    602
1.0    602
Name: count, dtype: int64
2025-01-11 20:05:17 - INFO - Balance de clases tras SMOTETomek:
target
0.0    598
1.0    598
Name: count, dtype: int64
2025-01-11 20:05:18 - INFO - Balance de clases tras SMOTETomek:
target
0.0    594
1.0    594
Name: count, dtype: int64
2025-01-11 20:05:19 - INFO - Balance de clases tras SMOTETomek:
target
0.0    604
1.0    604
Name: count, dtype: int64
2025-01-11 20:05:19 - INFO - Balance de clases tras SMOTETomek:
target
0.0    598
1.0    598
Name: count, dtype: int64
2025-01-11 20:05:20 - INFO - Balance de clases tras SMOTETomek:
target
0.0    598
1.0    598
Name: count, dtype: int64
2025-01-11 20:05:21 - INFO - Balance de clases tras SMOTETomek:
target
0.0    602
1.0    602
Name: count, dtype: int64
2025-01-11 20:05:21 - INFO - Balance de clases tras SMOTETomek:
target
0.0    598
1.0    598
Name: count, dtype: int64
2025-01-11 20:05:22 - INFO - Balance de clases tras SMOTETomek:
target
0.0    602
1.0    602
Name: count, dtype: int64
2025-01-11 20:05:22 - INFO - Balance de clases tras SMOTETomek:
target
0.0    594
1.0    594
Name: count, dtype: int64
2025-01-11 20:05:23 - INFO - Balance de clases tras SMOTETomek:
target
0.0    594
1.0    594
Name: count, dtype: int64
2025-01-11 20:05:24 - INFO - Balance de clases tras SMOTETomek:
target
0.0    604
1.0    604
Name: count, dtype: int64
2025-01-11 20:05:24 - INFO - Balance de clases tras SMOTETomek:
target
0.0    604
1.0    604
Name: count, dtype: int64
2025-01-11 20:05:25 - INFO - Balance de clases tras SMOTETomek:
target
0.0    598
1.0    598
Name: count, dtype: int64
2025-01-11 20:05:26 - INFO - Balance de clases tras SMOTETomek:
target
0.0    598
1.0    598
Name: count, dtype: int64
2025-01-11 20:05:26 - INFO - Balance de clases tras SMOTETomek:
target
0.0    598
1.0    598
Name: count, dtype: int64
2025-01-11 20:05:26 - INFO - Balance de clases tras SMOTETomek:
target
0.0    602
1.0    602
Name: count, dtype: int64
2025-01-11 20:05:27 - INFO - Balance de clases tras SMOTETomek:
target
0.0    594
1.0    594
Name: count, dtype: int64
2025-01-11 20:05:28 - INFO - Balance de clases tras SMOTETomek:
target
0.0    604
1.0    604
Name: count, dtype: int64
2025-01-11 20:05:28 - INFO - Balance de clases tras SMOTETomek:
target
0.0    598
1.0    598
Name: count, dtype: int64
2025-01-11 20:05:29 - INFO - Balance de clases tras SMOTETomek:
target
0.0    598
1.0    598
Name: count, dtype: int64
2025-01-11 20:05:30 - INFO - Balance de clases tras SMOTETomek:
target
0.0    598
1.0    598
Name: count, dtype: int64
2025-01-11 20:05:32 - INFO - Balance de clases tras SMOTETomek:
target
0.0    602
1.0    602
Name: count, dtype: int64
2025-01-11 20:05:32 - INFO - Balance de clases tras SMOTETomek:
target
0.0    602
1.0    602
Name: count, dtype: int64
2025-01-11 20:05:34 - INFO - Balance de clases tras SMOTETomek:
target
0.0    594
1.0    594
Name: count, dtype: int64
2025-01-11 20:05:34 - INFO - Balance de clases tras SMOTETomek:
target
0.0    594
1.0    594
Name: count, dtype: int64
2025-01-11 20:05:36 - INFO - Balance de clases tras SMOTETomek:
target
0.0    604
1.0    604
Name: count, dtype: int64
2025-01-11 20:05:37 - INFO - Balance de clases tras SMOTETomek:
target
0.0    604
1.0    604
Name: count, dtype: int64
2025-01-11 20:05:38 - INFO - Balance de clases tras SMOTETomek:
target
0.0    598
1.0    598
Name: count, dtype: int64
2025-01-11 20:05:39 - INFO - Balance de clases tras SMOTETomek:
target
0.0    598
1.0    598
Name: count, dtype: int64
2025-01-11 20:05:40 - INFO - Balance de clases tras SMOTETomek:
target
0.0    598
1.0    598
Name: count, dtype: int64
2025-01-11 20:05:41 - INFO - Balance de clases tras SMOTETomek:
target
0.0    602
1.0    602
Name: count, dtype: int64
2025-01-11 20:05:42 - INFO - Balance de clases tras SMOTETomek:
target
0.0    598
1.0    598
Name: count, dtype: int64
2025-01-11 20:05:43 - INFO - Balance de clases tras SMOTETomek:
target
0.0    594
1.0    594
Name: count, dtype: int64
2025-01-11 20:05:43 - INFO - Balance de clases tras SMOTETomek:
target
0.0    602
1.0    602
Name: count, dtype: int64
2025-01-11 20:05:44 - INFO - Balance de clases tras SMOTETomek:
target
0.0    604
1.0    604
Name: count, dtype: int64
2025-01-11 20:05:45 - INFO - Balance de clases tras SMOTETomek:
target
0.0    594
1.0    594
Name: count, dtype: int64
2025-01-11 20:05:46 - INFO - Balance de clases tras SMOTETomek:
target
0.0    598
1.0    598
Name: count, dtype: int64
2025-01-11 20:05:47 - INFO - Balance de clases tras SMOTETomek:
target
0.0    604
1.0    604
Name: count, dtype: int64
2025-01-11 20:05:47 - INFO - Balance de clases tras SMOTETomek:
target
0.0    598
1.0    598
Name: count, dtype: int64
2025-01-11 20:05:48 - INFO - Balance de clases tras SMOTETomek:
target
0.0    598
1.0    598
Name: count, dtype: int64
2025-01-11 20:05:48 - INFO - Balance de clases tras SMOTETomek:
target
0.0    602
1.0    602
Name: count, dtype: int64
2025-01-11 20:05:49 - INFO - Balance de clases tras SMOTETomek:
target
0.0    598
1.0    598
Name: count, dtype: int64
2025-01-11 20:05:50 - INFO - Balance de clases tras SMOTETomek:
target
0.0    594
1.0    594
Name: count, dtype: int64
2025-01-11 20:05:50 - INFO - Balance de clases tras SMOTETomek:
target
0.0    602
1.0    602
Name: count, dtype: int64
2025-01-11 20:05:51 - INFO - Balance de clases tras SMOTETomek:
target
0.0    604
1.0    604
Name: count, dtype: int64
2025-01-11 20:05:51 - INFO - Balance de clases tras SMOTETomek:
target
0.0    594
1.0    594
Name: count, dtype: int64
2025-01-11 20:05:52 - INFO - Balance de clases tras SMOTETomek:
target
0.0    598
1.0    598
Name: count, dtype: int64
2025-01-11 20:05:52 - INFO - Balance de clases tras SMOTETomek:
target
0.0    598
1.0    598
Name: count, dtype: int64
2025-01-11 20:05:52 - INFO - Balance de clases tras SMOTETomek:
target
0.0    604
1.0    604
Name: count, dtype: int64
2025-01-11 20:05:53 - INFO - Balance de clases tras SMOTETomek:
target
0.0    602
1.0    602
Name: count, dtype: int64
2025-01-11 20:05:53 - INFO - Balance de clases tras SMOTETomek:
target
0.0    594
1.0    594
Name: count, dtype: int64
2025-01-11 20:05:53 - INFO - Balance de clases tras SMOTETomek:
target
0.0    598
1.0    598
Name: count, dtype: int64
2025-01-11 20:05:54 - INFO - Balance de clases tras SMOTETomek:
target
0.0    604
1.0    604
Name: count, dtype: int64
2025-01-11 20:05:54 - INFO - Balance de clases tras SMOTETomek:
target
0.0    598
1.0    598
Name: count, dtype: int64
2025-01-11 20:05:54 - INFO - Balance de clases tras SMOTETomek:
target
0.0    598
1.0    598
Name: count, dtype: int64
2025-01-11 20:05:55 - INFO - Balance de clases tras SMOTETomek:
target
0.0    598
1.0    598
Name: count, dtype: int64
2025-01-11 20:05:56 - INFO - Balance de clases tras SMOTETomek:
target
0.0    602
1.0    602
Name: count, dtype: int64
2025-01-11 20:05:56 - INFO - Balance de clases tras SMOTETomek:
target
0.0    602
1.0    602
Name: count, dtype: int64
2025-01-11 20:05:57 - INFO - Balance de clases tras SMOTETomek:
target
0.0    594
1.0    594
Name: count, dtype: int64
2025-01-11 20:05:58 - INFO - Balance de clases tras SMOTETomek:
target
0.0    594
1.0    594
Name: count, dtype: int64
2025-01-11 20:05:58 - INFO - Balance de clases tras SMOTETomek:
target
0.0    604
1.0    604
Name: count, dtype: int64
2025-01-11 20:05:59 - INFO - Balance de clases tras SMOTETomek:
target
0.0    598
1.0    598
Name: count, dtype: int64
2025-01-11 20:05:59 - INFO - Balance de clases tras SMOTETomek:
target
0.0    604
1.0    604
Name: count, dtype: int64
2025-01-11 20:06:00 - INFO - Balance de clases tras SMOTETomek:
target
0.0    598
1.0    598
Name: count, dtype: int64
2025-01-11 20:06:01 - INFO - Balance de clases tras SMOTETomek:
target
0.0    598
1.0    598
Name: count, dtype: int64
2025-01-11 20:06:02 - INFO - Balance de clases tras SMOTETomek:
target
0.0    598
1.0    598
Name: count, dtype: int64
2025-01-11 20:06:03 - INFO - Balance de clases tras SMOTETomek:
target
0.0    602
1.0    602
Name: count, dtype: int64
2025-01-11 20:06:04 - INFO - Balance de clases tras SMOTETomek:
target
0.0    602
1.0    602
Name: count, dtype: int64
2025-01-11 20:06:04 - INFO - Balance de clases tras SMOTETomek:
target
0.0    594
1.0    594
Name: count, dtype: int64
2025-01-11 20:06:06 - INFO - Balance de clases tras SMOTETomek:
target
0.0    604
1.0    604
Name: count, dtype: int64
2025-01-11 20:06:06 - INFO - Balance de clases tras SMOTETomek:
target
0.0    594
1.0    594
Name: count, dtype: int64
2025-01-11 20:06:07 - INFO - Balance de clases tras SMOTETomek:
target
0.0    598
1.0    598
Name: count, dtype: int64
2025-01-11 20:06:09 - INFO - Balance de clases tras SMOTETomek:
target
0.0    598
1.0    598
Name: count, dtype: int64
2025-01-11 20:06:09 - INFO - Balance de clases tras SMOTETomek:
target
0.0    604
1.0    604
Name: count, dtype: int64
2025-01-11 20:06:10 - INFO - Balance de clases tras SMOTETomek:
target
0.0    602
1.0    602
Name: count, dtype: int64
2025-01-11 20:06:11 - INFO - Balance de clases tras SMOTETomek:
target
0.0    598
1.0    598
Name: count, dtype: int64
2025-01-11 20:06:12 - INFO - Balance de clases tras SMOTETomek:
target
0.0    598
1.0    598
Name: count, dtype: int64
2025-01-11 20:06:12 - INFO - Balance de clases tras SMOTETomek:
target
0.0    594
1.0    594
Name: count, dtype: int64
2025-01-11 20:06:13 - INFO - Balance de clases tras SMOTETomek:
target
0.0    602
1.0    602
Name: count, dtype: int64
2025-01-11 20:06:13 - INFO - Balance de clases tras SMOTETomek:
target
0.0    594
1.0    594
Name: count, dtype: int64
2025-01-11 20:06:14 - INFO - Balance de clases tras SMOTETomek:
target
0.0    604
1.0    604
Name: count, dtype: int64
2025-01-11 20:06:14 - INFO - Balance de clases tras SMOTETomek:
target
0.0    604
1.0    604
Name: count, dtype: int64
2025-01-11 20:06:15 - INFO - Balance de clases tras SMOTETomek:
target
0.0    598
1.0    598
Name: count, dtype: int64
2025-01-11 20:06:16 - INFO - Balance de clases tras SMOTETomek:
target
0.0    598
1.0    598
Name: count, dtype: int64
2025-01-11 20:06:16 - INFO - Balance de clases tras SMOTETomek:
target
0.0    598
1.0    598
Name: count, dtype: int64
2025-01-11 20:06:17 - INFO - Balance de clases tras SMOTETomek:
target
0.0    598
1.0    598
Name: count, dtype: int64
2025-01-11 20:06:18 - INFO - Balance de clases tras SMOTETomek:
target
0.0    602
1.0    602
Name: count, dtype: int64
2025-01-11 20:06:18 - INFO - Balance de clases tras SMOTETomek:
target
0.0    602
1.0    602
Name: count, dtype: int64
2025-01-11 20:06:19 - INFO - Balance de clases tras SMOTETomek:
target
0.0    594
1.0    594
Name: count, dtype: int64
2025-01-11 20:06:20 - INFO - Balance de clases tras SMOTETomek:
target
0.0    594
1.0    594
Name: count, dtype: int64
2025-01-11 20:06:21 - INFO - Balance de clases tras SMOTETomek:
target
0.0    604
1.0    604
Name: count, dtype: int64
2025-01-11 20:06:21 - INFO - Balance de clases tras SMOTETomek:
target
0.0    604
1.0    604
Name: count, dtype: int64
2025-01-11 20:06:22 - INFO - Balance de clases tras SMOTETomek:
target
0.0    598
1.0    598
Name: count, dtype: int64
2025-01-11 20:06:23 - INFO - Balance de clases tras SMOTETomek:
target
0.0    598
1.0    598
Name: count, dtype: int64
2025-01-11 20:06:25 - INFO - Balance de clases tras SMOTETomek:
target
0.0    598
1.0    598
Name: count, dtype: int64
2025-01-11 20:06:25 - INFO - Balance de clases tras SMOTETomek:
target
0.0    598
1.0    598
Name: count, dtype: int64
2025-01-11 20:06:27 - INFO - Balance de clases tras SMOTETomek:
target
0.0    602
1.0    602
Name: count, dtype: int64
2025-01-11 20:06:27 - INFO - Balance de clases tras SMOTETomek:
target
0.0    602
1.0    602
Name: count, dtype: int64
2025-01-11 20:06:29 - INFO - Balance de clases tras SMOTETomek:
target
0.0    594
1.0    594
Name: count, dtype: int64
2025-01-11 20:06:29 - INFO - Balance de clases tras SMOTETomek:
target
0.0    594
1.0    594
Name: count, dtype: int64
2025-01-11 20:06:31 - INFO - Balance de clases tras SMOTETomek:
target
0.0    604
1.0    604
Name: count, dtype: int64
2025-01-11 20:06:31 - INFO - Balance de clases tras SMOTETomek:
target
0.0    604
1.0    604
Name: count, dtype: int64
2025-01-11 20:06:33 - INFO - Balance de clases tras SMOTETomek:
target
0.0    598
1.0    598
Name: count, dtype: int64
2025-01-11 20:06:34 - INFO - Balance de clases tras SMOTETomek:
target
0.0    598
1.0    598
Name: count, dtype: int64
2025-01-11 20:06:34 - INFO - Balance de clases tras SMOTETomek:
target
0.0    598
1.0    598
Name: count, dtype: int64
2025-01-11 20:06:35 - INFO - Balance de clases tras SMOTETomek:
target
0.0    598
1.0    598
Name: count, dtype: int64
2025-01-11 20:06:36 - INFO - Balance de clases tras SMOTETomek:
target
0.0    602
1.0    602
Name: count, dtype: int64
2025-01-11 20:06:36 - INFO - Balance de clases tras SMOTETomek:
target
0.0    602
1.0    602
Name: count, dtype: int64
2025-01-11 20:06:37 - INFO - Balance de clases tras SMOTETomek:
target
0.0    594
1.0    594
Name: count, dtype: int64
2025-01-11 20:06:37 - INFO - Balance de clases tras SMOTETomek:
target
0.0    594
1.0    594
Name: count, dtype: int64
2025-01-11 20:06:38 - INFO - Balance de clases tras SMOTETomek:
target
0.0    604
1.0    604
Name: count, dtype: int64
2025-01-11 20:06:39 - INFO - Balance de clases tras SMOTETomek:
target
0.0    604
1.0    604
Name: count, dtype: int64
2025-01-11 20:06:40 - INFO - Balance de clases tras SMOTETomek:
target
0.0    598
1.0    598
Name: count, dtype: int64
2025-01-11 20:06:40 - INFO - Balance de clases tras SMOTETomek:
target
0.0    598
1.0    598
Name: count, dtype: int64
2025-01-11 20:06:40 - INFO - Balance de clases tras SMOTETomek:
target
0.0    598
1.0    598
Name: count, dtype: int64
2025-01-11 20:06:41 - INFO - Balance de clases tras SMOTETomek:
target
0.0    602
1.0    602
Name: count, dtype: int64
2025-01-11 20:06:41 - INFO - Balance de clases tras SMOTETomek:
target
0.0    598
1.0    598
Name: count, dtype: int64
2025-01-11 20:06:42 - INFO - Balance de clases tras SMOTETomek:
target
0.0    594
1.0    594
Name: count, dtype: int64
2025-01-11 20:06:42 - INFO - Balance de clases tras SMOTETomek:
target
0.0    602
1.0    602
Name: count, dtype: int64
2025-01-11 20:06:43 - INFO - Balance de clases tras SMOTETomek:
target
0.0    604
1.0    604
Name: count, dtype: int64
2025-01-11 20:06:43 - INFO - Balance de clases tras SMOTETomek:
target
0.0    598
1.0    598
Name: count, dtype: int64
2025-01-11 20:06:44 - INFO - Balance de clases tras SMOTETomek:
target
0.0    594
1.0    594
Name: count, dtype: int64
2025-01-11 20:06:45 - INFO - Balance de clases tras SMOTETomek:
target
0.0    598
1.0    598
Name: count, dtype: int64
2025-01-11 20:06:45 - INFO - Balance de clases tras SMOTETomek:
target
0.0    604
1.0    604
Name: count, dtype: int64
2025-01-11 20:06:46 - INFO - Balance de clases tras SMOTETomek:
target
0.0    602
1.0    602
Name: count, dtype: int64
2025-01-11 20:06:46 - INFO - Balance de clases tras SMOTETomek:
target
0.0    598
1.0    598
Name: count, dtype: int64
2025-01-11 20:06:47 - INFO - Balance de clases tras SMOTETomek:
target
0.0    594
1.0    594
Name: count, dtype: int64
2025-01-11 20:06:47 - INFO - Balance de clases tras SMOTETomek:
target
0.0    598
1.0    598
Name: count, dtype: int64
2025-01-11 20:06:48 - INFO - Balance de clases tras SMOTETomek:
target
0.0    604
1.0    604
Name: count, dtype: int64
2025-01-11 20:06:49 - INFO - Balance de clases tras SMOTETomek:
target
0.0    602
1.0    602
Name: count, dtype: int64
2025-01-11 20:06:50 - INFO - Balance de clases tras SMOTETomek:
target
0.0    598
1.0    598
Name: count, dtype: int64
2025-01-11 20:06:50 - INFO - Balance de clases tras SMOTETomek:
target
0.0    594
1.0    594
Name: count, dtype: int64
2025-01-11 20:06:51 - INFO - Balance de clases tras SMOTETomek:
target
0.0    598
1.0    598
Name: count, dtype: int64
2025-01-11 20:06:51 - INFO - Balance de clases tras SMOTETomek:
target
0.0    604
1.0    604
Name: count, dtype: int64
2025-01-11 20:06:52 - INFO - Balance de clases tras SMOTETomek:
target
0.0    598
1.0    598
Name: count, dtype: int64
2025-01-11 20:06:53 - INFO - Balance de clases tras SMOTETomek:
target
0.0    602
1.0    602
Name: count, dtype: int64
2025-01-11 20:06:54 - INFO - Balance de clases tras SMOTETomek:
target
0.0    598
1.0    598
Name: count, dtype: int64
2025-01-11 20:06:54 - INFO - Balance de clases tras SMOTETomek:
target
0.0    594
1.0    594
Name: count, dtype: int64
2025-01-11 20:06:55 - INFO - Balance de clases tras SMOTETomek:
target
0.0    604
1.0    604
Name: count, dtype: int64
2025-01-11 20:06:55 - INFO - Balance de clases tras SMOTETomek:
target
0.0    602
1.0    602
Name: count, dtype: int64
2025-01-11 20:06:57 - INFO - Balance de clases tras SMOTETomek:
target
0.0    598
1.0    598
Name: count, dtype: int64
2025-01-11 20:06:57 - INFO - Balance de clases tras SMOTETomek:
target
0.0    594
1.0    594
Name: count, dtype: int64
2025-01-11 20:06:58 - INFO - Balance de clases tras SMOTETomek:
target
0.0    598
1.0    598
Name: count, dtype: int64
2025-01-11 20:06:58 - INFO - Balance de clases tras SMOTETomek:
target
0.0    604
1.0    604
Name: count, dtype: int64
2025-01-11 20:06:58 - INFO - Balance de clases tras SMOTETomek:
target
0.0    602
1.0    602
Name: count, dtype: int64
2025-01-11 20:06:59 - INFO - Balance de clases tras SMOTETomek:
target
0.0    594
1.0    594
Name: count, dtype: int64
2025-01-11 20:07:00 - INFO - Balance de clases tras SMOTETomek:
target
0.0    598
1.0    598
Name: count, dtype: int64
2025-01-11 20:07:00 - INFO - Balance de clases tras SMOTETomek:
target
0.0    604
1.0    604
Name: count, dtype: int64
2025-01-11 20:07:01 - INFO - Balance de clases tras SMOTETomek:
target
0.0    598
1.0    598
Name: count, dtype: int64
2025-01-11 20:07:01 - INFO - Balance de clases tras SMOTETomek:
target
0.0    598
1.0    598
Name: count, dtype: int64
2025-01-11 20:07:02 - INFO - Balance de clases tras SMOTETomek:
target
0.0    602
1.0    602
Name: count, dtype: int64
2025-01-11 20:07:03 - INFO - Balance de clases tras SMOTETomek:
target
0.0    598
1.0    598
Name: count, dtype: int64
2025-01-11 20:07:03 - INFO - Balance de clases tras SMOTETomek:
target
0.0    594
1.0    594
Name: count, dtype: int64
2025-01-11 20:07:04 - INFO - Balance de clases tras SMOTETomek:
target
0.0    602
1.0    602
Name: count, dtype: int64
2025-01-11 20:07:04 - INFO - Balance de clases tras SMOTETomek:
target
0.0    604
1.0    604
Name: count, dtype: int64
2025-01-11 20:07:05 - INFO - Balance de clases tras SMOTETomek:
target
0.0    594
1.0    594
Name: count, dtype: int64
2025-01-11 20:07:05 - INFO - Balance de clases tras SMOTETomek:
target
0.0    598
1.0    598
Name: count, dtype: int64
2025-01-11 20:07:06 - INFO - Balance de clases tras SMOTETomek:
target
0.0    604
1.0    604
Name: count, dtype: int64
2025-01-11 20:07:07 - INFO - Balance de clases tras SMOTETomek:
target
0.0    598
1.0    598
Name: count, dtype: int64
2025-01-11 20:07:08 - INFO - Balance de clases tras SMOTETomek:
target
0.0    598
1.0    598
Name: count, dtype: int64
2025-01-11 20:07:08 - INFO - Balance de clases tras SMOTETomek:
target
0.0    602
1.0    602
Name: count, dtype: int64
2025-01-11 20:07:09 - INFO - Balance de clases tras SMOTETomek:
target
0.0    598
1.0    598
Name: count, dtype: int64
2025-01-11 20:07:10 - INFO - Balance de clases tras SMOTETomek:
target
0.0    602
1.0    602
Name: count, dtype: int64
2025-01-11 20:07:10 - INFO - Balance de clases tras SMOTETomek:
target
0.0    594
1.0    594
Name: count, dtype: int64
2025-01-11 20:07:11 - INFO - Balance de clases tras SMOTETomek:
target
0.0    594
1.0    594
Name: count, dtype: int64
2025-01-11 20:07:11 - INFO - Balance de clases tras SMOTETomek:
target
0.0    604
1.0    604
Name: count, dtype: int64
2025-01-11 20:07:11 - INFO - Balance de clases tras SMOTETomek:
target
0.0    604
1.0    604
Name: count, dtype: int64
2025-01-11 20:07:13 - INFO - Balance de clases tras SMOTETomek:
target
0.0    598
1.0    598
Name: count, dtype: int64
2025-01-11 20:07:13 - INFO - Balance de clases tras SMOTETomek:
target
0.0    598
1.0    598
Name: count, dtype: int64
2025-01-11 20:07:14 - INFO - Balance de clases tras SMOTETomek:
target
0.0    598
1.0    598
Name: count, dtype: int64
2025-01-11 20:07:14 - INFO - Balance de clases tras SMOTETomek:
target
0.0    598
1.0    598
Name: count, dtype: int64
2025-01-11 20:07:15 - INFO - Balance de clases tras SMOTETomek:
target
0.0    602
1.0    602
Name: count, dtype: int64
2025-01-11 20:07:15 - INFO - Balance de clases tras SMOTETomek:
target
0.0    602
1.0    602
Name: count, dtype: int64
2025-01-11 20:07:16 - INFO - Balance de clases tras SMOTETomek:
target
0.0    594
1.0    594
Name: count, dtype: int64
2025-01-11 20:07:16 - INFO - Balance de clases tras SMOTETomek:
target
0.0    594
1.0    594
Name: count, dtype: int64
2025-01-11 20:07:17 - INFO - Balance de clases tras SMOTETomek:
target
0.0    604
1.0    604
Name: count, dtype: int64
2025-01-11 20:07:17 - INFO - Balance de clases tras SMOTETomek:
target
0.0    604
1.0    604
Name: count, dtype: int64
2025-01-11 20:07:18 - INFO - Balance de clases tras SMOTETomek:
target
0.0    598
1.0    598
Name: count, dtype: int64
2025-01-11 20:07:18 - INFO - Balance de clases tras SMOTETomek:
target
0.0    598
1.0    598
Name: count, dtype: int64
2025-01-11 20:07:19 - INFO - Balance de clases tras SMOTETomek:
target
0.0    598
1.0    598
Name: count, dtype: int64
2025-01-11 20:07:19 - INFO - Balance de clases tras SMOTETomek:
target
0.0    598
1.0    598
Name: count, dtype: int64
2025-01-11 20:07:20 - INFO - Balance de clases tras SMOTETomek:
target
0.0    602
1.0    602
Name: count, dtype: int64
2025-01-11 20:07:21 - INFO - Balance de clases tras SMOTETomek:
target
0.0    602
1.0    602
Name: count, dtype: int64
2025-01-11 20:07:21 - INFO - Balance de clases tras SMOTETomek:
target
0.0    594
1.0    594
Name: count, dtype: int64
2025-01-11 20:07:22 - INFO - Balance de clases tras SMOTETomek:
target
0.0    594
1.0    594
Name: count, dtype: int64
2025-01-11 20:07:22 - INFO - Balance de clases tras SMOTETomek:
target
0.0    604
1.0    604
Name: count, dtype: int64
2025-01-11 20:07:23 - INFO - Balance de clases tras SMOTETomek:
target
0.0    604
1.0    604
Name: count, dtype: int64
2025-01-11 20:07:23 - INFO - Balance de clases tras SMOTETomek:
target
0.0    598
1.0    598
Name: count, dtype: int64
2025-01-11 20:07:24 - INFO - Balance de clases tras SMOTETomek:
target
0.0    598
1.0    598
Name: count, dtype: int64
2025-01-11 20:07:25 - INFO - Balance de clases tras SMOTETomek:
target
0.0    598
1.0    598
Name: count, dtype: int64
2025-01-11 20:07:25 - INFO - Balance de clases tras SMOTETomek:
target
0.0    598
1.0    598
Name: count, dtype: int64
2025-01-11 20:07:26 - INFO - Balance de clases tras SMOTETomek:
target
0.0    602
1.0    602
Name: count, dtype: int64
2025-01-11 20:07:26 - INFO - Balance de clases tras SMOTETomek:
target
0.0    594
1.0    594
Name: count, dtype: int64
2025-01-11 20:07:27 - INFO - Balance de clases tras SMOTETomek:
target
0.0    602
1.0    602
Name: count, dtype: int64
2025-01-11 20:07:27 - INFO - Balance de clases tras SMOTETomek:
target
0.0    604
1.0    604
Name: count, dtype: int64
2025-01-11 20:07:27 - INFO - Balance de clases tras SMOTETomek:
target
0.0    598
1.0    598
Name: count, dtype: int64
2025-01-11 20:07:28 - INFO - Balance de clases tras SMOTETomek:
target
0.0    594
1.0    594
Name: count, dtype: int64
2025-01-11 20:07:29 - INFO - Balance de clases tras SMOTETomek:
target
0.0    598
1.0    598
Name: count, dtype: int64
2025-01-11 20:07:30 - INFO - Balance de clases tras SMOTETomek:
target
0.0    604
1.0    604
Name: count, dtype: int64
2025-01-11 20:07:30 - INFO - Balance de clases tras SMOTETomek:
target
0.0    602
1.0    602
Name: count, dtype: int64
2025-01-11 20:07:31 - INFO - Balance de clases tras SMOTETomek:
target
0.0    594
1.0    594
Name: count, dtype: int64
2025-01-11 20:07:32 - INFO - Balance de clases tras SMOTETomek:
target
0.0    598
1.0    598
Name: count, dtype: int64
2025-01-11 20:07:33 - INFO - Balance de clases tras SMOTETomek:
target
0.0    604
1.0    604
Name: count, dtype: int64
2025-01-11 20:07:33 - INFO - Balance de clases tras SMOTETomek:
target
0.0    598
1.0    598
Name: count, dtype: int64
2025-01-11 20:07:34 - INFO - Balance de clases tras SMOTETomek:
target
0.0    602
1.0    602
Name: count, dtype: int64
2025-01-11 20:07:34 - INFO - Balance de clases tras SMOTETomek:
target
0.0    598
1.0    598
Name: count, dtype: int64
2025-01-11 20:07:34 - INFO - Balance de clases tras SMOTETomek:
target
0.0    598
1.0    598
Name: count, dtype: int64
2025-01-11 20:07:35 - INFO - Balance de clases tras SMOTETomek:
target
0.0    602
1.0    602
Name: count, dtype: int64
2025-01-11 20:07:35 - INFO - Balance de clases tras SMOTETomek:
target
0.0    594
1.0    594
Name: count, dtype: int64
2025-01-11 20:07:35 - INFO - Balance de clases tras SMOTETomek:
target
0.0    594
1.0    594
Name: count, dtype: int64
2025-01-11 20:07:35 - INFO - Balance de clases tras SMOTETomek:
target
0.0    604
1.0    604
Name: count, dtype: int64
2025-01-11 20:07:36 - INFO - Balance de clases tras SMOTETomek:
target
0.0    604
1.0    604
Name: count, dtype: int64
2025-01-11 20:07:36 - INFO - Balance de clases tras SMOTETomek:
target
0.0    598
1.0    598
Name: count, dtype: int64
2025-01-11 20:07:37 - INFO - Balance de clases tras SMOTETomek:
target
0.0    598
1.0    598
Name: count, dtype: int64
2025-01-11 20:07:37 - INFO - Balance de clases tras SMOTETomek:
target
0.0    598
1.0    598
Name: count, dtype: int64
2025-01-11 20:07:38 - INFO - Balance de clases tras SMOTETomek:
target
0.0    598
1.0    598
Name: count, dtype: int64
2025-01-11 20:07:38 - INFO - Balance de clases tras SMOTETomek:
target
0.0    602
1.0    602
Name: count, dtype: int64
2025-01-11 20:07:39 - INFO - Balance de clases tras SMOTETomek:
target
0.0    594
1.0    594
Name: count, dtype: int64
2025-01-11 20:07:39 - INFO - Balance de clases tras SMOTETomek:
target
0.0    602
1.0    602
Name: count, dtype: int64
2025-01-11 20:07:40 - INFO - Balance de clases tras SMOTETomek:
target
0.0    604
1.0    604
Name: count, dtype: int64
2025-01-11 20:07:40 - INFO - Balance de clases tras SMOTETomek:
target
0.0    594
1.0    594
Name: count, dtype: int64
2025-01-11 20:07:41 - INFO - Balance de clases tras SMOTETomek:
target
0.0    598
1.0    598
Name: count, dtype: int64
2025-01-11 20:07:42 - INFO - Balance de clases tras SMOTETomek:
target
0.0    604
1.0    604
Name: count, dtype: int64
2025-01-11 20:07:42 - INFO - Balance de clases tras SMOTETomek:
target
0.0    598
1.0    598
Name: count, dtype: int64
2025-01-11 20:07:43 - INFO - Balance de clases tras SMOTETomek:
target
0.0    598
1.0    598
Name: count, dtype: int64
2025-01-11 20:07:43 - INFO - Balance de clases tras SMOTETomek:
target
0.0    602
1.0    602
Name: count, dtype: int64
2025-01-11 20:07:44 - INFO - Balance de clases tras SMOTETomek:
target
0.0    598
1.0    598
Name: count, dtype: int64
2025-01-11 20:07:44 - INFO - Balance de clases tras SMOTETomek:
target
0.0    594
1.0    594
Name: count, dtype: int64
2025-01-11 20:07:45 - INFO - Balance de clases tras SMOTETomek:
target
0.0    602
1.0    602
Name: count, dtype: int64
2025-01-11 20:07:45 - INFO - Balance de clases tras SMOTETomek:
target
0.0    604
1.0    604
Name: count, dtype: int64
2025-01-11 20:07:46 - INFO - Balance de clases tras SMOTETomek:
target
0.0    594
1.0    594
Name: count, dtype: int64
2025-01-11 20:07:46 - INFO - Balance de clases tras SMOTETomek:
target
0.0    598
1.0    598
Name: count, dtype: int64
2025-01-11 20:07:47 - INFO - Balance de clases tras SMOTETomek:
target
0.0    604
1.0    604
Name: count, dtype: int64
2025-01-11 20:07:48 - INFO - Balance de clases tras SMOTETomek:
target
0.0    598
1.0    598
Name: count, dtype: int64
2025-01-11 20:07:48 - INFO - Balance de clases tras SMOTETomek:
target
0.0    598
1.0    598
Name: count, dtype: int64
2025-01-11 20:07:49 - INFO - Balance de clases tras SMOTETomek:
target
0.0    602
1.0    602
Name: count, dtype: int64
2025-01-11 20:07:49 - INFO - Balance de clases tras SMOTETomek:
target
0.0    598
1.0    598
Name: count, dtype: int64
2025-01-11 20:07:50 - INFO - Balance de clases tras SMOTETomek:
target
0.0    602
1.0    602
Name: count, dtype: int64
2025-01-11 20:07:51 - INFO - Balance de clases tras SMOTETomek:
target
0.0    594
1.0    594
Name: count, dtype: int64
2025-01-11 20:07:52 - INFO - Balance de clases tras SMOTETomek:
target
0.0    594
1.0    594
Name: count, dtype: int64
2025-01-11 20:07:52 - INFO - Balance de clases tras SMOTETomek:
target
0.0    604
1.0    604
Name: count, dtype: int64
2025-01-11 20:07:53 - INFO - Balance de clases tras SMOTETomek:
target
0.0    604
1.0    604
Name: count, dtype: int64
2025-01-11 20:07:54 - INFO - Balance de clases tras SMOTETomek:
target
0.0    598
1.0    598
Name: count, dtype: int64
2025-01-11 20:07:54 - INFO - Balance de clases tras SMOTETomek:
target
0.0    598
1.0    598
Name: count, dtype: int64
2025-01-11 20:07:54 - INFO - Balance de clases tras SMOTETomek:
target
0.0    598
1.0    598
Name: count, dtype: int64
2025-01-11 20:07:55 - INFO - Balance de clases tras SMOTETomek:
target
0.0    602
1.0    602
Name: count, dtype: int64
2025-01-11 20:07:55 - INFO - Balance de clases tras SMOTETomek:
target
0.0    598
1.0    598
Name: count, dtype: int64
2025-01-11 20:07:56 - INFO - Balance de clases tras SMOTETomek:
target
0.0    594
1.0    594
Name: count, dtype: int64
2025-01-11 20:07:56 - INFO - Balance de clases tras SMOTETomek:
target
0.0    604
1.0    604
Name: count, dtype: int64
2025-01-11 20:07:56 - INFO - Balance de clases tras SMOTETomek:
target
0.0    602
1.0    602
Name: count, dtype: int64
2025-01-11 20:07:57 - INFO - Balance de clases tras SMOTETomek:
target
0.0    598
1.0    598
Name: count, dtype: int64
2025-01-11 20:07:57 - INFO - Balance de clases tras SMOTETomek:
target
0.0    594
1.0    594
Name: count, dtype: int64
2025-01-11 20:07:58 - INFO - Balance de clases tras SMOTETomek:
target
0.0    598
1.0    598
Name: count, dtype: int64
2025-01-11 20:07:58 - INFO - Balance de clases tras SMOTETomek:
target
0.0    604
1.0    604
Name: count, dtype: int64
2025-01-11 20:07:59 - INFO - Balance de clases tras SMOTETomek:
target
0.0    602
1.0    602
Name: count, dtype: int64
2025-01-11 20:07:59 - INFO - Balance de clases tras SMOTETomek:
target
0.0    598
1.0    598
Name: count, dtype: int64
2025-01-11 20:08:00 - INFO - Balance de clases tras SMOTETomek:
target
0.0    594
1.0    594
Name: count, dtype: int64
2025-01-11 20:08:00 - INFO - Balance de clases tras SMOTETomek:
target
0.0    598
1.0    598
Name: count, dtype: int64
2025-01-11 20:08:00 - INFO - Balance de clases tras SMOTETomek:
target
0.0    604
1.0    604
Name: count, dtype: int64
2025-01-11 20:08:01 - INFO - Balance de clases tras SMOTETomek:
target
0.0    602
1.0    602
Name: count, dtype: int64
2025-01-11 20:08:01 - INFO - Balance de clases tras SMOTETomek:
target
0.0    598
1.0    598
Name: count, dtype: int64
2025-01-11 20:08:02 - INFO - Balance de clases tras SMOTETomek:
target
0.0    594
1.0    594
Name: count, dtype: int64
2025-01-11 20:08:03 - INFO - Balance de clases tras SMOTETomek:
target
0.0    604
1.0    604
Name: count, dtype: int64
2025-01-11 20:08:03 - INFO - Balance de clases tras SMOTETomek:
target
0.0    598
1.0    598
Name: count, dtype: int64
2025-01-11 20:08:04 - INFO - Balance de clases tras SMOTETomek:
target
0.0    598
1.0    598
Name: count, dtype: int64
2025-01-11 20:08:05 - INFO - Balance de clases tras SMOTETomek:
target
0.0    598
1.0    598
Name: count, dtype: int64
2025-01-11 20:08:05 - INFO - Balance de clases tras SMOTETomek:
target
0.0    602
1.0    602
Name: count, dtype: int64
2025-01-11 20:08:06 - INFO - Balance de clases tras SMOTETomek:
target
0.0    602
1.0    602
Name: count, dtype: int64
2025-01-11 20:08:07 - INFO - Balance de clases tras SMOTETomek:
target
0.0    594
1.0    594
Name: count, dtype: int64
2025-01-11 20:08:07 - INFO - Balance de clases tras SMOTETomek:
target
0.0    594
1.0    594
Name: count, dtype: int64
2025-01-11 20:08:08 - INFO - Balance de clases tras SMOTETomek:
target
0.0    604
1.0    604
Name: count, dtype: int64
2025-01-11 20:08:09 - INFO - Balance de clases tras SMOTETomek:
target
0.0    598
1.0    598
Name: count, dtype: int64
2025-01-11 20:08:09 - INFO - Balance de clases tras SMOTETomek:
target
0.0    604
1.0    604
Name: count, dtype: int64
2025-01-11 20:08:10 - INFO - Balance de clases tras SMOTETomek:
target
0.0    598
1.0    598
Name: count, dtype: int64
2025-01-11 20:08:11 - INFO - Balance de clases tras SMOTETomek:
target
0.0    602
1.0    602
Name: count, dtype: int64
2025-01-11 20:08:12 - INFO - Balance de clases tras SMOTETomek:
target
0.0    598
1.0    598
Name: count, dtype: int64
2025-01-11 20:08:12 - INFO - Balance de clases tras SMOTETomek:
target
0.0    594
1.0    594
Name: count, dtype: int64
2025-01-11 20:08:13 - INFO - Balance de clases tras SMOTETomek:
target
0.0    598
1.0    598
Name: count, dtype: int64
2025-01-11 20:08:13 - INFO - Balance de clases tras SMOTETomek:
target
0.0    604
1.0    604
Name: count, dtype: int64
2025-01-11 20:08:14 - INFO - Balance de clases tras SMOTETomek:
target
0.0    602
1.0    602
Name: count, dtype: int64
2025-01-11 20:08:14 - INFO - Balance de clases tras SMOTETomek:
target
0.0    598
1.0    598
Name: count, dtype: int64
2025-01-11 20:08:15 - INFO - Balance de clases tras SMOTETomek:
target
0.0    594
1.0    594
Name: count, dtype: int64
2025-01-11 20:08:16 - INFO - Balance de clases tras SMOTETomek:
target
0.0    604
1.0    604
Name: count, dtype: int64
2025-01-11 20:08:16 - INFO - Balance de clases tras SMOTETomek:
target
0.0    598
1.0    598
Name: count, dtype: int64
2025-01-11 20:08:17 - INFO - Balance de clases tras SMOTETomek:
target
0.0    598
1.0    598
Name: count, dtype: int64
2025-01-11 20:08:17 - INFO - Balance de clases tras SMOTETomek:
target
0.0    602
1.0    602
Name: count, dtype: int64
2025-01-11 20:08:17 - INFO - Balance de clases tras SMOTETomek:
target
0.0    598
1.0    598
Name: count, dtype: int64
2025-01-11 20:08:18 - INFO - Balance de clases tras SMOTETomek:
target
0.0    602
1.0    602
Name: count, dtype: int64
2025-01-11 20:08:18 - INFO - Balance de clases tras SMOTETomek:
target
0.0    594
1.0    594
Name: count, dtype: int64
2025-01-11 20:08:19 - INFO - Balance de clases tras SMOTETomek:
target
0.0    594
1.0    594
Name: count, dtype: int64
2025-01-11 20:08:20 - INFO - Balance de clases tras SMOTETomek:
target
0.0    604
1.0    604
Name: count, dtype: int64
2025-01-11 20:08:20 - INFO - Balance de clases tras SMOTETomek:
target
0.0    604
1.0    604
Name: count, dtype: int64
2025-01-11 20:08:21 - INFO - Balance de clases tras SMOTETomek:
target
0.0    598
1.0    598
Name: count, dtype: int64
2025-01-11 20:08:21 - INFO - Balance de clases tras SMOTETomek:
target
0.0    598
1.0    598
Name: count, dtype: int64
2025-01-11 20:08:21 - INFO - Balance de clases tras SMOTETomek:
target
0.0    598
1.0    598
Name: count, dtype: int64
2025-01-11 20:08:22 - INFO - Balance de clases tras SMOTETomek:
target
0.0    598
1.0    598
Name: count, dtype: int64
2025-01-11 20:08:22 - INFO - Balance de clases tras SMOTETomek:
target
0.0    602
1.0    602
Name: count, dtype: int64
2025-01-11 20:08:22 - INFO - Balance de clases tras SMOTETomek:
target
0.0    602
1.0    602
Name: count, dtype: int64
2025-01-11 20:08:23 - INFO - Balance de clases tras SMOTETomek:
target
0.0    594
1.0    594
Name: count, dtype: int64
2025-01-11 20:08:23 - INFO - Balance de clases tras SMOTETomek:
target
0.0    594
1.0    594
Name: count, dtype: int64
2025-01-11 20:08:23 - INFO - Balance de clases tras SMOTETomek:
target
0.0    604
1.0    604
Name: count, dtype: int64
2025-01-11 20:08:24 - INFO - Balance de clases tras SMOTETomek:
target
0.0    604
1.0    604
Name: count, dtype: int64
2025-01-11 20:08:24 - INFO - Balance de clases tras SMOTETomek:
target
0.0    598
1.0    598
Name: count, dtype: int64
2025-01-11 20:08:24 - INFO - Balance de clases tras SMOTETomek:
target
0.0    598
1.0    598
Name: count, dtype: int64
2025-01-11 20:08:25 - INFO - Balance de clases tras SMOTETomek:
target
0.0    598
1.0    598
Name: count, dtype: int64
2025-01-11 20:08:25 - INFO - Balance de clases tras SMOTETomek:
target
0.0    598
1.0    598
Name: count, dtype: int64
2025-01-11 20:08:27 - INFO - Balance de clases tras SMOTETomek:
target
0.0    602
1.0    602
Name: count, dtype: int64
2025-01-11 20:08:27 - INFO - Balance de clases tras SMOTETomek:
target
0.0    602
1.0    602
Name: count, dtype: int64
2025-01-11 20:08:28 - INFO - Balance de clases tras SMOTETomek:
target
0.0    594
1.0    594
Name: count, dtype: int64
2025-01-11 20:08:28 - INFO - Balance de clases tras SMOTETomek:
target
0.0    594
1.0    594
Name: count, dtype: int64
2025-01-11 20:08:29 - INFO - Balance de clases tras SMOTETomek:
target
0.0    604
1.0    604
Name: count, dtype: int64
2025-01-11 20:08:29 - INFO - Balance de clases tras SMOTETomek:
target
0.0    604
1.0    604
Name: count, dtype: int64
2025-01-11 20:08:30 - INFO - Balance de clases tras SMOTETomek:
target
0.0    598
1.0    598
Name: count, dtype: int64
2025-01-11 20:08:30 - INFO - Balance de clases tras SMOTETomek:
target
0.0    598
1.0    598
Name: count, dtype: int64
2025-01-11 20:08:32 - INFO - Balance de clases tras SMOTETomek:
target
0.0    598
1.0    598
Name: count, dtype: int64
2025-01-11 20:08:33 - INFO - Balance de clases tras SMOTETomek:
target
0.0    602
1.0    602
Name: count, dtype: int64
2025-01-11 20:08:34 - INFO - Balance de clases tras SMOTETomek:
target
0.0    598
1.0    598
Name: count, dtype: int64
2025-01-11 20:08:35 - INFO - Balance de clases tras SMOTETomek:
target
0.0    594
1.0    594
Name: count, dtype: int64
2025-01-11 20:08:36 - INFO - Balance de clases tras SMOTETomek:
target
0.0    604
1.0    604
Name: count, dtype: int64
2025-01-11 20:08:37 - INFO - Balance de clases tras SMOTETomek:
target
0.0    602
1.0    602
Name: count, dtype: int64
2025-01-11 20:08:38 - INFO - Balance de clases tras SMOTETomek:
target
0.0    598
1.0    598
Name: count, dtype: int64
2025-01-11 20:08:40 - INFO - Balance de clases tras SMOTETomek:
target
0.0    598
1.0    598
Name: count, dtype: int64
2025-01-11 20:08:41 - INFO - Balance de clases tras SMOTETomek:
target
0.0    594
1.0    594
Name: count, dtype: int64
2025-01-11 20:08:42 - INFO - Balance de clases tras SMOTETomek:
target
0.0    602
1.0    602
Name: count, dtype: int64
2025-01-11 20:08:43 - INFO - Balance de clases tras SMOTETomek:
target
0.0    594
1.0    594
Name: count, dtype: int64
2025-01-11 20:08:44 - INFO - Balance de clases tras SMOTETomek:
target
0.0    604
1.0    604
Name: count, dtype: int64
2025-01-11 20:08:45 - INFO - Balance de clases tras SMOTETomek:
target
0.0    604
1.0    604
Name: count, dtype: int64
2025-01-11 20:08:47 - INFO - Balance de clases tras SMOTETomek:
target
0.0    598
1.0    598
Name: count, dtype: int64
2025-01-11 20:08:47 - INFO - Balance de clases tras SMOTETomek:
target
0.0    598
1.0    598
Name: count, dtype: int64
2025-01-11 20:08:48 - INFO - Balance de clases tras SMOTETomek:
target
0.0    598
1.0    598
Name: count, dtype: int64
2025-01-11 20:08:48 - INFO - Balance de clases tras SMOTETomek:
target
0.0    598
1.0    598
Name: count, dtype: int64
2025-01-11 20:08:49 - INFO - Balance de clases tras SMOTETomek:
target
0.0    602
1.0    602
Name: count, dtype: int64
2025-01-11 20:08:49 - INFO - Balance de clases tras SMOTETomek:
target
0.0    602
1.0    602
Name: count, dtype: int64
2025-01-11 20:08:49 - INFO - Balance de clases tras SMOTETomek:
target
0.0    594
1.0    594
Name: count, dtype: int64
2025-01-11 20:08:50 - INFO - Balance de clases tras SMOTETomek:
target
0.0    594
1.0    594
Name: count, dtype: int64
2025-01-11 20:08:50 - INFO - Balance de clases tras SMOTETomek:
target
0.0    604
1.0    604
Name: count, dtype: int64
2025-01-11 20:08:51 - INFO - Balance de clases tras SMOTETomek:
target
0.0    604
1.0    604
Name: count, dtype: int64
2025-01-11 20:08:51 - INFO - Balance de clases tras SMOTETomek:
target
0.0    598
1.0    598
Name: count, dtype: int64
2025-01-11 20:08:52 - INFO - Balance de clases tras SMOTETomek:
target
0.0    598
1.0    598
Name: count, dtype: int64
2025-01-11 20:08:53 - INFO - Balance de clases tras SMOTETomek:
target
0.0    598
1.0    598
Name: count, dtype: int64
2025-01-11 20:08:53 - INFO - Balance de clases tras SMOTETomek:
target
0.0    598
1.0    598
Name: count, dtype: int64
2025-01-11 20:08:54 - INFO - Balance de clases tras SMOTETomek:
target
0.0    602
1.0    602
Name: count, dtype: int64
2025-01-11 20:08:55 - INFO - Balance de clases tras SMOTETomek:
target
0.0    602
1.0    602
Name: count, dtype: int64
2025-01-11 20:08:55 - INFO - Balance de clases tras SMOTETomek:
target
0.0    594
1.0    594
Name: count, dtype: int64
2025-01-11 20:08:56 - INFO - Balance de clases tras SMOTETomek:
target
0.0    594
1.0    594
Name: count, dtype: int64
2025-01-11 20:08:57 - INFO - Balance de clases tras SMOTETomek:
target
0.0    604
1.0    604
Name: count, dtype: int64
2025-01-11 20:08:57 - INFO - Balance de clases tras SMOTETomek:
target
0.0    604
1.0    604
Name: count, dtype: int64
2025-01-11 20:08:58 - INFO - Balance de clases tras SMOTETomek:
target
0.0    598
1.0    598
Name: count, dtype: int64
2025-01-11 20:08:59 - INFO - Balance de clases tras SMOTETomek:
target
0.0    598
1.0    598
Name: count, dtype: int64
2025-01-11 20:09:00 - INFO - Balance de clases tras SMOTETomek:
target
0.0    598
1.0    598
Name: count, dtype: int64
2025-01-11 20:09:00 - INFO - Balance de clases tras SMOTETomek:
target
0.0    598
1.0    598
Name: count, dtype: int64
2025-01-11 20:09:01 - INFO - Balance de clases tras SMOTETomek:
target
0.0    602
1.0    602
Name: count, dtype: int64
2025-01-11 20:09:02 - INFO - Balance de clases tras SMOTETomek:
target
0.0    602
1.0    602
Name: count, dtype: int64
2025-01-11 20:09:02 - INFO - Balance de clases tras SMOTETomek:
target
0.0    594
1.0    594
Name: count, dtype: int64
2025-01-11 20:09:03 - INFO - Balance de clases tras SMOTETomek:
target
0.0    594
1.0    594
Name: count, dtype: int64
2025-01-11 20:09:03 - INFO - Balance de clases tras SMOTETomek:
target
0.0    604
1.0    604
Name: count, dtype: int64
2025-01-11 20:09:05 - INFO - Balance de clases tras SMOTETomek:
target
0.0    598
1.0    598
Name: count, dtype: int64
2025-01-11 20:09:05 - INFO - Balance de clases tras SMOTETomek:
target
0.0    604
1.0    604
Name: count, dtype: int64
2025-01-11 20:09:06 - INFO - Balance de clases tras SMOTETomek:
target
0.0    598
1.0    598
Name: count, dtype: int64
2025-01-11 20:09:06 - INFO - Balance de clases tras SMOTETomek:
target
0.0    598
1.0    598
Name: count, dtype: int64
2025-01-11 20:09:07 - INFO - Balance de clases tras SMOTETomek:
target
0.0    598
1.0    598
Name: count, dtype: int64
2025-01-11 20:09:08 - INFO - Balance de clases tras SMOTETomek:
target
0.0    602
1.0    602
Name: count, dtype: int64
2025-01-11 20:09:09 - INFO - Balance de clases tras SMOTETomek:
target
0.0    602
1.0    602
Name: count, dtype: int64
2025-01-11 20:09:10 - INFO - Balance de clases tras SMOTETomek:
target
0.0    594
1.0    594
Name: count, dtype: int64
2025-01-11 20:09:10 - INFO - Balance de clases tras SMOTETomek:
target
0.0    594
1.0    594
Name: count, dtype: int64
2025-01-11 20:09:11 - INFO - Balance de clases tras SMOTETomek:
target
0.0    604
1.0    604
Name: count, dtype: int64
2025-01-11 20:09:12 - INFO - Balance de clases tras SMOTETomek:
target
0.0    604
1.0    604
Name: count, dtype: int64
2025-01-11 20:09:12 - INFO - Balance de clases tras SMOTETomek:
target
0.0    598
1.0    598
Name: count, dtype: int64
2025-01-11 20:09:13 - INFO - Balance de clases tras SMOTETomek:
target
0.0    598
1.0    598
Name: count, dtype: int64
2025-01-11 20:09:14 - INFO - Balance de clases tras SMOTETomek:
target
0.0    598
1.0    598
Name: count, dtype: int64
2025-01-11 20:09:15 - INFO - Balance de clases tras SMOTETomek:
target
0.0    598
1.0    598
Name: count, dtype: int64
2025-01-11 20:09:16 - INFO - Balance de clases tras SMOTETomek:
target
0.0    602
1.0    602
Name: count, dtype: int64
2025-01-11 20:09:17 - INFO - Balance de clases tras SMOTETomek:
target
0.0    602
1.0    602
Name: count, dtype: int64
2025-01-11 20:09:18 - INFO - Balance de clases tras SMOTETomek:
target
0.0    594
1.0    594
Name: count, dtype: int64
2025-01-11 20:09:18 - INFO - Balance de clases tras SMOTETomek:
target
0.0    594
1.0    594
Name: count, dtype: int64
2025-01-11 20:09:20 - INFO - Balance de clases tras SMOTETomek:
target
0.0    604
1.0    604
Name: count, dtype: int64
2025-01-11 20:09:20 - INFO - Balance de clases tras SMOTETomek:
target
0.0    604
1.0    604
Name: count, dtype: int64
2025-01-11 20:09:21 - INFO - Balance de clases tras SMOTETomek:
target
0.0    598
1.0    598
Name: count, dtype: int64
2025-01-11 20:09:21 - INFO - Balance de clases tras SMOTETomek:
target
0.0    598
1.0    598
Name: count, dtype: int64
2025-01-11 20:09:23 - INFO - Balance de clases tras SMOTETomek:
target
0.0    598
1.0    598
Name: count, dtype: int64
2025-01-11 20:09:23 - INFO - Balance de clases tras SMOTETomek:
target
0.0    598
1.0    598
Name: count, dtype: int64
2025-01-11 20:09:24 - INFO - Balance de clases tras SMOTETomek:
target
0.0    602
1.0    602
Name: count, dtype: int64
2025-01-11 20:09:25 - INFO - Balance de clases tras SMOTETomek:
target
0.0    602
1.0    602
Name: count, dtype: int64
2025-01-11 20:09:26 - INFO - Balance de clases tras SMOTETomek:
target
0.0    594
1.0    594
Name: count, dtype: int64
2025-01-11 20:09:26 - INFO - Balance de clases tras SMOTETomek:
target
0.0    594
1.0    594
Name: count, dtype: int64
2025-01-11 20:09:27 - INFO - Balance de clases tras SMOTETomek:
target
0.0    604
1.0    604
Name: count, dtype: int64
2025-01-11 20:09:28 - INFO - Balance de clases tras SMOTETomek:
target
0.0    604
1.0    604
Name: count, dtype: int64
2025-01-11 20:09:29 - INFO - Balance de clases tras SMOTETomek:
target
0.0    598
1.0    598
Name: count, dtype: int64
2025-01-11 20:09:30 - INFO - Balance de clases tras SMOTETomek:
target
0.0    598
1.0    598
Name: count, dtype: int64
2025-01-11 20:09:30 - INFO - Balance de clases tras SMOTETomek:
target
0.0    598
1.0    598
Name: count, dtype: int64
2025-01-11 20:09:31 - INFO - Balance de clases tras SMOTETomek:
target
0.0    598
1.0    598
Name: count, dtype: int64
2025-01-11 20:09:32 - INFO - Balance de clases tras SMOTETomek:
target
0.0    602
1.0    602
Name: count, dtype: int64
2025-01-11 20:09:33 - INFO - Balance de clases tras SMOTETomek:
target
0.0    602
1.0    602
Name: count, dtype: int64
2025-01-11 20:09:33 - INFO - Balance de clases tras SMOTETomek:
target
0.0    594
1.0    594
Name: count, dtype: int64
2025-01-11 20:09:34 - INFO - Balance de clases tras SMOTETomek:
target
0.0    594
1.0    594
Name: count, dtype: int64
2025-01-11 20:09:35 - INFO - Balance de clases tras SMOTETomek:
target
0.0    604
1.0    604
Name: count, dtype: int64
2025-01-11 20:09:36 - INFO - Balance de clases tras SMOTETomek:
target
0.0    604
1.0    604
Name: count, dtype: int64
2025-01-11 20:09:36 - INFO - Balance de clases tras SMOTETomek:
target
0.0    598
1.0    598
Name: count, dtype: int64
2025-01-11 20:09:37 - INFO - Balance de clases tras SMOTETomek:
target
0.0    598
1.0    598
Name: count, dtype: int64
2025-01-11 20:09:38 - INFO - Balance de clases tras SMOTETomek:
target
0.0    598
1.0    598
Name: count, dtype: int64
2025-01-11 20:09:39 - INFO - Balance de clases tras SMOTETomek:
target
0.0    598
1.0    598
Name: count, dtype: int64
2025-01-11 20:09:39 - INFO - Balance de clases tras SMOTETomek:
target
0.0    602
1.0    602
Name: count, dtype: int64
2025-01-11 20:09:40 - INFO - Balance de clases tras SMOTETomek:
target
0.0    602
1.0    602
Name: count, dtype: int64
2025-01-11 20:09:41 - INFO - Balance de clases tras SMOTETomek:
target
0.0    594
1.0    594
Name: count, dtype: int64
2025-01-11 20:09:42 - INFO - Balance de clases tras SMOTETomek:
target
0.0    594
1.0    594
Name: count, dtype: int64
2025-01-11 20:09:42 - INFO - Balance de clases tras SMOTETomek:
target
0.0    604
1.0    604
Name: count, dtype: int64
2025-01-11 20:09:43 - INFO - Balance de clases tras SMOTETomek:
target
0.0    604
1.0    604
Name: count, dtype: int64
2025-01-11 20:09:44 - INFO - Balance de clases tras SMOTETomek:
target
0.0    598
1.0    598
Name: count, dtype: int64
2025-01-11 20:09:45 - INFO - Balance de clases tras SMOTETomek:
target
0.0    598
1.0    598
Name: count, dtype: int64
2025-01-11 20:09:45 - INFO - Balance de clases tras SMOTETomek:
target
0.0    598
1.0    598
Name: count, dtype: int64
2025-01-11 20:09:46 - INFO - Balance de clases tras SMOTETomek:
target
0.0    598
1.0    598
Name: count, dtype: int64
2025-01-11 20:09:47 - INFO - Balance de clases tras SMOTETomek:
target
0.0    602
1.0    602
Name: count, dtype: int64
2025-01-11 20:09:48 - INFO - Balance de clases tras SMOTETomek:
target
0.0    602
1.0    602
Name: count, dtype: int64
2025-01-11 20:09:48 - INFO - Balance de clases tras SMOTETomek:
target
0.0    594
1.0    594
Name: count, dtype: int64
2025-01-11 20:09:49 - INFO - Balance de clases tras SMOTETomek:
target
0.0    594
1.0    594
Name: count, dtype: int64
2025-01-11 20:09:50 - INFO - Balance de clases tras SMOTETomek:
target
0.0    604
1.0    604
Name: count, dtype: int64
2025-01-11 20:09:50 - INFO - Balance de clases tras SMOTETomek:
target
0.0    604
1.0    604
Name: count, dtype: int64
2025-01-11 20:09:51 - INFO - Balance de clases tras SMOTETomek:
target
0.0    598
1.0    598
Name: count, dtype: int64
2025-01-11 20:09:52 - INFO - Balance de clases tras SMOTETomek:
target
0.0    598
1.0    598
Name: count, dtype: int64
2025-01-11 20:09:53 - INFO - Balance de clases tras SMOTETomek:
target
0.0    598
1.0    598
Name: count, dtype: int64
2025-01-11 20:09:53 - INFO - Balance de clases tras SMOTETomek:
target
0.0    598
1.0    598
Name: count, dtype: int64
2025-01-11 20:09:54 - INFO - Balance de clases tras SMOTETomek:
target
0.0    602
1.0    602
Name: count, dtype: int64
2025-01-11 20:09:55 - INFO - Balance de clases tras SMOTETomek:
target
0.0    602
1.0    602
Name: count, dtype: int64
2025-01-11 20:09:55 - INFO - Balance de clases tras SMOTETomek:
target
0.0    594
1.0    594
Name: count, dtype: int64
2025-01-11 20:09:57 - INFO - Balance de clases tras SMOTETomek:
target
0.0    594
1.0    594
Name: count, dtype: int64
2025-01-11 20:09:57 - INFO - Balance de clases tras SMOTETomek:
target
0.0    604
1.0    604
Name: count, dtype: int64
2025-01-11 20:09:58 - INFO - Balance de clases tras SMOTETomek:
target
0.0    598
1.0    598
Name: count, dtype: int64
2025-01-11 20:09:58 - INFO - Balance de clases tras SMOTETomek:
target
0.0    604
1.0    604
Name: count, dtype: int64
2025-01-11 20:09:59 - INFO - Balance de clases tras SMOTETomek:
target
0.0    598
1.0    598
Name: count, dtype: int64
2025-01-11 20:10:00 - INFO - Balance de clases tras SMOTETomek:
target
0.0    598
1.0    598
Name: count, dtype: int64
2025-01-11 20:10:01 - INFO - Balance de clases tras SMOTETomek:
target
0.0    602
1.0    602
Name: count, dtype: int64
2025-01-11 20:10:01 - INFO - Balance de clases tras SMOTETomek:
target
0.0    598
1.0    598
Name: count, dtype: int64
2025-01-11 20:10:02 - INFO - Balance de clases tras SMOTETomek:
target
0.0    594
1.0    594
Name: count, dtype: int64
2025-01-11 20:10:03 - INFO - Balance de clases tras SMOTETomek:
target
0.0    602
1.0    602
Name: count, dtype: int64
2025-01-11 20:10:04 - INFO - Balance de clases tras SMOTETomek:
target
0.0    604
1.0    604
Name: count, dtype: int64
2025-01-11 20:10:05 - INFO - Balance de clases tras SMOTETomek:
target
0.0    594
1.0    594
Name: count, dtype: int64
2025-01-11 20:10:05 - INFO - Balance de clases tras SMOTETomek:
target
0.0    598
1.0    598
Name: count, dtype: int64
2025-01-11 20:10:06 - INFO - Balance de clases tras SMOTETomek:
target
0.0    604
1.0    604
Name: count, dtype: int64
2025-01-11 20:10:07 - INFO - Balance de clases tras SMOTETomek:
target
0.0    598
1.0    598
Name: count, dtype: int64
2025-01-11 20:10:08 - INFO - Balance de clases tras SMOTETomek:
target
0.0    598
1.0    598
Name: count, dtype: int64
2025-01-11 20:10:08 - INFO - Balance de clases tras SMOTETomek:
target
0.0    602
1.0    602
Name: count, dtype: int64
2025-01-11 20:10:09 - INFO - Balance de clases tras SMOTETomek:
target
0.0    598
1.0    598
Name: count, dtype: int64
2025-01-11 20:10:10 - INFO - Balance de clases tras SMOTETomek:
target
0.0    602
1.0    602
Name: count, dtype: int64
2025-01-11 20:10:10 - INFO - Balance de clases tras SMOTETomek:
target
0.0    594
1.0    594
Name: count, dtype: int64
2025-01-11 20:10:11 - INFO - Balance de clases tras SMOTETomek:
target
0.0    594
1.0    594
Name: count, dtype: int64
2025-01-11 20:10:11 - INFO - Balance de clases tras SMOTETomek:
target
0.0    604
1.0    604
Name: count, dtype: int64
2025-01-11 20:10:12 - INFO - Balance de clases tras SMOTETomek:
target
0.0    604
1.0    604
Name: count, dtype: int64
2025-01-11 20:10:12 - INFO - Balance de clases tras SMOTETomek:
target
0.0    598
1.0    598
Name: count, dtype: int64
2025-01-11 20:10:13 - INFO - Balance de clases tras SMOTETomek:
target
0.0    598
1.0    598
Name: count, dtype: int64
2025-01-11 20:10:14 - INFO - Balance de clases tras SMOTETomek:
target
0.0    598
1.0    598
Name: count, dtype: int64
2025-01-11 20:10:15 - INFO - Balance de clases tras SMOTETomek:
target
0.0    598
1.0    598
Name: count, dtype: int64
2025-01-11 20:10:16 - INFO - Balance de clases tras SMOTETomek:
target
0.0    602
1.0    602
Name: count, dtype: int64
2025-01-11 20:10:16 - INFO - Balance de clases tras SMOTETomek:
target
0.0    602
1.0    602
Name: count, dtype: int64
2025-01-11 20:10:17 - INFO - Balance de clases tras SMOTETomek:
target
0.0    594
1.0    594
Name: count, dtype: int64
2025-01-11 20:10:18 - INFO - Balance de clases tras SMOTETomek:
target
0.0    594
1.0    594
Name: count, dtype: int64
2025-01-11 20:10:19 - INFO - Balance de clases tras SMOTETomek:
target
0.0    604
1.0    604
Name: count, dtype: int64
2025-01-11 20:10:19 - INFO - Balance de clases tras SMOTETomek:
target
0.0    604
1.0    604
Name: count, dtype: int64
2025-01-11 20:10:20 - INFO - Balance de clases tras SMOTETomek:
target
0.0    598
1.0    598
Name: count, dtype: int64
2025-01-11 20:10:21 - INFO - Balance de clases tras SMOTETomek:
target
0.0    598
1.0    598
Name: count, dtype: int64
2025-01-11 20:10:21 - INFO - Balance de clases tras SMOTETomek:
target
0.0    598
1.0    598
Name: count, dtype: int64
2025-01-11 20:10:22 - INFO - Balance de clases tras SMOTETomek:
target
0.0    598
1.0    598
Name: count, dtype: int64
2025-01-11 20:10:22 - INFO - Balance de clases tras SMOTETomek:
target
0.0    602
1.0    602
Name: count, dtype: int64
2025-01-11 20:10:23 - INFO - Balance de clases tras SMOTETomek:
target
0.0    602
1.0    602
Name: count, dtype: int64
2025-01-11 20:10:24 - INFO - Balance de clases tras SMOTETomek:
target
0.0    594
1.0    594
Name: count, dtype: int64
2025-01-11 20:10:24 - INFO - Balance de clases tras SMOTETomek:
target
0.0    594
1.0    594
Name: count, dtype: int64
2025-01-11 20:10:25 - INFO - Balance de clases tras SMOTETomek:
target
0.0    604
1.0    604
Name: count, dtype: int64
2025-01-11 20:10:26 - INFO - Balance de clases tras SMOTETomek:
target
0.0    604
1.0    604
Name: count, dtype: int64
2025-01-11 20:10:26 - INFO - Balance de clases tras SMOTETomek:
target
0.0    598
1.0    598
Name: count, dtype: int64
2025-01-11 20:10:27 - INFO - Balance de clases tras SMOTETomek:
target
0.0    598
1.0    598
Name: count, dtype: int64
2025-01-11 20:10:28 - INFO - Balance de clases tras SMOTETomek:
target
0.0    598
1.0    598
Name: count, dtype: int64
2025-01-11 20:10:28 - INFO - Balance de clases tras SMOTETomek:
target
0.0    598
1.0    598
Name: count, dtype: int64
2025-01-11 20:10:29 - INFO - Balance de clases tras SMOTETomek:
target
0.0    602
1.0    602
Name: count, dtype: int64
2025-01-11 20:10:29 - INFO - Balance de clases tras SMOTETomek:
target
0.0    602
1.0    602
Name: count, dtype: int64
2025-01-11 20:10:31 - INFO - Balance de clases tras SMOTETomek:
target
0.0    594
1.0    594
Name: count, dtype: int64
2025-01-11 20:10:31 - INFO - Balance de clases tras SMOTETomek:
target
0.0    594
1.0    594
Name: count, dtype: int64
2025-01-11 20:10:32 - INFO - Balance de clases tras SMOTETomek:
target
0.0    604
1.0    604
Name: count, dtype: int64
2025-01-11 20:10:32 - INFO - Balance de clases tras SMOTETomek:
target
0.0    604
1.0    604
Name: count, dtype: int64
2025-01-11 20:10:34 - INFO - Balance de clases tras SMOTETomek:
target
0.0    598
1.0    598
Name: count, dtype: int64
2025-01-11 20:10:34 - INFO - Balance de clases tras SMOTETomek:
target
0.0    598
1.0    598
Name: count, dtype: int64
2025-01-11 20:10:35 - INFO - Balance de clases tras SMOTETomek:
target
0.0    598
1.0    598
Name: count, dtype: int64
2025-01-11 20:10:35 - INFO - Balance de clases tras SMOTETomek:
target
0.0    598
1.0    598
Name: count, dtype: int64
2025-01-11 20:10:36 - INFO - Balance de clases tras SMOTETomek:
target
0.0    602
1.0    602
Name: count, dtype: int64
2025-01-11 20:10:37 - INFO - Balance de clases tras SMOTETomek:
target
0.0    602
1.0    602
Name: count, dtype: int64
2025-01-11 20:10:37 - INFO - Balance de clases tras SMOTETomek:
target
0.0    594
1.0    594
Name: count, dtype: int64
2025-01-11 20:10:38 - INFO - Balance de clases tras SMOTETomek:
target
0.0    604
1.0    604
Name: count, dtype: int64
2025-01-11 20:10:38 - INFO - Balance de clases tras SMOTETomek:
target
0.0    594
1.0    594
Name: count, dtype: int64
2025-01-11 20:10:39 - INFO - Balance de clases tras SMOTETomek:
target
0.0    598
1.0    598
Name: count, dtype: int64
2025-01-11 20:10:39 - INFO - Balance de clases tras SMOTETomek:
target
0.0    604
1.0    604
Name: count, dtype: int64
2025-01-11 20:10:41 - INFO - Balance de clases tras SMOTETomek:
target
0.0    598
1.0    598
Name: count, dtype: int64
2025-01-11 20:10:41 - INFO - Balance de clases tras SMOTETomek:
target
0.0    598
1.0    598
Name: count, dtype: int64
2025-01-11 20:10:42 - INFO - Balance de clases tras SMOTETomek:
target
0.0    598
1.0    598
Name: count, dtype: int64
2025-01-11 20:10:43 - INFO - Balance de clases tras SMOTETomek:
target
0.0    602
1.0    602
Name: count, dtype: int64
2025-01-11 20:10:43 - INFO - Balance de clases tras SMOTETomek:
target
0.0    602
1.0    602
Name: count, dtype: int64
2025-01-11 20:10:44 - INFO - Balance de clases tras SMOTETomek:
target
0.0    594
1.0    594
Name: count, dtype: int64
2025-01-11 20:10:45 - INFO - Balance de clases tras SMOTETomek:
target
0.0    594
1.0    594
Name: count, dtype: int64
2025-01-11 20:10:46 - INFO - Balance de clases tras SMOTETomek:
target
0.0    604
1.0    604
Name: count, dtype: int64
2025-01-11 20:10:46 - INFO - Balance de clases tras SMOTETomek:
target
0.0    604
1.0    604
Name: count, dtype: int64
2025-01-11 20:10:47 - INFO - Balance de clases tras SMOTETomek:
target
0.0    598
1.0    598
Name: count, dtype: int64
2025-01-11 20:10:48 - INFO - Balance de clases tras SMOTETomek:
target
0.0    598
1.0    598
Name: count, dtype: int64
2025-01-11 20:10:49 - INFO - Balance de clases tras SMOTETomek:
target
0.0    598
1.0    598
Name: count, dtype: int64
2025-01-11 20:10:49 - INFO - Balance de clases tras SMOTETomek:
target
0.0    598
1.0    598
Name: count, dtype: int64
2025-01-11 20:10:51 - INFO - Balance de clases tras SMOTETomek:
target
0.0    602
1.0    602
Name: count, dtype: int64
2025-01-11 20:10:51 - INFO - Balance de clases tras SMOTETomek:
target
0.0    602
1.0    602
Name: count, dtype: int64
2025-01-11 20:10:53 - INFO - Balance de clases tras SMOTETomek:
target
0.0    594
1.0    594
Name: count, dtype: int64
2025-01-11 20:10:53 - INFO - Balance de clases tras SMOTETomek:
target
0.0    594
1.0    594
Name: count, dtype: int64
2025-01-11 20:10:55 - INFO - Balance de clases tras SMOTETomek:
target
0.0    604
1.0    604
Name: count, dtype: int64
2025-01-11 20:10:55 - INFO - Balance de clases tras SMOTETomek:
target
0.0    604
1.0    604
Name: count, dtype: int64
2025-01-11 20:10:57 - INFO - Balance de clases tras SMOTETomek:
target
0.0    598
1.0    598
Name: count, dtype: int64
2025-01-11 20:10:57 - INFO - Balance de clases tras SMOTETomek:
target
0.0    598
1.0    598
Name: count, dtype: int64
2025-01-11 20:10:58 - INFO - Balance de clases tras SMOTETomek:
target
0.0    598
1.0    598
Name: count, dtype: int64
2025-01-11 20:10:58 - INFO - Balance de clases tras SMOTETomek:
target
0.0    598
1.0    598
Name: count, dtype: int64
2025-01-11 20:11:00 - INFO - Balance de clases tras SMOTETomek:
target
0.0    602
1.0    602
Name: count, dtype: int64
2025-01-11 20:11:00 - INFO - Balance de clases tras SMOTETomek:
target
0.0    602
1.0    602
Name: count, dtype: int64
2025-01-11 20:11:01 - INFO - Balance de clases tras SMOTETomek:
target
0.0    594
1.0    594
Name: count, dtype: int64
2025-01-11 20:11:01 - INFO - Balance de clases tras SMOTETomek:
target
0.0    594
1.0    594
Name: count, dtype: int64
2025-01-11 20:11:03 - INFO - Balance de clases tras SMOTETomek:
target
0.0    604
1.0    604
Name: count, dtype: int64
2025-01-11 20:11:03 - INFO - Balance de clases tras SMOTETomek:
target
0.0    604
1.0    604
Name: count, dtype: int64
2025-01-11 20:11:04 - INFO - Balance de clases tras SMOTETomek:
target
0.0    598
1.0    598
Name: count, dtype: int64
2025-01-11 20:11:05 - INFO - Balance de clases tras SMOTETomek:
target
0.0    598
1.0    598
Name: count, dtype: int64
2025-01-11 20:11:05 - INFO - Balance de clases tras SMOTETomek:
target
0.0    598
1.0    598
Name: count, dtype: int64
2025-01-11 20:11:06 - INFO - Balance de clases tras SMOTETomek:
target
0.0    598
1.0    598
Name: count, dtype: int64
2025-01-11 20:11:06 - INFO - Balance de clases tras SMOTETomek:
target
0.0    602
1.0    602
Name: count, dtype: int64
2025-01-11 20:11:07 - INFO - Balance de clases tras SMOTETomek:
target
0.0    602
1.0    602
Name: count, dtype: int64
2025-01-11 20:11:08 - INFO - Balance de clases tras SMOTETomek:
target
0.0    594
1.0    594
Name: count, dtype: int64
2025-01-11 20:11:08 - INFO - Balance de clases tras SMOTETomek:
target
0.0    594
1.0    594
Name: count, dtype: int64
2025-01-11 20:11:09 - INFO - Balance de clases tras SMOTETomek:
target
0.0    604
1.0    604
Name: count, dtype: int64
2025-01-11 20:11:09 - INFO - Balance de clases tras SMOTETomek:
target
0.0    604
1.0    604
Name: count, dtype: int64
2025-01-11 20:11:10 - INFO - Balance de clases tras SMOTETomek:
target
0.0    598
1.0    598
Name: count, dtype: int64
2025-01-11 20:11:10 - INFO - Balance de clases tras SMOTETomek:
target
0.0    598
1.0    598
Name: count, dtype: int64
2025-01-11 20:11:12 - INFO - Balance de clases tras SMOTETomek:
target
0.0    598
1.0    598
Name: count, dtype: int64
2025-01-11 20:11:12 - INFO - Balance de clases tras SMOTETomek:
target
0.0    598
1.0    598
Name: count, dtype: int64
2025-01-11 20:11:13 - INFO - Balance de clases tras SMOTETomek:
target
0.0    602
1.0    602
Name: count, dtype: int64
2025-01-11 20:11:13 - INFO - Balance de clases tras SMOTETomek:
target
0.0    602
1.0    602
Name: count, dtype: int64
2025-01-11 20:11:14 - INFO - Balance de clases tras SMOTETomek:
target
0.0    594
1.0    594
Name: count, dtype: int64
2025-01-11 20:11:15 - INFO - Balance de clases tras SMOTETomek:
target
0.0    594
1.0    594
Name: count, dtype: int64
2025-01-11 20:11:15 - INFO - Balance de clases tras SMOTETomek:
target
0.0    604
1.0    604
Name: count, dtype: int64
2025-01-11 20:11:17 - INFO - Balance de clases tras SMOTETomek:
target
0.0    598
1.0    598
Name: count, dtype: int64
2025-01-11 20:11:17 - INFO - Balance de clases tras SMOTETomek:
target
0.0    604
1.0    604
Name: count, dtype: int64
2025-01-11 20:11:18 - INFO - Balance de clases tras SMOTETomek:
target
0.0    598
1.0    598
Name: count, dtype: int64
2025-01-11 20:11:19 - INFO - Balance de clases tras SMOTETomek:
target
0.0    598
1.0    598
Name: count, dtype: int64
2025-01-11 20:11:19 - INFO - Balance de clases tras SMOTETomek:
target
0.0    602
1.0    602
Name: count, dtype: int64
2025-01-11 20:11:20 - INFO - Balance de clases tras SMOTETomek:
target
0.0    598
1.0    598
Name: count, dtype: int64
2025-01-11 20:11:20 - INFO - Balance de clases tras SMOTETomek:
target
0.0    594
1.0    594
Name: count, dtype: int64
2025-01-11 20:11:21 - INFO - Balance de clases tras SMOTETomek:
target
0.0    602
1.0    602
Name: count, dtype: int64
2025-01-11 20:11:21 - INFO - Balance de clases tras SMOTETomek:
target
0.0    604
1.0    604
Name: count, dtype: int64
2025-01-11 20:11:22 - INFO - Balance de clases tras SMOTETomek:
target
0.0    594
1.0    594
Name: count, dtype: int64
2025-01-11 20:11:22 - INFO - Balance de clases tras SMOTETomek:
target
0.0    598
1.0    598
Name: count, dtype: int64
2025-01-11 20:11:23 - INFO - Balance de clases tras SMOTETomek:
target
0.0    604
1.0    604
Name: count, dtype: int64
2025-01-11 20:11:24 - INFO - Balance de clases tras SMOTETomek:
target
0.0    598
1.0    598
Name: count, dtype: int64
2025-01-11 20:11:24 - INFO - Balance de clases tras SMOTETomek:
target
0.0    598
1.0    598
Name: count, dtype: int64
2025-01-11 20:11:25 - INFO - Balance de clases tras SMOTETomek:
target
0.0    602
1.0    602
Name: count, dtype: int64
2025-01-11 20:11:26 - INFO - Balance de clases tras SMOTETomek:
target
0.0    598
1.0    598
Name: count, dtype: int64
2025-01-11 20:11:27 - INFO - Balance de clases tras SMOTETomek:
target
0.0    594
1.0    594
Name: count, dtype: int64
2025-01-11 20:11:27 - INFO - Balance de clases tras SMOTETomek:
target
0.0    602
1.0    602
Name: count, dtype: int64
2025-01-11 20:11:28 - INFO - Balance de clases tras SMOTETomek:
target
0.0    604
1.0    604
Name: count, dtype: int64
2025-01-11 20:11:29 - INFO - Balance de clases tras SMOTETomek:
target
0.0    594
1.0    594
Name: count, dtype: int64
2025-01-11 20:11:30 - INFO - Balance de clases tras SMOTETomek:
target
0.0    598
1.0    598
Name: count, dtype: int64
2025-01-11 20:11:31 - INFO - Balance de clases tras SMOTETomek:
target
0.0    604
1.0    604
Name: count, dtype: int64
2025-01-11 20:11:32 - INFO - Balance de clases tras SMOTETomek:
target
0.0    598
1.0    598
Name: count, dtype: int64
2025-01-11 20:11:33 - INFO - Balance de clases tras SMOTETomek:
target
0.0    598
1.0    598
Name: count, dtype: int64
2025-01-11 20:11:35 - INFO - Balance de clases tras SMOTETomek:
target
0.0    602
1.0    602
Name: count, dtype: int64
2025-01-11 20:11:36 - INFO - Balance de clases tras SMOTETomek:
target
0.0    598
1.0    598
Name: count, dtype: int64
2025-01-11 20:11:37 - INFO - Balance de clases tras SMOTETomek:
target
0.0    594
1.0    594
Name: count, dtype: int64
2025-01-11 20:11:37 - INFO - Balance de clases tras SMOTETomek:
target
0.0    602
1.0    602
Name: count, dtype: int64
2025-01-11 20:11:39 - INFO - Balance de clases tras SMOTETomek:
target
0.0    594
1.0    594
Name: count, dtype: int64
2025-01-11 20:11:39 - INFO - Balance de clases tras SMOTETomek:
target
0.0    604
1.0    604
Name: count, dtype: int64
2025-01-11 20:11:40 - INFO - Balance de clases tras SMOTETomek:
target
0.0    604
1.0    604
Name: count, dtype: int64
2025-01-11 20:11:41 - INFO - Balance de clases tras SMOTETomek:
target
0.0    598
1.0    598
Name: count, dtype: int64
2025-01-11 20:11:42 - INFO - Balance de clases tras SMOTETomek:
target
0.0    598
1.0    598
Name: count, dtype: int64
2025-01-11 20:11:42 - INFO - Balance de clases tras SMOTETomek:
target
0.0    598
1.0    598
Name: count, dtype: int64
2025-01-11 20:11:43 - INFO - Balance de clases tras SMOTETomek:
target
0.0    598
1.0    598
Name: count, dtype: int64
2025-01-11 20:11:44 - INFO - Balance de clases tras SMOTETomek:
target
0.0    602
1.0    602
Name: count, dtype: int64
2025-01-11 20:11:45 - INFO - Balance de clases tras SMOTETomek:
target
0.0    602
1.0    602
Name: count, dtype: int64
2025-01-11 20:11:45 - INFO - Balance de clases tras SMOTETomek:
target
0.0    594
1.0    594
Name: count, dtype: int64
2025-01-11 20:11:46 - INFO - Balance de clases tras SMOTETomek:
target
0.0    594
1.0    594
Name: count, dtype: int64
2025-01-11 20:11:47 - INFO - Balance de clases tras SMOTETomek:
target
0.0    604
1.0    604
Name: count, dtype: int64
2025-01-11 20:11:48 - INFO - Balance de clases tras SMOTETomek:
target
0.0    604
1.0    604
Name: count, dtype: int64
2025-01-11 20:11:48 - INFO - Balance de clases tras SMOTETomek:
target
0.0    598
1.0    598
Name: count, dtype: int64
2025-01-11 20:11:50 - INFO - Balance de clases tras SMOTETomek:
target
0.0    598
1.0    598
Name: count, dtype: int64
2025-01-11 20:11:50 - INFO - Balance de clases tras SMOTETomek:
target
0.0    598
1.0    598
Name: count, dtype: int64
2025-01-11 20:11:51 - INFO - Balance de clases tras SMOTETomek:
target
0.0    598
1.0    598
Name: count, dtype: int64
2025-01-11 20:11:52 - INFO - Balance de clases tras SMOTETomek:
target
0.0    602
1.0    602
Name: count, dtype: int64
2025-01-11 20:11:53 - INFO - Balance de clases tras SMOTETomek:
target
0.0    602
1.0    602
Name: count, dtype: int64
2025-01-11 20:11:53 - INFO - Balance de clases tras SMOTETomek:
target
0.0    594
1.0    594
Name: count, dtype: int64
2025-01-11 20:11:54 - INFO - Balance de clases tras SMOTETomek:
target
0.0    594
1.0    594
Name: count, dtype: int64
2025-01-11 20:11:55 - INFO - Balance de clases tras SMOTETomek:
target
0.0    604
1.0    604
Name: count, dtype: int64
2025-01-11 20:11:55 - INFO - Balance de clases tras SMOTETomek:
target
0.0    604
1.0    604
Name: count, dtype: int64
2025-01-11 20:11:56 - INFO - Balance de clases tras SMOTETomek:
target
0.0    598
1.0    598
Name: count, dtype: int64
2025-01-11 20:11:57 - INFO - Balance de clases tras SMOTETomek:
target
0.0    598
1.0    598
Name: count, dtype: int64
2025-01-11 20:11:58 - INFO - Balance de clases tras SMOTETomek:
target
0.0    598
1.0    598
Name: count, dtype: int64
2025-01-11 20:11:58 - INFO - Balance de clases tras SMOTETomek:
target
0.0    598
1.0    598
Name: count, dtype: int64
2025-01-11 20:11:59 - INFO - Balance de clases tras SMOTETomek:
target
0.0    602
1.0    602
Name: count, dtype: int64
2025-01-11 20:12:00 - INFO - Balance de clases tras SMOTETomek:
target
0.0    602
1.0    602
Name: count, dtype: int64
2025-01-11 20:12:00 - INFO - Balance de clases tras SMOTETomek:
target
0.0    594
1.0    594
Name: count, dtype: int64
2025-01-11 20:12:01 - INFO - Balance de clases tras SMOTETomek:
target
0.0    594
1.0    594
Name: count, dtype: int64
2025-01-11 20:12:02 - INFO - Balance de clases tras SMOTETomek:
target
0.0    604
1.0    604
Name: count, dtype: int64
2025-01-11 20:12:03 - INFO - Balance de clases tras SMOTETomek:
target
0.0    604
1.0    604
Name: count, dtype: int64
2025-01-11 20:12:03 - INFO - Balance de clases tras SMOTETomek:
target
0.0    598
1.0    598
Name: count, dtype: int64
2025-01-11 20:12:04 - INFO - Balance de clases tras SMOTETomek:
target
0.0    598
1.0    598
Name: count, dtype: int64
2025-01-11 20:12:05 - INFO - Balance de clases tras SMOTETomek:
target
0.0    598
1.0    598
Name: count, dtype: int64
2025-01-11 20:12:06 - INFO - Balance de clases tras SMOTETomek:
target
0.0    598
1.0    598
Name: count, dtype: int64
2025-01-11 20:12:06 - INFO - Balance de clases tras SMOTETomek:
target
0.0    602
1.0    602
Name: count, dtype: int64
2025-01-11 20:12:07 - INFO - Balance de clases tras SMOTETomek:
target
0.0    594
1.0    594
Name: count, dtype: int64
2025-01-11 20:12:07 - INFO - Balance de clases tras SMOTETomek:
target
0.0    602
1.0    602
Name: count, dtype: int64
2025-01-11 20:12:08 - INFO - Balance de clases tras SMOTETomek:
target
0.0    604
1.0    604
Name: count, dtype: int64
2025-01-11 20:12:09 - INFO - Balance de clases tras SMOTETomek:
target
0.0    594
1.0    594
Name: count, dtype: int64
2025-01-11 20:12:10 - INFO - Balance de clases tras SMOTETomek:
target
0.0    598
1.0    598
Name: count, dtype: int64
2025-01-11 20:12:10 - INFO - Balance de clases tras SMOTETomek:
target
0.0    604
1.0    604
Name: count, dtype: int64
2025-01-11 20:12:11 - INFO - Balance de clases tras SMOTETomek:
target
0.0    598
1.0    598
Name: count, dtype: int64
2025-01-11 20:12:12 - INFO - Balance de clases tras SMOTETomek:
target
0.0    598
1.0    598
Name: count, dtype: int64
2025-01-11 20:12:13 - INFO - Balance de clases tras SMOTETomek:
target
0.0    602
1.0    602
Name: count, dtype: int64
2025-01-11 20:12:13 - INFO - Balance de clases tras SMOTETomek:
target
0.0    598
1.0    598
Name: count, dtype: int64
2025-01-11 20:12:14 - INFO - Balance de clases tras SMOTETomek:
target
0.0    602
1.0    602
Name: count, dtype: int64
2025-01-11 20:12:15 - INFO - Balance de clases tras SMOTETomek:
target
0.0    594
1.0    594
Name: count, dtype: int64
2025-01-11 20:12:15 - INFO - Balance de clases tras SMOTETomek:
target
0.0    594
1.0    594
Name: count, dtype: int64
2025-01-11 20:12:16 - INFO - Balance de clases tras SMOTETomek:
target
0.0    604
1.0    604
Name: count, dtype: int64
2025-01-11 20:12:16 - INFO - Balance de clases tras SMOTETomek:
target
0.0    604
1.0    604
Name: count, dtype: int64
2025-01-11 20:12:18 - INFO - Balance de clases tras SMOTETomek:
target
0.0    598
1.0    598
Name: count, dtype: int64
2025-01-11 20:12:18 - INFO - Balance de clases tras SMOTETomek:
target
0.0    598
1.0    598
Name: count, dtype: int64
2025-01-11 20:12:19 - INFO - Balance de clases tras SMOTETomek:
target
0.0    598
1.0    598
Name: count, dtype: int64
2025-01-11 20:12:19 - INFO - Balance de clases tras SMOTETomek:
target
0.0    598
1.0    598
Name: count, dtype: int64
2025-01-11 20:12:21 - INFO - Balance de clases tras SMOTETomek:
target
0.0    602
1.0    602
Name: count, dtype: int64
2025-01-11 20:12:21 - INFO - Balance de clases tras SMOTETomek:
target
0.0    602
1.0    602
Name: count, dtype: int64
2025-01-11 20:12:22 - INFO - Balance de clases tras SMOTETomek:
target
0.0    594
1.0    594
Name: count, dtype: int64
2025-01-11 20:12:23 - INFO - Balance de clases tras SMOTETomek:
target
0.0    594
1.0    594
Name: count, dtype: int64
2025-01-11 20:12:23 - INFO - Balance de clases tras SMOTETomek:
target
0.0    604
1.0    604
Name: count, dtype: int64
2025-01-11 20:12:24 - INFO - Balance de clases tras SMOTETomek:
target
0.0    604
1.0    604
Name: count, dtype: int64
2025-01-11 20:12:25 - INFO - Balance de clases tras SMOTETomek:
target
0.0    598
1.0    598
Name: count, dtype: int64
2025-01-11 20:12:26 - INFO - Balance de clases tras SMOTETomek:
target
0.0    598
1.0    598
Name: count, dtype: int64
2025-01-11 20:12:26 - INFO - Balance de clases tras SMOTETomek:
target
0.0    598
1.0    598
Name: count, dtype: int64
2025-01-11 20:12:27 - INFO - Balance de clases tras SMOTETomek:
target
0.0    602
1.0    602
Name: count, dtype: int64
2025-01-11 20:12:28 - INFO - Balance de clases tras SMOTETomek:
target
0.0    598
1.0    598
Name: count, dtype: int64
2025-01-11 20:12:29 - INFO - Balance de clases tras SMOTETomek:
target
0.0    594
1.0    594
Name: count, dtype: int64
2025-01-11 20:12:29 - INFO - Balance de clases tras SMOTETomek:
target
0.0    602
1.0    602
Name: count, dtype: int64
2025-01-11 20:12:30 - INFO - Balance de clases tras SMOTETomek:
target
0.0    604
1.0    604
Name: count, dtype: int64
2025-01-11 20:12:31 - INFO - Balance de clases tras SMOTETomek:
target
0.0    594
1.0    594
Name: count, dtype: int64
2025-01-11 20:12:32 - INFO - Balance de clases tras SMOTETomek:
target
0.0    598
1.0    598
Name: count, dtype: int64
2025-01-11 20:12:33 - INFO - Balance de clases tras SMOTETomek:
target
0.0    604
1.0    604
Name: count, dtype: int64
2025-01-11 20:12:34 - INFO - Balance de clases tras SMOTETomek:
target
0.0    598
1.0    598
Name: count, dtype: int64
2025-01-11 20:12:35 - INFO - Balance de clases tras SMOTETomek:
target
0.0    598
1.0    598
Name: count, dtype: int64
2025-01-11 20:12:36 - INFO - Balance de clases tras SMOTETomek:
target
0.0    602
1.0    602
Name: count, dtype: int64
2025-01-11 20:12:36 - INFO - Balance de clases tras SMOTETomek:
target
0.0    598
1.0    598
Name: count, dtype: int64
2025-01-11 20:12:37 - INFO - Balance de clases tras SMOTETomek:
target
0.0    594
1.0    594
Name: count, dtype: int64
2025-01-11 20:12:38 - INFO - Balance de clases tras SMOTETomek:
target
0.0    602
1.0    602
Name: count, dtype: int64
2025-01-11 20:12:39 - INFO - Balance de clases tras SMOTETomek:
target
0.0    604
1.0    604
Name: count, dtype: int64
2025-01-11 20:12:39 - INFO - Balance de clases tras SMOTETomek:
target
0.0    594
1.0    594
Name: count, dtype: int64
2025-01-11 20:12:41 - INFO - Balance de clases tras SMOTETomek:
target
0.0    604
1.0    604
Name: count, dtype: int64
2025-01-11 20:12:41 - INFO - Balance de clases tras SMOTETomek:
target
0.0    598
1.0    598
Name: count, dtype: int64
2025-01-11 20:12:43 - INFO - Balance de clases tras SMOTETomek:
target
0.0    598
1.0    598
Name: count, dtype: int64
2025-01-11 20:12:43 - INFO - Balance de clases tras SMOTETomek:
target
0.0    598
1.0    598
Name: count, dtype: int64
2025-01-11 20:12:44 - INFO - Balance de clases tras SMOTETomek:
target
0.0    598
1.0    598
Name: count, dtype: int64
2025-01-11 20:12:45 - INFO - Balance de clases tras SMOTETomek:
target
0.0    602
1.0    602
Name: count, dtype: int64
2025-01-11 20:12:46 - INFO - Balance de clases tras SMOTETomek:
target
0.0    602
1.0    602
Name: count, dtype: int64
2025-01-11 20:12:46 - INFO - Balance de clases tras SMOTETomek:
target
0.0    594
1.0    594
Name: count, dtype: int64
2025-01-11 20:12:47 - INFO - Balance de clases tras SMOTETomek:
target
0.0    594
1.0    594
Name: count, dtype: int64
2025-01-11 20:12:48 - INFO - Balance de clases tras SMOTETomek:
target
0.0    604
1.0    604
Name: count, dtype: int64
2025-01-11 20:12:49 - INFO - Balance de clases tras SMOTETomek:
target
0.0    604
1.0    604
Name: count, dtype: int64
2025-01-11 20:12:49 - INFO - Balance de clases tras SMOTETomek:
target
0.0    598
1.0    598
Name: count, dtype: int64
2025-01-11 20:12:51 - INFO - Balance de clases tras SMOTETomek:
target
0.0    598
1.0    598
Name: count, dtype: int64
2025-01-11 20:12:51 - INFO - Balance de clases tras SMOTETomek:
target
0.0    598
1.0    598
Name: count, dtype: int64
2025-01-11 20:12:52 - INFO - Balance de clases tras SMOTETomek:
target
0.0    598
1.0    598
Name: count, dtype: int64
2025-01-11 20:12:52 - INFO - Balance de clases tras SMOTETomek:
target
0.0    602
1.0    602
Name: count, dtype: int64
2025-01-11 20:12:53 - INFO - Balance de clases tras SMOTETomek:
target
0.0    602
1.0    602
Name: count, dtype: int64
2025-01-11 20:12:53 - INFO - Balance de clases tras SMOTETomek:
target
0.0    594
1.0    594
Name: count, dtype: int64
2025-01-11 20:12:55 - INFO - Balance de clases tras SMOTETomek:
target
0.0    594
1.0    594
Name: count, dtype: int64
2025-01-11 20:12:55 - INFO - Balance de clases tras SMOTETomek:
target
0.0    604
1.0    604
Name: count, dtype: int64
2025-01-11 20:12:56 - INFO - Balance de clases tras SMOTETomek:
target
0.0    604
1.0    604
Name: count, dtype: int64
2025-01-11 20:12:56 - INFO - Balance de clases tras SMOTETomek:
target
0.0    598
1.0    598
Name: count, dtype: int64
2025-01-11 20:12:57 - INFO - Balance de clases tras SMOTETomek:
target
0.0    598
1.0    598
Name: count, dtype: int64
2025-01-11 20:12:58 - INFO - Balance de clases tras SMOTETomek:
target
0.0    598
1.0    598
Name: count, dtype: int64
2025-01-11 20:12:59 - INFO - Balance de clases tras SMOTETomek:
target
0.0    598
1.0    598
Name: count, dtype: int64
2025-01-11 20:13:00 - INFO - Balance de clases tras SMOTETomek:
target
0.0    602
1.0    602
Name: count, dtype: int64
2025-01-11 20:13:01 - INFO - Balance de clases tras SMOTETomek:
target
0.0    602
1.0    602
Name: count, dtype: int64
2025-01-11 20:13:01 - INFO - Balance de clases tras SMOTETomek:
target
0.0    594
1.0    594
Name: count, dtype: int64
2025-01-11 20:13:02 - INFO - Balance de clases tras SMOTETomek:
target
0.0    594
1.0    594
Name: count, dtype: int64
2025-01-11 20:13:03 - INFO - Balance de clases tras SMOTETomek:
target
0.0    604
1.0    604
Name: count, dtype: int64
2025-01-11 20:13:04 - INFO - Balance de clases tras SMOTETomek:
target
0.0    604
1.0    604
Name: count, dtype: int64
2025-01-11 20:13:05 - INFO - Balance de clases tras SMOTETomek:
target
0.0    598
1.0    598
Name: count, dtype: int64
2025-01-11 20:13:06 - INFO - Balance de clases tras SMOTETomek:
target
0.0    598
1.0    598
Name: count, dtype: int64
2025-01-11 20:13:07 - INFO - Balance de clases tras SMOTETomek:
target
0.0    598
1.0    598
Name: count, dtype: int64
2025-01-11 20:13:08 - INFO - Balance de clases tras SMOTETomek:
target
0.0    598
1.0    598
Name: count, dtype: int64
2025-01-11 20:13:08 - INFO - Balance de clases tras SMOTETomek:
target
0.0    602
1.0    602
Name: count, dtype: int64
2025-01-11 20:13:09 - INFO - Balance de clases tras SMOTETomek:
target
0.0    602
1.0    602
Name: count, dtype: int64
2025-01-11 20:13:10 - INFO - Balance de clases tras SMOTETomek:
target
0.0    594
1.0    594
Name: count, dtype: int64
2025-01-11 20:13:11 - INFO - Balance de clases tras SMOTETomek:
target
0.0    594
1.0    594
Name: count, dtype: int64
2025-01-11 20:13:12 - INFO - Balance de clases tras SMOTETomek:
target
0.0    604
1.0    604
Name: count, dtype: int64
2025-01-11 20:13:13 - INFO - Balance de clases tras SMOTETomek:
target
0.0    604
1.0    604
Name: count, dtype: int64
2025-01-11 20:13:14 - INFO - Balance de clases tras SMOTETomek:
target
0.0    598
1.0    598
Name: count, dtype: int64
2025-01-11 20:13:14 - INFO - Balance de clases tras SMOTETomek:
target
0.0    598
1.0    598
Name: count, dtype: int64
2025-01-11 20:13:16 - INFO - Balance de clases tras SMOTETomek:
target
0.0    598
1.0    598
Name: count, dtype: int64
2025-01-11 20:13:16 - INFO - Balance de clases tras SMOTETomek:
target
0.0    598
1.0    598
Name: count, dtype: int64
2025-01-11 20:13:17 - INFO - Balance de clases tras SMOTETomek:
target
0.0    602
1.0    602
Name: count, dtype: int64
2025-01-11 20:13:18 - INFO - Balance de clases tras SMOTETomek:
target
0.0    602
1.0    602
Name: count, dtype: int64
2025-01-11 20:13:19 - INFO - Balance de clases tras SMOTETomek:
target
0.0    594
1.0    594
Name: count, dtype: int64
2025-01-11 20:13:19 - INFO - Balance de clases tras SMOTETomek:
target
0.0    594
1.0    594
Name: count, dtype: int64
2025-01-11 20:13:20 - INFO - Balance de clases tras SMOTETomek:
target
0.0    604
1.0    604
Name: count, dtype: int64
2025-01-11 20:13:21 - INFO - Balance de clases tras SMOTETomek:
target
0.0    604
1.0    604
Name: count, dtype: int64
2025-01-11 20:13:22 - INFO - Balance de clases tras SMOTETomek:
target
0.0    598
1.0    598
Name: count, dtype: int64
2025-01-11 20:13:22 - INFO - Balance de clases tras SMOTETomek:
target
0.0    598
1.0    598
Name: count, dtype: int64
2025-01-11 20:13:23 - INFO - Balance de clases tras SMOTETomek:
target
0.0    598
1.0    598
Name: count, dtype: int64
2025-01-11 20:13:24 - INFO - Balance de clases tras SMOTETomek:
target
0.0    598
1.0    598
Name: count, dtype: int64
2025-01-11 20:13:24 - INFO - Balance de clases tras SMOTETomek:
target
0.0    602
1.0    602
Name: count, dtype: int64
2025-01-11 20:13:25 - INFO - Balance de clases tras SMOTETomek:
target
0.0    602
1.0    602
Name: count, dtype: int64
2025-01-11 20:13:26 - INFO - Balance de clases tras SMOTETomek:
target
0.0    594
1.0    594
Name: count, dtype: int64
2025-01-11 20:13:26 - INFO - Balance de clases tras SMOTETomek:
target
0.0    594
1.0    594
Name: count, dtype: int64
2025-01-11 20:13:27 - INFO - Balance de clases tras SMOTETomek:
target
0.0    604
1.0    604
Name: count, dtype: int64
2025-01-11 20:13:27 - INFO - Balance de clases tras SMOTETomek:
target
0.0    604
1.0    604
Name: count, dtype: int64
2025-01-11 20:13:28 - INFO - Mejor Precision: 0.8010
2025-01-11 20:13:28 - INFO - Mejores parámetros: {'max_depth': 10, 'learning_rate': 0.07103542470973583, 'n_estimators': 381, 'subsample': 0.6221890862596111, 'colsample_bytree': 0.8629788974366407, 'gamma': 0.12771152394819288, 'reg_alpha': 0.05709488622612911, 'reg_lambda': 0.07114080705921391}
2025-01-11 20:13:28 - INFO - === Entrenando Pipeline Final con TODO el Training ===
2025-01-11 20:13:28 - INFO - Columnas extra eliminadas: ['future_close', 'change_pct']
2025-01-11 20:13:28 - WARNING - Estas columnas están 100% NaN y se eliminarán antes de imputar: ['VWAP', 'ATR']
2025-01-11 20:13:28 - INFO - Dataset preparado: 1634 filas, 21 features (después de imputación).
2025-01-11 20:13:28 - INFO - Balance de clases tras SMOTETomek:
target
0.0    847
1.0    847
Name: count, dtype: int64
2025-01-11 20:13:29 - INFO - Pipeline final entrenado con TODOS los datos de entrenamiento.
2025-01-11 20:13:29 - INFO - Pipeline completo guardado en: ./results/XGBoost_Binario_trained_pipeline.joblib
2025-01-11 20:13:29 - INFO - Parámetros guardados en: ./results/XGBoost_Binario_model_params.txt
2025-01-11 20:13:29 - INFO - Lista de features guardada en: ./results/XGBoost_Binario_feature_cols.txt
2025-01-11 20:13:29 - INFO - Columnas de indicadores existentes eliminadas: ['RSI', 'MACD', 'MACDs', 'MACDh', 'VWAP', 'OBV', 'BBL', 'BBM', 'BBU', 'ATR', 'STOCHk', 'STOCHd', 'CCI', 'SMA_10', 'SMA_50', 'SMA_200', 'EMA_10', 'EMA_50']
2025-01-11 20:13:29 - INFO - Indicadores técnicos agregados. Filas antes: 880, después: 681 (descartadas: 199)
2025-01-11 20:13:29 - INFO - Columnas renombradas: {'RSI_14': 'RSI', 'MACD_12_26_9': 'MACD', 'MACDs_12_26_9': 'MACDs', 'MACDh_12_26_9': 'MACDh', 'VWAP': 'VWAP', 'BBL_20_2.0': 'BBL', 'BBM_20_2.0': 'BBM', 'BBU_20_2.0': 'BBU', 'ATR_14': 'ATR', 'STOCHk_14_3_3': 'STOCHk', 'STOCHd_14_3_3': 'STOCHd', 'CCI_14_0.015': 'CCI', 'SMA_10': 'SMA_10', 'SMA_50': 'SMA_50', 'SMA_200': 'SMA_200', 'EMA_10': 'EMA_10', 'EMA_50': 'EMA_50'}
2025-01-11 20:13:29 - WARNING - Columna faltante 'VWAP' añadida con NaN.
2025-01-11 20:13:29 - WARNING - Columna faltante 'ATR' añadida con NaN.
2025-01-11 20:13:29 - INFO - Target binario con look_ahead=4, min_change=0.032
2025-01-11 20:13:29 - INFO - Distribución de clases (0=Vender, 1=Comprar):
target
1.0    264
0.0    251
Name: count, dtype: int64
2025-01-11 20:13:29 - INFO - Muestra de datos con target:
                        close  future_close  change_pct  target
open_time                                                      
2023-03-23 14:30:00  27410.00      29600.94    0.079932     1.0
2024-01-11 15:15:00  47796.14      68317.14    0.429344     1.0
2021-01-29 08:30:00  33329.35      38664.52    0.160074     1.0
2021-05-19 16:00:00  36489.05      39137.96    0.072595     1.0
2021-06-27 21:45:00  32863.17      35733.65    0.087346     1.0
2021-05-19 17:15:00  40030.07      37961.02   -0.051687     0.0
2021-06-05 08:45:00  37780.80      35481.47   -0.060860     0.0
2021-01-11 06:45:00  32872.63      36181.44    0.100655     1.0
2021-05-23 07:00:00  36693.01      35389.10   -0.035536     0.0
2021-09-24 13:15:00  41137.19      44912.33    0.091770     1.0
2025-01-11 20:13:29 - INFO - Columnas extra eliminadas: ['change_pct', 'future_close']
2025-01-11 20:13:29 - WARNING - Estas columnas están 100% NaN y se eliminarán antes de imputar: ['VWAP', 'ATR']
2025-01-11 20:13:29 - INFO - Dataset preparado: 515 filas, 21 features (después de imputación).
2025-01-11 20:13:29 - INFO - === Evaluación en Test ===
2025-01-11 20:13:29 - INFO - Matriz de confusión [0=Vender, 1=Comprar]:
[[160  91]
 [158 106]]
2025-01-11 20:13:29 - INFO - Reporte de Clasificación:
              precision    recall  f1-score   support

      Vender       0.50      0.64      0.56       251
     Comprar       0.54      0.40      0.46       264

    accuracy                           0.52       515
   macro avg       0.52      0.52      0.51       515
weighted avg       0.52      0.52      0.51       515

2025-01-11 20:13:29 - INFO - Precision: 0.5381
2025-01-11 20:13:29 - INFO - F1-score: 0.4599
2025-01-11 20:13:29 - INFO - Recall: 0.4015
2025-01-11 20:13:29 - INFO - Balanced Accuracy: 0.5195
2025-01-11 20:13:29 - INFO - MCC: 0.0401
2025-01-11 20:13:29 - INFO - AUC: 0.5003
2025-01-11 20:13:31 - INFO - Precision final en Test: 0.5381
2025-01-11 20:13:31 - INFO - Importancia de características guardada en ./results/feature_importances_binary.csv.
2025-01-11 20:13:32 - INFO - Gráfico de importancia de características guardado.
2025-01-11 20:13:33 - INFO - Calculando valores SHAP...
2025-01-11 20:13:34 - INFO - SHAP analysis completado y guardado.
2025-01-11 20:13:34 - INFO - Señales generadas con umbral=0.56
2025-01-11 20:13:34 - INFO - Señales filtradas por tendencia.
2025-01-11 20:13:34 - INFO - Señales guardadas en: ./results/signals_binary.csv
2025-01-11 20:13:34 - INFO - === Proceso Completado con Éxito ===
