2025-01-29 18:44:52 - INFO - Datos cargados desde ML/data/processed/BTCUSDT_15m_processed.csv, filas: 257756
2025-01-29 18:44:52 - INFO - Columnas de indicadores existentes eliminadas: ['RSI', 'MACD', 'MACDs', 'MACDh', 'OBV', 'BBL', 'BBM', 'BBU', 'SMA_10', 'SMA_50', 'EMA_10', 'EMA_50']
2025-01-29 18:44:52 - INFO - Indicadores técnicos agregados. Filas antes: 257756, después: 257557 (descartadas: 199)
2025-01-29 18:44:52 - INFO - Columnas renombradas: {'RSI_14': 'RSI', 'MACD_12_26_9': 'MACD', 'MACDs_12_26_9': 'MACDs', 'MACDh_12_26_9': 'MACDh', 'BBL_20_2.0': 'BBL', 'BBM_20_2.0': 'BBM', 'BBU_20_2.0': 'BBU', 'STOCHk_14_3_3': 'STOCHk', 'STOCHd_14_3_3': 'STOCHd', 'CCI_14_0.015': 'CCI', 'SMA_10': 'SMA_10', 'SMA_50': 'SMA_50', 'SMA_200': 'SMA_200', 'EMA_10': 'EMA_10', 'EMA_50': 'EMA_50'}
2025-01-29 18:44:52 - INFO - Target binario con look_ahead=3, min_change=0.026
2025-01-29 18:44:52 - INFO - Distribución de clases (0=Vender, 1=Comprar):
target
0.0    1580
1.0    1443
Name: count, dtype: int64
2025-01-29 18:44:52 - INFO - Muestra de datos con target:
                        close  future_close  change_pct  target
open_time                                                      
2020-03-15 20:15:00   5279.67       5459.81    0.034120     1.0
2022-09-09 03:15:00  19652.69      20231.66    0.029460     1.0
2018-05-12 09:30:00   8291.88       8542.84    0.030266     1.0
2019-08-10 10:30:00  11864.57      11431.82   -0.036474     0.0
2017-09-25 01:30:00   3672.00       3767.81    0.026092     1.0
2017-11-12 04:45:00   5846.00       5638.23   -0.035541     0.0
2021-01-05 03:15:00  31881.65      30682.07   -0.037626     0.0
2021-04-13 07:30:00  60953.62      62560.82    0.026368     1.0
2018-01-04 01:15:00  14731.00      15180.01    0.030481     1.0
2021-05-19 16:15:00  37456.85      39982.24    0.067421     1.0
2025-01-29 18:44:52 - INFO - División de datos en Train/Test completada.
2025-01-29 18:44:52 - INFO - === Búsqueda de hiperparámetros (Optuna) en muestra de Training ===
2025-01-29 18:44:52 - INFO - No se han identificado características categóricas.
2025-01-29 18:44:52 - INFO - Columnas extra eliminadas: ['future_close', 'change_pct']
2025-01-29 18:44:52 - INFO - Dataset preparado: 1767 filas, 21 features (después de imputación).
2025-01-29 18:44:52 - INFO - Iniciando optimización en Optuna (precisión clase=1)...
2025-01-29 18:44:52 - INFO - Balance de clases tras SMOTETomek:
target
1.0    696
0.0    696
Name: count, dtype: int64
2025-01-29 18:44:52 - INFO - Balance de clases tras SMOTETomek:
target
1.0    701
0.0    701
Name: count, dtype: int64
2025-01-29 18:44:53 - INFO - Balance de clases tras SMOTETomek:
target
1.0    706
0.0    706
Name: count, dtype: int64
2025-01-29 18:44:53 - INFO - Balance de clases tras SMOTETomek:
target
0.0    693
1.0    693
Name: count, dtype: int64
2025-01-29 18:44:53 - INFO - Balance de clases tras SMOTETomek:
target
1.0    702
0.0    702
Name: count, dtype: int64
2025-01-29 18:44:53 - INFO - Balance de clases tras SMOTETomek:
target
1.0    696
0.0    696
Name: count, dtype: int64
2025-01-29 18:44:53 - INFO - Balance de clases tras SMOTETomek:
target
1.0    701
0.0    701
Name: count, dtype: int64
2025-01-29 18:44:54 - INFO - Balance de clases tras SMOTETomek:
target
1.0    706
0.0    706
Name: count, dtype: int64
2025-01-29 18:44:54 - INFO - Balance de clases tras SMOTETomek:
target
0.0    693
1.0    693
Name: count, dtype: int64
2025-01-29 18:44:55 - INFO - Balance de clases tras SMOTETomek:
target
1.0    702
0.0    702
Name: count, dtype: int64
2025-01-29 18:44:55 - INFO - Balance de clases tras SMOTETomek:
target
1.0    696
0.0    696
Name: count, dtype: int64
2025-01-29 18:44:56 - INFO - Balance de clases tras SMOTETomek:
target
1.0    701
0.0    701
Name: count, dtype: int64
2025-01-29 18:44:56 - INFO - Balance de clases tras SMOTETomek:
target
1.0    706
0.0    706
Name: count, dtype: int64
2025-01-29 18:44:57 - INFO - Balance de clases tras SMOTETomek:
target
0.0    693
1.0    693
Name: count, dtype: int64
2025-01-29 18:44:58 - INFO - Balance de clases tras SMOTETomek:
target
1.0    702
0.0    702
Name: count, dtype: int64
2025-01-29 18:44:58 - INFO - Balance de clases tras SMOTETomek:
target
1.0    696
0.0    696
Name: count, dtype: int64
2025-01-29 18:44:59 - INFO - Balance de clases tras SMOTETomek:
target
1.0    701
0.0    701
Name: count, dtype: int64
2025-01-29 18:45:00 - INFO - Balance de clases tras SMOTETomek:
target
1.0    706
0.0    706
Name: count, dtype: int64
2025-01-29 18:45:02 - INFO - Balance de clases tras SMOTETomek:
target
0.0    693
1.0    693
Name: count, dtype: int64
2025-01-29 18:45:03 - INFO - Balance de clases tras SMOTETomek:
target
1.0    702
0.0    702
Name: count, dtype: int64
2025-01-29 18:45:04 - INFO - Balance de clases tras SMOTETomek:
target
1.0    696
0.0    696
Name: count, dtype: int64
2025-01-29 18:45:04 - INFO - Balance de clases tras SMOTETomek:
target
1.0    701
0.0    701
Name: count, dtype: int64
2025-01-29 18:45:04 - INFO - Balance de clases tras SMOTETomek:
target
1.0    706
0.0    706
Name: count, dtype: int64
2025-01-29 18:45:05 - INFO - Balance de clases tras SMOTETomek:
target
0.0    693
1.0    693
Name: count, dtype: int64
2025-01-29 18:45:05 - INFO - Balance de clases tras SMOTETomek:
target
1.0    702
0.0    702
Name: count, dtype: int64
2025-01-29 18:45:05 - INFO - Balance de clases tras SMOTETomek:
target
1.0    696
0.0    696
Name: count, dtype: int64
2025-01-29 18:45:06 - INFO - Balance de clases tras SMOTETomek:
target
1.0    701
0.0    701
Name: count, dtype: int64
2025-01-29 18:45:07 - INFO - Balance de clases tras SMOTETomek:
target
1.0    706
0.0    706
Name: count, dtype: int64
2025-01-29 18:45:08 - INFO - Balance de clases tras SMOTETomek:
target
0.0    693
1.0    693
Name: count, dtype: int64
2025-01-29 18:45:09 - INFO - Balance de clases tras SMOTETomek:
target
1.0    702
0.0    702
Name: count, dtype: int64
2025-01-29 18:45:09 - INFO - Balance de clases tras SMOTETomek:
target
1.0    696
0.0    696
Name: count, dtype: int64
2025-01-29 18:45:10 - INFO - Balance de clases tras SMOTETomek:
target
1.0    701
0.0    701
Name: count, dtype: int64
2025-01-29 18:45:10 - INFO - Balance de clases tras SMOTETomek:
target
1.0    706
0.0    706
Name: count, dtype: int64
2025-01-29 18:45:11 - INFO - Balance de clases tras SMOTETomek:
target
0.0    693
1.0    693
Name: count, dtype: int64
2025-01-29 18:45:11 - INFO - Balance de clases tras SMOTETomek:
target
1.0    702
0.0    702
Name: count, dtype: int64
2025-01-29 18:45:12 - INFO - Balance de clases tras SMOTETomek:
target
1.0    696
0.0    696
Name: count, dtype: int64
2025-01-29 18:45:13 - INFO - Balance de clases tras SMOTETomek:
target
1.0    701
0.0    701
Name: count, dtype: int64
2025-01-29 18:45:15 - INFO - Balance de clases tras SMOTETomek:
target
1.0    706
0.0    706
Name: count, dtype: int64
2025-01-29 18:45:17 - INFO - Balance de clases tras SMOTETomek:
target
0.0    693
1.0    693
Name: count, dtype: int64
2025-01-29 18:45:19 - INFO - Balance de clases tras SMOTETomek:
target
1.0    702
0.0    702
Name: count, dtype: int64
2025-01-29 18:45:20 - INFO - Balance de clases tras SMOTETomek:
target
1.0    696
0.0    696
Name: count, dtype: int64
2025-01-29 18:45:21 - INFO - Balance de clases tras SMOTETomek:
target
1.0    701
0.0    701
Name: count, dtype: int64
2025-01-29 18:45:21 - INFO - Balance de clases tras SMOTETomek:
target
1.0    706
0.0    706
Name: count, dtype: int64
2025-01-29 18:45:21 - INFO - Balance de clases tras SMOTETomek:
target
0.0    693
1.0    693
Name: count, dtype: int64
2025-01-29 18:45:22 - INFO - Balance de clases tras SMOTETomek:
target
1.0    702
0.0    702
Name: count, dtype: int64
2025-01-29 18:45:22 - INFO - Mejor Precisión (clase=1): 0.7371
2025-01-29 18:45:22 - INFO - Mejores parámetros: {'max_depth': 20, 'learning_rate': 0.02042361883931737, 'n_estimators': 453, 'subsample': 0.7449901522906055, 'colsample_bytree': 0.7338741270742777, 'gamma': 0.38057243869694113, 'reg_alpha': 0.4016406919272847, 'reg_lambda': 0.6793248321388419}
2025-01-29 18:45:22 - INFO - === Entrenando Pipeline Final con TODO el Training ===
2025-01-29 18:45:22 - INFO - Columnas extra eliminadas: ['future_close', 'change_pct']
2025-01-29 18:45:22 - INFO - Dataset preparado: 1964 filas, 21 features (después de imputación).
2025-01-29 18:45:22 - INFO - Balance de clases tras SMOTETomek:
target
1.0    978
0.0    978
Name: count, dtype: int64
2025-01-29 18:45:24 - INFO - Pipeline final entrenado con scale_pos_weight=1.00
2025-01-29 18:45:24 - INFO - Pipeline completo guardado en: .ML/results/XGBoost_Binario_trained_pipeline.joblib
2025-01-29 18:45:24 - INFO - Parámetros guardados en: .ML/results/XGBoost_Binario_model_params.txt
2025-01-29 18:45:24 - INFO - Lista de features guardada en: .ML/results/XGBoost_Binario_feature_cols.txt
2025-01-29 18:45:24 - INFO - Columnas de indicadores existentes eliminadas: ['RSI', 'MACD', 'MACDs', 'MACDh', 'OBV', 'BBL', 'BBM', 'BBU', 'STOCHk', 'STOCHd', 'CCI', 'SMA_10', 'SMA_50', 'SMA_200', 'EMA_10', 'EMA_50']
2025-01-29 18:45:24 - INFO - Indicadores técnicos agregados. Filas antes: 1059, después: 860 (descartadas: 199)
2025-01-29 18:45:24 - INFO - Columnas renombradas: {'RSI_14': 'RSI', 'MACD_12_26_9': 'MACD', 'MACDs_12_26_9': 'MACDs', 'MACDh_12_26_9': 'MACDh', 'BBL_20_2.0': 'BBL', 'BBM_20_2.0': 'BBM', 'BBU_20_2.0': 'BBU', 'STOCHk_14_3_3': 'STOCHk', 'STOCHd_14_3_3': 'STOCHd', 'CCI_14_0.015': 'CCI', 'SMA_10': 'SMA_10', 'SMA_50': 'SMA_50', 'SMA_200': 'SMA_200', 'EMA_10': 'EMA_10', 'EMA_50': 'EMA_50'}
2025-01-29 18:45:24 - INFO - Target binario con look_ahead=3, min_change=0.026
2025-01-29 18:45:24 - INFO - Distribución de clases (0=Vender, 1=Comprar):
target
1.0    325
0.0    323
Name: count, dtype: int64
2025-01-29 18:45:24 - INFO - Muestra de datos con target:
                        close  future_close  change_pct  target
open_time                                                      
2021-01-29 17:30:00  36017.94      34270.00   -0.048530     0.0
2021-01-11 12:30:00  34644.82      31131.36   -0.101414     0.0
2021-01-21 08:00:00  34386.23      32439.60   -0.056611     0.0
2021-12-06 21:15:00  49123.99      47444.56   -0.034188     0.0
2021-06-25 15:30:00  32916.54      31227.31   -0.051319     0.0
2021-01-17 14:45:00  34750.02      35943.21    0.034336     1.0
2022-05-12 14:00:00  28416.00      30432.26    0.070955     1.0
2023-06-30 13:00:00  30975.39      27672.95   -0.106615     0.0
2022-06-13 11:15:00  23617.62      22804.62   -0.034423     0.0
2022-11-11 01:15:00  17580.48      16461.55   -0.063646     0.0
2025-01-29 18:45:24 - INFO - Columnas extra eliminadas: ['change_pct', 'future_close']
2025-01-29 18:45:24 - INFO - Dataset preparado: 648 filas, 21 features (después de imputación).
2025-01-29 18:45:24 - INFO - === Evaluación en Test ===
2025-01-29 18:45:24 - INFO - Matriz de confusión [0=Vender, 1=Comprar]:
[[159 164]
 [163 162]]
2025-01-29 18:45:24 - INFO - Reporte de Clasificación:
              precision    recall  f1-score   support

      Vender       0.49      0.49      0.49       323
     Comprar       0.50      0.50      0.50       325

    accuracy                           0.50       648
   macro avg       0.50      0.50      0.50       648
weighted avg       0.50      0.50      0.50       648

2025-01-29 18:45:24 - INFO - Precision (clase=1): 0.4969
2025-01-29 18:45:24 - INFO - F1 (clase=1): 0.4977
2025-01-29 18:45:24 - INFO - Recall (clase=1): 0.4985
2025-01-29 18:45:24 - INFO - Balanced Accuracy: 0.4954
2025-01-29 18:45:24 - INFO - MCC: -0.0093
2025-01-29 18:45:24 - INFO - AUC: 0.4839
2025-01-29 18:45:25 - INFO - Precisión final en Test (clase=1): 0.4969
2025-01-29 18:45:25 - INFO - Importancia de características guardada en .ML/results/feature_importances_binary.csv.
2025-01-29 18:45:25 - INFO - Gráfico de importancia de características guardado.
2025-01-29 18:45:26 - INFO - Calculando valores SHAP...
2025-01-29 18:45:28 - INFO - SHAP analysis completado y guardado.
2025-01-29 18:45:28 - INFO - Señales generadas con umbral=0.61
2025-01-29 18:45:28 - INFO - Señales filtradas por tendencia.
2025-01-29 18:45:28 - INFO - Señales guardadas en: .ML/results/signals_binary.csv
2025-01-29 18:45:28 - INFO - === Proceso Completado con Éxito ===
