2025-01-29 18:55:27 - INFO - Datos cargados desde ML/data/processed/BTCUSDT_15m_processed.csv, filas: 257756
2025-01-29 18:55:27 - INFO - Columnas de indicadores existentes eliminadas: ['RSI', 'MACD', 'MACDs', 'MACDh', 'OBV', 'BBL', 'BBM', 'BBU', 'SMA_10', 'SMA_50', 'EMA_10', 'EMA_50']
2025-01-29 18:55:28 - INFO - Indicadores técnicos agregados. Filas antes: 257756, después: 257557 (descartadas: 199)
2025-01-29 18:55:28 - INFO - Columnas renombradas: {'RSI_14': 'RSI', 'MACD_12_26_9': 'MACD', 'MACDs_12_26_9': 'MACDs', 'MACDh_12_26_9': 'MACDh', 'BBL_20_2.0': 'BBL', 'BBM_20_2.0': 'BBM', 'BBU_20_2.0': 'BBU', 'STOCHk_14_3_3': 'STOCHk', 'STOCHd_14_3_3': 'STOCHd', 'CCI_14_0.015': 'CCI', 'SMA_10': 'SMA_10', 'SMA_50': 'SMA_50', 'SMA_200': 'SMA_200', 'EMA_10': 'EMA_10', 'EMA_50': 'EMA_50'}
2025-01-29 18:55:28 - INFO - Target binario con look_ahead=3, min_change=0.031
2025-01-29 18:55:28 - INFO - Distribución de clases (0=Vender, 1=Comprar):
target
0.0    986
1.0    871
Name: count, dtype: int64
2025-01-29 18:55:28 - INFO - Muestra de datos con target:
                        close  future_close  change_pct  target
open_time                                                      
2021-01-22 01:15:00  29501.42      30462.50    0.032577     1.0
2018-01-17 18:15:00   9630.07       9961.12    0.034377     1.0
2017-11-12 08:30:00   6157.08       5936.02   -0.035903     0.0
2021-01-11 05:45:00  34904.73      33506.95   -0.040046     0.0
2018-10-15 05:15:00   6508.75       6926.10    0.064121     1.0
2018-02-26 12:15:00   9680.00      10040.23    0.037214     1.0
2020-03-13 01:00:00   4612.40       4130.64   -0.104449     0.0
2020-03-13 00:15:00   4791.53       4612.40   -0.037385     0.0
2020-03-16 05:45:00   5158.42       4955.51   -0.039336     0.0
2023-10-23 21:45:00  31630.00      33966.12    0.073858     1.0
2025-01-29 18:55:28 - INFO - División de datos en Train/Test completada.
2025-01-29 18:55:28 - INFO - === Búsqueda de hiperparámetros (Optuna) en muestra de Training ===
2025-01-29 18:55:28 - INFO - No se han identificado características categóricas.
2025-01-29 18:55:28 - INFO - Columnas extra eliminadas: ['future_close', 'change_pct']
2025-01-29 18:55:28 - INFO - Dataset preparado: 1086 filas, 21 features (después de imputación).
2025-01-29 18:55:28 - INFO - Iniciando optimización en Optuna (precisión clase=1)...
2025-01-29 18:55:28 - INFO - Balance de clases tras SMOTETomek:
target
1.0    422
0.0    422
Name: count, dtype: int64
2025-01-29 18:55:28 - INFO - Balance de clases tras SMOTETomek:
target
1.0    419
0.0    419
Name: count, dtype: int64
2025-01-29 18:55:28 - INFO - Balance de clases tras SMOTETomek:
target
1.0    421
0.0    421
Name: count, dtype: int64
2025-01-29 18:55:28 - INFO - Balance de clases tras SMOTETomek:
target
1.0    419
0.0    419
Name: count, dtype: int64
2025-01-29 18:55:28 - INFO - Balance de clases tras SMOTETomek:
target
1.0    414
0.0    414
Name: count, dtype: int64
2025-01-29 18:55:29 - INFO - Balance de clases tras SMOTETomek:
target
1.0    422
0.0    422
Name: count, dtype: int64
2025-01-29 18:55:29 - INFO - Balance de clases tras SMOTETomek:
target
1.0    419
0.0    419
Name: count, dtype: int64
2025-01-29 18:55:29 - INFO - Balance de clases tras SMOTETomek:
target
1.0    421
0.0    421
Name: count, dtype: int64
2025-01-29 18:55:30 - INFO - Balance de clases tras SMOTETomek:
target
1.0    419
0.0    419
Name: count, dtype: int64
2025-01-29 18:55:30 - INFO - Balance de clases tras SMOTETomek:
target
1.0    414
0.0    414
Name: count, dtype: int64
2025-01-29 18:55:30 - INFO - Balance de clases tras SMOTETomek:
target
1.0    422
0.0    422
Name: count, dtype: int64
2025-01-29 18:55:31 - INFO - Balance de clases tras SMOTETomek:
target
1.0    419
0.0    419
Name: count, dtype: int64
2025-01-29 18:55:31 - INFO - Balance de clases tras SMOTETomek:
target
1.0    421
0.0    421
Name: count, dtype: int64
2025-01-29 18:55:32 - INFO - Balance de clases tras SMOTETomek:
target
1.0    419
0.0    419
Name: count, dtype: int64
2025-01-29 18:55:32 - INFO - Balance de clases tras SMOTETomek:
target
1.0    414
0.0    414
Name: count, dtype: int64
2025-01-29 18:55:33 - INFO - Balance de clases tras SMOTETomek:
target
1.0    422
0.0    422
Name: count, dtype: int64
2025-01-29 18:55:33 - INFO - Balance de clases tras SMOTETomek:
target
1.0    419
0.0    419
Name: count, dtype: int64
2025-01-29 18:55:34 - INFO - Balance de clases tras SMOTETomek:
target
1.0    421
0.0    421
Name: count, dtype: int64
2025-01-29 18:55:35 - INFO - Balance de clases tras SMOTETomek:
target
1.0    419
0.0    419
Name: count, dtype: int64
2025-01-29 18:55:36 - INFO - Balance de clases tras SMOTETomek:
target
1.0    414
0.0    414
Name: count, dtype: int64
2025-01-29 18:55:37 - INFO - Balance de clases tras SMOTETomek:
target
1.0    422
0.0    422
Name: count, dtype: int64
2025-01-29 18:55:37 - INFO - Balance de clases tras SMOTETomek:
target
1.0    419
0.0    419
Name: count, dtype: int64
2025-01-29 18:55:37 - INFO - Balance de clases tras SMOTETomek:
target
1.0    421
0.0    421
Name: count, dtype: int64
2025-01-29 18:55:37 - INFO - Balance de clases tras SMOTETomek:
target
1.0    419
0.0    419
Name: count, dtype: int64
2025-01-29 18:55:38 - INFO - Balance de clases tras SMOTETomek:
target
1.0    414
0.0    414
Name: count, dtype: int64
2025-01-29 18:55:38 - INFO - Balance de clases tras SMOTETomek:
target
1.0    422
0.0    422
Name: count, dtype: int64
2025-01-29 18:55:38 - INFO - Balance de clases tras SMOTETomek:
target
1.0    419
0.0    419
Name: count, dtype: int64
2025-01-29 18:55:39 - INFO - Balance de clases tras SMOTETomek:
target
1.0    421
0.0    421
Name: count, dtype: int64
2025-01-29 18:55:40 - INFO - Balance de clases tras SMOTETomek:
target
1.0    419
0.0    419
Name: count, dtype: int64
2025-01-29 18:55:41 - INFO - Balance de clases tras SMOTETomek:
target
1.0    414
0.0    414
Name: count, dtype: int64
2025-01-29 18:55:41 - INFO - Balance de clases tras SMOTETomek:
target
1.0    422
0.0    422
Name: count, dtype: int64
2025-01-29 18:55:42 - INFO - Balance de clases tras SMOTETomek:
target
1.0    419
0.0    419
Name: count, dtype: int64
2025-01-29 18:55:42 - INFO - Balance de clases tras SMOTETomek:
target
1.0    421
0.0    421
Name: count, dtype: int64
2025-01-29 18:55:42 - INFO - Balance de clases tras SMOTETomek:
target
1.0    419
0.0    419
Name: count, dtype: int64
2025-01-29 18:55:43 - INFO - Balance de clases tras SMOTETomek:
target
1.0    414
0.0    414
Name: count, dtype: int64
2025-01-29 18:55:43 - INFO - Balance de clases tras SMOTETomek:
target
1.0    422
0.0    422
Name: count, dtype: int64
2025-01-29 18:55:44 - INFO - Balance de clases tras SMOTETomek:
target
1.0    419
0.0    419
Name: count, dtype: int64
2025-01-29 18:55:45 - INFO - Balance de clases tras SMOTETomek:
target
1.0    421
0.0    421
Name: count, dtype: int64
2025-01-29 18:55:47 - INFO - Balance de clases tras SMOTETomek:
target
1.0    419
0.0    419
Name: count, dtype: int64
2025-01-29 18:55:48 - INFO - Balance de clases tras SMOTETomek:
target
1.0    414
0.0    414
Name: count, dtype: int64
2025-01-29 18:55:49 - INFO - Balance de clases tras SMOTETomek:
target
1.0    422
0.0    422
Name: count, dtype: int64
2025-01-29 18:55:50 - INFO - Balance de clases tras SMOTETomek:
target
1.0    419
0.0    419
Name: count, dtype: int64
2025-01-29 18:55:50 - INFO - Balance de clases tras SMOTETomek:
target
1.0    421
0.0    421
Name: count, dtype: int64
2025-01-29 18:55:50 - INFO - Balance de clases tras SMOTETomek:
target
1.0    419
0.0    419
Name: count, dtype: int64
2025-01-29 18:55:50 - INFO - Balance de clases tras SMOTETomek:
target
1.0    414
0.0    414
Name: count, dtype: int64
2025-01-29 18:55:51 - INFO - Mejor Precisión (clase=1): 0.7244
2025-01-29 18:55:51 - INFO - Mejores parámetros: {'max_depth': 12, 'learning_rate': 0.008106915413271288, 'n_estimators': 212, 'subsample': 0.6453011279660263, 'colsample_bytree': 0.6528408159783664, 'gamma': 0.03711031498483863, 'reg_alpha': 0.08198783075111105, 'reg_lambda': 0.2134399510803413}
2025-01-29 18:55:51 - INFO - === Entrenando Pipeline Final con TODO el Training ===
2025-01-29 18:55:51 - INFO - Columnas extra eliminadas: ['future_close', 'change_pct']
2025-01-29 18:55:51 - INFO - Dataset preparado: 1207 filas, 21 features (después de imputación).
2025-01-29 18:55:51 - INFO - Balance de clases tras SMOTETomek:
target
1.0    609
0.0    609
Name: count, dtype: int64
2025-01-29 18:55:51 - INFO - Pipeline final entrenado con scale_pos_weight=1.00
2025-01-29 18:55:51 - INFO - Pipeline completo guardado en: .ML/results/XGBoost_Binario_trained_pipeline.joblib
2025-01-29 18:55:51 - INFO - Parámetros guardados en: .ML/results/XGBoost_Binario_model_params.txt
2025-01-29 18:55:51 - INFO - Lista de features guardada en: .ML/results/XGBoost_Binario_feature_cols.txt
2025-01-29 18:55:51 - INFO - Columnas de indicadores existentes eliminadas: ['RSI', 'MACD', 'MACDs', 'MACDh', 'OBV', 'BBL', 'BBM', 'BBU', 'STOCHk', 'STOCHd', 'CCI', 'SMA_10', 'SMA_50', 'SMA_200', 'EMA_10', 'EMA_50']
2025-01-29 18:55:51 - INFO - Indicadores técnicos agregados. Filas antes: 650, después: 451 (descartadas: 199)
2025-01-29 18:55:51 - INFO - Columnas renombradas: {'RSI_14': 'RSI', 'MACD_12_26_9': 'MACD', 'MACDs_12_26_9': 'MACDs', 'MACDh_12_26_9': 'MACDh', 'BBL_20_2.0': 'BBL', 'BBM_20_2.0': 'BBM', 'BBU_20_2.0': 'BBU', 'STOCHk_14_3_3': 'STOCHk', 'STOCHd_14_3_3': 'STOCHd', 'CCI_14_0.015': 'CCI', 'SMA_10': 'SMA_10', 'SMA_50': 'SMA_50', 'SMA_200': 'SMA_200', 'EMA_10': 'EMA_10', 'EMA_50': 'EMA_50'}
2025-01-29 18:55:51 - INFO - Target binario con look_ahead=3, min_change=0.031
2025-01-29 18:55:51 - INFO - Distribución de clases (0=Vender, 1=Comprar):
target
0.0    169
1.0    168
Name: count, dtype: int64
2025-01-29 18:55:51 - INFO - Muestra de datos con target:
                        close  future_close  change_pct  target
open_time                                                      
2022-11-10 20:00:00  17441.32      15863.31   -0.090475     0.0
2021-05-28 08:30:00  36896.95      34605.15   -0.062114     0.0
2023-04-26 19:00:00  29600.94      28194.87   -0.047501     0.0
2022-06-15 17:45:00  21117.26      20446.52   -0.031763     0.0
2021-10-01 10:00:00  44855.63      52741.68    0.175810     1.0
2021-05-20 15:15:00  41724.15      39641.80   -0.049908     0.0
2022-06-14 04:30:00  21944.09      21117.26   -0.037679     0.0
2023-08-29 13:45:00  26052.00      29330.53    0.125846     1.0
2021-10-01 09:30:00  44944.00      52277.06    0.163160     1.0
2021-01-11 15:00:00  32793.13      30780.01   -0.061388     0.0
2025-01-29 18:55:51 - INFO - Columnas extra eliminadas: ['change_pct', 'future_close']
2025-01-29 18:55:51 - INFO - Dataset preparado: 337 filas, 21 features (después de imputación).
2025-01-29 18:55:51 - INFO - === Evaluación en Test ===
2025-01-29 18:55:51 - INFO - Matriz de confusión [0=Vender, 1=Comprar]:
[[91 78]
 [74 94]]
2025-01-29 18:55:51 - INFO - Reporte de Clasificación:
              precision    recall  f1-score   support

      Vender       0.55      0.54      0.54       169
     Comprar       0.55      0.56      0.55       168

    accuracy                           0.55       337
   macro avg       0.55      0.55      0.55       337
weighted avg       0.55      0.55      0.55       337

2025-01-29 18:55:51 - INFO - Precision (clase=1): 0.5465
2025-01-29 18:55:51 - INFO - F1 (clase=1): 0.5529
2025-01-29 18:55:51 - INFO - Recall (clase=1): 0.5595
2025-01-29 18:55:51 - INFO - Balanced Accuracy: 0.5490
2025-01-29 18:55:51 - INFO - MCC: 0.0980
2025-01-29 18:55:51 - INFO - AUC: 0.5475
2025-01-29 18:55:52 - INFO - Precisión final en Test (clase=1): 0.5465
2025-01-29 18:55:52 - INFO - Importancia de características guardada en .ML/results/feature_importances_binary.csv.
2025-01-29 18:55:53 - INFO - Gráfico de importancia de características guardado.
2025-01-29 18:55:53 - INFO - Calculando valores SHAP...
2025-01-29 18:55:55 - INFO - SHAP analysis completado y guardado.
2025-01-29 18:55:55 - INFO - Señales generadas con umbral=0.51
2025-01-29 18:55:55 - INFO - Señales filtradas por tendencia.
2025-01-29 18:55:55 - INFO - Señales guardadas en: .ML/results/signals_binary.csv
2025-01-29 18:55:55 - INFO - === Proceso Completado con Éxito ===
