2025-01-29 19:36:36 - INFO - Datos cargados desde ML/data/processed/BTCUSDT_15m_processed.csv, filas: 257756
2025-01-29 19:36:36 - INFO - Columnas de indicadores existentes eliminadas: ['RSI', 'MACD', 'MACDs', 'MACDh', 'OBV', 'BBL', 'BBM', 'BBU', 'SMA_10', 'SMA_50', 'EMA_10', 'EMA_50']
2025-01-29 19:36:36 - INFO - Indicadores técnicos agregados. Filas antes: 257756, después: 257557 (descartadas: 199)
2025-01-29 19:36:36 - INFO - Columnas renombradas: {'RSI_14': 'RSI', 'MACD_12_26_9': 'MACD', 'MACDs_12_26_9': 'MACDs', 'MACDh_12_26_9': 'MACDh', 'BBL_20_2.0': 'BBL', 'BBM_20_2.0': 'BBM', 'BBU_20_2.0': 'BBU', 'STOCHk_14_3_3': 'STOCHk', 'STOCHd_14_3_3': 'STOCHd', 'CCI_14_0.015': 'CCI', 'SMA_10': 'SMA_10', 'SMA_50': 'SMA_50', 'SMA_200': 'SMA_200', 'EMA_10': 'EMA_10', 'EMA_50': 'EMA_50'}
2025-01-29 19:36:36 - INFO - Target binario con look_ahead=3, min_change=0.031
2025-01-29 19:36:36 - INFO - Distribución de clases (0=Vender, 1=Comprar):
target
0.0    986
1.0    871
Name: count, dtype: int64
2025-01-29 19:36:36 - INFO - Muestra de datos con target:
                        close  future_close  change_pct  target
open_time                                                      
2018-02-04 22:00:00   8162.06       8444.00    0.034543     1.0
2017-12-22 16:15:00  11950.02      12730.75    0.065333     1.0
2017-12-24 01:45:00  13000.00      12499.98   -0.038463     0.0
2021-01-11 18:15:00  33000.00      31708.34   -0.039141     0.0
2017-10-15 07:15:00   5786.02       5570.01   -0.037333     0.0
2019-05-13 22:30:00   8010.06       7755.00   -0.031842     0.0
2017-11-02 10:15:00   7045.00       7298.00    0.035912     1.0
2024-12-05 21:30:00  98995.34      94115.90   -0.049290     0.0
2021-05-21 13:30:00  41165.70      38435.11   -0.066332     0.0
2017-09-05 17:00:00   4170.70       4322.47    0.036390     1.0
2025-01-29 19:36:36 - INFO - División de datos en Train/Test completada.
2025-01-29 19:36:36 - INFO - === Búsqueda de hiperparámetros (Optuna) en muestra de Training ===
2025-01-29 19:36:36 - INFO - No se han identificado características categóricas.
2025-01-29 19:36:36 - INFO - Columnas extra eliminadas: ['future_close', 'change_pct']
2025-01-29 19:36:36 - INFO - Dataset preparado: 1086 filas, 21 features (después de imputación).
2025-01-29 19:36:36 - INFO - Iniciando optimización en Optuna (precisión clase=1)...
2025-01-29 19:36:36 - INFO - Balance de clases tras SMOTETomek:
target
1.0    412
0.0    412
Name: count, dtype: int64
2025-01-29 19:36:36 - INFO - Balance de clases tras SMOTETomek:
target
1.0    430
0.0    430
Name: count, dtype: int64
2025-01-29 19:36:37 - INFO - Balance de clases tras SMOTETomek:
target
0.0    413
1.0    413
Name: count, dtype: int64
2025-01-29 19:36:37 - INFO - Balance de clases tras SMOTETomek:
target
1.0    420
0.0    420
Name: count, dtype: int64
2025-01-29 19:36:37 - INFO - Balance de clases tras SMOTETomek:
target
1.0    420
0.0    420
Name: count, dtype: int64
2025-01-29 19:36:37 - INFO - Balance de clases tras SMOTETomek:
target
1.0    412
0.0    412
Name: count, dtype: int64
2025-01-29 19:36:37 - INFO - Balance de clases tras SMOTETomek:
target
1.0    430
0.0    430
Name: count, dtype: int64
2025-01-29 19:36:38 - INFO - Balance de clases tras SMOTETomek:
target
0.0    413
1.0    413
Name: count, dtype: int64
2025-01-29 19:36:38 - INFO - Balance de clases tras SMOTETomek:
target
1.0    420
0.0    420
Name: count, dtype: int64
2025-01-29 19:36:38 - INFO - Balance de clases tras SMOTETomek:
target
1.0    420
0.0    420
Name: count, dtype: int64
2025-01-29 19:36:39 - INFO - Balance de clases tras SMOTETomek:
target
1.0    412
0.0    412
Name: count, dtype: int64
2025-01-29 19:36:39 - INFO - Balance de clases tras SMOTETomek:
target
1.0    430
0.0    430
Name: count, dtype: int64
2025-01-29 19:36:40 - INFO - Balance de clases tras SMOTETomek:
target
0.0    413
1.0    413
Name: count, dtype: int64
2025-01-29 19:36:40 - INFO - Balance de clases tras SMOTETomek:
target
1.0    420
0.0    420
Name: count, dtype: int64
2025-01-29 19:36:41 - INFO - Balance de clases tras SMOTETomek:
target
1.0    420
0.0    420
Name: count, dtype: int64
2025-01-29 19:36:41 - INFO - Balance de clases tras SMOTETomek:
target
1.0    412
0.0    412
Name: count, dtype: int64
2025-01-29 19:36:42 - INFO - Balance de clases tras SMOTETomek:
target
1.0    430
0.0    430
Name: count, dtype: int64
2025-01-29 19:36:42 - INFO - Balance de clases tras SMOTETomek:
target
0.0    413
1.0    413
Name: count, dtype: int64
2025-01-29 19:36:43 - INFO - Balance de clases tras SMOTETomek:
target
1.0    420
0.0    420
Name: count, dtype: int64
2025-01-29 19:36:44 - INFO - Balance de clases tras SMOTETomek:
target
1.0    420
0.0    420
Name: count, dtype: int64
2025-01-29 19:36:44 - INFO - Mejor Precisión (clase=1): 0.7489
2025-01-29 19:36:44 - INFO - Mejores parámetros: {'max_depth': 20, 'learning_rate': 0.02042361883931737, 'n_estimators': 453, 'subsample': 0.7449901522906055, 'colsample_bytree': 0.7338741270742777, 'gamma': 0.38057243869694113, 'reg_alpha': 0.4016406919272847, 'reg_lambda': 0.6793248321388419}
2025-01-29 19:36:44 - INFO - === Entrenando Pipeline Final con TODO el Training ===
2025-01-29 19:36:44 - INFO - Columnas extra eliminadas: ['future_close', 'change_pct']
2025-01-29 19:36:44 - INFO - Dataset preparado: 1207 filas, 21 features (después de imputación).
2025-01-29 19:36:44 - INFO - Balance de clases tras SMOTETomek:
target
1.0    610
0.0    610
Name: count, dtype: int64
2025-01-29 19:36:45 - INFO - Pipeline final entrenado con scale_pos_weight=1.00
2025-01-29 19:36:45 - INFO - Pipeline completo guardado en: .ML/results/XGBoost_Binario_trained_pipeline.joblib
2025-01-29 19:36:45 - INFO - Parámetros guardados en: .ML/results/XGBoost_Binario_model_params.txt
2025-01-29 19:36:45 - INFO - Lista de features guardada en: .ML/results/XGBoost_Binario_feature_cols.txt
2025-01-29 19:36:45 - INFO - Columnas de indicadores existentes eliminadas: ['RSI', 'MACD', 'MACDs', 'MACDh', 'OBV', 'BBL', 'BBM', 'BBU', 'STOCHk', 'STOCHd', 'CCI', 'SMA_10', 'SMA_50', 'SMA_200', 'EMA_10', 'EMA_50']
2025-01-29 19:36:45 - INFO - Indicadores técnicos agregados. Filas antes: 650, después: 451 (descartadas: 199)
2025-01-29 19:36:45 - INFO - Columnas renombradas: {'RSI_14': 'RSI', 'MACD_12_26_9': 'MACD', 'MACDs_12_26_9': 'MACDs', 'MACDh_12_26_9': 'MACDh', 'BBL_20_2.0': 'BBL', 'BBM_20_2.0': 'BBM', 'BBU_20_2.0': 'BBU', 'STOCHk_14_3_3': 'STOCHk', 'STOCHd_14_3_3': 'STOCHd', 'CCI_14_0.015': 'CCI', 'SMA_10': 'SMA_10', 'SMA_50': 'SMA_50', 'SMA_200': 'SMA_200', 'EMA_10': 'EMA_10', 'EMA_50': 'EMA_50'}
2025-01-29 19:36:45 - INFO - Target binario con look_ahead=3, min_change=0.031
2025-01-29 19:36:45 - INFO - Distribución de clases (0=Vender, 1=Comprar):
target
0.0    169
1.0    168
Name: count, dtype: int64
2025-01-29 19:36:45 - INFO - Muestra de datos con target:
                        close  future_close  change_pct  target
open_time                                                      
2021-07-26 00:30:00  35813.43      39873.26    0.113361     1.0
2022-11-11 13:45:00  17303.82      15962.21   -0.077533     0.0
2022-06-06 23:45:00  31373.10      28339.61   -0.096691     0.0
2022-05-11 11:45:00  31533.15      29329.30   -0.069890     0.0
2022-09-06 16:45:00  19747.25      22713.69    0.150220     1.0
2022-09-06 16:30:00  19773.64      22605.66    0.143222     1.0
2021-05-21 21:00:00  34112.99      35420.33    0.038324     1.0
2021-07-26 19:45:00  39365.15      49977.32    0.269583     1.0
2021-04-18 02:45:00  58804.21      49066.77   -0.165591     0.0
2021-03-17 17:45:00  55542.50      58459.08    0.052511     1.0
2025-01-29 19:36:45 - INFO - Columnas extra eliminadas: ['change_pct', 'future_close']
2025-01-29 19:36:45 - INFO - Dataset preparado: 337 filas, 21 features (después de imputación).
2025-01-29 19:36:45 - INFO - === Evaluación en Test ===
2025-01-29 19:36:45 - INFO - Matriz de confusión [0=Vender, 1=Comprar]:
[[99 70]
 [84 84]]
2025-01-29 19:36:45 - INFO - Reporte de Clasificación:
              precision    recall  f1-score   support

      Vender       0.54      0.59      0.56       169
     Comprar       0.55      0.50      0.52       168

    accuracy                           0.54       337
   macro avg       0.54      0.54      0.54       337
weighted avg       0.54      0.54      0.54       337

2025-01-29 19:36:45 - INFO - Precision (clase=1): 0.5455
2025-01-29 19:36:45 - INFO - F1 (clase=1): 0.5217
2025-01-29 19:36:45 - INFO - Recall (clase=1): 0.5000
2025-01-29 19:36:45 - INFO - Balanced Accuracy: 0.5429
2025-01-29 19:36:45 - INFO - MCC: 0.0861
2025-01-29 19:36:45 - INFO - AUC: 0.5309
2025-01-29 19:36:46 - INFO - Precisión final en Test (clase=1): 0.5455
2025-01-29 19:36:46 - INFO - Importancia de características guardada en .ML/results/feature_importances_binary.csv.
2025-01-29 19:36:47 - INFO - Gráfico de importancia de características guardado.
2025-01-29 19:36:47 - INFO - Calculando valores SHAP...
2025-01-29 19:36:49 - INFO - SHAP analysis completado y guardado.
2025-01-29 19:36:49 - INFO - Señales generadas con umbral=0.6
2025-01-29 19:36:49 - INFO - Señales filtradas por tendencia.
2025-01-29 19:36:49 - INFO - Señales guardadas en: .ML/results/signals_binary.csv
2025-01-29 19:36:49 - INFO - === Proceso Completado con Éxito ===
