2025-01-21 00:42:04 - INFO - Datos cargados desde ML/data/processed/BTCUSDT_15m_processed.csv, filas: 257756
2025-01-21 00:42:04 - INFO - Columnas de indicadores existentes eliminadas: ['RSI', 'MACD', 'MACDs', 'MACDh', 'OBV', 'BBL', 'BBM', 'BBU', 'SMA_10', 'SMA_50', 'EMA_10', 'EMA_50']
2025-01-21 00:42:05 - INFO - Indicadores técnicos agregados. Filas antes: 257756, después: 257557 (descartadas: 199)
2025-01-21 00:42:05 - INFO - Columnas renombradas: {'RSI_14': 'RSI', 'MACD_12_26_9': 'MACD', 'MACDs_12_26_9': 'MACDs', 'MACDh_12_26_9': 'MACDh', 'BBL_20_2.0': 'BBL', 'BBM_20_2.0': 'BBM', 'BBU_20_2.0': 'BBU', 'STOCHk_14_3_3': 'STOCHk', 'STOCHd_14_3_3': 'STOCHd', 'CCI_14_0.015': 'CCI', 'SMA_10': 'SMA_10', 'SMA_50': 'SMA_50', 'SMA_200': 'SMA_200', 'EMA_10': 'EMA_10', 'EMA_50': 'EMA_50'}
2025-01-21 00:42:05 - INFO - Target binario con look_ahead=3, min_change=0.03
2025-01-21 00:42:05 - INFO - Distribución de clases (0=Vender, 1=Comprar):
target
0.0    1090
1.0     967
Name: count, dtype: int64
2025-01-21 00:42:05 - INFO - Muestra de datos con target:
                        close  future_close  change_pct  target
open_time                                                      
2018-01-17 18:15:00   9630.07       9961.12    0.034377     1.0
2018-11-14 16:00:00   6218.18       5965.11   -0.040698     0.0
2017-10-20 14:15:00   5740.00       5984.70    0.042631     1.0
2018-01-10 07:45:00  13979.00      13547.54   -0.030865     0.0
2021-01-05 03:15:00  31881.65      30682.07   -0.037626     0.0
2019-10-26 00:30:00   9199.56       9529.82    0.035900     1.0
2024-08-05 06:30:00  50405.99      52757.99    0.046661     1.0
2019-06-22 01:30:00  10420.76      10750.00    0.031595     1.0
2021-06-07 20:30:00  35406.28      33970.80   -0.040543     0.0
2017-09-13 16:00:00   3789.98       3944.00    0.040639     1.0
2025-01-21 00:42:05 - INFO - División de datos en Train/Test completada.
2025-01-21 00:42:05 - INFO - === Búsqueda de hiperparámetros (Optuna) en muestra de Training ===
2025-01-21 00:42:05 - INFO - No se han identificado características categóricas.
2025-01-21 00:42:05 - INFO - Columnas extra eliminadas: ['future_close', 'change_pct']
2025-01-21 00:42:05 - INFO - Dataset preparado: 1203 filas, 21 features (después de imputación).
2025-01-21 00:42:05 - INFO - Iniciando optimización en Optuna (precisión clase=1)...
2025-01-21 00:42:05 - INFO - Balance de clases tras SMOTETomek:
target
1.0    482
0.0    482
Name: count, dtype: int64
2025-01-21 00:42:05 - INFO - Balance de clases tras SMOTETomek:
target
1.0    482
0.0    482
Name: count, dtype: int64
2025-01-21 00:42:06 - INFO - Balance de clases tras SMOTETomek:
target
1.0    478
0.0    478
Name: count, dtype: int64
2025-01-21 00:42:06 - INFO - Balance de clases tras SMOTETomek:
target
1.0    478
0.0    478
Name: count, dtype: int64
2025-01-21 00:42:07 - INFO - Balance de clases tras SMOTETomek:
target
0.0    476
1.0    476
Name: count, dtype: int64
2025-01-21 00:42:07 - INFO - Balance de clases tras SMOTETomek:
target
1.0    477
0.0    477
Name: count, dtype: int64
2025-01-21 00:42:08 - INFO - Balance de clases tras SMOTETomek:
target
0.0    476
1.0    476
Name: count, dtype: int64
2025-01-21 00:42:08 - INFO - Balance de clases tras SMOTETomek:
target
1.0    477
0.0    477
Name: count, dtype: int64
2025-01-21 00:42:09 - INFO - Balance de clases tras SMOTETomek:
target
1.0    482
0.0    482
Name: count, dtype: int64
2025-01-21 00:42:09 - INFO - Balance de clases tras SMOTETomek:
target
1.0    477
0.0    477
Name: count, dtype: int64
2025-01-21 00:42:09 - INFO - Balance de clases tras SMOTETomek:
target
1.0    478
0.0    478
Name: count, dtype: int64
2025-01-21 00:42:10 - INFO - Balance de clases tras SMOTETomek:
target
1.0    477
0.0    477
Name: count, dtype: int64
2025-01-21 00:42:10 - INFO - Balance de clases tras SMOTETomek:
target
0.0    476
1.0    476
Name: count, dtype: int64
2025-01-21 00:42:11 - INFO - Balance de clases tras SMOTETomek:
target
1.0    477
0.0    477
Name: count, dtype: int64
2025-01-21 00:42:11 - INFO - Balance de clases tras SMOTETomek:
target
1.0    482
0.0    482
Name: count, dtype: int64
2025-01-21 00:42:12 - INFO - Balance de clases tras SMOTETomek:
target
1.0    478
0.0    478
Name: count, dtype: int64
2025-01-21 00:42:12 - INFO - Balance de clases tras SMOTETomek:
target
1.0    477
0.0    477
Name: count, dtype: int64
2025-01-21 00:42:12 - INFO - Balance de clases tras SMOTETomek:
target
0.0    476
1.0    476
Name: count, dtype: int64
2025-01-21 00:42:13 - INFO - Balance de clases tras SMOTETomek:
target
1.0    477
0.0    477
Name: count, dtype: int64
2025-01-21 00:42:13 - INFO - Balance de clases tras SMOTETomek:
target
1.0    482
0.0    482
Name: count, dtype: int64
2025-01-21 00:42:13 - INFO - Balance de clases tras SMOTETomek:
target
1.0    477
0.0    477
Name: count, dtype: int64
2025-01-21 00:42:14 - INFO - Balance de clases tras SMOTETomek:
target
1.0    482
0.0    482
Name: count, dtype: int64
2025-01-21 00:42:14 - INFO - Balance de clases tras SMOTETomek:
target
1.0    478
0.0    478
Name: count, dtype: int64
2025-01-21 00:42:15 - INFO - Balance de clases tras SMOTETomek:
target
0.0    476
1.0    476
Name: count, dtype: int64
2025-01-21 00:42:15 - INFO - Balance de clases tras SMOTETomek:
target
1.0    478
0.0    478
Name: count, dtype: int64
2025-01-21 00:42:16 - INFO - Balance de clases tras SMOTETomek:
target
1.0    477
0.0    477
Name: count, dtype: int64
2025-01-21 00:42:16 - INFO - Balance de clases tras SMOTETomek:
target
1.0    477
0.0    477
Name: count, dtype: int64
2025-01-21 00:42:17 - INFO - Balance de clases tras SMOTETomek:
target
1.0    482
0.0    482
Name: count, dtype: int64
2025-01-21 00:42:17 - INFO - Balance de clases tras SMOTETomek:
target
0.0    476
1.0    476
Name: count, dtype: int64
2025-01-21 00:42:18 - INFO - Balance de clases tras SMOTETomek:
target
1.0    478
0.0    478
Name: count, dtype: int64
2025-01-21 00:42:19 - INFO - Balance de clases tras SMOTETomek:
target
0.0    476
1.0    476
Name: count, dtype: int64
2025-01-21 00:42:19 - INFO - Balance de clases tras SMOTETomek:
target
1.0    477
0.0    477
Name: count, dtype: int64
2025-01-21 00:42:19 - INFO - Balance de clases tras SMOTETomek:
target
1.0    477
0.0    477
Name: count, dtype: int64
2025-01-21 00:42:20 - INFO - Balance de clases tras SMOTETomek:
target
1.0    477
0.0    477
Name: count, dtype: int64
2025-01-21 00:42:21 - INFO - Balance de clases tras SMOTETomek:
target
1.0    482
0.0    482
Name: count, dtype: int64
2025-01-21 00:42:21 - INFO - Balance de clases tras SMOTETomek:
target
1.0    478
0.0    478
Name: count, dtype: int64
2025-01-21 00:42:21 - INFO - Balance de clases tras SMOTETomek:
target
1.0    477
0.0    477
Name: count, dtype: int64
2025-01-21 00:42:22 - INFO - Balance de clases tras SMOTETomek:
target
0.0    476
1.0    476
Name: count, dtype: int64
2025-01-21 00:42:23 - INFO - Balance de clases tras SMOTETomek:
target
1.0    477
0.0    477
Name: count, dtype: int64
2025-01-21 00:42:23 - INFO - Balance de clases tras SMOTETomek:
target
1.0    477
0.0    477
Name: count, dtype: int64
2025-01-21 00:42:24 - INFO - Balance de clases tras SMOTETomek:
target
1.0    482
0.0    482
Name: count, dtype: int64
2025-01-21 00:42:24 - INFO - Balance de clases tras SMOTETomek:
target
1.0    482
0.0    482
Name: count, dtype: int64
2025-01-21 00:42:24 - INFO - Balance de clases tras SMOTETomek:
target
1.0    478
0.0    478
Name: count, dtype: int64
2025-01-21 00:42:25 - INFO - Balance de clases tras SMOTETomek:
target
0.0    476
1.0    476
Name: count, dtype: int64
2025-01-21 00:42:26 - INFO - Balance de clases tras SMOTETomek:
target
1.0    477
0.0    477
Name: count, dtype: int64
2025-01-21 00:42:26 - INFO - Balance de clases tras SMOTETomek:
target
1.0    478
0.0    478
Name: count, dtype: int64
2025-01-21 00:42:26 - INFO - Balance de clases tras SMOTETomek:
target
1.0    477
0.0    477
Name: count, dtype: int64
2025-01-21 00:42:27 - INFO - Balance de clases tras SMOTETomek:
target
1.0    482
0.0    482
Name: count, dtype: int64
2025-01-21 00:42:28 - INFO - Balance de clases tras SMOTETomek:
target
0.0    476
1.0    476
Name: count, dtype: int64
2025-01-21 00:42:29 - INFO - Balance de clases tras SMOTETomek:
target
1.0    478
0.0    478
Name: count, dtype: int64
2025-01-21 00:42:30 - INFO - Balance de clases tras SMOTETomek:
target
0.0    476
1.0    476
Name: count, dtype: int64
2025-01-21 00:42:30 - INFO - Balance de clases tras SMOTETomek:
target
1.0    477
0.0    477
Name: count, dtype: int64
2025-01-21 00:42:31 - INFO - Balance de clases tras SMOTETomek:
target
1.0    477
0.0    477
Name: count, dtype: int64
2025-01-21 00:42:32 - INFO - Balance de clases tras SMOTETomek:
target
1.0    477
0.0    477
Name: count, dtype: int64
2025-01-21 00:42:33 - INFO - Balance de clases tras SMOTETomek:
target
1.0    477
0.0    477
Name: count, dtype: int64
2025-01-21 00:42:34 - INFO - Balance de clases tras SMOTETomek:
target
1.0    482
0.0    482
Name: count, dtype: int64
2025-01-21 00:42:35 - INFO - Balance de clases tras SMOTETomek:
target
1.0    482
0.0    482
Name: count, dtype: int64
2025-01-21 00:42:35 - INFO - Balance de clases tras SMOTETomek:
target
1.0    478
0.0    478
Name: count, dtype: int64
2025-01-21 00:42:36 - INFO - Balance de clases tras SMOTETomek:
target
0.0    476
1.0    476
Name: count, dtype: int64
2025-01-21 00:42:36 - INFO - Balance de clases tras SMOTETomek:
target
1.0    478
0.0    478
Name: count, dtype: int64
2025-01-21 00:42:36 - INFO - Balance de clases tras SMOTETomek:
target
1.0    477
0.0    477
Name: count, dtype: int64
2025-01-21 00:42:37 - INFO - Balance de clases tras SMOTETomek:
target
1.0    477
0.0    477
Name: count, dtype: int64
2025-01-21 00:42:38 - INFO - Balance de clases tras SMOTETomek:
target
0.0    476
1.0    476
Name: count, dtype: int64
2025-01-21 00:42:38 - INFO - Balance de clases tras SMOTETomek:
target
1.0    482
0.0    482
Name: count, dtype: int64
2025-01-21 00:42:39 - INFO - Balance de clases tras SMOTETomek:
target
1.0    478
0.0    478
Name: count, dtype: int64
2025-01-21 00:42:39 - INFO - Balance de clases tras SMOTETomek:
target
1.0    477
0.0    477
Name: count, dtype: int64
2025-01-21 00:42:40 - INFO - Balance de clases tras SMOTETomek:
target
0.0    476
1.0    476
Name: count, dtype: int64
2025-01-21 00:42:40 - INFO - Balance de clases tras SMOTETomek:
target
1.0    477
0.0    477
Name: count, dtype: int64
2025-01-21 00:42:41 - INFO - Balance de clases tras SMOTETomek:
target
1.0    477
0.0    477
Name: count, dtype: int64
2025-01-21 00:42:41 - INFO - Balance de clases tras SMOTETomek:
target
1.0    477
0.0    477
Name: count, dtype: int64
2025-01-21 00:42:42 - INFO - Balance de clases tras SMOTETomek:
target
1.0    482
0.0    482
Name: count, dtype: int64
2025-01-21 00:42:42 - INFO - Balance de clases tras SMOTETomek:
target
1.0    482
0.0    482
Name: count, dtype: int64
2025-01-21 00:42:43 - INFO - Balance de clases tras SMOTETomek:
target
1.0    478
0.0    478
Name: count, dtype: int64
2025-01-21 00:42:44 - INFO - Balance de clases tras SMOTETomek:
target
1.0    478
0.0    478
Name: count, dtype: int64
2025-01-21 00:42:44 - INFO - Balance de clases tras SMOTETomek:
target
0.0    476
1.0    476
Name: count, dtype: int64
2025-01-21 00:42:45 - INFO - Balance de clases tras SMOTETomek:
target
0.0    476
1.0    476
Name: count, dtype: int64
2025-01-21 00:42:45 - INFO - Balance de clases tras SMOTETomek:
target
1.0    477
0.0    477
Name: count, dtype: int64
2025-01-21 00:42:46 - INFO - Balance de clases tras SMOTETomek:
target
1.0    477
0.0    477
Name: count, dtype: int64
2025-01-21 00:42:46 - INFO - Balance de clases tras SMOTETomek:
target
1.0    477
0.0    477
Name: count, dtype: int64
2025-01-21 00:42:47 - INFO - Balance de clases tras SMOTETomek:
target
1.0    482
0.0    482
Name: count, dtype: int64
2025-01-21 00:42:48 - INFO - Balance de clases tras SMOTETomek:
target
1.0    478
0.0    478
Name: count, dtype: int64
2025-01-21 00:42:48 - INFO - Balance de clases tras SMOTETomek:
target
1.0    477
0.0    477
Name: count, dtype: int64
2025-01-21 00:42:49 - INFO - Balance de clases tras SMOTETomek:
target
0.0    476
1.0    476
Name: count, dtype: int64
2025-01-21 00:42:49 - INFO - Balance de clases tras SMOTETomek:
target
1.0    482
0.0    482
Name: count, dtype: int64
2025-01-21 00:42:49 - INFO - Balance de clases tras SMOTETomek:
target
1.0    477
0.0    477
Name: count, dtype: int64
2025-01-21 00:42:50 - INFO - Balance de clases tras SMOTETomek:
target
1.0    478
0.0    478
Name: count, dtype: int64
2025-01-21 00:42:50 - INFO - Balance de clases tras SMOTETomek:
target
1.0    477
0.0    477
Name: count, dtype: int64
2025-01-21 00:42:50 - INFO - Balance de clases tras SMOTETomek:
target
0.0    476
1.0    476
Name: count, dtype: int64
2025-01-21 00:42:51 - INFO - Balance de clases tras SMOTETomek:
target
1.0    477
0.0    477
Name: count, dtype: int64
2025-01-21 00:42:51 - INFO - Balance de clases tras SMOTETomek:
target
1.0    482
0.0    482
Name: count, dtype: int64
2025-01-21 00:42:51 - INFO - Balance de clases tras SMOTETomek:
target
1.0    477
0.0    477
Name: count, dtype: int64
2025-01-21 00:42:52 - INFO - Balance de clases tras SMOTETomek:
target
1.0    478
0.0    478
Name: count, dtype: int64
2025-01-21 00:42:52 - INFO - Balance de clases tras SMOTETomek:
target
1.0    482
0.0    482
Name: count, dtype: int64
2025-01-21 00:42:53 - INFO - Balance de clases tras SMOTETomek:
target
1.0    478
0.0    478
Name: count, dtype: int64
2025-01-21 00:42:53 - INFO - Balance de clases tras SMOTETomek:
target
0.0    476
1.0    476
Name: count, dtype: int64
2025-01-21 00:42:53 - INFO - Balance de clases tras SMOTETomek:
target
0.0    476
1.0    476
Name: count, dtype: int64
2025-01-21 00:42:54 - INFO - Balance de clases tras SMOTETomek:
target
1.0    477
0.0    477
Name: count, dtype: int64
2025-01-21 00:42:54 - INFO - Balance de clases tras SMOTETomek:
target
1.0    477
0.0    477
Name: count, dtype: int64
2025-01-21 00:42:55 - INFO - Balance de clases tras SMOTETomek:
target
1.0    477
0.0    477
Name: count, dtype: int64
2025-01-21 00:42:55 - INFO - Balance de clases tras SMOTETomek:
target
1.0    477
0.0    477
Name: count, dtype: int64
2025-01-21 00:42:55 - INFO - Balance de clases tras SMOTETomek:
target
1.0    482
0.0    482
Name: count, dtype: int64
2025-01-21 00:42:56 - INFO - Balance de clases tras SMOTETomek:
target
1.0    482
0.0    482
Name: count, dtype: int64
2025-01-21 00:42:56 - INFO - Balance de clases tras SMOTETomek:
target
1.0    478
0.0    478
Name: count, dtype: int64
2025-01-21 00:42:56 - INFO - Balance de clases tras SMOTETomek:
target
1.0    478
0.0    478
Name: count, dtype: int64
2025-01-21 00:42:57 - INFO - Balance de clases tras SMOTETomek:
target
0.0    476
1.0    476
Name: count, dtype: int64
2025-01-21 00:42:57 - INFO - Balance de clases tras SMOTETomek:
target
1.0    477
0.0    477
Name: count, dtype: int64
2025-01-21 00:42:57 - INFO - Balance de clases tras SMOTETomek:
target
0.0    476
1.0    476
Name: count, dtype: int64
2025-01-21 00:42:58 - INFO - Balance de clases tras SMOTETomek:
target
1.0    477
0.0    477
Name: count, dtype: int64
2025-01-21 00:42:58 - INFO - Balance de clases tras SMOTETomek:
target
1.0    477
0.0    477
Name: count, dtype: int64
2025-01-21 00:42:59 - INFO - Balance de clases tras SMOTETomek:
target
1.0    477
0.0    477
Name: count, dtype: int64
2025-01-21 00:43:00 - INFO - Mejor Precisión (clase=1): 0.7376
2025-01-21 00:43:00 - INFO - Mejores parámetros: {'max_depth': 9, 'learning_rate': 0.09781782299202889, 'n_estimators': 295, 'subsample': 0.8933871982164019, 'colsample_bytree': 0.7449159202735531, 'gamma': 0.610023343490071, 'reg_alpha': 0.21860908735873982, 'reg_lambda': 0.9524214905386095}
2025-01-21 00:43:00 - INFO - === Entrenando Pipeline Final con TODO el Training ===
2025-01-21 00:43:00 - INFO - Columnas extra eliminadas: ['future_close', 'change_pct']
2025-01-21 00:43:00 - INFO - Dataset preparado: 1337 filas, 21 features (después de imputación).
2025-01-21 00:43:00 - INFO - Balance de clases tras SMOTETomek:
target
1.0    682
0.0    682
Name: count, dtype: int64
2025-01-21 00:43:01 - INFO - Pipeline final entrenado con scale_pos_weight=1.00
2025-01-21 00:43:01 - INFO - Pipeline completo guardado en: ./results/XGBoost_Binario_trained_pipeline.joblib
2025-01-21 00:43:01 - INFO - Parámetros guardados en: ./results/XGBoost_Binario_model_params.txt
2025-01-21 00:43:01 - INFO - Lista de features guardada en: ./results/XGBoost_Binario_feature_cols.txt
2025-01-21 00:43:01 - INFO - Columnas de indicadores existentes eliminadas: ['RSI', 'MACD', 'MACDs', 'MACDh', 'OBV', 'BBL', 'BBM', 'BBU', 'STOCHk', 'STOCHd', 'CCI', 'SMA_10', 'SMA_50', 'SMA_200', 'EMA_10', 'EMA_50']
2025-01-21 00:43:01 - INFO - Indicadores técnicos agregados. Filas antes: 720, después: 521 (descartadas: 199)
2025-01-21 00:43:01 - INFO - Columnas renombradas: {'RSI_14': 'RSI', 'MACD_12_26_9': 'MACD', 'MACDs_12_26_9': 'MACDs', 'MACDh_12_26_9': 'MACDh', 'BBL_20_2.0': 'BBL', 'BBM_20_2.0': 'BBM', 'BBU_20_2.0': 'BBU', 'STOCHk_14_3_3': 'STOCHk', 'STOCHd_14_3_3': 'STOCHd', 'CCI_14_0.015': 'CCI', 'SMA_10': 'SMA_10', 'SMA_50': 'SMA_50', 'SMA_200': 'SMA_200', 'EMA_10': 'EMA_10', 'EMA_50': 'EMA_50'}
2025-01-21 00:43:01 - INFO - Target binario con look_ahead=3, min_change=0.03
2025-01-21 00:43:01 - INFO - Distribución de clases (0=Vender, 1=Comprar):
target
0.0    196
1.0    188
Name: count, dtype: int64
2025-01-21 00:43:01 - INFO - Muestra de datos con target:
                        close  future_close  change_pct  target
open_time                                                      
2022-01-24 17:15:00  34646.53      45000.27    0.298839     1.0
2021-05-19 12:45:00  35234.62      37406.48    0.061640     1.0
2021-06-21 05:45:00  34445.35      31514.14   -0.085097     0.0
2022-11-08 15:30:00  19350.55      20102.89    0.038880     1.0
2023-02-15 19:45:00  23318.90      22345.05   -0.041762     0.0
2021-02-22 13:30:00  53200.00      51506.98   -0.031824     0.0
2021-06-07 20:00:00  35608.00      33774.83   -0.051482     0.0
2021-05-19 22:45:00  39090.15      37814.04   -0.032645     0.0
2022-05-12 03:30:00  28867.50      27114.84   -0.060714     0.0
2021-06-22 15:00:00  30725.17      31937.91    0.039471     1.0
2025-01-21 00:43:01 - INFO - Columnas extra eliminadas: ['change_pct', 'future_close']
2025-01-21 00:43:01 - INFO - Dataset preparado: 384 filas, 21 features (después de imputación).
2025-01-21 00:43:01 - INFO - === Evaluación en Test ===
2025-01-21 00:43:01 - INFO - Matriz de confusión [0=Vender, 1=Comprar]:
[[109  87]
 [102  86]]
2025-01-21 00:43:01 - INFO - Reporte de Clasificación:
              precision    recall  f1-score   support

      Vender       0.52      0.56      0.54       196
     Comprar       0.50      0.46      0.48       188

    accuracy                           0.51       384
   macro avg       0.51      0.51      0.51       384
weighted avg       0.51      0.51      0.51       384

2025-01-21 00:43:01 - INFO - Precision (clase=1): 0.4971
2025-01-21 00:43:01 - INFO - F1 (clase=1): 0.4765
2025-01-21 00:43:01 - INFO - Recall (clase=1): 0.4574
2025-01-21 00:43:01 - INFO - Balanced Accuracy: 0.5068
2025-01-21 00:43:01 - INFO - MCC: 0.0136
2025-01-21 00:43:01 - INFO - AUC: 0.5137
2025-01-21 00:43:02 - INFO - Precisión final en Test (clase=1): 0.4971
2025-01-21 00:43:02 - INFO - Importancia de características guardada en ./results/feature_importances_binary.csv.
2025-01-21 00:43:02 - INFO - Gráfico de importancia de características guardado.
2025-01-21 00:43:03 - INFO - Calculando valores SHAP...
2025-01-21 00:43:04 - INFO - SHAP analysis completado y guardado.
2025-01-21 00:43:04 - INFO - Señales generadas con umbral=0.56
2025-01-21 00:43:04 - INFO - Señales filtradas por tendencia.
2025-01-21 00:43:04 - INFO - Señales guardadas en: ./results/signals_binary.csv
2025-01-21 00:43:04 - INFO - === Proceso Completado con Éxito ===
