2025-01-11 19:28:08 - INFO - Datos cargados desde ML/data/processed/BTCUSDT_15m_processed.csv, filas: 254923
2025-01-11 19:28:08 - INFO - Columnas de indicadores existentes eliminadas: ['RSI', 'MACD', 'MACDs', 'MACDh', 'OBV', 'BBL', 'BBM', 'BBU', 'SMA_10', 'SMA_50', 'EMA_10', 'EMA_50']
2025-01-11 19:28:08 - INFO - Indicadores técnicos agregados. Filas antes: 254923, después: 254724 (descartadas: 199)
2025-01-11 19:28:08 - INFO - Columnas renombradas: {'RSI_14': 'RSI', 'MACD_12_26_9': 'MACD', 'MACDs_12_26_9': 'MACDs', 'MACDh_12_26_9': 'MACDh', 'VWAP': 'VWAP', 'BBL_20_2.0': 'BBL', 'BBM_20_2.0': 'BBM', 'BBU_20_2.0': 'BBU', 'ATR_14': 'ATR', 'STOCHk_14_3_3': 'STOCHk', 'STOCHd_14_3_3': 'STOCHd', 'CCI_14_0.015': 'CCI', 'SMA_10': 'SMA_10', 'SMA_50': 'SMA_50', 'SMA_200': 'SMA_200', 'EMA_10': 'EMA_10', 'EMA_50': 'EMA_50'}
2025-01-11 19:28:08 - WARNING - Columna faltante 'VWAP' añadida con NaN.
2025-01-11 19:28:08 - WARNING - Columna faltante 'ATR' añadida con NaN.
2025-01-11 19:28:08 - INFO - Target binario con look_ahead=3, min_change=0.031
2025-01-11 19:28:08 - INFO - Distribución de clases (0=Vender, 1=Comprar):
target
0.0    985
1.0    867
Name: count, dtype: int64
2025-01-11 19:28:08 - INFO - Muestra de datos con target:
                        close  future_close  change_pct  target
open_time                                                      
2019-08-10 10:30:00  11864.57      11431.82   -0.036474     0.0
2020-03-15 21:00:00   5459.81       5903.77    0.081314     1.0
2018-08-22 00:15:00   6450.00       6731.75    0.043682     1.0
2021-02-04 08:15:00  38664.52      37307.73   -0.035091     0.0
2018-06-29 22:00:00   5942.25       6243.38    0.050676     1.0
2018-02-06 16:45:00   7111.78       6844.96   -0.037518     0.0
2022-11-09 15:00:00  17725.10      17116.08   -0.034359     0.0
2017-11-29 15:00:00  11150.03      10770.89   -0.034003     0.0
2017-09-14 20:15:00   3443.96       3336.61   -0.031171     0.0
2017-09-05 17:00:00   4170.70       4322.47    0.036390     1.0
2025-01-11 19:28:08 - INFO - División de datos en Train/Test completada.
2025-01-11 19:28:08 - INFO - === Búsqueda de hiperparámetros (Optuna) en muestra de Training ===
2025-01-11 19:28:08 - INFO - No se han identificado características categóricas.
2025-01-11 19:28:08 - INFO - Columnas extra eliminadas: ['future_close', 'change_pct']
2025-01-11 19:28:08 - WARNING - Estas columnas están 100% NaN y se eliminarán antes de imputar: ['VWAP', 'ATR']
2025-01-11 19:28:08 - INFO - Dataset preparado: 1082 filas, 21 features (después de imputación).
2025-01-11 19:28:08 - INFO - Balance de clases tras SMOTETomek:
target
0.0    419
1.0    419
Name: count, dtype: int64
2025-01-11 19:28:08 - INFO - Balance de clases tras SMOTETomek:
target
0.0    419
1.0    419
Name: count, dtype: int64
2025-01-11 19:28:09 - INFO - Balance de clases tras SMOTETomek:
target
0.0    424
1.0    424
Name: count, dtype: int64
2025-01-11 19:28:09 - INFO - Balance de clases tras SMOTETomek:
target
0.0    424
1.0    424
Name: count, dtype: int64
2025-01-11 19:28:10 - INFO - Balance de clases tras SMOTETomek:
target
0.0    421
1.0    421
Name: count, dtype: int64
2025-01-11 19:28:11 - INFO - Balance de clases tras SMOTETomek:
target
0.0    421
1.0    421
Name: count, dtype: int64
2025-01-11 19:28:11 - INFO - Balance de clases tras SMOTETomek:
target
0.0    426
1.0    426
Name: count, dtype: int64
2025-01-11 19:28:12 - INFO - Balance de clases tras SMOTETomek:
target
0.0    426
1.0    426
Name: count, dtype: int64
2025-01-11 19:28:12 - INFO - Balance de clases tras SMOTETomek:
target
0.0    421
1.0    421
Name: count, dtype: int64
2025-01-11 19:28:13 - INFO - Balance de clases tras SMOTETomek:
target
0.0    421
1.0    421
Name: count, dtype: int64
2025-01-11 19:28:14 - INFO - Mejor Precision: 0.7345
2025-01-11 19:28:14 - INFO - Mejores parámetros: {'max_depth': 8, 'learning_rate': 0.013376764511426381, 'n_estimators': 329, 'subsample': 0.9020187560233011, 'colsample_bytree': 0.7175404479869556, 'gamma': 0.5699354290436381, 'reg_alpha': 0.37911695955512104, 'reg_lambda': 0.5812245291561304}
2025-01-11 19:28:14 - INFO - === Entrenando Pipeline Final con TODO el Training ===
2025-01-11 19:28:14 - INFO - Columnas extra eliminadas: ['future_close', 'change_pct']
2025-01-11 19:28:14 - WARNING - Estas columnas están 100% NaN y se eliminarán antes de imputar: ['VWAP', 'ATR']
2025-01-11 19:28:14 - INFO - Dataset preparado: 1203 filas, 21 features (después de imputación).
2025-01-11 19:28:14 - INFO - Balance de clases tras SMOTETomek:
target
0.0    607
1.0    607
Name: count, dtype: int64
2025-01-11 19:28:15 - INFO - Pipeline final entrenado con TODOS los datos de entrenamiento.
2025-01-11 19:28:15 - INFO - Pipeline completo guardado en: ./results/XGBoost_Binario_trained_pipeline.joblib
2025-01-11 19:28:15 - INFO - Parámetros guardados en: ./results/XGBoost_Binario_model_params.txt
2025-01-11 19:28:15 - INFO - Lista de features guardada en: ./results/XGBoost_Binario_feature_cols.txt
2025-01-11 19:28:15 - INFO - Columnas de indicadores existentes eliminadas: ['RSI', 'MACD', 'MACDs', 'MACDh', 'VWAP', 'OBV', 'BBL', 'BBM', 'BBU', 'ATR', 'STOCHk', 'STOCHd', 'CCI', 'SMA_10', 'SMA_50', 'SMA_200', 'EMA_10', 'EMA_50']
2025-01-11 19:28:15 - INFO - Indicadores técnicos agregados. Filas antes: 649, después: 450 (descartadas: 199)
2025-01-11 19:28:15 - INFO - Columnas renombradas: {'RSI_14': 'RSI', 'MACD_12_26_9': 'MACD', 'MACDs_12_26_9': 'MACDs', 'MACDh_12_26_9': 'MACDh', 'VWAP': 'VWAP', 'BBL_20_2.0': 'BBL', 'BBM_20_2.0': 'BBM', 'BBU_20_2.0': 'BBU', 'ATR_14': 'ATR', 'STOCHk_14_3_3': 'STOCHk', 'STOCHd_14_3_3': 'STOCHd', 'CCI_14_0.015': 'CCI', 'SMA_10': 'SMA_10', 'SMA_50': 'SMA_50', 'SMA_200': 'SMA_200', 'EMA_10': 'EMA_10', 'EMA_50': 'EMA_50'}
2025-01-11 19:28:15 - WARNING - Columna faltante 'VWAP' añadida con NaN.
2025-01-11 19:28:15 - WARNING - Columna faltante 'ATR' añadida con NaN.
2025-01-11 19:28:15 - INFO - Target binario con look_ahead=3, min_change=0.031
2025-01-11 19:28:15 - INFO - Distribución de clases (0=Vender, 1=Comprar):
target
0.0    169
1.0    166
Name: count, dtype: int64
2025-01-11 19:28:15 - INFO - Muestra de datos con target:
                        close  future_close  change_pct  target
open_time                                                      
2021-02-23 07:30:00  50434.97      47546.01   -0.057281     0.0
2021-01-12 13:00:00  35285.88      32845.70   -0.069155     0.0
2022-03-16 01:30:00  39249.36      40964.09    0.043688     1.0
2024-04-13 19:30:00  66791.20      59679.00   -0.106484     0.0
2021-05-22 10:00:00  37075.50      34202.58   -0.077488     0.0
2021-01-22 00:00:00  30496.02      31456.25    0.031487     1.0
2021-05-21 21:00:00  34112.99      35420.33    0.038324     1.0
2024-04-13 19:45:00  64788.01      61922.74   -0.044225     0.0
2021-05-13 16:15:00  50301.61      45656.08   -0.092354     0.0
2024-08-05 05:45:00  52718.00      49992.01   -0.051709     0.0
2025-01-11 19:28:15 - INFO - Columnas extra eliminadas: ['change_pct', 'future_close']
2025-01-11 19:28:15 - WARNING - Estas columnas están 100% NaN y se eliminarán antes de imputar: ['VWAP', 'ATR']
2025-01-11 19:28:15 - INFO - Dataset preparado: 335 filas, 21 features (después de imputación).
2025-01-11 19:28:15 - INFO - === Evaluación en Test ===
2025-01-11 19:28:16 - INFO - Matriz de confusión [0=Vender, 1=Comprar]:
[[91 78]
 [70 96]]
2025-01-11 19:28:16 - INFO - Reporte de Clasificación:
              precision    recall  f1-score   support

      Vender       0.57      0.54      0.55       169
     Comprar       0.55      0.58      0.56       166

    accuracy                           0.56       335
   macro avg       0.56      0.56      0.56       335
weighted avg       0.56      0.56      0.56       335

2025-01-11 19:28:16 - INFO - Precision: 0.5517
2025-01-11 19:28:16 - INFO - F1-score: 0.5647
2025-01-11 19:28:16 - INFO - Recall: 0.5783
2025-01-11 19:28:16 - INFO - Balanced Accuracy: 0.5584
2025-01-11 19:28:16 - INFO - MCC: 0.1169
2025-01-11 19:28:16 - INFO - AUC: 0.5528
2025-01-11 19:28:17 - INFO - Precision final en Test: 0.5517
2025-01-11 19:28:17 - INFO - Importancia de características guardada en ./results/feature_importances_binary.csv.
2025-01-11 19:28:17 - INFO - Gráfico de importancia de características guardado.
2025-01-11 19:28:18 - INFO - Calculando valores SHAP...
2025-01-11 19:28:19 - INFO - SHAP analysis completado y guardado.
2025-01-11 19:28:19 - INFO - Señales generadas con umbral=0.55
2025-01-11 19:28:19 - INFO - Señales filtradas por tendencia.
2025-01-11 19:28:19 - INFO - Señales guardadas en: ./results/signals_binary.csv
2025-01-11 19:28:19 - INFO - === Proceso Completado con Éxito ===
