2025-01-29 19:41:30 - INFO - Datos cargados desde ML/data/processed/BTCUSDT_15m_processed.csv, filas: 257756
2025-01-29 19:41:30 - INFO - Columnas de indicadores existentes eliminadas: ['RSI', 'MACD', 'MACDs', 'MACDh', 'OBV', 'BBL', 'BBM', 'BBU', 'SMA_10', 'SMA_50', 'EMA_10', 'EMA_50']
2025-01-29 19:41:30 - INFO - Indicadores técnicos agregados. Filas antes: 257756, después: 257557 (descartadas: 199)
2025-01-29 19:41:30 - INFO - Columnas renombradas: {'RSI_14': 'RSI', 'MACD_12_26_9': 'MACD', 'MACDs_12_26_9': 'MACDs', 'MACDh_12_26_9': 'MACDh', 'BBL_20_2.0': 'BBL', 'BBM_20_2.0': 'BBM', 'BBU_20_2.0': 'BBU', 'STOCHk_14_3_3': 'STOCHk', 'STOCHd_14_3_3': 'STOCHd', 'CCI_14_0.015': 'CCI', 'SMA_10': 'SMA_10', 'SMA_50': 'SMA_50', 'SMA_200': 'SMA_200', 'EMA_10': 'EMA_10', 'EMA_50': 'EMA_50'}
2025-01-29 19:41:30 - INFO - Target binario con look_ahead=3, min_change=0.026
2025-01-29 19:41:30 - INFO - Distribución de clases (0=Vender, 1=Comprar):
target
0.0    1580
1.0    1443
Name: count, dtype: int64
2025-01-29 19:41:30 - INFO - Muestra de datos con target:
                        close  future_close  change_pct  target
open_time                                                      
2019-06-26 20:00:00  13802.27      12872.77   -0.067344     0.0
2017-12-27 03:30:00  15817.89      16310.00    0.031111     1.0
2019-06-26 15:45:00  12889.05      13436.00    0.042435     1.0
2017-10-15 21:30:00   5509.02       5660.01    0.027408     1.0
2018-12-03 14:45:00   3993.07       3880.99   -0.028069     0.0
2017-12-24 22:00:00  12549.16      13041.00    0.039193     1.0
2021-02-28 14:45:00  44561.92      43316.54   -0.027947     0.0
2019-08-28 17:30:00  10250.06       9695.30   -0.054123     0.0
2018-11-25 10:15:00   3720.89       3897.71    0.047521     1.0
2018-03-09 01:15:00   9318.41       8920.00   -0.042755     0.0
2025-01-29 19:41:30 - INFO - División de datos en Train/Test completada.
2025-01-29 19:41:30 - INFO - === Búsqueda de hiperparámetros (Optuna) en muestra de Training ===
2025-01-29 19:41:30 - INFO - No se han identificado características categóricas.
2025-01-29 19:41:30 - INFO - Columnas extra eliminadas: ['future_close', 'change_pct']
2025-01-29 19:41:30 - INFO - Dataset preparado: 1767 filas, 21 features (después de imputación).
2025-01-29 19:41:30 - INFO - Iniciando optimización en Optuna (precisión clase=1)...
2025-01-29 19:41:30 - INFO - Balance de clases tras SMOTETomek:
target
1.0    709
0.0    709
Name: count, dtype: int64
2025-01-29 19:41:31 - INFO - Balance de clases tras SMOTETomek:
target
1.0    700
0.0    700
Name: count, dtype: int64
2025-01-29 19:41:31 - INFO - Balance de clases tras SMOTETomek:
target
1.0    700
0.0    700
Name: count, dtype: int64
2025-01-29 19:41:31 - INFO - Balance de clases tras SMOTETomek:
target
1.0    692
0.0    692
Name: count, dtype: int64
2025-01-29 19:41:31 - INFO - Balance de clases tras SMOTETomek:
target
1.0    699
0.0    699
Name: count, dtype: int64
2025-01-29 19:41:31 - INFO - Balance de clases tras SMOTETomek:
target
1.0    709
0.0    709
Name: count, dtype: int64
2025-01-29 19:41:31 - INFO - Balance de clases tras SMOTETomek:
target
1.0    700
0.0    700
Name: count, dtype: int64
2025-01-29 19:41:32 - INFO - Balance de clases tras SMOTETomek:
target
1.0    700
0.0    700
Name: count, dtype: int64
2025-01-29 19:41:32 - INFO - Balance de clases tras SMOTETomek:
target
1.0    692
0.0    692
Name: count, dtype: int64
2025-01-29 19:41:33 - INFO - Balance de clases tras SMOTETomek:
target
1.0    699
0.0    699
Name: count, dtype: int64
2025-01-29 19:41:33 - INFO - Balance de clases tras SMOTETomek:
target
1.0    709
0.0    709
Name: count, dtype: int64
2025-01-29 19:41:34 - INFO - Balance de clases tras SMOTETomek:
target
1.0    700
0.0    700
Name: count, dtype: int64
2025-01-29 19:41:35 - INFO - Balance de clases tras SMOTETomek:
target
1.0    700
0.0    700
Name: count, dtype: int64
2025-01-29 19:41:35 - INFO - Balance de clases tras SMOTETomek:
target
1.0    692
0.0    692
Name: count, dtype: int64
2025-01-29 19:41:36 - INFO - Balance de clases tras SMOTETomek:
target
1.0    699
0.0    699
Name: count, dtype: int64
2025-01-29 19:41:37 - INFO - Balance de clases tras SMOTETomek:
target
1.0    709
0.0    709
Name: count, dtype: int64
2025-01-29 19:41:38 - INFO - Balance de clases tras SMOTETomek:
target
1.0    700
0.0    700
Name: count, dtype: int64
2025-01-29 19:41:39 - INFO - Balance de clases tras SMOTETomek:
target
1.0    700
0.0    700
Name: count, dtype: int64
2025-01-29 19:41:40 - INFO - Balance de clases tras SMOTETomek:
target
1.0    692
0.0    692
Name: count, dtype: int64
2025-01-29 19:41:41 - INFO - Balance de clases tras SMOTETomek:
target
1.0    699
0.0    699
Name: count, dtype: int64
2025-01-29 19:41:42 - INFO - Mejor Precisión (clase=1): 0.7228
2025-01-29 19:41:42 - INFO - Mejores parámetros: {'max_depth': 20, 'learning_rate': 0.02042361883931737, 'n_estimators': 453, 'subsample': 0.7449901522906055, 'colsample_bytree': 0.7338741270742777, 'gamma': 0.38057243869694113, 'reg_alpha': 0.4016406919272847, 'reg_lambda': 0.6793248321388419}
2025-01-29 19:41:42 - INFO - === Entrenando Pipeline Final con TODO el Training ===
2025-01-29 19:41:42 - INFO - Columnas extra eliminadas: ['future_close', 'change_pct']
2025-01-29 19:41:42 - INFO - Dataset preparado: 1964 filas, 21 features (después de imputación).
2025-01-29 19:41:42 - INFO - Balance de clases tras SMOTETomek:
target
1.0    981
0.0    981
Name: count, dtype: int64
2025-01-29 19:41:44 - INFO - Pipeline final entrenado con scale_pos_weight=1.00
2025-01-29 19:41:44 - INFO - Pipeline completo guardado en: .ML/results/XGBoost_Binario_trained_pipeline.joblib
2025-01-29 19:41:44 - INFO - Parámetros guardados en: .ML/results/XGBoost_Binario_model_params.txt
2025-01-29 19:41:44 - INFO - Lista de features guardada en: .ML/results/XGBoost_Binario_feature_cols.txt
2025-01-29 19:41:44 - INFO - Columnas de indicadores existentes eliminadas: ['RSI', 'MACD', 'MACDs', 'MACDh', 'OBV', 'BBL', 'BBM', 'BBU', 'STOCHk', 'STOCHd', 'CCI', 'SMA_10', 'SMA_50', 'SMA_200', 'EMA_10', 'EMA_50']
2025-01-29 19:41:44 - INFO - Indicadores técnicos agregados. Filas antes: 1059, después: 860 (descartadas: 199)
2025-01-29 19:41:44 - INFO - Columnas renombradas: {'RSI_14': 'RSI', 'MACD_12_26_9': 'MACD', 'MACDs_12_26_9': 'MACDs', 'MACDh_12_26_9': 'MACDh', 'BBL_20_2.0': 'BBL', 'BBM_20_2.0': 'BBM', 'BBU_20_2.0': 'BBU', 'STOCHk_14_3_3': 'STOCHk', 'STOCHd_14_3_3': 'STOCHd', 'CCI_14_0.015': 'CCI', 'SMA_10': 'SMA_10', 'SMA_50': 'SMA_50', 'SMA_200': 'SMA_200', 'EMA_10': 'EMA_10', 'EMA_50': 'EMA_50'}
2025-01-29 19:41:44 - INFO - Target binario con look_ahead=3, min_change=0.026
2025-01-29 19:41:44 - INFO - Distribución de clases (0=Vender, 1=Comprar):
target
1.0    325
0.0    323
Name: count, dtype: int64
2025-01-29 19:41:44 - INFO - Muestra de datos con target:
                        close  future_close  change_pct  target
open_time                                                      
2022-11-09 20:15:00  16743.54      15704.98   -0.062028     0.0
2021-09-24 08:45:00  44517.29      41509.90   -0.067556     0.0
2022-01-21 21:15:00  38022.84      35384.65   -0.069384     0.0
2023-10-23 21:45:00  31630.00      33799.60    0.068593     1.0
2021-05-17 05:30:00  42646.57      44164.23    0.035587     1.0
2021-01-21 21:30:00  31759.19      30496.02   -0.039773     0.0
2022-09-13 12:15:00  22713.69      19447.69   -0.143790     0.0
2021-02-11 12:30:00  46431.97      48387.99    0.042127     1.0
2021-05-16 20:00:00  45656.08      44095.67   -0.034177     0.0
2023-08-29 14:00:00  26190.00      27180.37    0.037815     1.0
2025-01-29 19:41:44 - INFO - Columnas extra eliminadas: ['change_pct', 'future_close']
2025-01-29 19:41:44 - INFO - Dataset preparado: 648 filas, 21 features (después de imputación).
2025-01-29 19:41:44 - INFO - === Evaluación en Test ===
2025-01-29 19:41:44 - INFO - Matriz de confusión [0=Vender, 1=Comprar]:
[[161 162]
 [158 167]]
2025-01-29 19:41:44 - INFO - Reporte de Clasificación:
              precision    recall  f1-score   support

      Vender       0.50      0.50      0.50       323
     Comprar       0.51      0.51      0.51       325

    accuracy                           0.51       648
   macro avg       0.51      0.51      0.51       648
weighted avg       0.51      0.51      0.51       648

2025-01-29 19:41:44 - INFO - Precision (clase=1): 0.5076
2025-01-29 19:41:44 - INFO - F1 (clase=1): 0.5107
2025-01-29 19:41:44 - INFO - Recall (clase=1): 0.5138
2025-01-29 19:41:44 - INFO - Balanced Accuracy: 0.5061
2025-01-29 19:41:44 - INFO - MCC: 0.0123
2025-01-29 19:41:44 - INFO - AUC: 0.4796
2025-01-29 19:41:45 - INFO - Precisión final en Test (clase=1): 0.5076
2025-01-29 19:41:45 - INFO - Importancia de características guardada en .ML/results/feature_importances_binary.csv.
2025-01-29 19:41:45 - INFO - Gráfico de importancia de características guardado.
2025-01-29 19:41:46 - INFO - Calculando valores SHAP...
2025-01-29 19:41:49 - INFO - SHAP analysis completado y guardado.
2025-01-29 19:41:49 - INFO - Señales generadas con umbral=0.6
2025-01-29 19:41:49 - INFO - Señales filtradas por tendencia.
2025-01-29 19:41:49 - INFO - Señales guardadas en: .ML/results/signals_binary.csv
2025-01-29 19:41:49 - INFO - === Proceso Completado con Éxito ===
