2025-01-05 00:36:48 - INFO - Datos cargados desde ML/data/processed/BTCUSDT_15m_processed.csv, filas: 251947
2025-01-05 00:36:48 - INFO - Columnas de indicadores técnicos existentes eliminadas: ['OBV']
2025-01-05 00:36:49 - INFO - Indicadores técnicos agregados al DataFrame. Filas antes: 251947, después: 251898
2025-01-05 00:36:49 - INFO - Columnas después de agregar indicadores técnicos: ['open', 'high', 'low', 'close', 'volume', 'close_time', 'quote_asset_volume', 'number_of_trades', 'taker_buy_base_asset_volume', 'taker_buy_quote_asset_volume', 'ignore', 'RSI_14', 'MACD_12_26_9', 'MACDh_12_26_9', 'MACDs_12_26_9', 'SMA_10', 'SMA_50', 'EMA_10', 'EMA_50', 'VWAP_D', 'BBL_20_2.0', 'BBM_20_2.0', 'BBU_20_2.0', 'BBB_20_2.0', 'BBP_20_2.0', 'ATRr_14', 'STOCHk_14_3_3', 'STOCHd_14_3_3', 'CCI_14_0.015', 'OBV']
2025-01-05 00:36:49 - INFO - Columnas renombradas: {'RSI_14': 'RSI', 'MACD_12_26_9': 'MACD', 'MACDs_12_26_9': 'MACDs', 'MACDh_12_26_9': 'MACDh', 'VWAP': 'VWAP', 'VWAP_D': 'VWAP', 'BBL_20_2.0': 'BBL', 'BBM_20_2.0': 'BBM', 'BBU_20_2.0': 'BBU', 'ATRr_14': 'ATR', 'STOCHk_14_3_3': 'STOCHk', 'STOCHd_14_3_3': 'STOCHd', 'CCI_14_0.015': 'CCI', 'BBB_20_2.0': 'BBB', 'BBP_20_2.0': 'BBP'}
2025-01-05 00:36:49 - INFO - Target multiclase con look_ahead=8, min_change=0.03, max_change=0.2
2025-01-05 00:36:49 - INFO - Distribución de clases (0: Vender, 1: Mantener, 2: Comprar):
target
1    244898
0      3566
2      3422
Name: count, dtype: int64
2025-01-05 00:36:49 - INFO - Muestra de datos con target:
                        close  future_close  change_pct  target
open_time                                                      
2022-08-20 14:45:00  21254.90      21237.66   -0.000811       1
2019-11-18 07:45:00   8452.03       8479.21    0.003216       1
2018-09-22 14:45:00   6671.60       6674.40    0.000420       1
2018-12-03 23:15:00   3909.35       3922.57    0.003382       1
2018-11-15 02:45:00   5739.15       5707.19   -0.005569       1
2022-01-22 18:45:00  34392.12      35287.51    0.026035       1
2021-09-05 00:00:00  49833.54      50159.11    0.006533       1
2023-03-03 02:15:00  22405.95      22350.53   -0.002473       1
2022-11-11 09:30:00  17365.48      17346.18   -0.001111       1
2020-01-30 01:30:00   9293.90       9283.95   -0.001071       1
2025-01-05 00:36:49 - INFO - División de datos en train y test completada.
2025-01-05 00:36:49 - INFO - === Buscando hiperparámetros (Optuna) en una muestra del training ===
2025-01-05 00:36:49 - INFO - Características utilizadas: ['open', 'high', 'low', 'close', 'volume', 'RSI', 'MACD', 'MACDs', 'MACDh', 'SMA_10', 'SMA_50', 'EMA_10', 'EMA_50', 'VWAP', 'OBV', 'BBL', 'BBM', 'BBU', 'ATR', 'STOCHk', 'STOCHd', 'CCI']
2025-01-05 00:36:49 - INFO - No se han identificado características categóricas.
2025-01-05 00:36:49 - INFO - Columnas presentes en el DataFrame: ['open', 'high', 'low', 'close', 'volume', 'close_time', 'quote_asset_volume', 'number_of_trades', 'taker_buy_base_asset_volume', 'taker_buy_quote_asset_volume', 'ignore', 'RSI', 'MACD', 'MACDh', 'MACDs', 'SMA_10', 'SMA_50', 'EMA_10', 'EMA_50', 'VWAP', 'BBL', 'BBM', 'BBU', 'BBB', 'BBP', 'ATR', 'STOCHk', 'STOCHd', 'CCI', 'OBV', 'future_close', 'change_pct', 'target']
2025-01-05 00:36:49 - INFO - Columnas eliminadas durante la preparación: ['close_time', 'quote_asset_volume', 'number_of_trades', 'taker_buy_base_asset_volume', 'taker_buy_quote_asset_volume', 'ignore', 'BBB', 'BBP', 'future_close', 'change_pct']
2025-01-05 00:36:49 - INFO - Conjunto de datos preparado con 52896 filas y 22 características.
