2025-01-29 18:25:34 - INFO - Datos cargados desde ML/data/processed/BTCUSDT_15m_processed.csv, filas: 257756
2025-01-29 18:25:34 - INFO - Columnas de indicadores existentes eliminadas: ['RSI', 'MACD', 'MACDs', 'MACDh', 'OBV', 'BBL', 'BBM', 'BBU', 'SMA_10', 'SMA_50', 'EMA_10', 'EMA_50']
2025-01-29 18:25:34 - INFO - Indicadores técnicos agregados. Filas antes: 257756, después: 257557 (descartadas: 199)
2025-01-29 18:25:34 - INFO - Columnas renombradas: {'RSI_14': 'RSI', 'MACD_12_26_9': 'MACD', 'MACDs_12_26_9': 'MACDs', 'MACDh_12_26_9': 'MACDh', 'BBL_20_2.0': 'BBL', 'BBM_20_2.0': 'BBM', 'BBU_20_2.0': 'BBU', 'STOCHk_14_3_3': 'STOCHk', 'STOCHd_14_3_3': 'STOCHd', 'CCI_14_0.015': 'CCI', 'SMA_10': 'SMA_10', 'SMA_50': 'SMA_50', 'SMA_200': 'SMA_200', 'EMA_10': 'EMA_10', 'EMA_50': 'EMA_50'}
2025-01-29 18:25:34 - INFO - Target binario con look_ahead=3, min_change=0.016
2025-01-29 18:25:34 - INFO - Distribución de clases (0=Vender, 1=Comprar):
target
0.0    4838
1.0    4733
Name: count, dtype: int64
2025-01-29 18:25:34 - INFO - Muestra de datos con target:
                        close  future_close  change_pct  target
open_time                                                      
2018-03-12 04:00:00   9386.01       9537.00    0.016087     1.0
2024-08-01 20:00:00  63534.00      64760.00    0.019297     1.0
2022-06-21 19:15:00  21172.80      20714.30   -0.021655     0.0
2024-11-14 19:45:00  89463.99      87952.84   -0.016891     0.0
2020-07-27 03:00:00  10084.85      10248.84    0.016261     1.0
2021-02-07 13:15:00  38978.34      38315.84   -0.016997     0.0
2018-01-04 12:30:00  14210.00      14520.00    0.021816     1.0
2019-06-28 02:30:00  11440.95      11192.05   -0.021755     0.0
2022-07-20 15:45:00  24172.63      23626.90   -0.022576     0.0
2020-03-16 05:00:00   5272.12       5158.42   -0.021566     0.0
2025-01-29 18:25:34 - INFO - División de datos en Train/Test completada.
2025-01-29 18:25:34 - INFO - === Búsqueda de hiperparámetros (Optuna) en muestra de Training ===
2025-01-29 18:25:34 - INFO - No se han identificado características categóricas.
2025-01-29 18:25:34 - INFO - Columnas extra eliminadas: ['future_close', 'change_pct']
2025-01-29 18:25:34 - INFO - Dataset preparado: 5598 filas, 21 features (después de imputación).
2025-01-29 18:25:34 - INFO - Iniciando optimización en Optuna (precisión clase=1)...
2025-01-29 18:25:34 - INFO - Balance de clases tras SMOTETomek:
target
1.0    2094
0.0    2094
Name: count, dtype: int64
2025-01-29 18:25:35 - INFO - Balance de clases tras SMOTETomek:
target
0.0    2091
1.0    2091
Name: count, dtype: int64
2025-01-29 18:25:35 - INFO - Balance de clases tras SMOTETomek:
target
0.0    2083
1.0    2083
Name: count, dtype: int64
2025-01-29 18:25:35 - INFO - Balance de clases tras SMOTETomek:
target
0.0    2085
1.0    2085
Name: count, dtype: int64
2025-01-29 18:25:36 - INFO - Balance de clases tras SMOTETomek:
target
1.0    2092
0.0    2092
Name: count, dtype: int64
2025-01-29 18:25:36 - INFO - Balance de clases tras SMOTETomek:
target
1.0    2094
0.0    2094
Name: count, dtype: int64
2025-01-29 18:25:40 - INFO - Balance de clases tras SMOTETomek:
target
0.0    2091
1.0    2091
Name: count, dtype: int64
2025-01-29 18:25:43 - INFO - Balance de clases tras SMOTETomek:
target
0.0    2083
1.0    2083
Name: count, dtype: int64
2025-01-29 18:25:46 - INFO - Balance de clases tras SMOTETomek:
target
0.0    2085
1.0    2085
Name: count, dtype: int64
2025-01-29 18:25:49 - INFO - Balance de clases tras SMOTETomek:
target
1.0    2092
0.0    2092
Name: count, dtype: int64
2025-01-29 18:25:52 - INFO - Balance de clases tras SMOTETomek:
target
1.0    2094
0.0    2094
Name: count, dtype: int64
2025-01-29 18:25:55 - INFO - Balance de clases tras SMOTETomek:
target
0.0    2091
1.0    2091
Name: count, dtype: int64
2025-01-29 18:25:57 - INFO - Balance de clases tras SMOTETomek:
target
0.0    2083
1.0    2083
Name: count, dtype: int64
2025-01-29 18:25:59 - INFO - Balance de clases tras SMOTETomek:
target
0.0    2085
1.0    2085
Name: count, dtype: int64
2025-01-29 18:26:01 - INFO - Balance de clases tras SMOTETomek:
target
1.0    2092
0.0    2092
Name: count, dtype: int64
2025-01-29 18:26:03 - INFO - Balance de clases tras SMOTETomek:
target
1.0    2094
0.0    2094
Name: count, dtype: int64
2025-01-29 18:26:08 - INFO - Balance de clases tras SMOTETomek:
target
0.0    2091
1.0    2091
Name: count, dtype: int64
2025-01-29 18:26:13 - INFO - Balance de clases tras SMOTETomek:
target
0.0    2083
1.0    2083
Name: count, dtype: int64
2025-01-29 18:26:17 - INFO - Balance de clases tras SMOTETomek:
target
0.0    2085
1.0    2085
Name: count, dtype: int64
2025-01-29 18:26:22 - INFO - Balance de clases tras SMOTETomek:
target
1.0    2092
0.0    2092
Name: count, dtype: int64
2025-01-29 18:26:26 - INFO - Balance de clases tras SMOTETomek:
target
1.0    2094
0.0    2094
Name: count, dtype: int64
2025-01-29 18:26:27 - INFO - Balance de clases tras SMOTETomek:
target
0.0    2091
1.0    2091
Name: count, dtype: int64
2025-01-29 18:26:27 - INFO - Balance de clases tras SMOTETomek:
target
0.0    2083
1.0    2083
Name: count, dtype: int64
2025-01-29 18:26:28 - INFO - Balance de clases tras SMOTETomek:
target
0.0    2085
1.0    2085
Name: count, dtype: int64
2025-01-29 18:26:28 - INFO - Balance de clases tras SMOTETomek:
target
1.0    2092
0.0    2092
Name: count, dtype: int64
2025-01-29 18:26:29 - INFO - Balance de clases tras SMOTETomek:
target
1.0    2094
0.0    2094
Name: count, dtype: int64
2025-01-29 18:26:32 - INFO - Balance de clases tras SMOTETomek:
target
0.0    2091
1.0    2091
Name: count, dtype: int64
2025-01-29 18:26:36 - INFO - Balance de clases tras SMOTETomek:
target
0.0    2083
1.0    2083
Name: count, dtype: int64
2025-01-29 18:26:39 - INFO - Balance de clases tras SMOTETomek:
target
0.0    2085
1.0    2085
Name: count, dtype: int64
2025-01-29 18:26:43 - INFO - Balance de clases tras SMOTETomek:
target
1.0    2092
0.0    2092
Name: count, dtype: int64
2025-01-29 18:26:46 - INFO - Balance de clases tras SMOTETomek:
target
1.0    2094
0.0    2094
Name: count, dtype: int64
2025-01-29 18:26:48 - INFO - Balance de clases tras SMOTETomek:
target
0.0    2091
1.0    2091
Name: count, dtype: int64
2025-01-29 18:26:50 - INFO - Balance de clases tras SMOTETomek:
target
0.0    2083
1.0    2083
Name: count, dtype: int64
2025-01-29 18:26:52 - INFO - Balance de clases tras SMOTETomek:
target
0.0    2085
1.0    2085
Name: count, dtype: int64
2025-01-29 18:26:54 - INFO - Balance de clases tras SMOTETomek:
target
1.0    2092
0.0    2092
Name: count, dtype: int64
2025-01-29 18:26:56 - INFO - Balance de clases tras SMOTETomek:
target
1.0    2094
0.0    2094
Name: count, dtype: int64
2025-01-29 18:27:01 - INFO - Balance de clases tras SMOTETomek:
target
0.0    2091
1.0    2091
Name: count, dtype: int64
2025-01-29 18:27:06 - INFO - Balance de clases tras SMOTETomek:
target
0.0    2083
1.0    2083
Name: count, dtype: int64
2025-01-29 18:27:11 - INFO - Balance de clases tras SMOTETomek:
target
0.0    2085
1.0    2085
Name: count, dtype: int64
2025-01-29 18:27:16 - INFO - Balance de clases tras SMOTETomek:
target
1.0    2092
0.0    2092
Name: count, dtype: int64
2025-01-29 18:27:21 - INFO - Balance de clases tras SMOTETomek:
target
1.0    2094
0.0    2094
Name: count, dtype: int64
2025-01-29 18:27:22 - INFO - Balance de clases tras SMOTETomek:
target
0.0    2091
1.0    2091
Name: count, dtype: int64
2025-01-29 18:27:22 - INFO - Balance de clases tras SMOTETomek:
target
0.0    2083
1.0    2083
Name: count, dtype: int64
2025-01-29 18:27:22 - INFO - Balance de clases tras SMOTETomek:
target
0.0    2085
1.0    2085
Name: count, dtype: int64
2025-01-29 18:27:23 - INFO - Balance de clases tras SMOTETomek:
target
1.0    2092
0.0    2092
Name: count, dtype: int64
2025-01-29 18:27:23 - INFO - Mejor Precisión (clase=1): 0.7194
2025-01-29 18:27:23 - INFO - Mejores parámetros: {'max_depth': 20, 'learning_rate': 0.02042361883931737, 'n_estimators': 453, 'subsample': 0.7449901522906055, 'colsample_bytree': 0.7338741270742777, 'gamma': 0.38057243869694113, 'reg_alpha': 0.4016406919272847, 'reg_lambda': 0.6793248321388419}
2025-01-29 18:27:23 - INFO - === Entrenando Pipeline Final con TODO el Training ===
2025-01-29 18:27:23 - INFO - Columnas extra eliminadas: ['future_close', 'change_pct']
2025-01-29 18:27:23 - INFO - Dataset preparado: 6221 filas, 21 features (después de imputación).
2025-01-29 18:27:23 - INFO - Balance de clases tras SMOTETomek:
target
0.0    2903
1.0    2903
Name: count, dtype: int64
2025-01-29 18:27:27 - INFO - Pipeline final entrenado con scale_pos_weight=1.00
2025-01-29 18:27:27 - INFO - Pipeline completo guardado en: .ML/results/XGBoost_Binario_trained_pipeline.joblib
2025-01-29 18:27:27 - INFO - Parámetros guardados en: .ML/results/XGBoost_Binario_model_params.txt
2025-01-29 18:27:27 - INFO - Lista de features guardada en: .ML/results/XGBoost_Binario_feature_cols.txt
2025-01-29 18:27:27 - INFO - Columnas de indicadores existentes eliminadas: ['RSI', 'MACD', 'MACDs', 'MACDh', 'OBV', 'BBL', 'BBM', 'BBU', 'STOCHk', 'STOCHd', 'CCI', 'SMA_10', 'SMA_50', 'SMA_200', 'EMA_10', 'EMA_50']
2025-01-29 18:27:27 - INFO - Indicadores técnicos agregados. Filas antes: 3350, después: 3151 (descartadas: 199)
2025-01-29 18:27:27 - INFO - Columnas renombradas: {'RSI_14': 'RSI', 'MACD_12_26_9': 'MACD', 'MACDs_12_26_9': 'MACDs', 'MACDh_12_26_9': 'MACDh', 'BBL_20_2.0': 'BBL', 'BBM_20_2.0': 'BBM', 'BBU_20_2.0': 'BBU', 'STOCHk_14_3_3': 'STOCHk', 'STOCHd_14_3_3': 'STOCHd', 'CCI_14_0.015': 'CCI', 'SMA_10': 'SMA_10', 'SMA_50': 'SMA_50', 'SMA_200': 'SMA_200', 'EMA_10': 'EMA_10', 'EMA_50': 'EMA_50'}
2025-01-29 18:27:27 - INFO - Target binario con look_ahead=3, min_change=0.016
2025-01-29 18:27:27 - INFO - Distribución de clases (0=Vender, 1=Comprar):
target
1.0    1153
0.0    1120
Name: count, dtype: int64
2025-01-29 18:27:27 - INFO - Muestra de datos con target:
                        close  future_close  change_pct  target
open_time                                                      
2021-06-10 13:45:00  37859.80      37046.11   -0.021492     0.0
2021-09-08 02:30:00  47134.88      46074.84   -0.022490     0.0
2021-07-26 12:15:00  38699.30      40233.12    0.039634     1.0
2021-02-11 12:15:00  46320.94      47906.31    0.034226     1.0
2023-03-22 18:45:00  28027.99      26667.33   -0.048546     0.0
2022-11-10 13:15:00  16634.84      17786.53    0.069234     1.0
2021-11-20 18:00:00  57953.74      56865.39   -0.018780     0.0
2021-02-10 03:15:00  46455.24      45228.66   -0.026403     0.0
2021-05-20 01:15:00  37173.08      38386.84    0.032652     1.0
2024-04-02 02:15:00  68447.76      71217.00    0.040458     1.0
2025-01-29 18:27:27 - INFO - Columnas extra eliminadas: ['change_pct', 'future_close']
2025-01-29 18:27:27 - INFO - Dataset preparado: 2273 filas, 21 features (después de imputación).
2025-01-29 18:27:27 - INFO - === Evaluación en Test ===
2025-01-29 18:27:27 - INFO - Matriz de confusión [0=Vender, 1=Comprar]:
[[587 533]
 [597 556]]
2025-01-29 18:27:27 - INFO - Reporte de Clasificación:
              precision    recall  f1-score   support

      Vender       0.50      0.52      0.51      1120
     Comprar       0.51      0.48      0.50      1153

    accuracy                           0.50      2273
   macro avg       0.50      0.50      0.50      2273
weighted avg       0.50      0.50      0.50      2273

2025-01-29 18:27:27 - INFO - Precision (clase=1): 0.5106
2025-01-29 18:27:27 - INFO - F1 (clase=1): 0.4960
2025-01-29 18:27:27 - INFO - Recall (clase=1): 0.4822
2025-01-29 18:27:27 - INFO - Balanced Accuracy: 0.5032
2025-01-29 18:27:27 - INFO - MCC: 0.0063
2025-01-29 18:27:27 - INFO - AUC: 0.5062
2025-01-29 18:27:28 - INFO - Precisión final en Test (clase=1): 0.5106
2025-01-29 18:27:28 - INFO - Importancia de características guardada en .ML/results/feature_importances_binary.csv.
2025-01-29 18:27:28 - INFO - Gráfico de importancia de características guardado.
2025-01-29 18:27:29 - INFO - Calculando valores SHAP...
2025-01-29 18:27:50 - INFO - SHAP analysis completado y guardado.
2025-01-29 18:27:50 - INFO - Señales generadas con umbral=0.66
2025-01-29 18:27:50 - INFO - Señales filtradas por tendencia.
2025-01-29 18:27:50 - INFO - Señales guardadas en: .ML/results/signals_binary.csv
2025-01-29 18:27:50 - INFO - === Proceso Completado con Éxito ===
