2025-01-29 19:01:45 - INFO - Datos cargados desde ML/data/processed/BTCUSDT_15m_processed.csv, filas: 257756
2025-01-29 19:01:45 - INFO - Columnas de indicadores existentes eliminadas: ['RSI', 'MACD', 'MACDs', 'MACDh', 'OBV', 'BBL', 'BBM', 'BBU', 'SMA_10', 'SMA_50', 'EMA_10', 'EMA_50']
2025-01-29 19:01:45 - INFO - Indicadores técnicos agregados. Filas antes: 257756, después: 257557 (descartadas: 199)
2025-01-29 19:01:45 - INFO - Columnas renombradas: {'RSI_14': 'RSI', 'MACD_12_26_9': 'MACD', 'MACDs_12_26_9': 'MACDs', 'MACDh_12_26_9': 'MACDh', 'BBL_20_2.0': 'BBL', 'BBM_20_2.0': 'BBM', 'BBU_20_2.0': 'BBU', 'STOCHk_14_3_3': 'STOCHk', 'STOCHd_14_3_3': 'STOCHd', 'CCI_14_0.015': 'CCI', 'SMA_10': 'SMA_10', 'SMA_50': 'SMA_50', 'SMA_200': 'SMA_200', 'EMA_10': 'EMA_10', 'EMA_50': 'EMA_50'}
2025-01-29 19:01:45 - INFO - Target binario con look_ahead=8, min_change=0.032
2025-01-29 19:01:45 - INFO - Distribución de clases (0=Vender, 1=Comprar):
target
0.0    3048
1.0    2939
Name: count, dtype: int64
2025-01-29 19:01:45 - INFO - Muestra de datos con target:
                        close  future_close  change_pct  target
open_time                                                      
2020-03-12 19:15:00   6063.96       5603.28   -0.075970     0.0
2018-01-16 20:15:00  11064.48       9100.01   -0.177547     0.0
2021-05-12 22:30:00  52317.45      49896.61   -0.046272     0.0
2023-08-17 19:45:00  27894.01      26253.92   -0.058797     0.0
2018-02-24 05:15:00  10400.03       9977.21   -0.040656     0.0
2021-05-21 21:15:00  35766.56      37207.63    0.040291     1.0
2021-06-10 08:15:00  36830.13      38157.24    0.036033     1.0
2018-05-16 01:00:00   8431.33       8149.97   -0.033371     0.0
2018-03-09 19:15:00   8711.16       9050.00    0.038897     1.0
2017-12-08 04:15:00  16339.00      15450.00   -0.054410     0.0
2025-01-29 19:01:45 - INFO - División de datos en Train/Test completada.
2025-01-29 19:01:45 - INFO - === Búsqueda de hiperparámetros (Optuna) en muestra de Training ===
2025-01-29 19:01:45 - INFO - No se han identificado características categóricas.
2025-01-29 19:01:45 - INFO - Columnas extra eliminadas: ['future_close', 'change_pct']
2025-01-29 19:01:45 - INFO - Dataset preparado: 3501 filas, 21 features (después de imputación).
2025-01-29 19:01:45 - INFO - Iniciando optimización en Optuna (precisión clase=1)...
2025-01-29 19:01:46 - INFO - Balance de clases tras SMOTETomek:
target
0.0    1443
1.0    1443
Name: count, dtype: int64
2025-01-29 19:01:46 - INFO - Balance de clases tras SMOTETomek:
target
0.0    1445
1.0    1445
Name: count, dtype: int64
2025-01-29 19:01:46 - INFO - Balance de clases tras SMOTETomek:
target
0.0    1444
1.0    1444
Name: count, dtype: int64
2025-01-29 19:01:46 - INFO - Balance de clases tras SMOTETomek:
target
0.0    1443
1.0    1443
Name: count, dtype: int64
2025-01-29 19:01:46 - INFO - Balance de clases tras SMOTETomek:
target
0.0    1442
1.0    1442
Name: count, dtype: int64
2025-01-29 19:01:46 - INFO - Balance de clases tras SMOTETomek:
target
0.0    1443
1.0    1443
Name: count, dtype: int64
2025-01-29 19:01:47 - INFO - Balance de clases tras SMOTETomek:
target
0.0    1445
1.0    1445
Name: count, dtype: int64
2025-01-29 19:01:48 - INFO - Balance de clases tras SMOTETomek:
target
0.0    1444
1.0    1444
Name: count, dtype: int64
2025-01-29 19:01:49 - INFO - Balance de clases tras SMOTETomek:
target
0.0    1443
1.0    1443
Name: count, dtype: int64
2025-01-29 19:01:49 - INFO - Balance de clases tras SMOTETomek:
target
0.0    1442
1.0    1442
Name: count, dtype: int64
2025-01-29 19:01:50 - INFO - Balance de clases tras SMOTETomek:
target
0.0    1443
1.0    1443
Name: count, dtype: int64
2025-01-29 19:01:51 - INFO - Balance de clases tras SMOTETomek:
target
0.0    1445
1.0    1445
Name: count, dtype: int64
2025-01-29 19:01:52 - INFO - Balance de clases tras SMOTETomek:
target
0.0    1444
1.0    1444
Name: count, dtype: int64
2025-01-29 19:01:53 - INFO - Balance de clases tras SMOTETomek:
target
0.0    1443
1.0    1443
Name: count, dtype: int64
2025-01-29 19:01:54 - INFO - Balance de clases tras SMOTETomek:
target
0.0    1442
1.0    1442
Name: count, dtype: int64
2025-01-29 19:01:55 - INFO - Balance de clases tras SMOTETomek:
target
0.0    1443
1.0    1443
Name: count, dtype: int64
2025-01-29 19:01:56 - INFO - Balance de clases tras SMOTETomek:
target
0.0    1445
1.0    1445
Name: count, dtype: int64
2025-01-29 19:01:58 - INFO - Balance de clases tras SMOTETomek:
target
0.0    1444
1.0    1444
Name: count, dtype: int64
2025-01-29 19:01:59 - INFO - Balance de clases tras SMOTETomek:
target
0.0    1443
1.0    1443
Name: count, dtype: int64
2025-01-29 19:02:00 - INFO - Balance de clases tras SMOTETomek:
target
0.0    1442
1.0    1442
Name: count, dtype: int64
2025-01-29 19:02:02 - INFO - Balance de clases tras SMOTETomek:
target
0.0    1443
1.0    1443
Name: count, dtype: int64
2025-01-29 19:02:02 - INFO - Balance de clases tras SMOTETomek:
target
0.0    1445
1.0    1445
Name: count, dtype: int64
2025-01-29 19:02:02 - INFO - Balance de clases tras SMOTETomek:
target
0.0    1444
1.0    1444
Name: count, dtype: int64
2025-01-29 19:02:03 - INFO - Balance de clases tras SMOTETomek:
target
0.0    1443
1.0    1443
Name: count, dtype: int64
2025-01-29 19:02:03 - INFO - Balance de clases tras SMOTETomek:
target
0.0    1442
1.0    1442
Name: count, dtype: int64
2025-01-29 19:02:03 - INFO - Balance de clases tras SMOTETomek:
target
0.0    1443
1.0    1443
Name: count, dtype: int64
2025-01-29 19:02:04 - INFO - Balance de clases tras SMOTETomek:
target
0.0    1445
1.0    1445
Name: count, dtype: int64
2025-01-29 19:02:06 - INFO - Balance de clases tras SMOTETomek:
target
0.0    1444
1.0    1444
Name: count, dtype: int64
2025-01-29 19:02:07 - INFO - Balance de clases tras SMOTETomek:
target
0.0    1443
1.0    1443
Name: count, dtype: int64
2025-01-29 19:02:08 - INFO - Balance de clases tras SMOTETomek:
target
0.0    1442
1.0    1442
Name: count, dtype: int64
2025-01-29 19:02:10 - INFO - Balance de clases tras SMOTETomek:
target
0.0    1443
1.0    1443
Name: count, dtype: int64
2025-01-29 19:02:10 - INFO - Balance de clases tras SMOTETomek:
target
0.0    1445
1.0    1445
Name: count, dtype: int64
2025-01-29 19:02:11 - INFO - Balance de clases tras SMOTETomek:
target
0.0    1444
1.0    1444
Name: count, dtype: int64
2025-01-29 19:02:11 - INFO - Balance de clases tras SMOTETomek:
target
0.0    1443
1.0    1443
Name: count, dtype: int64
2025-01-29 19:02:12 - INFO - Balance de clases tras SMOTETomek:
target
0.0    1442
1.0    1442
Name: count, dtype: int64
2025-01-29 19:02:13 - INFO - Balance de clases tras SMOTETomek:
target
0.0    1443
1.0    1443
Name: count, dtype: int64
2025-01-29 19:02:15 - INFO - Balance de clases tras SMOTETomek:
target
0.0    1445
1.0    1445
Name: count, dtype: int64
2025-01-29 19:02:18 - INFO - Balance de clases tras SMOTETomek:
target
0.0    1444
1.0    1444
Name: count, dtype: int64
2025-01-29 19:02:21 - INFO - Balance de clases tras SMOTETomek:
target
0.0    1443
1.0    1443
Name: count, dtype: int64
2025-01-29 19:02:23 - INFO - Balance de clases tras SMOTETomek:
target
0.0    1442
1.0    1442
Name: count, dtype: int64
2025-01-29 19:02:26 - INFO - Balance de clases tras SMOTETomek:
target
0.0    1443
1.0    1443
Name: count, dtype: int64
2025-01-29 19:02:27 - INFO - Balance de clases tras SMOTETomek:
target
0.0    1445
1.0    1445
Name: count, dtype: int64
2025-01-29 19:02:27 - INFO - Balance de clases tras SMOTETomek:
target
0.0    1444
1.0    1444
Name: count, dtype: int64
2025-01-29 19:02:27 - INFO - Balance de clases tras SMOTETomek:
target
0.0    1443
1.0    1443
Name: count, dtype: int64
2025-01-29 19:02:28 - INFO - Balance de clases tras SMOTETomek:
target
0.0    1442
1.0    1442
Name: count, dtype: int64
2025-01-29 19:02:28 - INFO - Mejor Precisión (clase=1): 0.8970
2025-01-29 19:02:28 - INFO - Mejores parámetros: {'max_depth': 11, 'learning_rate': 0.020107531049695957, 'n_estimators': 671, 'subsample': 0.9510846054797798, 'colsample_bytree': 0.6659133520917333, 'gamma': 0.3377937105460287, 'reg_alpha': 0.09006696587638663, 'reg_lambda': 0.6928383321248949}
2025-01-29 19:02:28 - INFO - === Entrenando Pipeline Final con TODO el Training ===
2025-01-29 19:02:28 - INFO - Columnas extra eliminadas: ['future_close', 'change_pct']
2025-01-29 19:02:28 - INFO - Dataset preparado: 3891 filas, 21 features (después de imputación).
2025-01-29 19:02:28 - INFO - Balance de clases tras SMOTETomek:
target
0.0    1975
1.0    1975
Name: count, dtype: int64
2025-01-29 19:02:29 - INFO - Pipeline final entrenado con scale_pos_weight=1.00
2025-01-29 19:02:29 - INFO - Pipeline completo guardado en: .ML/results/XGBoost_Binario_trained_pipeline.joblib
2025-01-29 19:02:29 - INFO - Parámetros guardados en: .ML/results/XGBoost_Binario_model_params.txt
2025-01-29 19:02:29 - INFO - Lista de features guardada en: .ML/results/XGBoost_Binario_feature_cols.txt
2025-01-29 19:02:29 - INFO - Columnas de indicadores existentes eliminadas: ['RSI', 'MACD', 'MACDs', 'MACDh', 'OBV', 'BBL', 'BBM', 'BBU', 'STOCHk', 'STOCHd', 'CCI', 'SMA_10', 'SMA_50', 'SMA_200', 'EMA_10', 'EMA_50']
2025-01-29 19:02:29 - INFO - Indicadores técnicos agregados. Filas antes: 2096, después: 1897 (descartadas: 199)
2025-01-29 19:02:29 - INFO - Columnas renombradas: {'RSI_14': 'RSI', 'MACD_12_26_9': 'MACD', 'MACDs_12_26_9': 'MACDs', 'MACDh_12_26_9': 'MACDh', 'BBL_20_2.0': 'BBL', 'BBM_20_2.0': 'BBM', 'BBU_20_2.0': 'BBU', 'STOCHk_14_3_3': 'STOCHk', 'STOCHd_14_3_3': 'STOCHd', 'CCI_14_0.015': 'CCI', 'SMA_10': 'SMA_10', 'SMA_50': 'SMA_50', 'SMA_200': 'SMA_200', 'EMA_10': 'EMA_10', 'EMA_50': 'EMA_50'}
2025-01-29 19:02:29 - INFO - Target binario con look_ahead=8, min_change=0.032
2025-01-29 19:02:29 - INFO - Distribución de clases (0=Vender, 1=Comprar):
target
1.0    724
0.0    673
Name: count, dtype: int64
2025-01-29 19:02:29 - INFO - Muestra de datos con target:
                        close  future_close  change_pct  target
open_time                                                      
2021-06-21 23:45:00  31608.93      32790.97    0.037396     1.0
2022-11-14 06:15:00  15962.21      18134.55    0.136093     1.0
2022-06-19 23:45:00  20574.00      18819.80   -0.085263     0.0
2024-04-13 18:00:00  66738.38      61816.02   -0.073756     0.0
2022-03-16 02:15:00  40985.82      44821.01    0.093574     1.0
2024-07-07 23:00:00  56422.78      58979.87    0.045320     1.0
2022-06-15 02:30:00  21879.66      21103.73   -0.035464     0.0
2022-11-14 13:15:00  17148.37      18148.26    0.058308     1.0
2022-06-13 07:30:00  24906.02      23212.69   -0.067989     0.0
2022-06-19 07:45:00  18306.93      19185.87    0.048011     1.0
2025-01-29 19:02:29 - INFO - Columnas extra eliminadas: ['change_pct', 'future_close']
2025-01-29 19:02:29 - INFO - Dataset preparado: 1397 filas, 21 features (después de imputación).
2025-01-29 19:02:29 - INFO - === Evaluación en Test ===
2025-01-29 19:02:29 - INFO - Matriz de confusión [0=Vender, 1=Comprar]:
[[532 141]
 [589 135]]
2025-01-29 19:02:29 - INFO - Reporte de Clasificación:
              precision    recall  f1-score   support

      Vender       0.47      0.79      0.59       673
     Comprar       0.49      0.19      0.27       724

    accuracy                           0.48      1397
   macro avg       0.48      0.49      0.43      1397
weighted avg       0.48      0.48      0.43      1397

2025-01-29 19:02:29 - INFO - Precision (clase=1): 0.4891
2025-01-29 19:02:29 - INFO - F1 (clase=1): 0.2700
2025-01-29 19:02:29 - INFO - Recall (clase=1): 0.1865
2025-01-29 19:02:29 - INFO - Balanced Accuracy: 0.4885
2025-01-29 19:02:29 - INFO - MCC: -0.0289
2025-01-29 19:02:29 - INFO - AUC: 0.4689
2025-01-29 19:02:30 - INFO - Precisión final en Test (clase=1): 0.4891
2025-01-29 19:02:30 - INFO - Importancia de características guardada en .ML/results/feature_importances_binary.csv.
2025-01-29 19:02:31 - INFO - Gráfico de importancia de características guardado.
2025-01-29 19:02:31 - INFO - Calculando valores SHAP...
2025-01-29 19:02:36 - INFO - SHAP analysis completado y guardado.
2025-01-29 19:02:36 - INFO - Señales generadas con umbral=0.61
2025-01-29 19:02:36 - INFO - Señales filtradas por tendencia.
2025-01-29 19:02:36 - INFO - Señales guardadas en: .ML/results/signals_binary.csv
2025-01-29 19:02:36 - INFO - === Proceso Completado con Éxito ===
