2025-01-29 18:47:29 - INFO - Datos cargados desde ML/data/processed/BTCUSDT_15m_processed.csv, filas: 257756
2025-01-29 18:47:29 - INFO - Columnas de indicadores existentes eliminadas: ['RSI', 'MACD', 'MACDs', 'MACDh', 'OBV', 'BBL', 'BBM', 'BBU', 'SMA_10', 'SMA_50', 'EMA_10', 'EMA_50']
2025-01-29 18:47:30 - INFO - Indicadores técnicos agregados. Filas antes: 257756, después: 257557 (descartadas: 199)
2025-01-29 18:47:30 - INFO - Columnas renombradas: {'RSI_14': 'RSI', 'MACD_12_26_9': 'MACD', 'MACDs_12_26_9': 'MACDs', 'MACDh_12_26_9': 'MACDh', 'BBL_20_2.0': 'BBL', 'BBM_20_2.0': 'BBM', 'BBU_20_2.0': 'BBU', 'STOCHk_14_3_3': 'STOCHk', 'STOCHd_14_3_3': 'STOCHd', 'CCI_14_0.015': 'CCI', 'SMA_10': 'SMA_10', 'SMA_50': 'SMA_50', 'SMA_200': 'SMA_200', 'EMA_10': 'EMA_10', 'EMA_50': 'EMA_50'}
2025-01-29 18:47:30 - INFO - Target binario con look_ahead=3, min_change=0.031
2025-01-29 18:47:30 - INFO - Distribución de clases (0=Vender, 1=Comprar):
target
0.0    986
1.0    871
Name: count, dtype: int64
2025-01-29 18:47:30 - INFO - Muestra de datos con target:
                        close  future_close  change_pct  target
open_time                                                      
2018-02-07 09:30:00   7860.00       8134.54    0.034929     1.0
2018-03-20 16:00:00   8540.02       8810.13    0.031629     1.0
2020-03-19 09:00:00   5418.11       5593.53    0.032377     1.0
2018-01-08 10:00:00  14700.03      15183.59    0.032895     1.0
2017-12-21 14:45:00  15474.97      14934.81   -0.034905     0.0
2018-03-12 18:45:00   9210.00       8888.09   -0.034952     0.0
2017-12-28 18:45:00  13299.94      13715.99    0.031282     1.0
2017-09-16 09:45:00   3753.08       3520.15   -0.062064     0.0
2023-03-22 18:15:00  28470.01      27415.16   -0.037051     0.0
2017-12-28 02:15:00  15165.71      14308.00   -0.056556     0.0
2025-01-29 18:47:30 - INFO - División de datos en Train/Test completada.
2025-01-29 18:47:30 - INFO - === Búsqueda de hiperparámetros (Optuna) en muestra de Training ===
2025-01-29 18:47:30 - INFO - No se han identificado características categóricas.
2025-01-29 18:47:30 - INFO - Columnas extra eliminadas: ['future_close', 'change_pct']
2025-01-29 18:47:30 - INFO - Dataset preparado: 1086 filas, 21 features (después de imputación).
2025-01-29 18:47:30 - INFO - Iniciando optimización en Optuna (precisión clase=1)...
2025-01-29 18:47:30 - INFO - Balance de clases tras SMOTETomek:
target
1.0    422
0.0    422
Name: count, dtype: int64
2025-01-29 18:47:30 - INFO - Balance de clases tras SMOTETomek:
target
1.0    419
0.0    419
Name: count, dtype: int64
2025-01-29 18:47:31 - INFO - Balance de clases tras SMOTETomek:
target
1.0    421
0.0    421
Name: count, dtype: int64
2025-01-29 18:47:31 - INFO - Balance de clases tras SMOTETomek:
target
1.0    419
0.0    419
Name: count, dtype: int64
2025-01-29 18:47:31 - INFO - Balance de clases tras SMOTETomek:
target
1.0    414
0.0    414
Name: count, dtype: int64
2025-01-29 18:47:31 - INFO - Balance de clases tras SMOTETomek:
target
1.0    422
0.0    422
Name: count, dtype: int64
2025-01-29 18:47:32 - INFO - Balance de clases tras SMOTETomek:
target
1.0    419
0.0    419
Name: count, dtype: int64
2025-01-29 18:47:33 - INFO - Balance de clases tras SMOTETomek:
target
1.0    421
0.0    421
Name: count, dtype: int64
2025-01-29 18:47:34 - INFO - Balance de clases tras SMOTETomek:
target
1.0    419
0.0    419
Name: count, dtype: int64
2025-01-29 18:47:35 - INFO - Balance de clases tras SMOTETomek:
target
1.0    414
0.0    414
Name: count, dtype: int64
2025-01-29 18:47:36 - INFO - Balance de clases tras SMOTETomek:
target
1.0    422
0.0    422
Name: count, dtype: int64
2025-01-29 18:47:36 - INFO - Balance de clases tras SMOTETomek:
target
1.0    419
0.0    419
Name: count, dtype: int64
2025-01-29 18:47:37 - INFO - Balance de clases tras SMOTETomek:
target
1.0    421
0.0    421
Name: count, dtype: int64
2025-01-29 18:47:37 - INFO - Balance de clases tras SMOTETomek:
target
1.0    419
0.0    419
Name: count, dtype: int64
2025-01-29 18:47:38 - INFO - Balance de clases tras SMOTETomek:
target
1.0    414
0.0    414
Name: count, dtype: int64
2025-01-29 18:47:38 - INFO - Balance de clases tras SMOTETomek:
target
1.0    422
0.0    422
Name: count, dtype: int64
2025-01-29 18:47:39 - INFO - Balance de clases tras SMOTETomek:
target
1.0    419
0.0    419
Name: count, dtype: int64
2025-01-29 18:47:40 - INFO - Balance de clases tras SMOTETomek:
target
1.0    421
0.0    421
Name: count, dtype: int64
2025-01-29 18:47:40 - INFO - Balance de clases tras SMOTETomek:
target
1.0    419
0.0    419
Name: count, dtype: int64
2025-01-29 18:47:41 - INFO - Balance de clases tras SMOTETomek:
target
1.0    414
0.0    414
Name: count, dtype: int64
2025-01-29 18:47:42 - INFO - Balance de clases tras SMOTETomek:
target
1.0    422
0.0    422
Name: count, dtype: int64
2025-01-29 18:47:42 - INFO - Balance de clases tras SMOTETomek:
target
1.0    419
0.0    419
Name: count, dtype: int64
2025-01-29 18:47:42 - INFO - Balance de clases tras SMOTETomek:
target
1.0    421
0.0    421
Name: count, dtype: int64
2025-01-29 18:47:42 - INFO - Balance de clases tras SMOTETomek:
target
1.0    419
0.0    419
Name: count, dtype: int64
2025-01-29 18:47:43 - INFO - Balance de clases tras SMOTETomek:
target
1.0    414
0.0    414
Name: count, dtype: int64
2025-01-29 18:47:43 - INFO - Balance de clases tras SMOTETomek:
target
1.0    422
0.0    422
Name: count, dtype: int64
2025-01-29 18:47:44 - INFO - Balance de clases tras SMOTETomek:
target
1.0    419
0.0    419
Name: count, dtype: int64
2025-01-29 18:47:44 - INFO - Balance de clases tras SMOTETomek:
target
1.0    421
0.0    421
Name: count, dtype: int64
2025-01-29 18:47:45 - INFO - Balance de clases tras SMOTETomek:
target
1.0    419
0.0    419
Name: count, dtype: int64
2025-01-29 18:47:46 - INFO - Balance de clases tras SMOTETomek:
target
1.0    414
0.0    414
Name: count, dtype: int64
2025-01-29 18:47:47 - INFO - Balance de clases tras SMOTETomek:
target
1.0    422
0.0    422
Name: count, dtype: int64
2025-01-29 18:47:48 - INFO - Balance de clases tras SMOTETomek:
target
1.0    419
0.0    419
Name: count, dtype: int64
2025-01-29 18:47:48 - INFO - Balance de clases tras SMOTETomek:
target
1.0    421
0.0    421
Name: count, dtype: int64
2025-01-29 18:47:48 - INFO - Balance de clases tras SMOTETomek:
target
1.0    419
0.0    419
Name: count, dtype: int64
2025-01-29 18:47:49 - INFO - Balance de clases tras SMOTETomek:
target
1.0    414
0.0    414
Name: count, dtype: int64
2025-01-29 18:47:49 - INFO - Balance de clases tras SMOTETomek:
target
1.0    422
0.0    422
Name: count, dtype: int64
2025-01-29 18:47:51 - INFO - Balance de clases tras SMOTETomek:
target
1.0    419
0.0    419
Name: count, dtype: int64
2025-01-29 18:47:52 - INFO - Balance de clases tras SMOTETomek:
target
1.0    421
0.0    421
Name: count, dtype: int64
2025-01-29 18:47:54 - INFO - Balance de clases tras SMOTETomek:
target
1.0    419
0.0    419
Name: count, dtype: int64
2025-01-29 18:47:56 - INFO - Balance de clases tras SMOTETomek:
target
1.0    414
0.0    414
Name: count, dtype: int64
2025-01-29 18:47:57 - INFO - Balance de clases tras SMOTETomek:
target
1.0    422
0.0    422
Name: count, dtype: int64
2025-01-29 18:47:57 - INFO - Balance de clases tras SMOTETomek:
target
1.0    419
0.0    419
Name: count, dtype: int64
2025-01-29 18:47:58 - INFO - Balance de clases tras SMOTETomek:
target
1.0    421
0.0    421
Name: count, dtype: int64
2025-01-29 18:47:58 - INFO - Balance de clases tras SMOTETomek:
target
1.0    419
0.0    419
Name: count, dtype: int64
2025-01-29 18:47:59 - INFO - Balance de clases tras SMOTETomek:
target
1.0    414
0.0    414
Name: count, dtype: int64
2025-01-29 18:47:59 - INFO - Mejor Precisión (clase=1): 0.7244
2025-01-29 18:47:59 - INFO - Mejores parámetros: {'max_depth': 12, 'learning_rate': 0.008106915413271288, 'n_estimators': 212, 'subsample': 0.6453011279660263, 'colsample_bytree': 0.6528408159783664, 'gamma': 0.03711031498483863, 'reg_alpha': 0.08198783075111105, 'reg_lambda': 0.2134399510803413}
2025-01-29 18:47:59 - INFO - === Entrenando Pipeline Final con TODO el Training ===
2025-01-29 18:47:59 - INFO - Columnas extra eliminadas: ['future_close', 'change_pct']
2025-01-29 18:47:59 - INFO - Dataset preparado: 1207 filas, 21 features (después de imputación).
2025-01-29 18:47:59 - INFO - Balance de clases tras SMOTETomek:
target
1.0    609
0.0    609
Name: count, dtype: int64
2025-01-29 18:48:00 - INFO - Pipeline final entrenado con scale_pos_weight=1.00
2025-01-29 18:48:00 - INFO - Pipeline completo guardado en: .ML/results/XGBoost_Binario_trained_pipeline.joblib
2025-01-29 18:48:00 - INFO - Parámetros guardados en: .ML/results/XGBoost_Binario_model_params.txt
2025-01-29 18:48:00 - INFO - Lista de features guardada en: .ML/results/XGBoost_Binario_feature_cols.txt
2025-01-29 18:48:00 - INFO - Columnas de indicadores existentes eliminadas: ['RSI', 'MACD', 'MACDs', 'MACDh', 'OBV', 'BBL', 'BBM', 'BBU', 'STOCHk', 'STOCHd', 'CCI', 'SMA_10', 'SMA_50', 'SMA_200', 'EMA_10', 'EMA_50']
2025-01-29 18:48:00 - INFO - Indicadores técnicos agregados. Filas antes: 650, después: 451 (descartadas: 199)
2025-01-29 18:48:00 - INFO - Columnas renombradas: {'RSI_14': 'RSI', 'MACD_12_26_9': 'MACD', 'MACDs_12_26_9': 'MACDs', 'MACDh_12_26_9': 'MACDh', 'BBL_20_2.0': 'BBL', 'BBM_20_2.0': 'BBM', 'BBU_20_2.0': 'BBU', 'STOCHk_14_3_3': 'STOCHk', 'STOCHd_14_3_3': 'STOCHd', 'CCI_14_0.015': 'CCI', 'SMA_10': 'SMA_10', 'SMA_50': 'SMA_50', 'SMA_200': 'SMA_200', 'EMA_10': 'EMA_10', 'EMA_50': 'EMA_50'}
2025-01-29 18:48:00 - INFO - Target binario con look_ahead=3, min_change=0.031
2025-01-29 18:48:00 - INFO - Distribución de clases (0=Vender, 1=Comprar):
target
0.0    169
1.0    168
Name: count, dtype: int64
2025-01-29 18:48:00 - INFO - Muestra de datos con target:
                        close  future_close  change_pct  target
open_time                                                      
2023-08-29 13:45:00  26052.00      29330.53    0.125846     1.0
2022-09-06 16:45:00  19747.25      22713.69    0.150220     1.0
2021-05-19 23:00:00  38001.82      35521.67   -0.065264     0.0
2022-09-06 16:30:00  19773.64      22605.66    0.143222     1.0
2021-06-13 19:15:00  37369.63      35245.00   -0.056854     0.0
2021-05-19 01:00:00  42168.16      38734.99   -0.081416     0.0
2024-08-05 13:15:00  49732.57      55300.00    0.111947     1.0
2024-01-09 21:00:00  47918.36      61408.89    0.281532     1.0
2021-01-29 16:00:00  37377.61      39196.36    0.048659     1.0
2021-05-19 00:30:00  42857.10      38956.94   -0.091004     0.0
2025-01-29 18:48:00 - INFO - Columnas extra eliminadas: ['change_pct', 'future_close']
2025-01-29 18:48:00 - INFO - Dataset preparado: 337 filas, 21 features (después de imputación).
2025-01-29 18:48:00 - INFO - === Evaluación en Test ===
2025-01-29 18:48:00 - INFO - Matriz de confusión [0=Vender, 1=Comprar]:
[[91 78]
 [74 94]]
2025-01-29 18:48:00 - INFO - Reporte de Clasificación:
              precision    recall  f1-score   support

      Vender       0.55      0.54      0.54       169
     Comprar       0.55      0.56      0.55       168

    accuracy                           0.55       337
   macro avg       0.55      0.55      0.55       337
weighted avg       0.55      0.55      0.55       337

2025-01-29 18:48:00 - INFO - Precision (clase=1): 0.5465
2025-01-29 18:48:00 - INFO - F1 (clase=1): 0.5529
2025-01-29 18:48:00 - INFO - Recall (clase=1): 0.5595
2025-01-29 18:48:00 - INFO - Balanced Accuracy: 0.5490
2025-01-29 18:48:00 - INFO - MCC: 0.0980
2025-01-29 18:48:00 - INFO - AUC: 0.5475
2025-01-29 18:48:01 - INFO - Precisión final en Test (clase=1): 0.5465
2025-01-29 18:48:01 - INFO - Importancia de características guardada en .ML/results/feature_importances_binary.csv.
2025-01-29 18:48:01 - INFO - Gráfico de importancia de características guardado.
2025-01-29 18:48:02 - INFO - Calculando valores SHAP...
2025-01-29 18:48:03 - INFO - SHAP analysis completado y guardado.
2025-01-29 18:48:03 - INFO - Señales generadas con umbral=0.61
2025-01-29 18:48:03 - INFO - Señales filtradas por tendencia.
2025-01-29 18:48:03 - INFO - Señales guardadas en: .ML/results/signals_binary.csv
2025-01-29 18:48:03 - INFO - === Proceso Completado con Éxito ===
