2024-12-27 22:04:11 - INFO - Datos cargados desde ML/data/processed/BTCUSDT_15m_processed.csv, filas: 245845
2024-12-27 22:04:12 - INFO - === Buscando hiperparámetros (Optuna) en una muestra del training ===
2024-12-27 22:04:13 - INFO - Target con look_ahead=3, lower=6, upper=88, min_change=0.01
2024-12-27 22:04:13 - INFO - Umbral inferior=-0.847796, superior=3.450451
2024-12-27 22:04:13 - INFO - Distribución de clases:
target
0    31445
2     4602
1     2301
Name: count, dtype: int64
2024-12-27 22:04:13 - INFO - Target con look_ahead=3, lower=15, upper=93, min_change=0.009000000000000001
2024-12-27 22:04:13 - INFO - Umbral inferior=-0.710961, superior=5.162280
2024-12-27 22:04:13 - INFO - Distribución de clases:
target
0    29910
1     5753
2     2685
Name: count, dtype: int64
2024-12-27 22:04:13 - INFO - Eliminados 199 registros con NaNs.
2024-12-27 22:04:13 - INFO - Eliminados 199 registros con NaNs.
2024-12-27 22:04:13 - INFO - Columnas a eliminar por correlación > 0.86: ['RSI_14', 'CCI_14', 'price_momentum_volatility', 'EMA_diff_5_20', 'STDDEV_18', 'STDDEV_42', 'STDDEV_87']
2024-12-27 22:04:13 - INFO - Columnas a eliminar por correlación > 0.86: ['RSI_14', 'CCI_14', 'price_momentum_volatility', 'EMA_diff_5_20', 'max_13', 'STDDEV_49', 'STDDEV_93']
2024-12-27 22:04:13 - INFO - Eliminando columnas durante transform: ['RSI_14', 'CCI_14', 'price_momentum_volatility', 'EMA_diff_5_20', 'STDDEV_18', 'STDDEV_42', 'STDDEV_87']
2024-12-27 22:04:13 - INFO - Eliminando columnas durante transform: ['RSI_14', 'CCI_14', 'price_momentum_volatility', 'EMA_diff_5_20', 'max_13', 'STDDEV_49', 'STDDEV_93']
2024-12-27 22:04:22 - INFO - Eliminando columnas durante transform: ['RSI_14', 'CCI_14', 'price_momentum_volatility', 'EMA_diff_5_20', 'STDDEV_18', 'STDDEV_42', 'STDDEV_87']
2024-12-27 22:04:22 - INFO - Columnas a eliminar por correlación > 0.86: ['RSI_14', 'CCI_14', 'price_momentum_volatility', 'EMA_diff_5_20', 'STDDEV_18', 'STDDEV_42', 'STDDEV_87']
2024-12-27 22:04:22 - INFO - Eliminando columnas durante transform: ['RSI_14', 'CCI_14', 'price_momentum_volatility', 'EMA_diff_5_20', 'STDDEV_18', 'STDDEV_42', 'STDDEV_87']
2024-12-27 22:04:27 - INFO - Eliminando columnas durante transform: ['RSI_14', 'CCI_14', 'price_momentum_volatility', 'EMA_diff_5_20', 'max_13', 'STDDEV_49', 'STDDEV_93']
2024-12-27 22:04:27 - INFO - Columnas a eliminar por correlación > 0.86: ['RSI_14', 'CCI_14', 'price_momentum_volatility', 'EMA_diff_5_20', 'max_13', 'STDDEV_49', 'STDDEV_93']
2024-12-27 22:04:27 - INFO - Eliminando columnas durante transform: ['RSI_14', 'CCI_14', 'price_momentum_volatility', 'EMA_diff_5_20', 'max_13', 'STDDEV_49', 'STDDEV_93']
2024-12-27 22:04:32 - INFO - Eliminando columnas durante transform: ['RSI_14', 'CCI_14', 'price_momentum_volatility', 'EMA_diff_5_20', 'STDDEV_18', 'STDDEV_42', 'STDDEV_87']
2024-12-27 22:04:32 - INFO - Columnas a eliminar por correlación > 0.86: ['RSI_14', 'CCI_14', 'price_momentum_volatility', 'EMA_diff_5_20', 'STDDEV_18', 'STDDEV_42', 'STDDEV_87']
2024-12-27 22:04:32 - INFO - Eliminando columnas durante transform: ['RSI_14', 'CCI_14', 'price_momentum_volatility', 'EMA_diff_5_20', 'STDDEV_18', 'STDDEV_42', 'STDDEV_87']
2024-12-27 22:04:44 - INFO - Eliminando columnas durante transform: ['RSI_14', 'CCI_14', 'price_momentum_volatility', 'EMA_diff_5_20', 'max_13', 'STDDEV_49', 'STDDEV_93']
2024-12-27 22:04:44 - INFO - Columnas a eliminar por correlación > 0.86: ['RSI_14', 'CCI_14', 'price_momentum_volatility', 'EMA_diff_5_20', 'max_13', 'STDDEV_49', 'STDDEV_93']
2024-12-27 22:04:44 - INFO - Eliminando columnas durante transform: ['RSI_14', 'CCI_14', 'price_momentum_volatility', 'EMA_diff_5_20', 'max_13', 'STDDEV_49', 'STDDEV_93']
2024-12-27 22:04:45 - INFO - Eliminando columnas durante transform: ['RSI_14', 'CCI_14', 'price_momentum_volatility', 'EMA_diff_5_20', 'STDDEV_18', 'STDDEV_42', 'STDDEV_87']
2024-12-27 22:04:45 - INFO - Columnas a eliminar por correlación > 0.86: ['RSI_14', 'CCI_14', 'price_momentum_volatility', 'EMA_diff_5_20', 'STDDEV_18', 'STDDEV_42', 'STDDEV_87']
2024-12-27 22:04:45 - INFO - Eliminando columnas durante transform: ['RSI_14', 'CCI_14', 'price_momentum_volatility', 'EMA_diff_5_20', 'STDDEV_18', 'STDDEV_42', 'STDDEV_87']
2024-12-27 22:04:52 - INFO - Eliminando columnas durante transform: ['RSI_14', 'CCI_14', 'price_momentum_volatility', 'EMA_diff_5_20', 'STDDEV_18', 'STDDEV_42', 'STDDEV_87']
2024-12-27 22:04:53 - INFO - Columnas a eliminar por correlación > 0.86: ['RSI_14', 'CCI_14', 'price_momentum_volatility', 'EMA_diff_5_20', 'STDDEV_18', 'STDDEV_42', 'STDDEV_87']
2024-12-27 22:04:53 - INFO - Eliminando columnas durante transform: ['RSI_14', 'CCI_14', 'price_momentum_volatility', 'EMA_diff_5_20', 'STDDEV_18', 'STDDEV_42', 'STDDEV_87']
2024-12-27 22:04:55 - INFO - Eliminando columnas durante transform: ['RSI_14', 'CCI_14', 'price_momentum_volatility', 'EMA_diff_5_20', 'max_13', 'STDDEV_49', 'STDDEV_93']
2024-12-27 22:04:55 - INFO - Columnas a eliminar por correlación > 0.86: ['RSI_14', 'CCI_14', 'price_momentum_volatility', 'EMA_diff_5_20', 'max_13', 'STDDEV_49', 'STDDEV_93']
2024-12-27 22:04:55 - INFO - Eliminando columnas durante transform: ['RSI_14', 'CCI_14', 'price_momentum_volatility', 'EMA_diff_5_20', 'max_13', 'STDDEV_49', 'STDDEV_93']
2024-12-27 22:05:00 - INFO - Eliminando columnas durante transform: ['RSI_14', 'CCI_14', 'price_momentum_volatility', 'EMA_diff_5_20', 'STDDEV_18', 'STDDEV_42', 'STDDEV_87']
2024-12-27 22:05:01 - INFO - Target con look_ahead=3, lower=14, upper=85, min_change=0.007
2024-12-27 22:05:01 - INFO - Umbral inferior=-0.734613, superior=2.484139
2024-12-27 22:05:01 - INFO - Distribución de clases:
target
0    27226
2     5753
1     5369
Name: count, dtype: int64
2024-12-27 22:05:01 - INFO - Eliminados 199 registros con NaNs.
2024-12-27 22:05:01 - INFO - Columnas a eliminar por correlación > 0.86: ['RSI_14', 'CCI_14', 'price_momentum_volatility', 'EMA_diff_5_20', 'STDDEV_16', 'STDDEV_43', 'STDDEV_67']
2024-12-27 22:05:01 - INFO - Eliminando columnas durante transform: ['RSI_14', 'CCI_14', 'price_momentum_volatility', 'EMA_diff_5_20', 'STDDEV_16', 'STDDEV_43', 'STDDEV_67']
2024-12-27 22:05:07 - INFO - Eliminando columnas durante transform: ['RSI_14', 'CCI_14', 'price_momentum_volatility', 'EMA_diff_5_20', 'max_13', 'STDDEV_49', 'STDDEV_93']
2024-12-27 22:05:07 - INFO - Columnas a eliminar por correlación > 0.86: ['RSI_14', 'CCI_14', 'price_momentum_volatility', 'EMA_diff_5_20', 'max_13', 'STDDEV_49', 'STDDEV_93']
2024-12-27 22:05:07 - INFO - Eliminando columnas durante transform: ['RSI_14', 'CCI_14', 'price_momentum_volatility', 'EMA_diff_5_20', 'max_13', 'STDDEV_49', 'STDDEV_93']
2024-12-27 22:05:13 - INFO - Eliminando columnas durante transform: ['RSI_14', 'CCI_14', 'price_momentum_volatility', 'EMA_diff_5_20', 'STDDEV_16', 'STDDEV_43', 'STDDEV_67']
2024-12-27 22:05:13 - INFO - Columnas a eliminar por correlación > 0.86: ['RSI_14', 'CCI_14', 'price_momentum_volatility', 'EMA_diff_5_20', 'STDDEV_16', 'max_16', 'STDDEV_43', 'STDDEV_67']
2024-12-27 22:05:13 - INFO - Eliminando columnas durante transform: ['RSI_14', 'CCI_14', 'price_momentum_volatility', 'EMA_diff_5_20', 'STDDEV_16', 'max_16', 'STDDEV_43', 'STDDEV_67']
2024-12-27 22:05:19 - INFO - Eliminando columnas durante transform: ['RSI_14', 'CCI_14', 'price_momentum_volatility', 'EMA_diff_5_20', 'max_13', 'STDDEV_49', 'STDDEV_93']
2024-12-27 22:05:20 - INFO - Target con look_ahead=1, lower=12, upper=86, min_change=0.008
2024-12-27 22:05:20 - INFO - Umbral inferior=-0.773897, superior=2.821351
2024-12-27 22:05:20 - INFO - Distribución de clases:
target
0    28379
2     5369
1     4602
Name: count, dtype: int64
2024-12-27 22:05:20 - INFO - Eliminados 199 registros con NaNs.
2024-12-27 22:05:21 - INFO - Columnas a eliminar por correlación > 0.86: ['RSI_14', 'CCI_14', 'price_momentum_volatility', 'EMA_diff_5_20', 'STDDEV_29', 'STDDEV_48', 'STDDEV_72']
2024-12-27 22:05:21 - INFO - Eliminando columnas durante transform: ['RSI_14', 'CCI_14', 'price_momentum_volatility', 'EMA_diff_5_20', 'STDDEV_29', 'STDDEV_48', 'STDDEV_72']
2024-12-27 22:05:25 - INFO - Eliminando columnas durante transform: ['RSI_14', 'CCI_14', 'price_momentum_volatility', 'EMA_diff_5_20', 'STDDEV_16', 'max_16', 'STDDEV_43', 'STDDEV_67']
2024-12-27 22:05:25 - INFO - Columnas a eliminar por correlación > 0.86: ['RSI_14', 'CCI_14', 'price_momentum_volatility', 'EMA_diff_5_20', 'STDDEV_16', 'max_16', 'STDDEV_43', 'STDDEV_67']
2024-12-27 22:05:25 - INFO - Eliminando columnas durante transform: ['RSI_14', 'CCI_14', 'price_momentum_volatility', 'EMA_diff_5_20', 'STDDEV_16', 'max_16', 'STDDEV_43', 'STDDEV_67']
2024-12-27 22:05:40 - INFO - Eliminando columnas durante transform: ['RSI_14', 'CCI_14', 'price_momentum_volatility', 'EMA_diff_5_20', 'STDDEV_16', 'max_16', 'STDDEV_43', 'STDDEV_67']
2024-12-27 22:05:40 - INFO - Columnas a eliminar por correlación > 0.86: ['RSI_14', 'CCI_14', 'price_momentum_volatility', 'EMA_diff_5_20', 'STDDEV_16', 'STDDEV_43', 'STDDEV_67']
2024-12-27 22:05:40 - INFO - Eliminando columnas durante transform: ['RSI_14', 'CCI_14', 'price_momentum_volatility', 'EMA_diff_5_20', 'STDDEV_16', 'STDDEV_43', 'STDDEV_67']
2024-12-27 22:05:54 - INFO - Eliminando columnas durante transform: ['RSI_14', 'CCI_14', 'price_momentum_volatility', 'EMA_diff_5_20', 'STDDEV_16', 'STDDEV_43', 'STDDEV_67']
2024-12-27 22:05:54 - INFO - Columnas a eliminar por correlación > 0.86: ['RSI_14', 'CCI_14', 'price_momentum_volatility', 'EMA_diff_5_20', 'STDDEV_16', 'max_16', 'STDDEV_43', 'STDDEV_67']
2024-12-27 22:05:54 - INFO - Eliminando columnas durante transform: ['RSI_14', 'CCI_14', 'price_momentum_volatility', 'EMA_diff_5_20', 'STDDEV_16', 'max_16', 'STDDEV_43', 'STDDEV_67']
2024-12-27 22:05:56 - INFO - Eliminando columnas durante transform: ['RSI_14', 'CCI_14', 'price_momentum_volatility', 'EMA_diff_5_20', 'STDDEV_29', 'STDDEV_48', 'STDDEV_72']
2024-12-27 22:05:56 - INFO - Columnas a eliminar por correlación > 0.86: ['RSI_14', 'CCI_14', 'price_momentum_volatility', 'EMA_diff_5_20', 'STDDEV_29', 'STDDEV_48', 'STDDEV_72']
2024-12-27 22:05:56 - INFO - Eliminando columnas durante transform: ['RSI_14', 'CCI_14', 'price_momentum_volatility', 'EMA_diff_5_20', 'STDDEV_29', 'STDDEV_48', 'STDDEV_72']
2024-12-27 22:06:07 - INFO - Eliminando columnas durante transform: ['RSI_14', 'CCI_14', 'price_momentum_volatility', 'EMA_diff_5_20', 'STDDEV_16', 'max_16', 'STDDEV_43', 'STDDEV_67']
2024-12-27 22:06:09 - INFO - Target con look_ahead=3, lower=6, upper=92, min_change=0.004
2024-12-27 22:06:09 - INFO - Umbral inferior=-0.847796, superior=4.764482
2024-12-27 22:06:09 - INFO - Distribución de clases:
target
0    32979
2     3068
1     2301
Name: count, dtype: int64
2024-12-27 22:06:09 - INFO - Eliminados 199 registros con NaNs.
2024-12-27 22:06:09 - INFO - Columnas a eliminar por correlación > 0.86: ['RSI_14', 'CCI_14', 'price_momentum_volatility', 'EMA_diff_5_20', 'STDDEV_24', 'STDDEV_37', 'STDDEV_69']
2024-12-27 22:06:09 - INFO - Eliminando columnas durante transform: ['RSI_14', 'CCI_14', 'price_momentum_volatility', 'EMA_diff_5_20', 'STDDEV_24', 'STDDEV_37', 'STDDEV_69']
2024-12-27 22:06:25 - INFO - Eliminando columnas durante transform: ['RSI_14', 'CCI_14', 'price_momentum_volatility', 'EMA_diff_5_20', 'STDDEV_24', 'STDDEV_37', 'STDDEV_69']
2024-12-27 22:06:26 - INFO - Columnas a eliminar por correlación > 0.86: ['RSI_14', 'CCI_14', 'price_momentum_volatility', 'EMA_diff_5_20', 'STDDEV_24', 'STDDEV_37', 'STDDEV_69']
2024-12-27 22:06:26 - INFO - Eliminando columnas durante transform: ['RSI_14', 'CCI_14', 'price_momentum_volatility', 'EMA_diff_5_20', 'STDDEV_24', 'STDDEV_37', 'STDDEV_69']
2024-12-27 22:06:29 - INFO - Eliminando columnas durante transform: ['RSI_14', 'CCI_14', 'price_momentum_volatility', 'EMA_diff_5_20', 'STDDEV_29', 'STDDEV_48', 'STDDEV_72']
2024-12-27 22:06:29 - INFO - Columnas a eliminar por correlación > 0.86: ['RSI_14', 'CCI_14', 'price_momentum_volatility', 'EMA_diff_5_20', 'STDDEV_29', 'STDDEV_48', 'STDDEV_72']
2024-12-27 22:06:29 - INFO - Eliminando columnas durante transform: ['RSI_14', 'CCI_14', 'price_momentum_volatility', 'EMA_diff_5_20', 'STDDEV_29', 'STDDEV_48', 'STDDEV_72']
2024-12-27 22:06:41 - INFO - Eliminando columnas durante transform: ['RSI_14', 'CCI_14', 'price_momentum_volatility', 'EMA_diff_5_20', 'STDDEV_24', 'STDDEV_37', 'STDDEV_69']
2024-12-27 22:06:41 - INFO - Columnas a eliminar por correlación > 0.86: ['RSI_14', 'CCI_14', 'price_momentum_volatility', 'EMA_diff_5_20', 'STDDEV_24', 'STDDEV_37', 'STDDEV_69']
2024-12-27 22:06:41 - INFO - Eliminando columnas durante transform: ['RSI_14', 'CCI_14', 'price_momentum_volatility', 'EMA_diff_5_20', 'STDDEV_24', 'STDDEV_37', 'STDDEV_69']
2024-12-27 22:06:58 - INFO - Eliminando columnas durante transform: ['RSI_14', 'CCI_14', 'price_momentum_volatility', 'EMA_diff_5_20', 'STDDEV_24', 'STDDEV_37', 'STDDEV_69']
2024-12-27 22:06:58 - INFO - Columnas a eliminar por correlación > 0.86: ['RSI_14', 'CCI_14', 'price_momentum_volatility', 'EMA_diff_5_20', 'STDDEV_24', 'STDDEV_37', 'STDDEV_69']
2024-12-27 22:06:58 - INFO - Eliminando columnas durante transform: ['RSI_14', 'CCI_14', 'price_momentum_volatility', 'EMA_diff_5_20', 'STDDEV_24', 'STDDEV_37', 'STDDEV_69']
2024-12-27 22:07:02 - INFO - Eliminando columnas durante transform: ['RSI_14', 'CCI_14', 'price_momentum_volatility', 'EMA_diff_5_20', 'STDDEV_29', 'STDDEV_48', 'STDDEV_72']
2024-12-27 22:07:02 - INFO - Columnas a eliminar por correlación > 0.86: ['RSI_14', 'CCI_14', 'price_momentum_volatility', 'EMA_diff_5_20', 'STDDEV_29', 'STDDEV_48', 'STDDEV_72']
2024-12-27 22:07:02 - INFO - Eliminando columnas durante transform: ['RSI_14', 'CCI_14', 'price_momentum_volatility', 'EMA_diff_5_20', 'STDDEV_29', 'STDDEV_48', 'STDDEV_72']
2024-12-27 22:07:15 - INFO - Eliminando columnas durante transform: ['RSI_14', 'CCI_14', 'price_momentum_volatility', 'EMA_diff_5_20', 'STDDEV_24', 'STDDEV_37', 'STDDEV_69']
2024-12-27 22:07:16 - INFO - Columnas a eliminar por correlación > 0.86: ['RSI_14', 'CCI_14', 'price_momentum_volatility', 'EMA_diff_5_20', 'STDDEV_24', 'STDDEV_37', 'STDDEV_69']
2024-12-27 22:07:16 - INFO - Eliminando columnas durante transform: ['RSI_14', 'CCI_14', 'price_momentum_volatility', 'EMA_diff_5_20', 'STDDEV_24', 'STDDEV_37', 'STDDEV_69']
2024-12-27 22:07:31 - INFO - Eliminando columnas durante transform: ['RSI_14', 'CCI_14', 'price_momentum_volatility', 'EMA_diff_5_20', 'STDDEV_24', 'STDDEV_37', 'STDDEV_69']
2024-12-27 22:07:32 - INFO - Target con look_ahead=5, lower=7, upper=91, min_change=0.002
2024-12-27 22:07:32 - INFO - Umbral inferior=-0.835004, superior=4.401831
2024-12-27 22:07:32 - INFO - Distribución de clases:
target
0    32209
2     3452
1     2685
Name: count, dtype: int64
2024-12-27 22:07:33 - INFO - Eliminados 199 registros con NaNs.
2024-12-27 22:07:33 - INFO - Columnas a eliminar por correlación > 0.86: ['RSI_14', 'CCI_14', 'price_momentum_volatility', 'EMA_diff_5_20', 'max_7', 'STDDEV_33', 'STDDEV_85']
2024-12-27 22:07:33 - INFO - Eliminando columnas durante transform: ['RSI_14', 'CCI_14', 'price_momentum_volatility', 'EMA_diff_5_20', 'max_7', 'STDDEV_33', 'STDDEV_85']
2024-12-27 22:07:36 - INFO - Eliminando columnas durante transform: ['RSI_14', 'CCI_14', 'price_momentum_volatility', 'EMA_diff_5_20', 'STDDEV_29', 'STDDEV_48', 'STDDEV_72']
2024-12-27 22:07:36 - INFO - Columnas a eliminar por correlación > 0.86: ['RSI_14', 'CCI_14', 'price_momentum_volatility', 'EMA_diff_5_20', 'STDDEV_29', 'STDDEV_48', 'STDDEV_72']
2024-12-27 22:07:36 - INFO - Eliminando columnas durante transform: ['RSI_14', 'CCI_14', 'price_momentum_volatility', 'EMA_diff_5_20', 'STDDEV_29', 'STDDEV_48', 'STDDEV_72']
2024-12-27 22:07:43 - INFO - Eliminando columnas durante transform: ['RSI_14', 'CCI_14', 'price_momentum_volatility', 'EMA_diff_5_20', 'max_7', 'STDDEV_33', 'STDDEV_85']
2024-12-27 22:07:43 - INFO - Columnas a eliminar por correlación > 0.86: ['RSI_14', 'CCI_14', 'price_momentum_volatility', 'EMA_diff_5_20', 'max_7', 'STDDEV_33', 'STDDEV_85']
2024-12-27 22:07:43 - INFO - Eliminando columnas durante transform: ['RSI_14', 'CCI_14', 'price_momentum_volatility', 'EMA_diff_5_20', 'max_7', 'STDDEV_33', 'STDDEV_85']
2024-12-27 22:07:53 - INFO - Eliminando columnas durante transform: ['RSI_14', 'CCI_14', 'price_momentum_volatility', 'EMA_diff_5_20', 'max_7', 'STDDEV_33', 'STDDEV_85']
2024-12-27 22:07:53 - INFO - Columnas a eliminar por correlación > 0.86: ['RSI_14', 'CCI_14', 'price_momentum_volatility', 'EMA_diff_5_20', 'max_7', 'STDDEV_33', 'STDDEV_85']
2024-12-27 22:07:53 - INFO - Eliminando columnas durante transform: ['RSI_14', 'CCI_14', 'price_momentum_volatility', 'EMA_diff_5_20', 'max_7', 'STDDEV_33', 'STDDEV_85']
2024-12-27 22:08:04 - INFO - Eliminando columnas durante transform: ['RSI_14', 'CCI_14', 'price_momentum_volatility', 'EMA_diff_5_20', 'max_7', 'STDDEV_33', 'STDDEV_85']
2024-12-27 22:08:04 - INFO - Columnas a eliminar por correlación > 0.86: ['RSI_14', 'CCI_14', 'price_momentum_volatility', 'EMA_diff_5_20', 'max_7', 'STDDEV_33', 'STDDEV_85']
2024-12-27 22:08:04 - INFO - Eliminando columnas durante transform: ['RSI_14', 'CCI_14', 'price_momentum_volatility', 'EMA_diff_5_20', 'max_7', 'STDDEV_33', 'STDDEV_85']
2024-12-27 22:08:07 - INFO - Eliminando columnas durante transform: ['RSI_14', 'CCI_14', 'price_momentum_volatility', 'EMA_diff_5_20', 'STDDEV_29', 'STDDEV_48', 'STDDEV_72']
2024-12-27 22:08:08 - INFO - Target con look_ahead=1, lower=6, upper=86, min_change=0.007
2024-12-27 22:08:08 - INFO - Umbral inferior=-0.849707, superior=2.821351
2024-12-27 22:08:08 - INFO - Distribución de clases:
target
0    30680
2     5369
1     2301
Name: count, dtype: int64
2024-12-27 22:08:08 - INFO - Eliminados 199 registros con NaNs.
2024-12-27 22:08:08 - INFO - Columnas a eliminar por correlación > 0.86: ['RSI_14', 'CCI_14', 'price_momentum_volatility', 'EMA_diff_5_20', 'max_6', 'STDDEV_43', 'STDDEV_76']
2024-12-27 22:08:08 - INFO - Eliminando columnas durante transform: ['RSI_14', 'CCI_14', 'price_momentum_volatility', 'EMA_diff_5_20', 'max_6', 'STDDEV_43', 'STDDEV_76']
2024-12-27 22:08:12 - INFO - Eliminando columnas durante transform: ['RSI_14', 'CCI_14', 'price_momentum_volatility', 'EMA_diff_5_20', 'max_7', 'STDDEV_33', 'STDDEV_85']
2024-12-27 22:08:12 - INFO - Columnas a eliminar por correlación > 0.86: ['RSI_14', 'CCI_14', 'price_momentum_volatility', 'EMA_diff_5_20', 'max_7', 'STDDEV_33', 'STDDEV_85']
2024-12-27 22:08:12 - INFO - Eliminando columnas durante transform: ['RSI_14', 'CCI_14', 'price_momentum_volatility', 'EMA_diff_5_20', 'max_7', 'STDDEV_33', 'STDDEV_85']
2024-12-27 22:08:15 - INFO - Eliminando columnas durante transform: ['RSI_14', 'CCI_14', 'price_momentum_volatility', 'EMA_diff_5_20', 'max_6', 'STDDEV_43', 'STDDEV_76']
2024-12-27 22:08:15 - INFO - Columnas a eliminar por correlación > 0.86: ['RSI_14', 'CCI_14', 'price_momentum_volatility', 'EMA_diff_5_20', 'max_6', 'STDDEV_43', 'STDDEV_76']
2024-12-27 22:08:15 - INFO - Eliminando columnas durante transform: ['RSI_14', 'CCI_14', 'price_momentum_volatility', 'EMA_diff_5_20', 'max_6', 'STDDEV_43', 'STDDEV_76']
2024-12-27 22:08:20 - INFO - Eliminando columnas durante transform: ['RSI_14', 'CCI_14', 'price_momentum_volatility', 'EMA_diff_5_20', 'max_7', 'STDDEV_33', 'STDDEV_85']
2024-12-27 22:08:21 - INFO - Target con look_ahead=1, lower=12, upper=89, min_change=0.007
2024-12-27 22:08:21 - INFO - Umbral inferior=-0.773897, superior=3.789154
2024-12-27 22:08:21 - INFO - Distribución de clases:
target
0    29529
1     4602
2     4219
Name: count, dtype: int64
2024-12-27 22:08:21 - INFO - Eliminados 199 registros con NaNs.
2024-12-27 22:08:21 - INFO - Columnas a eliminar por correlación > 0.86: ['RSI_14', 'CCI_14', 'price_momentum_volatility', 'EMA_diff_5_20', 'max_14', 'STDDEV_48', 'STDDEV_87']
2024-12-27 22:08:21 - INFO - Eliminando columnas durante transform: ['RSI_14', 'CCI_14', 'price_momentum_volatility', 'EMA_diff_5_20', 'max_14', 'STDDEV_48', 'STDDEV_87']
2024-12-27 22:08:24 - INFO - Eliminando columnas durante transform: ['RSI_14', 'CCI_14', 'price_momentum_volatility', 'EMA_diff_5_20', 'max_6', 'STDDEV_43', 'STDDEV_76']
2024-12-27 22:08:24 - INFO - Columnas a eliminar por correlación > 0.86: ['RSI_14', 'CCI_14', 'price_momentum_volatility', 'EMA_diff_5_20', 'max_6', 'STDDEV_43', 'STDDEV_76']
2024-12-27 22:08:24 - INFO - Eliminando columnas durante transform: ['RSI_14', 'CCI_14', 'price_momentum_volatility', 'EMA_diff_5_20', 'max_6', 'STDDEV_43', 'STDDEV_76']
2024-12-27 22:08:28 - INFO - Eliminando columnas durante transform: ['RSI_14', 'CCI_14', 'price_momentum_volatility', 'EMA_diff_5_20', 'max_14', 'STDDEV_48', 'STDDEV_87']
2024-12-27 22:08:28 - INFO - Columnas a eliminar por correlación > 0.86: ['RSI_14', 'CCI_14', 'price_momentum_volatility', 'EMA_diff_5_20', 'STDDEV_14', 'max_14', 'STDDEV_48', 'STDDEV_87']
2024-12-27 22:08:28 - INFO - Eliminando columnas durante transform: ['RSI_14', 'CCI_14', 'price_momentum_volatility', 'EMA_diff_5_20', 'STDDEV_14', 'max_14', 'STDDEV_48', 'STDDEV_87']
2024-12-27 22:08:32 - INFO - Eliminando columnas durante transform: ['RSI_14', 'CCI_14', 'price_momentum_volatility', 'EMA_diff_5_20', 'max_6', 'STDDEV_43', 'STDDEV_76']
2024-12-27 22:08:32 - INFO - Columnas a eliminar por correlación > 0.86: ['RSI_14', 'CCI_14', 'price_momentum_volatility', 'EMA_diff_5_20', 'max_6', 'STDDEV_43', 'STDDEV_76']
2024-12-27 22:08:32 - INFO - Eliminando columnas durante transform: ['RSI_14', 'CCI_14', 'price_momentum_volatility', 'EMA_diff_5_20', 'max_6', 'STDDEV_43', 'STDDEV_76']
2024-12-27 22:08:35 - INFO - Eliminando columnas durante transform: ['RSI_14', 'CCI_14', 'price_momentum_volatility', 'EMA_diff_5_20', 'STDDEV_14', 'max_14', 'STDDEV_48', 'STDDEV_87']
2024-12-27 22:08:35 - INFO - Columnas a eliminar por correlación > 0.86: ['RSI_14', 'CCI_14', 'price_momentum_volatility', 'EMA_diff_5_20', 'max_14', 'STDDEV_48', 'STDDEV_87']
2024-12-27 22:08:35 - INFO - Eliminando columnas durante transform: ['RSI_14', 'CCI_14', 'price_momentum_volatility', 'EMA_diff_5_20', 'max_14', 'STDDEV_48', 'STDDEV_87']
2024-12-27 22:08:39 - INFO - Eliminando columnas durante transform: ['RSI_14', 'CCI_14', 'price_momentum_volatility', 'EMA_diff_5_20', 'max_6', 'STDDEV_43', 'STDDEV_76']
2024-12-27 22:08:39 - INFO - Columnas a eliminar por correlación > 0.86: ['RSI_14', 'CCI_14', 'price_momentum_volatility', 'EMA_diff_5_20', 'max_6', 'STDDEV_43', 'STDDEV_76']
2024-12-27 22:08:39 - INFO - Eliminando columnas durante transform: ['RSI_14', 'CCI_14', 'price_momentum_volatility', 'EMA_diff_5_20', 'max_6', 'STDDEV_43', 'STDDEV_76']
2024-12-27 22:08:43 - INFO - Eliminando columnas durante transform: ['RSI_14', 'CCI_14', 'price_momentum_volatility', 'EMA_diff_5_20', 'max_14', 'STDDEV_48', 'STDDEV_87']
2024-12-27 22:08:43 - INFO - Columnas a eliminar por correlación > 0.86: ['RSI_14', 'CCI_14', 'price_momentum_volatility', 'EMA_diff_5_20', 'max_14', 'STDDEV_48', 'STDDEV_87']
2024-12-27 22:08:43 - INFO - Eliminando columnas durante transform: ['RSI_14', 'CCI_14', 'price_momentum_volatility', 'EMA_diff_5_20', 'max_14', 'STDDEV_48', 'STDDEV_87']
2024-12-27 22:08:47 - INFO - Eliminando columnas durante transform: ['RSI_14', 'CCI_14', 'price_momentum_volatility', 'EMA_diff_5_20', 'max_6', 'STDDEV_43', 'STDDEV_76']
2024-12-27 22:08:47 - INFO - Target con look_ahead=2, lower=6, upper=87, min_change=0.004
2024-12-27 22:08:47 - INFO - Umbral inferior=-0.849400, superior=3.136481
2024-12-27 22:08:47 - INFO - Distribución de clases:
target
0    31062
2     4986
1     2301
Name: count, dtype: int64
2024-12-27 22:08:47 - INFO - Eliminados 199 registros con NaNs.
2024-12-27 22:08:48 - INFO - Columnas a eliminar por correlación > 0.86: ['RSI_14', 'CCI_14', 'price_momentum_volatility', 'EMA_diff_5_20', 'STDDEV_26', 'STDDEV_38', 'STDDEV_93']
2024-12-27 22:08:48 - INFO - Eliminando columnas durante transform: ['RSI_14', 'CCI_14', 'price_momentum_volatility', 'EMA_diff_5_20', 'STDDEV_26', 'STDDEV_38', 'STDDEV_93']
2024-12-27 22:08:51 - INFO - Eliminando columnas durante transform: ['RSI_14', 'CCI_14', 'price_momentum_volatility', 'EMA_diff_5_20', 'max_14', 'STDDEV_48', 'STDDEV_87']
2024-12-27 22:08:51 - INFO - Columnas a eliminar por correlación > 0.86: ['RSI_14', 'CCI_14', 'price_momentum_volatility', 'EMA_diff_5_20', 'max_14', 'STDDEV_48', 'STDDEV_87']
2024-12-27 22:08:51 - INFO - Eliminando columnas durante transform: ['RSI_14', 'CCI_14', 'price_momentum_volatility', 'EMA_diff_5_20', 'max_14', 'STDDEV_48', 'STDDEV_87']
2024-12-27 22:08:55 - INFO - Eliminando columnas durante transform: ['RSI_14', 'CCI_14', 'price_momentum_volatility', 'EMA_diff_5_20', 'STDDEV_26', 'STDDEV_38', 'STDDEV_93']
2024-12-27 22:08:55 - INFO - Columnas a eliminar por correlación > 0.86: ['RSI_14', 'CCI_14', 'price_momentum_volatility', 'EMA_diff_5_20', 'STDDEV_26', 'STDDEV_38', 'STDDEV_93']
2024-12-27 22:08:55 - INFO - Eliminando columnas durante transform: ['RSI_14', 'CCI_14', 'price_momentum_volatility', 'EMA_diff_5_20', 'STDDEV_26', 'STDDEV_38', 'STDDEV_93']
2024-12-27 22:08:59 - INFO - Eliminando columnas durante transform: ['RSI_14', 'CCI_14', 'price_momentum_volatility', 'EMA_diff_5_20', 'max_14', 'STDDEV_48', 'STDDEV_87']
2024-12-27 22:09:01 - INFO - Target con look_ahead=2, lower=12, upper=93, min_change=0.003
2024-12-27 22:09:01 - INFO - Umbral inferior=-0.776552, superior=5.156011
2024-12-27 22:09:01 - INFO - Distribución de clases:
target
0    31062
1     4602
2     2685
Name: count, dtype: int64
2024-12-27 22:09:01 - INFO - Eliminados 199 registros con NaNs.
2024-12-27 22:09:01 - INFO - Columnas a eliminar por correlación > 0.86: ['RSI_14', 'CCI_14', 'price_momentum_volatility', 'EMA_diff_5_20', 'max_5', 'STDDEV_44', 'STDDEV_78']
2024-12-27 22:09:01 - INFO - Eliminando columnas durante transform: ['RSI_14', 'CCI_14', 'price_momentum_volatility', 'EMA_diff_5_20', 'max_5', 'STDDEV_44', 'STDDEV_78']
2024-12-27 22:09:04 - INFO - Eliminando columnas durante transform: ['RSI_14', 'CCI_14', 'price_momentum_volatility', 'EMA_diff_5_20', 'STDDEV_26', 'STDDEV_38', 'STDDEV_93']
2024-12-27 22:09:04 - INFO - Columnas a eliminar por correlación > 0.86: ['RSI_14', 'CCI_14', 'price_momentum_volatility', 'EMA_diff_5_20', 'STDDEV_26', 'STDDEV_38', 'STDDEV_93']
2024-12-27 22:09:04 - INFO - Eliminando columnas durante transform: ['RSI_14', 'CCI_14', 'price_momentum_volatility', 'EMA_diff_5_20', 'STDDEV_26', 'STDDEV_38', 'STDDEV_93']
2024-12-27 22:09:12 - INFO - Eliminando columnas durante transform: ['RSI_14', 'CCI_14', 'price_momentum_volatility', 'EMA_diff_5_20', 'max_5', 'STDDEV_44', 'STDDEV_78']
2024-12-27 22:09:12 - INFO - Columnas a eliminar por correlación > 0.86: ['RSI_14', 'CCI_14', 'price_momentum_volatility', 'EMA_diff_5_20', 'max_5', 'STDDEV_44', 'STDDEV_78']
2024-12-27 22:09:12 - INFO - Eliminando columnas durante transform: ['RSI_14', 'CCI_14', 'price_momentum_volatility', 'EMA_diff_5_20', 'max_5', 'STDDEV_44', 'STDDEV_78']
2024-12-27 22:09:12 - INFO - Eliminando columnas durante transform: ['RSI_14', 'CCI_14', 'price_momentum_volatility', 'EMA_diff_5_20', 'STDDEV_26', 'STDDEV_38', 'STDDEV_93']
2024-12-27 22:09:13 - INFO - Columnas a eliminar por correlación > 0.86: ['RSI_14', 'CCI_14', 'price_momentum_volatility', 'EMA_diff_5_20', 'STDDEV_26', 'STDDEV_38', 'STDDEV_93']
2024-12-27 22:09:13 - INFO - Eliminando columnas durante transform: ['RSI_14', 'CCI_14', 'price_momentum_volatility', 'EMA_diff_5_20', 'STDDEV_26', 'STDDEV_38', 'STDDEV_93']
2024-12-27 22:09:20 - INFO - Eliminando columnas durante transform: ['RSI_14', 'CCI_14', 'price_momentum_volatility', 'EMA_diff_5_20', 'STDDEV_26', 'STDDEV_38', 'STDDEV_93']
2024-12-27 22:09:20 - INFO - Columnas a eliminar por correlación > 0.86: ['RSI_14', 'CCI_14', 'price_momentum_volatility', 'EMA_diff_5_20', 'STDDEV_26', 'STDDEV_38', 'STDDEV_93']
2024-12-27 22:09:20 - INFO - Eliminando columnas durante transform: ['RSI_14', 'CCI_14', 'price_momentum_volatility', 'EMA_diff_5_20', 'STDDEV_26', 'STDDEV_38', 'STDDEV_93']
2024-12-27 22:09:22 - INFO - Eliminando columnas durante transform: ['RSI_14', 'CCI_14', 'price_momentum_volatility', 'EMA_diff_5_20', 'max_5', 'STDDEV_44', 'STDDEV_78']
2024-12-27 22:09:22 - INFO - Columnas a eliminar por correlación > 0.86: ['RSI_14', 'CCI_14', 'price_momentum_volatility', 'EMA_diff_5_20', 'max_5', 'STDDEV_44', 'STDDEV_78']
2024-12-27 22:09:22 - INFO - Eliminando columnas durante transform: ['RSI_14', 'CCI_14', 'price_momentum_volatility', 'EMA_diff_5_20', 'max_5', 'STDDEV_44', 'STDDEV_78']
2024-12-27 22:09:27 - INFO - Eliminando columnas durante transform: ['RSI_14', 'CCI_14', 'price_momentum_volatility', 'EMA_diff_5_20', 'STDDEV_26', 'STDDEV_38', 'STDDEV_93']
2024-12-27 22:09:28 - INFO - Target con look_ahead=1, lower=12, upper=90, min_change=0.003
2024-12-27 22:09:28 - INFO - Umbral inferior=-0.773897, superior=4.085645
2024-12-27 22:09:28 - INFO - Distribución de clases:
target
0    29913
1     4602
2     3835
Name: count, dtype: int64
2024-12-27 22:09:28 - INFO - Eliminados 199 registros con NaNs.
2024-12-27 22:09:28 - INFO - Columnas a eliminar por correlación > 0.86: ['RSI_14', 'CCI_14', 'price_momentum_volatility', 'EMA_diff_5_20', 'STDDEV_23', 'STDDEV_46', 'STDDEV_78']
2024-12-27 22:09:28 - INFO - Eliminando columnas durante transform: ['RSI_14', 'CCI_14', 'price_momentum_volatility', 'EMA_diff_5_20', 'STDDEV_23', 'STDDEV_46', 'STDDEV_78']
2024-12-27 22:09:32 - INFO - Eliminando columnas durante transform: ['RSI_14', 'CCI_14', 'price_momentum_volatility', 'EMA_diff_5_20', 'max_5', 'STDDEV_44', 'STDDEV_78']
2024-12-27 22:09:32 - INFO - Columnas a eliminar por correlación > 0.86: ['RSI_14', 'CCI_14', 'price_momentum_volatility', 'EMA_diff_5_20', 'max_5', 'STDDEV_44', 'STDDEV_78']
2024-12-27 22:09:32 - INFO - Eliminando columnas durante transform: ['RSI_14', 'CCI_14', 'price_momentum_volatility', 'EMA_diff_5_20', 'max_5', 'STDDEV_44', 'STDDEV_78']
2024-12-27 22:09:34 - INFO - Eliminando columnas durante transform: ['RSI_14', 'CCI_14', 'price_momentum_volatility', 'EMA_diff_5_20', 'STDDEV_23', 'STDDEV_46', 'STDDEV_78']
2024-12-27 22:09:34 - INFO - Columnas a eliminar por correlación > 0.86: ['RSI_14', 'CCI_14', 'price_momentum_volatility', 'EMA_diff_5_20', 'STDDEV_23', 'STDDEV_46', 'STDDEV_78']
2024-12-27 22:09:34 - INFO - Eliminando columnas durante transform: ['RSI_14', 'CCI_14', 'price_momentum_volatility', 'EMA_diff_5_20', 'STDDEV_23', 'STDDEV_46', 'STDDEV_78']
2024-12-27 22:09:38 - INFO - Eliminando columnas durante transform: ['RSI_14', 'CCI_14', 'price_momentum_volatility', 'EMA_diff_5_20', 'STDDEV_23', 'STDDEV_46', 'STDDEV_78']
2024-12-27 22:09:39 - INFO - Columnas a eliminar por correlación > 0.86: ['RSI_14', 'CCI_14', 'price_momentum_volatility', 'EMA_diff_5_20', 'STDDEV_23', 'STDDEV_46', 'STDDEV_78']
2024-12-27 22:09:39 - INFO - Eliminando columnas durante transform: ['RSI_14', 'CCI_14', 'price_momentum_volatility', 'EMA_diff_5_20', 'STDDEV_23', 'STDDEV_46', 'STDDEV_78']
2024-12-27 22:09:42 - INFO - Eliminando columnas durante transform: ['RSI_14', 'CCI_14', 'price_momentum_volatility', 'EMA_diff_5_20', 'max_5', 'STDDEV_44', 'STDDEV_78']
2024-12-27 22:09:42 - INFO - Columnas a eliminar por correlación > 0.86: ['RSI_14', 'CCI_14', 'price_momentum_volatility', 'EMA_diff_5_20', 'max_5', 'STDDEV_44', 'STDDEV_78']
2024-12-27 22:09:42 - INFO - Eliminando columnas durante transform: ['RSI_14', 'CCI_14', 'price_momentum_volatility', 'EMA_diff_5_20', 'max_5', 'STDDEV_44', 'STDDEV_78']
2024-12-27 22:09:44 - INFO - Eliminando columnas durante transform: ['RSI_14', 'CCI_14', 'price_momentum_volatility', 'EMA_diff_5_20', 'STDDEV_23', 'STDDEV_46', 'STDDEV_78']
2024-12-27 22:09:45 - INFO - Columnas a eliminar por correlación > 0.86: ['RSI_14', 'CCI_14', 'price_momentum_volatility', 'EMA_diff_5_20', 'STDDEV_23', 'STDDEV_46', 'STDDEV_78']
2024-12-27 22:09:45 - INFO - Eliminando columnas durante transform: ['RSI_14', 'CCI_14', 'price_momentum_volatility', 'EMA_diff_5_20', 'STDDEV_23', 'STDDEV_46', 'STDDEV_78']
2024-12-27 22:09:50 - INFO - Eliminando columnas durante transform: ['RSI_14', 'CCI_14', 'price_momentum_volatility', 'EMA_diff_5_20', 'STDDEV_23', 'STDDEV_46', 'STDDEV_78']
2024-12-27 22:09:50 - INFO - Columnas a eliminar por correlación > 0.86: ['RSI_14', 'CCI_14', 'price_momentum_volatility', 'EMA_diff_5_20', 'STDDEV_23', 'STDDEV_46', 'STDDEV_78']
2024-12-27 22:09:50 - INFO - Eliminando columnas durante transform: ['RSI_14', 'CCI_14', 'price_momentum_volatility', 'EMA_diff_5_20', 'STDDEV_23', 'STDDEV_46', 'STDDEV_78']
2024-12-27 22:09:53 - INFO - Eliminando columnas durante transform: ['RSI_14', 'CCI_14', 'price_momentum_volatility', 'EMA_diff_5_20', 'max_5', 'STDDEV_44', 'STDDEV_78']
2024-12-27 22:09:54 - INFO - Target con look_ahead=5, lower=9, upper=95, min_change=0.009000000000000001
2024-12-27 22:09:54 - INFO - Umbral inferior=-0.811968, superior=6.162773
2024-12-27 22:09:54 - INFO - Distribución de clases:
target
0    32976
1     3452
2     1918
Name: count, dtype: int64
2024-12-27 22:09:55 - INFO - Eliminados 199 registros con NaNs.
2024-12-27 22:09:55 - INFO - Columnas a eliminar por correlación > 0.86: ['RSI_14', 'CCI_14', 'price_momentum_volatility', 'EMA_diff_5_20', 'STDDEV_29', 'STDDEV_57', 'SMA_61', 'STDDEV_61', 'min_61', 'max_61']
2024-12-27 22:09:55 - INFO - Eliminando columnas durante transform: ['RSI_14', 'CCI_14', 'price_momentum_volatility', 'EMA_diff_5_20', 'STDDEV_29', 'STDDEV_57', 'SMA_61', 'STDDEV_61', 'min_61', 'max_61']
2024-12-27 22:09:57 - INFO - Eliminando columnas durante transform: ['RSI_14', 'CCI_14', 'price_momentum_volatility', 'EMA_diff_5_20', 'STDDEV_23', 'STDDEV_46', 'STDDEV_78']
2024-12-27 22:09:58 - INFO - Target con look_ahead=5, lower=15, upper=95, min_change=0.01
2024-12-27 22:09:58 - INFO - Umbral inferior=-0.716534, superior=6.162773
2024-12-27 22:09:58 - INFO - Distribución de clases:
target
0    30676
1     5752
2     1918
Name: count, dtype: int64
2024-12-27 22:09:58 - INFO - Eliminados 199 registros con NaNs.
2024-12-27 22:09:58 - INFO - Columnas a eliminar por correlación > 0.86: ['RSI_14', 'CCI_14', 'price_momentum_volatility', 'EMA_diff_5_20', 'STDDEV_29', 'STDDEV_57', 'SMA_62', 'STDDEV_62', 'min_62', 'max_62']
2024-12-27 22:09:58 - INFO - Eliminando columnas durante transform: ['RSI_14', 'CCI_14', 'price_momentum_volatility', 'EMA_diff_5_20', 'STDDEV_29', 'STDDEV_57', 'SMA_62', 'STDDEV_62', 'min_62', 'max_62']
2024-12-27 22:10:37 - INFO - Eliminando columnas durante transform: ['RSI_14', 'CCI_14', 'price_momentum_volatility', 'EMA_diff_5_20', 'STDDEV_29', 'STDDEV_57', 'SMA_62', 'STDDEV_62', 'min_62', 'max_62']
2024-12-27 22:10:38 - INFO - Columnas a eliminar por correlación > 0.86: ['RSI_14', 'CCI_14', 'price_momentum_volatility', 'EMA_diff_5_20', 'STDDEV_29', 'STDDEV_57', 'SMA_62', 'STDDEV_62', 'min_62', 'max_62']
2024-12-27 22:10:38 - INFO - Eliminando columnas durante transform: ['RSI_14', 'CCI_14', 'price_momentum_volatility', 'EMA_diff_5_20', 'STDDEV_29', 'STDDEV_57', 'SMA_62', 'STDDEV_62', 'min_62', 'max_62']
2024-12-27 22:11:01 - INFO - Eliminando columnas durante transform: ['RSI_14', 'CCI_14', 'price_momentum_volatility', 'EMA_diff_5_20', 'STDDEV_29', 'STDDEV_57', 'SMA_61', 'STDDEV_61', 'min_61', 'max_61']
2024-12-27 22:11:02 - INFO - Columnas a eliminar por correlación > 0.86: ['RSI_14', 'CCI_14', 'price_momentum_volatility', 'EMA_diff_5_20', 'STDDEV_29', 'STDDEV_57', 'SMA_61', 'STDDEV_61', 'min_61', 'max_61']
2024-12-27 22:11:02 - INFO - Eliminando columnas durante transform: ['RSI_14', 'CCI_14', 'price_momentum_volatility', 'EMA_diff_5_20', 'STDDEV_29', 'STDDEV_57', 'SMA_61', 'STDDEV_61', 'min_61', 'max_61']
2024-12-27 22:11:18 - INFO - Eliminando columnas durante transform: ['RSI_14', 'CCI_14', 'price_momentum_volatility', 'EMA_diff_5_20', 'STDDEV_29', 'STDDEV_57', 'SMA_62', 'STDDEV_62', 'min_62', 'max_62']
2024-12-27 22:11:18 - INFO - Columnas a eliminar por correlación > 0.86: ['RSI_14', 'CCI_14', 'price_momentum_volatility', 'EMA_diff_5_20', 'STDDEV_29', 'STDDEV_57', 'SMA_62', 'STDDEV_62', 'min_62', 'max_62']
2024-12-27 22:11:18 - INFO - Eliminando columnas durante transform: ['RSI_14', 'CCI_14', 'price_momentum_volatility', 'EMA_diff_5_20', 'STDDEV_29', 'STDDEV_57', 'SMA_62', 'STDDEV_62', 'min_62', 'max_62']
2024-12-27 22:12:00 - INFO - Eliminando columnas durante transform: ['RSI_14', 'CCI_14', 'price_momentum_volatility', 'EMA_diff_5_20', 'STDDEV_29', 'STDDEV_57', 'SMA_62', 'STDDEV_62', 'min_62', 'max_62']
2024-12-27 22:12:01 - INFO - Columnas a eliminar por correlación > 0.86: ['RSI_14', 'CCI_14', 'price_momentum_volatility', 'EMA_diff_5_20', 'STDDEV_29', 'STDDEV_57', 'SMA_62', 'STDDEV_62', 'min_62', 'max_62']
2024-12-27 22:12:01 - INFO - Eliminando columnas durante transform: ['RSI_14', 'CCI_14', 'price_momentum_volatility', 'EMA_diff_5_20', 'STDDEV_29', 'STDDEV_57', 'SMA_62', 'STDDEV_62', 'min_62', 'max_62']
2024-12-27 22:12:09 - INFO - Eliminando columnas durante transform: ['RSI_14', 'CCI_14', 'price_momentum_volatility', 'EMA_diff_5_20', 'STDDEV_29', 'STDDEV_57', 'SMA_61', 'STDDEV_61', 'min_61', 'max_61']
2024-12-27 22:12:09 - INFO - Columnas a eliminar por correlación > 0.86: ['RSI_14', 'CCI_14', 'price_momentum_volatility', 'EMA_diff_5_20', 'STDDEV_29', 'STDDEV_57', 'SMA_61', 'STDDEV_61', 'min_61', 'max_61']
2024-12-27 22:12:09 - INFO - Eliminando columnas durante transform: ['RSI_14', 'CCI_14', 'price_momentum_volatility', 'EMA_diff_5_20', 'STDDEV_29', 'STDDEV_57', 'SMA_61', 'STDDEV_61', 'min_61', 'max_61']
2024-12-27 22:12:40 - INFO - Eliminando columnas durante transform: ['RSI_14', 'CCI_14', 'price_momentum_volatility', 'EMA_diff_5_20', 'STDDEV_29', 'STDDEV_57', 'SMA_62', 'STDDEV_62', 'min_62', 'max_62']
2024-12-27 22:12:40 - INFO - Columnas a eliminar por correlación > 0.86: ['RSI_14', 'CCI_14', 'price_momentum_volatility', 'EMA_diff_5_20', 'STDDEV_29', 'STDDEV_57', 'SMA_62', 'STDDEV_62', 'min_62', 'max_62']
2024-12-27 22:12:40 - INFO - Eliminando columnas durante transform: ['RSI_14', 'CCI_14', 'price_momentum_volatility', 'EMA_diff_5_20', 'STDDEV_29', 'STDDEV_57', 'SMA_62', 'STDDEV_62', 'min_62', 'max_62']
2024-12-27 22:13:17 - INFO - Eliminando columnas durante transform: ['RSI_14', 'CCI_14', 'price_momentum_volatility', 'EMA_diff_5_20', 'STDDEV_29', 'STDDEV_57', 'SMA_61', 'STDDEV_61', 'min_61', 'max_61']
2024-12-27 22:13:17 - INFO - Columnas a eliminar por correlación > 0.86: ['RSI_14', 'CCI_14', 'price_momentum_volatility', 'EMA_diff_5_20', 'STDDEV_29', 'STDDEV_57', 'SMA_61', 'STDDEV_61', 'min_61', 'max_61']
2024-12-27 22:13:17 - INFO - Eliminando columnas durante transform: ['RSI_14', 'CCI_14', 'price_momentum_volatility', 'EMA_diff_5_20', 'STDDEV_29', 'STDDEV_57', 'SMA_61', 'STDDEV_61', 'min_61', 'max_61']
2024-12-27 22:13:21 - INFO - Eliminando columnas durante transform: ['RSI_14', 'CCI_14', 'price_momentum_volatility', 'EMA_diff_5_20', 'STDDEV_29', 'STDDEV_57', 'SMA_62', 'STDDEV_62', 'min_62', 'max_62']
2024-12-27 22:13:22 - INFO - Target con look_ahead=5, lower=9, upper=95, min_change=0.009000000000000001
2024-12-27 22:13:22 - INFO - Umbral inferior=-0.811968, superior=6.162773
2024-12-27 22:13:22 - INFO - Distribución de clases:
target
0    32976
1     3452
2     1918
Name: count, dtype: int64
2024-12-27 22:13:22 - INFO - Eliminados 199 registros con NaNs.
2024-12-27 22:13:22 - INFO - Columnas a eliminar por correlación > 0.86: ['RSI_14', 'CCI_14', 'price_momentum_volatility', 'EMA_diff_5_20', 'STDDEV_30', 'STDDEV_57', 'SMA_61', 'STDDEV_61', 'min_61', 'max_61']
2024-12-27 22:13:22 - INFO - Eliminando columnas durante transform: ['RSI_14', 'CCI_14', 'price_momentum_volatility', 'EMA_diff_5_20', 'STDDEV_30', 'STDDEV_57', 'SMA_61', 'STDDEV_61', 'min_61', 'max_61']
2024-12-27 22:14:29 - INFO - Eliminando columnas durante transform: ['RSI_14', 'CCI_14', 'price_momentum_volatility', 'EMA_diff_5_20', 'STDDEV_29', 'STDDEV_57', 'SMA_61', 'STDDEV_61', 'min_61', 'max_61']
2024-12-27 22:14:30 - INFO - Columnas a eliminar por correlación > 0.86: ['RSI_14', 'CCI_14', 'price_momentum_volatility', 'EMA_diff_5_20', 'STDDEV_29', 'STDDEV_57', 'SMA_61', 'STDDEV_61', 'min_61', 'max_61']
2024-12-27 22:14:30 - INFO - Eliminando columnas durante transform: ['RSI_14', 'CCI_14', 'price_momentum_volatility', 'EMA_diff_5_20', 'STDDEV_29', 'STDDEV_57', 'SMA_61', 'STDDEV_61', 'min_61', 'max_61']
2024-12-27 22:14:30 - INFO - Eliminando columnas durante transform: ['RSI_14', 'CCI_14', 'price_momentum_volatility', 'EMA_diff_5_20', 'STDDEV_30', 'STDDEV_57', 'SMA_61', 'STDDEV_61', 'min_61', 'max_61']
2024-12-27 22:14:31 - INFO - Columnas a eliminar por correlación > 0.86: ['RSI_14', 'CCI_14', 'price_momentum_volatility', 'EMA_diff_5_20', 'STDDEV_30', 'STDDEV_57', 'SMA_61', 'STDDEV_61', 'min_61', 'max_61']
2024-12-27 22:14:31 - INFO - Eliminando columnas durante transform: ['RSI_14', 'CCI_14', 'price_momentum_volatility', 'EMA_diff_5_20', 'STDDEV_30', 'STDDEV_57', 'SMA_61', 'STDDEV_61', 'min_61', 'max_61']
2024-12-27 22:15:36 - INFO - Eliminando columnas durante transform: ['RSI_14', 'CCI_14', 'price_momentum_volatility', 'EMA_diff_5_20', 'STDDEV_30', 'STDDEV_57', 'SMA_61', 'STDDEV_61', 'min_61', 'max_61']
2024-12-27 22:15:37 - INFO - Columnas a eliminar por correlación > 0.86: ['RSI_14', 'CCI_14', 'price_momentum_volatility', 'EMA_diff_5_20', 'STDDEV_30', 'STDDEV_57', 'SMA_61', 'STDDEV_61', 'min_61', 'max_61']
2024-12-27 22:15:37 - INFO - Eliminando columnas durante transform: ['RSI_14', 'CCI_14', 'price_momentum_volatility', 'EMA_diff_5_20', 'STDDEV_30', 'STDDEV_57', 'SMA_61', 'STDDEV_61', 'min_61', 'max_61']
2024-12-27 22:15:41 - INFO - Eliminando columnas durante transform: ['RSI_14', 'CCI_14', 'price_momentum_volatility', 'EMA_diff_5_20', 'STDDEV_29', 'STDDEV_57', 'SMA_61', 'STDDEV_61', 'min_61', 'max_61']
2024-12-27 22:15:43 - INFO - Target con look_ahead=4, lower=14, upper=94, min_change=0.01
2024-12-27 22:15:43 - INFO - Umbral inferior=-0.738598, superior=5.685950
2024-12-27 22:15:43 - INFO - Distribución de clases:
target
0    30677
1     5369
2     2301
Name: count, dtype: int64
2024-12-27 22:15:43 - INFO - Eliminados 199 registros con NaNs.
2024-12-27 22:15:43 - INFO - Columnas a eliminar por correlación > 0.86: ['RSI_14', 'CCI_14', 'price_momentum_volatility', 'EMA_diff_5_20', 'STDDEV_30', 'STDDEV_60', 'SMA_69', 'STDDEV_69', 'min_69', 'max_69']
2024-12-27 22:15:43 - INFO - Eliminando columnas durante transform: ['RSI_14', 'CCI_14', 'price_momentum_volatility', 'EMA_diff_5_20', 'STDDEV_30', 'STDDEV_60', 'SMA_69', 'STDDEV_69', 'min_69', 'max_69']
2024-12-27 22:16:22 - INFO - Eliminando columnas durante transform: ['RSI_14', 'CCI_14', 'price_momentum_volatility', 'EMA_diff_5_20', 'STDDEV_30', 'STDDEV_60', 'SMA_69', 'STDDEV_69', 'min_69', 'max_69']
2024-12-27 22:16:22 - INFO - Columnas a eliminar por correlación > 0.86: ['RSI_14', 'CCI_14', 'price_momentum_volatility', 'EMA_diff_5_20', 'STDDEV_30', 'STDDEV_60', 'SMA_69', 'STDDEV_69', 'min_69', 'max_69']
2024-12-27 22:16:22 - INFO - Eliminando columnas durante transform: ['RSI_14', 'CCI_14', 'price_momentum_volatility', 'EMA_diff_5_20', 'STDDEV_30', 'STDDEV_60', 'SMA_69', 'STDDEV_69', 'min_69', 'max_69']
2024-12-27 22:16:39 - INFO - Eliminando columnas durante transform: ['RSI_14', 'CCI_14', 'price_momentum_volatility', 'EMA_diff_5_20', 'STDDEV_30', 'STDDEV_57', 'SMA_61', 'STDDEV_61', 'min_61', 'max_61']
2024-12-27 22:16:39 - INFO - Columnas a eliminar por correlación > 0.86: ['RSI_14', 'CCI_14', 'price_momentum_volatility', 'EMA_diff_5_20', 'STDDEV_30', 'STDDEV_57', 'SMA_61', 'STDDEV_61', 'min_61', 'max_61']
2024-12-27 22:16:39 - INFO - Eliminando columnas durante transform: ['RSI_14', 'CCI_14', 'price_momentum_volatility', 'EMA_diff_5_20', 'STDDEV_30', 'STDDEV_57', 'SMA_61', 'STDDEV_61', 'min_61', 'max_61']
2024-12-27 22:17:02 - INFO - Eliminando columnas durante transform: ['RSI_14', 'CCI_14', 'price_momentum_volatility', 'EMA_diff_5_20', 'STDDEV_30', 'STDDEV_60', 'SMA_69', 'STDDEV_69', 'min_69', 'max_69']
2024-12-27 22:17:02 - INFO - Columnas a eliminar por correlación > 0.86: ['RSI_14', 'CCI_14', 'price_momentum_volatility', 'EMA_diff_5_20', 'STDDEV_30', 'STDDEV_60', 'SMA_69', 'STDDEV_69', 'min_69', 'max_69']
2024-12-27 22:17:02 - INFO - Eliminando columnas durante transform: ['RSI_14', 'CCI_14', 'price_momentum_volatility', 'EMA_diff_5_20', 'STDDEV_30', 'STDDEV_60', 'SMA_69', 'STDDEV_69', 'min_69', 'max_69']
2024-12-27 22:17:41 - INFO - Eliminando columnas durante transform: ['RSI_14', 'CCI_14', 'price_momentum_volatility', 'EMA_diff_5_20', 'STDDEV_30', 'STDDEV_57', 'SMA_61', 'STDDEV_61', 'min_61', 'max_61']
2024-12-27 22:17:41 - INFO - Columnas a eliminar por correlación > 0.86: ['RSI_14', 'CCI_14', 'price_momentum_volatility', 'EMA_diff_5_20', 'STDDEV_30', 'STDDEV_57', 'SMA_61', 'STDDEV_61', 'min_61', 'max_61']
2024-12-27 22:17:41 - INFO - Eliminando columnas durante transform: ['RSI_14', 'CCI_14', 'price_momentum_volatility', 'EMA_diff_5_20', 'STDDEV_30', 'STDDEV_57', 'SMA_61', 'STDDEV_61', 'min_61', 'max_61']
2024-12-27 22:17:43 - INFO - Eliminando columnas durante transform: ['RSI_14', 'CCI_14', 'price_momentum_volatility', 'EMA_diff_5_20', 'STDDEV_30', 'STDDEV_60', 'SMA_69', 'STDDEV_69', 'min_69', 'max_69']
2024-12-27 22:17:43 - INFO - Columnas a eliminar por correlación > 0.86: ['RSI_14', 'CCI_14', 'price_momentum_volatility', 'EMA_diff_5_20', 'STDDEV_30', 'STDDEV_60', 'SMA_69', 'STDDEV_69', 'min_69', 'max_69']
2024-12-27 22:17:43 - INFO - Eliminando columnas durante transform: ['RSI_14', 'CCI_14', 'price_momentum_volatility', 'EMA_diff_5_20', 'STDDEV_30', 'STDDEV_60', 'SMA_69', 'STDDEV_69', 'min_69', 'max_69']
2024-12-27 22:18:22 - INFO - Eliminando columnas durante transform: ['RSI_14', 'CCI_14', 'price_momentum_volatility', 'EMA_diff_5_20', 'STDDEV_30', 'STDDEV_60', 'SMA_69', 'STDDEV_69', 'min_69', 'max_69']
2024-12-27 22:18:22 - INFO - Columnas a eliminar por correlación > 0.86: ['RSI_14', 'CCI_14', 'price_momentum_volatility', 'EMA_diff_5_20', 'STDDEV_30', 'STDDEV_60', 'SMA_69', 'STDDEV_69', 'min_69', 'max_69']
2024-12-27 22:18:22 - INFO - Eliminando columnas durante transform: ['RSI_14', 'CCI_14', 'price_momentum_volatility', 'EMA_diff_5_20', 'STDDEV_30', 'STDDEV_60', 'SMA_69', 'STDDEV_69', 'min_69', 'max_69']
2024-12-27 22:18:43 - INFO - Eliminando columnas durante transform: ['RSI_14', 'CCI_14', 'price_momentum_volatility', 'EMA_diff_5_20', 'STDDEV_30', 'STDDEV_57', 'SMA_61', 'STDDEV_61', 'min_61', 'max_61']
2024-12-27 22:18:45 - INFO - Target con look_ahead=4, lower=14, upper=85, min_change=0.01
2024-12-27 22:18:45 - INFO - Umbral inferior=-0.738598, superior=2.530771
2024-12-27 22:18:45 - INFO - Distribución de clases:
target
0    27226
2     5752
1     5369
Name: count, dtype: int64
2024-12-27 22:18:45 - INFO - Eliminados 199 registros con NaNs.
2024-12-27 22:18:45 - INFO - Columnas a eliminar por correlación > 0.86: ['RSI_14', 'CCI_14', 'price_momentum_volatility', 'EMA_diff_5_20', 'STDDEV_21', 'STDDEV_53', 'SMA_71', 'STDDEV_71']
2024-12-27 22:18:45 - INFO - Eliminando columnas durante transform: ['RSI_14', 'CCI_14', 'price_momentum_volatility', 'EMA_diff_5_20', 'STDDEV_21', 'STDDEV_53', 'SMA_71', 'STDDEV_71']
2024-12-27 22:19:01 - INFO - Eliminando columnas durante transform: ['RSI_14', 'CCI_14', 'price_momentum_volatility', 'EMA_diff_5_20', 'STDDEV_30', 'STDDEV_60', 'SMA_69', 'STDDEV_69', 'min_69', 'max_69']
2024-12-27 22:19:03 - INFO - Target con look_ahead=4, lower=15, upper=94, min_change=0.01
2024-12-27 22:19:03 - INFO - Umbral inferior=-0.717354, superior=5.685950
2024-12-27 22:19:03 - INFO - Distribución de clases:
target
0    30294
1     5752
2     2301
Name: count, dtype: int64
2024-12-27 22:19:03 - INFO - Eliminados 199 registros con NaNs.
2024-12-27 22:19:03 - INFO - Columnas a eliminar por correlación > 0.86: ['RSI_14', 'CCI_14', 'price_momentum_volatility', 'EMA_diff_5_20', 'STDDEV_19', 'STDDEV_60', 'SMA_65', 'STDDEV_65', 'min_65', 'max_65']
2024-12-27 22:19:03 - INFO - Eliminando columnas durante transform: ['RSI_14', 'CCI_14', 'price_momentum_volatility', 'EMA_diff_5_20', 'STDDEV_19', 'STDDEV_60', 'SMA_65', 'STDDEV_65', 'min_65', 'max_65']
2024-12-27 22:19:13 - INFO - Eliminando columnas durante transform: ['RSI_14', 'CCI_14', 'price_momentum_volatility', 'EMA_diff_5_20', 'STDDEV_21', 'STDDEV_53', 'SMA_71', 'STDDEV_71']
2024-12-27 22:19:13 - INFO - Columnas a eliminar por correlación > 0.86: ['RSI_14', 'CCI_14', 'price_momentum_volatility', 'EMA_diff_5_20', 'STDDEV_21', 'STDDEV_53', 'SMA_71', 'STDDEV_71']
2024-12-27 22:19:13 - INFO - Eliminando columnas durante transform: ['RSI_14', 'CCI_14', 'price_momentum_volatility', 'EMA_diff_5_20', 'STDDEV_21', 'STDDEV_53', 'SMA_71', 'STDDEV_71']
2024-12-27 22:19:41 - INFO - Eliminando columnas durante transform: ['RSI_14', 'CCI_14', 'price_momentum_volatility', 'EMA_diff_5_20', 'STDDEV_21', 'STDDEV_53', 'SMA_71', 'STDDEV_71']
2024-12-27 22:19:42 - INFO - Columnas a eliminar por correlación > 0.86: ['RSI_14', 'CCI_14', 'price_momentum_volatility', 'EMA_diff_5_20', 'STDDEV_21', 'STDDEV_53', 'SMA_71', 'STDDEV_71']
2024-12-27 22:19:42 - INFO - Eliminando columnas durante transform: ['RSI_14', 'CCI_14', 'price_momentum_volatility', 'EMA_diff_5_20', 'STDDEV_21', 'STDDEV_53', 'SMA_71', 'STDDEV_71']
2024-12-27 22:19:42 - INFO - Eliminando columnas durante transform: ['RSI_14', 'CCI_14', 'price_momentum_volatility', 'EMA_diff_5_20', 'STDDEV_19', 'STDDEV_60', 'SMA_65', 'STDDEV_65', 'min_65', 'max_65']
2024-12-27 22:19:42 - INFO - Columnas a eliminar por correlación > 0.86: ['RSI_14', 'CCI_14', 'price_momentum_volatility', 'EMA_diff_5_20', 'STDDEV_19', 'STDDEV_60', 'SMA_65', 'STDDEV_65', 'min_65', 'max_65']
2024-12-27 22:19:42 - INFO - Eliminando columnas durante transform: ['RSI_14', 'CCI_14', 'price_momentum_volatility', 'EMA_diff_5_20', 'STDDEV_19', 'STDDEV_60', 'SMA_65', 'STDDEV_65', 'min_65', 'max_65']
2024-12-27 22:20:09 - INFO - Eliminando columnas durante transform: ['RSI_14', 'CCI_14', 'price_momentum_volatility', 'EMA_diff_5_20', 'STDDEV_21', 'STDDEV_53', 'SMA_71', 'STDDEV_71']
2024-12-27 22:20:10 - INFO - Columnas a eliminar por correlación > 0.86: ['RSI_14', 'CCI_14', 'price_momentum_volatility', 'EMA_diff_5_20', 'STDDEV_21', 'STDDEV_53', 'SMA_71', 'STDDEV_71']
2024-12-27 22:20:10 - INFO - Eliminando columnas durante transform: ['RSI_14', 'CCI_14', 'price_momentum_volatility', 'EMA_diff_5_20', 'STDDEV_21', 'STDDEV_53', 'SMA_71', 'STDDEV_71']
2024-12-27 22:20:21 - INFO - Eliminando columnas durante transform: ['RSI_14', 'CCI_14', 'price_momentum_volatility', 'EMA_diff_5_20', 'STDDEV_19', 'STDDEV_60', 'SMA_65', 'STDDEV_65', 'min_65', 'max_65']
2024-12-27 22:20:21 - INFO - Columnas a eliminar por correlación > 0.86: ['RSI_14', 'CCI_14', 'price_momentum_volatility', 'EMA_diff_5_20', 'STDDEV_19', 'STDDEV_60', 'SMA_65', 'STDDEV_65', 'min_65', 'max_65']
2024-12-27 22:20:21 - INFO - Eliminando columnas durante transform: ['RSI_14', 'CCI_14', 'price_momentum_volatility', 'EMA_diff_5_20', 'STDDEV_19', 'STDDEV_60', 'SMA_65', 'STDDEV_65', 'min_65', 'max_65']
2024-12-27 22:20:36 - INFO - Eliminando columnas durante transform: ['RSI_14', 'CCI_14', 'price_momentum_volatility', 'EMA_diff_5_20', 'STDDEV_21', 'STDDEV_53', 'SMA_71', 'STDDEV_71']
2024-12-27 22:20:36 - INFO - Columnas a eliminar por correlación > 0.86: ['RSI_14', 'CCI_14', 'price_momentum_volatility', 'EMA_diff_5_20', 'STDDEV_21', 'STDDEV_53', 'SMA_71', 'STDDEV_71']
2024-12-27 22:20:36 - INFO - Eliminando columnas durante transform: ['RSI_14', 'CCI_14', 'price_momentum_volatility', 'EMA_diff_5_20', 'STDDEV_21', 'STDDEV_53', 'SMA_71', 'STDDEV_71']
2024-12-27 22:20:59 - INFO - Eliminando columnas durante transform: ['RSI_14', 'CCI_14', 'price_momentum_volatility', 'EMA_diff_5_20', 'STDDEV_19', 'STDDEV_60', 'SMA_65', 'STDDEV_65', 'min_65', 'max_65']
2024-12-27 22:20:59 - INFO - Columnas a eliminar por correlación > 0.86: ['RSI_14', 'CCI_14', 'price_momentum_volatility', 'EMA_diff_5_20', 'STDDEV_19', 'STDDEV_60', 'SMA_65', 'STDDEV_65', 'min_65', 'max_65']
2024-12-27 22:20:59 - INFO - Eliminando columnas durante transform: ['RSI_14', 'CCI_14', 'price_momentum_volatility', 'EMA_diff_5_20', 'STDDEV_19', 'STDDEV_60', 'SMA_65', 'STDDEV_65', 'min_65', 'max_65']
2024-12-27 22:21:03 - INFO - Eliminando columnas durante transform: ['RSI_14', 'CCI_14', 'price_momentum_volatility', 'EMA_diff_5_20', 'STDDEV_21', 'STDDEV_53', 'SMA_71', 'STDDEV_71']
2024-12-27 22:21:04 - INFO - Target con look_ahead=4, lower=15, upper=94, min_change=0.006
2024-12-27 22:21:04 - INFO - Umbral inferior=-0.717354, superior=5.685950
2024-12-27 22:21:04 - INFO - Distribución de clases:
target
0    30294
1     5752
2     2301
Name: count, dtype: int64
2024-12-27 22:21:04 - INFO - Eliminados 199 registros con NaNs.
2024-12-27 22:21:04 - INFO - Columnas a eliminar por correlación > 0.86: ['RSI_14', 'CCI_14', 'price_momentum_volatility', 'EMA_diff_5_20', 'STDDEV_26', 'STDDEV_60', 'SMA_65', 'STDDEV_65', 'min_65', 'max_65']
2024-12-27 22:21:04 - INFO - Eliminando columnas durante transform: ['RSI_14', 'CCI_14', 'price_momentum_volatility', 'EMA_diff_5_20', 'STDDEV_26', 'STDDEV_60', 'SMA_65', 'STDDEV_65', 'min_65', 'max_65']
2024-12-27 22:21:18 - INFO - Eliminando columnas durante transform: ['RSI_14', 'CCI_14', 'price_momentum_volatility', 'EMA_diff_5_20', 'STDDEV_26', 'STDDEV_60', 'SMA_65', 'STDDEV_65', 'min_65', 'max_65']
2024-12-27 22:21:18 - INFO - Columnas a eliminar por correlación > 0.86: ['RSI_14', 'CCI_14', 'price_momentum_volatility', 'EMA_diff_5_20', 'STDDEV_26', 'STDDEV_60', 'SMA_65', 'STDDEV_65', 'min_65', 'max_65']
2024-12-27 22:21:18 - INFO - Eliminando columnas durante transform: ['RSI_14', 'CCI_14', 'price_momentum_volatility', 'EMA_diff_5_20', 'STDDEV_26', 'STDDEV_60', 'SMA_65', 'STDDEV_65', 'min_65', 'max_65']
2024-12-27 22:21:31 - INFO - Eliminando columnas durante transform: ['RSI_14', 'CCI_14', 'price_momentum_volatility', 'EMA_diff_5_20', 'STDDEV_26', 'STDDEV_60', 'SMA_65', 'STDDEV_65', 'min_65', 'max_65']
2024-12-27 22:21:31 - INFO - Columnas a eliminar por correlación > 0.86: ['RSI_14', 'CCI_14', 'price_momentum_volatility', 'EMA_diff_5_20', 'STDDEV_26', 'STDDEV_60', 'SMA_65', 'STDDEV_65', 'min_65', 'max_65']
2024-12-27 22:21:31 - INFO - Eliminando columnas durante transform: ['RSI_14', 'CCI_14', 'price_momentum_volatility', 'EMA_diff_5_20', 'STDDEV_26', 'STDDEV_60', 'SMA_65', 'STDDEV_65', 'min_65', 'max_65']
2024-12-27 22:21:38 - INFO - Eliminando columnas durante transform: ['RSI_14', 'CCI_14', 'price_momentum_volatility', 'EMA_diff_5_20', 'STDDEV_19', 'STDDEV_60', 'SMA_65', 'STDDEV_65', 'min_65', 'max_65']
2024-12-27 22:21:38 - INFO - Columnas a eliminar por correlación > 0.86: ['RSI_14', 'CCI_14', 'price_momentum_volatility', 'EMA_diff_5_20', 'STDDEV_19', 'STDDEV_60', 'SMA_65', 'STDDEV_65', 'min_65', 'max_65']
2024-12-27 22:21:38 - INFO - Eliminando columnas durante transform: ['RSI_14', 'CCI_14', 'price_momentum_volatility', 'EMA_diff_5_20', 'STDDEV_19', 'STDDEV_60', 'SMA_65', 'STDDEV_65', 'min_65', 'max_65']
2024-12-27 22:21:44 - INFO - Eliminando columnas durante transform: ['RSI_14', 'CCI_14', 'price_momentum_volatility', 'EMA_diff_5_20', 'STDDEV_26', 'STDDEV_60', 'SMA_65', 'STDDEV_65', 'min_65', 'max_65']
2024-12-27 22:21:45 - INFO - Columnas a eliminar por correlación > 0.86: ['RSI_14', 'CCI_14', 'price_momentum_volatility', 'EMA_diff_5_20', 'STDDEV_26', 'STDDEV_60', 'SMA_65', 'STDDEV_65', 'min_65', 'max_65']
2024-12-27 22:21:45 - INFO - Eliminando columnas durante transform: ['RSI_14', 'CCI_14', 'price_momentum_volatility', 'EMA_diff_5_20', 'STDDEV_26', 'STDDEV_60', 'SMA_65', 'STDDEV_65', 'min_65', 'max_65']
2024-12-27 22:21:59 - INFO - Eliminando columnas durante transform: ['RSI_14', 'CCI_14', 'price_momentum_volatility', 'EMA_diff_5_20', 'STDDEV_26', 'STDDEV_60', 'SMA_65', 'STDDEV_65', 'min_65', 'max_65']
2024-12-27 22:21:59 - INFO - Columnas a eliminar por correlación > 0.86: ['RSI_14', 'CCI_14', 'price_momentum_volatility', 'EMA_diff_5_20', 'STDDEV_26', 'STDDEV_60', 'SMA_65', 'STDDEV_65', 'min_65', 'max_65']
2024-12-27 22:21:59 - INFO - Eliminando columnas durante transform: ['RSI_14', 'CCI_14', 'price_momentum_volatility', 'EMA_diff_5_20', 'STDDEV_26', 'STDDEV_60', 'SMA_65', 'STDDEV_65', 'min_65', 'max_65']
2024-12-27 22:22:12 - INFO - Eliminando columnas durante transform: ['RSI_14', 'CCI_14', 'price_momentum_volatility', 'EMA_diff_5_20', 'STDDEV_26', 'STDDEV_60', 'SMA_65', 'STDDEV_65', 'min_65', 'max_65']
2024-12-27 22:22:14 - INFO - Target con look_ahead=4, lower=13, upper=94, min_change=0.01
2024-12-27 22:22:14 - INFO - Umbral inferior=-0.758813, superior=5.685950
2024-12-27 22:22:14 - INFO - Distribución de clases:
target
0    31061
1     4985
2     2301
Name: count, dtype: int64
2024-12-27 22:22:14 - INFO - Eliminados 199 registros con NaNs.
2024-12-27 22:22:14 - INFO - Columnas a eliminar por correlación > 0.86: ['RSI_14', 'CCI_14', 'price_momentum_volatility', 'EMA_diff_5_20', 'STDDEV_20', 'STDDEV_60', 'STDDEV_100']
2024-12-27 22:22:14 - INFO - Eliminando columnas durante transform: ['RSI_14', 'CCI_14', 'price_momentum_volatility', 'EMA_diff_5_20', 'STDDEV_20', 'STDDEV_60', 'STDDEV_100']
2024-12-27 22:22:18 - INFO - Eliminando columnas durante transform: ['RSI_14', 'CCI_14', 'price_momentum_volatility', 'EMA_diff_5_20', 'STDDEV_19', 'STDDEV_60', 'SMA_65', 'STDDEV_65', 'min_65', 'max_65']
2024-12-27 22:22:20 - INFO - Target con look_ahead=4, lower=10, upper=92, min_change=0.008
2024-12-27 22:22:20 - INFO - Umbral inferior=-0.803803, superior=4.815591
2024-12-27 22:22:20 - INFO - Distribución de clases:
target
0    31444
1     3835
2     3068
Name: count, dtype: int64
2024-12-27 22:22:20 - INFO - Eliminados 199 registros con NaNs.
2024-12-27 22:22:20 - INFO - Columnas a eliminar por correlación > 0.86: ['RSI_14', 'CCI_14', 'price_momentum_volatility', 'EMA_diff_5_20', 'max_10', 'STDDEV_53', 'SMA_64', 'STDDEV_64']
2024-12-27 22:22:20 - INFO - Eliminando columnas durante transform: ['RSI_14', 'CCI_14', 'price_momentum_volatility', 'EMA_diff_5_20', 'max_10', 'STDDEV_53', 'SMA_64', 'STDDEV_64']
2024-12-27 22:22:29 - INFO - Eliminando columnas durante transform: ['RSI_14', 'CCI_14', 'price_momentum_volatility', 'EMA_diff_5_20', 'max_10', 'STDDEV_53', 'SMA_64', 'STDDEV_64']
2024-12-27 22:22:29 - INFO - Columnas a eliminar por correlación > 0.86: ['RSI_14', 'CCI_14', 'price_momentum_volatility', 'EMA_diff_5_20', 'max_10', 'STDDEV_53', 'SMA_64', 'STDDEV_64']
2024-12-27 22:22:29 - INFO - Eliminando columnas durante transform: ['RSI_14', 'CCI_14', 'price_momentum_volatility', 'EMA_diff_5_20', 'max_10', 'STDDEV_53', 'SMA_64', 'STDDEV_64']
2024-12-27 22:22:39 - INFO - Eliminando columnas durante transform: ['RSI_14', 'CCI_14', 'price_momentum_volatility', 'EMA_diff_5_20', 'max_10', 'STDDEV_53', 'SMA_64', 'STDDEV_64']
2024-12-27 22:22:39 - INFO - Columnas a eliminar por correlación > 0.86: ['RSI_14', 'CCI_14', 'price_momentum_volatility', 'EMA_diff_5_20', 'max_10', 'STDDEV_53', 'SMA_64', 'STDDEV_64']
2024-12-27 22:22:39 - INFO - Eliminando columnas durante transform: ['RSI_14', 'CCI_14', 'price_momentum_volatility', 'EMA_diff_5_20', 'max_10', 'STDDEV_53', 'SMA_64', 'STDDEV_64']
2024-12-27 22:22:49 - INFO - Eliminando columnas durante transform: ['RSI_14', 'CCI_14', 'price_momentum_volatility', 'EMA_diff_5_20', 'max_10', 'STDDEV_53', 'SMA_64', 'STDDEV_64']
2024-12-27 22:22:49 - INFO - Columnas a eliminar por correlación > 0.86: ['RSI_14', 'CCI_14', 'price_momentum_volatility', 'EMA_diff_5_20', 'max_10', 'STDDEV_53', 'SMA_64', 'STDDEV_64']
2024-12-27 22:22:49 - INFO - Eliminando columnas durante transform: ['RSI_14', 'CCI_14', 'price_momentum_volatility', 'EMA_diff_5_20', 'max_10', 'STDDEV_53', 'SMA_64', 'STDDEV_64']
2024-12-27 22:22:56 - INFO - Eliminando columnas durante transform: ['RSI_14', 'CCI_14', 'price_momentum_volatility', 'EMA_diff_5_20', 'STDDEV_20', 'STDDEV_60', 'STDDEV_100']
2024-12-27 22:22:56 - INFO - Columnas a eliminar por correlación > 0.86: ['RSI_14', 'CCI_14', 'price_momentum_volatility', 'EMA_diff_5_20', 'STDDEV_20', 'STDDEV_60', 'STDDEV_100']
2024-12-27 22:22:56 - INFO - Eliminando columnas durante transform: ['RSI_14', 'CCI_14', 'price_momentum_volatility', 'EMA_diff_5_20', 'STDDEV_20', 'STDDEV_60', 'STDDEV_100']
2024-12-27 22:22:59 - INFO - Eliminando columnas durante transform: ['RSI_14', 'CCI_14', 'price_momentum_volatility', 'EMA_diff_5_20', 'max_10', 'STDDEV_53', 'SMA_64', 'STDDEV_64']
2024-12-27 22:22:59 - INFO - Columnas a eliminar por correlación > 0.86: ['RSI_14', 'CCI_14', 'price_momentum_volatility', 'EMA_diff_5_20', 'max_10', 'STDDEV_53', 'SMA_64', 'STDDEV_64']
2024-12-27 22:22:59 - INFO - Eliminando columnas durante transform: ['RSI_14', 'CCI_14', 'price_momentum_volatility', 'EMA_diff_5_20', 'max_10', 'STDDEV_53', 'SMA_64', 'STDDEV_64']
2024-12-27 22:23:08 - INFO - Eliminando columnas durante transform: ['RSI_14', 'CCI_14', 'price_momentum_volatility', 'EMA_diff_5_20', 'max_10', 'STDDEV_53', 'SMA_64', 'STDDEV_64']
2024-12-27 22:23:10 - INFO - Target con look_ahead=5, lower=13, upper=95, min_change=0.001
2024-12-27 22:23:10 - INFO - Umbral inferior=-0.757861, superior=6.162773
2024-12-27 22:23:10 - INFO - Distribución de clases:
target
0    31443
1     4985
2     1918
Name: count, dtype: int64
2024-12-27 22:23:10 - INFO - Eliminados 199 registros con NaNs.
2024-12-27 22:23:10 - INFO - Columnas a eliminar por correlación > 0.86: ['RSI_14', 'CCI_14', 'price_momentum_volatility', 'EMA_diff_5_20', 'STDDEV_21', 'STDDEV_54', 'SMA_73', 'STDDEV_73']
2024-12-27 22:23:10 - INFO - Eliminando columnas durante transform: ['RSI_14', 'CCI_14', 'price_momentum_volatility', 'EMA_diff_5_20', 'STDDEV_21', 'STDDEV_54', 'SMA_73', 'STDDEV_73']
2024-12-27 22:23:40 - INFO - Eliminando columnas durante transform: ['RSI_14', 'CCI_14', 'price_momentum_volatility', 'EMA_diff_5_20', 'STDDEV_20', 'STDDEV_60', 'STDDEV_100']
2024-12-27 22:23:40 - INFO - Columnas a eliminar por correlación > 0.86: ['RSI_14', 'CCI_14', 'price_momentum_volatility', 'EMA_diff_5_20', 'STDDEV_20', 'STDDEV_60', 'STDDEV_100']
2024-12-27 22:23:40 - INFO - Eliminando columnas durante transform: ['RSI_14', 'CCI_14', 'price_momentum_volatility', 'EMA_diff_5_20', 'STDDEV_20', 'STDDEV_60', 'STDDEV_100']
2024-12-27 22:23:57 - INFO - Eliminando columnas durante transform: ['RSI_14', 'CCI_14', 'price_momentum_volatility', 'EMA_diff_5_20', 'STDDEV_21', 'STDDEV_54', 'SMA_73', 'STDDEV_73']
2024-12-27 22:23:58 - INFO - Columnas a eliminar por correlación > 0.86: ['RSI_14', 'CCI_14', 'price_momentum_volatility', 'EMA_diff_5_20', 'STDDEV_21', 'STDDEV_54', 'SMA_73', 'STDDEV_73']
2024-12-27 22:23:58 - INFO - Eliminando columnas durante transform: ['RSI_14', 'CCI_14', 'price_momentum_volatility', 'EMA_diff_5_20', 'STDDEV_21', 'STDDEV_54', 'SMA_73', 'STDDEV_73']
2024-12-27 22:24:23 - INFO - Eliminando columnas durante transform: ['RSI_14', 'CCI_14', 'price_momentum_volatility', 'EMA_diff_5_20', 'STDDEV_20', 'STDDEV_60', 'STDDEV_100']
2024-12-27 22:24:24 - INFO - Columnas a eliminar por correlación > 0.86: ['RSI_14', 'CCI_14', 'price_momentum_volatility', 'EMA_diff_5_20', 'STDDEV_20', 'STDDEV_60', 'STDDEV_100']
2024-12-27 22:24:24 - INFO - Eliminando columnas durante transform: ['RSI_14', 'CCI_14', 'price_momentum_volatility', 'EMA_diff_5_20', 'STDDEV_20', 'STDDEV_60', 'STDDEV_100']
2024-12-27 22:24:44 - INFO - Eliminando columnas durante transform: ['RSI_14', 'CCI_14', 'price_momentum_volatility', 'EMA_diff_5_20', 'STDDEV_21', 'STDDEV_54', 'SMA_73', 'STDDEV_73']
2024-12-27 22:24:44 - INFO - Columnas a eliminar por correlación > 0.86: ['RSI_14', 'CCI_14', 'price_momentum_volatility', 'EMA_diff_5_20', 'STDDEV_21', 'STDDEV_54', 'SMA_73', 'STDDEV_73']
2024-12-27 22:24:44 - INFO - Eliminando columnas durante transform: ['RSI_14', 'CCI_14', 'price_momentum_volatility', 'EMA_diff_5_20', 'STDDEV_21', 'STDDEV_54', 'SMA_73', 'STDDEV_73']
2024-12-27 22:25:07 - INFO - Eliminando columnas durante transform: ['RSI_14', 'CCI_14', 'price_momentum_volatility', 'EMA_diff_5_20', 'STDDEV_20', 'STDDEV_60', 'STDDEV_100']
2024-12-27 22:25:08 - INFO - Columnas a eliminar por correlación > 0.86: ['RSI_14', 'CCI_14', 'price_momentum_volatility', 'EMA_diff_5_20', 'STDDEV_20', 'STDDEV_60', 'STDDEV_100']
2024-12-27 22:25:08 - INFO - Eliminando columnas durante transform: ['RSI_14', 'CCI_14', 'price_momentum_volatility', 'EMA_diff_5_20', 'STDDEV_20', 'STDDEV_60', 'STDDEV_100']
2024-12-27 22:25:29 - INFO - Eliminando columnas durante transform: ['RSI_14', 'CCI_14', 'price_momentum_volatility', 'EMA_diff_5_20', 'STDDEV_21', 'STDDEV_54', 'SMA_73', 'STDDEV_73']
2024-12-27 22:25:30 - INFO - Columnas a eliminar por correlación > 0.86: ['RSI_14', 'CCI_14', 'price_momentum_volatility', 'EMA_diff_5_20', 'STDDEV_21', 'STDDEV_54', 'SMA_73', 'STDDEV_73']
2024-12-27 22:25:30 - INFO - Eliminando columnas durante transform: ['RSI_14', 'CCI_14', 'price_momentum_volatility', 'EMA_diff_5_20', 'STDDEV_21', 'STDDEV_54', 'SMA_73', 'STDDEV_73']
2024-12-27 22:25:51 - INFO - Eliminando columnas durante transform: ['RSI_14', 'CCI_14', 'price_momentum_volatility', 'EMA_diff_5_20', 'STDDEV_20', 'STDDEV_60', 'STDDEV_100']
2024-12-27 22:25:52 - INFO - Target con look_ahead=5, lower=15, upper=95, min_change=0.001
2024-12-27 22:25:52 - INFO - Umbral inferior=-0.716534, superior=6.162773
2024-12-27 22:25:52 - INFO - Distribución de clases:
target
0    30676
1     5752
2     1918
Name: count, dtype: int64
2024-12-27 22:25:53 - INFO - Eliminados 199 registros con NaNs.
2024-12-27 22:25:53 - INFO - Columnas a eliminar por correlación > 0.86: ['RSI_14', 'CCI_14', 'price_momentum_volatility', 'EMA_diff_5_20', 'max_11', 'STDDEV_54', 'STDDEV_74']
2024-12-27 22:25:53 - INFO - Eliminando columnas durante transform: ['RSI_14', 'CCI_14', 'price_momentum_volatility', 'EMA_diff_5_20', 'max_11', 'STDDEV_54', 'STDDEV_74']
2024-12-27 22:26:12 - INFO - Eliminando columnas durante transform: ['RSI_14', 'CCI_14', 'price_momentum_volatility', 'EMA_diff_5_20', 'max_11', 'STDDEV_54', 'STDDEV_74']
2024-12-27 22:26:12 - INFO - Columnas a eliminar por correlación > 0.86: ['RSI_14', 'CCI_14', 'price_momentum_volatility', 'EMA_diff_5_20', 'max_11', 'STDDEV_54', 'STDDEV_74']
2024-12-27 22:26:12 - INFO - Eliminando columnas durante transform: ['RSI_14', 'CCI_14', 'price_momentum_volatility', 'EMA_diff_5_20', 'max_11', 'STDDEV_54', 'STDDEV_74']
2024-12-27 22:26:14 - INFO - Eliminando columnas durante transform: ['RSI_14', 'CCI_14', 'price_momentum_volatility', 'EMA_diff_5_20', 'STDDEV_21', 'STDDEV_54', 'SMA_73', 'STDDEV_73']
2024-12-27 22:26:14 - INFO - Columnas a eliminar por correlación > 0.86: ['RSI_14', 'CCI_14', 'price_momentum_volatility', 'EMA_diff_5_20', 'STDDEV_21', 'STDDEV_54', 'SMA_73', 'STDDEV_73']
2024-12-27 22:26:14 - INFO - Eliminando columnas durante transform: ['RSI_14', 'CCI_14', 'price_momentum_volatility', 'EMA_diff_5_20', 'STDDEV_21', 'STDDEV_54', 'SMA_73', 'STDDEV_73']
2024-12-27 22:26:32 - INFO - Eliminando columnas durante transform: ['RSI_14', 'CCI_14', 'price_momentum_volatility', 'EMA_diff_5_20', 'max_11', 'STDDEV_54', 'STDDEV_74']
2024-12-27 22:26:32 - INFO - Columnas a eliminar por correlación > 0.86: ['RSI_14', 'CCI_14', 'price_momentum_volatility', 'EMA_diff_5_20', 'max_11', 'STDDEV_54', 'STDDEV_74']
2024-12-27 22:26:32 - INFO - Eliminando columnas durante transform: ['RSI_14', 'CCI_14', 'price_momentum_volatility', 'EMA_diff_5_20', 'max_11', 'STDDEV_54', 'STDDEV_74']
2024-12-27 22:26:53 - INFO - Eliminando columnas durante transform: ['RSI_14', 'CCI_14', 'price_momentum_volatility', 'EMA_diff_5_20', 'max_11', 'STDDEV_54', 'STDDEV_74']
2024-12-27 22:26:53 - INFO - Columnas a eliminar por correlación > 0.86: ['RSI_14', 'CCI_14', 'price_momentum_volatility', 'EMA_diff_5_20', 'max_11', 'STDDEV_54', 'STDDEV_74']
2024-12-27 22:26:53 - INFO - Eliminando columnas durante transform: ['RSI_14', 'CCI_14', 'price_momentum_volatility', 'EMA_diff_5_20', 'max_11', 'STDDEV_54', 'STDDEV_74']
2024-12-27 22:26:57 - INFO - Eliminando columnas durante transform: ['RSI_14', 'CCI_14', 'price_momentum_volatility', 'EMA_diff_5_20', 'STDDEV_21', 'STDDEV_54', 'SMA_73', 'STDDEV_73']
2024-12-27 22:26:59 - INFO - Target con look_ahead=4, lower=15, upper=94, min_change=0.01
2024-12-27 22:26:59 - INFO - Umbral inferior=-0.717354, superior=5.685950
2024-12-27 22:26:59 - INFO - Distribución de clases:
target
0    30294
1     5752
2     2301
Name: count, dtype: int64
2024-12-27 22:26:59 - INFO - Eliminados 199 registros con NaNs.
2024-12-27 22:26:59 - INFO - Columnas a eliminar por correlación > 0.86: ['RSI_14', 'CCI_14', 'price_momentum_volatility', 'EMA_diff_5_20', 'STDDEV_26', 'STDDEV_57', 'SMA_65', 'STDDEV_65', 'min_65', 'max_65']
2024-12-27 22:26:59 - INFO - Eliminando columnas durante transform: ['RSI_14', 'CCI_14', 'price_momentum_volatility', 'EMA_diff_5_20', 'STDDEV_26', 'STDDEV_57', 'SMA_65', 'STDDEV_65', 'min_65', 'max_65']
2024-12-27 22:27:12 - INFO - Eliminando columnas durante transform: ['RSI_14', 'CCI_14', 'price_momentum_volatility', 'EMA_diff_5_20', 'max_11', 'STDDEV_54', 'STDDEV_74']
2024-12-27 22:27:12 - INFO - Columnas a eliminar por correlación > 0.86: ['RSI_14', 'CCI_14', 'price_momentum_volatility', 'EMA_diff_5_20', 'max_11', 'STDDEV_54', 'STDDEV_74']
2024-12-27 22:27:12 - INFO - Eliminando columnas durante transform: ['RSI_14', 'CCI_14', 'price_momentum_volatility', 'EMA_diff_5_20', 'max_11', 'STDDEV_54', 'STDDEV_74']
2024-12-27 22:27:14 - INFO - Eliminando columnas durante transform: ['RSI_14', 'CCI_14', 'price_momentum_volatility', 'EMA_diff_5_20', 'STDDEV_26', 'STDDEV_57', 'SMA_65', 'STDDEV_65', 'min_65', 'max_65']
2024-12-27 22:27:14 - INFO - Columnas a eliminar por correlación > 0.86: ['RSI_14', 'CCI_14', 'price_momentum_volatility', 'EMA_diff_5_20', 'STDDEV_26', 'STDDEV_57', 'SMA_65', 'STDDEV_65', 'min_65', 'max_65']
2024-12-27 22:27:14 - INFO - Eliminando columnas durante transform: ['RSI_14', 'CCI_14', 'price_momentum_volatility', 'EMA_diff_5_20', 'STDDEV_26', 'STDDEV_57', 'SMA_65', 'STDDEV_65', 'min_65', 'max_65']
2024-12-27 22:27:31 - INFO - Eliminando columnas durante transform: ['RSI_14', 'CCI_14', 'price_momentum_volatility', 'EMA_diff_5_20', 'STDDEV_26', 'STDDEV_57', 'SMA_65', 'STDDEV_65', 'min_65', 'max_65']
2024-12-27 22:27:31 - INFO - Columnas a eliminar por correlación > 0.86: ['RSI_14', 'CCI_14', 'price_momentum_volatility', 'EMA_diff_5_20', 'STDDEV_26', 'STDDEV_57', 'SMA_65', 'STDDEV_65', 'min_65', 'max_65']
2024-12-27 22:27:31 - INFO - Eliminando columnas durante transform: ['RSI_14', 'CCI_14', 'price_momentum_volatility', 'EMA_diff_5_20', 'STDDEV_26', 'STDDEV_57', 'SMA_65', 'STDDEV_65', 'min_65', 'max_65']
2024-12-27 22:27:32 - INFO - Eliminando columnas durante transform: ['RSI_14', 'CCI_14', 'price_momentum_volatility', 'EMA_diff_5_20', 'max_11', 'STDDEV_54', 'STDDEV_74']
2024-12-27 22:27:33 - INFO - Target con look_ahead=5, lower=15, upper=93, min_change=0.005
2024-12-27 22:27:33 - INFO - Umbral inferior=-0.716534, superior=5.160962
2024-12-27 22:27:33 - INFO - Distribución de clases:
target
0    29909
1     5752
2     2685
Name: count, dtype: int64
2024-12-27 22:27:33 - INFO - Eliminados 199 registros con NaNs.
2024-12-27 22:27:33 - INFO - Columnas a eliminar por correlación > 0.86: ['RSI_14', 'CCI_14', 'price_momentum_volatility', 'EMA_diff_5_20', 'max_10', 'STDDEV_56', 'SMA_65', 'STDDEV_65', 'min_65', 'max_65']
2024-12-27 22:27:33 - INFO - Eliminando columnas durante transform: ['RSI_14', 'CCI_14', 'price_momentum_volatility', 'EMA_diff_5_20', 'max_10', 'STDDEV_56', 'SMA_65', 'STDDEV_65', 'min_65', 'max_65']
2024-12-27 22:27:46 - INFO - Eliminando columnas durante transform: ['RSI_14', 'CCI_14', 'price_momentum_volatility', 'EMA_diff_5_20', 'STDDEV_26', 'STDDEV_57', 'SMA_65', 'STDDEV_65', 'min_65', 'max_65']
2024-12-27 22:27:47 - INFO - Columnas a eliminar por correlación > 0.86: ['RSI_14', 'CCI_14', 'price_momentum_volatility', 'EMA_diff_5_20', 'STDDEV_26', 'STDDEV_57', 'SMA_65', 'STDDEV_65', 'min_65', 'max_65']
2024-12-27 22:27:47 - INFO - Eliminando columnas durante transform: ['RSI_14', 'CCI_14', 'price_momentum_volatility', 'EMA_diff_5_20', 'STDDEV_26', 'STDDEV_57', 'SMA_65', 'STDDEV_65', 'min_65', 'max_65']
2024-12-27 22:27:50 - INFO - Eliminando columnas durante transform: ['RSI_14', 'CCI_14', 'price_momentum_volatility', 'EMA_diff_5_20', 'max_10', 'STDDEV_56', 'SMA_65', 'STDDEV_65', 'min_65', 'max_65']
2024-12-27 22:27:50 - INFO - Columnas a eliminar por correlación > 0.86: ['RSI_14', 'CCI_14', 'price_momentum_volatility', 'EMA_diff_5_20', 'max_10', 'STDDEV_56', 'SMA_65', 'STDDEV_65', 'min_65', 'max_65']
2024-12-27 22:27:50 - INFO - Eliminando columnas durante transform: ['RSI_14', 'CCI_14', 'price_momentum_volatility', 'EMA_diff_5_20', 'max_10', 'STDDEV_56', 'SMA_65', 'STDDEV_65', 'min_65', 'max_65']
2024-12-27 22:28:03 - INFO - Eliminando columnas durante transform: ['RSI_14', 'CCI_14', 'price_momentum_volatility', 'EMA_diff_5_20', 'STDDEV_26', 'STDDEV_57', 'SMA_65', 'STDDEV_65', 'min_65', 'max_65']
2024-12-27 22:28:03 - INFO - Columnas a eliminar por correlación > 0.86: ['RSI_14', 'CCI_14', 'price_momentum_volatility', 'EMA_diff_5_20', 'STDDEV_26', 'STDDEV_57', 'SMA_65', 'STDDEV_65', 'min_65', 'max_65']
2024-12-27 22:28:03 - INFO - Eliminando columnas durante transform: ['RSI_14', 'CCI_14', 'price_momentum_volatility', 'EMA_diff_5_20', 'STDDEV_26', 'STDDEV_57', 'SMA_65', 'STDDEV_65', 'min_65', 'max_65']
2024-12-27 22:28:07 - INFO - Eliminando columnas durante transform: ['RSI_14', 'CCI_14', 'price_momentum_volatility', 'EMA_diff_5_20', 'max_10', 'STDDEV_56', 'SMA_65', 'STDDEV_65', 'min_65', 'max_65']
2024-12-27 22:28:07 - INFO - Columnas a eliminar por correlación > 0.86: ['RSI_14', 'CCI_14', 'price_momentum_volatility', 'EMA_diff_5_20', 'max_10', 'STDDEV_56', 'SMA_65', 'STDDEV_65', 'min_65', 'max_65']
2024-12-27 22:28:07 - INFO - Eliminando columnas durante transform: ['RSI_14', 'CCI_14', 'price_momentum_volatility', 'EMA_diff_5_20', 'max_10', 'STDDEV_56', 'SMA_65', 'STDDEV_65', 'min_65', 'max_65']
2024-12-27 22:28:19 - INFO - Eliminando columnas durante transform: ['RSI_14', 'CCI_14', 'price_momentum_volatility', 'EMA_diff_5_20', 'STDDEV_26', 'STDDEV_57', 'SMA_65', 'STDDEV_65', 'min_65', 'max_65']
2024-12-27 22:28:20 - INFO - Target con look_ahead=4, lower=15, upper=93, min_change=0.008
2024-12-27 22:28:20 - INFO - Umbral inferior=-0.717354, superior=5.211694
2024-12-27 22:28:20 - INFO - Distribución de clases:
target
0    29910
1     5752
2     2685
Name: count, dtype: int64
2024-12-27 22:28:20 - INFO - Eliminados 199 registros con NaNs.
2024-12-27 22:28:20 - INFO - Columnas a eliminar por correlación > 0.86: ['RSI_14', 'CCI_14', 'price_momentum_volatility', 'EMA_diff_5_20', 'STDDEV_27', 'STDDEV_57', 'SMA_65', 'STDDEV_65', 'min_65', 'max_65']
2024-12-27 22:28:20 - INFO - Eliminando columnas durante transform: ['RSI_14', 'CCI_14', 'price_momentum_volatility', 'EMA_diff_5_20', 'STDDEV_27', 'STDDEV_57', 'SMA_65', 'STDDEV_65', 'min_65', 'max_65']
2024-12-27 22:28:24 - INFO - Eliminando columnas durante transform: ['RSI_14', 'CCI_14', 'price_momentum_volatility', 'EMA_diff_5_20', 'max_10', 'STDDEV_56', 'SMA_65', 'STDDEV_65', 'min_65', 'max_65']
2024-12-27 22:28:24 - INFO - Columnas a eliminar por correlación > 0.86: ['RSI_14', 'CCI_14', 'price_momentum_volatility', 'EMA_diff_5_20', 'max_10', 'STDDEV_56', 'SMA_65', 'STDDEV_65', 'min_65', 'max_65']
2024-12-27 22:28:24 - INFO - Eliminando columnas durante transform: ['RSI_14', 'CCI_14', 'price_momentum_volatility', 'EMA_diff_5_20', 'max_10', 'STDDEV_56', 'SMA_65', 'STDDEV_65', 'min_65', 'max_65']
2024-12-27 22:28:25 - INFO - Eliminando columnas durante transform: ['RSI_14', 'CCI_14', 'price_momentum_volatility', 'EMA_diff_5_20', 'STDDEV_27', 'STDDEV_57', 'SMA_65', 'STDDEV_65', 'min_65', 'max_65']
2024-12-27 22:28:25 - INFO - Columnas a eliminar por correlación > 0.86: ['RSI_14', 'CCI_14', 'price_momentum_volatility', 'EMA_diff_5_20', 'STDDEV_27', 'STDDEV_57', 'SMA_65', 'STDDEV_65', 'min_65', 'max_65']
2024-12-27 22:28:25 - INFO - Eliminando columnas durante transform: ['RSI_14', 'CCI_14', 'price_momentum_volatility', 'EMA_diff_5_20', 'STDDEV_27', 'STDDEV_57', 'SMA_65', 'STDDEV_65', 'min_65', 'max_65']
2024-12-27 22:28:31 - INFO - Eliminando columnas durante transform: ['RSI_14', 'CCI_14', 'price_momentum_volatility', 'EMA_diff_5_20', 'STDDEV_27', 'STDDEV_57', 'SMA_65', 'STDDEV_65', 'min_65', 'max_65']
2024-12-27 22:28:32 - INFO - Columnas a eliminar por correlación > 0.86: ['RSI_14', 'CCI_14', 'price_momentum_volatility', 'EMA_diff_5_20', 'STDDEV_27', 'STDDEV_57', 'SMA_65', 'STDDEV_65', 'min_65', 'max_65']
2024-12-27 22:28:32 - INFO - Eliminando columnas durante transform: ['RSI_14', 'CCI_14', 'price_momentum_volatility', 'EMA_diff_5_20', 'STDDEV_27', 'STDDEV_57', 'SMA_65', 'STDDEV_65', 'min_65', 'max_65']
2024-12-27 22:28:37 - INFO - Eliminando columnas durante transform: ['RSI_14', 'CCI_14', 'price_momentum_volatility', 'EMA_diff_5_20', 'STDDEV_27', 'STDDEV_57', 'SMA_65', 'STDDEV_65', 'min_65', 'max_65']
2024-12-27 22:28:37 - INFO - Columnas a eliminar por correlación > 0.86: ['RSI_14', 'CCI_14', 'price_momentum_volatility', 'EMA_diff_5_20', 'STDDEV_27', 'STDDEV_57', 'SMA_65', 'STDDEV_65', 'min_65', 'max_65']
2024-12-27 22:28:37 - INFO - Eliminando columnas durante transform: ['RSI_14', 'CCI_14', 'price_momentum_volatility', 'EMA_diff_5_20', 'STDDEV_27', 'STDDEV_57', 'SMA_65', 'STDDEV_65', 'min_65', 'max_65']
2024-12-27 22:28:40 - INFO - Eliminando columnas durante transform: ['RSI_14', 'CCI_14', 'price_momentum_volatility', 'EMA_diff_5_20', 'max_10', 'STDDEV_56', 'SMA_65', 'STDDEV_65', 'min_65', 'max_65']
2024-12-27 22:28:40 - INFO - Columnas a eliminar por correlación > 0.86: ['RSI_14', 'CCI_14', 'price_momentum_volatility', 'EMA_diff_5_20', 'max_10', 'STDDEV_56', 'SMA_65', 'STDDEV_65', 'min_65', 'max_65']
2024-12-27 22:28:40 - INFO - Eliminando columnas durante transform: ['RSI_14', 'CCI_14', 'price_momentum_volatility', 'EMA_diff_5_20', 'max_10', 'STDDEV_56', 'SMA_65', 'STDDEV_65', 'min_65', 'max_65']
2024-12-27 22:28:42 - INFO - Eliminando columnas durante transform: ['RSI_14', 'CCI_14', 'price_momentum_volatility', 'EMA_diff_5_20', 'STDDEV_27', 'STDDEV_57', 'SMA_65', 'STDDEV_65', 'min_65', 'max_65']
2024-12-27 22:28:42 - INFO - Columnas a eliminar por correlación > 0.86: ['RSI_14', 'CCI_14', 'price_momentum_volatility', 'EMA_diff_5_20', 'STDDEV_27', 'STDDEV_57', 'SMA_65', 'STDDEV_65', 'min_65', 'max_65']
2024-12-27 22:28:42 - INFO - Eliminando columnas durante transform: ['RSI_14', 'CCI_14', 'price_momentum_volatility', 'EMA_diff_5_20', 'STDDEV_27', 'STDDEV_57', 'SMA_65', 'STDDEV_65', 'min_65', 'max_65']
2024-12-27 22:28:48 - INFO - Eliminando columnas durante transform: ['RSI_14', 'CCI_14', 'price_momentum_volatility', 'EMA_diff_5_20', 'STDDEV_27', 'STDDEV_57', 'SMA_65', 'STDDEV_65', 'min_65', 'max_65']
2024-12-27 22:28:54 - INFO - Eliminando columnas durante transform: ['RSI_14', 'CCI_14', 'price_momentum_volatility', 'EMA_diff_5_20', 'max_10', 'STDDEV_56', 'SMA_65', 'STDDEV_65', 'min_65', 'max_65']
2024-12-27 22:28:54 - INFO - Mejores parámetros encontrados (SAMPLE): {'sma_period1': 19, 'sma_period2': 60, 'sma_period3': 65, 'look_ahead': 4, 'lower_percentile': 15, 'upper_percentile': 94, 'min_change': 0.01, 'balancing_method': 'ADASYN', 'model__max_depth': 12, 'model__learning_rate': 0.05790297658355465, 'model__n_estimators': 599, 'model__subsample': 0.9898511434871973, 'model__colsample_bytree': 0.5783232576576751, 'model__gamma': 0.01428180195952706, 'model__reg_alpha': 0.016607217245192405, 'model__reg_lambda': 5.676577233839347e-07}
2024-12-27 22:28:54 - INFO - === Entrenando Pipeline Final con TODO el training ===
2024-12-27 22:28:56 - INFO - Target con look_ahead=4, lower=15, upper=94, min_change=0.01
2024-12-27 22:28:56 - INFO - Umbral inferior=-0.005395, superior=0.011585
2024-12-27 22:28:56 - INFO - Distribución de clases:
target
0    128065
1     10587
2      8851
Name: count, dtype: int64
2024-12-27 22:28:57 - INFO - Eliminados 199 registros con NaNs.
2024-12-27 22:28:57 - INFO - Columnas a eliminar por correlación > 0.86: ['EMA_diff_5_20', 'SMA_19', 'STDDEV_19', 'min_19', 'max_19', 'SMA_60', 'STDDEV_60', 'min_60', 'max_60', 'SMA_65', 'STDDEV_65', 'min_65', 'max_65']
2024-12-27 22:28:57 - INFO - Eliminando columnas durante transform: ['EMA_diff_5_20', 'SMA_19', 'STDDEV_19', 'min_19', 'max_19', 'SMA_60', 'STDDEV_60', 'min_60', 'max_60', 'SMA_65', 'STDDEV_65', 'min_65', 'max_65']
2024-12-27 22:30:26 - INFO - Pipeline final entrenado con todos los datos de entrenamiento.
