2025-01-02 23:09:54 - INFO - Datos cargados desde ML/data/processed/BTCUSDT_15m_processed.csv, filas: 251947
2025-01-02 23:09:54 - INFO - Columnas de indicadores técnicos existentes eliminadas: ['OBV']
2025-01-02 23:09:54 - INFO - Indicadores técnicos agregados al DataFrame. Filas antes: 251947, después: 251898
2025-01-02 23:09:54 - INFO - Columnas después de agregar indicadores técnicos: ['open', 'high', 'low', 'close', 'volume', 'close_time', 'quote_asset_volume', 'number_of_trades', 'taker_buy_base_asset_volume', 'taker_buy_quote_asset_volume', 'ignore', 'RSI_14', 'MACD_12_26_9', 'MACDh_12_26_9', 'MACDs_12_26_9', 'SMA_10', 'SMA_50', 'EMA_10', 'EMA_50', 'VWAP_D', 'BBL_20_2.0', 'BBM_20_2.0', 'BBU_20_2.0', 'BBB_20_2.0', 'BBP_20_2.0', 'ATRr_14', 'STOCHk_14_3_3', 'STOCHd_14_3_3', 'CCI_14_0.015', 'hour_of_day', 'day_of_week', 'is_weekend', 'RSI_14_', 'MACD_12_26_9_', 'MACDh_12_26_9_', 'MACDs_12_26_9_', 'SMA_10_', 'SMA_50_', 'EMA_10_', 'EMA_50_', 'VWAP_D_', 'OBV_', 'BBL_20_2.0_', 'BBM_20_2.0_', 'BBU_20_2.0_', 'BBB_20_2.0_', 'BBP_20_2.0_', 'ATRr_14_', 'STOCHk_14_3_3_', 'STOCHd_14_3_3_', 'CCI_14_0.015_']
2025-01-02 23:09:54 - INFO - Columnas renombradas: {'RSI_14': 'RSI', 'RSI_14_': 'RSI_', 'MACD_12_26_9': 'MACD', 'MACD_12_26_9_': 'MACD_', 'MACDh_12_26_9': 'MACDh', 'MACDh_12_26_9_': 'MACDh_', 'MACDs_12_26_9': 'MACDs', 'MACDs_12_26_9_': 'MACDs_', 'VWAP_D': 'VWAP', 'VWAP_D_': 'VWAP_', 'BBL_20_2.0': 'BBL', 'BBL_20_2.0_': 'BBL_', 'BBM_20_2.0': 'BBM', 'BBM_20_2.0_': 'BBM_', 'BBU_20_2.0': 'BBU', 'BBU_20_2.0_': 'BBU_', 'ATRr_14': 'ATR', 'ATRr_14_': 'ATR_', 'STOCHk_14_3_3': 'STOCHk', 'STOCHk_14_3_3_': 'STOCHk_', 'STOCHd_14_3_3': 'STOCHd', 'STOCHd_14_3_3_': 'STOCHd_', 'CCI_14_0.015': 'CCI', 'CCI_14_0.015_': 'CCI_'}
2025-01-02 23:09:54 - INFO - Columnas duplicadas eliminadas: ['RSI_', 'MACD_', 'MACDh_', 'MACDs_', 'SMA_10_', 'SMA_50_', 'EMA_10_', 'EMA_50_', 'VWAP_', 'OBV_', 'BBL_', 'BBM_', 'BBU_', 'BBB_20_2.0_', 'BBP_20_2.0_', 'ATR_', 'STOCHk_', 'STOCHd_', 'CCI_']
2025-01-02 23:09:54 - WARNING - La columna 'OBV' no está presente después de agregar indicadores. Añadiendo 'OBV' con valor 0.
2025-01-02 23:09:55 - INFO - Target binario mejorado con look_ahead=62, min_change=0.005, max_change=0.12
2025-01-02 23:09:55 - INFO - Distribución de clases (0/1):
target
0    153992
1     96342
Name: count, dtype: int64
2025-01-02 23:09:55 - INFO - División de datos en train y test completada.
2025-01-02 23:09:55 - INFO - === Buscando hiperparámetros (Optuna) en una muestra del training ===
2025-01-02 23:09:55 - INFO - Características utilizadas: ['open', 'high', 'low', 'close', 'volume', 'hour_of_day', 'day_of_week', 'is_weekend', 'RSI', 'MACD', 'MACDs', 'MACDh', 'SMA_10', 'SMA_50', 'EMA_10', 'EMA_50', 'VWAP', 'OBV', 'BBL', 'BBM', 'BBU', 'ATR', 'STOCHk', 'STOCHd', 'CCI']
2025-01-02 23:09:55 - INFO - No se han identificado características categóricas.
2025-01-02 23:09:55 - INFO - Columnas presentes en el DataFrame: ['open', 'high', 'low', 'close', 'volume', 'close_time', 'quote_asset_volume', 'number_of_trades', 'taker_buy_base_asset_volume', 'taker_buy_quote_asset_volume', 'ignore', 'RSI', 'MACD', 'MACDh', 'MACDs', 'SMA_10', 'SMA_50', 'EMA_10', 'EMA_50', 'VWAP', 'BBL', 'BBM', 'BBU', 'BBB_20_2.0', 'BBP_20_2.0', 'ATR', 'STOCHk', 'STOCHd', 'CCI', 'hour_of_day', 'day_of_week', 'is_weekend', 'OBV', 'future_close', 'change_pct', 'target']
2025-01-02 23:09:55 - INFO - Columnas eliminadas durante la preparación: ['close_time', 'quote_asset_volume', 'number_of_trades', 'taker_buy_base_asset_volume', 'taker_buy_quote_asset_volume', 'ignore', 'BBB_20_2.0', 'BBP_20_2.0', 'future_close', 'change_pct']
2025-01-02 23:09:55 - INFO - Conjunto de datos preparado con 44058 filas y 25 características.
2025-01-02 23:09:55 - INFO - Tipo de y_train_sample: <class 'pandas.core.series.Series'>
2025-01-02 23:09:55 - INFO - Shape de y_train_sample: (44058,)
2025-01-02 23:09:55 - INFO - Después de SMOTE: target
0    3676
1    3676
Name: count, dtype: int64
2025-01-02 23:09:55 - INFO - Después de SMOTE: target
0    3676
1    3676
Name: count, dtype: int64
2025-01-02 23:09:55 - INFO - Después de SMOTE: target
0    7377
1    7377
Name: count, dtype: int64
2025-01-02 23:09:56 - INFO - Después de SMOTE: target
0    11268
1    11268
Name: count, dtype: int64
2025-01-02 23:09:56 - INFO - Después de SMOTE: target
0    7377
1    7377
Name: count, dtype: int64
2025-01-02 23:09:57 - INFO - Después de SMOTE: target
0    15712
1    15712
Name: count, dtype: int64
2025-01-02 23:09:59 - INFO - Después de SMOTE: target
0    19934
1    19934
Name: count, dtype: int64
2025-01-02 23:09:59 - INFO - Después de SMOTE: target
0    11268
1    11268
Name: count, dtype: int64
2025-01-02 23:10:00 - INFO - Después de SMOTE: target
0    3676
1    3676
Name: count, dtype: int64
2025-01-02 23:10:00 - INFO - Después de SMOTE: target
0    7377
1    7377
Name: count, dtype: int64
2025-01-02 23:10:01 - INFO - Después de SMOTE: target
0    15712
1    15712
Name: count, dtype: int64
2025-01-02 23:10:02 - INFO - Después de SMOTE: target
0    11268
1    11268
Name: count, dtype: int64
2025-01-02 23:10:03 - INFO - Después de SMOTE: target
0    15712
1    15712
Name: count, dtype: int64
2025-01-02 23:10:05 - INFO - Después de SMOTE: target
0    19934
1    19934
Name: count, dtype: int64
2025-01-02 23:10:05 - INFO - Después de SMOTE: target
0    19934
1    19934
Name: count, dtype: int64
2025-01-02 23:10:06 - INFO - Después de SMOTE: target
0    3676
1    3676
Name: count, dtype: int64
2025-01-02 23:10:07 - INFO - Después de SMOTE: target
0    7377
1    7377
Name: count, dtype: int64
2025-01-02 23:10:07 - INFO - Después de SMOTE: target
0    11268
1    11268
Name: count, dtype: int64
2025-01-02 23:10:08 - INFO - Después de SMOTE: target
0    3676
1    3676
Name: count, dtype: int64
2025-01-02 23:10:08 - INFO - Después de SMOTE: target
0    15712
1    15712
Name: count, dtype: int64
2025-01-02 23:10:09 - INFO - Después de SMOTE: target
0    7377
1    7377
Name: count, dtype: int64
2025-01-02 23:10:10 - INFO - Después de SMOTE: target
0    19934
1    19934
Name: count, dtype: int64
2025-01-02 23:10:10 - INFO - Después de SMOTE: target
0    11268
1    11268
Name: count, dtype: int64
2025-01-02 23:10:10 - INFO - Después de SMOTE: target
0    3676
1    3676
Name: count, dtype: int64
2025-01-02 23:10:11 - INFO - Después de SMOTE: target
0    7377
1    7377
Name: count, dtype: int64
2025-01-02 23:10:11 - INFO - Después de SMOTE: target
0    15712
1    15712
Name: count, dtype: int64
2025-01-02 23:10:12 - INFO - Después de SMOTE: target
0    11268
1    11268
Name: count, dtype: int64
2025-01-02 23:10:13 - INFO - Después de SMOTE: target
0    15712
1    15712
Name: count, dtype: int64
2025-01-02 23:10:13 - INFO - Después de SMOTE: target
0    19934
1    19934
Name: count, dtype: int64
2025-01-02 23:10:14 - INFO - Después de SMOTE: target
0    19934
1    19934
Name: count, dtype: int64
2025-01-02 23:10:14 - INFO - Después de SMOTE: target
0    3676
1    3676
Name: count, dtype: int64
2025-01-02 23:10:15 - INFO - Después de SMOTE: target
0    3676
1    3676
Name: count, dtype: int64
2025-01-02 23:10:15 - INFO - Después de SMOTE: target
0    7377
1    7377
Name: count, dtype: int64
2025-01-02 23:10:15 - INFO - Después de SMOTE: target
0    7377
1    7377
Name: count, dtype: int64
2025-01-02 23:10:16 - INFO - Después de SMOTE: target
0    11268
1    11268
Name: count, dtype: int64
2025-01-02 23:10:17 - INFO - Después de SMOTE: target
0    11268
1    11268
Name: count, dtype: int64
2025-01-02 23:10:17 - INFO - Después de SMOTE: target
0    15712
1    15712
Name: count, dtype: int64
2025-01-02 23:10:18 - INFO - Después de SMOTE: target
0    15712
1    15712
Name: count, dtype: int64
2025-01-02 23:10:19 - INFO - Después de SMOTE: target
0    19934
1    19934
Name: count, dtype: int64
2025-01-02 23:10:20 - INFO - Después de SMOTE: target
0    19934
1    19934
Name: count, dtype: int64
2025-01-02 23:10:21 - INFO - Después de SMOTE: target
0    3676
1    3676
Name: count, dtype: int64
2025-01-02 23:10:21 - INFO - Después de SMOTE: target
0    7377
1    7377
Name: count, dtype: int64
2025-01-02 23:10:22 - INFO - Después de SMOTE: target
0    3676
1    3676
Name: count, dtype: int64
2025-01-02 23:10:22 - INFO - Después de SMOTE: target
0    11268
1    11268
Name: count, dtype: int64
2025-01-02 23:10:23 - INFO - Después de SMOTE: target
0    7377
1    7377
Name: count, dtype: int64
2025-01-02 23:10:23 - INFO - Después de SMOTE: target
0    15712
1    15712
Name: count, dtype: int64
2025-01-02 23:10:24 - INFO - Después de SMOTE: target
0    11268
1    11268
Name: count, dtype: int64
2025-01-02 23:10:25 - INFO - Después de SMOTE: target
0    19934
1    19934
Name: count, dtype: int64
2025-01-02 23:10:26 - INFO - Después de SMOTE: target
0    15712
1    15712
Name: count, dtype: int64
2025-01-02 23:10:26 - INFO - Después de SMOTE: target
0    3676
1    3676
Name: count, dtype: int64
2025-01-02 23:10:26 - INFO - Después de SMOTE: target
0    7377
1    7377
Name: count, dtype: int64
2025-01-02 23:10:27 - INFO - Después de SMOTE: target
0    11268
1    11268
Name: count, dtype: int64
2025-01-02 23:10:28 - INFO - Después de SMOTE: target
0    19934
1    19934
Name: count, dtype: int64
2025-01-02 23:10:29 - INFO - Después de SMOTE: target
0    15712
1    15712
Name: count, dtype: int64
2025-01-02 23:10:29 - INFO - Después de SMOTE: target
0    3676
1    3676
Name: count, dtype: int64
2025-01-02 23:10:30 - INFO - Después de SMOTE: target
0    7377
1    7377
Name: count, dtype: int64
2025-01-02 23:10:30 - INFO - Después de SMOTE: target
0    19934
1    19934
Name: count, dtype: int64
2025-01-02 23:10:31 - INFO - Después de SMOTE: target
0    11268
1    11268
Name: count, dtype: int64
2025-01-02 23:10:31 - INFO - Después de SMOTE: target
0    3676
1    3676
Name: count, dtype: int64
2025-01-02 23:10:32 - INFO - Después de SMOTE: target
0    7377
1    7377
Name: count, dtype: int64
2025-01-02 23:10:32 - INFO - Después de SMOTE: target
0    15712
1    15712
Name: count, dtype: int64
2025-01-02 23:10:33 - INFO - Después de SMOTE: target
0    11268
1    11268
Name: count, dtype: int64
2025-01-02 23:10:34 - INFO - Después de SMOTE: target
0    19934
1    19934
Name: count, dtype: int64
2025-01-02 23:10:34 - INFO - Después de SMOTE: target
0    15712
1    15712
Name: count, dtype: int64
2025-01-02 23:10:35 - INFO - Después de SMOTE: target
0    3676
1    3676
Name: count, dtype: int64
2025-01-02 23:10:36 - INFO - Después de SMOTE: target
0    7377
1    7377
Name: count, dtype: int64
2025-01-02 23:10:36 - INFO - Después de SMOTE: target
0    19934
1    19934
Name: count, dtype: int64
2025-01-02 23:10:37 - INFO - Después de SMOTE: target
0    11268
1    11268
Name: count, dtype: int64
2025-01-02 23:10:37 - INFO - Después de SMOTE: target
0    3676
1    3676
Name: count, dtype: int64
2025-01-02 23:10:38 - INFO - Después de SMOTE: target
0    7377
1    7377
Name: count, dtype: int64
2025-01-02 23:10:38 - INFO - Después de SMOTE: target
0    15712
1    15712
Name: count, dtype: int64
2025-01-02 23:10:39 - INFO - Después de SMOTE: target
0    11268
1    11268
Name: count, dtype: int64
2025-01-02 23:10:40 - INFO - Después de SMOTE: target
0    19934
1    19934
Name: count, dtype: int64
2025-01-02 23:10:40 - INFO - Después de SMOTE: target
0    15712
1    15712
Name: count, dtype: int64
2025-01-02 23:10:41 - INFO - Después de SMOTE: target
0    3676
1    3676
Name: count, dtype: int64
2025-01-02 23:10:42 - INFO - Después de SMOTE: target
0    19934
1    19934
Name: count, dtype: int64
2025-01-02 23:10:42 - INFO - Después de SMOTE: target
0    7377
1    7377
Name: count, dtype: int64
2025-01-02 23:10:43 - INFO - Después de SMOTE: target
0    11268
1    11268
Name: count, dtype: int64
2025-01-02 23:10:44 - INFO - Después de SMOTE: target
0    15712
1    15712
Name: count, dtype: int64
2025-01-02 23:10:46 - INFO - Después de SMOTE: target
0    19934
1    19934
Name: count, dtype: int64
2025-01-02 23:10:47 - INFO - Mejor valor de F1: 0.4814
2025-01-02 23:10:47 - INFO - Mejores parámetros: {'max_depth': 3, 'learning_rate': 0.0010174348207489256, 'n_estimators': 246, 'subsample': 0.6013118497454204, 'colsample_bytree': 0.602682584399806, 'gamma': 0.29597499334339006, 'reg_alpha': 0.0010734990778677278, 'reg_lambda': 0.00016370754808734105}
2025-01-02 23:10:47 - INFO - === Entrenando Pipeline Final con TODO el training ===
2025-01-02 23:10:47 - INFO - Columnas presentes en el DataFrame: ['open', 'high', 'low', 'close', 'volume', 'close_time', 'quote_asset_volume', 'number_of_trades', 'taker_buy_base_asset_volume', 'taker_buy_quote_asset_volume', 'ignore', 'RSI', 'MACD', 'MACDh', 'MACDs', 'SMA_10', 'SMA_50', 'EMA_10', 'EMA_50', 'VWAP', 'BBL', 'BBM', 'BBU', 'BBB_20_2.0', 'BBP_20_2.0', 'ATR', 'STOCHk', 'STOCHd', 'CCI', 'hour_of_day', 'day_of_week', 'is_weekend', 'OBV', 'future_close', 'change_pct', 'target']
2025-01-02 23:10:47 - INFO - Columnas eliminadas durante la preparación: ['close_time', 'quote_asset_volume', 'number_of_trades', 'taker_buy_base_asset_volume', 'taker_buy_quote_asset_volume', 'ignore', 'BBB_20_2.0', 'BBP_20_2.0', 'future_close', 'change_pct']
2025-01-02 23:10:47 - INFO - Conjunto de datos preparado con 200267 filas y 25 características.
2025-01-02 23:10:47 - INFO - Tipo de y_train_full: <class 'pandas.core.series.Series'>
2025-01-02 23:10:47 - INFO - Shape de y_train_full: (200267,)
2025-01-02 23:10:58 - INFO - Después de SMOTE: target
0    121246
1    121246
Name: count, dtype: int64
2025-01-02 23:10:58 - INFO - Balance de clases aplicado mediante SMOTE.
2025-01-02 23:11:02 - INFO - Pipeline final entrenado con todos los datos de entrenamiento (binario).
2025-01-02 23:11:02 - INFO - Pipeline completo guardado en: ./results/XGBoost_Binario_trained_pipeline.joblib
2025-01-02 23:11:02 - INFO - Parámetros guardados en: ./results/XGBoost_Binario_model_params.txt
2025-01-02 23:11:02 - INFO - Lista de features guardada en: ./results/XGBoost_Binario_feature_cols.txt
2025-01-02 23:11:02 - INFO - Columnas de indicadores técnicos existentes eliminadas: ['RSI', 'MACD', 'MACDs', 'MACDh', 'VWAP', 'OBV', 'BBL', 'BBM', 'BBU', 'ATR', 'STOCHk', 'STOCHd', 'CCI']
2025-01-02 23:11:02 - INFO - Indicadores técnicos agregados al DataFrame. Filas antes: 50067, después: 50018
2025-01-02 23:11:02 - INFO - Columnas después de agregar indicadores técnicos: ['open', 'high', 'low', 'close', 'volume', 'close_time', 'quote_asset_volume', 'number_of_trades', 'taker_buy_base_asset_volume', 'taker_buy_quote_asset_volume', 'ignore', 'SMA_10', 'SMA_50', 'EMA_10', 'EMA_50', 'BBB_20_2.0', 'BBP_20_2.0', 'hour_of_day', 'day_of_week', 'is_weekend', 'future_close', 'change_pct', 'target', 'RSI_14_', 'MACD_12_26_9_', 'MACDh_12_26_9_', 'MACDs_12_26_9_', 'SMA_10_', 'SMA_50_', 'EMA_10_', 'EMA_50_', 'VWAP_D_', 'OBV_', 'BBL_20_2.0_', 'BBM_20_2.0_', 'BBU_20_2.0_', 'BBB_20_2.0_', 'BBP_20_2.0_', 'ATRr_14_', 'STOCHk_14_3_3_', 'STOCHd_14_3_3_', 'CCI_14_0.015_']
2025-01-02 23:11:02 - INFO - Columnas renombradas: {'RSI_14_': 'RSI', 'MACD_12_26_9_': 'MACD', 'MACDh_12_26_9_': 'MACDh', 'MACDs_12_26_9_': 'MACDs', 'VWAP_D_': 'VWAP', 'BBL_20_2.0_': 'BBL', 'BBM_20_2.0_': 'BBM', 'BBU_20_2.0_': 'BBU', 'ATRr_14_': 'ATR', 'STOCHk_14_3_3_': 'STOCHk', 'STOCHd_14_3_3_': 'STOCHd', 'CCI_14_0.015_': 'CCI'}
2025-01-02 23:11:02 - INFO - Columnas duplicadas eliminadas: ['SMA_10_', 'SMA_50_', 'EMA_10_', 'EMA_50_', 'OBV_', 'BBB_20_2.0_', 'BBP_20_2.0_']
2025-01-02 23:11:02 - WARNING - La columna 'OBV' no está presente después de agregar indicadores. Añadiendo 'OBV' con valor 0.
2025-01-02 23:11:02 - INFO - Target binario mejorado con look_ahead=62, min_change=0.005, max_change=0.12
2025-01-02 23:11:02 - INFO - Distribución de clases (0/1):
target
0    32681
1    17229
Name: count, dtype: int64
2025-01-02 23:11:02 - INFO - Columnas presentes en el DataFrame: ['open', 'high', 'low', 'close', 'volume', 'close_time', 'quote_asset_volume', 'number_of_trades', 'taker_buy_base_asset_volume', 'taker_buy_quote_asset_volume', 'ignore', 'SMA_10', 'SMA_50', 'EMA_10', 'EMA_50', 'BBB_20_2.0', 'BBP_20_2.0', 'hour_of_day', 'day_of_week', 'is_weekend', 'future_close', 'change_pct', 'target', 'RSI', 'MACD', 'MACDh', 'MACDs', 'VWAP', 'BBL', 'BBM', 'BBU', 'ATR', 'STOCHk', 'STOCHd', 'CCI', 'OBV']
2025-01-02 23:11:02 - INFO - Columnas eliminadas durante la preparación: ['close_time', 'quote_asset_volume', 'number_of_trades', 'taker_buy_base_asset_volume', 'taker_buy_quote_asset_volume', 'ignore', 'BBB_20_2.0', 'BBP_20_2.0', 'future_close', 'change_pct']
2025-01-02 23:11:02 - INFO - Conjunto de datos preparado con 49910 filas y 25 características.
2025-01-02 23:11:02 - INFO - Características en X_test_final: ['open', 'high', 'low', 'close', 'volume', 'hour_of_day', 'day_of_week', 'is_weekend', 'RSI', 'MACD', 'MACDs', 'MACDh', 'SMA_10', 'SMA_50', 'EMA_10', 'EMA_50', 'VWAP', 'OBV', 'BBL', 'BBM', 'BBU', 'ATR', 'STOCHk', 'STOCHd', 'CCI']
2025-01-02 23:11:02 - INFO - Tipo de y_test_final: <class 'pandas.core.series.Series'>
2025-01-02 23:11:02 - INFO - Shape de y_test_final: (49910,)
2025-01-02 23:11:02 - INFO - Las características del test coinciden perfectamente con las del entrenamiento.
2025-01-02 23:11:02 - INFO - === Evaluación en Test ===
2025-01-02 23:11:03 - INFO - Matriz de confusión [1,0]:
[[ 9444  7785]
 [14806 17875]]
2025-01-02 23:11:03 - INFO - Reporte de Clasificación:
              precision    recall  f1-score   support

           1       0.39      0.55      0.46     17229
           0       0.70      0.55      0.61     32681

    accuracy                           0.55     49910
   macro avg       0.54      0.55      0.53     49910
weighted avg       0.59      0.55      0.56     49910

2025-01-02 23:11:03 - INFO - F1-score: 0.4554
2025-01-02 23:11:03 - INFO - Precisión: 0.3894
2025-01-02 23:11:03 - INFO - Recall: 0.5481
2025-01-02 23:11:03 - INFO - AUC Score: 0.5765
2025-01-02 23:11:04 - INFO - F1 final en Test (Binario): 0.4554
2025-01-02 23:11:04 - INFO - === Analizando importancia de características ===
2025-01-02 23:11:04 - INFO - Tabla de importancia de características guardada en ./results/feature_importances_binario.csv.
2025-01-02 23:11:04 - INFO - Gráfico de importancia de características guardado.
2025-01-02 23:11:04 - INFO - Señales generadas con umbrales high=0.7, low=0.4
2025-01-02 23:11:05 - INFO - Señales guardadas en: ./results/signals.csv
2025-01-02 23:11:05 - INFO - === Proceso Completado con Éxito ===
