2025-01-11 17:50:15 - INFO - Datos cargados desde ML/data/processed/BTCUSDT_15m_processed.csv, filas: 254923
2025-01-11 17:50:15 - INFO - Columnas de indicadores existentes eliminadas: ['RSI', 'MACD', 'MACDs', 'MACDh', 'OBV', 'BBL', 'BBM', 'BBU', 'SMA_10', 'SMA_50', 'EMA_10', 'EMA_50']
2025-01-11 17:50:16 - INFO - Indicadores técnicos agregados. Filas antes: 254923, después: 254724 (descartadas: 199)
2025-01-11 17:50:16 - INFO - Columnas renombradas: {'RSI_14': 'RSI', 'MACD_12_26_9': 'MACD', 'MACDs_12_26_9': 'MACDs', 'MACDh_12_26_9': 'MACDh', 'VWAP': 'VWAP', 'BBL_20_2.0': 'BBL', 'BBM_20_2.0': 'BBM', 'BBU_20_2.0': 'BBU', 'ATR_14': 'ATR', 'STOCHk_14_3_3': 'STOCHk', 'STOCHd_14_3_3': 'STOCHd', 'CCI_14_0.015': 'CCI', 'SMA_10': 'SMA_10', 'SMA_50': 'SMA_50', 'SMA_200': 'SMA_200', 'EMA_10': 'EMA_10', 'EMA_50': 'EMA_50'}
2025-01-11 17:50:16 - WARNING - Columna faltante 'VWAP' añadida con NaN.
2025-01-11 17:50:16 - WARNING - Columna faltante 'ATR' añadida con NaN.
2025-01-11 17:50:16 - INFO - Target binario con look_ahead=12, min_change=0.043
2025-01-11 17:50:16 - INFO - Distribución de clases (0=Vender, 1=Comprar):
target
0.0    2284
1.0    2132
Name: count, dtype: int64
2025-01-11 17:50:16 - INFO - Muestra de datos con target:
                        close  future_close  change_pct  target
open_time                                                      
2020-03-12 22:15:00   5820.00       4632.40   -0.204055     0.0
2017-10-18 04:45:00   5529.98       5277.22   -0.045707     0.0
2017-10-20 13:30:00   5679.98       5933.01    0.044548     1.0
2020-04-23 13:00:00   7160.21       7554.26    0.055033     1.0
2021-01-08 08:15:00  38800.92      41151.48    0.060580     1.0
2017-09-18 04:45:00   3769.06       3950.32    0.048092     1.0
2021-05-19 00:15:00  43206.51      40959.96   -0.051996     0.0
2020-03-12 08:30:00   7401.92       5750.17   -0.223152     0.0
2021-01-13 04:30:00  33238.45      34840.72    0.048205     1.0
2019-06-30 20:45:00  11474.96      10854.10   -0.054106     0.0
2025-01-11 17:50:16 - INFO - División de datos en Train/Test completada.
2025-01-11 17:50:16 - INFO - === Búsqueda de hiperparámetros (Optuna) en muestra de Training ===
2025-01-11 17:50:16 - INFO - No se han identificado características categóricas.
2025-01-11 17:50:16 - INFO - Columnas extra eliminadas: ['future_close', 'change_pct']
2025-01-11 17:50:16 - WARNING - Estas columnas están 100% NaN y se eliminarán antes de imputar: ['VWAP', 'ATR']
2025-01-11 17:50:16 - INFO - Dataset preparado: 2583 filas, 21 features (después de imputación).
2025-01-11 17:50:16 - INFO - Balance de clases tras SMOTETomek:
target
0.0    1079
1.0    1079
Name: count, dtype: int64
2025-01-11 17:50:16 - INFO - Balance de clases tras SMOTETomek:
target
0.0    1079
1.0    1079
Name: count, dtype: int64
2025-01-11 17:50:17 - INFO - Balance de clases tras SMOTETomek:
target
0.0    1084
1.0    1084
Name: count, dtype: int64
2025-01-11 17:50:17 - INFO - Balance de clases tras SMOTETomek:
target
0.0    1082
1.0    1082
Name: count, dtype: int64
2025-01-11 17:50:18 - INFO - Balance de clases tras SMOTETomek:
target
0.0    1084
1.0    1084
Name: count, dtype: int64
2025-01-11 17:50:19 - INFO - Balance de clases tras SMOTETomek:
target
0.0    1086
1.0    1086
Name: count, dtype: int64
2025-01-11 17:50:19 - INFO - Balance de clases tras SMOTETomek:
target
0.0    1086
1.0    1086
Name: count, dtype: int64
2025-01-11 17:50:20 - INFO - Balance de clases tras SMOTETomek:
target
0.0    1079
1.0    1079
Name: count, dtype: int64
2025-01-11 17:50:20 - INFO - Balance de clases tras SMOTETomek:
target
0.0    1082
1.0    1082
Name: count, dtype: int64
2025-01-11 17:50:21 - INFO - Balance de clases tras SMOTETomek:
target
0.0    1084
1.0    1084
Name: count, dtype: int64
2025-01-11 17:50:22 - INFO - Balance de clases tras SMOTETomek:
target
0.0    1086
1.0    1086
Name: count, dtype: int64
2025-01-11 17:50:23 - INFO - Balance de clases tras SMOTETomek:
target
0.0    1082
1.0    1082
Name: count, dtype: int64
2025-01-11 17:50:23 - INFO - Balance de clases tras SMOTETomek:
target
0.0    1086
1.0    1086
Name: count, dtype: int64
2025-01-11 17:50:24 - INFO - Balance de clases tras SMOTETomek:
target
0.0    1086
1.0    1086
Name: count, dtype: int64
2025-01-11 17:50:25 - INFO - Balance de clases tras SMOTETomek:
target
0.0    1079
1.0    1079
Name: count, dtype: int64
2025-01-11 17:50:26 - INFO - Balance de clases tras SMOTETomek:
target
0.0    1086
1.0    1086
Name: count, dtype: int64
2025-01-11 17:50:26 - INFO - Balance de clases tras SMOTETomek:
target
0.0    1084
1.0    1084
Name: count, dtype: int64
2025-01-11 17:50:27 - INFO - Balance de clases tras SMOTETomek:
target
0.0    1082
1.0    1082
Name: count, dtype: int64
2025-01-11 17:50:27 - INFO - Balance de clases tras SMOTETomek:
target
0.0    1079
1.0    1079
Name: count, dtype: int64
2025-01-11 17:50:27 - INFO - Balance de clases tras SMOTETomek:
target
0.0    1086
1.0    1086
Name: count, dtype: int64
2025-01-11 17:50:28 - INFO - Balance de clases tras SMOTETomek:
target
0.0    1084
1.0    1084
Name: count, dtype: int64
2025-01-11 17:50:28 - INFO - Balance de clases tras SMOTETomek:
target
0.0    1086
1.0    1086
Name: count, dtype: int64
2025-01-11 17:50:29 - INFO - Balance de clases tras SMOTETomek:
target
0.0    1082
1.0    1082
Name: count, dtype: int64
2025-01-11 17:50:29 - INFO - Balance de clases tras SMOTETomek:
target
0.0    1079
1.0    1079
Name: count, dtype: int64
2025-01-11 17:50:30 - INFO - Balance de clases tras SMOTETomek:
target
0.0    1086
1.0    1086
Name: count, dtype: int64
2025-01-11 17:50:30 - INFO - Balance de clases tras SMOTETomek:
target
0.0    1086
1.0    1086
Name: count, dtype: int64
2025-01-11 17:50:30 - INFO - Balance de clases tras SMOTETomek:
target
0.0    1084
1.0    1084
Name: count, dtype: int64
2025-01-11 17:50:31 - INFO - Balance de clases tras SMOTETomek:
target
0.0    1079
1.0    1079
Name: count, dtype: int64
2025-01-11 17:50:32 - INFO - Balance de clases tras SMOTETomek:
target
0.0    1082
1.0    1082
Name: count, dtype: int64
2025-01-11 17:50:33 - INFO - Balance de clases tras SMOTETomek:
target
0.0    1084
1.0    1084
Name: count, dtype: int64
2025-01-11 17:50:33 - INFO - Balance de clases tras SMOTETomek:
target
0.0    1086
1.0    1086
Name: count, dtype: int64
2025-01-11 17:50:34 - INFO - Balance de clases tras SMOTETomek:
target
0.0    1082
1.0    1082
Name: count, dtype: int64
2025-01-11 17:50:35 - INFO - Balance de clases tras SMOTETomek:
target
0.0    1086
1.0    1086
Name: count, dtype: int64
2025-01-11 17:50:35 - INFO - Balance de clases tras SMOTETomek:
target
0.0    1086
1.0    1086
Name: count, dtype: int64
2025-01-11 17:50:36 - INFO - Balance de clases tras SMOTETomek:
target
0.0    1079
1.0    1079
Name: count, dtype: int64
2025-01-11 17:50:37 - INFO - Balance de clases tras SMOTETomek:
target
0.0    1086
1.0    1086
Name: count, dtype: int64
2025-01-11 17:50:37 - INFO - Balance de clases tras SMOTETomek:
target
0.0    1084
1.0    1084
Name: count, dtype: int64
2025-01-11 17:50:38 - INFO - Balance de clases tras SMOTETomek:
target
0.0    1082
1.0    1082
Name: count, dtype: int64
2025-01-11 17:50:38 - INFO - Balance de clases tras SMOTETomek:
target
0.0    1079
1.0    1079
Name: count, dtype: int64
2025-01-11 17:50:39 - INFO - Balance de clases tras SMOTETomek:
target
0.0    1084
1.0    1084
Name: count, dtype: int64
2025-01-11 17:50:39 - INFO - Balance de clases tras SMOTETomek:
target
0.0    1086
1.0    1086
Name: count, dtype: int64
2025-01-11 17:50:39 - INFO - Balance de clases tras SMOTETomek:
target
0.0    1082
1.0    1082
Name: count, dtype: int64
2025-01-11 17:50:39 - INFO - Balance de clases tras SMOTETomek:
target
0.0    1086
1.0    1086
Name: count, dtype: int64
2025-01-11 17:50:40 - INFO - Balance de clases tras SMOTETomek:
target
0.0    1086
1.0    1086
Name: count, dtype: int64
2025-01-11 17:50:40 - INFO - Balance de clases tras SMOTETomek:
target
0.0    1086
1.0    1086
Name: count, dtype: int64
2025-01-11 17:50:40 - INFO - Balance de clases tras SMOTETomek:
target
0.0    1079
1.0    1079
Name: count, dtype: int64
2025-01-11 17:50:41 - INFO - Balance de clases tras SMOTETomek:
target
0.0    1079
1.0    1079
Name: count, dtype: int64
2025-01-11 17:50:41 - INFO - Balance de clases tras SMOTETomek:
target
0.0    1084
1.0    1084
Name: count, dtype: int64
2025-01-11 17:50:42 - INFO - Balance de clases tras SMOTETomek:
target
0.0    1082
1.0    1082
Name: count, dtype: int64
2025-01-11 17:50:42 - INFO - Balance de clases tras SMOTETomek:
target
0.0    1086
1.0    1086
Name: count, dtype: int64
2025-01-11 17:50:43 - INFO - Balance de clases tras SMOTETomek:
target
0.0    1086
1.0    1086
Name: count, dtype: int64
2025-01-11 17:50:43 - INFO - Balance de clases tras SMOTETomek:
target
0.0    1084
1.0    1084
Name: count, dtype: int64
2025-01-11 17:50:43 - INFO - Balance de clases tras SMOTETomek:
target
0.0    1079
1.0    1079
Name: count, dtype: int64
2025-01-11 17:50:45 - INFO - Balance de clases tras SMOTETomek:
target
0.0    1084
1.0    1084
Name: count, dtype: int64
2025-01-11 17:50:45 - INFO - Balance de clases tras SMOTETomek:
target
0.0    1082
1.0    1082
Name: count, dtype: int64
2025-01-11 17:50:47 - INFO - Balance de clases tras SMOTETomek:
target
0.0    1082
1.0    1082
Name: count, dtype: int64
2025-01-11 17:50:48 - INFO - Balance de clases tras SMOTETomek:
target
0.0    1086
1.0    1086
Name: count, dtype: int64
2025-01-11 17:50:49 - INFO - Balance de clases tras SMOTETomek:
target
0.0    1086
1.0    1086
Name: count, dtype: int64
2025-01-11 17:50:50 - INFO - Balance de clases tras SMOTETomek:
target
0.0    1086
1.0    1086
Name: count, dtype: int64
2025-01-11 17:50:51 - INFO - Balance de clases tras SMOTETomek:
target
0.0    1086
1.0    1086
Name: count, dtype: int64
2025-01-11 17:50:53 - INFO - Balance de clases tras SMOTETomek:
target
0.0    1079
1.0    1079
Name: count, dtype: int64
2025-01-11 17:50:53 - INFO - Balance de clases tras SMOTETomek:
target
0.0    1079
1.0    1079
Name: count, dtype: int64
2025-01-11 17:50:54 - INFO - Balance de clases tras SMOTETomek:
target
0.0    1084
1.0    1084
Name: count, dtype: int64
2025-01-11 17:50:55 - INFO - Balance de clases tras SMOTETomek:
target
0.0    1084
1.0    1084
Name: count, dtype: int64
2025-01-11 17:50:55 - INFO - Balance de clases tras SMOTETomek:
target
0.0    1082
1.0    1082
Name: count, dtype: int64
2025-01-11 17:50:56 - INFO - Balance de clases tras SMOTETomek:
target
0.0    1086
1.0    1086
Name: count, dtype: int64
2025-01-11 17:50:57 - INFO - Balance de clases tras SMOTETomek:
target
0.0    1082
1.0    1082
Name: count, dtype: int64
2025-01-11 17:50:57 - INFO - Balance de clases tras SMOTETomek:
target
0.0    1086
1.0    1086
Name: count, dtype: int64
2025-01-11 17:50:59 - INFO - Balance de clases tras SMOTETomek:
target
0.0    1079
1.0    1079
Name: count, dtype: int64
2025-01-11 17:51:00 - INFO - Balance de clases tras SMOTETomek:
target
0.0    1086
1.0    1086
Name: count, dtype: int64
2025-01-11 17:51:00 - INFO - Balance de clases tras SMOTETomek:
target
0.0    1084
1.0    1084
Name: count, dtype: int64
2025-01-11 17:51:01 - INFO - Balance de clases tras SMOTETomek:
target
0.0    1082
1.0    1082
Name: count, dtype: int64
2025-01-11 17:51:02 - INFO - Balance de clases tras SMOTETomek:
target
0.0    1086
1.0    1086
Name: count, dtype: int64
2025-01-11 17:51:02 - INFO - Balance de clases tras SMOTETomek:
target
0.0    1086
1.0    1086
Name: count, dtype: int64
2025-01-11 17:51:03 - INFO - Balance de clases tras SMOTETomek:
target
0.0    1086
1.0    1086
Name: count, dtype: int64
2025-01-11 17:51:05 - INFO - Mejor Precision: 0.9268
2025-01-11 17:51:05 - INFO - Mejores parámetros: {'max_depth': 9, 'learning_rate': 0.03839236307492983, 'n_estimators': 417, 'subsample': 0.9342300525214174, 'colsample_bytree': 0.6436796287013306, 'gamma': 0.2600227579663742, 'reg_alpha': 0.4437829457835838, 'reg_lambda': 0.6127892003557072}
2025-01-11 17:51:05 - INFO - === Entrenando Pipeline Final con TODO el Training ===
2025-01-11 17:51:05 - INFO - Columnas extra eliminadas: ['future_close', 'change_pct']
2025-01-11 17:51:05 - WARNING - Estas columnas están 100% NaN y se eliminarán antes de imputar: ['VWAP', 'ATR']
2025-01-11 17:51:05 - INFO - Dataset preparado: 2870 filas, 21 features (después de imputación).
2025-01-11 17:51:05 - INFO - Balance de clases tras SMOTETomek:
target
0.0    1491
1.0    1491
Name: count, dtype: int64
2025-01-11 17:51:06 - INFO - Pipeline final entrenado con TODOS los datos de entrenamiento.
2025-01-11 17:51:06 - INFO - Pipeline completo guardado en: ./results/XGBoost_Binario_trained_pipeline.joblib
2025-01-11 17:51:06 - INFO - Parámetros guardados en: ./results/XGBoost_Binario_model_params.txt
2025-01-11 17:51:06 - INFO - Lista de features guardada en: ./results/XGBoost_Binario_feature_cols.txt
2025-01-11 17:51:06 - INFO - Columnas de indicadores existentes eliminadas: ['RSI', 'MACD', 'MACDs', 'MACDh', 'VWAP', 'OBV', 'BBL', 'BBM', 'BBU', 'ATR', 'STOCHk', 'STOCHd', 'CCI', 'SMA_10', 'SMA_50', 'SMA_200', 'EMA_10', 'EMA_50']
2025-01-11 17:51:06 - INFO - Indicadores técnicos agregados. Filas antes: 1546, después: 1347 (descartadas: 199)
2025-01-11 17:51:06 - INFO - Columnas renombradas: {'RSI_14': 'RSI', 'MACD_12_26_9': 'MACD', 'MACDs_12_26_9': 'MACDs', 'MACDh_12_26_9': 'MACDh', 'VWAP': 'VWAP', 'BBL_20_2.0': 'BBL', 'BBM_20_2.0': 'BBM', 'BBU_20_2.0': 'BBU', 'ATR_14': 'ATR', 'STOCHk_14_3_3': 'STOCHk', 'STOCHd_14_3_3': 'STOCHd', 'CCI_14_0.015': 'CCI', 'SMA_10': 'SMA_10', 'SMA_50': 'SMA_50', 'SMA_200': 'SMA_200', 'EMA_10': 'EMA_10', 'EMA_50': 'EMA_50'}
2025-01-11 17:51:06 - WARNING - Columna faltante 'VWAP' añadida con NaN.
2025-01-11 17:51:06 - WARNING - Columna faltante 'ATR' añadida con NaN.
2025-01-11 17:51:06 - INFO - Target binario con look_ahead=12, min_change=0.043
2025-01-11 17:51:06 - INFO - Distribución de clases (0=Vender, 1=Comprar):
target
1.0    478
0.0    462
Name: count, dtype: int64
2025-01-11 17:51:06 - INFO - Muestra de datos con target:
                        close  future_close  change_pct  target
open_time                                                      
2022-02-24 19:15:00  36626.21      41401.80    0.130387     1.0
2021-03-17 16:30:00  55332.85      58144.76    0.050818     1.0
2023-03-13 11:15:00  22056.77      24227.10    0.098397     1.0
2024-02-28 17:00:00  63690.12      68481.10    0.075223     1.0
2021-05-12 21:30:00  54543.15      47000.02   -0.138297     0.0
2021-01-11 19:30:00  32163.94      35582.59    0.106288     1.0
2021-10-06 11:45:00  51306.56      67707.24    0.319660     1.0
2021-04-25 23:15:00  49056.55      54543.15    0.111842     1.0
2021-05-12 22:15:00  52748.44      46913.24   -0.110623     0.0
2023-10-23 19:30:00  31254.87      33064.41    0.057896     1.0
2025-01-11 17:51:06 - INFO - Columnas extra eliminadas: ['change_pct', 'future_close']
2025-01-11 17:51:06 - WARNING - Estas columnas están 100% NaN y se eliminarán antes de imputar: ['VWAP', 'ATR']
2025-01-11 17:51:06 - INFO - Dataset preparado: 940 filas, 21 features (después de imputación).
2025-01-11 17:51:06 - INFO - === Evaluación en Test ===
2025-01-11 17:51:06 - INFO - Matriz de confusión [0=Vender, 1=Comprar]:
[[317 145]
 [327 151]]
2025-01-11 17:51:06 - INFO - Reporte de Clasificación:
              precision    recall  f1-score   support

      Vender       0.49      0.69      0.57       462
     Comprar       0.51      0.32      0.39       478

    accuracy                           0.50       940
   macro avg       0.50      0.50      0.48       940
weighted avg       0.50      0.50      0.48       940

2025-01-11 17:51:06 - INFO - Precision: 0.5101
2025-01-11 17:51:06 - INFO - F1-score: 0.3902
2025-01-11 17:51:06 - INFO - Recall: 0.3159
2025-01-11 17:51:06 - INFO - Balanced Accuracy: 0.5010
2025-01-11 17:51:06 - INFO - MCC: 0.0022
2025-01-11 17:51:06 - INFO - AUC: 0.4723
2025-01-11 17:51:07 - INFO - Precision final en Test: 0.5101
2025-01-11 17:51:07 - INFO - Importancia de características guardada en ./results/feature_importances_binary.csv.
2025-01-11 17:51:08 - INFO - Gráfico de importancia de características guardado.
2025-01-11 17:51:09 - INFO - Calculando valores SHAP...
2025-01-11 17:51:11 - INFO - SHAP analysis completado y guardado.
2025-01-11 17:51:11 - INFO - Señales generadas con umbral=0.65
2025-01-11 17:51:11 - INFO - Señales filtradas por tendencia.
2025-01-11 17:51:11 - INFO - Señales guardadas en: ./results/signals_binary.csv
2025-01-11 17:51:11 - INFO - === Proceso Completado con Éxito ===
