2025-01-20 23:17:14 - INFO - Datos cargados desde ML/data/processed/BTCUSDT_15m_processed.csv, filas: 257756
2025-01-20 23:17:14 - INFO - Columnas de indicadores existentes eliminadas: ['RSI', 'MACD', 'MACDs', 'MACDh', 'OBV', 'BBL', 'BBM', 'BBU', 'SMA_10', 'SMA_50', 'EMA_10', 'EMA_50']
2025-01-20 23:17:14 - INFO - Indicadores técnicos agregados. Filas antes: 257756, después: 257557 (descartadas: 199)
2025-01-20 23:17:14 - INFO - Columnas renombradas: {'RSI_14': 'RSI', 'MACD_12_26_9': 'MACD', 'MACDs_12_26_9': 'MACDs', 'MACDh_12_26_9': 'MACDh', 'BBL_20_2.0': 'BBL', 'BBM_20_2.0': 'BBM', 'BBU_20_2.0': 'BBU', 'STOCHk_14_3_3': 'STOCHk', 'STOCHd_14_3_3': 'STOCHd', 'CCI_14_0.015': 'CCI', 'SMA_10': 'SMA_10', 'SMA_50': 'SMA_50', 'SMA_200': 'SMA_200', 'EMA_10': 'EMA_10', 'EMA_50': 'EMA_50'}
2025-01-20 23:17:14 - INFO - Target binario con look_ahead=4, min_change=0.032
2025-01-20 23:17:14 - INFO - Distribución de clases (0=Vender, 1=Comprar):
target
0.0    1330
1.0    1188
Name: count, dtype: int64
2025-01-20 23:17:14 - INFO - Muestra de datos con target:
                        close  future_close  change_pct  target
open_time                                                      
2021-01-13 02:15:00  32801.81      33919.37    0.034070     1.0
2019-06-22 00:15:00   9996.67      10323.63    0.032707     1.0
2023-06-14 19:45:00  25874.59      24934.21   -0.036344     0.0
2018-02-14 11:15:00   8785.00       9153.45    0.041941     1.0
2021-02-08 12:00:00  39196.36      42513.54    0.084630     1.0
2017-11-29 18:30:00  10180.00       9330.80   -0.083418     0.0
2021-02-23 18:30:00  47507.11      45668.94   -0.038693     0.0
2022-06-15 11:00:00  20619.17      21362.83    0.036066     1.0
2017-12-19 09:30:00  18324.16      16569.95   -0.095732     0.0
2017-09-11 03:45:00   4312.05       4169.02   -0.033170     0.0
2025-01-20 23:17:14 - INFO - División de datos en Train/Test completada.
2025-01-20 23:17:14 - INFO - === Búsqueda de hiperparámetros (Optuna) en muestra de Training ===
2025-01-20 23:17:14 - INFO - No se han identificado características categóricas.
2025-01-20 23:17:14 - INFO - Columnas extra eliminadas: ['future_close', 'change_pct']
2025-01-20 23:17:14 - INFO - Dataset preparado: 1585 filas, 21 features (después de imputación).
2025-01-20 23:17:14 - INFO - Iniciando optimización en Optuna (precisión clase=1)...
2025-01-20 23:17:14 - INFO - Balance de clases tras SMOTETomek:
target
0.0    645
1.0    645
Name: count, dtype: int64
2025-01-20 23:17:14 - INFO - Balance de clases tras SMOTETomek:
target
0.0    645
1.0    645
Name: count, dtype: int64
2025-01-20 23:17:15 - INFO - Balance de clases tras SMOTETomek:
target
1.0    649
0.0    649
Name: count, dtype: int64
2025-01-20 23:17:15 - INFO - Balance de clases tras SMOTETomek:
target
1.0    649
0.0    649
Name: count, dtype: int64
2025-01-20 23:17:16 - INFO - Balance de clases tras SMOTETomek:
target
1.0    652
0.0    652
Name: count, dtype: int64
2025-01-20 23:17:16 - INFO - Balance de clases tras SMOTETomek:
target
1.0    652
0.0    652
Name: count, dtype: int64
2025-01-20 23:17:16 - INFO - Balance de clases tras SMOTETomek:
target
1.0    644
0.0    644
Name: count, dtype: int64
2025-01-20 23:17:17 - INFO - Balance de clases tras SMOTETomek:
target
1.0    654
0.0    654
Name: count, dtype: int64
2025-01-20 23:17:17 - INFO - Balance de clases tras SMOTETomek:
target
1.0    644
0.0    644
Name: count, dtype: int64
2025-01-20 23:17:18 - INFO - Balance de clases tras SMOTETomek:
target
0.0    645
1.0    645
Name: count, dtype: int64
2025-01-20 23:17:18 - INFO - Balance de clases tras SMOTETomek:
target
1.0    649
0.0    649
Name: count, dtype: int64
2025-01-20 23:17:18 - INFO - Balance de clases tras SMOTETomek:
target
1.0    654
0.0    654
Name: count, dtype: int64
2025-01-20 23:17:19 - INFO - Balance de clases tras SMOTETomek:
target
1.0    652
0.0    652
Name: count, dtype: int64
2025-01-20 23:17:19 - INFO - Balance de clases tras SMOTETomek:
target
1.0    644
0.0    644
Name: count, dtype: int64
2025-01-20 23:17:20 - INFO - Balance de clases tras SMOTETomek:
target
0.0    645
1.0    645
Name: count, dtype: int64
2025-01-20 23:17:20 - INFO - Balance de clases tras SMOTETomek:
target
1.0    654
0.0    654
Name: count, dtype: int64
2025-01-20 23:17:20 - INFO - Balance de clases tras SMOTETomek:
target
0.0    645
1.0    645
Name: count, dtype: int64
2025-01-20 23:17:20 - INFO - Balance de clases tras SMOTETomek:
target
1.0    649
0.0    649
Name: count, dtype: int64
2025-01-20 23:17:21 - INFO - Balance de clases tras SMOTETomek:
target
1.0    652
0.0    652
Name: count, dtype: int64
2025-01-20 23:17:21 - INFO - Balance de clases tras SMOTETomek:
target
1.0    644
0.0    644
Name: count, dtype: int64
2025-01-20 23:17:22 - INFO - Balance de clases tras SMOTETomek:
target
1.0    654
0.0    654
Name: count, dtype: int64
2025-01-20 23:17:22 - INFO - Balance de clases tras SMOTETomek:
target
0.0    645
1.0    645
Name: count, dtype: int64
2025-01-20 23:17:23 - INFO - Balance de clases tras SMOTETomek:
target
1.0    649
0.0    649
Name: count, dtype: int64
2025-01-20 23:17:23 - INFO - Balance de clases tras SMOTETomek:
target
1.0    649
0.0    649
Name: count, dtype: int64
2025-01-20 23:17:24 - INFO - Balance de clases tras SMOTETomek:
target
1.0    652
0.0    652
Name: count, dtype: int64
2025-01-20 23:17:25 - INFO - Balance de clases tras SMOTETomek:
target
1.0    652
0.0    652
Name: count, dtype: int64
2025-01-20 23:17:25 - INFO - Balance de clases tras SMOTETomek:
target
1.0    644
0.0    644
Name: count, dtype: int64
2025-01-20 23:17:26 - INFO - Balance de clases tras SMOTETomek:
target
1.0    654
0.0    654
Name: count, dtype: int64
2025-01-20 23:17:27 - INFO - Balance de clases tras SMOTETomek:
target
1.0    644
0.0    644
Name: count, dtype: int64
2025-01-20 23:17:27 - INFO - Balance de clases tras SMOTETomek:
target
0.0    645
1.0    645
Name: count, dtype: int64
2025-01-20 23:17:30 - INFO - Balance de clases tras SMOTETomek:
target
1.0    654
0.0    654
Name: count, dtype: int64
2025-01-20 23:17:30 - INFO - Balance de clases tras SMOTETomek:
target
1.0    649
0.0    649
Name: count, dtype: int64
2025-01-20 23:17:33 - INFO - Balance de clases tras SMOTETomek:
target
0.0    645
1.0    645
Name: count, dtype: int64
2025-01-20 23:17:33 - INFO - Balance de clases tras SMOTETomek:
target
1.0    652
0.0    652
Name: count, dtype: int64
2025-01-20 23:17:34 - INFO - Balance de clases tras SMOTETomek:
target
1.0    649
0.0    649
Name: count, dtype: int64
2025-01-20 23:17:35 - INFO - Balance de clases tras SMOTETomek:
target
1.0    652
0.0    652
Name: count, dtype: int64
2025-01-20 23:17:36 - INFO - Balance de clases tras SMOTETomek:
target
1.0    644
0.0    644
Name: count, dtype: int64
2025-01-20 23:17:36 - INFO - Balance de clases tras SMOTETomek:
target
1.0    644
0.0    644
Name: count, dtype: int64
2025-01-20 23:17:38 - INFO - Balance de clases tras SMOTETomek:
target
1.0    654
0.0    654
Name: count, dtype: int64
2025-01-20 23:17:39 - INFO - Balance de clases tras SMOTETomek:
target
0.0    645
1.0    645
Name: count, dtype: int64
2025-01-20 23:17:39 - INFO - Balance de clases tras SMOTETomek:
target
1.0    654
0.0    654
Name: count, dtype: int64
2025-01-20 23:17:40 - INFO - Balance de clases tras SMOTETomek:
target
1.0    649
0.0    649
Name: count, dtype: int64
2025-01-20 23:17:41 - INFO - Balance de clases tras SMOTETomek:
target
1.0    652
0.0    652
Name: count, dtype: int64
2025-01-20 23:17:42 - INFO - Balance de clases tras SMOTETomek:
target
0.0    645
1.0    645
Name: count, dtype: int64
2025-01-20 23:17:43 - INFO - Balance de clases tras SMOTETomek:
target
1.0    644
0.0    644
Name: count, dtype: int64
2025-01-20 23:17:44 - INFO - Balance de clases tras SMOTETomek:
target
1.0    649
0.0    649
Name: count, dtype: int64
2025-01-20 23:17:44 - INFO - Balance de clases tras SMOTETomek:
target
1.0    654
0.0    654
Name: count, dtype: int64
2025-01-20 23:17:45 - INFO - Balance de clases tras SMOTETomek:
target
1.0    652
0.0    652
Name: count, dtype: int64
2025-01-20 23:17:46 - INFO - Balance de clases tras SMOTETomek:
target
0.0    645
1.0    645
Name: count, dtype: int64
2025-01-20 23:17:46 - INFO - Balance de clases tras SMOTETomek:
target
1.0    649
0.0    649
Name: count, dtype: int64
2025-01-20 23:17:47 - INFO - Balance de clases tras SMOTETomek:
target
1.0    644
0.0    644
Name: count, dtype: int64
2025-01-20 23:17:47 - INFO - Balance de clases tras SMOTETomek:
target
1.0    652
0.0    652
Name: count, dtype: int64
2025-01-20 23:17:48 - INFO - Balance de clases tras SMOTETomek:
target
1.0    644
0.0    644
Name: count, dtype: int64
2025-01-20 23:17:48 - INFO - Balance de clases tras SMOTETomek:
target
1.0    654
0.0    654
Name: count, dtype: int64
2025-01-20 23:17:48 - INFO - Balance de clases tras SMOTETomek:
target
1.0    654
0.0    654
Name: count, dtype: int64
2025-01-20 23:17:50 - INFO - Balance de clases tras SMOTETomek:
target
0.0    645
1.0    645
Name: count, dtype: int64
2025-01-20 23:17:50 - INFO - Balance de clases tras SMOTETomek:
target
0.0    645
1.0    645
Name: count, dtype: int64
2025-01-20 23:17:52 - INFO - Balance de clases tras SMOTETomek:
target
1.0    649
0.0    649
Name: count, dtype: int64
2025-01-20 23:17:52 - INFO - Balance de clases tras SMOTETomek:
target
1.0    649
0.0    649
Name: count, dtype: int64
2025-01-20 23:17:54 - INFO - Balance de clases tras SMOTETomek:
target
1.0    652
0.0    652
Name: count, dtype: int64
2025-01-20 23:17:54 - INFO - Balance de clases tras SMOTETomek:
target
1.0    652
0.0    652
Name: count, dtype: int64
2025-01-20 23:17:56 - INFO - Balance de clases tras SMOTETomek:
target
1.0    644
0.0    644
Name: count, dtype: int64
2025-01-20 23:17:56 - INFO - Balance de clases tras SMOTETomek:
target
1.0    644
0.0    644
Name: count, dtype: int64
2025-01-20 23:17:57 - INFO - Balance de clases tras SMOTETomek:
target
1.0    654
0.0    654
Name: count, dtype: int64
2025-01-20 23:17:58 - INFO - Balance de clases tras SMOTETomek:
target
1.0    654
0.0    654
Name: count, dtype: int64
2025-01-20 23:17:59 - INFO - Balance de clases tras SMOTETomek:
target
0.0    645
1.0    645
Name: count, dtype: int64
2025-01-20 23:18:00 - INFO - Balance de clases tras SMOTETomek:
target
0.0    645
1.0    645
Name: count, dtype: int64
2025-01-20 23:18:01 - INFO - Balance de clases tras SMOTETomek:
target
1.0    649
0.0    649
Name: count, dtype: int64
2025-01-20 23:18:02 - INFO - Balance de clases tras SMOTETomek:
target
1.0    649
0.0    649
Name: count, dtype: int64
2025-01-20 23:18:03 - INFO - Balance de clases tras SMOTETomek:
target
1.0    652
0.0    652
Name: count, dtype: int64
2025-01-20 23:18:05 - INFO - Balance de clases tras SMOTETomek:
target
1.0    652
0.0    652
Name: count, dtype: int64
2025-01-20 23:18:05 - INFO - Balance de clases tras SMOTETomek:
target
1.0    644
0.0    644
Name: count, dtype: int64
2025-01-20 23:18:07 - INFO - Balance de clases tras SMOTETomek:
target
1.0    644
0.0    644
Name: count, dtype: int64
2025-01-20 23:18:07 - INFO - Balance de clases tras SMOTETomek:
target
1.0    654
0.0    654
Name: count, dtype: int64
2025-01-20 23:18:09 - INFO - Balance de clases tras SMOTETomek:
target
0.0    645
1.0    645
Name: count, dtype: int64
2025-01-20 23:18:10 - INFO - Balance de clases tras SMOTETomek:
target
1.0    654
0.0    654
Name: count, dtype: int64
2025-01-20 23:18:11 - INFO - Balance de clases tras SMOTETomek:
target
1.0    649
0.0    649
Name: count, dtype: int64
2025-01-20 23:18:12 - INFO - Balance de clases tras SMOTETomek:
target
0.0    645
1.0    645
Name: count, dtype: int64
2025-01-20 23:18:13 - INFO - Balance de clases tras SMOTETomek:
target
1.0    649
0.0    649
Name: count, dtype: int64
2025-01-20 23:18:13 - INFO - Balance de clases tras SMOTETomek:
target
1.0    652
0.0    652
Name: count, dtype: int64
2025-01-20 23:18:14 - INFO - Balance de clases tras SMOTETomek:
target
1.0    652
0.0    652
Name: count, dtype: int64
2025-01-20 23:18:15 - INFO - Balance de clases tras SMOTETomek:
target
1.0    644
0.0    644
Name: count, dtype: int64
2025-01-20 23:18:15 - INFO - Balance de clases tras SMOTETomek:
target
1.0    644
0.0    644
Name: count, dtype: int64
2025-01-20 23:18:16 - INFO - Balance de clases tras SMOTETomek:
target
1.0    654
0.0    654
Name: count, dtype: int64
2025-01-20 23:18:17 - INFO - Balance de clases tras SMOTETomek:
target
1.0    654
0.0    654
Name: count, dtype: int64
2025-01-20 23:18:18 - INFO - Balance de clases tras SMOTETomek:
target
0.0    645
1.0    645
Name: count, dtype: int64
2025-01-20 23:18:18 - INFO - Balance de clases tras SMOTETomek:
target
1.0    649
0.0    649
Name: count, dtype: int64
2025-01-20 23:18:19 - INFO - Balance de clases tras SMOTETomek:
target
0.0    645
1.0    645
Name: count, dtype: int64
2025-01-20 23:18:19 - INFO - Balance de clases tras SMOTETomek:
target
1.0    652
0.0    652
Name: count, dtype: int64
2025-01-20 23:18:20 - INFO - Balance de clases tras SMOTETomek:
target
1.0    649
0.0    649
Name: count, dtype: int64
2025-01-20 23:18:20 - INFO - Balance de clases tras SMOTETomek:
target
1.0    644
0.0    644
Name: count, dtype: int64
2025-01-20 23:18:20 - INFO - Balance de clases tras SMOTETomek:
target
1.0    652
0.0    652
Name: count, dtype: int64
2025-01-20 23:18:21 - INFO - Balance de clases tras SMOTETomek:
target
1.0    654
0.0    654
Name: count, dtype: int64
2025-01-20 23:18:21 - INFO - Balance de clases tras SMOTETomek:
target
1.0    644
0.0    644
Name: count, dtype: int64
2025-01-20 23:18:21 - INFO - Balance de clases tras SMOTETomek:
target
0.0    645
1.0    645
Name: count, dtype: int64
2025-01-20 23:18:22 - INFO - Balance de clases tras SMOTETomek:
target
1.0    654
0.0    654
Name: count, dtype: int64
2025-01-20 23:18:23 - INFO - Balance de clases tras SMOTETomek:
target
0.0    645
1.0    645
Name: count, dtype: int64
2025-01-20 23:18:23 - INFO - Balance de clases tras SMOTETomek:
target
1.0    649
0.0    649
Name: count, dtype: int64
2025-01-20 23:18:24 - INFO - Balance de clases tras SMOTETomek:
target
1.0    649
0.0    649
Name: count, dtype: int64
2025-01-20 23:18:24 - INFO - Balance de clases tras SMOTETomek:
target
1.0    652
0.0    652
Name: count, dtype: int64
2025-01-20 23:18:26 - INFO - Balance de clases tras SMOTETomek:
target
1.0    644
0.0    644
Name: count, dtype: int64
2025-01-20 23:18:26 - INFO - Balance de clases tras SMOTETomek:
target
1.0    652
0.0    652
Name: count, dtype: int64
2025-01-20 23:18:27 - INFO - Balance de clases tras SMOTETomek:
target
1.0    654
0.0    654
Name: count, dtype: int64
2025-01-20 23:18:27 - INFO - Balance de clases tras SMOTETomek:
target
1.0    644
0.0    644
Name: count, dtype: int64
2025-01-20 23:18:29 - INFO - Balance de clases tras SMOTETomek:
target
0.0    645
1.0    645
Name: count, dtype: int64
2025-01-20 23:18:29 - INFO - Balance de clases tras SMOTETomek:
target
1.0    654
0.0    654
Name: count, dtype: int64
2025-01-20 23:18:30 - INFO - Balance de clases tras SMOTETomek:
target
0.0    645
1.0    645
Name: count, dtype: int64
2025-01-20 23:18:30 - INFO - Balance de clases tras SMOTETomek:
target
1.0    649
0.0    649
Name: count, dtype: int64
2025-01-20 23:18:32 - INFO - Balance de clases tras SMOTETomek:
target
1.0    652
0.0    652
Name: count, dtype: int64
2025-01-20 23:18:32 - INFO - Balance de clases tras SMOTETomek:
target
1.0    649
0.0    649
Name: count, dtype: int64
2025-01-20 23:18:33 - INFO - Balance de clases tras SMOTETomek:
target
1.0    644
0.0    644
Name: count, dtype: int64
2025-01-20 23:18:34 - INFO - Balance de clases tras SMOTETomek:
target
1.0    652
0.0    652
Name: count, dtype: int64
2025-01-20 23:18:35 - INFO - Balance de clases tras SMOTETomek:
target
1.0    654
0.0    654
Name: count, dtype: int64
2025-01-20 23:18:36 - INFO - Balance de clases tras SMOTETomek:
target
1.0    644
0.0    644
Name: count, dtype: int64
2025-01-20 23:18:37 - INFO - Balance de clases tras SMOTETomek:
target
0.0    645
1.0    645
Name: count, dtype: int64
2025-01-20 23:18:38 - INFO - Balance de clases tras SMOTETomek:
target
1.0    654
0.0    654
Name: count, dtype: int64
2025-01-20 23:18:39 - INFO - Balance de clases tras SMOTETomek:
target
1.0    649
0.0    649
Name: count, dtype: int64
2025-01-20 23:18:40 - INFO - Balance de clases tras SMOTETomek:
target
0.0    645
1.0    645
Name: count, dtype: int64
2025-01-20 23:18:41 - INFO - Balance de clases tras SMOTETomek:
target
1.0    652
0.0    652
Name: count, dtype: int64
2025-01-20 23:18:42 - INFO - Balance de clases tras SMOTETomek:
target
1.0    649
0.0    649
Name: count, dtype: int64
2025-01-20 23:18:43 - INFO - Balance de clases tras SMOTETomek:
target
1.0    644
0.0    644
Name: count, dtype: int64
2025-01-20 23:18:44 - INFO - Balance de clases tras SMOTETomek:
target
1.0    652
0.0    652
Name: count, dtype: int64
2025-01-20 23:18:45 - INFO - Balance de clases tras SMOTETomek:
target
1.0    654
0.0    654
Name: count, dtype: int64
2025-01-20 23:18:46 - INFO - Balance de clases tras SMOTETomek:
target
1.0    644
0.0    644
Name: count, dtype: int64
2025-01-20 23:18:47 - INFO - Balance de clases tras SMOTETomek:
target
0.0    645
1.0    645
Name: count, dtype: int64
2025-01-20 23:18:48 - INFO - Balance de clases tras SMOTETomek:
target
1.0    654
0.0    654
Name: count, dtype: int64
2025-01-20 23:18:49 - INFO - Balance de clases tras SMOTETomek:
target
1.0    649
0.0    649
Name: count, dtype: int64
2025-01-20 23:18:50 - INFO - Balance de clases tras SMOTETomek:
target
1.0    652
0.0    652
Name: count, dtype: int64
2025-01-20 23:18:50 - INFO - Balance de clases tras SMOTETomek:
target
0.0    645
1.0    645
Name: count, dtype: int64
2025-01-20 23:18:52 - INFO - Balance de clases tras SMOTETomek:
target
1.0    644
0.0    644
Name: count, dtype: int64
2025-01-20 23:18:52 - INFO - Balance de clases tras SMOTETomek:
target
1.0    649
0.0    649
Name: count, dtype: int64
2025-01-20 23:18:54 - INFO - Balance de clases tras SMOTETomek:
target
1.0    654
0.0    654
Name: count, dtype: int64
2025-01-20 23:18:54 - INFO - Balance de clases tras SMOTETomek:
target
1.0    652
0.0    652
Name: count, dtype: int64
2025-01-20 23:18:55 - INFO - Balance de clases tras SMOTETomek:
target
0.0    645
1.0    645
Name: count, dtype: int64
2025-01-20 23:18:56 - INFO - Balance de clases tras SMOTETomek:
target
1.0    644
0.0    644
Name: count, dtype: int64
2025-01-20 23:18:57 - INFO - Balance de clases tras SMOTETomek:
target
1.0    649
0.0    649
Name: count, dtype: int64
2025-01-20 23:18:57 - INFO - Balance de clases tras SMOTETomek:
target
1.0    654
0.0    654
Name: count, dtype: int64
2025-01-20 23:18:58 - INFO - Balance de clases tras SMOTETomek:
target
1.0    652
0.0    652
Name: count, dtype: int64
2025-01-20 23:18:59 - INFO - Balance de clases tras SMOTETomek:
target
0.0    645
1.0    645
Name: count, dtype: int64
2025-01-20 23:19:00 - INFO - Balance de clases tras SMOTETomek:
target
1.0    644
0.0    644
Name: count, dtype: int64
2025-01-20 23:19:00 - INFO - Balance de clases tras SMOTETomek:
target
1.0    649
0.0    649
Name: count, dtype: int64
2025-01-20 23:19:01 - INFO - Balance de clases tras SMOTETomek:
target
1.0    652
0.0    652
Name: count, dtype: int64
2025-01-20 23:19:01 - INFO - Balance de clases tras SMOTETomek:
target
1.0    654
0.0    654
Name: count, dtype: int64
2025-01-20 23:19:02 - INFO - Balance de clases tras SMOTETomek:
target
1.0    644
0.0    644
Name: count, dtype: int64
2025-01-20 23:19:03 - INFO - Balance de clases tras SMOTETomek:
target
0.0    645
1.0    645
Name: count, dtype: int64
2025-01-20 23:19:04 - INFO - Balance de clases tras SMOTETomek:
target
1.0    654
0.0    654
Name: count, dtype: int64
2025-01-20 23:19:04 - INFO - Balance de clases tras SMOTETomek:
target
1.0    649
0.0    649
Name: count, dtype: int64
2025-01-20 23:19:05 - INFO - Balance de clases tras SMOTETomek:
target
0.0    645
1.0    645
Name: count, dtype: int64
2025-01-20 23:19:05 - INFO - Balance de clases tras SMOTETomek:
target
1.0    652
0.0    652
Name: count, dtype: int64
2025-01-20 23:19:06 - INFO - Balance de clases tras SMOTETomek:
target
1.0    649
0.0    649
Name: count, dtype: int64
2025-01-20 23:19:06 - INFO - Balance de clases tras SMOTETomek:
target
1.0    644
0.0    644
Name: count, dtype: int64
2025-01-20 23:19:07 - INFO - Balance de clases tras SMOTETomek:
target
1.0    652
0.0    652
Name: count, dtype: int64
2025-01-20 23:19:07 - INFO - Balance de clases tras SMOTETomek:
target
1.0    654
0.0    654
Name: count, dtype: int64
2025-01-20 23:19:07 - INFO - Balance de clases tras SMOTETomek:
target
1.0    644
0.0    644
Name: count, dtype: int64
2025-01-20 23:19:08 - INFO - Balance de clases tras SMOTETomek:
target
0.0    645
1.0    645
Name: count, dtype: int64
2025-01-20 23:19:08 - INFO - Balance de clases tras SMOTETomek:
target
1.0    654
0.0    654
Name: count, dtype: int64
2025-01-20 23:19:09 - INFO - Balance de clases tras SMOTETomek:
target
1.0    649
0.0    649
Name: count, dtype: int64
2025-01-20 23:19:09 - INFO - Balance de clases tras SMOTETomek:
target
0.0    645
1.0    645
Name: count, dtype: int64
2025-01-20 23:19:10 - INFO - Balance de clases tras SMOTETomek:
target
1.0    652
0.0    652
Name: count, dtype: int64
2025-01-20 23:19:11 - INFO - Balance de clases tras SMOTETomek:
target
1.0    649
0.0    649
Name: count, dtype: int64
2025-01-20 23:19:11 - INFO - Balance de clases tras SMOTETomek:
target
1.0    644
0.0    644
Name: count, dtype: int64
2025-01-20 23:19:12 - INFO - Balance de clases tras SMOTETomek:
target
1.0    652
0.0    652
Name: count, dtype: int64
2025-01-20 23:19:12 - INFO - Balance de clases tras SMOTETomek:
target
1.0    654
0.0    654
Name: count, dtype: int64
2025-01-20 23:19:13 - INFO - Balance de clases tras SMOTETomek:
target
1.0    644
0.0    644
Name: count, dtype: int64
2025-01-20 23:19:13 - INFO - Balance de clases tras SMOTETomek:
target
0.0    645
1.0    645
Name: count, dtype: int64
2025-01-20 23:19:14 - INFO - Balance de clases tras SMOTETomek:
target
1.0    654
0.0    654
Name: count, dtype: int64
2025-01-20 23:19:15 - INFO - Balance de clases tras SMOTETomek:
target
1.0    649
0.0    649
Name: count, dtype: int64
2025-01-20 23:19:16 - INFO - Balance de clases tras SMOTETomek:
target
0.0    645
1.0    645
Name: count, dtype: int64
2025-01-20 23:19:16 - INFO - Balance de clases tras SMOTETomek:
target
1.0    652
0.0    652
Name: count, dtype: int64
2025-01-20 23:19:18 - INFO - Balance de clases tras SMOTETomek:
target
1.0    649
0.0    649
Name: count, dtype: int64
2025-01-20 23:19:18 - INFO - Balance de clases tras SMOTETomek:
target
1.0    644
0.0    644
Name: count, dtype: int64
2025-01-20 23:19:20 - INFO - Balance de clases tras SMOTETomek:
target
1.0    652
0.0    652
Name: count, dtype: int64
2025-01-20 23:19:21 - INFO - Balance de clases tras SMOTETomek:
target
1.0    654
0.0    654
Name: count, dtype: int64
2025-01-20 23:19:22 - INFO - Balance de clases tras SMOTETomek:
target
1.0    644
0.0    644
Name: count, dtype: int64
2025-01-20 23:19:24 - INFO - Balance de clases tras SMOTETomek:
target
1.0    654
0.0    654
Name: count, dtype: int64
