2025-01-02 23:36:52 - INFO - Datos cargados desde ML/data/processed/BTCUSDT_15m_processed.csv, filas: 251947
2025-01-02 23:36:52 - INFO - Columnas de indicadores técnicos existentes eliminadas: ['OBV']
2025-01-02 23:36:53 - INFO - Indicadores técnicos agregados al DataFrame. Filas antes: 251947, después: 251898
2025-01-02 23:36:53 - INFO - Columnas después de agregar indicadores técnicos: ['open', 'high', 'low', 'close', 'volume', 'close_time', 'quote_asset_volume', 'number_of_trades', 'taker_buy_base_asset_volume', 'taker_buy_quote_asset_volume', 'ignore', 'RSI_14', 'MACD_12_26_9', 'MACDh_12_26_9', 'MACDs_12_26_9', 'SMA_10', 'SMA_50', 'EMA_10', 'EMA_50', 'VWAP_D', 'BBL_20_2.0', 'BBM_20_2.0', 'BBU_20_2.0', 'BBB_20_2.0', 'BBP_20_2.0', 'ATRr_14', 'STOCHk_14_3_3', 'STOCHd_14_3_3', 'CCI_14_0.015', 'hour_of_day', 'day_of_week', 'is_weekend', 'RSI_14_', 'MACD_12_26_9_', 'MACDh_12_26_9_', 'MACDs_12_26_9_', 'SMA_10_', 'SMA_50_', 'EMA_10_', 'EMA_50_', 'VWAP_D_', 'OBV_', 'BBL_20_2.0_', 'BBM_20_2.0_', 'BBU_20_2.0_', 'BBB_20_2.0_', 'BBP_20_2.0_', 'ATRr_14_', 'STOCHk_14_3_3_', 'STOCHd_14_3_3_', 'CCI_14_0.015_']
2025-01-02 23:36:53 - INFO - Columnas renombradas: {'RSI_14': 'RSI', 'RSI_14_': 'RSI_', 'MACD_12_26_9': 'MACD', 'MACD_12_26_9_': 'MACD_', 'MACDh_12_26_9': 'MACDh', 'MACDh_12_26_9_': 'MACDh_', 'MACDs_12_26_9': 'MACDs', 'MACDs_12_26_9_': 'MACDs_', 'VWAP_D': 'VWAP', 'VWAP_D_': 'VWAP_', 'BBL_20_2.0': 'BBL', 'BBL_20_2.0_': 'BBL_', 'BBM_20_2.0': 'BBM', 'BBM_20_2.0_': 'BBM_', 'BBU_20_2.0': 'BBU', 'BBU_20_2.0_': 'BBU_', 'ATRr_14': 'ATR', 'ATRr_14_': 'ATR_', 'STOCHk_14_3_3': 'STOCHk', 'STOCHk_14_3_3_': 'STOCHk_', 'STOCHd_14_3_3': 'STOCHd', 'STOCHd_14_3_3_': 'STOCHd_', 'CCI_14_0.015': 'CCI', 'CCI_14_0.015_': 'CCI_'}
2025-01-02 23:36:53 - INFO - Columnas duplicadas eliminadas: ['RSI_', 'MACD_', 'MACDh_', 'MACDs_', 'SMA_10_', 'SMA_50_', 'EMA_10_', 'EMA_50_', 'VWAP_', 'OBV_', 'BBL_', 'BBM_', 'BBU_', 'BBB_20_2.0_', 'BBP_20_2.0_', 'ATR_', 'STOCHk_', 'STOCHd_', 'CCI_']
2025-01-02 23:36:53 - WARNING - La columna 'OBV' no está presente después de agregar indicadores. Añadiendo 'OBV' con valor 0.
2025-01-02 23:36:53 - INFO - Target binario mejorado con look_ahead=52, min_change=0.007, max_change=0.14
2025-01-02 23:36:53 - INFO - Distribución de clases (0/1):
target
0    169537
1     81816
Name: count, dtype: int64
2025-01-02 23:36:53 - INFO - División de datos en train y test completada.
2025-01-02 23:36:53 - INFO - === Buscando hiperparámetros (Optuna) en una muestra del training ===
2025-01-02 23:36:53 - INFO - Características utilizadas: ['open', 'high', 'low', 'close', 'volume', 'hour_of_day', 'day_of_week', 'is_weekend', 'RSI', 'MACD', 'MACDs', 'MACDh', 'SMA_10', 'SMA_50', 'EMA_10', 'EMA_50', 'VWAP', 'OBV', 'BBL', 'BBM', 'BBU', 'ATR', 'STOCHk', 'STOCHd', 'CCI']
2025-01-02 23:36:53 - INFO - No se han identificado características categóricas.
2025-01-02 23:36:53 - INFO - Columnas presentes en el DataFrame: ['open', 'high', 'low', 'close', 'volume', 'close_time', 'quote_asset_volume', 'number_of_trades', 'taker_buy_base_asset_volume', 'taker_buy_quote_asset_volume', 'ignore', 'RSI', 'MACD', 'MACDh', 'MACDs', 'SMA_10', 'SMA_50', 'EMA_10', 'EMA_50', 'VWAP', 'BBL', 'BBM', 'BBU', 'BBB_20_2.0', 'BBP_20_2.0', 'ATR', 'STOCHk', 'STOCHd', 'CCI', 'hour_of_day', 'day_of_week', 'is_weekend', 'OBV', 'future_close', 'change_pct', 'target']
2025-01-02 23:36:53 - INFO - Columnas eliminadas durante la preparación: ['close_time', 'quote_asset_volume', 'number_of_trades', 'taker_buy_base_asset_volume', 'taker_buy_quote_asset_volume', 'ignore', 'BBB_20_2.0', 'BBP_20_2.0', 'future_close', 'change_pct']
2025-01-02 23:36:53 - INFO - Conjunto de datos preparado con 45997 filas y 25 características.
2025-01-02 23:36:53 - INFO - Tipo de y_train_sample: <class 'pandas.core.series.Series'>
2025-01-02 23:36:53 - INFO - Shape de y_train_sample: (45997,)
2025-01-02 23:36:54 - INFO - Después de SMOTE: target
0    4144
1    4144
Name: count, dtype: int64
2025-01-02 23:36:54 - INFO - Después de SMOTE: target
0    4144
1    4144
Name: count, dtype: int64
2025-01-02 23:36:54 - INFO - Después de SMOTE: target
0    8074
1    8074
Name: count, dtype: int64
2025-01-02 23:36:55 - INFO - Después de SMOTE: target
0    8074
1    8074
Name: count, dtype: int64
2025-01-02 23:36:55 - INFO - Después de SMOTE: target
0    12457
1    12457
Name: count, dtype: int64
2025-01-02 23:36:57 - INFO - Después de SMOTE: target
0    17577
1    17577
Name: count, dtype: int64
2025-01-02 23:36:57 - INFO - Después de SMOTE: target
0    12457
1    12457
Name: count, dtype: int64
2025-01-02 23:36:58 - INFO - Después de SMOTE: target
0    22631
1    22631
Name: count, dtype: int64
2025-01-02 23:37:00 - INFO - Después de SMOTE: target
0    17577
1    17577
Name: count, dtype: int64
2025-01-02 23:37:00 - INFO - Después de SMOTE: target
0    4144
1    4144
Name: count, dtype: int64
2025-01-02 23:37:01 - INFO - Después de SMOTE: target
0    8074
1    8074
Name: count, dtype: int64
2025-01-02 23:37:03 - INFO - Después de SMOTE: target
0    22631
1    22631
Name: count, dtype: int64
2025-01-02 23:37:05 - INFO - Después de SMOTE: target
0    12457
1    12457
Name: count, dtype: int64
2025-01-02 23:37:06 - INFO - Después de SMOTE: target
0    4144
1    4144
Name: count, dtype: int64
2025-01-02 23:37:07 - INFO - Después de SMOTE: target
0    8074
1    8074
Name: count, dtype: int64
2025-01-02 23:37:07 - INFO - Después de SMOTE: target
0    17577
1    17577
Name: count, dtype: int64
2025-01-02 23:37:08 - INFO - Después de SMOTE: target
0    12457
1    12457
Name: count, dtype: int64
2025-01-02 23:37:10 - INFO - Después de SMOTE: target
0    22631
1    22631
Name: count, dtype: int64
2025-01-02 23:37:10 - INFO - Después de SMOTE: target
0    17577
1    17577
Name: count, dtype: int64
2025-01-02 23:37:13 - INFO - Después de SMOTE: target
0    22631
1    22631
Name: count, dtype: int64
2025-01-02 23:37:13 - INFO - Después de SMOTE: target
0    4144
1    4144
Name: count, dtype: int64
2025-01-02 23:37:13 - INFO - Después de SMOTE: target
0    8074
1    8074
Name: count, dtype: int64
2025-01-02 23:37:14 - INFO - Después de SMOTE: target
0    12457
1    12457
Name: count, dtype: int64
2025-01-02 23:37:14 - INFO - Después de SMOTE: target
0    4144
1    4144
Name: count, dtype: int64
2025-01-02 23:37:15 - INFO - Después de SMOTE: target
0    17577
1    17577
Name: count, dtype: int64
2025-01-02 23:37:15 - INFO - Después de SMOTE: target
0    8074
1    8074
Name: count, dtype: int64
2025-01-02 23:37:16 - INFO - Después de SMOTE: target
0    12457
1    12457
Name: count, dtype: int64
2025-01-02 23:37:17 - INFO - Después de SMOTE: target
0    22631
1    22631
Name: count, dtype: int64
2025-01-02 23:37:18 - INFO - Después de SMOTE: target
0    4144
1    4144
Name: count, dtype: int64
2025-01-02 23:37:18 - INFO - Después de SMOTE: target
0    17577
1    17577
Name: count, dtype: int64
2025-01-02 23:37:19 - INFO - Después de SMOTE: target
0    8074
1    8074
Name: count, dtype: int64
2025-01-02 23:37:20 - INFO - Después de SMOTE: target
0    22631
1    22631
Name: count, dtype: int64
2025-01-02 23:37:20 - INFO - Después de SMOTE: target
0    12457
1    12457
Name: count, dtype: int64
2025-01-02 23:37:21 - INFO - Después de SMOTE: target
0    4144
1    4144
Name: count, dtype: int64
2025-01-02 23:37:21 - INFO - Después de SMOTE: target
0    17577
1    17577
Name: count, dtype: int64
2025-01-02 23:37:22 - INFO - Después de SMOTE: target
0    8074
1    8074
Name: count, dtype: int64
2025-01-02 23:37:23 - INFO - Después de SMOTE: target
0    22631
1    22631
Name: count, dtype: int64
2025-01-02 23:37:24 - INFO - Después de SMOTE: target
0    12457
1    12457
Name: count, dtype: int64
2025-01-02 23:37:25 - INFO - Después de SMOTE: target
0    4144
1    4144
Name: count, dtype: int64
2025-01-02 23:37:25 - INFO - Después de SMOTE: target
0    17577
1    17577
Name: count, dtype: int64
2025-01-02 23:37:26 - INFO - Después de SMOTE: target
0    8074
1    8074
Name: count, dtype: int64
2025-01-02 23:37:27 - INFO - Después de SMOTE: target
0    12457
1    12457
Name: count, dtype: int64
2025-01-02 23:37:28 - INFO - Después de SMOTE: target
0    22631
1    22631
Name: count, dtype: int64
2025-01-02 23:37:29 - INFO - Después de SMOTE: target
0    17577
1    17577
Name: count, dtype: int64
2025-01-02 23:37:30 - INFO - Después de SMOTE: target
0    4144
1    4144
Name: count, dtype: int64
2025-01-02 23:37:31 - INFO - Después de SMOTE: target
0    22631
1    22631
Name: count, dtype: int64
2025-01-02 23:37:32 - INFO - Después de SMOTE: target
0    8074
1    8074
Name: count, dtype: int64
2025-01-02 23:37:33 - INFO - Después de SMOTE: target
0    4144
1    4144
Name: count, dtype: int64
2025-01-02 23:37:34 - INFO - Después de SMOTE: target
0    8074
1    8074
Name: count, dtype: int64
2025-01-02 23:37:35 - INFO - Después de SMOTE: target
0    12457
1    12457
Name: count, dtype: int64
2025-01-02 23:37:35 - INFO - Después de SMOTE: target
0    12457
1    12457
Name: count, dtype: int64
2025-01-02 23:37:36 - INFO - Después de SMOTE: target
0    17577
1    17577
Name: count, dtype: int64
2025-01-02 23:37:38 - INFO - Después de SMOTE: target
0    17577
1    17577
Name: count, dtype: int64
2025-01-02 23:37:38 - INFO - Después de SMOTE: target
0    22631
1    22631
Name: count, dtype: int64
2025-01-02 23:37:40 - INFO - Después de SMOTE: target
0    4144
1    4144
Name: count, dtype: int64
2025-01-02 23:37:40 - INFO - Después de SMOTE: target
0    8074
1    8074
Name: count, dtype: int64
2025-01-02 23:37:41 - INFO - Después de SMOTE: target
0    12457
1    12457
Name: count, dtype: int64
2025-01-02 23:37:42 - INFO - Después de SMOTE: target
0    22631
1    22631
Name: count, dtype: int64
2025-01-02 23:37:43 - INFO - Después de SMOTE: target
0    17577
1    17577
Name: count, dtype: int64
2025-01-02 23:37:44 - INFO - Después de SMOTE: target
0    22631
1    22631
Name: count, dtype: int64
2025-01-02 23:37:45 - INFO - Después de SMOTE: target
0    4144
1    4144
Name: count, dtype: int64
2025-01-02 23:37:46 - INFO - Después de SMOTE: target
0    4144
1    4144
Name: count, dtype: int64
2025-01-02 23:37:46 - INFO - Después de SMOTE: target
0    8074
1    8074
Name: count, dtype: int64
2025-01-02 23:37:46 - INFO - Después de SMOTE: target
0    8074
1    8074
Name: count, dtype: int64
2025-01-02 23:37:47 - INFO - Después de SMOTE: target
0    12457
1    12457
Name: count, dtype: int64
2025-01-02 23:37:47 - INFO - Después de SMOTE: target
0    12457
1    12457
Name: count, dtype: int64
2025-01-02 23:37:48 - INFO - Después de SMOTE: target
0    17577
1    17577
Name: count, dtype: int64
2025-01-02 23:37:49 - INFO - Después de SMOTE: target
0    17577
1    17577
Name: count, dtype: int64
2025-01-02 23:37:50 - INFO - Después de SMOTE: target
0    22631
1    22631
Name: count, dtype: int64
2025-01-02 23:37:50 - INFO - Después de SMOTE: target
0    4144
1    4144
Name: count, dtype: int64
2025-01-02 23:37:51 - INFO - Después de SMOTE: target
0    22631
1    22631
Name: count, dtype: int64
2025-01-02 23:37:51 - INFO - Después de SMOTE: target
0    8074
1    8074
Name: count, dtype: int64
2025-01-02 23:37:53 - INFO - Después de SMOTE: target
0    12457
1    12457
Name: count, dtype: int64
2025-01-02 23:37:53 - INFO - Después de SMOTE: target
0    4144
1    4144
Name: count, dtype: int64
2025-01-02 23:37:54 - INFO - Después de SMOTE: target
0    17577
1    17577
Name: count, dtype: int64
2025-01-02 23:37:54 - INFO - Después de SMOTE: target
0    8074
1    8074
Name: count, dtype: int64
2025-01-02 23:37:55 - INFO - Después de SMOTE: target
0    12457
1    12457
Name: count, dtype: int64
2025-01-02 23:37:56 - INFO - Después de SMOTE: target
0    22631
1    22631
Name: count, dtype: int64
2025-01-02 23:37:57 - INFO - Después de SMOTE: target
0    17577
1    17577
Name: count, dtype: int64
2025-01-02 23:37:58 - INFO - Después de SMOTE: target
0    22631
1    22631
Name: count, dtype: int64
2025-01-02 23:37:59 - INFO - Mejor valor de F1: 0.5149
2025-01-02 23:37:59 - INFO - Mejores parámetros: {'max_depth': 4, 'learning_rate': 0.0012543309503313478, 'n_estimators': 140, 'subsample': 0.75485784775212, 'colsample_bytree': 0.6722677723329954, 'gamma': 0.25242469451778266, 'reg_alpha': 0.0469490038786739, 'reg_lambda': 0.014414879083830073}
2025-01-02 23:37:59 - INFO - === Entrenando Pipeline Final con TODO el training ===
2025-01-02 23:37:59 - INFO - Columnas presentes en el DataFrame: ['open', 'high', 'low', 'close', 'volume', 'close_time', 'quote_asset_volume', 'number_of_trades', 'taker_buy_base_asset_volume', 'taker_buy_quote_asset_volume', 'ignore', 'RSI', 'MACD', 'MACDh', 'MACDs', 'SMA_10', 'SMA_50', 'EMA_10', 'EMA_50', 'VWAP', 'BBL', 'BBM', 'BBU', 'BBB_20_2.0', 'BBP_20_2.0', 'ATR', 'STOCHk', 'STOCHd', 'CCI', 'hour_of_day', 'day_of_week', 'is_weekend', 'OBV', 'future_close', 'change_pct', 'target']
2025-01-02 23:37:59 - INFO - Columnas eliminadas durante la preparación: ['close_time', 'quote_asset_volume', 'number_of_trades', 'taker_buy_base_asset_volume', 'taker_buy_quote_asset_volume', 'ignore', 'BBB_20_2.0', 'BBP_20_2.0', 'future_close', 'change_pct']
2025-01-02 23:37:59 - INFO - Conjunto de datos preparado con 153325 filas y 25 características.
2025-01-02 23:37:59 - INFO - Tipo de y_train_full: <class 'pandas.core.series.Series'>
2025-01-02 23:37:59 - INFO - Shape de y_train_full: (153325,)
2025-01-02 23:38:04 - INFO - Después de SMOTE: target
0    99281
1    99281
Name: count, dtype: int64
2025-01-02 23:38:04 - INFO - Balance de clases aplicado mediante SMOTE.
2025-01-02 23:38:06 - INFO - Pipeline final entrenado con todos los datos de entrenamiento (binario).
2025-01-02 23:38:06 - INFO - Pipeline completo guardado en: ./results/XGBoost_Binario_trained_pipeline.joblib
2025-01-02 23:38:06 - INFO - Parámetros guardados en: ./results/XGBoost_Binario_model_params.txt
2025-01-02 23:38:06 - INFO - Lista de features guardada en: ./results/XGBoost_Binario_feature_cols.txt
2025-01-02 23:38:07 - INFO - Columnas de indicadores técnicos existentes eliminadas: ['RSI', 'MACD', 'MACDs', 'MACDh', 'VWAP', 'OBV', 'BBL', 'BBM', 'BBU', 'ATR', 'STOCHk', 'STOCHd', 'CCI']
2025-01-02 23:38:07 - INFO - Indicadores técnicos agregados al DataFrame. Filas antes: 98028, después: 97979
2025-01-02 23:38:07 - INFO - Columnas después de agregar indicadores técnicos: ['open', 'high', 'low', 'close', 'volume', 'close_time', 'quote_asset_volume', 'number_of_trades', 'taker_buy_base_asset_volume', 'taker_buy_quote_asset_volume', 'ignore', 'SMA_10', 'SMA_50', 'EMA_10', 'EMA_50', 'BBB_20_2.0', 'BBP_20_2.0', 'hour_of_day', 'day_of_week', 'is_weekend', 'future_close', 'change_pct', 'target', 'RSI_14_', 'MACD_12_26_9_', 'MACDh_12_26_9_', 'MACDs_12_26_9_', 'SMA_10_', 'SMA_50_', 'EMA_10_', 'EMA_50_', 'VWAP_D_', 'OBV_', 'BBL_20_2.0_', 'BBM_20_2.0_', 'BBU_20_2.0_', 'BBB_20_2.0_', 'BBP_20_2.0_', 'ATRr_14_', 'STOCHk_14_3_3_', 'STOCHd_14_3_3_', 'CCI_14_0.015_']
2025-01-02 23:38:07 - INFO - Columnas renombradas: {'RSI_14_': 'RSI', 'MACD_12_26_9_': 'MACD', 'MACDh_12_26_9_': 'MACDh', 'MACDs_12_26_9_': 'MACDs', 'VWAP_D_': 'VWAP', 'BBL_20_2.0_': 'BBL', 'BBM_20_2.0_': 'BBM', 'BBU_20_2.0_': 'BBU', 'ATRr_14_': 'ATR', 'STOCHk_14_3_3_': 'STOCHk', 'STOCHd_14_3_3_': 'STOCHd', 'CCI_14_0.015_': 'CCI'}
2025-01-02 23:38:07 - INFO - Columnas duplicadas eliminadas: ['SMA_10_', 'SMA_50_', 'EMA_10_', 'EMA_50_', 'OBV_', 'BBB_20_2.0_', 'BBP_20_2.0_']
2025-01-02 23:38:07 - WARNING - La columna 'OBV' no está presente después de agregar indicadores. Añadiendo 'OBV' con valor 0.
2025-01-02 23:38:07 - INFO - Target binario mejorado con look_ahead=52, min_change=0.007, max_change=0.14
2025-01-02 23:38:07 - INFO - Distribución de clases (0/1):
target
0    70230
1    27693
Name: count, dtype: int64
2025-01-02 23:38:07 - INFO - Columnas presentes en el DataFrame: ['open', 'high', 'low', 'close', 'volume', 'close_time', 'quote_asset_volume', 'number_of_trades', 'taker_buy_base_asset_volume', 'taker_buy_quote_asset_volume', 'ignore', 'SMA_10', 'SMA_50', 'EMA_10', 'EMA_50', 'BBB_20_2.0', 'BBP_20_2.0', 'hour_of_day', 'day_of_week', 'is_weekend', 'future_close', 'change_pct', 'target', 'RSI', 'MACD', 'MACDh', 'MACDs', 'VWAP', 'BBL', 'BBM', 'BBU', 'ATR', 'STOCHk', 'STOCHd', 'CCI', 'OBV']
2025-01-02 23:38:07 - INFO - Columnas eliminadas durante la preparación: ['close_time', 'quote_asset_volume', 'number_of_trades', 'taker_buy_base_asset_volume', 'taker_buy_quote_asset_volume', 'ignore', 'BBB_20_2.0', 'BBP_20_2.0', 'future_close', 'change_pct']
2025-01-02 23:38:07 - INFO - Conjunto de datos preparado con 97923 filas y 25 características.
2025-01-02 23:38:07 - INFO - Características en X_test_final: ['open', 'high', 'low', 'close', 'volume', 'hour_of_day', 'day_of_week', 'is_weekend', 'RSI', 'MACD', 'MACDs', 'MACDh', 'SMA_10', 'SMA_50', 'EMA_10', 'EMA_50', 'VWAP', 'OBV', 'BBL', 'BBM', 'BBU', 'ATR', 'STOCHk', 'STOCHd', 'CCI']
2025-01-02 23:38:07 - INFO - Tipo de y_test_final: <class 'pandas.core.series.Series'>
2025-01-02 23:38:07 - INFO - Shape de y_test_final: (97923,)
2025-01-02 23:38:07 - INFO - Las características del test coinciden perfectamente con las del entrenamiento.
2025-01-02 23:38:07 - INFO - === Evaluación en Test ===
2025-01-02 23:38:07 - INFO - Matriz de confusión [1,0]:
[[21204  6489]
 [51934 18296]]
2025-01-02 23:38:07 - INFO - Reporte de Clasificación:
              precision    recall  f1-score   support

           1       0.29      0.77      0.42     27693
           0       0.74      0.26      0.39     70230

    accuracy                           0.40     97923
   macro avg       0.51      0.51      0.40     97923
weighted avg       0.61      0.40      0.40     97923

2025-01-02 23:38:07 - INFO - F1-score: 0.4206
2025-01-02 23:38:07 - INFO - Precisión: 0.2899
2025-01-02 23:38:07 - INFO - Recall: 0.7657
2025-01-02 23:38:07 - INFO - AUC Score: 0.5281
2025-01-02 23:38:09 - INFO - F1 final en Test (Binario): 0.4206
2025-01-02 23:38:09 - INFO - === Analizando importancia de características ===
2025-01-02 23:38:09 - INFO - Tabla de importancia de características guardada en ./results/feature_importances_binario.csv.
2025-01-02 23:38:09 - INFO - Gráfico de importancia de características guardado.
2025-01-02 23:38:09 - INFO - Señales generadas con umbrales high=0.72, low=0.33
2025-01-02 23:38:10 - INFO - Señales guardadas en: ./results/signals.csv
2025-01-02 23:38:10 - INFO - === Proceso Completado con Éxito ===
