2025-01-10 00:10:18 - INFO - Datos cargados desde ML/data/processed/BTCUSDT_15m_processed.csv, filas: 254923
2025-01-10 00:10:18 - INFO - Columnas de indicadores existentes eliminadas: ['RSI', 'MACD', 'MACDs', 'MACDh', 'OBV', 'BBL', 'BBM', 'BBU', 'SMA_10', 'SMA_50', 'EMA_10', 'EMA_50']
2025-01-10 00:10:18 - INFO - Indicadores técnicos agregados. Filas antes: 254923, después: 254724 (descartadas: 199)
2025-01-10 00:10:18 - INFO - Columnas renombradas: {'RSI_14': 'RSI', 'MACD_12_26_9': 'MACD', 'MACDs_12_26_9': 'MACDs', 'MACDh_12_26_9': 'MACDh', 'VWAP': 'VWAP', 'BBL_20_2.0': 'BBL', 'BBM_20_2.0': 'BBM', 'BBU_20_2.0': 'BBU', 'ATR_14': 'ATR', 'STOCHk_14_3_3': 'STOCHk', 'STOCHd_14_3_3': 'STOCHd', 'CCI_14_0.015': 'CCI', 'SMA_10': 'SMA_10', 'SMA_50': 'SMA_50', 'SMA_200': 'SMA_200', 'EMA_10': 'EMA_10', 'EMA_50': 'EMA_50'}
2025-01-10 00:10:18 - WARNING - Columna faltante 'VWAP' añadida con NaN.
2025-01-10 00:10:18 - WARNING - Columna faltante 'ATR' añadida con NaN.
2025-01-10 00:10:18 - INFO - Target binario con look_ahead=4, min_change=0.028
2025-01-10 00:10:18 - INFO - Distribución de clases (0=Vender, 1=Comprar):
target
0.0    1875
1.0    1700
Name: count, dtype: int64
2025-01-10 00:10:18 - INFO - Muestra de datos con target:
                        close  future_close  change_pct  target
open_time                                                      
2018-01-18 08:00:00  10623.89      10942.75    0.030013     1.0
2019-07-02 08:00:00   9877.34      10279.98    0.040764     1.0
2019-05-13 22:15:00   7999.14       7755.00   -0.030521     0.0
2024-02-14 08:15:00  49776.50      51254.56    0.029694     1.0
2018-12-27 18:00:00   3714.75       3583.17   -0.035421     0.0
2019-04-25 21:15:00   5452.05       5194.18   -0.047298     0.0
2021-04-22 01:00:00  54504.74      52923.10   -0.029018     0.0
2022-06-15 07:00:00  21271.65      20343.12   -0.043651     0.0
2017-12-19 22:45:00  16659.98      17295.20    0.038128     1.0
2017-09-13 13:15:00   3904.90       3785.04   -0.030695     0.0
2025-01-10 00:10:18 - INFO - División de datos en Train/Test completada.
2025-01-10 00:10:18 - INFO - === Búsqueda de hiperparámetros (Optuna) en muestra de Training ===
2025-01-10 00:10:18 - INFO - No se han identificado características categóricas.
2025-01-10 00:10:18 - INFO - Columnas extra eliminadas: ['future_close', 'change_pct']
2025-01-10 00:10:18 - WARNING - Estas columnas están 100% NaN y se eliminarán antes de imputar: ['VWAP', 'ATR']
2025-01-10 00:10:18 - INFO - Dataset preparado: 929 filas, 21 features (después de imputación).
2025-01-10 00:10:18 - INFO - Balance de clases tras SMOTETomek:
target
0.0    365
1.0    365
Name: count, dtype: int64
2025-01-10 00:10:18 - INFO - Balance de clases tras SMOTETomek:
target
0.0    365
1.0    365
Name: count, dtype: int64
2025-01-10 00:10:20 - INFO - Balance de clases tras SMOTETomek:
target
0.0    365
1.0    365
Name: count, dtype: int64
2025-01-10 00:10:20 - INFO - Balance de clases tras SMOTETomek:
target
0.0    365
1.0    365
Name: count, dtype: int64
2025-01-10 00:10:21 - INFO - Balance de clases tras SMOTETomek:
target
0.0    366
1.0    366
Name: count, dtype: int64
2025-01-10 00:10:21 - INFO - Balance de clases tras SMOTETomek:
target
0.0    366
1.0    366
Name: count, dtype: int64
2025-01-10 00:10:22 - INFO - Balance de clases tras SMOTETomek:
target
0.0    373
1.0    373
Name: count, dtype: int64
2025-01-10 00:10:22 - INFO - Balance de clases tras SMOTETomek:
target
0.0    373
1.0    373
Name: count, dtype: int64
2025-01-10 00:10:23 - INFO - Balance de clases tras SMOTETomek:
target
0.0    364
1.0    364
Name: count, dtype: int64
2025-01-10 00:10:24 - INFO - Balance de clases tras SMOTETomek:
target
0.0    364
1.0    364
Name: count, dtype: int64
2025-01-10 00:10:25 - INFO - Balance de clases tras SMOTETomek:
target
0.0    365
1.0    365
Name: count, dtype: int64
2025-01-10 00:10:25 - INFO - Balance de clases tras SMOTETomek:
target
0.0    365
1.0    365
Name: count, dtype: int64
2025-01-10 00:10:25 - INFO - Balance de clases tras SMOTETomek:
target
0.0    365
1.0    365
Name: count, dtype: int64
2025-01-10 00:10:25 - INFO - Balance de clases tras SMOTETomek:
target
0.0    365
1.0    365
Name: count, dtype: int64
2025-01-10 00:10:26 - INFO - Balance de clases tras SMOTETomek:
target
0.0    366
1.0    366
Name: count, dtype: int64
2025-01-10 00:10:26 - INFO - Balance de clases tras SMOTETomek:
target
0.0    366
1.0    366
Name: count, dtype: int64
2025-01-10 00:10:26 - INFO - Balance de clases tras SMOTETomek:
target
0.0    373
1.0    373
Name: count, dtype: int64
2025-01-10 00:10:26 - INFO - Balance de clases tras SMOTETomek:
target
0.0    373
1.0    373
Name: count, dtype: int64
2025-01-10 00:10:27 - INFO - Balance de clases tras SMOTETomek:
target
0.0    364
1.0    364
Name: count, dtype: int64
2025-01-10 00:10:27 - INFO - Balance de clases tras SMOTETomek:
target
0.0    364
1.0    364
Name: count, dtype: int64
2025-01-10 00:10:27 - INFO - Balance de clases tras SMOTETomek:
target
0.0    365
1.0    365
Name: count, dtype: int64
2025-01-10 00:10:27 - INFO - Balance de clases tras SMOTETomek:
target
0.0    365
1.0    365
Name: count, dtype: int64
2025-01-10 00:10:29 - INFO - Balance de clases tras SMOTETomek:
target
0.0    365
1.0    365
Name: count, dtype: int64
2025-01-10 00:10:29 - INFO - Balance de clases tras SMOTETomek:
target
0.0    365
1.0    365
Name: count, dtype: int64
2025-01-10 00:10:30 - INFO - Balance de clases tras SMOTETomek:
target
0.0    366
1.0    366
Name: count, dtype: int64
2025-01-10 00:10:31 - INFO - Balance de clases tras SMOTETomek:
target
0.0    366
1.0    366
Name: count, dtype: int64
2025-01-10 00:10:31 - INFO - Balance de clases tras SMOTETomek:
target
0.0    373
1.0    373
Name: count, dtype: int64
2025-01-10 00:10:32 - INFO - Balance de clases tras SMOTETomek:
target
0.0    373
1.0    373
Name: count, dtype: int64
2025-01-10 00:10:32 - INFO - Balance de clases tras SMOTETomek:
target
0.0    364
1.0    364
Name: count, dtype: int64
2025-01-10 00:10:34 - INFO - Balance de clases tras SMOTETomek:
target
0.0    365
1.0    365
Name: count, dtype: int64
2025-01-10 00:10:34 - INFO - Balance de clases tras SMOTETomek:
target
0.0    364
1.0    364
Name: count, dtype: int64
2025-01-10 00:10:35 - INFO - Balance de clases tras SMOTETomek:
target
0.0    365
1.0    365
Name: count, dtype: int64
2025-01-10 00:10:35 - INFO - Balance de clases tras SMOTETomek:
target
0.0    366
1.0    366
Name: count, dtype: int64
2025-01-10 00:10:36 - INFO - Balance de clases tras SMOTETomek:
target
0.0    365
1.0    365
Name: count, dtype: int64
2025-01-10 00:10:36 - INFO - Balance de clases tras SMOTETomek:
target
0.0    373
1.0    373
Name: count, dtype: int64
2025-01-10 00:10:37 - INFO - Balance de clases tras SMOTETomek:
target
0.0    365
1.0    365
Name: count, dtype: int64
2025-01-10 00:10:37 - INFO - Balance de clases tras SMOTETomek:
target
0.0    364
1.0    364
Name: count, dtype: int64
2025-01-10 00:10:38 - INFO - Balance de clases tras SMOTETomek:
target
0.0    366
1.0    366
Name: count, dtype: int64
2025-01-10 00:10:38 - INFO - Balance de clases tras SMOTETomek:
target
0.0    365
1.0    365
Name: count, dtype: int64
2025-01-10 00:10:39 - INFO - Balance de clases tras SMOTETomek:
target
0.0    373
1.0    373
Name: count, dtype: int64
2025-01-10 00:10:40 - INFO - Balance de clases tras SMOTETomek:
target
0.0    365
1.0    365
Name: count, dtype: int64
2025-01-10 00:10:40 - INFO - Balance de clases tras SMOTETomek:
target
0.0    364
1.0    364
Name: count, dtype: int64
2025-01-10 00:10:41 - INFO - Balance de clases tras SMOTETomek:
target
0.0    365
1.0    365
Name: count, dtype: int64
2025-01-10 00:10:41 - INFO - Balance de clases tras SMOTETomek:
target
0.0    366
1.0    366
Name: count, dtype: int64
2025-01-10 00:10:41 - INFO - Balance de clases tras SMOTETomek:
target
0.0    365
1.0    365
Name: count, dtype: int64
2025-01-10 00:10:41 - INFO - Balance de clases tras SMOTETomek:
target
0.0    366
1.0    366
Name: count, dtype: int64
2025-01-10 00:10:42 - INFO - Balance de clases tras SMOTETomek:
target
0.0    373
1.0    373
Name: count, dtype: int64
2025-01-10 00:10:42 - INFO - Balance de clases tras SMOTETomek:
target
0.0    364
1.0    364
Name: count, dtype: int64
2025-01-10 00:10:43 - INFO - Balance de clases tras SMOTETomek:
target
0.0    365
1.0    365
Name: count, dtype: int64
2025-01-10 00:10:43 - INFO - Balance de clases tras SMOTETomek:
target
0.0    373
1.0    373
Name: count, dtype: int64
2025-01-10 00:10:43 - INFO - Balance de clases tras SMOTETomek:
target
0.0    365
1.0    365
Name: count, dtype: int64
2025-01-10 00:10:43 - INFO - Balance de clases tras SMOTETomek:
target
0.0    366
1.0    366
Name: count, dtype: int64
2025-01-10 00:10:43 - INFO - Balance de clases tras SMOTETomek:
target
0.0    373
1.0    373
Name: count, dtype: int64
2025-01-10 00:10:44 - INFO - Balance de clases tras SMOTETomek:
target
0.0    364
1.0    364
Name: count, dtype: int64
2025-01-10 00:10:44 - INFO - Balance de clases tras SMOTETomek:
target
0.0    365
1.0    365
Name: count, dtype: int64
2025-01-10 00:10:44 - INFO - Balance de clases tras SMOTETomek:
target
0.0    364
1.0    364
Name: count, dtype: int64
2025-01-10 00:10:45 - INFO - Balance de clases tras SMOTETomek:
target
0.0    365
1.0    365
Name: count, dtype: int64
2025-01-10 00:10:46 - INFO - Balance de clases tras SMOTETomek:
target
0.0    365
1.0    365
Name: count, dtype: int64
2025-01-10 00:10:46 - INFO - Balance de clases tras SMOTETomek:
target
0.0    366
1.0    366
Name: count, dtype: int64
2025-01-10 00:10:47 - INFO - Balance de clases tras SMOTETomek:
target
0.0    373
1.0    373
Name: count, dtype: int64
2025-01-10 00:10:47 - INFO - Balance de clases tras SMOTETomek:
target
0.0    365
1.0    365
Name: count, dtype: int64
2025-01-10 00:10:47 - INFO - Balance de clases tras SMOTETomek:
target
0.0    364
1.0    364
Name: count, dtype: int64
2025-01-10 00:10:48 - INFO - Balance de clases tras SMOTETomek:
target
0.0    366
1.0    366
Name: count, dtype: int64
2025-01-10 00:10:48 - INFO - Balance de clases tras SMOTETomek:
target
0.0    365
1.0    365
Name: count, dtype: int64
2025-01-10 00:10:49 - INFO - Balance de clases tras SMOTETomek:
target
0.0    365
1.0    365
Name: count, dtype: int64
2025-01-10 00:10:49 - INFO - Balance de clases tras SMOTETomek:
target
0.0    373
1.0    373
Name: count, dtype: int64
2025-01-10 00:10:50 - INFO - Balance de clases tras SMOTETomek:
target
0.0    366
1.0    366
Name: count, dtype: int64
2025-01-10 00:10:50 - INFO - Balance de clases tras SMOTETomek:
target
0.0    364
1.0    364
Name: count, dtype: int64
2025-01-10 00:10:51 - INFO - Balance de clases tras SMOTETomek:
target
0.0    373
1.0    373
Name: count, dtype: int64
2025-01-10 00:10:52 - INFO - Balance de clases tras SMOTETomek:
target
0.0    365
1.0    365
Name: count, dtype: int64
2025-01-10 00:10:52 - INFO - Balance de clases tras SMOTETomek:
target
0.0    364
1.0    364
Name: count, dtype: int64
2025-01-10 00:10:53 - INFO - Balance de clases tras SMOTETomek:
target
0.0    365
1.0    365
Name: count, dtype: int64
2025-01-10 00:10:54 - INFO - Balance de clases tras SMOTETomek:
target
0.0    366
1.0    366
Name: count, dtype: int64
2025-01-10 00:10:55 - INFO - Balance de clases tras SMOTETomek:
target
0.0    373
1.0    373
Name: count, dtype: int64
2025-01-10 00:10:56 - INFO - Balance de clases tras SMOTETomek:
target
0.0    364
1.0    364
Name: count, dtype: int64
2025-01-10 00:10:57 - INFO - Mejor Precision: 0.7843
2025-01-10 00:10:57 - INFO - Mejores parámetros: {'max_depth': 9, 'learning_rate': 0.030580925415452636, 'n_estimators': 405, 'subsample': 0.8321772129782556, 'colsample_bytree': 0.6161384967966917, 'gamma': 0.34613092599886, 'reg_alpha': 0.23497837917522946, 'reg_lambda': 0.6755278667193474}
2025-01-10 00:10:57 - INFO - === Entrenando Pipeline Final con TODO el Training ===
2025-01-10 00:10:57 - INFO - Columnas extra eliminadas: ['future_close', 'change_pct']
2025-01-10 00:10:57 - WARNING - Estas columnas están 100% NaN y se eliminarán antes de imputar: ['VWAP', 'ATR']
2025-01-10 00:10:57 - INFO - Dataset preparado: 2323 filas, 21 features (después de imputación).
2025-01-10 00:10:57 - INFO - Balance de clases tras SMOTETomek:
target
0.0    1179
1.0    1179
Name: count, dtype: int64
2025-01-10 00:10:58 - INFO - Pipeline final entrenado con TODOS los datos de entrenamiento.
2025-01-10 00:10:58 - INFO - Pipeline completo guardado en: ./results/XGBoost_Binario_trained_pipeline.joblib
2025-01-10 00:10:58 - INFO - Parámetros guardados en: ./results/XGBoost_Binario_model_params.txt
2025-01-10 00:10:58 - INFO - Lista de features guardada en: ./results/XGBoost_Binario_feature_cols.txt
2025-01-10 00:10:58 - INFO - Columnas de indicadores existentes eliminadas: ['RSI', 'MACD', 'MACDs', 'MACDh', 'VWAP', 'OBV', 'BBL', 'BBM', 'BBU', 'ATR', 'STOCHk', 'STOCHd', 'CCI', 'SMA_10', 'SMA_50', 'SMA_200', 'EMA_10', 'EMA_50']
2025-01-10 00:10:59 - INFO - Indicadores técnicos agregados. Filas antes: 1252, después: 1053 (descartadas: 199)
2025-01-10 00:10:59 - INFO - Columnas renombradas: {'RSI_14': 'RSI', 'MACD_12_26_9': 'MACD', 'MACDs_12_26_9': 'MACDs', 'MACDh_12_26_9': 'MACDh', 'VWAP': 'VWAP', 'BBL_20_2.0': 'BBL', 'BBM_20_2.0': 'BBM', 'BBU_20_2.0': 'BBU', 'ATR_14': 'ATR', 'STOCHk_14_3_3': 'STOCHk', 'STOCHd_14_3_3': 'STOCHd', 'CCI_14_0.015': 'CCI', 'SMA_10': 'SMA_10', 'SMA_50': 'SMA_50', 'SMA_200': 'SMA_200', 'EMA_10': 'EMA_10', 'EMA_50': 'EMA_50'}
2025-01-10 00:10:59 - WARNING - Columna faltante 'VWAP' añadida con NaN.
2025-01-10 00:10:59 - WARNING - Columna faltante 'ATR' añadida con NaN.
2025-01-10 00:10:59 - INFO - Target binario con look_ahead=4, min_change=0.028
2025-01-10 00:10:59 - INFO - Distribución de clases (0=Vender, 1=Comprar):
target
0.0    401
1.0    393
Name: count, dtype: int64
2025-01-10 00:10:59 - INFO - Muestra de datos con target:
                        close  future_close  change_pct  target
open_time                                                      
2022-05-05 14:45:00  38209.00      31180.72   -0.183943     0.0
2021-01-29 17:30:00  36017.94      34366.36   -0.045854     0.0
2022-05-05 14:30:00  38391.53      30879.43   -0.195671     0.0
2021-03-17 17:45:00  55542.50      52934.24   -0.046960     0.0
2023-08-29 13:15:00  26015.20      27159.79    0.043997     1.0
2021-01-25 12:15:00  33560.02      29800.00   -0.112039     0.0
2022-11-08 18:15:00  18754.26      17977.95   -0.041394     0.0
2021-06-22 11:45:00  31243.41      29939.77   -0.041725     0.0
2022-06-19 10:00:00  19165.63      20693.98    0.079744     1.0
2021-05-12 21:30:00  54543.15      51591.42   -0.054117     0.0
2025-01-10 00:10:59 - INFO - Columnas extra eliminadas: ['change_pct', 'future_close']
2025-01-10 00:10:59 - WARNING - Estas columnas están 100% NaN y se eliminarán antes de imputar: ['VWAP', 'ATR']
2025-01-10 00:10:59 - INFO - Dataset preparado: 794 filas, 21 features (después de imputación).
2025-01-10 00:10:59 - INFO - === Evaluación en Test ===
2025-01-10 00:10:59 - INFO - Matriz de confusión [0=Vender, 1=Comprar]:
[[238 163]
 [240 153]]
2025-01-10 00:10:59 - INFO - Reporte de Clasificación:
              precision    recall  f1-score   support

      Vender       0.50      0.59      0.54       401
     Comprar       0.48      0.39      0.43       393

    accuracy                           0.49       794
   macro avg       0.49      0.49      0.49       794
weighted avg       0.49      0.49      0.49       794

2025-01-10 00:10:59 - INFO - Precision: 0.4842
2025-01-10 00:10:59 - INFO - F1-score: 0.4316
2025-01-10 00:10:59 - INFO - Recall: 0.3893
2025-01-10 00:10:59 - INFO - Balanced Accuracy: 0.4914
2025-01-10 00:10:59 - INFO - MCC: -0.0175
2025-01-10 00:10:59 - INFO - AUC: 0.5008
2025-01-10 00:11:00 - INFO - Precision final en Test: 0.4842
2025-01-10 00:11:00 - INFO - Importancia de características guardada en ./results/feature_importances_binary.csv.
2025-01-10 00:11:00 - INFO - Gráfico de importancia de características guardado.
2025-01-10 00:11:01 - INFO - Calculando valores SHAP...
2025-01-10 00:11:03 - INFO - SHAP analysis completado y guardado.
2025-01-10 00:11:03 - INFO - Señales generadas con umbral=0.76
2025-01-10 00:11:03 - INFO - Señales filtradas por tendencia.
2025-01-10 00:11:03 - INFO - Señales guardadas en: ./results/signals_binary.csv
2025-01-10 00:11:03 - INFO - === Proceso Completado con Éxito ===
