2025-01-29 19:52:48 - INFO - Datos cargados desde ML/data/processed/BTCUSDT_15m_processed.csv, filas: 257756
2025-01-29 19:52:48 - INFO - Columnas de indicadores existentes eliminadas: ['RSI', 'MACD', 'MACDs', 'MACDh', 'OBV', 'BBL', 'BBM', 'BBU', 'SMA_10', 'SMA_50', 'EMA_10', 'EMA_50']
2025-01-29 19:52:48 - INFO - Indicadores técnicos agregados. Filas antes: 257756, después: 257557 (descartadas: 199)
2025-01-29 19:52:48 - INFO - Columnas renombradas: {'RSI_14': 'RSI', 'MACD_12_26_9': 'MACD', 'MACDs_12_26_9': 'MACDs', 'MACDh_12_26_9': 'MACDh', 'BBL_20_2.0': 'BBL', 'BBM_20_2.0': 'BBM', 'BBU_20_2.0': 'BBU', 'STOCHk_14_3_3': 'STOCHk', 'STOCHd_14_3_3': 'STOCHd', 'CCI_14_0.015': 'CCI', 'SMA_10': 'SMA_10', 'SMA_50': 'SMA_50', 'SMA_200': 'SMA_200', 'EMA_10': 'EMA_10', 'EMA_50': 'EMA_50'}
2025-01-29 19:52:48 - INFO - Target binario con look_ahead=3, min_change=0.031
2025-01-29 19:52:48 - INFO - Distribución de clases (0=Vender, 1=Comprar):
target
0.0    986
1.0    871
Name: count, dtype: int64
2025-01-29 19:52:48 - INFO - Muestra de datos con target:
                        close  future_close  change_pct  target
open_time                                                      
2017-09-04 11:00:00   4328.90       4153.00   -0.040634     0.0
2017-12-10 12:15:00  13470.99      14029.98    0.041496     1.0
2018-03-12 14:00:00   9694.53       9248.11   -0.046049     0.0
2018-02-06 12:45:00   6719.07       7050.00    0.049252     1.0
2018-01-17 04:00:00  10098.87      10569.89    0.046641     1.0
2018-03-14 16:15:00   8667.46       8315.09   -0.040654     0.0
2020-04-29 16:45:00   8579.44       8916.38    0.039273     1.0
2023-03-13 14:30:00  23423.84      24410.24    0.042111     1.0
2017-11-12 20:30:00   6056.05       5822.86   -0.038505     0.0
2018-08-10 20:30:00   6338.96       6100.00   -0.037697     0.0
2025-01-29 19:52:48 - INFO - División de datos en Train/Test completada.
2025-01-29 19:52:48 - INFO - === Búsqueda de hiperparámetros (Optuna) en muestra de Training ===
2025-01-29 19:52:48 - INFO - No se han identificado características categóricas.
2025-01-29 19:52:48 - INFO - Columnas extra eliminadas: ['future_close', 'change_pct']
2025-01-29 19:52:48 - INFO - Dataset preparado: 1086 filas, 21 features (después de imputación).
2025-01-29 19:52:48 - INFO - Iniciando optimización en Optuna (precisión clase=1)...
2025-01-29 19:52:48 - INFO - Balance de clases tras SMOTETomek:
target
1.0    420
0.0    420
Name: count, dtype: int64
2025-01-29 19:52:48 - INFO - Balance de clases tras SMOTETomek:
target
1.0    424
0.0    424
Name: count, dtype: int64
2025-01-29 19:52:49 - INFO - Balance de clases tras SMOTETomek:
target
1.0    418
0.0    418
Name: count, dtype: int64
2025-01-29 19:52:49 - INFO - Balance de clases tras SMOTETomek:
target
1.0    428
0.0    428
Name: count, dtype: int64
2025-01-29 19:52:49 - INFO - Balance de clases tras SMOTETomek:
target
1.0    422
0.0    422
Name: count, dtype: int64
2025-01-29 19:52:49 - INFO - Balance de clases tras SMOTETomek:
target
1.0    420
0.0    420
Name: count, dtype: int64
2025-01-29 19:52:50 - INFO - Balance de clases tras SMOTETomek:
target
1.0    424
0.0    424
Name: count, dtype: int64
2025-01-29 19:52:50 - INFO - Balance de clases tras SMOTETomek:
target
1.0    418
0.0    418
Name: count, dtype: int64
2025-01-29 19:52:51 - INFO - Balance de clases tras SMOTETomek:
target
1.0    428
0.0    428
Name: count, dtype: int64
2025-01-29 19:52:51 - INFO - Balance de clases tras SMOTETomek:
target
1.0    422
0.0    422
Name: count, dtype: int64
2025-01-29 19:52:51 - INFO - Balance de clases tras SMOTETomek:
target
1.0    420
0.0    420
Name: count, dtype: int64
2025-01-29 19:52:52 - INFO - Balance de clases tras SMOTETomek:
target
1.0    424
0.0    424
Name: count, dtype: int64
2025-01-29 19:52:52 - INFO - Balance de clases tras SMOTETomek:
target
1.0    418
0.0    418
Name: count, dtype: int64
2025-01-29 19:52:53 - INFO - Balance de clases tras SMOTETomek:
target
1.0    428
0.0    428
Name: count, dtype: int64
2025-01-29 19:52:54 - INFO - Balance de clases tras SMOTETomek:
target
1.0    422
0.0    422
Name: count, dtype: int64
2025-01-29 19:52:54 - INFO - Balance de clases tras SMOTETomek:
target
1.0    420
0.0    420
Name: count, dtype: int64
2025-01-29 19:52:55 - INFO - Balance de clases tras SMOTETomek:
target
1.0    424
0.0    424
Name: count, dtype: int64
2025-01-29 19:52:56 - INFO - Balance de clases tras SMOTETomek:
target
1.0    418
0.0    418
Name: count, dtype: int64
2025-01-29 19:52:57 - INFO - Balance de clases tras SMOTETomek:
target
1.0    428
0.0    428
Name: count, dtype: int64
2025-01-29 19:52:58 - INFO - Balance de clases tras SMOTETomek:
target
1.0    422
0.0    422
Name: count, dtype: int64
2025-01-29 19:52:59 - INFO - Balance de clases tras SMOTETomek:
target
1.0    420
0.0    420
Name: count, dtype: int64
2025-01-29 19:52:59 - INFO - Balance de clases tras SMOTETomek:
target
1.0    424
0.0    424
Name: count, dtype: int64
2025-01-29 19:52:59 - INFO - Balance de clases tras SMOTETomek:
target
1.0    418
0.0    418
Name: count, dtype: int64
2025-01-29 19:52:59 - INFO - Balance de clases tras SMOTETomek:
target
1.0    428
0.0    428
Name: count, dtype: int64
2025-01-29 19:53:00 - INFO - Balance de clases tras SMOTETomek:
target
1.0    422
0.0    422
Name: count, dtype: int64
2025-01-29 19:53:00 - INFO - Balance de clases tras SMOTETomek:
target
1.0    420
0.0    420
Name: count, dtype: int64
2025-01-29 19:53:01 - INFO - Balance de clases tras SMOTETomek:
target
1.0    424
0.0    424
Name: count, dtype: int64
2025-01-29 19:53:02 - INFO - Balance de clases tras SMOTETomek:
target
1.0    418
0.0    418
Name: count, dtype: int64
2025-01-29 19:53:03 - INFO - Balance de clases tras SMOTETomek:
target
1.0    428
0.0    428
Name: count, dtype: int64
2025-01-29 19:53:04 - INFO - Balance de clases tras SMOTETomek:
target
1.0    422
0.0    422
Name: count, dtype: int64
2025-01-29 19:53:05 - INFO - Balance de clases tras SMOTETomek:
target
1.0    420
0.0    420
Name: count, dtype: int64
2025-01-29 19:53:06 - INFO - Balance de clases tras SMOTETomek:
target
1.0    424
0.0    424
Name: count, dtype: int64
2025-01-29 19:53:06 - INFO - Balance de clases tras SMOTETomek:
target
1.0    418
0.0    418
Name: count, dtype: int64
2025-01-29 19:53:06 - INFO - Balance de clases tras SMOTETomek:
target
1.0    428
0.0    428
Name: count, dtype: int64
2025-01-29 19:53:07 - INFO - Balance de clases tras SMOTETomek:
target
1.0    422
0.0    422
Name: count, dtype: int64
2025-01-29 19:53:07 - INFO - Balance de clases tras SMOTETomek:
target
1.0    420
0.0    420
Name: count, dtype: int64
2025-01-29 19:53:09 - INFO - Balance de clases tras SMOTETomek:
target
1.0    424
0.0    424
Name: count, dtype: int64
2025-01-29 19:53:10 - INFO - Balance de clases tras SMOTETomek:
target
1.0    418
0.0    418
Name: count, dtype: int64
2025-01-29 19:53:12 - INFO - Balance de clases tras SMOTETomek:
target
1.0    428
0.0    428
Name: count, dtype: int64
2025-01-29 19:53:13 - INFO - Balance de clases tras SMOTETomek:
target
1.0    422
0.0    422
Name: count, dtype: int64
2025-01-29 19:53:15 - INFO - Balance de clases tras SMOTETomek:
target
1.0    420
0.0    420
Name: count, dtype: int64
2025-01-29 19:53:15 - INFO - Balance de clases tras SMOTETomek:
target
1.0    424
0.0    424
Name: count, dtype: int64
2025-01-29 19:53:15 - INFO - Balance de clases tras SMOTETomek:
target
1.0    418
0.0    418
Name: count, dtype: int64
2025-01-29 19:53:15 - INFO - Balance de clases tras SMOTETomek:
target
1.0    428
0.0    428
Name: count, dtype: int64
2025-01-29 19:53:16 - INFO - Balance de clases tras SMOTETomek:
target
1.0    422
0.0    422
Name: count, dtype: int64
2025-01-29 19:53:16 - INFO - Balance de clases tras SMOTETomek:
target
1.0    420
0.0    420
Name: count, dtype: int64
2025-01-29 19:53:18 - INFO - Balance de clases tras SMOTETomek:
target
1.0    424
0.0    424
Name: count, dtype: int64
2025-01-29 19:53:19 - INFO - Balance de clases tras SMOTETomek:
target
1.0    418
0.0    418
Name: count, dtype: int64
2025-01-29 19:53:21 - INFO - Balance de clases tras SMOTETomek:
target
1.0    428
0.0    428
Name: count, dtype: int64
2025-01-29 19:53:22 - INFO - Balance de clases tras SMOTETomek:
target
1.0    422
0.0    422
Name: count, dtype: int64
2025-01-29 19:53:24 - INFO - Balance de clases tras SMOTETomek:
target
1.0    420
0.0    420
Name: count, dtype: int64
2025-01-29 19:53:24 - INFO - Balance de clases tras SMOTETomek:
target
1.0    424
0.0    424
Name: count, dtype: int64
2025-01-29 19:53:25 - INFO - Balance de clases tras SMOTETomek:
target
1.0    418
0.0    418
Name: count, dtype: int64
2025-01-29 19:53:25 - INFO - Balance de clases tras SMOTETomek:
target
1.0    428
0.0    428
Name: count, dtype: int64
2025-01-29 19:53:25 - INFO - Balance de clases tras SMOTETomek:
target
1.0    422
0.0    422
Name: count, dtype: int64
2025-01-29 19:53:26 - INFO - Balance de clases tras SMOTETomek:
target
1.0    420
0.0    420
Name: count, dtype: int64
2025-01-29 19:53:26 - INFO - Balance de clases tras SMOTETomek:
target
1.0    424
0.0    424
Name: count, dtype: int64
2025-01-29 19:53:27 - INFO - Balance de clases tras SMOTETomek:
target
1.0    418
0.0    418
Name: count, dtype: int64
2025-01-29 19:53:27 - INFO - Balance de clases tras SMOTETomek:
target
1.0    428
0.0    428
Name: count, dtype: int64
2025-01-29 19:53:28 - INFO - Balance de clases tras SMOTETomek:
target
1.0    422
0.0    422
Name: count, dtype: int64
2025-01-29 19:53:28 - INFO - Balance de clases tras SMOTETomek:
target
1.0    420
0.0    420
Name: count, dtype: int64
2025-01-29 19:53:29 - INFO - Balance de clases tras SMOTETomek:
target
1.0    424
0.0    424
Name: count, dtype: int64
2025-01-29 19:53:29 - INFO - Balance de clases tras SMOTETomek:
target
1.0    418
0.0    418
Name: count, dtype: int64
2025-01-29 19:53:30 - INFO - Balance de clases tras SMOTETomek:
target
1.0    428
0.0    428
Name: count, dtype: int64
2025-01-29 19:53:31 - INFO - Balance de clases tras SMOTETomek:
target
1.0    422
0.0    422
Name: count, dtype: int64
2025-01-29 19:53:31 - INFO - Balance de clases tras SMOTETomek:
target
1.0    420
0.0    420
Name: count, dtype: int64
2025-01-29 19:53:32 - INFO - Balance de clases tras SMOTETomek:
target
1.0    424
0.0    424
Name: count, dtype: int64
2025-01-29 19:53:33 - INFO - Balance de clases tras SMOTETomek:
target
1.0    418
0.0    418
Name: count, dtype: int64
2025-01-29 19:53:33 - INFO - Balance de clases tras SMOTETomek:
target
1.0    428
0.0    428
Name: count, dtype: int64
2025-01-29 19:53:34 - INFO - Balance de clases tras SMOTETomek:
target
1.0    422
0.0    422
Name: count, dtype: int64
2025-01-29 19:53:35 - INFO - Balance de clases tras SMOTETomek:
target
1.0    420
0.0    420
Name: count, dtype: int64
2025-01-29 19:53:35 - INFO - Balance de clases tras SMOTETomek:
target
1.0    424
0.0    424
Name: count, dtype: int64
2025-01-29 19:53:35 - INFO - Balance de clases tras SMOTETomek:
target
1.0    418
0.0    418
Name: count, dtype: int64
2025-01-29 19:53:36 - INFO - Balance de clases tras SMOTETomek:
target
1.0    428
0.0    428
Name: count, dtype: int64
2025-01-29 19:53:36 - INFO - Balance de clases tras SMOTETomek:
target
1.0    422
0.0    422
Name: count, dtype: int64
2025-01-29 19:53:36 - INFO - Balance de clases tras SMOTETomek:
target
1.0    420
0.0    420
Name: count, dtype: int64
2025-01-29 19:53:37 - INFO - Balance de clases tras SMOTETomek:
target
1.0    424
0.0    424
Name: count, dtype: int64
2025-01-29 19:53:38 - INFO - Balance de clases tras SMOTETomek:
target
1.0    418
0.0    418
Name: count, dtype: int64
2025-01-29 19:53:39 - INFO - Balance de clases tras SMOTETomek:
target
1.0    428
0.0    428
Name: count, dtype: int64
2025-01-29 19:53:40 - INFO - Balance de clases tras SMOTETomek:
target
1.0    422
0.0    422
Name: count, dtype: int64
2025-01-29 19:53:41 - INFO - Balance de clases tras SMOTETomek:
target
1.0    420
0.0    420
Name: count, dtype: int64
2025-01-29 19:53:41 - INFO - Balance de clases tras SMOTETomek:
target
1.0    424
0.0    424
Name: count, dtype: int64
2025-01-29 19:53:42 - INFO - Balance de clases tras SMOTETomek:
target
1.0    418
0.0    418
Name: count, dtype: int64
2025-01-29 19:53:43 - INFO - Balance de clases tras SMOTETomek:
target
1.0    428
0.0    428
Name: count, dtype: int64
2025-01-29 19:53:44 - INFO - Balance de clases tras SMOTETomek:
target
1.0    422
0.0    422
Name: count, dtype: int64
2025-01-29 19:53:44 - INFO - Balance de clases tras SMOTETomek:
target
1.0    420
0.0    420
Name: count, dtype: int64
2025-01-29 19:53:45 - INFO - Balance de clases tras SMOTETomek:
target
1.0    424
0.0    424
Name: count, dtype: int64
2025-01-29 19:53:46 - INFO - Balance de clases tras SMOTETomek:
target
1.0    418
0.0    418
Name: count, dtype: int64
2025-01-29 19:53:46 - INFO - Balance de clases tras SMOTETomek:
target
1.0    428
0.0    428
Name: count, dtype: int64
2025-01-29 19:53:47 - INFO - Balance de clases tras SMOTETomek:
target
1.0    422
0.0    422
Name: count, dtype: int64
2025-01-29 19:53:48 - INFO - Balance de clases tras SMOTETomek:
target
1.0    420
0.0    420
Name: count, dtype: int64
2025-01-29 19:53:48 - INFO - Balance de clases tras SMOTETomek:
target
1.0    424
0.0    424
Name: count, dtype: int64
2025-01-29 19:53:49 - INFO - Balance de clases tras SMOTETomek:
target
1.0    418
0.0    418
Name: count, dtype: int64
2025-01-29 19:53:50 - INFO - Balance de clases tras SMOTETomek:
target
1.0    428
0.0    428
Name: count, dtype: int64
2025-01-29 19:53:50 - INFO - Balance de clases tras SMOTETomek:
target
1.0    422
0.0    422
Name: count, dtype: int64
2025-01-29 19:53:51 - INFO - Balance de clases tras SMOTETomek:
target
1.0    420
0.0    420
Name: count, dtype: int64
2025-01-29 19:53:52 - INFO - Balance de clases tras SMOTETomek:
target
1.0    424
0.0    424
Name: count, dtype: int64
2025-01-29 19:53:52 - INFO - Balance de clases tras SMOTETomek:
target
1.0    418
0.0    418
Name: count, dtype: int64
2025-01-29 19:53:53 - INFO - Balance de clases tras SMOTETomek:
target
1.0    428
0.0    428
Name: count, dtype: int64
2025-01-29 19:53:54 - INFO - Balance de clases tras SMOTETomek:
target
1.0    422
0.0    422
Name: count, dtype: int64
2025-01-29 19:53:54 - INFO - Balance de clases tras SMOTETomek:
target
1.0    420
0.0    420
Name: count, dtype: int64
2025-01-29 19:53:55 - INFO - Balance de clases tras SMOTETomek:
target
1.0    424
0.0    424
Name: count, dtype: int64
2025-01-29 19:53:56 - INFO - Balance de clases tras SMOTETomek:
target
1.0    418
0.0    418
Name: count, dtype: int64
2025-01-29 19:53:57 - INFO - Balance de clases tras SMOTETomek:
target
1.0    428
0.0    428
Name: count, dtype: int64
2025-01-29 19:53:58 - INFO - Balance de clases tras SMOTETomek:
target
1.0    422
0.0    422
Name: count, dtype: int64
2025-01-29 19:53:59 - INFO - Balance de clases tras SMOTETomek:
target
1.0    420
0.0    420
Name: count, dtype: int64
2025-01-29 19:53:59 - INFO - Balance de clases tras SMOTETomek:
target
1.0    424
0.0    424
Name: count, dtype: int64
2025-01-29 19:54:00 - INFO - Balance de clases tras SMOTETomek:
target
1.0    418
0.0    418
Name: count, dtype: int64
2025-01-29 19:54:00 - INFO - Balance de clases tras SMOTETomek:
target
1.0    428
0.0    428
Name: count, dtype: int64
2025-01-29 19:54:01 - INFO - Balance de clases tras SMOTETomek:
target
1.0    422
0.0    422
Name: count, dtype: int64
2025-01-29 19:54:02 - INFO - Balance de clases tras SMOTETomek:
target
1.0    420
0.0    420
Name: count, dtype: int64
2025-01-29 19:54:02 - INFO - Balance de clases tras SMOTETomek:
target
1.0    424
0.0    424
Name: count, dtype: int64
2025-01-29 19:54:03 - INFO - Balance de clases tras SMOTETomek:
target
1.0    418
0.0    418
Name: count, dtype: int64
2025-01-29 19:54:04 - INFO - Balance de clases tras SMOTETomek:
target
1.0    428
0.0    428
Name: count, dtype: int64
2025-01-29 19:54:04 - INFO - Balance de clases tras SMOTETomek:
target
1.0    422
0.0    422
Name: count, dtype: int64
2025-01-29 19:54:05 - INFO - Balance de clases tras SMOTETomek:
target
1.0    420
0.0    420
Name: count, dtype: int64
2025-01-29 19:54:05 - INFO - Balance de clases tras SMOTETomek:
target
1.0    424
0.0    424
Name: count, dtype: int64
2025-01-29 19:54:06 - INFO - Balance de clases tras SMOTETomek:
target
1.0    418
0.0    418
Name: count, dtype: int64
2025-01-29 19:54:06 - INFO - Balance de clases tras SMOTETomek:
target
1.0    428
0.0    428
Name: count, dtype: int64
2025-01-29 19:54:07 - INFO - Balance de clases tras SMOTETomek:
target
1.0    422
0.0    422
Name: count, dtype: int64
2025-01-29 19:54:07 - INFO - Balance de clases tras SMOTETomek:
target
1.0    420
0.0    420
Name: count, dtype: int64
2025-01-29 19:54:08 - INFO - Balance de clases tras SMOTETomek:
target
1.0    424
0.0    424
Name: count, dtype: int64
2025-01-29 19:54:08 - INFO - Balance de clases tras SMOTETomek:
target
1.0    418
0.0    418
Name: count, dtype: int64
2025-01-29 19:54:08 - INFO - Balance de clases tras SMOTETomek:
target
1.0    428
0.0    428
Name: count, dtype: int64
2025-01-29 19:54:09 - INFO - Balance de clases tras SMOTETomek:
target
1.0    422
0.0    422
Name: count, dtype: int64
2025-01-29 19:54:09 - INFO - Balance de clases tras SMOTETomek:
target
1.0    420
0.0    420
Name: count, dtype: int64
2025-01-29 19:54:10 - INFO - Balance de clases tras SMOTETomek:
target
1.0    424
0.0    424
Name: count, dtype: int64
2025-01-29 19:54:11 - INFO - Balance de clases tras SMOTETomek:
target
1.0    418
0.0    418
Name: count, dtype: int64
2025-01-29 19:54:11 - INFO - Balance de clases tras SMOTETomek:
target
1.0    428
0.0    428
Name: count, dtype: int64
2025-01-29 19:54:12 - INFO - Balance de clases tras SMOTETomek:
target
1.0    422
0.0    422
Name: count, dtype: int64
2025-01-29 19:54:13 - INFO - Balance de clases tras SMOTETomek:
target
1.0    420
0.0    420
Name: count, dtype: int64
2025-01-29 19:54:14 - INFO - Balance de clases tras SMOTETomek:
target
1.0    424
0.0    424
Name: count, dtype: int64
2025-01-29 19:54:16 - INFO - Balance de clases tras SMOTETomek:
target
1.0    418
0.0    418
Name: count, dtype: int64
2025-01-29 19:54:17 - INFO - Balance de clases tras SMOTETomek:
target
1.0    428
0.0    428
Name: count, dtype: int64
2025-01-29 19:54:18 - INFO - Balance de clases tras SMOTETomek:
target
1.0    422
0.0    422
Name: count, dtype: int64
2025-01-29 19:54:20 - INFO - Balance de clases tras SMOTETomek:
target
1.0    420
0.0    420
Name: count, dtype: int64
2025-01-29 19:54:21 - INFO - Balance de clases tras SMOTETomek:
target
1.0    424
0.0    424
Name: count, dtype: int64
2025-01-29 19:54:21 - INFO - Balance de clases tras SMOTETomek:
target
1.0    418
0.0    418
Name: count, dtype: int64
2025-01-29 19:54:22 - INFO - Balance de clases tras SMOTETomek:
target
1.0    428
0.0    428
Name: count, dtype: int64
2025-01-29 19:54:23 - INFO - Balance de clases tras SMOTETomek:
target
1.0    422
0.0    422
Name: count, dtype: int64
2025-01-29 19:54:23 - INFO - Balance de clases tras SMOTETomek:
target
1.0    420
0.0    420
Name: count, dtype: int64
2025-01-29 19:54:24 - INFO - Balance de clases tras SMOTETomek:
target
1.0    424
0.0    424
Name: count, dtype: int64
2025-01-29 19:54:25 - INFO - Balance de clases tras SMOTETomek:
target
1.0    418
0.0    418
Name: count, dtype: int64
2025-01-29 19:54:26 - INFO - Balance de clases tras SMOTETomek:
target
1.0    428
0.0    428
Name: count, dtype: int64
2025-01-29 19:54:27 - INFO - Balance de clases tras SMOTETomek:
target
1.0    422
0.0    422
Name: count, dtype: int64
2025-01-29 19:54:28 - INFO - Balance de clases tras SMOTETomek:
target
1.0    420
0.0    420
Name: count, dtype: int64
2025-01-29 19:54:28 - INFO - Balance de clases tras SMOTETomek:
target
1.0    424
0.0    424
Name: count, dtype: int64
2025-01-29 19:54:28 - INFO - Balance de clases tras SMOTETomek:
target
1.0    418
0.0    418
Name: count, dtype: int64
2025-01-29 19:54:28 - INFO - Balance de clases tras SMOTETomek:
target
1.0    428
0.0    428
Name: count, dtype: int64
2025-01-29 19:54:28 - INFO - Balance de clases tras SMOTETomek:
target
1.0    422
0.0    422
Name: count, dtype: int64
2025-01-29 19:54:29 - INFO - Balance de clases tras SMOTETomek:
target
1.0    420
0.0    420
Name: count, dtype: int64
2025-01-29 19:54:29 - INFO - Balance de clases tras SMOTETomek:
target
1.0    424
0.0    424
Name: count, dtype: int64
2025-01-29 19:54:30 - INFO - Balance de clases tras SMOTETomek:
target
1.0    418
0.0    418
Name: count, dtype: int64
2025-01-29 19:54:30 - INFO - Balance de clases tras SMOTETomek:
target
1.0    428
0.0    428
Name: count, dtype: int64
2025-01-29 19:54:30 - INFO - Balance de clases tras SMOTETomek:
target
1.0    422
0.0    422
Name: count, dtype: int64
2025-01-29 19:54:31 - INFO - Balance de clases tras SMOTETomek:
target
1.0    420
0.0    420
Name: count, dtype: int64
2025-01-29 19:54:32 - INFO - Balance de clases tras SMOTETomek:
target
1.0    424
0.0    424
Name: count, dtype: int64
2025-01-29 19:54:33 - INFO - Balance de clases tras SMOTETomek:
target
1.0    418
0.0    418
Name: count, dtype: int64
2025-01-29 19:54:33 - INFO - Balance de clases tras SMOTETomek:
target
1.0    428
0.0    428
Name: count, dtype: int64
2025-01-29 19:54:34 - INFO - Balance de clases tras SMOTETomek:
target
1.0    422
0.0    422
Name: count, dtype: int64
2025-01-29 19:54:35 - INFO - Balance de clases tras SMOTETomek:
target
1.0    420
0.0    420
Name: count, dtype: int64
2025-01-29 19:54:36 - INFO - Balance de clases tras SMOTETomek:
target
1.0    424
0.0    424
Name: count, dtype: int64
2025-01-29 19:54:37 - INFO - Balance de clases tras SMOTETomek:
target
1.0    418
0.0    418
Name: count, dtype: int64
2025-01-29 19:54:38 - INFO - Balance de clases tras SMOTETomek:
target
1.0    428
0.0    428
Name: count, dtype: int64
2025-01-29 19:54:38 - INFO - Balance de clases tras SMOTETomek:
target
1.0    422
0.0    422
Name: count, dtype: int64
2025-01-29 19:54:39 - INFO - Balance de clases tras SMOTETomek:
target
1.0    420
0.0    420
Name: count, dtype: int64
2025-01-29 19:54:40 - INFO - Balance de clases tras SMOTETomek:
target
1.0    424
0.0    424
Name: count, dtype: int64
2025-01-29 19:54:40 - INFO - Balance de clases tras SMOTETomek:
target
1.0    418
0.0    418
Name: count, dtype: int64
2025-01-29 19:54:40 - INFO - Balance de clases tras SMOTETomek:
target
1.0    428
0.0    428
Name: count, dtype: int64
2025-01-29 19:54:41 - INFO - Balance de clases tras SMOTETomek:
target
1.0    422
0.0    422
Name: count, dtype: int64
2025-01-29 19:54:41 - INFO - Balance de clases tras SMOTETomek:
target
1.0    420
0.0    420
Name: count, dtype: int64
2025-01-29 19:54:42 - INFO - Balance de clases tras SMOTETomek:
target
1.0    424
0.0    424
Name: count, dtype: int64
2025-01-29 19:54:43 - INFO - Balance de clases tras SMOTETomek:
target
1.0    418
0.0    418
Name: count, dtype: int64
2025-01-29 19:54:43 - INFO - Balance de clases tras SMOTETomek:
target
1.0    428
0.0    428
Name: count, dtype: int64
2025-01-29 19:54:44 - INFO - Balance de clases tras SMOTETomek:
target
1.0    422
0.0    422
Name: count, dtype: int64
2025-01-29 19:54:44 - INFO - Balance de clases tras SMOTETomek:
target
1.0    420
0.0    420
Name: count, dtype: int64
2025-01-29 19:54:45 - INFO - Balance de clases tras SMOTETomek:
target
1.0    424
0.0    424
Name: count, dtype: int64
2025-01-29 19:54:45 - INFO - Balance de clases tras SMOTETomek:
target
1.0    418
0.0    418
Name: count, dtype: int64
2025-01-29 19:54:46 - INFO - Balance de clases tras SMOTETomek:
target
1.0    428
0.0    428
Name: count, dtype: int64
2025-01-29 19:54:46 - INFO - Balance de clases tras SMOTETomek:
target
1.0    422
0.0    422
Name: count, dtype: int64
2025-01-29 19:54:47 - INFO - Balance de clases tras SMOTETomek:
target
1.0    420
0.0    420
Name: count, dtype: int64
2025-01-29 19:54:48 - INFO - Balance de clases tras SMOTETomek:
target
1.0    424
0.0    424
Name: count, dtype: int64
2025-01-29 19:54:49 - INFO - Balance de clases tras SMOTETomek:
target
1.0    418
0.0    418
Name: count, dtype: int64
2025-01-29 19:54:50 - INFO - Balance de clases tras SMOTETomek:
target
1.0    428
0.0    428
Name: count, dtype: int64
2025-01-29 19:54:51 - INFO - Balance de clases tras SMOTETomek:
target
1.0    422
0.0    422
Name: count, dtype: int64
2025-01-29 19:54:52 - INFO - Balance de clases tras SMOTETomek:
target
1.0    420
0.0    420
Name: count, dtype: int64
2025-01-29 19:54:52 - INFO - Balance de clases tras SMOTETomek:
target
1.0    424
0.0    424
Name: count, dtype: int64
2025-01-29 19:54:53 - INFO - Balance de clases tras SMOTETomek:
target
1.0    418
0.0    418
Name: count, dtype: int64
2025-01-29 19:54:54 - INFO - Balance de clases tras SMOTETomek:
target
1.0    428
0.0    428
Name: count, dtype: int64
2025-01-29 19:54:55 - INFO - Balance de clases tras SMOTETomek:
target
1.0    422
0.0    422
Name: count, dtype: int64
2025-01-29 19:54:56 - INFO - Balance de clases tras SMOTETomek:
target
1.0    420
0.0    420
Name: count, dtype: int64
2025-01-29 19:54:56 - INFO - Balance de clases tras SMOTETomek:
target
1.0    424
0.0    424
Name: count, dtype: int64
2025-01-29 19:54:57 - INFO - Balance de clases tras SMOTETomek:
target
1.0    418
0.0    418
Name: count, dtype: int64
2025-01-29 19:54:57 - INFO - Balance de clases tras SMOTETomek:
target
1.0    428
0.0    428
Name: count, dtype: int64
2025-01-29 19:54:58 - INFO - Balance de clases tras SMOTETomek:
target
1.0    422
0.0    422
Name: count, dtype: int64
2025-01-29 19:54:58 - INFO - Balance de clases tras SMOTETomek:
target
1.0    420
0.0    420
Name: count, dtype: int64
2025-01-29 19:54:59 - INFO - Balance de clases tras SMOTETomek:
target
1.0    424
0.0    424
Name: count, dtype: int64
2025-01-29 19:55:01 - INFO - Balance de clases tras SMOTETomek:
target
1.0    418
0.0    418
Name: count, dtype: int64
2025-01-29 19:55:02 - INFO - Balance de clases tras SMOTETomek:
target
1.0    428
0.0    428
Name: count, dtype: int64
2025-01-29 19:55:03 - INFO - Balance de clases tras SMOTETomek:
target
1.0    422
0.0    422
Name: count, dtype: int64
2025-01-29 19:55:04 - INFO - Balance de clases tras SMOTETomek:
target
1.0    420
0.0    420
Name: count, dtype: int64
2025-01-29 19:55:04 - INFO - Balance de clases tras SMOTETomek:
target
1.0    424
0.0    424
Name: count, dtype: int64
2025-01-29 19:55:05 - INFO - Balance de clases tras SMOTETomek:
target
1.0    418
0.0    418
Name: count, dtype: int64
2025-01-29 19:55:05 - INFO - Balance de clases tras SMOTETomek:
target
1.0    428
0.0    428
Name: count, dtype: int64
2025-01-29 19:55:05 - INFO - Balance de clases tras SMOTETomek:
target
1.0    422
0.0    422
Name: count, dtype: int64
2025-01-29 19:55:06 - INFO - Balance de clases tras SMOTETomek:
target
1.0    420
0.0    420
Name: count, dtype: int64
2025-01-29 19:55:06 - INFO - Balance de clases tras SMOTETomek:
target
1.0    424
0.0    424
Name: count, dtype: int64
2025-01-29 19:55:07 - INFO - Balance de clases tras SMOTETomek:
target
1.0    418
0.0    418
Name: count, dtype: int64
2025-01-29 19:55:07 - INFO - Balance de clases tras SMOTETomek:
target
1.0    428
0.0    428
Name: count, dtype: int64
2025-01-29 19:55:08 - INFO - Balance de clases tras SMOTETomek:
target
1.0    422
0.0    422
Name: count, dtype: int64
2025-01-29 19:55:08 - INFO - Balance de clases tras SMOTETomek:
target
1.0    420
0.0    420
Name: count, dtype: int64
2025-01-29 19:55:09 - INFO - Balance de clases tras SMOTETomek:
target
1.0    424
0.0    424
Name: count, dtype: int64
2025-01-29 19:55:09 - INFO - Balance de clases tras SMOTETomek:
target
1.0    418
0.0    418
Name: count, dtype: int64
2025-01-29 19:55:09 - INFO - Balance de clases tras SMOTETomek:
target
1.0    428
0.0    428
Name: count, dtype: int64
2025-01-29 19:55:10 - INFO - Balance de clases tras SMOTETomek:
target
1.0    422
0.0    422
Name: count, dtype: int64
2025-01-29 19:55:10 - INFO - Balance de clases tras SMOTETomek:
target
1.0    420
0.0    420
Name: count, dtype: int64
2025-01-29 19:55:11 - INFO - Balance de clases tras SMOTETomek:
target
1.0    424
0.0    424
Name: count, dtype: int64
2025-01-29 19:55:11 - INFO - Balance de clases tras SMOTETomek:
target
1.0    418
0.0    418
Name: count, dtype: int64
2025-01-29 19:55:11 - INFO - Balance de clases tras SMOTETomek:
target
1.0    428
0.0    428
Name: count, dtype: int64
2025-01-29 19:55:12 - INFO - Balance de clases tras SMOTETomek:
target
1.0    422
0.0    422
Name: count, dtype: int64
2025-01-29 19:55:12 - INFO - Balance de clases tras SMOTETomek:
target
1.0    420
0.0    420
Name: count, dtype: int64
2025-01-29 19:55:13 - INFO - Balance de clases tras SMOTETomek:
target
1.0    424
0.0    424
Name: count, dtype: int64
2025-01-29 19:55:13 - INFO - Balance de clases tras SMOTETomek:
target
1.0    418
0.0    418
Name: count, dtype: int64
2025-01-29 19:55:14 - INFO - Balance de clases tras SMOTETomek:
target
1.0    428
0.0    428
Name: count, dtype: int64
2025-01-29 19:55:15 - INFO - Balance de clases tras SMOTETomek:
target
1.0    422
0.0    422
Name: count, dtype: int64
2025-01-29 19:55:16 - INFO - Balance de clases tras SMOTETomek:
target
1.0    420
0.0    420
Name: count, dtype: int64
2025-01-29 19:55:16 - INFO - Balance de clases tras SMOTETomek:
target
1.0    424
0.0    424
Name: count, dtype: int64
2025-01-29 19:55:17 - INFO - Balance de clases tras SMOTETomek:
target
1.0    418
0.0    418
Name: count, dtype: int64
2025-01-29 19:55:17 - INFO - Balance de clases tras SMOTETomek:
target
1.0    428
0.0    428
Name: count, dtype: int64
2025-01-29 19:55:18 - INFO - Balance de clases tras SMOTETomek:
target
1.0    422
0.0    422
Name: count, dtype: int64
2025-01-29 19:55:18 - INFO - Balance de clases tras SMOTETomek:
target
1.0    420
0.0    420
Name: count, dtype: int64
2025-01-29 19:55:19 - INFO - Balance de clases tras SMOTETomek:
target
1.0    424
0.0    424
Name: count, dtype: int64
2025-01-29 19:55:20 - INFO - Balance de clases tras SMOTETomek:
target
1.0    418
0.0    418
Name: count, dtype: int64
2025-01-29 19:55:21 - INFO - Balance de clases tras SMOTETomek:
target
1.0    428
0.0    428
Name: count, dtype: int64
2025-01-29 19:55:22 - INFO - Balance de clases tras SMOTETomek:
target
1.0    422
0.0    422
Name: count, dtype: int64
2025-01-29 19:55:23 - INFO - Balance de clases tras SMOTETomek:
target
1.0    420
0.0    420
Name: count, dtype: int64
2025-01-29 19:55:24 - INFO - Balance de clases tras SMOTETomek:
target
1.0    424
0.0    424
Name: count, dtype: int64
2025-01-29 19:55:24 - INFO - Balance de clases tras SMOTETomek:
target
1.0    418
0.0    418
Name: count, dtype: int64
2025-01-29 19:55:25 - INFO - Balance de clases tras SMOTETomek:
target
1.0    428
0.0    428
Name: count, dtype: int64
2025-01-29 19:55:25 - INFO - Balance de clases tras SMOTETomek:
target
1.0    422
0.0    422
Name: count, dtype: int64
2025-01-29 19:55:26 - INFO - Balance de clases tras SMOTETomek:
target
1.0    420
0.0    420
Name: count, dtype: int64
2025-01-29 19:55:27 - INFO - Balance de clases tras SMOTETomek:
target
1.0    424
0.0    424
Name: count, dtype: int64
2025-01-29 19:55:28 - INFO - Balance de clases tras SMOTETomek:
target
1.0    418
0.0    418
Name: count, dtype: int64
2025-01-29 19:55:29 - INFO - Balance de clases tras SMOTETomek:
target
1.0    428
0.0    428
Name: count, dtype: int64
2025-01-29 19:55:30 - INFO - Balance de clases tras SMOTETomek:
target
1.0    422
0.0    422
Name: count, dtype: int64
2025-01-29 19:55:31 - INFO - Balance de clases tras SMOTETomek:
target
1.0    420
0.0    420
Name: count, dtype: int64
2025-01-29 19:55:31 - INFO - Balance de clases tras SMOTETomek:
target
1.0    424
0.0    424
Name: count, dtype: int64
2025-01-29 19:55:32 - INFO - Balance de clases tras SMOTETomek:
target
1.0    418
0.0    418
Name: count, dtype: int64
2025-01-29 19:55:32 - INFO - Balance de clases tras SMOTETomek:
target
1.0    428
0.0    428
Name: count, dtype: int64
2025-01-29 19:55:32 - INFO - Balance de clases tras SMOTETomek:
target
1.0    422
0.0    422
Name: count, dtype: int64
2025-01-29 19:55:33 - INFO - Balance de clases tras SMOTETomek:
target
1.0    420
0.0    420
Name: count, dtype: int64
2025-01-29 19:55:34 - INFO - Balance de clases tras SMOTETomek:
target
1.0    424
0.0    424
Name: count, dtype: int64
2025-01-29 19:55:35 - INFO - Balance de clases tras SMOTETomek:
target
1.0    418
0.0    418
Name: count, dtype: int64
2025-01-29 19:55:37 - INFO - Balance de clases tras SMOTETomek:
target
1.0    428
0.0    428
Name: count, dtype: int64
2025-01-29 19:55:38 - INFO - Balance de clases tras SMOTETomek:
target
1.0    422
0.0    422
Name: count, dtype: int64
2025-01-29 19:55:39 - INFO - Balance de clases tras SMOTETomek:
target
1.0    420
0.0    420
Name: count, dtype: int64
2025-01-29 19:55:40 - INFO - Balance de clases tras SMOTETomek:
target
1.0    424
0.0    424
Name: count, dtype: int64
2025-01-29 19:55:42 - INFO - Balance de clases tras SMOTETomek:
target
1.0    418
0.0    418
Name: count, dtype: int64
2025-01-29 19:55:43 - INFO - Balance de clases tras SMOTETomek:
target
1.0    428
0.0    428
Name: count, dtype: int64
2025-01-29 19:55:44 - INFO - Balance de clases tras SMOTETomek:
target
1.0    422
0.0    422
Name: count, dtype: int64
2025-01-29 19:55:46 - INFO - Balance de clases tras SMOTETomek:
target
1.0    420
0.0    420
Name: count, dtype: int64
2025-01-29 19:55:47 - INFO - Balance de clases tras SMOTETomek:
target
1.0    424
0.0    424
Name: count, dtype: int64
2025-01-29 19:55:49 - INFO - Balance de clases tras SMOTETomek:
target
1.0    418
0.0    418
Name: count, dtype: int64
2025-01-29 19:55:51 - INFO - Balance de clases tras SMOTETomek:
target
1.0    428
0.0    428
Name: count, dtype: int64
2025-01-29 19:55:53 - INFO - Balance de clases tras SMOTETomek:
target
1.0    422
0.0    422
Name: count, dtype: int64
2025-01-29 19:55:54 - INFO - Balance de clases tras SMOTETomek:
target
1.0    420
0.0    420
Name: count, dtype: int64
2025-01-29 19:55:55 - INFO - Balance de clases tras SMOTETomek:
target
1.0    424
0.0    424
Name: count, dtype: int64
2025-01-29 19:55:57 - INFO - Balance de clases tras SMOTETomek:
target
1.0    418
0.0    418
Name: count, dtype: int64
2025-01-29 19:55:58 - INFO - Balance de clases tras SMOTETomek:
target
1.0    428
0.0    428
Name: count, dtype: int64
2025-01-29 19:55:59 - INFO - Balance de clases tras SMOTETomek:
target
1.0    422
0.0    422
Name: count, dtype: int64
2025-01-29 19:56:01 - INFO - Balance de clases tras SMOTETomek:
target
1.0    420
0.0    420
Name: count, dtype: int64
2025-01-29 19:56:02 - INFO - Balance de clases tras SMOTETomek:
target
1.0    424
0.0    424
Name: count, dtype: int64
2025-01-29 19:56:03 - INFO - Balance de clases tras SMOTETomek:
target
1.0    418
0.0    418
Name: count, dtype: int64
2025-01-29 19:56:04 - INFO - Balance de clases tras SMOTETomek:
target
1.0    428
0.0    428
Name: count, dtype: int64
2025-01-29 19:56:05 - INFO - Balance de clases tras SMOTETomek:
target
1.0    422
0.0    422
Name: count, dtype: int64
2025-01-29 19:56:06 - INFO - Balance de clases tras SMOTETomek:
target
1.0    420
0.0    420
Name: count, dtype: int64
2025-01-29 19:56:08 - INFO - Balance de clases tras SMOTETomek:
target
1.0    424
0.0    424
Name: count, dtype: int64
2025-01-29 19:56:09 - INFO - Balance de clases tras SMOTETomek:
target
1.0    418
0.0    418
Name: count, dtype: int64
2025-01-29 19:56:11 - INFO - Balance de clases tras SMOTETomek:
target
1.0    428
0.0    428
Name: count, dtype: int64
2025-01-29 19:56:12 - INFO - Balance de clases tras SMOTETomek:
target
1.0    422
0.0    422
Name: count, dtype: int64
2025-01-29 19:56:14 - INFO - Balance de clases tras SMOTETomek:
target
1.0    420
0.0    420
Name: count, dtype: int64
2025-01-29 19:56:14 - INFO - Balance de clases tras SMOTETomek:
target
1.0    424
0.0    424
Name: count, dtype: int64
2025-01-29 19:56:14 - INFO - Balance de clases tras SMOTETomek:
target
1.0    418
0.0    418
Name: count, dtype: int64
2025-01-29 19:56:15 - INFO - Balance de clases tras SMOTETomek:
target
1.0    428
0.0    428
Name: count, dtype: int64
2025-01-29 19:56:15 - INFO - Balance de clases tras SMOTETomek:
target
1.0    422
0.0    422
Name: count, dtype: int64
2025-01-29 19:56:16 - INFO - Balance de clases tras SMOTETomek:
target
1.0    420
0.0    420
Name: count, dtype: int64
2025-01-29 19:56:17 - INFO - Balance de clases tras SMOTETomek:
target
1.0    424
0.0    424
Name: count, dtype: int64
2025-01-29 19:56:18 - INFO - Balance de clases tras SMOTETomek:
target
1.0    418
0.0    418
Name: count, dtype: int64
2025-01-29 19:56:19 - INFO - Balance de clases tras SMOTETomek:
target
1.0    428
0.0    428
Name: count, dtype: int64
2025-01-29 19:56:20 - INFO - Balance de clases tras SMOTETomek:
target
1.0    422
0.0    422
Name: count, dtype: int64
2025-01-29 19:56:21 - INFO - Balance de clases tras SMOTETomek:
target
1.0    420
0.0    420
Name: count, dtype: int64
2025-01-29 19:56:22 - INFO - Balance de clases tras SMOTETomek:
target
1.0    424
0.0    424
Name: count, dtype: int64
2025-01-29 19:56:23 - INFO - Balance de clases tras SMOTETomek:
target
1.0    418
0.0    418
Name: count, dtype: int64
2025-01-29 19:56:24 - INFO - Balance de clases tras SMOTETomek:
target
1.0    428
0.0    428
Name: count, dtype: int64
2025-01-29 19:56:25 - INFO - Balance de clases tras SMOTETomek:
target
1.0    422
0.0    422
Name: count, dtype: int64
2025-01-29 19:56:26 - INFO - Balance de clases tras SMOTETomek:
target
1.0    420
0.0    420
Name: count, dtype: int64
2025-01-29 19:56:27 - INFO - Balance de clases tras SMOTETomek:
target
1.0    424
0.0    424
Name: count, dtype: int64
2025-01-29 19:56:27 - INFO - Balance de clases tras SMOTETomek:
target
1.0    418
0.0    418
Name: count, dtype: int64
2025-01-29 19:56:28 - INFO - Balance de clases tras SMOTETomek:
target
1.0    428
0.0    428
Name: count, dtype: int64
2025-01-29 19:56:28 - INFO - Balance de clases tras SMOTETomek:
target
1.0    422
0.0    422
Name: count, dtype: int64
2025-01-29 19:56:29 - INFO - Balance de clases tras SMOTETomek:
target
1.0    420
0.0    420
Name: count, dtype: int64
2025-01-29 19:56:30 - INFO - Balance de clases tras SMOTETomek:
target
1.0    424
0.0    424
Name: count, dtype: int64
2025-01-29 19:56:31 - INFO - Balance de clases tras SMOTETomek:
target
1.0    418
0.0    418
Name: count, dtype: int64
2025-01-29 19:56:31 - INFO - Balance de clases tras SMOTETomek:
target
1.0    428
0.0    428
Name: count, dtype: int64
2025-01-29 19:56:32 - INFO - Balance de clases tras SMOTETomek:
target
1.0    422
0.0    422
Name: count, dtype: int64
2025-01-29 19:56:33 - INFO - Balance de clases tras SMOTETomek:
target
1.0    420
0.0    420
Name: count, dtype: int64
2025-01-29 19:56:34 - INFO - Balance de clases tras SMOTETomek:
target
1.0    424
0.0    424
Name: count, dtype: int64
2025-01-29 19:56:35 - INFO - Balance de clases tras SMOTETomek:
target
1.0    418
0.0    418
Name: count, dtype: int64
2025-01-29 19:56:36 - INFO - Balance de clases tras SMOTETomek:
target
1.0    428
0.0    428
Name: count, dtype: int64
2025-01-29 19:56:36 - INFO - Balance de clases tras SMOTETomek:
target
1.0    422
0.0    422
Name: count, dtype: int64
2025-01-29 19:56:37 - INFO - Balance de clases tras SMOTETomek:
target
1.0    420
0.0    420
Name: count, dtype: int64
2025-01-29 19:56:38 - INFO - Balance de clases tras SMOTETomek:
target
1.0    424
0.0    424
Name: count, dtype: int64
2025-01-29 19:56:38 - INFO - Balance de clases tras SMOTETomek:
target
1.0    418
0.0    418
Name: count, dtype: int64
2025-01-29 19:56:39 - INFO - Balance de clases tras SMOTETomek:
target
1.0    428
0.0    428
Name: count, dtype: int64
2025-01-29 19:56:39 - INFO - Balance de clases tras SMOTETomek:
target
1.0    422
0.0    422
Name: count, dtype: int64
2025-01-29 19:56:40 - INFO - Balance de clases tras SMOTETomek:
target
1.0    420
0.0    420
Name: count, dtype: int64
2025-01-29 19:56:41 - INFO - Balance de clases tras SMOTETomek:
target
1.0    424
0.0    424
Name: count, dtype: int64
2025-01-29 19:56:41 - INFO - Balance de clases tras SMOTETomek:
target
1.0    418
0.0    418
Name: count, dtype: int64
2025-01-29 19:56:42 - INFO - Balance de clases tras SMOTETomek:
target
1.0    428
0.0    428
Name: count, dtype: int64
2025-01-29 19:56:42 - INFO - Balance de clases tras SMOTETomek:
target
1.0    422
0.0    422
Name: count, dtype: int64
2025-01-29 19:56:43 - INFO - Balance de clases tras SMOTETomek:
target
1.0    420
0.0    420
Name: count, dtype: int64
2025-01-29 19:56:44 - INFO - Balance de clases tras SMOTETomek:
target
1.0    424
0.0    424
Name: count, dtype: int64
2025-01-29 19:56:45 - INFO - Balance de clases tras SMOTETomek:
target
1.0    418
0.0    418
Name: count, dtype: int64
2025-01-29 19:56:46 - INFO - Balance de clases tras SMOTETomek:
target
1.0    428
0.0    428
Name: count, dtype: int64
2025-01-29 19:56:46 - INFO - Balance de clases tras SMOTETomek:
target
1.0    422
0.0    422
Name: count, dtype: int64
2025-01-29 19:56:47 - INFO - Balance de clases tras SMOTETomek:
target
1.0    420
0.0    420
Name: count, dtype: int64
2025-01-29 19:56:48 - INFO - Balance de clases tras SMOTETomek:
target
1.0    424
0.0    424
Name: count, dtype: int64
2025-01-29 19:56:49 - INFO - Balance de clases tras SMOTETomek:
target
1.0    418
0.0    418
Name: count, dtype: int64
2025-01-29 19:56:50 - INFO - Balance de clases tras SMOTETomek:
target
1.0    428
0.0    428
Name: count, dtype: int64
2025-01-29 19:56:51 - INFO - Balance de clases tras SMOTETomek:
target
1.0    422
0.0    422
Name: count, dtype: int64
2025-01-29 19:56:52 - INFO - Balance de clases tras SMOTETomek:
target
1.0    420
0.0    420
Name: count, dtype: int64
2025-01-29 19:56:52 - INFO - Balance de clases tras SMOTETomek:
target
1.0    424
0.0    424
Name: count, dtype: int64
2025-01-29 19:56:53 - INFO - Balance de clases tras SMOTETomek:
target
1.0    418
0.0    418
Name: count, dtype: int64
2025-01-29 19:56:53 - INFO - Balance de clases tras SMOTETomek:
target
1.0    428
0.0    428
Name: count, dtype: int64
2025-01-29 19:56:54 - INFO - Balance de clases tras SMOTETomek:
target
1.0    422
0.0    422
Name: count, dtype: int64
2025-01-29 19:56:55 - INFO - Balance de clases tras SMOTETomek:
target
1.0    420
0.0    420
Name: count, dtype: int64
2025-01-29 19:56:55 - INFO - Balance de clases tras SMOTETomek:
target
1.0    424
0.0    424
Name: count, dtype: int64
2025-01-29 19:56:56 - INFO - Balance de clases tras SMOTETomek:
target
1.0    418
0.0    418
Name: count, dtype: int64
2025-01-29 19:56:57 - INFO - Balance de clases tras SMOTETomek:
target
1.0    428
0.0    428
Name: count, dtype: int64
2025-01-29 19:56:58 - INFO - Balance de clases tras SMOTETomek:
target
1.0    422
0.0    422
Name: count, dtype: int64
2025-01-29 19:56:59 - INFO - Balance de clases tras SMOTETomek:
target
1.0    420
0.0    420
Name: count, dtype: int64
2025-01-29 19:57:00 - INFO - Balance de clases tras SMOTETomek:
target
1.0    424
0.0    424
Name: count, dtype: int64
2025-01-29 19:57:00 - INFO - Balance de clases tras SMOTETomek:
target
1.0    418
0.0    418
Name: count, dtype: int64
2025-01-29 19:57:01 - INFO - Balance de clases tras SMOTETomek:
target
1.0    428
0.0    428
Name: count, dtype: int64
2025-01-29 19:57:01 - INFO - Balance de clases tras SMOTETomek:
target
1.0    422
0.0    422
Name: count, dtype: int64
2025-01-29 19:57:02 - INFO - Balance de clases tras SMOTETomek:
target
1.0    420
0.0    420
Name: count, dtype: int64
2025-01-29 19:57:02 - INFO - Balance de clases tras SMOTETomek:
target
1.0    424
0.0    424
Name: count, dtype: int64
2025-01-29 19:57:03 - INFO - Balance de clases tras SMOTETomek:
target
1.0    418
0.0    418
Name: count, dtype: int64
2025-01-29 19:57:03 - INFO - Balance de clases tras SMOTETomek:
target
1.0    428
0.0    428
Name: count, dtype: int64
2025-01-29 19:57:04 - INFO - Balance de clases tras SMOTETomek:
target
1.0    422
0.0    422
Name: count, dtype: int64
2025-01-29 19:57:04 - INFO - Balance de clases tras SMOTETomek:
target
1.0    420
0.0    420
Name: count, dtype: int64
2025-01-29 19:57:05 - INFO - Balance de clases tras SMOTETomek:
target
1.0    424
0.0    424
Name: count, dtype: int64
2025-01-29 19:57:05 - INFO - Balance de clases tras SMOTETomek:
target
1.0    418
0.0    418
Name: count, dtype: int64
2025-01-29 19:57:06 - INFO - Balance de clases tras SMOTETomek:
target
1.0    428
0.0    428
Name: count, dtype: int64
2025-01-29 19:57:07 - INFO - Balance de clases tras SMOTETomek:
target
1.0    422
0.0    422
Name: count, dtype: int64
2025-01-29 19:57:08 - INFO - Balance de clases tras SMOTETomek:
target
1.0    420
0.0    420
Name: count, dtype: int64
2025-01-29 19:57:08 - INFO - Balance de clases tras SMOTETomek:
target
1.0    424
0.0    424
Name: count, dtype: int64
2025-01-29 19:57:09 - INFO - Balance de clases tras SMOTETomek:
target
1.0    418
0.0    418
Name: count, dtype: int64
2025-01-29 19:57:10 - INFO - Balance de clases tras SMOTETomek:
target
1.0    428
0.0    428
Name: count, dtype: int64
2025-01-29 19:57:10 - INFO - Balance de clases tras SMOTETomek:
target
1.0    422
0.0    422
Name: count, dtype: int64
2025-01-29 19:57:11 - INFO - Balance de clases tras SMOTETomek:
target
1.0    420
0.0    420
Name: count, dtype: int64
2025-01-29 19:57:11 - INFO - Balance de clases tras SMOTETomek:
target
1.0    424
0.0    424
Name: count, dtype: int64
2025-01-29 19:57:12 - INFO - Balance de clases tras SMOTETomek:
target
1.0    418
0.0    418
Name: count, dtype: int64
2025-01-29 19:57:12 - INFO - Balance de clases tras SMOTETomek:
target
1.0    428
0.0    428
Name: count, dtype: int64
2025-01-29 19:57:12 - INFO - Balance de clases tras SMOTETomek:
target
1.0    422
0.0    422
Name: count, dtype: int64
2025-01-29 19:57:13 - INFO - Balance de clases tras SMOTETomek:
target
1.0    420
0.0    420
Name: count, dtype: int64
2025-01-29 19:57:13 - INFO - Balance de clases tras SMOTETomek:
target
1.0    424
0.0    424
Name: count, dtype: int64
2025-01-29 19:57:14 - INFO - Balance de clases tras SMOTETomek:
target
1.0    418
0.0    418
Name: count, dtype: int64
2025-01-29 19:57:14 - INFO - Balance de clases tras SMOTETomek:
target
1.0    428
0.0    428
Name: count, dtype: int64
2025-01-29 19:57:15 - INFO - Balance de clases tras SMOTETomek:
target
1.0    422
0.0    422
Name: count, dtype: int64
2025-01-29 19:57:16 - INFO - Balance de clases tras SMOTETomek:
target
1.0    420
0.0    420
Name: count, dtype: int64
2025-01-29 19:57:16 - INFO - Balance de clases tras SMOTETomek:
target
1.0    424
0.0    424
Name: count, dtype: int64
2025-01-29 19:57:17 - INFO - Balance de clases tras SMOTETomek:
target
1.0    418
0.0    418
Name: count, dtype: int64
2025-01-29 19:57:18 - INFO - Balance de clases tras SMOTETomek:
target
1.0    428
0.0    428
Name: count, dtype: int64
2025-01-29 19:57:18 - INFO - Balance de clases tras SMOTETomek:
target
1.0    422
0.0    422
Name: count, dtype: int64
2025-01-29 19:57:19 - INFO - Balance de clases tras SMOTETomek:
target
1.0    420
0.0    420
Name: count, dtype: int64
2025-01-29 19:57:19 - INFO - Balance de clases tras SMOTETomek:
target
1.0    424
0.0    424
Name: count, dtype: int64
2025-01-29 19:57:20 - INFO - Balance de clases tras SMOTETomek:
target
1.0    418
0.0    418
Name: count, dtype: int64
2025-01-29 19:57:20 - INFO - Balance de clases tras SMOTETomek:
target
1.0    428
0.0    428
Name: count, dtype: int64
2025-01-29 19:57:21 - INFO - Balance de clases tras SMOTETomek:
target
1.0    422
0.0    422
Name: count, dtype: int64
2025-01-29 19:57:21 - INFO - Balance de clases tras SMOTETomek:
target
1.0    420
0.0    420
Name: count, dtype: int64
2025-01-29 19:57:22 - INFO - Balance de clases tras SMOTETomek:
target
1.0    424
0.0    424
Name: count, dtype: int64
2025-01-29 19:57:23 - INFO - Balance de clases tras SMOTETomek:
target
1.0    418
0.0    418
Name: count, dtype: int64
2025-01-29 19:57:23 - INFO - Balance de clases tras SMOTETomek:
target
1.0    428
0.0    428
Name: count, dtype: int64
2025-01-29 19:57:24 - INFO - Balance de clases tras SMOTETomek:
target
1.0    422
0.0    422
Name: count, dtype: int64
2025-01-29 19:57:25 - INFO - Balance de clases tras SMOTETomek:
target
1.0    420
0.0    420
Name: count, dtype: int64
2025-01-29 19:57:25 - INFO - Balance de clases tras SMOTETomek:
target
1.0    424
0.0    424
Name: count, dtype: int64
2025-01-29 19:57:26 - INFO - Balance de clases tras SMOTETomek:
target
1.0    418
0.0    418
Name: count, dtype: int64
2025-01-29 19:57:26 - INFO - Balance de clases tras SMOTETomek:
target
1.0    428
0.0    428
Name: count, dtype: int64
2025-01-29 19:57:27 - INFO - Balance de clases tras SMOTETomek:
target
1.0    422
0.0    422
Name: count, dtype: int64
2025-01-29 19:57:28 - INFO - Balance de clases tras SMOTETomek:
target
1.0    420
0.0    420
Name: count, dtype: int64
2025-01-29 19:57:29 - INFO - Balance de clases tras SMOTETomek:
target
1.0    424
0.0    424
Name: count, dtype: int64
2025-01-29 19:57:30 - INFO - Balance de clases tras SMOTETomek:
target
1.0    418
0.0    418
Name: count, dtype: int64
2025-01-29 19:57:30 - INFO - Balance de clases tras SMOTETomek:
target
1.0    428
0.0    428
Name: count, dtype: int64
2025-01-29 19:57:31 - INFO - Balance de clases tras SMOTETomek:
target
1.0    422
0.0    422
Name: count, dtype: int64
2025-01-29 19:57:32 - INFO - Balance de clases tras SMOTETomek:
target
1.0    420
0.0    420
Name: count, dtype: int64
2025-01-29 19:57:33 - INFO - Balance de clases tras SMOTETomek:
target
1.0    424
0.0    424
Name: count, dtype: int64
2025-01-29 19:57:33 - INFO - Balance de clases tras SMOTETomek:
target
1.0    418
0.0    418
Name: count, dtype: int64
2025-01-29 19:57:34 - INFO - Balance de clases tras SMOTETomek:
target
1.0    428
0.0    428
Name: count, dtype: int64
2025-01-29 19:57:35 - INFO - Balance de clases tras SMOTETomek:
target
1.0    422
0.0    422
Name: count, dtype: int64
2025-01-29 19:57:35 - INFO - Balance de clases tras SMOTETomek:
target
1.0    420
0.0    420
Name: count, dtype: int64
2025-01-29 19:57:35 - INFO - Balance de clases tras SMOTETomek:
target
1.0    424
0.0    424
Name: count, dtype: int64
2025-01-29 19:57:36 - INFO - Balance de clases tras SMOTETomek:
target
1.0    418
0.0    418
Name: count, dtype: int64
2025-01-29 19:57:36 - INFO - Balance de clases tras SMOTETomek:
target
1.0    428
0.0    428
Name: count, dtype: int64
2025-01-29 19:57:36 - INFO - Balance de clases tras SMOTETomek:
target
1.0    422
0.0    422
Name: count, dtype: int64
2025-01-29 19:57:36 - INFO - Balance de clases tras SMOTETomek:
target
1.0    420
0.0    420
Name: count, dtype: int64
2025-01-29 19:57:37 - INFO - Balance de clases tras SMOTETomek:
target
1.0    424
0.0    424
Name: count, dtype: int64
2025-01-29 19:57:38 - INFO - Balance de clases tras SMOTETomek:
target
1.0    418
0.0    418
Name: count, dtype: int64
2025-01-29 19:57:38 - INFO - Balance de clases tras SMOTETomek:
target
1.0    428
0.0    428
Name: count, dtype: int64
2025-01-29 19:57:39 - INFO - Balance de clases tras SMOTETomek:
target
1.0    422
0.0    422
Name: count, dtype: int64
2025-01-29 19:57:40 - INFO - Balance de clases tras SMOTETomek:
target
1.0    420
0.0    420
Name: count, dtype: int64
2025-01-29 19:57:41 - INFO - Balance de clases tras SMOTETomek:
target
1.0    424
0.0    424
Name: count, dtype: int64
2025-01-29 19:57:41 - INFO - Balance de clases tras SMOTETomek:
target
1.0    418
0.0    418
Name: count, dtype: int64
2025-01-29 19:57:42 - INFO - Balance de clases tras SMOTETomek:
target
1.0    428
0.0    428
Name: count, dtype: int64
2025-01-29 19:57:42 - INFO - Balance de clases tras SMOTETomek:
target
1.0    422
0.0    422
Name: count, dtype: int64
2025-01-29 19:57:43 - INFO - Balance de clases tras SMOTETomek:
target
1.0    420
0.0    420
Name: count, dtype: int64
2025-01-29 19:57:44 - INFO - Balance de clases tras SMOTETomek:
target
1.0    424
0.0    424
Name: count, dtype: int64
2025-01-29 19:57:45 - INFO - Balance de clases tras SMOTETomek:
target
1.0    418
0.0    418
Name: count, dtype: int64
2025-01-29 19:57:45 - INFO - Balance de clases tras SMOTETomek:
target
1.0    428
0.0    428
Name: count, dtype: int64
2025-01-29 19:57:46 - INFO - Balance de clases tras SMOTETomek:
target
1.0    422
0.0    422
Name: count, dtype: int64
2025-01-29 19:57:47 - INFO - Balance de clases tras SMOTETomek:
target
1.0    420
0.0    420
Name: count, dtype: int64
2025-01-29 19:57:48 - INFO - Balance de clases tras SMOTETomek:
target
1.0    424
0.0    424
Name: count, dtype: int64
2025-01-29 19:57:49 - INFO - Balance de clases tras SMOTETomek:
target
1.0    418
0.0    418
Name: count, dtype: int64
2025-01-29 19:57:49 - INFO - Balance de clases tras SMOTETomek:
target
1.0    428
0.0    428
Name: count, dtype: int64
2025-01-29 19:57:50 - INFO - Balance de clases tras SMOTETomek:
target
1.0    422
0.0    422
Name: count, dtype: int64
2025-01-29 19:57:51 - INFO - Balance de clases tras SMOTETomek:
target
1.0    420
0.0    420
Name: count, dtype: int64
2025-01-29 19:57:51 - INFO - Balance de clases tras SMOTETomek:
target
1.0    424
0.0    424
Name: count, dtype: int64
2025-01-29 19:57:52 - INFO - Balance de clases tras SMOTETomek:
target
1.0    418
0.0    418
Name: count, dtype: int64
2025-01-29 19:57:53 - INFO - Balance de clases tras SMOTETomek:
target
1.0    428
0.0    428
Name: count, dtype: int64
2025-01-29 19:57:54 - INFO - Balance de clases tras SMOTETomek:
target
1.0    422
0.0    422
Name: count, dtype: int64
2025-01-29 19:57:54 - INFO - Balance de clases tras SMOTETomek:
target
1.0    420
0.0    420
Name: count, dtype: int64
2025-01-29 19:57:55 - INFO - Balance de clases tras SMOTETomek:
target
1.0    424
0.0    424
Name: count, dtype: int64
2025-01-29 19:57:55 - INFO - Balance de clases tras SMOTETomek:
target
1.0    418
0.0    418
Name: count, dtype: int64
2025-01-29 19:57:56 - INFO - Balance de clases tras SMOTETomek:
target
1.0    428
0.0    428
Name: count, dtype: int64
2025-01-29 19:57:56 - INFO - Balance de clases tras SMOTETomek:
target
1.0    422
0.0    422
Name: count, dtype: int64
2025-01-29 19:57:57 - INFO - Balance de clases tras SMOTETomek:
target
1.0    420
0.0    420
Name: count, dtype: int64
2025-01-29 19:57:57 - INFO - Balance de clases tras SMOTETomek:
target
1.0    424
0.0    424
Name: count, dtype: int64
2025-01-29 19:57:58 - INFO - Balance de clases tras SMOTETomek:
target
1.0    418
0.0    418
Name: count, dtype: int64
2025-01-29 19:57:58 - INFO - Balance de clases tras SMOTETomek:
target
1.0    428
0.0    428
Name: count, dtype: int64
2025-01-29 19:57:58 - INFO - Balance de clases tras SMOTETomek:
target
1.0    422
0.0    422
Name: count, dtype: int64
2025-01-29 19:57:59 - INFO - Balance de clases tras SMOTETomek:
target
1.0    420
0.0    420
Name: count, dtype: int64
2025-01-29 19:58:00 - INFO - Balance de clases tras SMOTETomek:
target
1.0    424
0.0    424
Name: count, dtype: int64
2025-01-29 19:58:00 - INFO - Balance de clases tras SMOTETomek:
target
1.0    418
0.0    418
Name: count, dtype: int64
2025-01-29 19:58:01 - INFO - Balance de clases tras SMOTETomek:
target
1.0    428
0.0    428
Name: count, dtype: int64
2025-01-29 19:58:02 - INFO - Balance de clases tras SMOTETomek:
target
1.0    422
0.0    422
Name: count, dtype: int64
2025-01-29 19:58:03 - INFO - Balance de clases tras SMOTETomek:
target
1.0    420
0.0    420
Name: count, dtype: int64
2025-01-29 19:58:04 - INFO - Balance de clases tras SMOTETomek:
target
1.0    424
0.0    424
Name: count, dtype: int64
2025-01-29 19:58:05 - INFO - Balance de clases tras SMOTETomek:
target
1.0    418
0.0    418
Name: count, dtype: int64
2025-01-29 19:58:05 - INFO - Balance de clases tras SMOTETomek:
target
1.0    428
0.0    428
Name: count, dtype: int64
2025-01-29 19:58:06 - INFO - Balance de clases tras SMOTETomek:
target
1.0    422
0.0    422
Name: count, dtype: int64
2025-01-29 19:58:07 - INFO - Balance de clases tras SMOTETomek:
target
1.0    420
0.0    420
Name: count, dtype: int64
2025-01-29 19:58:08 - INFO - Balance de clases tras SMOTETomek:
target
1.0    424
0.0    424
Name: count, dtype: int64
2025-01-29 19:58:09 - INFO - Balance de clases tras SMOTETomek:
target
1.0    418
0.0    418
Name: count, dtype: int64
2025-01-29 19:58:10 - INFO - Balance de clases tras SMOTETomek:
target
1.0    428
0.0    428
Name: count, dtype: int64
2025-01-29 19:58:11 - INFO - Balance de clases tras SMOTETomek:
target
1.0    422
0.0    422
Name: count, dtype: int64
2025-01-29 19:58:12 - INFO - Balance de clases tras SMOTETomek:
target
1.0    420
0.0    420
Name: count, dtype: int64
2025-01-29 19:58:13 - INFO - Balance de clases tras SMOTETomek:
target
1.0    424
0.0    424
Name: count, dtype: int64
2025-01-29 19:58:13 - INFO - Balance de clases tras SMOTETomek:
target
1.0    418
0.0    418
Name: count, dtype: int64
2025-01-29 19:58:14 - INFO - Balance de clases tras SMOTETomek:
target
1.0    428
0.0    428
Name: count, dtype: int64
2025-01-29 19:58:15 - INFO - Balance de clases tras SMOTETomek:
target
1.0    422
0.0    422
Name: count, dtype: int64
2025-01-29 19:58:16 - INFO - Balance de clases tras SMOTETomek:
target
1.0    420
0.0    420
Name: count, dtype: int64
2025-01-29 19:58:17 - INFO - Balance de clases tras SMOTETomek:
target
1.0    424
0.0    424
Name: count, dtype: int64
2025-01-29 19:58:18 - INFO - Balance de clases tras SMOTETomek:
target
1.0    418
0.0    418
Name: count, dtype: int64
2025-01-29 19:58:18 - INFO - Balance de clases tras SMOTETomek:
target
1.0    428
0.0    428
Name: count, dtype: int64
2025-01-29 19:58:19 - INFO - Balance de clases tras SMOTETomek:
target
1.0    422
0.0    422
Name: count, dtype: int64
2025-01-29 19:58:20 - INFO - Balance de clases tras SMOTETomek:
target
1.0    420
0.0    420
Name: count, dtype: int64
2025-01-29 19:58:21 - INFO - Balance de clases tras SMOTETomek:
target
1.0    424
0.0    424
Name: count, dtype: int64
2025-01-29 19:58:23 - INFO - Balance de clases tras SMOTETomek:
target
1.0    418
0.0    418
Name: count, dtype: int64
2025-01-29 19:58:24 - INFO - Balance de clases tras SMOTETomek:
target
1.0    428
0.0    428
Name: count, dtype: int64
2025-01-29 19:58:25 - INFO - Balance de clases tras SMOTETomek:
target
1.0    422
0.0    422
Name: count, dtype: int64
2025-01-29 19:58:26 - INFO - Balance de clases tras SMOTETomek:
target
1.0    420
0.0    420
Name: count, dtype: int64
2025-01-29 19:58:27 - INFO - Balance de clases tras SMOTETomek:
target
1.0    424
0.0    424
Name: count, dtype: int64
2025-01-29 19:58:27 - INFO - Balance de clases tras SMOTETomek:
target
1.0    418
0.0    418
Name: count, dtype: int64
2025-01-29 19:58:28 - INFO - Balance de clases tras SMOTETomek:
target
1.0    428
0.0    428
Name: count, dtype: int64
2025-01-29 19:58:29 - INFO - Balance de clases tras SMOTETomek:
target
1.0    422
0.0    422
Name: count, dtype: int64
2025-01-29 19:58:30 - INFO - Balance de clases tras SMOTETomek:
target
1.0    420
0.0    420
Name: count, dtype: int64
2025-01-29 19:58:31 - INFO - Balance de clases tras SMOTETomek:
target
1.0    424
0.0    424
Name: count, dtype: int64
2025-01-29 19:58:31 - INFO - Balance de clases tras SMOTETomek:
target
1.0    418
0.0    418
Name: count, dtype: int64
2025-01-29 19:58:32 - INFO - Balance de clases tras SMOTETomek:
target
1.0    428
0.0    428
Name: count, dtype: int64
2025-01-29 19:58:32 - INFO - Balance de clases tras SMOTETomek:
target
1.0    422
0.0    422
Name: count, dtype: int64
2025-01-29 19:58:33 - INFO - Balance de clases tras SMOTETomek:
target
1.0    420
0.0    420
Name: count, dtype: int64
2025-01-29 19:58:34 - INFO - Balance de clases tras SMOTETomek:
target
1.0    424
0.0    424
Name: count, dtype: int64
2025-01-29 19:58:35 - INFO - Balance de clases tras SMOTETomek:
target
1.0    418
0.0    418
Name: count, dtype: int64
2025-01-29 19:58:36 - INFO - Balance de clases tras SMOTETomek:
target
1.0    428
0.0    428
Name: count, dtype: int64
2025-01-29 19:58:36 - INFO - Balance de clases tras SMOTETomek:
target
1.0    422
0.0    422
Name: count, dtype: int64
2025-01-29 19:58:37 - INFO - Balance de clases tras SMOTETomek:
target
1.0    420
0.0    420
Name: count, dtype: int64
2025-01-29 19:58:38 - INFO - Balance de clases tras SMOTETomek:
target
1.0    424
0.0    424
Name: count, dtype: int64
2025-01-29 19:58:39 - INFO - Balance de clases tras SMOTETomek:
target
1.0    418
0.0    418
Name: count, dtype: int64
2025-01-29 19:58:40 - INFO - Balance de clases tras SMOTETomek:
target
1.0    428
0.0    428
Name: count, dtype: int64
2025-01-29 19:58:41 - INFO - Balance de clases tras SMOTETomek:
target
1.0    422
0.0    422
Name: count, dtype: int64
2025-01-29 19:58:42 - INFO - Balance de clases tras SMOTETomek:
target
1.0    420
0.0    420
Name: count, dtype: int64
2025-01-29 19:58:42 - INFO - Balance de clases tras SMOTETomek:
target
1.0    424
0.0    424
Name: count, dtype: int64
2025-01-29 19:58:43 - INFO - Balance de clases tras SMOTETomek:
target
1.0    418
0.0    418
Name: count, dtype: int64
2025-01-29 19:58:44 - INFO - Balance de clases tras SMOTETomek:
target
1.0    428
0.0    428
Name: count, dtype: int64
2025-01-29 19:58:44 - INFO - Balance de clases tras SMOTETomek:
target
1.0    422
0.0    422
Name: count, dtype: int64
2025-01-29 19:58:45 - INFO - Balance de clases tras SMOTETomek:
target
1.0    420
0.0    420
Name: count, dtype: int64
2025-01-29 19:58:46 - INFO - Balance de clases tras SMOTETomek:
target
1.0    424
0.0    424
Name: count, dtype: int64
2025-01-29 19:58:47 - INFO - Balance de clases tras SMOTETomek:
target
1.0    418
0.0    418
Name: count, dtype: int64
2025-01-29 19:58:48 - INFO - Balance de clases tras SMOTETomek:
target
1.0    428
0.0    428
Name: count, dtype: int64
2025-01-29 19:58:49 - INFO - Balance de clases tras SMOTETomek:
target
1.0    422
0.0    422
Name: count, dtype: int64
2025-01-29 19:58:50 - INFO - Balance de clases tras SMOTETomek:
target
1.0    420
0.0    420
Name: count, dtype: int64
2025-01-29 19:58:51 - INFO - Balance de clases tras SMOTETomek:
target
1.0    424
0.0    424
Name: count, dtype: int64
2025-01-29 19:58:51 - INFO - Balance de clases tras SMOTETomek:
target
1.0    418
0.0    418
Name: count, dtype: int64
2025-01-29 19:58:52 - INFO - Balance de clases tras SMOTETomek:
target
1.0    428
0.0    428
Name: count, dtype: int64
2025-01-29 19:58:53 - INFO - Balance de clases tras SMOTETomek:
target
1.0    422
0.0    422
Name: count, dtype: int64
2025-01-29 19:58:53 - INFO - Balance de clases tras SMOTETomek:
target
1.0    420
0.0    420
Name: count, dtype: int64
2025-01-29 19:58:54 - INFO - Balance de clases tras SMOTETomek:
target
1.0    424
0.0    424
Name: count, dtype: int64
2025-01-29 19:58:55 - INFO - Balance de clases tras SMOTETomek:
target
1.0    418
0.0    418
Name: count, dtype: int64
2025-01-29 19:58:56 - INFO - Balance de clases tras SMOTETomek:
target
1.0    428
0.0    428
Name: count, dtype: int64
2025-01-29 19:58:57 - INFO - Balance de clases tras SMOTETomek:
target
1.0    422
0.0    422
Name: count, dtype: int64
2025-01-29 19:58:57 - INFO - Balance de clases tras SMOTETomek:
target
1.0    420
0.0    420
Name: count, dtype: int64
2025-01-29 19:58:58 - INFO - Balance de clases tras SMOTETomek:
target
1.0    424
0.0    424
Name: count, dtype: int64
2025-01-29 19:58:59 - INFO - Balance de clases tras SMOTETomek:
target
1.0    418
0.0    418
Name: count, dtype: int64
2025-01-29 19:59:00 - INFO - Balance de clases tras SMOTETomek:
target
1.0    428
0.0    428
Name: count, dtype: int64
2025-01-29 19:59:00 - INFO - Balance de clases tras SMOTETomek:
target
1.0    422
0.0    422
Name: count, dtype: int64
2025-01-29 19:59:01 - INFO - Balance de clases tras SMOTETomek:
target
1.0    420
0.0    420
Name: count, dtype: int64
2025-01-29 19:59:02 - INFO - Balance de clases tras SMOTETomek:
target
1.0    424
0.0    424
Name: count, dtype: int64
2025-01-29 19:59:03 - INFO - Balance de clases tras SMOTETomek:
target
1.0    418
0.0    418
Name: count, dtype: int64
2025-01-29 19:59:04 - INFO - Balance de clases tras SMOTETomek:
target
1.0    428
0.0    428
Name: count, dtype: int64
2025-01-29 19:59:05 - INFO - Balance de clases tras SMOTETomek:
target
1.0    422
0.0    422
Name: count, dtype: int64
2025-01-29 19:59:06 - INFO - Balance de clases tras SMOTETomek:
target
1.0    420
0.0    420
Name: count, dtype: int64
2025-01-29 19:59:07 - INFO - Balance de clases tras SMOTETomek:
target
1.0    424
0.0    424
Name: count, dtype: int64
2025-01-29 19:59:07 - INFO - Balance de clases tras SMOTETomek:
target
1.0    418
0.0    418
Name: count, dtype: int64
2025-01-29 19:59:08 - INFO - Balance de clases tras SMOTETomek:
target
1.0    428
0.0    428
Name: count, dtype: int64
2025-01-29 19:59:09 - INFO - Balance de clases tras SMOTETomek:
target
1.0    422
0.0    422
Name: count, dtype: int64
2025-01-29 19:59:10 - INFO - Balance de clases tras SMOTETomek:
target
1.0    420
0.0    420
Name: count, dtype: int64
2025-01-29 19:59:10 - INFO - Balance de clases tras SMOTETomek:
target
1.0    424
0.0    424
Name: count, dtype: int64
2025-01-29 19:59:11 - INFO - Balance de clases tras SMOTETomek:
target
1.0    418
0.0    418
Name: count, dtype: int64
2025-01-29 19:59:11 - INFO - Balance de clases tras SMOTETomek:
target
1.0    428
0.0    428
Name: count, dtype: int64
2025-01-29 19:59:12 - INFO - Balance de clases tras SMOTETomek:
target
1.0    422
0.0    422
Name: count, dtype: int64
2025-01-29 19:59:12 - INFO - Balance de clases tras SMOTETomek:
target
1.0    420
0.0    420
Name: count, dtype: int64
2025-01-29 19:59:13 - INFO - Balance de clases tras SMOTETomek:
target
1.0    424
0.0    424
Name: count, dtype: int64
2025-01-29 19:59:14 - INFO - Balance de clases tras SMOTETomek:
target
1.0    418
0.0    418
Name: count, dtype: int64
2025-01-29 19:59:14 - INFO - Balance de clases tras SMOTETomek:
target
1.0    428
0.0    428
Name: count, dtype: int64
2025-01-29 19:59:15 - INFO - Balance de clases tras SMOTETomek:
target
1.0    422
0.0    422
Name: count, dtype: int64
2025-01-29 19:59:15 - INFO - Balance de clases tras SMOTETomek:
target
1.0    420
0.0    420
Name: count, dtype: int64
2025-01-29 19:59:16 - INFO - Balance de clases tras SMOTETomek:
target
1.0    424
0.0    424
Name: count, dtype: int64
2025-01-29 19:59:17 - INFO - Balance de clases tras SMOTETomek:
target
1.0    418
0.0    418
Name: count, dtype: int64
2025-01-29 19:59:18 - INFO - Balance de clases tras SMOTETomek:
target
1.0    428
0.0    428
Name: count, dtype: int64
2025-01-29 19:59:18 - INFO - Balance de clases tras SMOTETomek:
target
1.0    422
0.0    422
Name: count, dtype: int64
2025-01-29 19:59:19 - INFO - Balance de clases tras SMOTETomek:
target
1.0    420
0.0    420
Name: count, dtype: int64
2025-01-29 19:59:20 - INFO - Balance de clases tras SMOTETomek:
target
1.0    424
0.0    424
Name: count, dtype: int64
2025-01-29 19:59:21 - INFO - Balance de clases tras SMOTETomek:
target
1.0    418
0.0    418
Name: count, dtype: int64
2025-01-29 19:59:21 - INFO - Balance de clases tras SMOTETomek:
target
1.0    428
0.0    428
Name: count, dtype: int64
2025-01-29 19:59:22 - INFO - Balance de clases tras SMOTETomek:
target
1.0    422
0.0    422
Name: count, dtype: int64
2025-01-29 19:59:23 - INFO - Balance de clases tras SMOTETomek:
target
1.0    420
0.0    420
Name: count, dtype: int64
2025-01-29 19:59:23 - INFO - Balance de clases tras SMOTETomek:
target
1.0    424
0.0    424
Name: count, dtype: int64
2025-01-29 19:59:24 - INFO - Balance de clases tras SMOTETomek:
target
1.0    418
0.0    418
Name: count, dtype: int64
2025-01-29 19:59:24 - INFO - Balance de clases tras SMOTETomek:
target
1.0    428
0.0    428
Name: count, dtype: int64
2025-01-29 19:59:25 - INFO - Balance de clases tras SMOTETomek:
target
1.0    422
0.0    422
Name: count, dtype: int64
2025-01-29 19:59:25 - INFO - Balance de clases tras SMOTETomek:
target
1.0    420
0.0    420
Name: count, dtype: int64
2025-01-29 19:59:26 - INFO - Balance de clases tras SMOTETomek:
target
1.0    424
0.0    424
Name: count, dtype: int64
2025-01-29 19:59:26 - INFO - Balance de clases tras SMOTETomek:
target
1.0    418
0.0    418
Name: count, dtype: int64
2025-01-29 19:59:27 - INFO - Balance de clases tras SMOTETomek:
target
1.0    428
0.0    428
Name: count, dtype: int64
2025-01-29 19:59:27 - INFO - Balance de clases tras SMOTETomek:
target
1.0    422
0.0    422
Name: count, dtype: int64
2025-01-29 19:59:28 - INFO - Balance de clases tras SMOTETomek:
target
1.0    420
0.0    420
Name: count, dtype: int64
2025-01-29 19:59:29 - INFO - Balance de clases tras SMOTETomek:
target
1.0    424
0.0    424
Name: count, dtype: int64
2025-01-29 19:59:29 - INFO - Balance de clases tras SMOTETomek:
target
1.0    418
0.0    418
Name: count, dtype: int64
2025-01-29 19:59:30 - INFO - Balance de clases tras SMOTETomek:
target
1.0    428
0.0    428
Name: count, dtype: int64
2025-01-29 19:59:30 - INFO - Balance de clases tras SMOTETomek:
target
1.0    422
0.0    422
Name: count, dtype: int64
2025-01-29 19:59:31 - INFO - Balance de clases tras SMOTETomek:
target
1.0    420
0.0    420
Name: count, dtype: int64
2025-01-29 19:59:32 - INFO - Balance de clases tras SMOTETomek:
target
1.0    424
0.0    424
Name: count, dtype: int64
2025-01-29 19:59:32 - INFO - Balance de clases tras SMOTETomek:
target
1.0    418
0.0    418
Name: count, dtype: int64
2025-01-29 19:59:32 - INFO - Balance de clases tras SMOTETomek:
target
1.0    428
0.0    428
Name: count, dtype: int64
2025-01-29 19:59:33 - INFO - Balance de clases tras SMOTETomek:
target
1.0    422
0.0    422
Name: count, dtype: int64
2025-01-29 19:59:33 - INFO - Balance de clases tras SMOTETomek:
target
1.0    420
0.0    420
Name: count, dtype: int64
2025-01-29 19:59:34 - INFO - Balance de clases tras SMOTETomek:
target
1.0    424
0.0    424
Name: count, dtype: int64
2025-01-29 19:59:35 - INFO - Balance de clases tras SMOTETomek:
target
1.0    418
0.0    418
Name: count, dtype: int64
2025-01-29 19:59:35 - INFO - Balance de clases tras SMOTETomek:
target
1.0    428
0.0    428
Name: count, dtype: int64
2025-01-29 19:59:36 - INFO - Balance de clases tras SMOTETomek:
target
1.0    422
0.0    422
Name: count, dtype: int64
2025-01-29 19:59:37 - INFO - Balance de clases tras SMOTETomek:
target
1.0    420
0.0    420
Name: count, dtype: int64
2025-01-29 19:59:38 - INFO - Balance de clases tras SMOTETomek:
target
1.0    424
0.0    424
Name: count, dtype: int64
2025-01-29 19:59:38 - INFO - Balance de clases tras SMOTETomek:
target
1.0    418
0.0    418
Name: count, dtype: int64
2025-01-29 19:59:39 - INFO - Balance de clases tras SMOTETomek:
target
1.0    428
0.0    428
Name: count, dtype: int64
2025-01-29 19:59:40 - INFO - Balance de clases tras SMOTETomek:
target
1.0    422
0.0    422
Name: count, dtype: int64
2025-01-29 19:59:41 - INFO - Balance de clases tras SMOTETomek:
target
1.0    420
0.0    420
Name: count, dtype: int64
2025-01-29 19:59:41 - INFO - Balance de clases tras SMOTETomek:
target
1.0    424
0.0    424
Name: count, dtype: int64
2025-01-29 19:59:42 - INFO - Balance de clases tras SMOTETomek:
target
1.0    418
0.0    418
Name: count, dtype: int64
2025-01-29 19:59:42 - INFO - Balance de clases tras SMOTETomek:
target
1.0    428
0.0    428
Name: count, dtype: int64
2025-01-29 19:59:43 - INFO - Balance de clases tras SMOTETomek:
target
1.0    422
0.0    422
Name: count, dtype: int64
2025-01-29 19:59:44 - INFO - Balance de clases tras SMOTETomek:
target
1.0    420
0.0    420
Name: count, dtype: int64
2025-01-29 19:59:44 - INFO - Balance de clases tras SMOTETomek:
target
1.0    424
0.0    424
Name: count, dtype: int64
2025-01-29 19:59:45 - INFO - Balance de clases tras SMOTETomek:
target
1.0    418
0.0    418
Name: count, dtype: int64
2025-01-29 19:59:45 - INFO - Balance de clases tras SMOTETomek:
target
1.0    428
0.0    428
Name: count, dtype: int64
2025-01-29 19:59:46 - INFO - Balance de clases tras SMOTETomek:
target
1.0    422
0.0    422
Name: count, dtype: int64
2025-01-29 19:59:47 - INFO - Balance de clases tras SMOTETomek:
target
1.0    420
0.0    420
Name: count, dtype: int64
2025-01-29 19:59:47 - INFO - Balance de clases tras SMOTETomek:
target
1.0    424
0.0    424
Name: count, dtype: int64
2025-01-29 19:59:48 - INFO - Balance de clases tras SMOTETomek:
target
1.0    418
0.0    418
Name: count, dtype: int64
2025-01-29 19:59:49 - INFO - Balance de clases tras SMOTETomek:
target
1.0    428
0.0    428
Name: count, dtype: int64
2025-01-29 19:59:49 - INFO - Balance de clases tras SMOTETomek:
target
1.0    422
0.0    422
Name: count, dtype: int64
2025-01-29 19:59:50 - INFO - Balance de clases tras SMOTETomek:
target
1.0    420
0.0    420
Name: count, dtype: int64
2025-01-29 19:59:51 - INFO - Balance de clases tras SMOTETomek:
target
1.0    424
0.0    424
Name: count, dtype: int64
2025-01-29 19:59:51 - INFO - Balance de clases tras SMOTETomek:
target
1.0    418
0.0    418
Name: count, dtype: int64
2025-01-29 19:59:52 - INFO - Balance de clases tras SMOTETomek:
target
1.0    428
0.0    428
Name: count, dtype: int64
2025-01-29 19:59:52 - INFO - Balance de clases tras SMOTETomek:
target
1.0    422
0.0    422
Name: count, dtype: int64
2025-01-29 19:59:53 - INFO - Balance de clases tras SMOTETomek:
target
1.0    420
0.0    420
Name: count, dtype: int64
2025-01-29 19:59:54 - INFO - Balance de clases tras SMOTETomek:
target
1.0    424
0.0    424
Name: count, dtype: int64
2025-01-29 19:59:54 - INFO - Balance de clases tras SMOTETomek:
target
1.0    418
0.0    418
Name: count, dtype: int64
2025-01-29 19:59:55 - INFO - Balance de clases tras SMOTETomek:
target
1.0    428
0.0    428
Name: count, dtype: int64
2025-01-29 19:59:56 - INFO - Balance de clases tras SMOTETomek:
target
1.0    422
0.0    422
Name: count, dtype: int64
2025-01-29 19:59:56 - INFO - Mejor Precisión (clase=1): 0.7606
2025-01-29 19:59:56 - INFO - Mejores parámetros: {'max_depth': 21, 'learning_rate': 0.019815601484014345, 'n_estimators': 134, 'subsample': 0.878286303082638, 'colsample_bytree': 0.6553031145058482, 'gamma': 0.15289530444906305, 'reg_alpha': 0.34521801940989055, 'reg_lambda': 0.08075238579595526}
2025-01-29 19:59:57 - INFO - === Entrenando Pipeline Final con TODO el Training ===
2025-01-29 19:59:57 - INFO - Columnas extra eliminadas: ['future_close', 'change_pct']
2025-01-29 19:59:57 - INFO - Dataset preparado: 1207 filas, 21 features (después de imputación).
2025-01-29 19:59:57 - INFO - Balance de clases tras SMOTETomek:
target
1.0    611
0.0    611
Name: count, dtype: int64
2025-01-29 19:59:57 - INFO - Pipeline final entrenado con scale_pos_weight=1.00
2025-01-29 19:59:57 - INFO - Pipeline completo guardado en: .ML/results/XGBoost_Binario_trained_pipeline.joblib
2025-01-29 19:59:57 - INFO - Parámetros guardados en: .ML/results/XGBoost_Binario_model_params.txt
2025-01-29 19:59:57 - INFO - Lista de features guardada en: .ML/results/XGBoost_Binario_feature_cols.txt
2025-01-29 19:59:57 - INFO - Columnas de indicadores existentes eliminadas: ['RSI', 'MACD', 'MACDs', 'MACDh', 'OBV', 'BBL', 'BBM', 'BBU', 'STOCHk', 'STOCHd', 'CCI', 'SMA_10', 'SMA_50', 'SMA_200', 'EMA_10', 'EMA_50']
2025-01-29 19:59:57 - INFO - Indicadores técnicos agregados. Filas antes: 650, después: 451 (descartadas: 199)
2025-01-29 19:59:57 - INFO - Columnas renombradas: {'RSI_14': 'RSI', 'MACD_12_26_9': 'MACD', 'MACDs_12_26_9': 'MACDs', 'MACDh_12_26_9': 'MACDh', 'BBL_20_2.0': 'BBL', 'BBM_20_2.0': 'BBM', 'BBU_20_2.0': 'BBU', 'STOCHk_14_3_3': 'STOCHk', 'STOCHd_14_3_3': 'STOCHd', 'CCI_14_0.015': 'CCI', 'SMA_10': 'SMA_10', 'SMA_50': 'SMA_50', 'SMA_200': 'SMA_200', 'EMA_10': 'EMA_10', 'EMA_50': 'EMA_50'}
2025-01-29 19:59:57 - INFO - Target binario con look_ahead=3, min_change=0.031
2025-01-29 19:59:57 - INFO - Distribución de clases (0=Vender, 1=Comprar):
target
0.0    169
1.0    168
Name: count, dtype: int64
2025-01-29 19:59:57 - INFO - Muestra de datos con target:
                        close  future_close  change_pct  target
open_time                                                      
2022-09-06 16:30:00  19773.64      22605.66    0.143222     1.0
2022-02-28 22:15:00  41876.56      40256.12   -0.038696     0.0
2022-11-10 12:45:00  16672.03      17749.29    0.064615     1.0
2021-05-21 06:00:00  39228.57      40565.44    0.034079     1.0
2022-11-14 06:00:00  15895.82      18250.91    0.148158     1.0
2024-08-05 13:45:00  51951.00      58157.55    0.119469     1.0
2021-01-11 16:45:00  31777.19      33189.86    0.044455     1.0
2022-06-14 04:30:00  21944.09      21117.26   -0.037679     0.0
2021-05-21 13:30:00  41165.70      37159.65   -0.097315     0.0
2021-07-28 17:45:00  38961.00      49798.10    0.278153     1.0
2025-01-29 19:59:57 - INFO - Columnas extra eliminadas: ['change_pct', 'future_close']
2025-01-29 19:59:57 - INFO - Dataset preparado: 337 filas, 21 features (después de imputación).
2025-01-29 19:59:57 - INFO - === Evaluación en Test ===
2025-01-29 19:59:57 - INFO - Matriz de confusión [0=Vender, 1=Comprar]:
[[94 75]
 [72 96]]
2025-01-29 19:59:57 - INFO - Reporte de Clasificación:
              precision    recall  f1-score   support

      Vender       0.57      0.56      0.56       169
     Comprar       0.56      0.57      0.57       168

    accuracy                           0.56       337
   macro avg       0.56      0.56      0.56       337
weighted avg       0.56      0.56      0.56       337

2025-01-29 19:59:57 - INFO - Precision (clase=1): 0.5614
2025-01-29 19:59:57 - INFO - F1 (clase=1): 0.5664
2025-01-29 19:59:57 - INFO - Recall (clase=1): 0.5714
2025-01-29 19:59:57 - INFO - Balanced Accuracy: 0.5638
2025-01-29 19:59:57 - INFO - MCC: 0.1277
2025-01-29 19:59:57 - INFO - AUC: 0.5499
2025-01-29 19:59:58 - INFO - Precisión final en Test (clase=1): 0.5614
2025-01-29 19:59:58 - INFO - Importancia de características guardada en .ML/results/feature_importances_binary.csv.
2025-01-29 19:59:59 - INFO - Gráfico de importancia de características guardado.
2025-01-29 20:00:00 - INFO - Calculando valores SHAP...
2025-01-29 20:00:01 - INFO - SHAP analysis completado y guardado.
2025-01-29 20:00:01 - INFO - Señales generadas con umbral=0.6
2025-01-29 20:00:01 - INFO - Señales filtradas por tendencia.
2025-01-29 20:00:01 - INFO - Señales guardadas en: .ML/results/signals_binary.csv
2025-01-29 20:00:01 - INFO - === Proceso Completado con Éxito ===
