2025-01-21 19:56:46 - INFO - Datos cargados desde ML/data/processed/BTCUSDT_15m_processed.csv, filas: 257756
2025-01-21 19:56:46 - INFO - Columnas de indicadores existentes eliminadas: ['RSI', 'MACD', 'MACDs', 'MACDh', 'OBV', 'BBL', 'BBM', 'BBU', 'SMA_10', 'SMA_50', 'EMA_10', 'EMA_50']
2025-01-21 19:56:46 - INFO - Indicadores técnicos agregados. Filas antes: 257756, después: 257557 (descartadas: 199)
2025-01-21 19:56:46 - INFO - Columnas renombradas: {'RSI_14': 'RSI', 'MACD_12_26_9': 'MACD', 'MACDs_12_26_9': 'MACDs', 'MACDh_12_26_9': 'MACDh', 'BBL_20_2.0': 'BBL', 'BBM_20_2.0': 'BBM', 'BBU_20_2.0': 'BBU', 'STOCHk_14_3_3': 'STOCHk', 'STOCHd_14_3_3': 'STOCHd', 'CCI_14_0.015': 'CCI', 'SMA_10': 'SMA_10', 'SMA_50': 'SMA_50', 'SMA_200': 'SMA_200', 'EMA_10': 'EMA_10', 'EMA_50': 'EMA_50'}
2025-01-21 19:56:46 - INFO - Target binario con look_ahead=14, min_change=0.031
2025-01-21 19:56:46 - INFO - Distribución de clases (0=Vender, 1=Comprar):
target
1.0    6201
0.0    6029
Name: count, dtype: int64
2025-01-21 19:56:46 - INFO - Muestra de datos con target:
                        close  future_close  change_pct  target
open_time                                                      
2024-04-08 05:15:00  69526.00      71968.00    0.035124     1.0
2019-07-16 14:00:00  10386.14       9655.00   -0.070396     0.0
2021-01-05 05:45:00  30436.25      31469.76    0.033957     1.0
2021-07-27 20:15:00  38084.41      39457.87    0.036064     1.0
2024-04-01 23:15:00  69761.39      66996.00   -0.039641     0.0
2021-10-06 11:45:00  51306.56      54590.66    0.064009     1.0
2021-05-17 05:00:00  43295.15      45253.81    0.045240     1.0
2021-09-30 00:15:00  41725.99      43591.23    0.044702     1.0
2018-02-02 05:15:00   8800.00       8506.48   -0.033355     0.0
2017-12-09 22:15:00  14388.00      13400.00   -0.068668     0.0
2025-01-21 19:56:46 - INFO - División de datos en Train/Test completada.
2025-01-21 19:56:46 - INFO - === Búsqueda de hiperparámetros (Optuna) en muestra de Training ===
2025-01-21 19:56:46 - INFO - No se han identificado características categóricas.
2025-01-21 19:56:46 - INFO - Columnas extra eliminadas: ['future_close', 'change_pct']
2025-01-21 19:56:46 - INFO - Dataset preparado: 7154 filas, 21 features (después de imputación).
2025-01-21 19:56:46 - INFO - Iniciando optimización en Optuna (precisión clase=1)...
2025-01-21 19:56:47 - INFO - Balance de clases tras SMOTETomek:
target
1.0    2830
0.0    2830
Name: count, dtype: int64
2025-01-21 19:56:47 - INFO - Balance de clases tras SMOTETomek:
target
1.0    2830
0.0    2830
Name: count, dtype: int64
2025-01-21 19:56:48 - INFO - Balance de clases tras SMOTETomek:
target
1.0    2845
0.0    2845
Name: count, dtype: int64
2025-01-21 19:56:49 - INFO - Balance de clases tras SMOTETomek:
target
1.0    2837
0.0    2837
Name: count, dtype: int64
2025-01-21 19:56:50 - INFO - Balance de clases tras SMOTETomek:
target
1.0    2845
0.0    2845
Name: count, dtype: int64
2025-01-21 19:56:50 - INFO - Balance de clases tras SMOTETomek:
target
1.0    2829
0.0    2829
Name: count, dtype: int64
2025-01-21 19:56:51 - INFO - Balance de clases tras SMOTETomek:
target
0.0    2849
1.0    2849
Name: count, dtype: int64
2025-01-21 19:56:52 - INFO - Balance de clases tras SMOTETomek:
target
1.0    2830
0.0    2830
Name: count, dtype: int64
2025-01-21 19:56:53 - INFO - Balance de clases tras SMOTETomek:
target
1.0    2837
0.0    2837
Name: count, dtype: int64
2025-01-21 19:56:56 - INFO - Balance de clases tras SMOTETomek:
target
1.0    2845
0.0    2845
Name: count, dtype: int64
2025-01-21 19:56:57 - INFO - Balance de clases tras SMOTETomek:
target
1.0    2829
0.0    2829
Name: count, dtype: int64
2025-01-21 19:57:00 - INFO - Balance de clases tras SMOTETomek:
target
1.0    2837
0.0    2837
Name: count, dtype: int64
2025-01-21 19:57:01 - INFO - Balance de clases tras SMOTETomek:
target
0.0    2849
1.0    2849
Name: count, dtype: int64
2025-01-21 19:57:04 - INFO - Balance de clases tras SMOTETomek:
target
1.0    2829
0.0    2829
Name: count, dtype: int64
2025-01-21 19:57:05 - INFO - Balance de clases tras SMOTETomek:
target
1.0    2830
0.0    2830
Name: count, dtype: int64
2025-01-21 19:57:07 - INFO - Balance de clases tras SMOTETomek:
target
0.0    2849
1.0    2849
Name: count, dtype: int64
2025-01-21 19:57:07 - INFO - Balance de clases tras SMOTETomek:
target
1.0    2845
0.0    2845
Name: count, dtype: int64
2025-01-21 19:57:09 - INFO - Balance de clases tras SMOTETomek:
target
1.0    2837
0.0    2837
Name: count, dtype: int64
2025-01-21 19:57:10 - INFO - Balance de clases tras SMOTETomek:
target
1.0    2830
0.0    2830
Name: count, dtype: int64
2025-01-21 19:57:11 - INFO - Balance de clases tras SMOTETomek:
target
1.0    2829
0.0    2829
Name: count, dtype: int64
2025-01-21 19:57:13 - INFO - Balance de clases tras SMOTETomek:
target
0.0    2849
1.0    2849
Name: count, dtype: int64
2025-01-21 19:57:15 - INFO - Balance de clases tras SMOTETomek:
target
1.0    2830
0.0    2830
Name: count, dtype: int64
2025-01-21 19:57:16 - INFO - Balance de clases tras SMOTETomek:
target
1.0    2845
0.0    2845
Name: count, dtype: int64
2025-01-21 19:57:16 - INFO - Balance de clases tras SMOTETomek:
target
1.0    2845
0.0    2845
Name: count, dtype: int64
2025-01-21 19:57:17 - INFO - Balance de clases tras SMOTETomek:
target
1.0    2837
0.0    2837
Name: count, dtype: int64
2025-01-21 19:57:21 - INFO - Balance de clases tras SMOTETomek:
target
1.0    2829
0.0    2829
Name: count, dtype: int64
2025-01-21 19:57:22 - INFO - Balance de clases tras SMOTETomek:
target
0.0    2849
1.0    2849
Name: count, dtype: int64
2025-01-21 19:57:23 - INFO - Balance de clases tras SMOTETomek:
target
1.0    2830
0.0    2830
Name: count, dtype: int64
2025-01-21 19:57:27 - INFO - Balance de clases tras SMOTETomek:
target
1.0    2837
0.0    2837
Name: count, dtype: int64
2025-01-21 19:57:31 - INFO - Balance de clases tras SMOTETomek:
target
1.0    2845
0.0    2845
Name: count, dtype: int64
2025-01-21 19:57:35 - INFO - Balance de clases tras SMOTETomek:
target
1.0    2829
0.0    2829
Name: count, dtype: int64
2025-01-21 19:57:46 - INFO - Balance de clases tras SMOTETomek:
target
1.0    2837
0.0    2837
Name: count, dtype: int64
2025-01-21 19:57:49 - INFO - Balance de clases tras SMOTETomek:
target
0.0    2849
1.0    2849
Name: count, dtype: int64
2025-01-21 19:57:59 - INFO - Balance de clases tras SMOTETomek:
target
1.0    2829
0.0    2829
Name: count, dtype: int64
2025-01-21 19:58:00 - INFO - Balance de clases tras SMOTETomek:
target
1.0    2830
0.0    2830
Name: count, dtype: int64
2025-01-21 19:58:01 - INFO - Balance de clases tras SMOTETomek:
target
1.0    2845
0.0    2845
Name: count, dtype: int64
2025-01-21 19:58:02 - INFO - Balance de clases tras SMOTETomek:
target
1.0    2837
0.0    2837
Name: count, dtype: int64
2025-01-21 19:58:04 - INFO - Balance de clases tras SMOTETomek:
target
1.0    2829
0.0    2829
Name: count, dtype: int64
2025-01-21 19:58:05 - INFO - Balance de clases tras SMOTETomek:
target
0.0    2849
1.0    2849
Name: count, dtype: int64
2025-01-21 19:58:08 - INFO - Balance de clases tras SMOTETomek:
target
0.0    2849
1.0    2849
Name: count, dtype: int64
2025-01-21 19:58:14 - INFO - Mejor Precisión (clase=1): 0.9158
2025-01-21 19:58:14 - INFO - Mejores parámetros: {'max_depth': 12, 'learning_rate': 0.04080716618270247, 'n_estimators': 278, 'subsample': 0.8060440147856928, 'colsample_bytree': 0.9451130727113868, 'gamma': 0.5068904741302386, 'reg_alpha': 0.9173452292157332, 'reg_lambda': 1.181150129981086}
2025-01-21 19:58:14 - INFO - === Entrenando Pipeline Final con TODO el Training ===
2025-01-21 19:58:14 - INFO - Columnas extra eliminadas: ['future_close', 'change_pct']
2025-01-21 19:58:14 - INFO - Dataset preparado: 7949 filas, 21 features (después de imputación).
2025-01-21 19:58:14 - INFO - Balance de clases tras SMOTETomek:
target
1.0    3930
0.0    3930
Name: count, dtype: int64
2025-01-21 19:58:17 - INFO - Pipeline final entrenado con scale_pos_weight=1.00
2025-01-21 19:58:17 - INFO - Pipeline completo guardado en: ./results/XGBoost_Binario_trained_pipeline.joblib
2025-01-21 19:58:17 - INFO - Parámetros guardados en: ./results/XGBoost_Binario_model_params.txt
2025-01-21 19:58:17 - INFO - Lista de features guardada en: ./results/XGBoost_Binario_feature_cols.txt
2025-01-21 19:58:17 - INFO - Columnas de indicadores existentes eliminadas: ['RSI', 'MACD', 'MACDs', 'MACDh', 'OBV', 'BBL', 'BBM', 'BBU', 'STOCHk', 'STOCHd', 'CCI', 'SMA_10', 'SMA_50', 'SMA_200', 'EMA_10', 'EMA_50']
2025-01-21 19:58:17 - INFO - Indicadores técnicos agregados. Filas antes: 4281, después: 4082 (descartadas: 199)
2025-01-21 19:58:17 - INFO - Columnas renombradas: {'RSI_14': 'RSI', 'MACD_12_26_9': 'MACD', 'MACDs_12_26_9': 'MACDs', 'MACDh_12_26_9': 'MACDh', 'BBL_20_2.0': 'BBL', 'BBM_20_2.0': 'BBM', 'BBU_20_2.0': 'BBU', 'STOCHk_14_3_3': 'STOCHk', 'STOCHd_14_3_3': 'STOCHd', 'CCI_14_0.015': 'CCI', 'SMA_10': 'SMA_10', 'SMA_50': 'SMA_50', 'SMA_200': 'SMA_200', 'EMA_10': 'EMA_10', 'EMA_50': 'EMA_50'}
2025-01-21 19:58:17 - INFO - Target binario con look_ahead=14, min_change=0.031
2025-01-21 19:58:17 - INFO - Distribución de clases (0=Vender, 1=Comprar):
target
1.0    1485
0.0    1386
Name: count, dtype: int64
2025-01-21 19:58:17 - INFO - Muestra de datos con target:
                        close  future_close  change_pct  target
open_time                                                      
2021-11-15 23:15:00  63665.00      57734.28   -0.093155     0.0
2022-06-06 22:30:00  31432.21      29912.05   -0.048363     0.0
2021-10-06 12:15:00  52277.06      57239.37    0.094923     1.0
2021-06-08 18:00:00  32416.37      33997.18    0.048766     1.0
2022-04-01 11:30:00  45120.99      39212.83   -0.130940     0.0
2023-03-13 12:30:00  22026.21      24391.17    0.107370     1.0
2022-05-26 13:15:00  28245.88      31786.31    0.125343     1.0
2022-01-24 17:15:00  34646.53      37004.43    0.068056     1.0
2022-03-15 22:30:00  39446.43      40950.07    0.038119     1.0
2021-07-23 21:00:00  32532.52      35381.02    0.087559     1.0
2025-01-21 19:58:17 - INFO - Columnas extra eliminadas: ['change_pct', 'future_close']
2025-01-21 19:58:17 - INFO - Dataset preparado: 2871 filas, 21 features (después de imputación).
2025-01-21 19:58:17 - INFO - === Evaluación en Test ===
2025-01-21 19:58:17 - INFO - Matriz de confusión [0=Vender, 1=Comprar]:
[[1081  305]
 [1265  220]]
2025-01-21 19:58:17 - INFO - Reporte de Clasificación:
              precision    recall  f1-score   support

      Vender       0.46      0.78      0.58      1386
     Comprar       0.42      0.15      0.22      1485

    accuracy                           0.45      2871
   macro avg       0.44      0.46      0.40      2871
weighted avg       0.44      0.45      0.39      2871

2025-01-21 19:58:17 - INFO - Precision (clase=1): 0.4190
2025-01-21 19:58:17 - INFO - F1 (clase=1): 0.2189
2025-01-21 19:58:17 - INFO - Recall (clase=1): 0.1481
2025-01-21 19:58:17 - INFO - Balanced Accuracy: 0.4640
2025-01-21 19:58:17 - INFO - MCC: -0.0930
2025-01-21 19:58:17 - INFO - AUC: 0.4594
2025-01-21 19:58:19 - INFO - Precisión final en Test (clase=1): 0.4190
2025-01-21 19:58:19 - INFO - Importancia de características guardada en ./results/feature_importances_binary.csv.
2025-01-21 19:58:20 - INFO - Gráfico de importancia de características guardado.
2025-01-21 19:58:21 - INFO - Calculando valores SHAP...
2025-01-21 19:58:31 - INFO - SHAP analysis completado y guardado.
2025-01-21 19:58:31 - INFO - Señales generadas con umbral=0.61
2025-01-21 19:58:31 - INFO - Señales filtradas por tendencia.
2025-01-21 19:58:32 - INFO - Señales guardadas en: ./results/signals_binary.csv
2025-01-21 19:58:32 - INFO - === Proceso Completado con Éxito ===
