2025-01-11 19:34:34 - INFO - Datos cargados desde ML/data/processed/BTCUSDT_15m_processed.csv, filas: 254923
2025-01-11 19:34:34 - INFO - Columnas de indicadores existentes eliminadas: ['RSI', 'MACD', 'MACDs', 'MACDh', 'OBV', 'BBL', 'BBM', 'BBU', 'SMA_10', 'SMA_50', 'EMA_10', 'EMA_50']
2025-01-11 19:34:34 - INFO - Indicadores técnicos agregados. Filas antes: 254923, después: 254724 (descartadas: 199)
2025-01-11 19:34:34 - INFO - Columnas renombradas: {'RSI_14': 'RSI', 'MACD_12_26_9': 'MACD', 'MACDs_12_26_9': 'MACDs', 'MACDh_12_26_9': 'MACDh', 'VWAP': 'VWAP', 'BBL_20_2.0': 'BBL', 'BBM_20_2.0': 'BBM', 'BBU_20_2.0': 'BBU', 'ATR_14': 'ATR', 'STOCHk_14_3_3': 'STOCHk', 'STOCHd_14_3_3': 'STOCHd', 'CCI_14_0.015': 'CCI', 'SMA_10': 'SMA_10', 'SMA_50': 'SMA_50', 'SMA_200': 'SMA_200', 'EMA_10': 'EMA_10', 'EMA_50': 'EMA_50'}
2025-01-11 19:34:34 - WARNING - Columna faltante 'VWAP' añadida con NaN.
2025-01-11 19:34:34 - WARNING - Columna faltante 'ATR' añadida con NaN.
2025-01-11 19:34:34 - INFO - Target binario con look_ahead=4, min_change=0.032
2025-01-11 19:34:34 - INFO - Distribución de clases (0=Vender, 1=Comprar):
target
0.0    1329
1.0    1185
Name: count, dtype: int64
2025-01-11 19:34:34 - INFO - Muestra de datos con target:
                        close  future_close  change_pct  target
open_time                                                      
2019-05-13 14:45:00   7448.67       7771.91    0.043396     1.0
2017-09-16 09:30:00   3775.00       3520.15   -0.067510     0.0
2021-05-23 11:30:00  35662.41      33450.98   -0.062010     0.0
2017-12-30 13:00:00  12020.00      12562.64    0.045145     1.0
2018-01-02 20:15:00  15113.09      14600.00   -0.033950     0.0
2017-12-07 17:00:00  14966.00      15450.00    0.032340     1.0
2020-03-13 00:00:00   4818.80       4612.40   -0.042832     0.0
2018-01-23 22:30:00  11129.21      10771.00   -0.032186     0.0
2018-06-24 16:00:00   5825.00       6174.83    0.060057     1.0
2017-09-02 14:15:00   4551.74       4380.03   -0.037724     0.0
2025-01-11 19:34:34 - INFO - División de datos en Train/Test completada.
2025-01-11 19:34:34 - INFO - === Búsqueda de hiperparámetros (Optuna) en muestra de Training ===
2025-01-11 19:34:34 - INFO - No se han identificado características categóricas.
2025-01-11 19:34:34 - INFO - Columnas extra eliminadas: ['future_close', 'change_pct']
2025-01-11 19:34:34 - WARNING - Estas columnas están 100% NaN y se eliminarán antes de imputar: ['VWAP', 'ATR']
2025-01-11 19:34:34 - INFO - Dataset preparado: 1470 filas, 21 features (después de imputación).
2025-01-11 19:34:34 - INFO - Balance de clases tras SMOTETomek:
target
0.0    591
1.0    591
Name: count, dtype: int64
2025-01-11 19:34:34 - INFO - Balance de clases tras SMOTETomek:
target
0.0    591
1.0    591
Name: count, dtype: int64
2025-01-11 19:34:35 - INFO - Balance de clases tras SMOTETomek:
target
0.0    599
1.0    599
Name: count, dtype: int64
2025-01-11 19:34:36 - INFO - Balance de clases tras SMOTETomek:
target
0.0    592
1.0    592
Name: count, dtype: int64
2025-01-11 19:34:36 - INFO - Balance de clases tras SMOTETomek:
target
0.0    602
1.0    602
Name: count, dtype: int64
2025-01-11 19:34:37 - INFO - Balance de clases tras SMOTETomek:
target
0.0    599
1.0    599
Name: count, dtype: int64
2025-01-11 19:34:37 - INFO - Balance de clases tras SMOTETomek:
target
0.0    604
1.0    604
Name: count, dtype: int64
2025-01-11 19:34:38 - INFO - Balance de clases tras SMOTETomek:
target
0.0    591
1.0    591
Name: count, dtype: int64
2025-01-11 19:34:38 - INFO - Balance de clases tras SMOTETomek:
target
0.0    599
1.0    599
Name: count, dtype: int64
2025-01-11 19:34:39 - INFO - Balance de clases tras SMOTETomek:
target
0.0    592
1.0    592
Name: count, dtype: int64
2025-01-11 19:34:39 - INFO - Balance de clases tras SMOTETomek:
target
0.0    592
1.0    592
Name: count, dtype: int64
2025-01-11 19:34:39 - INFO - Balance de clases tras SMOTETomek:
target
0.0    602
1.0    602
Name: count, dtype: int64
2025-01-11 19:34:40 - INFO - Balance de clases tras SMOTETomek:
target
0.0    604
1.0    604
Name: count, dtype: int64
2025-01-11 19:34:41 - INFO - Balance de clases tras SMOTETomek:
target
0.0    591
1.0    591
Name: count, dtype: int64
2025-01-11 19:34:41 - INFO - Balance de clases tras SMOTETomek:
target
0.0    602
1.0    602
Name: count, dtype: int64
2025-01-11 19:34:43 - INFO - Balance de clases tras SMOTETomek:
target
0.0    599
1.0    599
Name: count, dtype: int64
2025-01-11 19:34:43 - INFO - Balance de clases tras SMOTETomek:
target
0.0    604
1.0    604
Name: count, dtype: int64
2025-01-11 19:34:45 - INFO - Balance de clases tras SMOTETomek:
target
0.0    592
1.0    592
Name: count, dtype: int64
2025-01-11 19:34:46 - INFO - Balance de clases tras SMOTETomek:
target
0.0    591
1.0    591
Name: count, dtype: int64
2025-01-11 19:34:47 - INFO - Balance de clases tras SMOTETomek:
target
0.0    602
1.0    602
Name: count, dtype: int64
2025-01-11 19:34:47 - INFO - Balance de clases tras SMOTETomek:
target
0.0    599
1.0    599
Name: count, dtype: int64
2025-01-11 19:34:48 - INFO - Balance de clases tras SMOTETomek:
target
0.0    592
1.0    592
Name: count, dtype: int64
2025-01-11 19:34:48 - INFO - Balance de clases tras SMOTETomek:
target
0.0    604
1.0    604
Name: count, dtype: int64
2025-01-11 19:34:49 - INFO - Balance de clases tras SMOTETomek:
target
0.0    602
1.0    602
Name: count, dtype: int64
2025-01-11 19:34:50 - INFO - Balance de clases tras SMOTETomek:
target
0.0    591
1.0    591
Name: count, dtype: int64
2025-01-11 19:34:51 - INFO - Balance de clases tras SMOTETomek:
target
0.0    604
1.0    604
Name: count, dtype: int64
2025-01-11 19:34:51 - INFO - Balance de clases tras SMOTETomek:
target
0.0    599
1.0    599
Name: count, dtype: int64
2025-01-11 19:34:52 - INFO - Balance de clases tras SMOTETomek:
target
0.0    591
1.0    591
Name: count, dtype: int64
2025-01-11 19:34:52 - INFO - Balance de clases tras SMOTETomek:
target
0.0    592
1.0    592
Name: count, dtype: int64
2025-01-11 19:34:53 - INFO - Balance de clases tras SMOTETomek:
target
0.0    599
1.0    599
Name: count, dtype: int64
2025-01-11 19:34:53 - INFO - Balance de clases tras SMOTETomek:
target
0.0    602
1.0    602
Name: count, dtype: int64
2025-01-11 19:34:54 - INFO - Balance de clases tras SMOTETomek:
target
0.0    592
1.0    592
Name: count, dtype: int64
2025-01-11 19:34:54 - INFO - Balance de clases tras SMOTETomek:
target
0.0    604
1.0    604
Name: count, dtype: int64
2025-01-11 19:34:55 - INFO - Balance de clases tras SMOTETomek:
target
0.0    602
1.0    602
Name: count, dtype: int64
2025-01-11 19:34:55 - INFO - Balance de clases tras SMOTETomek:
target
0.0    591
1.0    591
Name: count, dtype: int64
2025-01-11 19:34:56 - INFO - Balance de clases tras SMOTETomek:
target
0.0    604
1.0    604
Name: count, dtype: int64
2025-01-11 19:34:56 - INFO - Balance de clases tras SMOTETomek:
target
0.0    591
1.0    591
Name: count, dtype: int64
2025-01-11 19:34:57 - INFO - Balance de clases tras SMOTETomek:
target
0.0    599
1.0    599
Name: count, dtype: int64
2025-01-11 19:34:57 - INFO - Balance de clases tras SMOTETomek:
target
0.0    599
1.0    599
Name: count, dtype: int64
2025-01-11 19:34:58 - INFO - Balance de clases tras SMOTETomek:
target
0.0    592
1.0    592
Name: count, dtype: int64
2025-01-11 19:34:58 - INFO - Balance de clases tras SMOTETomek:
target
0.0    592
1.0    592
Name: count, dtype: int64
2025-01-11 19:34:59 - INFO - Balance de clases tras SMOTETomek:
target
0.0    602
1.0    602
Name: count, dtype: int64
2025-01-11 19:35:00 - INFO - Balance de clases tras SMOTETomek:
target
0.0    604
1.0    604
Name: count, dtype: int64
2025-01-11 19:35:00 - INFO - Balance de clases tras SMOTETomek:
target
0.0    602
1.0    602
Name: count, dtype: int64
2025-01-11 19:35:01 - INFO - Balance de clases tras SMOTETomek:
target
0.0    591
1.0    591
Name: count, dtype: int64
2025-01-11 19:35:01 - INFO - Balance de clases tras SMOTETomek:
target
0.0    599
1.0    599
Name: count, dtype: int64
2025-01-11 19:35:01 - INFO - Balance de clases tras SMOTETomek:
target
0.0    604
1.0    604
Name: count, dtype: int64
2025-01-11 19:35:02 - INFO - Balance de clases tras SMOTETomek:
target
0.0    592
1.0    592
Name: count, dtype: int64
2025-01-11 19:35:03 - INFO - Balance de clases tras SMOTETomek:
target
0.0    591
1.0    591
Name: count, dtype: int64
2025-01-11 19:35:03 - INFO - Balance de clases tras SMOTETomek:
target
0.0    602
1.0    602
Name: count, dtype: int64
2025-01-11 19:35:03 - INFO - Balance de clases tras SMOTETomek:
target
0.0    599
1.0    599
Name: count, dtype: int64
2025-01-11 19:35:04 - INFO - Balance de clases tras SMOTETomek:
target
0.0    604
1.0    604
Name: count, dtype: int64
2025-01-11 19:35:04 - INFO - Balance de clases tras SMOTETomek:
target
0.0    592
1.0    592
Name: count, dtype: int64
2025-01-11 19:35:04 - INFO - Balance de clases tras SMOTETomek:
target
0.0    602
1.0    602
Name: count, dtype: int64
2025-01-11 19:35:05 - INFO - Balance de clases tras SMOTETomek:
target
0.0    591
1.0    591
Name: count, dtype: int64
2025-01-11 19:35:05 - INFO - Balance de clases tras SMOTETomek:
target
0.0    604
1.0    604
Name: count, dtype: int64
2025-01-11 19:35:05 - INFO - Balance de clases tras SMOTETomek:
target
0.0    591
1.0    591
Name: count, dtype: int64
2025-01-11 19:35:05 - INFO - Balance de clases tras SMOTETomek:
target
0.0    599
1.0    599
Name: count, dtype: int64
2025-01-11 19:35:06 - INFO - Balance de clases tras SMOTETomek:
target
0.0    592
1.0    592
Name: count, dtype: int64
2025-01-11 19:35:06 - INFO - Balance de clases tras SMOTETomek:
target
0.0    599
1.0    599
Name: count, dtype: int64
2025-01-11 19:35:06 - INFO - Balance de clases tras SMOTETomek:
target
0.0    602
1.0    602
Name: count, dtype: int64
2025-01-11 19:35:07 - INFO - Balance de clases tras SMOTETomek:
target
0.0    592
1.0    592
Name: count, dtype: int64
2025-01-11 19:35:07 - INFO - Balance de clases tras SMOTETomek:
target
0.0    604
1.0    604
Name: count, dtype: int64
2025-01-11 19:35:07 - INFO - Balance de clases tras SMOTETomek:
target
0.0    602
1.0    602
Name: count, dtype: int64
2025-01-11 19:35:08 - INFO - Balance de clases tras SMOTETomek:
target
0.0    591
1.0    591
Name: count, dtype: int64
2025-01-11 19:35:08 - INFO - Balance de clases tras SMOTETomek:
target
0.0    604
1.0    604
Name: count, dtype: int64
2025-01-11 19:35:09 - INFO - Balance de clases tras SMOTETomek:
target
0.0    599
1.0    599
Name: count, dtype: int64
2025-01-11 19:35:09 - INFO - Balance de clases tras SMOTETomek:
target
0.0    591
1.0    591
Name: count, dtype: int64
2025-01-11 19:35:10 - INFO - Balance de clases tras SMOTETomek:
target
0.0    592
1.0    592
Name: count, dtype: int64
2025-01-11 19:35:10 - INFO - Balance de clases tras SMOTETomek:
target
0.0    599
1.0    599
Name: count, dtype: int64
2025-01-11 19:35:11 - INFO - Balance de clases tras SMOTETomek:
target
0.0    602
1.0    602
Name: count, dtype: int64
2025-01-11 19:35:11 - INFO - Balance de clases tras SMOTETomek:
target
0.0    592
1.0    592
Name: count, dtype: int64
2025-01-11 19:35:12 - INFO - Balance de clases tras SMOTETomek:
target
0.0    604
1.0    604
Name: count, dtype: int64
2025-01-11 19:35:12 - INFO - Balance de clases tras SMOTETomek:
target
0.0    602
1.0    602
Name: count, dtype: int64
2025-01-11 19:35:14 - INFO - Balance de clases tras SMOTETomek:
target
0.0    604
1.0    604
Name: count, dtype: int64
2025-01-11 19:35:15 - INFO - Mejor Precision: 0.7740
2025-01-11 19:35:15 - INFO - Mejores parámetros: {'max_depth': 10, 'learning_rate': 0.019380969077765476, 'n_estimators': 234, 'subsample': 0.9130363973978044, 'colsample_bytree': 0.8065306013333943, 'gamma': 0.5092823885603259, 'reg_alpha': 0.21305634123687767, 'reg_lambda': 0.15386156979239451}
2025-01-11 19:35:15 - INFO - === Entrenando Pipeline Final con TODO el Training ===
2025-01-11 19:35:15 - INFO - Columnas extra eliminadas: ['future_close', 'change_pct']
2025-01-11 19:35:15 - WARNING - Estas columnas están 100% NaN y se eliminarán antes de imputar: ['VWAP', 'ATR']
2025-01-11 19:35:15 - INFO - Dataset preparado: 1634 filas, 21 features (después de imputación).
2025-01-11 19:35:15 - INFO - Balance de clases tras SMOTETomek:
target
0.0    851
1.0    851
Name: count, dtype: int64
2025-01-11 19:35:16 - INFO - Pipeline final entrenado con TODOS los datos de entrenamiento.
2025-01-11 19:35:16 - INFO - Pipeline completo guardado en: ./results/XGBoost_Binario_trained_pipeline.joblib
2025-01-11 19:35:16 - INFO - Parámetros guardados en: ./results/XGBoost_Binario_model_params.txt
2025-01-11 19:35:16 - INFO - Lista de features guardada en: ./results/XGBoost_Binario_feature_cols.txt
2025-01-11 19:35:16 - INFO - Columnas de indicadores existentes eliminadas: ['RSI', 'MACD', 'MACDs', 'MACDh', 'VWAP', 'OBV', 'BBL', 'BBM', 'BBU', 'ATR', 'STOCHk', 'STOCHd', 'CCI', 'SMA_10', 'SMA_50', 'SMA_200', 'EMA_10', 'EMA_50']
2025-01-11 19:35:16 - INFO - Indicadores técnicos agregados. Filas antes: 880, después: 681 (descartadas: 199)
2025-01-11 19:35:16 - INFO - Columnas renombradas: {'RSI_14': 'RSI', 'MACD_12_26_9': 'MACD', 'MACDs_12_26_9': 'MACDs', 'MACDh_12_26_9': 'MACDh', 'VWAP': 'VWAP', 'BBL_20_2.0': 'BBL', 'BBM_20_2.0': 'BBM', 'BBU_20_2.0': 'BBU', 'ATR_14': 'ATR', 'STOCHk_14_3_3': 'STOCHk', 'STOCHd_14_3_3': 'STOCHd', 'CCI_14_0.015': 'CCI', 'SMA_10': 'SMA_10', 'SMA_50': 'SMA_50', 'SMA_200': 'SMA_200', 'EMA_10': 'EMA_10', 'EMA_50': 'EMA_50'}
2025-01-11 19:35:16 - WARNING - Columna faltante 'VWAP' añadida con NaN.
2025-01-11 19:35:16 - WARNING - Columna faltante 'ATR' añadida con NaN.
2025-01-11 19:35:16 - INFO - Target binario con look_ahead=4, min_change=0.032
2025-01-11 19:35:16 - INFO - Distribución de clases (0=Vender, 1=Comprar):
target
1.0    264
0.0    251
Name: count, dtype: int64
2025-01-11 19:35:16 - INFO - Muestra de datos con target:
                        close  future_close  change_pct  target
open_time                                                      
2021-03-25 11:15:00  52726.78      58459.08    0.108717     1.0
2021-05-17 02:15:00  44800.73      42646.57   -0.048083     0.0
2022-06-20 07:30:00  19892.59      19070.98   -0.041302     0.0
2022-11-08 17:15:00  19839.12      17990.32   -0.093190     0.0
2021-05-19 13:00:00  32300.46      35086.00    0.086238     1.0
2021-05-23 23:00:00  34225.47      37911.79    0.107707     1.0
2021-05-20 01:00:00  36038.12      40299.10    0.118235     1.0
2022-06-18 06:30:00  20400.00      17809.00   -0.127010     0.0
2021-01-12 23:45:00  34051.24      35964.96    0.056201     1.0
2022-11-10 12:45:00  16672.03      17786.53    0.066848     1.0
2025-01-11 19:35:16 - INFO - Columnas extra eliminadas: ['change_pct', 'future_close']
2025-01-11 19:35:16 - WARNING - Estas columnas están 100% NaN y se eliminarán antes de imputar: ['VWAP', 'ATR']
2025-01-11 19:35:16 - INFO - Dataset preparado: 515 filas, 21 features (después de imputación).
2025-01-11 19:35:16 - INFO - === Evaluación en Test ===
2025-01-11 19:35:16 - INFO - Matriz de confusión [0=Vender, 1=Comprar]:
[[142 109]
 [136 128]]
2025-01-11 19:35:16 - INFO - Reporte de Clasificación:
              precision    recall  f1-score   support

      Vender       0.51      0.57      0.54       251
     Comprar       0.54      0.48      0.51       264

    accuracy                           0.52       515
   macro avg       0.53      0.53      0.52       515
weighted avg       0.53      0.52      0.52       515

2025-01-11 19:35:16 - INFO - Precision: 0.5401
2025-01-11 19:35:16 - INFO - F1-score: 0.5110
2025-01-11 19:35:16 - INFO - Recall: 0.4848
2025-01-11 19:35:16 - INFO - Balanced Accuracy: 0.5253
2025-01-11 19:35:16 - INFO - MCC: 0.0507
2025-01-11 19:35:16 - INFO - AUC: 0.5139
2025-01-11 19:35:17 - INFO - Precision final en Test: 0.5401
2025-01-11 19:35:17 - INFO - Importancia de características guardada en ./results/feature_importances_binary.csv.
2025-01-11 19:35:17 - INFO - Gráfico de importancia de características guardado.
2025-01-11 19:35:19 - INFO - Calculando valores SHAP...
2025-01-11 19:35:20 - INFO - SHAP analysis completado y guardado.
2025-01-11 19:35:20 - INFO - Señales generadas con umbral=0.56
2025-01-11 19:35:20 - INFO - Señales filtradas por tendencia.
2025-01-11 19:35:20 - INFO - Señales guardadas en: ./results/signals_binary.csv
2025-01-11 19:35:20 - INFO - === Proceso Completado con Éxito ===
