2025-01-05 00:35:26 - INFO - Datos cargados desde ML/data/processed/BTCUSDT_15m_processed.csv, filas: 251947
2025-01-05 00:35:26 - INFO - Columnas de indicadores técnicos existentes eliminadas: ['OBV']
2025-01-05 00:35:26 - INFO - Indicadores técnicos agregados al DataFrame. Filas antes: 251947, después: 251898
2025-01-05 00:35:26 - INFO - Columnas después de agregar indicadores técnicos: ['open', 'high', 'low', 'close', 'volume', 'close_time', 'quote_asset_volume', 'number_of_trades', 'taker_buy_base_asset_volume', 'taker_buy_quote_asset_volume', 'ignore', 'RSI_14', 'MACD_12_26_9', 'MACDh_12_26_9', 'MACDs_12_26_9', 'SMA_10', 'SMA_50', 'EMA_10', 'EMA_50', 'VWAP_D', 'BBL_20_2.0', 'BBM_20_2.0', 'BBU_20_2.0', 'BBB_20_2.0', 'BBP_20_2.0', 'ATRr_14', 'STOCHk_14_3_3', 'STOCHd_14_3_3', 'CCI_14_0.015', 'OBV']
2025-01-05 00:35:26 - INFO - Columnas renombradas: {'RSI_14': 'RSI', 'MACD_12_26_9': 'MACD', 'MACDs_12_26_9': 'MACDs', 'MACDh_12_26_9': 'MACDh', 'VWAP': 'VWAP', 'VWAP_D': 'VWAP', 'BBL_20_2.0': 'BBL', 'BBM_20_2.0': 'BBM', 'BBU_20_2.0': 'BBU', 'ATRr_14': 'ATR', 'STOCHk_14_3_3': 'STOCHk', 'STOCHd_14_3_3': 'STOCHd', 'CCI_14_0.015': 'CCI', 'BBB_20_2.0': 'BBB', 'BBP_20_2.0': 'BBP'}
2025-01-05 00:35:26 - INFO - Target multiclase con look_ahead=24, min_change=0.03, max_change=0.2
2025-01-05 00:35:26 - INFO - Distribución de clases (0: Vender, 1: Mantener, 2: Comprar):
target
1    229431
2     11441
0     10964
Name: count, dtype: int64
2025-01-05 00:35:26 - INFO - Muestra de datos con target:
                        close  future_close  change_pct  target
open_time                                                      
2021-06-13 00:30:00  35500.00      35169.35   -0.009314       1
2021-12-28 01:30:00  49790.96      49154.01   -0.012792       1
2021-02-03 07:30:00  36430.83      36628.14    0.005416       1
2018-06-18 19:00:00   6725.00       6715.24   -0.001451       1
2022-10-20 00:30:00  19087.19      19104.24    0.000893       1
2024-01-14 05:45:00  42749.99      42829.99    0.001871       1
2021-10-03 12:45:00  47964.43      48822.03    0.017880       1
2019-01-19 12:30:00   3694.92       3681.04   -0.003757       1
2022-05-23 16:00:00  30441.36      29269.25   -0.038504       0
2021-06-09 13:30:00  34883.91      36198.24    0.037677       2
2025-01-05 00:35:26 - INFO - División de datos en train y test completada.
2025-01-05 00:35:26 - INFO - === Buscando hiperparámetros (Optuna) en una muestra del training ===
2025-01-05 00:35:26 - INFO - Características utilizadas: ['open', 'high', 'low', 'close', 'volume', 'RSI', 'MACD', 'MACDs', 'MACDh', 'SMA_10', 'SMA_50', 'EMA_10', 'EMA_50', 'VWAP', 'OBV', 'BBL', 'BBM', 'BBU', 'ATR', 'STOCHk', 'STOCHd', 'CCI']
2025-01-05 00:35:26 - INFO - No se han identificado características categóricas.
2025-01-05 00:35:26 - INFO - Columnas presentes en el DataFrame: ['open', 'high', 'low', 'close', 'volume', 'close_time', 'quote_asset_volume', 'number_of_trades', 'taker_buy_base_asset_volume', 'taker_buy_quote_asset_volume', 'ignore', 'RSI', 'MACD', 'MACDh', 'MACDs', 'SMA_10', 'SMA_50', 'EMA_10', 'EMA_50', 'VWAP', 'BBL', 'BBM', 'BBU', 'BBB', 'BBP', 'ATR', 'STOCHk', 'STOCHd', 'CCI', 'OBV', 'future_close', 'change_pct', 'target']
2025-01-05 00:35:26 - INFO - Columnas eliminadas durante la preparación: ['close_time', 'quote_asset_volume', 'number_of_trades', 'taker_buy_base_asset_volume', 'taker_buy_quote_asset_volume', 'ignore', 'BBB', 'BBP', 'future_close', 'change_pct']
2025-01-05 00:35:26 - INFO - Conjunto de datos preparado con 52885 filas y 22 características.
