2025-01-21 20:04:47 - INFO - Datos cargados desde ML/data/processed/BTCUSDT_15m_processed.csv, filas: 257756
2025-01-21 20:04:47 - INFO - Columnas de indicadores existentes eliminadas: ['RSI', 'MACD', 'MACDs', 'MACDh', 'OBV', 'BBL', 'BBM', 'BBU', 'SMA_10', 'SMA_50', 'EMA_10', 'EMA_50']
2025-01-21 20:04:47 - INFO - Indicadores técnicos agregados. Filas antes: 257756, después: 257557 (descartadas: 199)
2025-01-21 20:04:47 - INFO - Columnas renombradas: {'RSI_14': 'RSI', 'MACD_12_26_9': 'MACD', 'MACDs_12_26_9': 'MACDs', 'MACDh_12_26_9': 'MACDh', 'BBL_20_2.0': 'BBL', 'BBM_20_2.0': 'BBM', 'BBU_20_2.0': 'BBU', 'STOCHk_14_3_3': 'STOCHk', 'STOCHd_14_3_3': 'STOCHd', 'CCI_14_0.015': 'CCI', 'SMA_10': 'SMA_10', 'SMA_50': 'SMA_50', 'SMA_200': 'SMA_200', 'EMA_10': 'EMA_10', 'EMA_50': 'EMA_50'}
2025-01-21 20:04:47 - INFO - Target binario con look_ahead=3, min_change=0.031
2025-01-21 20:04:47 - INFO - Distribución de clases (0=Vender, 1=Comprar):
target
0.0    986
1.0    871
Name: count, dtype: int64
2025-01-21 20:04:47 - INFO - Muestra de datos con target:
                        close  future_close  change_pct  target
open_time                                                      
2020-03-15 20:30:00   5242.71       5504.85    0.050001     1.0
2017-12-24 12:15:00  12004.25      12399.98    0.032966     1.0
2018-01-17 13:30:00   9897.99       9330.00   -0.057384     0.0
2018-02-06 15:45:00   7290.61       7023.40   -0.036651     0.0
2021-05-12 21:30:00  54543.15      52748.44   -0.032904     0.0
2019-05-13 14:30:00   7455.52       7717.43    0.035130     1.0
2018-10-11 00:30:00   6572.99       6331.14   -0.036795     0.0
2019-07-09 09:15:00  12523.81      12072.46   -0.036039     0.0
2018-01-08 10:00:00  14700.03      15183.59    0.032895     1.0
2018-01-30 18:30:00   9900.00      10338.81    0.044324     1.0
2025-01-21 20:04:47 - INFO - División de datos en Train/Test completada.
2025-01-21 20:04:47 - INFO - === Búsqueda de hiperparámetros (Optuna) en muestra de Training ===
2025-01-21 20:04:47 - INFO - No se han identificado características categóricas.
2025-01-21 20:04:47 - INFO - Columnas extra eliminadas: ['future_close', 'change_pct']
2025-01-21 20:04:47 - INFO - Dataset preparado: 1086 filas, 21 features (después de imputación).
2025-01-21 20:04:47 - INFO - Iniciando optimización en Optuna (precisión clase=1)...
2025-01-21 20:04:48 - INFO - Balance de clases tras SMOTETomek:
target
1.0    422
0.0    422
Name: count, dtype: int64
2025-01-21 20:04:48 - INFO - Balance de clases tras SMOTETomek:
target
1.0    422
0.0    422
Name: count, dtype: int64
2025-01-21 20:04:48 - INFO - Balance de clases tras SMOTETomek:
target
1.0    419
0.0    419
Name: count, dtype: int64
2025-01-21 20:04:48 - INFO - Balance de clases tras SMOTETomek:
target
1.0    421
0.0    421
Name: count, dtype: int64
2025-01-21 20:04:49 - INFO - Balance de clases tras SMOTETomek:
target
1.0    419
0.0    419
Name: count, dtype: int64
2025-01-21 20:04:49 - INFO - Balance de clases tras SMOTETomek:
target
1.0    414
0.0    414
Name: count, dtype: int64
2025-01-21 20:04:50 - INFO - Balance de clases tras SMOTETomek:
target
1.0    422
0.0    422
Name: count, dtype: int64
2025-01-21 20:04:50 - INFO - Balance de clases tras SMOTETomek:
target
1.0    419
0.0    419
Name: count, dtype: int64
2025-01-21 20:04:50 - INFO - Balance de clases tras SMOTETomek:
target
1.0    419
0.0    419
Name: count, dtype: int64
2025-01-21 20:04:51 - INFO - Balance de clases tras SMOTETomek:
target
1.0    421
0.0    421
Name: count, dtype: int64
2025-01-21 20:04:52 - INFO - Balance de clases tras SMOTETomek:
target
1.0    419
0.0    419
Name: count, dtype: int64
2025-01-21 20:04:53 - INFO - Balance de clases tras SMOTETomek:
target
1.0    414
0.0    414
Name: count, dtype: int64
2025-01-21 20:04:53 - INFO - Balance de clases tras SMOTETomek:
target
1.0    421
0.0    421
Name: count, dtype: int64
2025-01-21 20:04:53 - INFO - Balance de clases tras SMOTETomek:
target
1.0    422
0.0    422
Name: count, dtype: int64
2025-01-21 20:04:54 - INFO - Balance de clases tras SMOTETomek:
target
1.0    419
0.0    419
Name: count, dtype: int64
2025-01-21 20:04:55 - INFO - Balance de clases tras SMOTETomek:
target
1.0    421
0.0    421
Name: count, dtype: int64
2025-01-21 20:04:55 - INFO - Balance de clases tras SMOTETomek:
target
1.0    419
0.0    419
Name: count, dtype: int64
2025-01-21 20:04:56 - INFO - Balance de clases tras SMOTETomek:
target
1.0    414
0.0    414
Name: count, dtype: int64
2025-01-21 20:04:57 - INFO - Balance de clases tras SMOTETomek:
target
1.0    419
0.0    419
Name: count, dtype: int64
2025-01-21 20:04:57 - INFO - Balance de clases tras SMOTETomek:
target
1.0    422
0.0    422
Name: count, dtype: int64
2025-01-21 20:04:57 - INFO - Balance de clases tras SMOTETomek:
target
1.0    419
0.0    419
Name: count, dtype: int64
2025-01-21 20:04:57 - INFO - Balance de clases tras SMOTETomek:
target
1.0    421
0.0    421
Name: count, dtype: int64
2025-01-21 20:04:57 - INFO - Balance de clases tras SMOTETomek:
target
1.0    419
0.0    419
Name: count, dtype: int64
2025-01-21 20:04:58 - INFO - Balance de clases tras SMOTETomek:
target
1.0    414
0.0    414
Name: count, dtype: int64
2025-01-21 20:04:58 - INFO - Balance de clases tras SMOTETomek:
target
1.0    422
0.0    422
Name: count, dtype: int64
2025-01-21 20:04:59 - INFO - Balance de clases tras SMOTETomek:
target
1.0    419
0.0    419
Name: count, dtype: int64
2025-01-21 20:05:00 - INFO - Balance de clases tras SMOTETomek:
target
1.0    414
0.0    414
Name: count, dtype: int64
2025-01-21 20:05:01 - INFO - Balance de clases tras SMOTETomek:
target
1.0    421
0.0    421
Name: count, dtype: int64
2025-01-21 20:05:03 - INFO - Balance de clases tras SMOTETomek:
target
1.0    419
0.0    419
Name: count, dtype: int64
2025-01-21 20:05:03 - INFO - Balance de clases tras SMOTETomek:
target
1.0    422
0.0    422
Name: count, dtype: int64
2025-01-21 20:05:04 - INFO - Balance de clases tras SMOTETomek:
target
1.0    414
0.0    414
Name: count, dtype: int64
2025-01-21 20:05:04 - INFO - Balance de clases tras SMOTETomek:
target
1.0    419
0.0    419
Name: count, dtype: int64
2025-01-21 20:05:06 - INFO - Balance de clases tras SMOTETomek:
target
1.0    422
0.0    422
Name: count, dtype: int64
2025-01-21 20:05:06 - INFO - Balance de clases tras SMOTETomek:
target
1.0    421
0.0    421
Name: count, dtype: int64
2025-01-21 20:05:06 - INFO - Balance de clases tras SMOTETomek:
target
1.0    419
0.0    419
Name: count, dtype: int64
2025-01-21 20:05:07 - INFO - Balance de clases tras SMOTETomek:
target
1.0    421
0.0    421
Name: count, dtype: int64
2025-01-21 20:05:07 - INFO - Balance de clases tras SMOTETomek:
target
1.0    419
0.0    419
Name: count, dtype: int64
2025-01-21 20:05:07 - INFO - Balance de clases tras SMOTETomek:
target
1.0    419
0.0    419
Name: count, dtype: int64
2025-01-21 20:05:08 - INFO - Balance de clases tras SMOTETomek:
target
1.0    414
0.0    414
Name: count, dtype: int64
2025-01-21 20:05:08 - INFO - Balance de clases tras SMOTETomek:
target
1.0    422
0.0    422
Name: count, dtype: int64
2025-01-21 20:05:09 - INFO - Balance de clases tras SMOTETomek:
target
1.0    414
0.0    414
Name: count, dtype: int64
2025-01-21 20:05:09 - INFO - Balance de clases tras SMOTETomek:
target
1.0    419
0.0    419
Name: count, dtype: int64
2025-01-21 20:05:10 - INFO - Balance de clases tras SMOTETomek:
target
1.0    421
0.0    421
Name: count, dtype: int64
2025-01-21 20:05:11 - INFO - Balance de clases tras SMOTETomek:
target
1.0    422
0.0    422
Name: count, dtype: int64
2025-01-21 20:05:11 - INFO - Balance de clases tras SMOTETomek:
target
1.0    419
0.0    419
Name: count, dtype: int64
2025-01-21 20:05:12 - INFO - Balance de clases tras SMOTETomek:
target
1.0    419
0.0    419
Name: count, dtype: int64
2025-01-21 20:05:13 - INFO - Balance de clases tras SMOTETomek:
target
1.0    414
0.0    414
Name: count, dtype: int64
2025-01-21 20:05:14 - INFO - Balance de clases tras SMOTETomek:
target
1.0    421
0.0    421
Name: count, dtype: int64
2025-01-21 20:05:14 - INFO - Balance de clases tras SMOTETomek:
target
1.0    422
0.0    422
Name: count, dtype: int64
2025-01-21 20:05:15 - INFO - Balance de clases tras SMOTETomek:
target
1.0    419
0.0    419
Name: count, dtype: int64
2025-01-21 20:05:16 - INFO - Balance de clases tras SMOTETomek:
target
1.0    419
0.0    419
Name: count, dtype: int64
2025-01-21 20:05:17 - INFO - Balance de clases tras SMOTETomek:
target
1.0    414
0.0    414
Name: count, dtype: int64
2025-01-21 20:05:18 - INFO - Balance de clases tras SMOTETomek:
target
1.0    421
0.0    421
Name: count, dtype: int64
2025-01-21 20:05:18 - INFO - Balance de clases tras SMOTETomek:
target
1.0    422
0.0    422
Name: count, dtype: int64
2025-01-21 20:05:20 - INFO - Balance de clases tras SMOTETomek:
target
1.0    419
0.0    419
Name: count, dtype: int64
2025-01-21 20:05:21 - INFO - Balance de clases tras SMOTETomek:
target
1.0    419
0.0    419
Name: count, dtype: int64
2025-01-21 20:05:22 - INFO - Balance de clases tras SMOTETomek:
target
1.0    421
0.0    421
Name: count, dtype: int64
2025-01-21 20:05:23 - INFO - Balance de clases tras SMOTETomek:
target
1.0    414
0.0    414
Name: count, dtype: int64
2025-01-21 20:05:24 - INFO - Balance de clases tras SMOTETomek:
target
1.0    419
0.0    419
Name: count, dtype: int64
2025-01-21 20:05:26 - INFO - Balance de clases tras SMOTETomek:
target
1.0    414
0.0    414
Name: count, dtype: int64
2025-01-21 20:05:28 - INFO - Mejor Precisión (clase=1): 0.7211
2025-01-21 20:05:28 - INFO - Mejores parámetros: {'max_depth': 10, 'learning_rate': 0.01933825708161766, 'n_estimators': 391, 'subsample': 0.686936441234131, 'colsample_bytree': 0.9618386490195366, 'gamma': 0.3601793558566581, 'reg_alpha': 0.030765045795470458, 'reg_lambda': 0.06228871796238301}
2025-01-21 20:05:28 - INFO - === Entrenando Pipeline Final con TODO el Training ===
2025-01-21 20:05:28 - INFO - Columnas extra eliminadas: ['future_close', 'change_pct']
2025-01-21 20:05:28 - INFO - Dataset preparado: 1207 filas, 21 features (después de imputación).
2025-01-21 20:05:28 - INFO - Balance de clases tras SMOTETomek:
target
1.0    609
0.0    609
Name: count, dtype: int64
2025-01-21 20:05:30 - INFO - Pipeline final entrenado con scale_pos_weight=1.00
2025-01-21 20:05:30 - INFO - Pipeline completo guardado en: ./results/XGBoost_Binario_trained_pipeline.joblib
2025-01-21 20:05:30 - INFO - Parámetros guardados en: ./results/XGBoost_Binario_model_params.txt
2025-01-21 20:05:30 - INFO - Lista de features guardada en: ./results/XGBoost_Binario_feature_cols.txt
2025-01-21 20:05:30 - INFO - Columnas de indicadores existentes eliminadas: ['RSI', 'MACD', 'MACDs', 'MACDh', 'OBV', 'BBL', 'BBM', 'BBU', 'STOCHk', 'STOCHd', 'CCI', 'SMA_10', 'SMA_50', 'SMA_200', 'EMA_10', 'EMA_50']
2025-01-21 20:05:30 - INFO - Indicadores técnicos agregados. Filas antes: 650, después: 451 (descartadas: 199)
2025-01-21 20:05:30 - INFO - Columnas renombradas: {'RSI_14': 'RSI', 'MACD_12_26_9': 'MACD', 'MACDs_12_26_9': 'MACDs', 'MACDh_12_26_9': 'MACDh', 'BBL_20_2.0': 'BBL', 'BBM_20_2.0': 'BBM', 'BBU_20_2.0': 'BBU', 'STOCHk_14_3_3': 'STOCHk', 'STOCHd_14_3_3': 'STOCHd', 'CCI_14_0.015': 'CCI', 'SMA_10': 'SMA_10', 'SMA_50': 'SMA_50', 'SMA_200': 'SMA_200', 'EMA_10': 'EMA_10', 'EMA_50': 'EMA_50'}
2025-01-21 20:05:30 - INFO - Target binario con look_ahead=3, min_change=0.031
2025-01-21 20:05:30 - INFO - Distribución de clases (0=Vender, 1=Comprar):
target
0.0    169
1.0    168
Name: count, dtype: int64
2025-01-21 20:05:30 - INFO - Muestra de datos con target:
                        close  future_close  change_pct  target
open_time                                                      
2022-03-16 02:45:00  40866.06      30584.40   -0.251594     0.0
2021-01-29 18:45:00  35202.46      39227.72    0.114346     1.0
2021-01-29 07:45:00  32266.35      33329.35    0.032945     1.0
2022-03-16 01:30:00  39249.36      40964.09    0.043688     1.0
2021-05-19 00:30:00  42857.10      38956.94   -0.091004     0.0
2022-03-16 01:45:00  39512.48      40866.06    0.034257     1.0
2021-01-21 23:45:00  30850.13      29501.42   -0.043718     0.0
2021-05-19 12:30:00  36433.00      33601.85   -0.077708     0.0
2021-05-19 00:45:00  42610.25      38700.00   -0.091768     0.0
2021-05-12 21:45:00  54533.16      51591.42   -0.053944     0.0
2025-01-21 20:05:30 - INFO - Columnas extra eliminadas: ['change_pct', 'future_close']
2025-01-21 20:05:30 - INFO - Dataset preparado: 337 filas, 21 features (después de imputación).
2025-01-21 20:05:30 - INFO - === Evaluación en Test ===
2025-01-21 20:05:30 - INFO - Matriz de confusión [0=Vender, 1=Comprar]:
[[92 77]
 [74 94]]
2025-01-21 20:05:30 - INFO - Reporte de Clasificación:
              precision    recall  f1-score   support

      Vender       0.55      0.54      0.55       169
     Comprar       0.55      0.56      0.55       168

    accuracy                           0.55       337
   macro avg       0.55      0.55      0.55       337
weighted avg       0.55      0.55      0.55       337

2025-01-21 20:05:30 - INFO - Precision (clase=1): 0.5497
2025-01-21 20:05:30 - INFO - F1 (clase=1): 0.5546
2025-01-21 20:05:30 - INFO - Recall (clase=1): 0.5595
2025-01-21 20:05:30 - INFO - Balanced Accuracy: 0.5520
2025-01-21 20:05:30 - INFO - MCC: 0.1039
2025-01-21 20:05:30 - INFO - AUC: 0.5339
2025-01-21 20:05:31 - INFO - Precisión final en Test (clase=1): 0.5497
2025-01-21 20:05:31 - INFO - Importancia de características guardada en ./results/feature_importances_binary.csv.
2025-01-21 20:05:31 - INFO - Gráfico de importancia de características guardado.
2025-01-21 20:05:32 - INFO - Calculando valores SHAP...
2025-01-21 20:05:33 - INFO - SHAP analysis completado y guardado.
2025-01-21 20:05:33 - INFO - Señales generadas con umbral=0.61
2025-01-21 20:05:33 - INFO - Señales filtradas por tendencia.
2025-01-21 20:05:33 - INFO - Señales guardadas en: ./results/signals_binary.csv
2025-01-21 20:05:33 - INFO - === Proceso Completado con Éxito ===
