2025-01-10 00:20:45 - INFO - Datos cargados desde ML/data/processed/XRPUSDT_15m_processed.csv, filas: 230123
2025-01-10 00:20:45 - INFO - Columnas de indicadores existentes eliminadas: ['RSI', 'MACD', 'MACDs', 'MACDh', 'OBV', 'BBL', 'BBM', 'BBU', 'SMA_10', 'SMA_50', 'EMA_10', 'EMA_50']
2025-01-10 00:20:45 - INFO - Indicadores técnicos agregados. Filas antes: 230123, después: 229924 (descartadas: 199)
2025-01-10 00:20:45 - INFO - Columnas renombradas: {'RSI_14': 'RSI', 'MACD_12_26_9': 'MACD', 'MACDs_12_26_9': 'MACDs', 'MACDh_12_26_9': 'MACDh', 'VWAP': 'VWAP', 'BBL_20_2.0': 'BBL', 'BBM_20_2.0': 'BBM', 'BBU_20_2.0': 'BBU', 'ATR_14': 'ATR', 'STOCHk_14_3_3': 'STOCHk', 'STOCHd_14_3_3': 'STOCHd', 'CCI_14_0.015': 'CCI', 'SMA_10': 'SMA_10', 'SMA_50': 'SMA_50', 'SMA_200': 'SMA_200', 'EMA_10': 'EMA_10', 'EMA_50': 'EMA_50'}
2025-01-10 00:20:45 - WARNING - Columna faltante 'VWAP' añadida con NaN.
2025-01-10 00:20:45 - WARNING - Columna faltante 'ATR' añadida con NaN.
2025-01-10 00:20:45 - INFO - Target binario con look_ahead=4, min_change=0.028
2025-01-10 00:20:45 - INFO - Distribución de clases (0=Vender, 1=Comprar):
target
1.0    3259
0.0    2932
Name: count, dtype: int64
2025-01-10 00:20:45 - INFO - Muestra de datos con target:
                       close  future_close  change_pct  target
open_time                                                     
2022-11-08 16:30:00  0.45520       0.43970   -0.034051     0.0
2021-05-11 23:45:00  1.47860       1.53380    0.037333     1.0
2020-12-04 15:30:00  0.59420       0.57143   -0.038320     0.0
2021-01-12 15:30:00  0.28554       0.29901    0.047174     1.0
2020-12-25 10:45:00  0.35603       0.38040    0.068449     1.0
2020-03-27 10:45:00  0.17163       0.17655    0.028666     1.0
2021-04-13 13:30:00  1.67457       1.73360    0.035251     1.0
2024-07-08 07:45:00  0.42270       0.43480    0.028626     1.0
2020-11-22 01:45:00  0.42978       0.45501    0.058704     1.0
2020-11-23 12:30:00  0.48934       0.50853    0.039216     1.0
2025-01-10 00:20:45 - INFO - División de datos en Train/Test completada.
2025-01-10 00:20:45 - INFO - === Búsqueda de hiperparámetros (Optuna) en muestra de Training ===
2025-01-10 00:20:45 - INFO - No se han identificado características categóricas.
2025-01-10 00:20:45 - INFO - Columnas extra eliminadas: ['future_close', 'change_pct']
2025-01-10 00:20:45 - WARNING - Estas columnas están 100% NaN y se eliminarán antes de imputar: ['VWAP', 'ATR']
2025-01-10 00:20:45 - INFO - Dataset preparado: 1733 filas, 21 features (después de imputación).
2025-01-10 00:20:45 - INFO - Balance de clases tras SMOTETomek:
target
0.0    594
1.0    594
Name: count, dtype: int64
2025-01-10 00:20:45 - INFO - Balance de clases tras SMOTETomek:
target
0.0    594
1.0    594
Name: count, dtype: int64
2025-01-10 00:20:46 - INFO - Balance de clases tras SMOTETomek:
target
0.0    607
1.0    607
Name: count, dtype: int64
2025-01-10 00:20:46 - INFO - Balance de clases tras SMOTETomek:
target
0.0    607
1.0    607
Name: count, dtype: int64
2025-01-10 00:20:47 - INFO - Balance de clases tras SMOTETomek:
target
0.0    612
1.0    612
Name: count, dtype: int64
2025-01-10 00:20:47 - INFO - Balance de clases tras SMOTETomek:
target
0.0    591
1.0    591
Name: count, dtype: int64
2025-01-10 00:20:47 - INFO - Balance de clases tras SMOTETomek:
target
0.0    612
1.0    612
Name: count, dtype: int64
2025-01-10 00:20:48 - INFO - Balance de clases tras SMOTETomek:
target
0.0    597
1.0    597
Name: count, dtype: int64
2025-01-10 00:20:48 - INFO - Balance de clases tras SMOTETomek:
target
0.0    591
1.0    591
Name: count, dtype: int64
2025-01-10 00:20:49 - INFO - Balance de clases tras SMOTETomek:
target
0.0    594
1.0    594
Name: count, dtype: int64
2025-01-10 00:20:49 - INFO - Balance de clases tras SMOTETomek:
target
0.0    597
1.0    597
Name: count, dtype: int64
2025-01-10 00:20:50 - INFO - Balance de clases tras SMOTETomek:
target
0.0    607
1.0    607
Name: count, dtype: int64
2025-01-10 00:20:51 - INFO - Balance de clases tras SMOTETomek:
target
0.0    612
1.0    612
Name: count, dtype: int64
2025-01-10 00:20:51 - INFO - Balance de clases tras SMOTETomek:
target
0.0    594
1.0    594
Name: count, dtype: int64
2025-01-10 00:20:51 - INFO - Balance de clases tras SMOTETomek:
target
0.0    607
1.0    607
Name: count, dtype: int64
2025-01-10 00:20:52 - INFO - Balance de clases tras SMOTETomek:
target
0.0    591
1.0    591
Name: count, dtype: int64
2025-01-10 00:20:52 - INFO - Balance de clases tras SMOTETomek:
target
0.0    612
1.0    612
Name: count, dtype: int64
2025-01-10 00:20:53 - INFO - Balance de clases tras SMOTETomek:
target
0.0    597
1.0    597
Name: count, dtype: int64
2025-01-10 00:20:53 - INFO - Balance de clases tras SMOTETomek:
target
0.0    591
1.0    591
Name: count, dtype: int64
2025-01-10 00:20:54 - INFO - Balance de clases tras SMOTETomek:
target
0.0    594
1.0    594
Name: count, dtype: int64
2025-01-10 00:20:54 - INFO - Balance de clases tras SMOTETomek:
target
0.0    597
1.0    597
Name: count, dtype: int64
2025-01-10 00:20:54 - INFO - Balance de clases tras SMOTETomek:
target
0.0    607
1.0    607
Name: count, dtype: int64
2025-01-10 00:20:55 - INFO - Balance de clases tras SMOTETomek:
target
0.0    612
1.0    612
Name: count, dtype: int64
2025-01-10 00:20:55 - INFO - Balance de clases tras SMOTETomek:
target
0.0    594
1.0    594
Name: count, dtype: int64
2025-01-10 00:20:55 - INFO - Balance de clases tras SMOTETomek:
target
0.0    591
1.0    591
Name: count, dtype: int64
2025-01-10 00:20:56 - INFO - Balance de clases tras SMOTETomek:
target
0.0    597
1.0    597
Name: count, dtype: int64
2025-01-10 00:20:57 - INFO - Balance de clases tras SMOTETomek:
target
0.0    594
1.0    594
Name: count, dtype: int64
2025-01-10 00:20:57 - INFO - Balance de clases tras SMOTETomek:
target
0.0    607
1.0    607
Name: count, dtype: int64
2025-01-10 00:20:57 - INFO - Balance de clases tras SMOTETomek:
target
0.0    607
1.0    607
Name: count, dtype: int64
2025-01-10 00:20:58 - INFO - Balance de clases tras SMOTETomek:
target
0.0    612
1.0    612
Name: count, dtype: int64
2025-01-10 00:20:58 - INFO - Balance de clases tras SMOTETomek:
target
0.0    591
1.0    591
Name: count, dtype: int64
2025-01-10 00:20:59 - INFO - Balance de clases tras SMOTETomek:
target
0.0    597
1.0    597
Name: count, dtype: int64
2025-01-10 00:20:59 - INFO - Balance de clases tras SMOTETomek:
target
0.0    594
1.0    594
Name: count, dtype: int64
2025-01-10 00:21:00 - INFO - Balance de clases tras SMOTETomek:
target
0.0    612
1.0    612
Name: count, dtype: int64
2025-01-10 00:21:00 - INFO - Balance de clases tras SMOTETomek:
target
0.0    607
1.0    607
Name: count, dtype: int64
2025-01-10 00:21:01 - INFO - Balance de clases tras SMOTETomek:
target
0.0    612
1.0    612
Name: count, dtype: int64
2025-01-10 00:21:01 - INFO - Balance de clases tras SMOTETomek:
target
0.0    591
1.0    591
Name: count, dtype: int64
2025-01-10 00:21:02 - INFO - Balance de clases tras SMOTETomek:
target
0.0    597
1.0    597
Name: count, dtype: int64
2025-01-10 00:21:02 - INFO - Balance de clases tras SMOTETomek:
target
0.0    591
1.0    591
Name: count, dtype: int64
2025-01-10 00:21:03 - INFO - Balance de clases tras SMOTETomek:
target
0.0    594
1.0    594
Name: count, dtype: int64
2025-01-10 00:21:04 - INFO - Balance de clases tras SMOTETomek:
target
0.0    607
1.0    607
Name: count, dtype: int64
2025-01-10 00:21:05 - INFO - Balance de clases tras SMOTETomek:
target
0.0    597
1.0    597
Name: count, dtype: int64
2025-01-10 00:21:05 - INFO - Balance de clases tras SMOTETomek:
target
0.0    612
1.0    612
Name: count, dtype: int64
2025-01-10 00:21:06 - INFO - Balance de clases tras SMOTETomek:
target
0.0    591
1.0    591
Name: count, dtype: int64
2025-01-10 00:21:07 - INFO - Balance de clases tras SMOTETomek:
target
0.0    597
1.0    597
Name: count, dtype: int64
2025-01-10 00:21:07 - INFO - Balance de clases tras SMOTETomek:
target
0.0    594
1.0    594
Name: count, dtype: int64
2025-01-10 00:21:08 - INFO - Balance de clases tras SMOTETomek:
target
0.0    607
1.0    607
Name: count, dtype: int64
2025-01-10 00:21:08 - INFO - Balance de clases tras SMOTETomek:
target
0.0    594
1.0    594
Name: count, dtype: int64
2025-01-10 00:21:09 - INFO - Balance de clases tras SMOTETomek:
target
0.0    612
1.0    612
Name: count, dtype: int64
2025-01-10 00:21:09 - INFO - Balance de clases tras SMOTETomek:
target
0.0    591
1.0    591
Name: count, dtype: int64
2025-01-10 00:21:10 - INFO - Balance de clases tras SMOTETomek:
target
0.0    607
1.0    607
Name: count, dtype: int64
2025-01-10 00:21:10 - INFO - Balance de clases tras SMOTETomek:
target
0.0    597
1.0    597
Name: count, dtype: int64
2025-01-10 00:21:11 - INFO - Balance de clases tras SMOTETomek:
target
0.0    594
1.0    594
Name: count, dtype: int64
2025-01-10 00:21:12 - INFO - Balance de clases tras SMOTETomek:
target
0.0    607
1.0    607
Name: count, dtype: int64
2025-01-10 00:21:12 - INFO - Balance de clases tras SMOTETomek:
target
0.0    612
1.0    612
Name: count, dtype: int64
2025-01-10 00:21:13 - INFO - Balance de clases tras SMOTETomek:
target
0.0    612
1.0    612
Name: count, dtype: int64
2025-01-10 00:21:13 - INFO - Balance de clases tras SMOTETomek:
target
0.0    591
1.0    591
Name: count, dtype: int64
2025-01-10 00:21:14 - INFO - Balance de clases tras SMOTETomek:
target
0.0    591
1.0    591
Name: count, dtype: int64
2025-01-10 00:21:15 - INFO - Balance de clases tras SMOTETomek:
target
0.0    597
1.0    597
Name: count, dtype: int64
2025-01-10 00:21:15 - INFO - Balance de clases tras SMOTETomek:
target
0.0    597
1.0    597
Name: count, dtype: int64
2025-01-10 00:21:16 - INFO - Balance de clases tras SMOTETomek:
target
0.0    594
1.0    594
Name: count, dtype: int64
2025-01-10 00:21:17 - INFO - Balance de clases tras SMOTETomek:
target
0.0    607
1.0    607
Name: count, dtype: int64
2025-01-10 00:21:17 - INFO - Balance de clases tras SMOTETomek:
target
0.0    594
1.0    594
Name: count, dtype: int64
2025-01-10 00:21:18 - INFO - Balance de clases tras SMOTETomek:
target
0.0    612
1.0    612
Name: count, dtype: int64
2025-01-10 00:21:18 - INFO - Balance de clases tras SMOTETomek:
target
0.0    607
1.0    607
Name: count, dtype: int64
2025-01-10 00:21:19 - INFO - Balance de clases tras SMOTETomek:
target
0.0    591
1.0    591
Name: count, dtype: int64
2025-01-10 00:21:19 - INFO - Balance de clases tras SMOTETomek:
target
0.0    612
1.0    612
Name: count, dtype: int64
2025-01-10 00:21:19 - INFO - Balance de clases tras SMOTETomek:
target
0.0    597
1.0    597
Name: count, dtype: int64
2025-01-10 00:21:20 - INFO - Balance de clases tras SMOTETomek:
target
0.0    591
1.0    591
Name: count, dtype: int64
2025-01-10 00:21:21 - INFO - Balance de clases tras SMOTETomek:
target
0.0    594
1.0    594
Name: count, dtype: int64
2025-01-10 00:21:21 - INFO - Balance de clases tras SMOTETomek:
target
0.0    597
1.0    597
Name: count, dtype: int64
2025-01-10 00:21:21 - INFO - Balance de clases tras SMOTETomek:
target
0.0    607
1.0    607
Name: count, dtype: int64
2025-01-10 00:21:22 - INFO - Balance de clases tras SMOTETomek:
target
0.0    612
1.0    612
Name: count, dtype: int64
2025-01-10 00:21:23 - INFO - Balance de clases tras SMOTETomek:
target
0.0    591
1.0    591
Name: count, dtype: int64
2025-01-10 00:21:24 - INFO - Balance de clases tras SMOTETomek:
target
0.0    597
1.0    597
Name: count, dtype: int64
2025-01-10 00:21:25 - INFO - Mejor Precision: 0.7947
2025-01-10 00:21:25 - INFO - Mejores parámetros: {'max_depth': 10, 'learning_rate': 0.0997846473863968, 'n_estimators': 184, 'subsample': 0.6046045410404894, 'colsample_bytree': 0.8207561352845218, 'gamma': 0.031149991197980332, 'reg_alpha': 0.5980572442323253, 'reg_lambda': 0.9078886757747339}
2025-01-10 00:21:25 - INFO - === Entrenando Pipeline Final con TODO el Training ===
2025-01-10 00:21:25 - INFO - Columnas extra eliminadas: ['future_close', 'change_pct']
2025-01-10 00:21:25 - WARNING - Estas columnas están 100% NaN y se eliminarán antes de imputar: ['VWAP', 'ATR']
2025-01-10 00:21:25 - INFO - Dataset preparado: 4333 filas, 21 features (después de imputación).
2025-01-10 00:21:25 - INFO - Balance de clases tras SMOTETomek:
target
0.0    1737
1.0    1737
Name: count, dtype: int64
2025-01-10 00:21:27 - INFO - Pipeline final entrenado con TODOS los datos de entrenamiento.
2025-01-10 00:21:27 - INFO - Pipeline completo guardado en: ./results/XGBoost_Binario_trained_pipeline.joblib
2025-01-10 00:21:27 - INFO - Parámetros guardados en: ./results/XGBoost_Binario_model_params.txt
2025-01-10 00:21:27 - INFO - Lista de features guardada en: ./results/XGBoost_Binario_feature_cols.txt
2025-01-10 00:21:27 - INFO - Columnas de indicadores existentes eliminadas: ['RSI', 'MACD', 'MACDs', 'MACDh', 'VWAP', 'OBV', 'BBL', 'BBM', 'BBU', 'ATR', 'STOCHk', 'STOCHd', 'CCI', 'SMA_10', 'SMA_50', 'SMA_200', 'EMA_10', 'EMA_50']
2025-01-10 00:21:27 - INFO - Indicadores técnicos agregados. Filas antes: 1858, después: 1659 (descartadas: 199)
2025-01-10 00:21:27 - INFO - Columnas renombradas: {'RSI_14': 'RSI', 'MACD_12_26_9': 'MACD', 'MACDs_12_26_9': 'MACDs', 'MACDh_12_26_9': 'MACDh', 'VWAP': 'VWAP', 'BBL_20_2.0': 'BBL', 'BBM_20_2.0': 'BBM', 'BBU_20_2.0': 'BBU', 'ATR_14': 'ATR', 'STOCHk_14_3_3': 'STOCHk', 'STOCHd_14_3_3': 'STOCHd', 'CCI_14_0.015': 'CCI', 'SMA_10': 'SMA_10', 'SMA_50': 'SMA_50', 'SMA_200': 'SMA_200', 'EMA_10': 'EMA_10', 'EMA_50': 'EMA_50'}
2025-01-10 00:21:27 - WARNING - Columna faltante 'VWAP' añadida con NaN.
2025-01-10 00:21:27 - WARNING - Columna faltante 'ATR' añadida con NaN.
2025-01-10 00:21:27 - INFO - Target binario con look_ahead=4, min_change=0.028
2025-01-10 00:21:27 - INFO - Distribución de clases (0=Vender, 1=Comprar):
target
1.0    622
0.0    577
Name: count, dtype: int64
2025-01-10 00:21:27 - INFO - Muestra de datos con target:
                      close  future_close  change_pct  target
open_time                                                    
2022-06-14 00:00:00  0.3134        0.2977   -0.050096     0.0
2023-07-14 15:45:00  0.7777        0.7303   -0.060949     0.0
2023-04-22 13:30:00  0.4584        0.4776    0.041885     1.0
2024-08-09 08:45:00  0.6046        0.5844   -0.033411     0.0
2022-09-28 00:15:00  0.4499        0.4349   -0.033341     0.0
2022-02-24 02:30:00  0.6954        0.6301   -0.093903     0.0
2024-11-12 07:15:00  0.6124        0.6413    0.047191     1.0
2021-11-26 08:00:00  1.0050        0.8985   -0.105970     0.0
2022-06-13 20:30:00  0.3243        0.2940   -0.093432     0.0
2021-09-13 13:30:00  1.0920        1.0267   -0.059799     0.0
2025-01-10 00:21:27 - INFO - Columnas extra eliminadas: ['change_pct', 'future_close']
2025-01-10 00:21:27 - WARNING - Estas columnas están 100% NaN y se eliminarán antes de imputar: ['VWAP', 'ATR']
2025-01-10 00:21:27 - INFO - Dataset preparado: 1199 filas, 21 features (después de imputación).
2025-01-10 00:21:27 - INFO - === Evaluación en Test ===
2025-01-10 00:21:27 - INFO - Matriz de confusión [0=Vender, 1=Comprar]:
[[330 247]
 [383 239]]
2025-01-10 00:21:27 - INFO - Reporte de Clasificación:
              precision    recall  f1-score   support

      Vender       0.46      0.57      0.51       577
     Comprar       0.49      0.38      0.43       622

    accuracy                           0.47      1199
   macro avg       0.48      0.48      0.47      1199
weighted avg       0.48      0.47      0.47      1199

2025-01-10 00:21:27 - INFO - Precision: 0.4918
2025-01-10 00:21:27 - INFO - F1-score: 0.4314
2025-01-10 00:21:27 - INFO - Recall: 0.3842
2025-01-10 00:21:27 - INFO - Balanced Accuracy: 0.4781
2025-01-10 00:21:27 - INFO - MCC: -0.0446
2025-01-10 00:21:27 - INFO - AUC: 0.4675
2025-01-10 00:21:28 - INFO - Precision final en Test: 0.4918
2025-01-10 00:21:28 - INFO - Importancia de características guardada en ./results/feature_importances_binary.csv.
2025-01-10 00:21:29 - INFO - Gráfico de importancia de características guardado.
2025-01-10 00:21:30 - INFO - Calculando valores SHAP...
2025-01-10 00:21:33 - INFO - SHAP analysis completado y guardado.
2025-01-10 00:21:33 - INFO - Señales generadas con umbral=0.76
2025-01-10 00:21:33 - INFO - Señales filtradas por tendencia.
2025-01-10 00:21:33 - INFO - Señales guardadas en: ./results/signals_binary.csv
2025-01-10 00:21:33 - INFO - === Proceso Completado con Éxito ===
