2025-01-09 23:36:46 - INFO - Datos cargados desde ML/data/processed/BTCUSDT_15m_processed.csv, filas: 251947
2025-01-09 23:36:46 - INFO - Columnas de indicadores existentes eliminadas: ['RSI', 'MACD', 'MACDs', 'MACDh', 'OBV', 'BBL', 'BBM', 'BBU', 'SMA_10', 'SMA_50', 'EMA_10', 'EMA_50']
2025-01-09 23:36:46 - INFO - Indicadores técnicos agregados. Filas antes: 251947, después: 251748 (descartadas: 199)
2025-01-09 23:36:46 - INFO - Columnas renombradas: {'RSI_14': 'RSI', 'MACD_12_26_9': 'MACD', 'MACDs_12_26_9': 'MACDs', 'MACDh_12_26_9': 'MACDh', 'VWAP': 'VWAP', 'BBL_20_2.0': 'BBL', 'BBM_20_2.0': 'BBM', 'BBU_20_2.0': 'BBU', 'ATR_14': 'ATR', 'STOCHk_14_3_3': 'STOCHk', 'STOCHd_14_3_3': 'STOCHd', 'CCI_14_0.015': 'CCI', 'SMA_10': 'SMA_10', 'SMA_50': 'SMA_50', 'SMA_200': 'SMA_200', 'EMA_10': 'EMA_10', 'EMA_50': 'EMA_50'}
2025-01-09 23:36:46 - WARNING - Columna faltante 'VWAP' añadida con NaN.
2025-01-09 23:36:46 - WARNING - Columna faltante 'ATR' añadida con NaN.
2025-01-09 23:36:46 - INFO - Target binario con look_ahead=4, min_change=0.032
2025-01-09 23:36:46 - INFO - Distribución de clases (0=Vender, 1=Comprar):
target
0.0    1329
1.0    1184
Name: count, dtype: int64
2025-01-09 23:36:46 - INFO - Muestra de datos con target:
                        close  future_close  change_pct  target
open_time                                                      
2017-11-12 10:00:00   6094.77       6389.98    0.048437     1.0
2017-12-09 17:30:00  13140.04      13999.00    0.065370     1.0
2017-09-04 07:45:00   4186.96       4351.95    0.039406     1.0
2022-11-08 17:00:00  20102.89      19018.45   -0.053944     0.0
2024-03-15 02:15:00  70690.01      67439.25   -0.045986     0.0
2019-12-04 19:45:00   7479.55       7193.16   -0.038290     0.0
2017-10-24 00:45:00   5842.03       5600.01   -0.041427     0.0
2018-01-16 18:30:00  10809.89      11316.17    0.046835     1.0
2020-03-30 04:30:00   6020.56       6216.15    0.032487     1.0
2020-03-16 11:00:00   4551.35       4782.99    0.050895     1.0
2025-01-09 23:36:46 - INFO - División de datos en Train/Test completada.
2025-01-09 23:36:46 - INFO - === Búsqueda de hiperparámetros (Optuna) en muestra de Training ===
2025-01-09 23:36:46 - INFO - No se han identificado características categóricas.
2025-01-09 23:36:46 - INFO - Columnas extra eliminadas: ['future_close', 'change_pct']
2025-01-09 23:36:46 - WARNING - Estas columnas están 100% NaN y se eliminarán antes de imputar: ['VWAP', 'ATR']
2025-01-09 23:36:46 - INFO - Dataset preparado: 753 filas, 21 features (después de imputación).
2025-01-09 23:36:46 - INFO - Balance de clases tras SMOTETomek:
target
0.0    318
1.0    318
Name: count, dtype: int64
2025-01-09 23:36:46 - INFO - Balance de clases tras SMOTETomek:
target
0.0    318
1.0    318
Name: count, dtype: int64
2025-01-09 23:36:47 - INFO - Balance de clases tras SMOTETomek:
target
0.0    319
1.0    319
Name: count, dtype: int64
2025-01-09 23:36:47 - INFO - Balance de clases tras SMOTETomek:
target
0.0    319
1.0    319
Name: count, dtype: int64
2025-01-09 23:36:47 - INFO - Balance de clases tras SMOTETomek:
target
0.0    324
1.0    324
Name: count, dtype: int64
2025-01-09 23:36:47 - INFO - Balance de clases tras SMOTETomek:
target
0.0    318
1.0    318
Name: count, dtype: int64
2025-01-09 23:36:48 - INFO - Balance de clases tras SMOTETomek:
target
0.0    324
1.0    324
Name: count, dtype: int64
2025-01-09 23:36:48 - INFO - Balance de clases tras SMOTETomek:
target
0.0    319
1.0    319
Name: count, dtype: int64
2025-01-09 23:36:48 - INFO - Balance de clases tras SMOTETomek:
target
0.0    318
1.0    318
Name: count, dtype: int64
2025-01-09 23:36:48 - INFO - Balance de clases tras SMOTETomek:
target
0.0    318
1.0    318
Name: count, dtype: int64
2025-01-09 23:36:49 - INFO - Balance de clases tras SMOTETomek:
target
0.0    319
1.0    319
Name: count, dtype: int64
2025-01-09 23:36:49 - INFO - Balance de clases tras SMOTETomek:
target
0.0    319
1.0    319
Name: count, dtype: int64
2025-01-09 23:36:50 - INFO - Balance de clases tras SMOTETomek:
target
0.0    324
1.0    324
Name: count, dtype: int64
2025-01-09 23:36:50 - INFO - Balance de clases tras SMOTETomek:
target
0.0    318
1.0    318
Name: count, dtype: int64
2025-01-09 23:36:50 - INFO - Balance de clases tras SMOTETomek:
target
0.0    319
1.0    319
Name: count, dtype: int64
2025-01-09 23:36:50 - INFO - Balance de clases tras SMOTETomek:
target
0.0    318
1.0    318
Name: count, dtype: int64
2025-01-09 23:36:50 - INFO - Balance de clases tras SMOTETomek:
target
0.0    324
1.0    324
Name: count, dtype: int64
2025-01-09 23:36:51 - INFO - Balance de clases tras SMOTETomek:
target
0.0    318
1.0    318
Name: count, dtype: int64
2025-01-09 23:36:51 - INFO - Balance de clases tras SMOTETomek:
target
0.0    319
1.0    319
Name: count, dtype: int64
2025-01-09 23:36:51 - INFO - Balance de clases tras SMOTETomek:
target
0.0    319
1.0    319
Name: count, dtype: int64
2025-01-09 23:36:52 - INFO - Balance de clases tras SMOTETomek:
target
0.0    318
1.0    318
Name: count, dtype: int64
2025-01-09 23:36:52 - INFO - Balance de clases tras SMOTETomek:
target
0.0    318
1.0    318
Name: count, dtype: int64
2025-01-09 23:36:52 - INFO - Balance de clases tras SMOTETomek:
target
0.0    319
1.0    319
Name: count, dtype: int64
2025-01-09 23:36:53 - INFO - Balance de clases tras SMOTETomek:
target
0.0    319
1.0    319
Name: count, dtype: int64
2025-01-09 23:36:53 - INFO - Balance de clases tras SMOTETomek:
target
0.0    324
1.0    324
Name: count, dtype: int64
2025-01-09 23:36:54 - INFO - Balance de clases tras SMOTETomek:
target
0.0    318
1.0    318
Name: count, dtype: int64
2025-01-09 23:36:54 - INFO - Balance de clases tras SMOTETomek:
target
0.0    324
1.0    324
Name: count, dtype: int64
2025-01-09 23:36:55 - INFO - Balance de clases tras SMOTETomek:
target
0.0    319
1.0    319
Name: count, dtype: int64
2025-01-09 23:36:55 - INFO - Balance de clases tras SMOTETomek:
target
0.0    318
1.0    318
Name: count, dtype: int64
2025-01-09 23:36:56 - INFO - Balance de clases tras SMOTETomek:
target
0.0    318
1.0    318
Name: count, dtype: int64
2025-01-09 23:36:56 - INFO - Balance de clases tras SMOTETomek:
target
0.0    319
1.0    319
Name: count, dtype: int64
2025-01-09 23:36:56 - INFO - Balance de clases tras SMOTETomek:
target
0.0    324
1.0    324
Name: count, dtype: int64
2025-01-09 23:36:56 - INFO - Balance de clases tras SMOTETomek:
target
0.0    318
1.0    318
Name: count, dtype: int64
2025-01-09 23:36:57 - INFO - Balance de clases tras SMOTETomek:
target
0.0    319
1.0    319
Name: count, dtype: int64
2025-01-09 23:36:57 - INFO - Balance de clases tras SMOTETomek:
target
0.0    319
1.0    319
Name: count, dtype: int64
2025-01-09 23:36:57 - INFO - Balance de clases tras SMOTETomek:
target
0.0    318
1.0    318
Name: count, dtype: int64
2025-01-09 23:36:58 - INFO - Balance de clases tras SMOTETomek:
target
0.0    319
1.0    319
Name: count, dtype: int64
2025-01-09 23:36:58 - INFO - Balance de clases tras SMOTETomek:
target
0.0    318
1.0    318
Name: count, dtype: int64
2025-01-09 23:36:58 - INFO - Balance de clases tras SMOTETomek:
target
0.0    324
1.0    324
Name: count, dtype: int64
2025-01-09 23:36:59 - INFO - Balance de clases tras SMOTETomek:
target
0.0    319
1.0    319
Name: count, dtype: int64
2025-01-09 23:36:59 - INFO - Balance de clases tras SMOTETomek:
target
0.0    318
1.0    318
Name: count, dtype: int64
2025-01-09 23:36:59 - INFO - Balance de clases tras SMOTETomek:
target
0.0    324
1.0    324
Name: count, dtype: int64
2025-01-09 23:37:00 - INFO - Balance de clases tras SMOTETomek:
target
0.0    318
1.0    318
Name: count, dtype: int64
2025-01-09 23:37:00 - INFO - Balance de clases tras SMOTETomek:
target
0.0    319
1.0    319
Name: count, dtype: int64
2025-01-09 23:37:00 - INFO - Balance de clases tras SMOTETomek:
target
0.0    319
1.0    319
Name: count, dtype: int64
2025-01-09 23:37:00 - INFO - Balance de clases tras SMOTETomek:
target
0.0    318
1.0    318
Name: count, dtype: int64
2025-01-09 23:37:01 - INFO - Balance de clases tras SMOTETomek:
target
0.0    318
1.0    318
Name: count, dtype: int64
2025-01-09 23:37:02 - INFO - Balance de clases tras SMOTETomek:
target
0.0    319
1.0    319
Name: count, dtype: int64
2025-01-09 23:37:02 - INFO - Balance de clases tras SMOTETomek:
target
0.0    319
1.0    319
Name: count, dtype: int64
2025-01-09 23:37:03 - INFO - Balance de clases tras SMOTETomek:
target
0.0    324
1.0    324
Name: count, dtype: int64
2025-01-09 23:37:03 - INFO - Balance de clases tras SMOTETomek:
target
0.0    324
1.0    324
Name: count, dtype: int64
2025-01-09 23:37:03 - INFO - Balance de clases tras SMOTETomek:
target
0.0    318
1.0    318
Name: count, dtype: int64
2025-01-09 23:37:04 - INFO - Balance de clases tras SMOTETomek:
target
0.0    319
1.0    319
Name: count, dtype: int64
2025-01-09 23:37:05 - INFO - Balance de clases tras SMOTETomek:
target
0.0    318
1.0    318
Name: count, dtype: int64
2025-01-09 23:37:05 - INFO - Balance de clases tras SMOTETomek:
target
0.0    318
1.0    318
Name: count, dtype: int64
2025-01-09 23:37:06 - INFO - Balance de clases tras SMOTETomek:
target
0.0    319
1.0    319
Name: count, dtype: int64
2025-01-09 23:37:06 - INFO - Balance de clases tras SMOTETomek:
target
0.0    319
1.0    319
Name: count, dtype: int64
2025-01-09 23:37:07 - INFO - Balance de clases tras SMOTETomek:
target
0.0    324
1.0    324
Name: count, dtype: int64
2025-01-09 23:37:08 - INFO - Balance de clases tras SMOTETomek:
target
0.0    318
1.0    318
Name: count, dtype: int64
2025-01-09 23:37:08 - INFO - Balance de clases tras SMOTETomek:
target
0.0    318
1.0    318
Name: count, dtype: int64
2025-01-09 23:37:09 - INFO - Balance de clases tras SMOTETomek:
target
0.0    319
1.0    319
Name: count, dtype: int64
2025-01-09 23:37:09 - INFO - Balance de clases tras SMOTETomek:
target
0.0    319
1.0    319
Name: count, dtype: int64
2025-01-09 23:37:09 - INFO - Balance de clases tras SMOTETomek:
target
0.0    324
1.0    324
Name: count, dtype: int64
2025-01-09 23:37:10 - INFO - Balance de clases tras SMOTETomek:
target
0.0    318
1.0    318
Name: count, dtype: int64
2025-01-09 23:37:10 - INFO - Balance de clases tras SMOTETomek:
target
0.0    318
1.0    318
Name: count, dtype: int64
2025-01-09 23:37:11 - INFO - Balance de clases tras SMOTETomek:
target
0.0    319
1.0    319
Name: count, dtype: int64
2025-01-09 23:37:11 - INFO - Balance de clases tras SMOTETomek:
target
0.0    319
1.0    319
Name: count, dtype: int64
2025-01-09 23:37:12 - INFO - Balance de clases tras SMOTETomek:
target
0.0    318
1.0    318
Name: count, dtype: int64
2025-01-09 23:37:12 - INFO - Balance de clases tras SMOTETomek:
target
0.0    324
1.0    324
Name: count, dtype: int64
2025-01-09 23:37:12 - INFO - Balance de clases tras SMOTETomek:
target
0.0    319
1.0    319
Name: count, dtype: int64
2025-01-09 23:37:13 - INFO - Balance de clases tras SMOTETomek:
target
0.0    318
1.0    318
Name: count, dtype: int64
2025-01-09 23:37:13 - INFO - Balance de clases tras SMOTETomek:
target
0.0    324
1.0    324
Name: count, dtype: int64
2025-01-09 23:37:14 - INFO - Balance de clases tras SMOTETomek:
target
0.0    319
1.0    319
Name: count, dtype: int64
2025-01-09 23:37:14 - INFO - Balance de clases tras SMOTETomek:
target
0.0    318
1.0    318
Name: count, dtype: int64
2025-01-09 23:37:15 - INFO - Balance de clases tras SMOTETomek:
target
0.0    319
1.0    319
Name: count, dtype: int64
2025-01-09 23:37:15 - INFO - Mejor Precision: 0.7846
2025-01-09 23:37:15 - INFO - Mejores parámetros: {'max_depth': 8, 'learning_rate': 0.07251465552173209, 'n_estimators': 454, 'subsample': 0.8474084176165096, 'colsample_bytree': 0.9771706014183015, 'gamma': 0.30710385120680195, 'reg_alpha': 0.1183269507156568, 'reg_lambda': 0.030457478895779766}
2025-01-09 23:37:15 - INFO - === Entrenando Pipeline Final con TODO el Training ===
2025-01-09 23:37:15 - INFO - Columnas extra eliminadas: ['future_close', 'change_pct']
2025-01-09 23:37:15 - WARNING - Estas columnas están 100% NaN y se eliminarán antes de imputar: ['VWAP', 'ATR']
2025-01-09 23:37:15 - INFO - Dataset preparado: 1884 filas, 21 features (después de imputación).
2025-01-09 23:37:15 - INFO - Balance de clases tras SMOTETomek:
target
0.0    971
1.0    971
Name: count, dtype: int64
2025-01-09 23:37:16 - INFO - Pipeline final entrenado con TODOS los datos de entrenamiento.
2025-01-09 23:37:16 - INFO - Pipeline completo guardado en: ./results/XGBoost_Binario_trained_pipeline.joblib
2025-01-09 23:37:16 - INFO - Parámetros guardados en: ./results/XGBoost_Binario_model_params.txt
2025-01-09 23:37:16 - INFO - Lista de features guardada en: ./results/XGBoost_Binario_feature_cols.txt
2025-01-09 23:37:16 - INFO - Columnas de indicadores existentes eliminadas: ['RSI', 'MACD', 'MACDs', 'MACDh', 'VWAP', 'OBV', 'BBL', 'BBM', 'BBU', 'ATR', 'STOCHk', 'STOCHd', 'CCI', 'SMA_10', 'SMA_50', 'SMA_200', 'EMA_10', 'EMA_50']
2025-01-09 23:37:16 - INFO - Indicadores técnicos agregados. Filas antes: 629, después: 430 (descartadas: 199)
2025-01-09 23:37:16 - INFO - Columnas renombradas: {'RSI_14': 'RSI', 'MACD_12_26_9': 'MACD', 'MACDs_12_26_9': 'MACDs', 'MACDh_12_26_9': 'MACDh', 'VWAP': 'VWAP', 'BBL_20_2.0': 'BBL', 'BBM_20_2.0': 'BBM', 'BBU_20_2.0': 'BBU', 'ATR_14': 'ATR', 'STOCHk_14_3_3': 'STOCHk', 'STOCHd_14_3_3': 'STOCHd', 'CCI_14_0.015': 'CCI', 'SMA_10': 'SMA_10', 'SMA_50': 'SMA_50', 'SMA_200': 'SMA_200', 'EMA_10': 'EMA_10', 'EMA_50': 'EMA_50'}
2025-01-09 23:37:16 - WARNING - Columna faltante 'VWAP' añadida con NaN.
2025-01-09 23:37:16 - WARNING - Columna faltante 'ATR' añadida con NaN.
2025-01-09 23:37:16 - INFO - Target binario con look_ahead=4, min_change=0.032
2025-01-09 23:37:16 - INFO - Distribución de clases (0=Vender, 1=Comprar):
target
1.0    173
0.0    152
Name: count, dtype: int64
2025-01-09 23:37:16 - INFO - Muestra de datos con target:
                        close  future_close  change_pct  target
open_time                                                      
2022-06-08 02:30:00  31078.07      22943.47   -0.261747     0.0
2022-06-14 00:15:00  22313.49      21109.78   -0.053945     0.0
2022-05-05 14:00:00  38872.41      31811.75   -0.181637     0.0
2023-08-17 20:45:00  27679.57      26015.20   -0.060130     0.0
2022-02-21 14:00:00  37733.00      36041.55   -0.044827     0.0
2021-05-26 12:45:00  40119.99      34653.51   -0.136253     0.0
2022-11-11 13:30:00  17389.26      15962.21   -0.082065     0.0
2024-02-28 16:00:00  61047.36      63988.37    0.048176     1.0
2022-05-05 14:30:00  38391.53      29919.99   -0.220662     0.0
2023-01-20 19:45:00  21496.67      23414.05    0.089194     1.0
2025-01-09 23:37:16 - INFO - Columnas extra eliminadas: ['change_pct', 'future_close']
2025-01-09 23:37:16 - WARNING - Estas columnas están 100% NaN y se eliminarán antes de imputar: ['VWAP', 'ATR']
2025-01-09 23:37:16 - INFO - Dataset preparado: 325 filas, 21 features (después de imputación).
2025-01-09 23:37:16 - INFO - === Evaluación en Test ===
2025-01-09 23:37:16 - INFO - Matriz de confusión [0=Vender, 1=Comprar]:
[[106  46]
 [106  67]]
2025-01-09 23:37:16 - INFO - Reporte de Clasificación:
              precision    recall  f1-score   support

      Vender       0.50      0.70      0.58       152
     Comprar       0.59      0.39      0.47       173

    accuracy                           0.53       325
   macro avg       0.55      0.54      0.53       325
weighted avg       0.55      0.53      0.52       325

2025-01-09 23:37:16 - INFO - Precision: 0.5929
2025-01-09 23:37:16 - INFO - F1-score: 0.4685
2025-01-09 23:37:16 - INFO - Recall: 0.3873
2025-01-09 23:37:16 - INFO - Balanced Accuracy: 0.5423
2025-01-09 23:37:16 - INFO - MCC: 0.0887
2025-01-09 23:37:16 - INFO - AUC: 0.4970
2025-01-09 23:37:18 - INFO - Precision final en Test: 0.5929
2025-01-09 23:37:18 - INFO - Importancia de características guardada en ./results/feature_importances_binary.csv.
2025-01-09 23:37:18 - INFO - Gráfico de importancia de características guardado.
2025-01-09 23:37:19 - INFO - Calculando valores SHAP...
2025-01-09 23:37:20 - INFO - SHAP analysis completado y guardado.
2025-01-09 23:37:20 - INFO - Señales generadas con umbral=0.74
2025-01-09 23:37:20 - INFO - Señales filtradas por tendencia.
2025-01-09 23:37:20 - INFO - Señales guardadas en: ./results/signals_binary.csv
2025-01-09 23:37:20 - INFO - === Proceso Completado con Éxito ===
