2025-01-20 23:45:44 - INFO - Datos cargados desde ML/data/processed/BTCUSDT_15m_processed.csv, filas: 257756
2025-01-20 23:45:44 - INFO - Columnas de indicadores existentes eliminadas: ['RSI', 'MACD', 'MACDs', 'MACDh', 'OBV', 'BBL', 'BBM', 'BBU', 'SMA_10', 'SMA_50', 'EMA_10', 'EMA_50']
2025-01-20 23:45:45 - INFO - Indicadores técnicos agregados. Filas antes: 257756, después: 257557 (descartadas: 199)
2025-01-20 23:45:45 - INFO - Columnas renombradas: {'RSI_14': 'RSI', 'MACD_12_26_9': 'MACD', 'MACDs_12_26_9': 'MACDs', 'MACDh_12_26_9': 'MACDh', 'BBL_20_2.0': 'BBL', 'BBM_20_2.0': 'BBM', 'BBU_20_2.0': 'BBU', 'STOCHk_14_3_3': 'STOCHk', 'STOCHd_14_3_3': 'STOCHd', 'CCI_14_0.015': 'CCI', 'SMA_10': 'SMA_10', 'SMA_50': 'SMA_50', 'SMA_200': 'SMA_200', 'EMA_10': 'EMA_10', 'EMA_50': 'EMA_50'}
2025-01-20 23:45:45 - INFO - Target binario con look_ahead=4, min_change=0.03
2025-01-20 23:45:45 - INFO - Distribución de clases (0=Vender, 1=Comprar):
target
0.0    1596
1.0    1404
Name: count, dtype: int64
2025-01-20 23:45:45 - INFO - Muestra de datos con target:
                        close  future_close  change_pct  target
open_time                                                      
2022-09-19 02:00:00  19415.78      18785.78   -0.032448     0.0
2019-05-13 14:00:00   7328.81       7791.28    0.063103     1.0
2018-01-17 22:00:00  11462.01      10554.99   -0.079133     0.0
2017-09-13 09:45:00   3965.91       3820.02   -0.036786     0.0
2019-10-25 15:00:00   7682.18       8389.46    0.092068     1.0
2017-11-12 15:30:00   6300.01       6110.01   -0.030159     0.0
2018-01-12 00:45:00  12974.12      13392.56    0.032252     1.0
2019-06-28 08:30:00  11580.87      11931.64    0.030289     1.0
2017-12-14 23:45:00  16334.98      16968.96    0.038811     1.0
2017-09-16 09:30:00   3775.00       3520.15   -0.067510     0.0
2025-01-20 23:45:45 - INFO - División de datos en Train/Test completada.
2025-01-20 23:45:45 - INFO - === Búsqueda de hiperparámetros (Optuna) en muestra de Training ===
2025-01-20 23:45:45 - INFO - No se han identificado características categóricas.
2025-01-20 23:45:45 - INFO - Columnas extra eliminadas: ['future_close', 'change_pct']
2025-01-20 23:45:45 - INFO - Dataset preparado: 1755 filas, 21 features (después de imputación).
2025-01-20 23:45:45 - INFO - Iniciando optimización en Optuna (precisión clase=1)...
2025-01-20 23:45:45 - INFO - Balance de clases tras SMOTETomek:
target
1.0    714
0.0    714
Name: count, dtype: int64
2025-01-20 23:45:45 - INFO - Balance de clases tras SMOTETomek:
target
1.0    714
0.0    714
Name: count, dtype: int64
2025-01-20 23:45:47 - INFO - Balance de clases tras SMOTETomek:
target
1.0    719
0.0    719
Name: count, dtype: int64
2025-01-20 23:45:47 - INFO - Balance de clases tras SMOTETomek:
target
1.0    719
0.0    719
Name: count, dtype: int64
2025-01-20 23:45:48 - INFO - Balance de clases tras SMOTETomek:
target
0.0    717
1.0    717
Name: count, dtype: int64
2025-01-20 23:45:50 - INFO - Balance de clases tras SMOTETomek:
target
0.0    717
1.0    717
Name: count, dtype: int64
2025-01-20 23:45:50 - INFO - Balance de clases tras SMOTETomek:
target
1.0    714
0.0    714
Name: count, dtype: int64
2025-01-20 23:45:52 - INFO - Balance de clases tras SMOTETomek:
target
1.0    724
0.0    724
Name: count, dtype: int64
2025-01-20 23:45:53 - INFO - Balance de clases tras SMOTETomek:
target
1.0    714
0.0    714
Name: count, dtype: int64
2025-01-20 23:45:54 - INFO - Balance de clases tras SMOTETomek:
target
1.0    714
0.0    714
Name: count, dtype: int64
2025-01-20 23:45:56 - INFO - Balance de clases tras SMOTETomek:
target
1.0    724
0.0    724
Name: count, dtype: int64
2025-01-20 23:45:56 - INFO - Balance de clases tras SMOTETomek:
target
1.0    719
0.0    719
Name: count, dtype: int64
2025-01-20 23:45:58 - INFO - Balance de clases tras SMOTETomek:
target
0.0    717
1.0    717
Name: count, dtype: int64
2025-01-20 23:45:59 - INFO - Balance de clases tras SMOTETomek:
target
1.0    714
0.0    714
Name: count, dtype: int64
2025-01-20 23:46:00 - INFO - Balance de clases tras SMOTETomek:
target
1.0    719
0.0    719
Name: count, dtype: int64
2025-01-20 23:46:00 - INFO - Balance de clases tras SMOTETomek:
target
1.0    714
0.0    714
Name: count, dtype: int64
2025-01-20 23:46:01 - INFO - Balance de clases tras SMOTETomek:
target
0.0    717
1.0    717
Name: count, dtype: int64
2025-01-20 23:46:02 - INFO - Balance de clases tras SMOTETomek:
target
1.0    724
0.0    724
Name: count, dtype: int64
2025-01-20 23:46:02 - INFO - Balance de clases tras SMOTETomek:
target
1.0    714
0.0    714
Name: count, dtype: int64
2025-01-20 23:46:04 - INFO - Balance de clases tras SMOTETomek:
target
1.0    724
0.0    724
Name: count, dtype: int64
2025-01-20 23:46:04 - INFO - Balance de clases tras SMOTETomek:
target
1.0    714
0.0    714
Name: count, dtype: int64
2025-01-20 23:46:05 - INFO - Balance de clases tras SMOTETomek:
target
1.0    714
0.0    714
Name: count, dtype: int64
2025-01-20 23:46:05 - INFO - Balance de clases tras SMOTETomek:
target
1.0    719
0.0    719
Name: count, dtype: int64
2025-01-20 23:46:06 - INFO - Balance de clases tras SMOTETomek:
target
1.0    719
0.0    719
Name: count, dtype: int64
2025-01-20 23:46:06 - INFO - Balance de clases tras SMOTETomek:
target
0.0    717
1.0    717
Name: count, dtype: int64
2025-01-20 23:46:07 - INFO - Balance de clases tras SMOTETomek:
target
1.0    714
0.0    714
Name: count, dtype: int64
2025-01-20 23:46:08 - INFO - Balance de clases tras SMOTETomek:
target
0.0    717
1.0    717
Name: count, dtype: int64
2025-01-20 23:46:08 - INFO - Balance de clases tras SMOTETomek:
target
1.0    724
0.0    724
Name: count, dtype: int64
2025-01-20 23:46:09 - INFO - Balance de clases tras SMOTETomek:
target
1.0    714
0.0    714
Name: count, dtype: int64
2025-01-20 23:46:09 - INFO - Balance de clases tras SMOTETomek:
target
1.0    714
0.0    714
Name: count, dtype: int64
2025-01-20 23:46:10 - INFO - Balance de clases tras SMOTETomek:
target
1.0    724
0.0    724
Name: count, dtype: int64
2025-01-20 23:46:12 - INFO - Balance de clases tras SMOTETomek:
target
1.0    714
0.0    714
Name: count, dtype: int64
2025-01-20 23:46:12 - INFO - Balance de clases tras SMOTETomek:
target
1.0    719
0.0    719
Name: count, dtype: int64
2025-01-20 23:46:13 - INFO - Balance de clases tras SMOTETomek:
target
1.0    719
0.0    719
Name: count, dtype: int64
2025-01-20 23:46:13 - INFO - Balance de clases tras SMOTETomek:
target
0.0    717
1.0    717
Name: count, dtype: int64
2025-01-20 23:46:14 - INFO - Balance de clases tras SMOTETomek:
target
1.0    714
0.0    714
Name: count, dtype: int64
2025-01-20 23:46:14 - INFO - Balance de clases tras SMOTETomek:
target
0.0    717
1.0    717
Name: count, dtype: int64
2025-01-20 23:46:15 - INFO - Balance de clases tras SMOTETomek:
target
1.0    724
0.0    724
Name: count, dtype: int64
2025-01-20 23:46:16 - INFO - Balance de clases tras SMOTETomek:
target
1.0    714
0.0    714
Name: count, dtype: int64
2025-01-20 23:46:16 - INFO - Balance de clases tras SMOTETomek:
target
1.0    719
0.0    719
Name: count, dtype: int64
2025-01-20 23:46:17 - INFO - Balance de clases tras SMOTETomek:
target
1.0    714
0.0    714
Name: count, dtype: int64
2025-01-20 23:46:17 - INFO - Balance de clases tras SMOTETomek:
target
0.0    717
1.0    717
Name: count, dtype: int64
2025-01-20 23:46:18 - INFO - Balance de clases tras SMOTETomek:
target
1.0    714
0.0    714
Name: count, dtype: int64
2025-01-20 23:46:19 - INFO - Balance de clases tras SMOTETomek:
target
1.0    724
0.0    724
Name: count, dtype: int64
2025-01-20 23:46:20 - INFO - Balance de clases tras SMOTETomek:
target
1.0    714
0.0    714
Name: count, dtype: int64
2025-01-20 23:46:20 - INFO - Balance de clases tras SMOTETomek:
target
1.0    724
0.0    724
Name: count, dtype: int64
2025-01-20 23:46:21 - INFO - Balance de clases tras SMOTETomek:
target
1.0    719
0.0    719
Name: count, dtype: int64
2025-01-20 23:46:22 - INFO - Balance de clases tras SMOTETomek:
target
0.0    717
1.0    717
Name: count, dtype: int64
2025-01-20 23:46:23 - INFO - Balance de clases tras SMOTETomek:
target
1.0    714
0.0    714
Name: count, dtype: int64
2025-01-20 23:46:23 - INFO - Balance de clases tras SMOTETomek:
target
1.0    714
0.0    714
Name: count, dtype: int64
2025-01-20 23:46:24 - INFO - Balance de clases tras SMOTETomek:
target
1.0    724
0.0    724
Name: count, dtype: int64
2025-01-20 23:46:25 - INFO - Balance de clases tras SMOTETomek:
target
1.0    714
0.0    714
Name: count, dtype: int64
2025-01-20 23:46:25 - INFO - Balance de clases tras SMOTETomek:
target
1.0    719
0.0    719
Name: count, dtype: int64
2025-01-20 23:46:25 - INFO - Balance de clases tras SMOTETomek:
target
1.0    719
0.0    719
Name: count, dtype: int64
2025-01-20 23:46:26 - INFO - Balance de clases tras SMOTETomek:
target
0.0    717
1.0    717
Name: count, dtype: int64
2025-01-20 23:46:26 - INFO - Balance de clases tras SMOTETomek:
target
0.0    717
1.0    717
Name: count, dtype: int64
2025-01-20 23:46:26 - INFO - Balance de clases tras SMOTETomek:
target
1.0    714
0.0    714
Name: count, dtype: int64
2025-01-20 23:46:27 - INFO - Balance de clases tras SMOTETomek:
target
1.0    724
0.0    724
Name: count, dtype: int64
2025-01-20 23:46:28 - INFO - Balance de clases tras SMOTETomek:
target
1.0    714
0.0    714
Name: count, dtype: int64
2025-01-20 23:46:28 - INFO - Balance de clases tras SMOTETomek:
target
1.0    714
0.0    714
Name: count, dtype: int64
2025-01-20 23:46:28 - INFO - Balance de clases tras SMOTETomek:
target
1.0    719
0.0    719
Name: count, dtype: int64
2025-01-20 23:46:29 - INFO - Balance de clases tras SMOTETomek:
target
0.0    717
1.0    717
Name: count, dtype: int64
2025-01-20 23:46:29 - INFO - Balance de clases tras SMOTETomek:
target
1.0    714
0.0    714
Name: count, dtype: int64
2025-01-20 23:46:30 - INFO - Balance de clases tras SMOTETomek:
target
1.0    724
0.0    724
Name: count, dtype: int64
2025-01-20 23:46:30 - INFO - Balance de clases tras SMOTETomek:
target
1.0    724
0.0    724
Name: count, dtype: int64
2025-01-20 23:46:31 - INFO - Balance de clases tras SMOTETomek:
target
1.0    714
0.0    714
Name: count, dtype: int64
2025-01-20 23:46:31 - INFO - Balance de clases tras SMOTETomek:
target
1.0    719
0.0    719
Name: count, dtype: int64
2025-01-20 23:46:31 - INFO - Balance de clases tras SMOTETomek:
target
0.0    717
1.0    717
Name: count, dtype: int64
2025-01-20 23:46:31 - INFO - Balance de clases tras SMOTETomek:
target
1.0    714
0.0    714
Name: count, dtype: int64
2025-01-20 23:46:32 - INFO - Balance de clases tras SMOTETomek:
target
1.0    714
0.0    714
Name: count, dtype: int64
2025-01-20 23:46:32 - INFO - Balance de clases tras SMOTETomek:
target
1.0    719
0.0    719
Name: count, dtype: int64
2025-01-20 23:46:32 - INFO - Balance de clases tras SMOTETomek:
target
1.0    724
0.0    724
Name: count, dtype: int64
2025-01-20 23:46:32 - INFO - Balance de clases tras SMOTETomek:
target
0.0    717
1.0    717
Name: count, dtype: int64
2025-01-20 23:46:32 - INFO - Balance de clases tras SMOTETomek:
target
1.0    714
0.0    714
Name: count, dtype: int64
2025-01-20 23:46:32 - INFO - Balance de clases tras SMOTETomek:
target
1.0    714
0.0    714
Name: count, dtype: int64
2025-01-20 23:46:33 - INFO - Balance de clases tras SMOTETomek:
target
1.0    724
0.0    724
Name: count, dtype: int64
2025-01-20 23:46:33 - INFO - Balance de clases tras SMOTETomek:
target
1.0    714
0.0    714
Name: count, dtype: int64
2025-01-20 23:46:33 - INFO - Balance de clases tras SMOTETomek:
target
1.0    719
0.0    719
Name: count, dtype: int64
2025-01-20 23:46:34 - INFO - Balance de clases tras SMOTETomek:
target
0.0    717
1.0    717
Name: count, dtype: int64
2025-01-20 23:46:35 - INFO - Balance de clases tras SMOTETomek:
target
1.0    719
0.0    719
Name: count, dtype: int64
2025-01-20 23:46:35 - INFO - Balance de clases tras SMOTETomek:
target
1.0    714
0.0    714
Name: count, dtype: int64
2025-01-20 23:46:36 - INFO - Balance de clases tras SMOTETomek:
target
1.0    724
0.0    724
Name: count, dtype: int64
2025-01-20 23:46:36 - INFO - Balance de clases tras SMOTETomek:
target
0.0    717
1.0    717
Name: count, dtype: int64
2025-01-20 23:46:37 - INFO - Balance de clases tras SMOTETomek:
target
1.0    714
0.0    714
Name: count, dtype: int64
2025-01-20 23:46:38 - INFO - Balance de clases tras SMOTETomek:
target
1.0    719
0.0    719
Name: count, dtype: int64
2025-01-20 23:46:38 - INFO - Balance de clases tras SMOTETomek:
target
1.0    714
0.0    714
Name: count, dtype: int64
2025-01-20 23:46:39 - INFO - Balance de clases tras SMOTETomek:
target
0.0    717
1.0    717
Name: count, dtype: int64
2025-01-20 23:46:40 - INFO - Balance de clases tras SMOTETomek:
target
1.0    724
0.0    724
Name: count, dtype: int64
2025-01-20 23:46:41 - INFO - Balance de clases tras SMOTETomek:
target
1.0    714
0.0    714
Name: count, dtype: int64
2025-01-20 23:46:41 - INFO - Balance de clases tras SMOTETomek:
target
1.0    714
0.0    714
Name: count, dtype: int64
2025-01-20 23:46:42 - INFO - Balance de clases tras SMOTETomek:
target
1.0    724
0.0    724
Name: count, dtype: int64
2025-01-20 23:46:43 - INFO - Balance de clases tras SMOTETomek:
target
1.0    719
0.0    719
Name: count, dtype: int64
2025-01-20 23:46:43 - INFO - Balance de clases tras SMOTETomek:
target
1.0    714
0.0    714
Name: count, dtype: int64
2025-01-20 23:46:44 - INFO - Balance de clases tras SMOTETomek:
target
0.0    717
1.0    717
Name: count, dtype: int64
2025-01-20 23:46:45 - INFO - Balance de clases tras SMOTETomek:
target
1.0    719
0.0    719
Name: count, dtype: int64
2025-01-20 23:46:46 - INFO - Balance de clases tras SMOTETomek:
target
1.0    714
0.0    714
Name: count, dtype: int64
2025-01-20 23:46:46 - INFO - Balance de clases tras SMOTETomek:
target
0.0    717
1.0    717
Name: count, dtype: int64
2025-01-20 23:46:47 - INFO - Balance de clases tras SMOTETomek:
target
1.0    724
0.0    724
Name: count, dtype: int64
2025-01-20 23:46:48 - INFO - Balance de clases tras SMOTETomek:
target
1.0    714
0.0    714
Name: count, dtype: int64
2025-01-20 23:46:49 - INFO - Balance de clases tras SMOTETomek:
target
1.0    714
0.0    714
Name: count, dtype: int64
2025-01-20 23:46:49 - INFO - Balance de clases tras SMOTETomek:
target
1.0    724
0.0    724
Name: count, dtype: int64
2025-01-20 23:46:50 - INFO - Balance de clases tras SMOTETomek:
target
1.0    719
0.0    719
Name: count, dtype: int64
2025-01-20 23:46:51 - INFO - Balance de clases tras SMOTETomek:
target
1.0    714
0.0    714
Name: count, dtype: int64
2025-01-20 23:46:52 - INFO - Balance de clases tras SMOTETomek:
target
0.0    717
1.0    717
Name: count, dtype: int64
2025-01-20 23:46:53 - INFO - Balance de clases tras SMOTETomek:
target
1.0    719
0.0    719
Name: count, dtype: int64
2025-01-20 23:46:53 - INFO - Balance de clases tras SMOTETomek:
target
1.0    714
0.0    714
Name: count, dtype: int64
2025-01-20 23:46:55 - INFO - Balance de clases tras SMOTETomek:
target
1.0    724
0.0    724
Name: count, dtype: int64
2025-01-20 23:46:55 - INFO - Balance de clases tras SMOTETomek:
target
0.0    717
1.0    717
Name: count, dtype: int64
2025-01-20 23:46:56 - INFO - Balance de clases tras SMOTETomek:
target
1.0    714
0.0    714
Name: count, dtype: int64
2025-01-20 23:46:57 - INFO - Balance de clases tras SMOTETomek:
target
1.0    714
0.0    714
Name: count, dtype: int64
2025-01-20 23:46:57 - INFO - Balance de clases tras SMOTETomek:
target
1.0    719
0.0    719
Name: count, dtype: int64
2025-01-20 23:46:59 - INFO - Balance de clases tras SMOTETomek:
target
0.0    717
1.0    717
Name: count, dtype: int64
2025-01-20 23:46:59 - INFO - Balance de clases tras SMOTETomek:
target
1.0    724
0.0    724
Name: count, dtype: int64
2025-01-20 23:47:00 - INFO - Balance de clases tras SMOTETomek:
target
1.0    714
0.0    714
Name: count, dtype: int64
2025-01-20 23:47:01 - INFO - Balance de clases tras SMOTETomek:
target
1.0    714
0.0    714
Name: count, dtype: int64
2025-01-20 23:47:01 - INFO - Balance de clases tras SMOTETomek:
target
1.0    724
0.0    724
Name: count, dtype: int64
2025-01-20 23:47:03 - INFO - Balance de clases tras SMOTETomek:
target
1.0    714
0.0    714
Name: count, dtype: int64
2025-01-20 23:47:03 - INFO - Balance de clases tras SMOTETomek:
target
1.0    719
0.0    719
Name: count, dtype: int64
2025-01-20 23:47:05 - INFO - Balance de clases tras SMOTETomek:
target
1.0    719
0.0    719
Name: count, dtype: int64
2025-01-20 23:47:05 - INFO - Balance de clases tras SMOTETomek:
target
0.0    717
1.0    717
Name: count, dtype: int64
2025-01-20 23:47:07 - INFO - Balance de clases tras SMOTETomek:
target
0.0    717
1.0    717
Name: count, dtype: int64
2025-01-20 23:47:07 - INFO - Balance de clases tras SMOTETomek:
target
1.0    714
0.0    714
Name: count, dtype: int64
2025-01-20 23:47:09 - INFO - Balance de clases tras SMOTETomek:
target
1.0    714
0.0    714
Name: count, dtype: int64
2025-01-20 23:47:09 - INFO - Balance de clases tras SMOTETomek:
target
1.0    724
0.0    724
Name: count, dtype: int64
2025-01-20 23:47:11 - INFO - Balance de clases tras SMOTETomek:
target
1.0    724
0.0    724
Name: count, dtype: int64
2025-01-20 23:47:11 - INFO - Balance de clases tras SMOTETomek:
target
1.0    714
0.0    714
Name: count, dtype: int64
2025-01-20 23:47:13 - INFO - Balance de clases tras SMOTETomek:
target
1.0    719
0.0    719
Name: count, dtype: int64
2025-01-20 23:47:14 - INFO - Balance de clases tras SMOTETomek:
target
1.0    714
0.0    714
Name: count, dtype: int64
2025-01-20 23:47:15 - INFO - Balance de clases tras SMOTETomek:
target
0.0    717
1.0    717
Name: count, dtype: int64
2025-01-20 23:47:15 - INFO - Balance de clases tras SMOTETomek:
target
1.0    719
0.0    719
Name: count, dtype: int64
2025-01-20 23:47:17 - INFO - Balance de clases tras SMOTETomek:
target
1.0    714
0.0    714
Name: count, dtype: int64
2025-01-20 23:47:17 - INFO - Balance de clases tras SMOTETomek:
target
0.0    717
1.0    717
Name: count, dtype: int64
2025-01-20 23:47:19 - INFO - Balance de clases tras SMOTETomek:
target
1.0    724
0.0    724
Name: count, dtype: int64
2025-01-20 23:47:19 - INFO - Balance de clases tras SMOTETomek:
target
1.0    714
0.0    714
Name: count, dtype: int64
2025-01-20 23:47:21 - INFO - Balance de clases tras SMOTETomek:
target
1.0    714
0.0    714
Name: count, dtype: int64
2025-01-20 23:47:21 - INFO - Balance de clases tras SMOTETomek:
target
1.0    724
0.0    724
Name: count, dtype: int64
2025-01-20 23:47:22 - INFO - Balance de clases tras SMOTETomek:
target
1.0    719
0.0    719
Name: count, dtype: int64
2025-01-20 23:47:23 - INFO - Balance de clases tras SMOTETomek:
target
1.0    714
0.0    714
Name: count, dtype: int64
2025-01-20 23:47:23 - INFO - Balance de clases tras SMOTETomek:
target
0.0    717
1.0    717
Name: count, dtype: int64
2025-01-20 23:47:25 - INFO - Balance de clases tras SMOTETomek:
target
1.0    719
0.0    719
Name: count, dtype: int64
2025-01-20 23:47:25 - INFO - Balance de clases tras SMOTETomek:
target
1.0    714
0.0    714
Name: count, dtype: int64
2025-01-20 23:47:26 - INFO - Balance de clases tras SMOTETomek:
target
0.0    717
1.0    717
Name: count, dtype: int64
2025-01-20 23:47:26 - INFO - Balance de clases tras SMOTETomek:
target
1.0    724
0.0    724
Name: count, dtype: int64
2025-01-20 23:47:27 - INFO - Balance de clases tras SMOTETomek:
target
1.0    714
0.0    714
Name: count, dtype: int64
2025-01-20 23:47:28 - INFO - Balance de clases tras SMOTETomek:
target
1.0    714
0.0    714
Name: count, dtype: int64
2025-01-20 23:47:28 - INFO - Balance de clases tras SMOTETomek:
target
1.0    724
0.0    724
Name: count, dtype: int64
2025-01-20 23:47:29 - INFO - Balance de clases tras SMOTETomek:
target
1.0    719
0.0    719
Name: count, dtype: int64
2025-01-20 23:47:30 - INFO - Balance de clases tras SMOTETomek:
target
1.0    714
0.0    714
Name: count, dtype: int64
2025-01-20 23:47:31 - INFO - Balance de clases tras SMOTETomek:
target
0.0    717
1.0    717
Name: count, dtype: int64
2025-01-20 23:47:32 - INFO - Balance de clases tras SMOTETomek:
target
1.0    719
0.0    719
Name: count, dtype: int64
2025-01-20 23:47:33 - INFO - Balance de clases tras SMOTETomek:
target
1.0    714
0.0    714
Name: count, dtype: int64
2025-01-20 23:47:33 - INFO - Balance de clases tras SMOTETomek:
target
0.0    717
1.0    717
Name: count, dtype: int64
2025-01-20 23:47:35 - INFO - Balance de clases tras SMOTETomek:
target
1.0    724
0.0    724
Name: count, dtype: int64
2025-01-20 23:47:35 - INFO - Balance de clases tras SMOTETomek:
target
1.0    714
0.0    714
Name: count, dtype: int64
2025-01-20 23:47:37 - INFO - Balance de clases tras SMOTETomek:
target
1.0    714
0.0    714
Name: count, dtype: int64
2025-01-20 23:47:37 - INFO - Balance de clases tras SMOTETomek:
target
1.0    724
0.0    724
Name: count, dtype: int64
2025-01-20 23:47:39 - INFO - Balance de clases tras SMOTETomek:
target
1.0    719
0.0    719
Name: count, dtype: int64
2025-01-20 23:47:39 - INFO - Balance de clases tras SMOTETomek:
target
1.0    714
0.0    714
Name: count, dtype: int64
2025-01-20 23:47:41 - INFO - Balance de clases tras SMOTETomek:
target
0.0    717
1.0    717
Name: count, dtype: int64
2025-01-20 23:47:42 - INFO - Balance de clases tras SMOTETomek:
target
1.0    719
0.0    719
Name: count, dtype: int64
2025-01-20 23:47:43 - INFO - Balance de clases tras SMOTETomek:
target
1.0    714
0.0    714
Name: count, dtype: int64
2025-01-20 23:47:44 - INFO - Balance de clases tras SMOTETomek:
target
0.0    717
1.0    717
Name: count, dtype: int64
2025-01-20 23:47:45 - INFO - Balance de clases tras SMOTETomek:
target
1.0    724
0.0    724
Name: count, dtype: int64
2025-01-20 23:47:46 - INFO - Balance de clases tras SMOTETomek:
target
1.0    714
0.0    714
Name: count, dtype: int64
2025-01-20 23:47:47 - INFO - Balance de clases tras SMOTETomek:
target
1.0    714
0.0    714
Name: count, dtype: int64
2025-01-20 23:47:48 - INFO - Balance de clases tras SMOTETomek:
target
1.0    724
0.0    724
Name: count, dtype: int64
2025-01-20 23:47:49 - INFO - Balance de clases tras SMOTETomek:
target
1.0    719
0.0    719
Name: count, dtype: int64
2025-01-20 23:47:50 - INFO - Balance de clases tras SMOTETomek:
target
1.0    714
0.0    714
Name: count, dtype: int64
2025-01-20 23:47:51 - INFO - Balance de clases tras SMOTETomek:
target
0.0    717
1.0    717
Name: count, dtype: int64
2025-01-20 23:47:52 - INFO - Balance de clases tras SMOTETomek:
target
1.0    719
0.0    719
Name: count, dtype: int64
2025-01-20 23:47:53 - INFO - Balance de clases tras SMOTETomek:
target
1.0    714
0.0    714
Name: count, dtype: int64
2025-01-20 23:47:54 - INFO - Balance de clases tras SMOTETomek:
target
0.0    717
1.0    717
Name: count, dtype: int64
2025-01-20 23:47:55 - INFO - Balance de clases tras SMOTETomek:
target
1.0    724
0.0    724
Name: count, dtype: int64
2025-01-20 23:47:56 - INFO - Balance de clases tras SMOTETomek:
target
1.0    714
0.0    714
Name: count, dtype: int64
2025-01-20 23:47:57 - INFO - Balance de clases tras SMOTETomek:
target
1.0    714
0.0    714
Name: count, dtype: int64
2025-01-20 23:47:57 - INFO - Balance de clases tras SMOTETomek:
target
1.0    724
0.0    724
Name: count, dtype: int64
2025-01-20 23:47:59 - INFO - Balance de clases tras SMOTETomek:
target
1.0    719
0.0    719
Name: count, dtype: int64
2025-01-20 23:47:59 - INFO - Balance de clases tras SMOTETomek:
target
1.0    714
0.0    714
Name: count, dtype: int64
2025-01-20 23:48:01 - INFO - Balance de clases tras SMOTETomek:
target
0.0    717
1.0    717
Name: count, dtype: int64
2025-01-20 23:48:01 - INFO - Balance de clases tras SMOTETomek:
target
1.0    719
0.0    719
Name: count, dtype: int64
2025-01-20 23:48:03 - INFO - Balance de clases tras SMOTETomek:
target
1.0    714
0.0    714
Name: count, dtype: int64
2025-01-20 23:48:04 - INFO - Balance de clases tras SMOTETomek:
target
0.0    717
1.0    717
Name: count, dtype: int64
2025-01-20 23:48:05 - INFO - Balance de clases tras SMOTETomek:
target
1.0    724
0.0    724
Name: count, dtype: int64
2025-01-20 23:48:06 - INFO - Balance de clases tras SMOTETomek:
target
1.0    714
0.0    714
Name: count, dtype: int64
2025-01-20 23:48:07 - INFO - Balance de clases tras SMOTETomek:
target
1.0    714
0.0    714
Name: count, dtype: int64
2025-01-20 23:48:08 - INFO - Balance de clases tras SMOTETomek:
target
1.0    719
0.0    719
Name: count, dtype: int64
2025-01-20 23:48:08 - INFO - Balance de clases tras SMOTETomek:
target
1.0    724
0.0    724
Name: count, dtype: int64
2025-01-20 23:48:09 - INFO - Balance de clases tras SMOTETomek:
target
0.0    717
1.0    717
Name: count, dtype: int64
2025-01-20 23:48:10 - INFO - Balance de clases tras SMOTETomek:
target
1.0    714
0.0    714
Name: count, dtype: int64
2025-01-20 23:48:10 - INFO - Balance de clases tras SMOTETomek:
target
1.0    714
0.0    714
Name: count, dtype: int64
2025-01-20 23:48:11 - INFO - Balance de clases tras SMOTETomek:
target
1.0    724
0.0    724
Name: count, dtype: int64
2025-01-20 23:48:11 - INFO - Balance de clases tras SMOTETomek:
target
1.0    719
0.0    719
Name: count, dtype: int64
2025-01-20 23:48:12 - INFO - Balance de clases tras SMOTETomek:
target
0.0    717
1.0    717
Name: count, dtype: int64
2025-01-20 23:48:12 - INFO - Balance de clases tras SMOTETomek:
target
1.0    714
0.0    714
Name: count, dtype: int64
2025-01-20 23:48:12 - INFO - Balance de clases tras SMOTETomek:
target
1.0    714
0.0    714
Name: count, dtype: int64
2025-01-20 23:48:13 - INFO - Balance de clases tras SMOTETomek:
target
1.0    724
0.0    724
Name: count, dtype: int64
2025-01-20 23:48:13 - INFO - Balance de clases tras SMOTETomek:
target
1.0    719
0.0    719
Name: count, dtype: int64
2025-01-20 23:48:14 - INFO - Balance de clases tras SMOTETomek:
target
1.0    714
0.0    714
Name: count, dtype: int64
2025-01-20 23:48:15 - INFO - Balance de clases tras SMOTETomek:
target
0.0    717
1.0    717
Name: count, dtype: int64
2025-01-20 23:48:15 - INFO - Balance de clases tras SMOTETomek:
target
1.0    719
0.0    719
Name: count, dtype: int64
2025-01-20 23:48:16 - INFO - Balance de clases tras SMOTETomek:
target
1.0    714
0.0    714
Name: count, dtype: int64
2025-01-20 23:48:17 - INFO - Balance de clases tras SMOTETomek:
target
0.0    717
1.0    717
Name: count, dtype: int64
2025-01-20 23:48:18 - INFO - Balance de clases tras SMOTETomek:
target
1.0    724
0.0    724
Name: count, dtype: int64
2025-01-20 23:48:18 - INFO - Balance de clases tras SMOTETomek:
target
1.0    714
0.0    714
Name: count, dtype: int64
2025-01-20 23:48:19 - INFO - Balance de clases tras SMOTETomek:
target
1.0    714
0.0    714
Name: count, dtype: int64
2025-01-20 23:48:19 - INFO - Balance de clases tras SMOTETomek:
target
1.0    724
0.0    724
Name: count, dtype: int64
2025-01-20 23:48:20 - INFO - Balance de clases tras SMOTETomek:
target
1.0    719
0.0    719
Name: count, dtype: int64
2025-01-20 23:48:21 - INFO - Balance de clases tras SMOTETomek:
target
1.0    714
0.0    714
Name: count, dtype: int64
2025-01-20 23:48:22 - INFO - Balance de clases tras SMOTETomek:
target
0.0    717
1.0    717
Name: count, dtype: int64
2025-01-20 23:48:23 - INFO - Balance de clases tras SMOTETomek:
target
1.0    719
0.0    719
Name: count, dtype: int64
2025-01-20 23:48:23 - INFO - Balance de clases tras SMOTETomek:
target
1.0    714
0.0    714
Name: count, dtype: int64
2025-01-20 23:48:24 - INFO - Balance de clases tras SMOTETomek:
target
1.0    724
0.0    724
Name: count, dtype: int64
2025-01-20 23:48:25 - INFO - Balance de clases tras SMOTETomek:
target
0.0    717
1.0    717
Name: count, dtype: int64
2025-01-20 23:48:26 - INFO - Balance de clases tras SMOTETomek:
target
1.0    714
0.0    714
Name: count, dtype: int64
2025-01-20 23:48:27 - INFO - Balance de clases tras SMOTETomek:
target
1.0    714
0.0    714
Name: count, dtype: int64
2025-01-20 23:48:28 - INFO - Balance de clases tras SMOTETomek:
target
1.0    719
0.0    719
Name: count, dtype: int64
2025-01-20 23:48:29 - INFO - Balance de clases tras SMOTETomek:
target
1.0    724
0.0    724
Name: count, dtype: int64
2025-01-20 23:48:30 - INFO - Balance de clases tras SMOTETomek:
target
0.0    717
1.0    717
Name: count, dtype: int64
2025-01-20 23:48:32 - INFO - Balance de clases tras SMOTETomek:
target
1.0    714
0.0    714
Name: count, dtype: int64
2025-01-20 23:48:32 - INFO - Balance de clases tras SMOTETomek:
target
1.0    714
0.0    714
Name: count, dtype: int64
2025-01-20 23:48:34 - INFO - Balance de clases tras SMOTETomek:
target
1.0    719
0.0    719
Name: count, dtype: int64
2025-01-20 23:48:34 - INFO - Balance de clases tras SMOTETomek:
target
1.0    724
0.0    724
Name: count, dtype: int64
2025-01-20 23:48:37 - INFO - Balance de clases tras SMOTETomek:
target
0.0    717
1.0    717
Name: count, dtype: int64
2025-01-20 23:48:37 - INFO - Balance de clases tras SMOTETomek:
target
1.0    714
0.0    714
Name: count, dtype: int64
2025-01-20 23:48:39 - INFO - Balance de clases tras SMOTETomek:
target
1.0    719
0.0    719
Name: count, dtype: int64
2025-01-20 23:48:39 - INFO - Balance de clases tras SMOTETomek:
target
1.0    714
0.0    714
Name: count, dtype: int64
2025-01-20 23:48:41 - INFO - Balance de clases tras SMOTETomek:
target
0.0    717
1.0    717
Name: count, dtype: int64
2025-01-20 23:48:42 - INFO - Balance de clases tras SMOTETomek:
target
1.0    724
0.0    724
Name: count, dtype: int64
2025-01-20 23:48:43 - INFO - Balance de clases tras SMOTETomek:
target
1.0    714
0.0    714
Name: count, dtype: int64
2025-01-20 23:48:44 - INFO - Balance de clases tras SMOTETomek:
target
1.0    714
0.0    714
Name: count, dtype: int64
2025-01-20 23:48:45 - INFO - Balance de clases tras SMOTETomek:
target
1.0    724
0.0    724
Name: count, dtype: int64
2025-01-20 23:48:46 - INFO - Balance de clases tras SMOTETomek:
target
1.0    719
0.0    719
Name: count, dtype: int64
2025-01-20 23:48:47 - INFO - Balance de clases tras SMOTETomek:
target
0.0    717
1.0    717
Name: count, dtype: int64
2025-01-20 23:48:47 - INFO - Balance de clases tras SMOTETomek:
target
1.0    714
0.0    714
Name: count, dtype: int64
2025-01-20 23:48:49 - INFO - Balance de clases tras SMOTETomek:
target
1.0    714
0.0    714
Name: count, dtype: int64
2025-01-20 23:48:49 - INFO - Balance de clases tras SMOTETomek:
target
1.0    719
0.0    719
Name: count, dtype: int64
2025-01-20 23:48:50 - INFO - Balance de clases tras SMOTETomek:
target
1.0    724
0.0    724
Name: count, dtype: int64
2025-01-20 23:48:51 - INFO - Balance de clases tras SMOTETomek:
target
0.0    717
1.0    717
Name: count, dtype: int64
2025-01-20 23:48:52 - INFO - Balance de clases tras SMOTETomek:
target
1.0    714
0.0    714
Name: count, dtype: int64
2025-01-20 23:48:53 - INFO - Balance de clases tras SMOTETomek:
target
1.0    714
0.0    714
Name: count, dtype: int64
2025-01-20 23:48:54 - INFO - Balance de clases tras SMOTETomek:
target
1.0    719
0.0    719
Name: count, dtype: int64
2025-01-20 23:48:54 - INFO - Balance de clases tras SMOTETomek:
target
1.0    724
0.0    724
Name: count, dtype: int64
2025-01-20 23:48:56 - INFO - Balance de clases tras SMOTETomek:
target
1.0    714
0.0    714
Name: count, dtype: int64
2025-01-20 23:48:56 - INFO - Balance de clases tras SMOTETomek:
target
0.0    717
1.0    717
Name: count, dtype: int64
2025-01-20 23:48:58 - INFO - Balance de clases tras SMOTETomek:
target
1.0    719
0.0    719
Name: count, dtype: int64
2025-01-20 23:48:59 - INFO - Balance de clases tras SMOTETomek:
target
1.0    714
0.0    714
Name: count, dtype: int64
2025-01-20 23:48:59 - INFO - Balance de clases tras SMOTETomek:
target
0.0    717
1.0    717
Name: count, dtype: int64
2025-01-20 23:49:00 - INFO - Balance de clases tras SMOTETomek:
target
1.0    714
0.0    714
Name: count, dtype: int64
2025-01-20 23:49:01 - INFO - Balance de clases tras SMOTETomek:
target
1.0    724
0.0    724
Name: count, dtype: int64
2025-01-20 23:49:01 - INFO - Balance de clases tras SMOTETomek:
target
1.0    724
0.0    724
Name: count, dtype: int64
2025-01-20 23:49:03 - INFO - Balance de clases tras SMOTETomek:
target
1.0    714
0.0    714
Name: count, dtype: int64
2025-01-20 23:49:03 - INFO - Balance de clases tras SMOTETomek:
target
1.0    714
0.0    714
Name: count, dtype: int64
2025-01-20 23:49:05 - INFO - Balance de clases tras SMOTETomek:
target
1.0    719
0.0    719
Name: count, dtype: int64
2025-01-20 23:49:05 - INFO - Balance de clases tras SMOTETomek:
target
1.0    719
0.0    719
Name: count, dtype: int64
2025-01-20 23:49:06 - INFO - Balance de clases tras SMOTETomek:
target
0.0    717
1.0    717
Name: count, dtype: int64
2025-01-20 23:49:07 - INFO - Balance de clases tras SMOTETomek:
target
0.0    717
1.0    717
Name: count, dtype: int64
2025-01-20 23:49:07 - INFO - Balance de clases tras SMOTETomek:
target
1.0    714
0.0    714
Name: count, dtype: int64
2025-01-20 23:49:09 - INFO - Balance de clases tras SMOTETomek:
target
1.0    724
0.0    724
Name: count, dtype: int64
2025-01-20 23:49:09 - INFO - Balance de clases tras SMOTETomek:
target
1.0    714
0.0    714
Name: count, dtype: int64
2025-01-20 23:49:10 - INFO - Balance de clases tras SMOTETomek:
target
1.0    714
0.0    714
Name: count, dtype: int64
2025-01-20 23:49:11 - INFO - Balance de clases tras SMOTETomek:
target
1.0    724
0.0    724
Name: count, dtype: int64
2025-01-20 23:49:12 - INFO - Balance de clases tras SMOTETomek:
target
1.0    719
0.0    719
Name: count, dtype: int64
2025-01-20 23:49:13 - INFO - Balance de clases tras SMOTETomek:
target
1.0    714
0.0    714
Name: count, dtype: int64
2025-01-20 23:49:14 - INFO - Balance de clases tras SMOTETomek:
target
0.0    717
1.0    717
Name: count, dtype: int64
2025-01-20 23:49:15 - INFO - Balance de clases tras SMOTETomek:
target
1.0    719
0.0    719
Name: count, dtype: int64
2025-01-20 23:49:17 - INFO - Balance de clases tras SMOTETomek:
target
1.0    714
0.0    714
Name: count, dtype: int64
2025-01-20 23:49:17 - INFO - Balance de clases tras SMOTETomek:
target
0.0    717
1.0    717
Name: count, dtype: int64
2025-01-20 23:49:19 - INFO - Balance de clases tras SMOTETomek:
target
1.0    714
0.0    714
Name: count, dtype: int64
2025-01-20 23:49:19 - INFO - Balance de clases tras SMOTETomek:
target
1.0    724
0.0    724
Name: count, dtype: int64
2025-01-20 23:49:20 - INFO - Balance de clases tras SMOTETomek:
target
1.0    724
0.0    724
Name: count, dtype: int64
2025-01-20 23:49:21 - INFO - Balance de clases tras SMOTETomek:
target
1.0    714
0.0    714
Name: count, dtype: int64
2025-01-20 23:49:22 - INFO - Balance de clases tras SMOTETomek:
target
1.0    719
0.0    719
Name: count, dtype: int64
2025-01-20 23:49:22 - INFO - Balance de clases tras SMOTETomek:
target
1.0    714
0.0    714
Name: count, dtype: int64
2025-01-20 23:49:23 - INFO - Balance de clases tras SMOTETomek:
target
0.0    717
1.0    717
Name: count, dtype: int64
2025-01-20 23:49:23 - INFO - Balance de clases tras SMOTETomek:
target
1.0    719
0.0    719
Name: count, dtype: int64
2025-01-20 23:49:24 - INFO - Balance de clases tras SMOTETomek:
target
1.0    714
0.0    714
Name: count, dtype: int64
2025-01-20 23:49:24 - INFO - Balance de clases tras SMOTETomek:
target
0.0    717
1.0    717
Name: count, dtype: int64
2025-01-20 23:49:25 - INFO - Balance de clases tras SMOTETomek:
target
1.0    724
0.0    724
Name: count, dtype: int64
2025-01-20 23:49:25 - INFO - Balance de clases tras SMOTETomek:
target
1.0    714
0.0    714
Name: count, dtype: int64
2025-01-20 23:49:26 - INFO - Balance de clases tras SMOTETomek:
target
1.0    714
0.0    714
Name: count, dtype: int64
2025-01-20 23:49:26 - INFO - Balance de clases tras SMOTETomek:
target
1.0    724
0.0    724
Name: count, dtype: int64
2025-01-20 23:49:27 - INFO - Balance de clases tras SMOTETomek:
target
1.0    719
0.0    719
Name: count, dtype: int64
2025-01-20 23:49:27 - INFO - Balance de clases tras SMOTETomek:
target
1.0    714
0.0    714
Name: count, dtype: int64
2025-01-20 23:49:28 - INFO - Balance de clases tras SMOTETomek:
target
0.0    717
1.0    717
Name: count, dtype: int64
2025-01-20 23:49:29 - INFO - Balance de clases tras SMOTETomek:
target
1.0    714
0.0    714
Name: count, dtype: int64
2025-01-20 23:49:30 - INFO - Balance de clases tras SMOTETomek:
target
1.0    719
0.0    719
Name: count, dtype: int64
2025-01-20 23:49:30 - INFO - Balance de clases tras SMOTETomek:
target
1.0    724
0.0    724
Name: count, dtype: int64
2025-01-20 23:49:31 - INFO - Balance de clases tras SMOTETomek:
target
1.0    714
0.0    714
Name: count, dtype: int64
2025-01-20 23:49:32 - INFO - Balance de clases tras SMOTETomek:
target
0.0    717
1.0    717
Name: count, dtype: int64
2025-01-20 23:49:33 - INFO - Balance de clases tras SMOTETomek:
target
1.0    719
0.0    719
Name: count, dtype: int64
2025-01-20 23:49:34 - INFO - Balance de clases tras SMOTETomek:
target
1.0    714
0.0    714
Name: count, dtype: int64
2025-01-20 23:49:35 - INFO - Balance de clases tras SMOTETomek:
target
0.0    717
1.0    717
Name: count, dtype: int64
2025-01-20 23:49:36 - INFO - Balance de clases tras SMOTETomek:
target
1.0    724
0.0    724
Name: count, dtype: int64
2025-01-20 23:49:37 - INFO - Balance de clases tras SMOTETomek:
target
1.0    714
0.0    714
Name: count, dtype: int64
2025-01-20 23:49:39 - INFO - Balance de clases tras SMOTETomek:
target
1.0    714
0.0    714
Name: count, dtype: int64
2025-01-20 23:49:39 - INFO - Balance de clases tras SMOTETomek:
target
1.0    724
0.0    724
Name: count, dtype: int64
2025-01-20 23:49:40 - INFO - Balance de clases tras SMOTETomek:
target
1.0    719
0.0    719
Name: count, dtype: int64
2025-01-20 23:49:41 - INFO - Balance de clases tras SMOTETomek:
target
1.0    714
0.0    714
Name: count, dtype: int64
2025-01-20 23:49:42 - INFO - Balance de clases tras SMOTETomek:
target
0.0    717
1.0    717
Name: count, dtype: int64
2025-01-20 23:49:43 - INFO - Balance de clases tras SMOTETomek:
target
1.0    719
0.0    719
Name: count, dtype: int64
2025-01-20 23:49:44 - INFO - Balance de clases tras SMOTETomek:
target
1.0    714
0.0    714
Name: count, dtype: int64
2025-01-20 23:49:45 - INFO - Balance de clases tras SMOTETomek:
target
0.0    717
1.0    717
Name: count, dtype: int64
2025-01-20 23:49:45 - INFO - Balance de clases tras SMOTETomek:
target
1.0    724
0.0    724
Name: count, dtype: int64
2025-01-20 23:49:47 - INFO - Balance de clases tras SMOTETomek:
target
1.0    714
0.0    714
Name: count, dtype: int64
2025-01-20 23:49:47 - INFO - Balance de clases tras SMOTETomek:
target
1.0    714
0.0    714
Name: count, dtype: int64
2025-01-20 23:49:49 - INFO - Balance de clases tras SMOTETomek:
target
1.0    719
0.0    719
Name: count, dtype: int64
2025-01-20 23:49:49 - INFO - Balance de clases tras SMOTETomek:
target
1.0    724
0.0    724
Name: count, dtype: int64
2025-01-20 23:49:51 - INFO - Balance de clases tras SMOTETomek:
target
0.0    717
1.0    717
Name: count, dtype: int64
2025-01-20 23:49:51 - INFO - Balance de clases tras SMOTETomek:
target
1.0    714
0.0    714
Name: count, dtype: int64
2025-01-20 23:49:52 - INFO - Balance de clases tras SMOTETomek:
target
1.0    714
0.0    714
Name: count, dtype: int64
2025-01-20 23:49:53 - INFO - Balance de clases tras SMOTETomek:
target
1.0    719
0.0    719
Name: count, dtype: int64
2025-01-20 23:49:54 - INFO - Balance de clases tras SMOTETomek:
target
1.0    724
0.0    724
Name: count, dtype: int64
2025-01-20 23:49:55 - INFO - Balance de clases tras SMOTETomek:
target
0.0    717
1.0    717
Name: count, dtype: int64
2025-01-20 23:49:56 - INFO - Balance de clases tras SMOTETomek:
target
1.0    714
0.0    714
Name: count, dtype: int64
2025-01-20 23:49:57 - INFO - Balance de clases tras SMOTETomek:
target
1.0    714
0.0    714
Name: count, dtype: int64
2025-01-20 23:49:58 - INFO - Balance de clases tras SMOTETomek:
target
1.0    719
0.0    719
Name: count, dtype: int64
2025-01-20 23:49:59 - INFO - Balance de clases tras SMOTETomek:
target
1.0    724
0.0    724
Name: count, dtype: int64
2025-01-20 23:50:00 - INFO - Balance de clases tras SMOTETomek:
target
0.0    717
1.0    717
Name: count, dtype: int64
2025-01-20 23:50:01 - INFO - Balance de clases tras SMOTETomek:
target
1.0    714
0.0    714
Name: count, dtype: int64
2025-01-20 23:50:02 - INFO - Balance de clases tras SMOTETomek:
target
1.0    714
0.0    714
Name: count, dtype: int64
2025-01-20 23:50:03 - INFO - Balance de clases tras SMOTETomek:
target
1.0    719
0.0    719
Name: count, dtype: int64
2025-01-20 23:50:04 - INFO - Balance de clases tras SMOTETomek:
target
1.0    724
0.0    724
Name: count, dtype: int64
2025-01-20 23:50:06 - INFO - Balance de clases tras SMOTETomek:
target
0.0    717
1.0    717
Name: count, dtype: int64
2025-01-20 23:50:07 - INFO - Balance de clases tras SMOTETomek:
target
1.0    714
0.0    714
Name: count, dtype: int64
2025-01-20 23:50:08 - INFO - Balance de clases tras SMOTETomek:
target
1.0    719
0.0    719
Name: count, dtype: int64
2025-01-20 23:50:08 - INFO - Balance de clases tras SMOTETomek:
target
1.0    714
0.0    714
Name: count, dtype: int64
2025-01-20 23:50:10 - INFO - Balance de clases tras SMOTETomek:
target
0.0    717
1.0    717
Name: count, dtype: int64
2025-01-20 23:50:10 - INFO - Balance de clases tras SMOTETomek:
target
1.0    724
0.0    724
Name: count, dtype: int64
2025-01-20 23:50:11 - INFO - Balance de clases tras SMOTETomek:
target
1.0    714
0.0    714
Name: count, dtype: int64
2025-01-20 23:50:12 - INFO - Balance de clases tras SMOTETomek:
target
1.0    714
0.0    714
Name: count, dtype: int64
2025-01-20 23:50:13 - INFO - Balance de clases tras SMOTETomek:
target
1.0    724
0.0    724
Name: count, dtype: int64
2025-01-20 23:50:14 - INFO - Balance de clases tras SMOTETomek:
target
1.0    719
0.0    719
Name: count, dtype: int64
2025-01-20 23:50:15 - INFO - Balance de clases tras SMOTETomek:
target
1.0    714
0.0    714
Name: count, dtype: int64
2025-01-20 23:50:16 - INFO - Balance de clases tras SMOTETomek:
target
1.0    719
0.0    719
Name: count, dtype: int64
2025-01-20 23:50:16 - INFO - Balance de clases tras SMOTETomek:
target
0.0    717
1.0    717
Name: count, dtype: int64
2025-01-20 23:50:17 - INFO - Balance de clases tras SMOTETomek:
target
0.0    717
1.0    717
Name: count, dtype: int64
2025-01-20 23:50:18 - INFO - Balance de clases tras SMOTETomek:
target
1.0    714
0.0    714
Name: count, dtype: int64
2025-01-20 23:50:19 - INFO - Balance de clases tras SMOTETomek:
target
1.0    714
0.0    714
Name: count, dtype: int64
2025-01-20 23:50:20 - INFO - Balance de clases tras SMOTETomek:
target
1.0    724
0.0    724
Name: count, dtype: int64
2025-01-20 23:50:21 - INFO - Balance de clases tras SMOTETomek:
target
1.0    724
0.0    724
Name: count, dtype: int64
2025-01-20 23:50:22 - INFO - Balance de clases tras SMOTETomek:
target
1.0    714
0.0    714
Name: count, dtype: int64
2025-01-20 23:50:22 - INFO - Balance de clases tras SMOTETomek:
target
1.0    714
0.0    714
Name: count, dtype: int64
2025-01-20 23:50:23 - INFO - Balance de clases tras SMOTETomek:
target
1.0    719
0.0    719
Name: count, dtype: int64
2025-01-20 23:50:24 - INFO - Balance de clases tras SMOTETomek:
target
1.0    719
0.0    719
Name: count, dtype: int64
2025-01-20 23:50:25 - INFO - Balance de clases tras SMOTETomek:
target
0.0    717
1.0    717
Name: count, dtype: int64
2025-01-20 23:50:26 - INFO - Balance de clases tras SMOTETomek:
target
1.0    714
0.0    714
Name: count, dtype: int64
2025-01-20 23:50:26 - INFO - Balance de clases tras SMOTETomek:
target
0.0    717
1.0    717
Name: count, dtype: int64
2025-01-20 23:50:27 - INFO - Balance de clases tras SMOTETomek:
target
1.0    724
0.0    724
Name: count, dtype: int64
2025-01-20 23:50:27 - INFO - Balance de clases tras SMOTETomek:
target
1.0    714
0.0    714
Name: count, dtype: int64
2025-01-20 23:50:28 - INFO - Balance de clases tras SMOTETomek:
target
1.0    714
0.0    714
Name: count, dtype: int64
2025-01-20 23:50:29 - INFO - Balance de clases tras SMOTETomek:
target
1.0    719
0.0    719
Name: count, dtype: int64
2025-01-20 23:50:29 - INFO - Balance de clases tras SMOTETomek:
target
1.0    724
0.0    724
Name: count, dtype: int64
2025-01-20 23:50:30 - INFO - Balance de clases tras SMOTETomek:
target
0.0    717
1.0    717
Name: count, dtype: int64
2025-01-20 23:50:31 - INFO - Balance de clases tras SMOTETomek:
target
1.0    714
0.0    714
Name: count, dtype: int64
2025-01-20 23:50:31 - INFO - Balance de clases tras SMOTETomek:
target
1.0    714
0.0    714
Name: count, dtype: int64
2025-01-20 23:50:32 - INFO - Balance de clases tras SMOTETomek:
target
1.0    719
0.0    719
Name: count, dtype: int64
2025-01-20 23:50:33 - INFO - Balance de clases tras SMOTETomek:
target
1.0    724
0.0    724
Name: count, dtype: int64
2025-01-20 23:50:33 - INFO - Balance de clases tras SMOTETomek:
target
0.0    717
1.0    717
Name: count, dtype: int64
2025-01-20 23:50:34 - INFO - Balance de clases tras SMOTETomek:
target
1.0    714
0.0    714
Name: count, dtype: int64
2025-01-20 23:50:34 - INFO - Balance de clases tras SMOTETomek:
target
1.0    714
0.0    714
Name: count, dtype: int64
2025-01-20 23:50:36 - INFO - Balance de clases tras SMOTETomek:
target
1.0    724
0.0    724
Name: count, dtype: int64
2025-01-20 23:50:37 - INFO - Balance de clases tras SMOTETomek:
target
1.0    714
0.0    714
Name: count, dtype: int64
2025-01-20 23:50:38 - INFO - Balance de clases tras SMOTETomek:
target
1.0    719
0.0    719
Name: count, dtype: int64
2025-01-20 23:50:39 - INFO - Balance de clases tras SMOTETomek:
target
1.0    719
0.0    719
Name: count, dtype: int64
2025-01-20 23:50:40 - INFO - Balance de clases tras SMOTETomek:
target
0.0    717
1.0    717
Name: count, dtype: int64
2025-01-20 23:50:41 - INFO - Balance de clases tras SMOTETomek:
target
0.0    717
1.0    717
Name: count, dtype: int64
2025-01-20 23:50:42 - INFO - Balance de clases tras SMOTETomek:
target
1.0    714
0.0    714
Name: count, dtype: int64
2025-01-20 23:50:44 - INFO - Balance de clases tras SMOTETomek:
target
1.0    714
0.0    714
Name: count, dtype: int64
2025-01-20 23:50:44 - INFO - Balance de clases tras SMOTETomek:
target
1.0    724
0.0    724
Name: count, dtype: int64
2025-01-20 23:50:46 - INFO - Balance de clases tras SMOTETomek:
target
1.0    724
0.0    724
Name: count, dtype: int64
2025-01-20 23:50:47 - INFO - Balance de clases tras SMOTETomek:
target
1.0    714
0.0    714
Name: count, dtype: int64
2025-01-20 23:50:47 - INFO - Balance de clases tras SMOTETomek:
target
1.0    719
0.0    719
Name: count, dtype: int64
2025-01-20 23:50:48 - INFO - Balance de clases tras SMOTETomek:
target
1.0    714
0.0    714
Name: count, dtype: int64
2025-01-20 23:50:48 - INFO - Balance de clases tras SMOTETomek:
target
0.0    717
1.0    717
Name: count, dtype: int64
2025-01-20 23:50:49 - INFO - Balance de clases tras SMOTETomek:
target
1.0    714
0.0    714
Name: count, dtype: int64
2025-01-20 23:50:50 - INFO - Balance de clases tras SMOTETomek:
target
1.0    724
0.0    724
Name: count, dtype: int64
2025-01-20 23:50:51 - INFO - Balance de clases tras SMOTETomek:
target
1.0    714
0.0    714
Name: count, dtype: int64
2025-01-20 23:50:51 - INFO - Balance de clases tras SMOTETomek:
target
1.0    719
0.0    719
Name: count, dtype: int64
2025-01-20 23:50:53 - INFO - Balance de clases tras SMOTETomek:
target
1.0    719
0.0    719
Name: count, dtype: int64
2025-01-20 23:50:54 - INFO - Balance de clases tras SMOTETomek:
target
0.0    717
1.0    717
Name: count, dtype: int64
2025-01-20 23:50:55 - INFO - Balance de clases tras SMOTETomek:
target
0.0    717
1.0    717
Name: count, dtype: int64
2025-01-20 23:50:56 - INFO - Balance de clases tras SMOTETomek:
target
1.0    714
0.0    714
Name: count, dtype: int64
2025-01-20 23:50:57 - INFO - Balance de clases tras SMOTETomek:
target
1.0    724
0.0    724
Name: count, dtype: int64
2025-01-20 23:50:58 - INFO - Balance de clases tras SMOTETomek:
target
1.0    714
0.0    714
Name: count, dtype: int64
2025-01-20 23:50:59 - INFO - Balance de clases tras SMOTETomek:
target
1.0    714
0.0    714
Name: count, dtype: int64
2025-01-20 23:51:01 - INFO - Balance de clases tras SMOTETomek:
target
1.0    719
0.0    719
Name: count, dtype: int64
2025-01-20 23:51:01 - INFO - Balance de clases tras SMOTETomek:
target
1.0    724
0.0    724
Name: count, dtype: int64
2025-01-20 23:51:02 - INFO - Balance de clases tras SMOTETomek:
target
0.0    717
1.0    717
Name: count, dtype: int64
2025-01-20 23:51:04 - INFO - Balance de clases tras SMOTETomek:
target
1.0    714
0.0    714
Name: count, dtype: int64
2025-01-20 23:51:04 - INFO - Balance de clases tras SMOTETomek:
target
1.0    714
0.0    714
Name: count, dtype: int64
2025-01-20 23:51:05 - INFO - Balance de clases tras SMOTETomek:
target
1.0    724
0.0    724
Name: count, dtype: int64
2025-01-20 23:51:06 - INFO - Balance de clases tras SMOTETomek:
target
1.0    719
0.0    719
Name: count, dtype: int64
2025-01-20 23:51:07 - INFO - Balance de clases tras SMOTETomek:
target
1.0    714
0.0    714
Name: count, dtype: int64
2025-01-20 23:51:08 - INFO - Balance de clases tras SMOTETomek:
target
1.0    719
0.0    719
Name: count, dtype: int64
2025-01-20 23:51:08 - INFO - Balance de clases tras SMOTETomek:
target
0.0    717
1.0    717
Name: count, dtype: int64
2025-01-20 23:51:09 - INFO - Balance de clases tras SMOTETomek:
target
0.0    717
1.0    717
Name: count, dtype: int64
2025-01-20 23:51:10 - INFO - Balance de clases tras SMOTETomek:
target
1.0    714
0.0    714
Name: count, dtype: int64
2025-01-20 23:51:11 - INFO - Balance de clases tras SMOTETomek:
target
1.0    714
0.0    714
Name: count, dtype: int64
2025-01-20 23:51:12 - INFO - Balance de clases tras SMOTETomek:
target
1.0    724
0.0    724
Name: count, dtype: int64
2025-01-20 23:51:12 - INFO - Balance de clases tras SMOTETomek:
target
1.0    724
0.0    724
Name: count, dtype: int64
2025-01-20 23:51:14 - INFO - Balance de clases tras SMOTETomek:
target
1.0    714
0.0    714
Name: count, dtype: int64
2025-01-20 23:51:14 - INFO - Balance de clases tras SMOTETomek:
target
1.0    714
0.0    714
Name: count, dtype: int64
2025-01-20 23:51:15 - INFO - Balance de clases tras SMOTETomek:
target
1.0    719
0.0    719
Name: count, dtype: int64
2025-01-20 23:51:15 - INFO - Balance de clases tras SMOTETomek:
target
1.0    719
0.0    719
Name: count, dtype: int64
2025-01-20 23:51:16 - INFO - Balance de clases tras SMOTETomek:
target
0.0    717
1.0    717
Name: count, dtype: int64
2025-01-20 23:51:16 - INFO - Balance de clases tras SMOTETomek:
target
0.0    717
1.0    717
Name: count, dtype: int64
2025-01-20 23:51:17 - INFO - Balance de clases tras SMOTETomek:
target
1.0    714
0.0    714
Name: count, dtype: int64
2025-01-20 23:51:17 - INFO - Balance de clases tras SMOTETomek:
target
1.0    714
0.0    714
Name: count, dtype: int64
2025-01-20 23:51:18 - INFO - Balance de clases tras SMOTETomek:
target
1.0    724
0.0    724
Name: count, dtype: int64
2025-01-20 23:51:19 - INFO - Balance de clases tras SMOTETomek:
target
1.0    724
0.0    724
Name: count, dtype: int64
2025-01-20 23:51:19 - INFO - Balance de clases tras SMOTETomek:
target
1.0    714
0.0    714
Name: count, dtype: int64
2025-01-20 23:51:20 - INFO - Balance de clases tras SMOTETomek:
target
1.0    714
0.0    714
Name: count, dtype: int64
2025-01-20 23:51:21 - INFO - Balance de clases tras SMOTETomek:
target
1.0    719
0.0    719
Name: count, dtype: int64
2025-01-20 23:51:22 - INFO - Balance de clases tras SMOTETomek:
target
1.0    719
0.0    719
Name: count, dtype: int64
2025-01-20 23:51:23 - INFO - Balance de clases tras SMOTETomek:
target
0.0    717
1.0    717
Name: count, dtype: int64
2025-01-20 23:51:24 - INFO - Balance de clases tras SMOTETomek:
target
0.0    717
1.0    717
Name: count, dtype: int64
2025-01-20 23:51:25 - INFO - Balance de clases tras SMOTETomek:
target
1.0    714
0.0    714
Name: count, dtype: int64
2025-01-20 23:51:26 - INFO - Balance de clases tras SMOTETomek:
target
1.0    714
0.0    714
Name: count, dtype: int64
2025-01-20 23:51:27 - INFO - Balance de clases tras SMOTETomek:
target
1.0    724
0.0    724
Name: count, dtype: int64
2025-01-20 23:51:28 - INFO - Balance de clases tras SMOTETomek:
target
1.0    724
0.0    724
Name: count, dtype: int64
2025-01-20 23:51:29 - INFO - Balance de clases tras SMOTETomek:
target
1.0    714
0.0    714
Name: count, dtype: int64
2025-01-20 23:51:31 - INFO - Balance de clases tras SMOTETomek:
target
1.0    719
0.0    719
Name: count, dtype: int64
2025-01-20 23:51:31 - INFO - Balance de clases tras SMOTETomek:
target
1.0    714
0.0    714
Name: count, dtype: int64
2025-01-20 23:51:32 - INFO - Balance de clases tras SMOTETomek:
target
0.0    717
1.0    717
Name: count, dtype: int64
2025-01-20 23:51:33 - INFO - Balance de clases tras SMOTETomek:
target
1.0    719
0.0    719
Name: count, dtype: int64
2025-01-20 23:51:34 - INFO - Balance de clases tras SMOTETomek:
target
1.0    714
0.0    714
Name: count, dtype: int64
2025-01-20 23:51:36 - INFO - Balance de clases tras SMOTETomek:
target
0.0    717
1.0    717
Name: count, dtype: int64
2025-01-20 23:51:36 - INFO - Balance de clases tras SMOTETomek:
target
1.0    724
0.0    724
Name: count, dtype: int64
2025-01-20 23:51:38 - INFO - Balance de clases tras SMOTETomek:
target
1.0    714
0.0    714
Name: count, dtype: int64
2025-01-20 23:51:38 - INFO - Balance de clases tras SMOTETomek:
target
1.0    714
0.0    714
Name: count, dtype: int64
2025-01-20 23:51:40 - INFO - Balance de clases tras SMOTETomek:
target
1.0    719
0.0    719
Name: count, dtype: int64
2025-01-20 23:51:41 - INFO - Balance de clases tras SMOTETomek:
target
1.0    724
0.0    724
Name: count, dtype: int64
2025-01-20 23:51:43 - INFO - Balance de clases tras SMOTETomek:
target
0.0    717
1.0    717
Name: count, dtype: int64
2025-01-20 23:51:44 - INFO - Balance de clases tras SMOTETomek:
target
1.0    714
0.0    714
Name: count, dtype: int64
2025-01-20 23:51:45 - INFO - Balance de clases tras SMOTETomek:
target
1.0    714
0.0    714
Name: count, dtype: int64
2025-01-20 23:51:46 - INFO - Balance de clases tras SMOTETomek:
target
1.0    719
0.0    719
Name: count, dtype: int64
2025-01-20 23:51:48 - INFO - Balance de clases tras SMOTETomek:
target
1.0    724
0.0    724
Name: count, dtype: int64
2025-01-20 23:51:49 - INFO - Balance de clases tras SMOTETomek:
target
0.0    717
1.0    717
Name: count, dtype: int64
2025-01-20 23:51:50 - INFO - Balance de clases tras SMOTETomek:
target
1.0    714
0.0    714
Name: count, dtype: int64
2025-01-20 23:51:52 - INFO - Balance de clases tras SMOTETomek:
target
1.0    714
0.0    714
Name: count, dtype: int64
2025-01-20 23:51:53 - INFO - Balance de clases tras SMOTETomek:
target
1.0    719
0.0    719
Name: count, dtype: int64
2025-01-20 23:51:55 - INFO - Balance de clases tras SMOTETomek:
target
1.0    724
0.0    724
Name: count, dtype: int64
2025-01-20 23:51:56 - INFO - Balance de clases tras SMOTETomek:
target
0.0    717
1.0    717
Name: count, dtype: int64
2025-01-20 23:51:57 - INFO - Balance de clases tras SMOTETomek:
target
1.0    714
0.0    714
Name: count, dtype: int64
2025-01-20 23:51:59 - INFO - Balance de clases tras SMOTETomek:
target
1.0    714
0.0    714
Name: count, dtype: int64
2025-01-20 23:52:00 - INFO - Balance de clases tras SMOTETomek:
target
1.0    719
0.0    719
Name: count, dtype: int64
2025-01-20 23:52:02 - INFO - Balance de clases tras SMOTETomek:
target
1.0    724
0.0    724
Name: count, dtype: int64
2025-01-20 23:52:02 - INFO - Balance de clases tras SMOTETomek:
target
0.0    717
1.0    717
Name: count, dtype: int64
2025-01-20 23:52:04 - INFO - Balance de clases tras SMOTETomek:
target
1.0    714
0.0    714
Name: count, dtype: int64
2025-01-20 23:52:05 - INFO - Balance de clases tras SMOTETomek:
target
1.0    714
0.0    714
Name: count, dtype: int64
2025-01-20 23:52:06 - INFO - Balance de clases tras SMOTETomek:
target
1.0    724
0.0    724
Name: count, dtype: int64
2025-01-20 23:52:07 - INFO - Balance de clases tras SMOTETomek:
target
1.0    719
0.0    719
Name: count, dtype: int64
2025-01-20 23:52:09 - INFO - Balance de clases tras SMOTETomek:
target
1.0    714
0.0    714
Name: count, dtype: int64
2025-01-20 23:52:09 - INFO - Balance de clases tras SMOTETomek:
target
0.0    717
1.0    717
Name: count, dtype: int64
2025-01-20 23:52:10 - INFO - Balance de clases tras SMOTETomek:
target
1.0    719
0.0    719
Name: count, dtype: int64
2025-01-20 23:52:11 - INFO - Balance de clases tras SMOTETomek:
target
1.0    714
0.0    714
Name: count, dtype: int64
2025-01-20 23:52:12 - INFO - Balance de clases tras SMOTETomek:
target
0.0    717
1.0    717
Name: count, dtype: int64
2025-01-20 23:52:13 - INFO - Balance de clases tras SMOTETomek:
target
1.0    724
0.0    724
Name: count, dtype: int64
2025-01-20 23:52:14 - INFO - Balance de clases tras SMOTETomek:
target
1.0    714
0.0    714
Name: count, dtype: int64
2025-01-20 23:52:15 - INFO - Balance de clases tras SMOTETomek:
target
1.0    724
0.0    724
Name: count, dtype: int64
2025-01-20 23:52:16 - INFO - Balance de clases tras SMOTETomek:
target
1.0    714
0.0    714
Name: count, dtype: int64
2025-01-20 23:52:17 - INFO - Balance de clases tras SMOTETomek:
target
1.0    714
0.0    714
Name: count, dtype: int64
2025-01-20 23:52:18 - INFO - Balance de clases tras SMOTETomek:
target
1.0    719
0.0    719
Name: count, dtype: int64
2025-01-20 23:52:19 - INFO - Balance de clases tras SMOTETomek:
target
1.0    719
0.0    719
Name: count, dtype: int64
2025-01-20 23:52:20 - INFO - Balance de clases tras SMOTETomek:
target
0.0    717
1.0    717
Name: count, dtype: int64
2025-01-20 23:52:21 - INFO - Balance de clases tras SMOTETomek:
target
0.0    717
1.0    717
Name: count, dtype: int64
2025-01-20 23:52:22 - INFO - Balance de clases tras SMOTETomek:
target
1.0    714
0.0    714
Name: count, dtype: int64
2025-01-20 23:52:23 - INFO - Balance de clases tras SMOTETomek:
target
1.0    714
0.0    714
Name: count, dtype: int64
2025-01-20 23:52:24 - INFO - Balance de clases tras SMOTETomek:
target
1.0    724
0.0    724
Name: count, dtype: int64
2025-01-20 23:52:25 - INFO - Balance de clases tras SMOTETomek:
target
1.0    724
0.0    724
Name: count, dtype: int64
2025-01-20 23:52:27 - INFO - Balance de clases tras SMOTETomek:
target
1.0    714
0.0    714
Name: count, dtype: int64
2025-01-20 23:52:28 - INFO - Balance de clases tras SMOTETomek:
target
1.0    714
0.0    714
Name: count, dtype: int64
2025-01-20 23:52:29 - INFO - Balance de clases tras SMOTETomek:
target
1.0    719
0.0    719
Name: count, dtype: int64
2025-01-20 23:52:29 - INFO - Balance de clases tras SMOTETomek:
target
1.0    719
0.0    719
Name: count, dtype: int64
2025-01-20 23:52:30 - INFO - Balance de clases tras SMOTETomek:
target
0.0    717
1.0    717
Name: count, dtype: int64
2025-01-20 23:52:31 - INFO - Balance de clases tras SMOTETomek:
target
0.0    717
1.0    717
Name: count, dtype: int64
2025-01-20 23:52:31 - INFO - Balance de clases tras SMOTETomek:
target
1.0    714
0.0    714
Name: count, dtype: int64
2025-01-20 23:52:32 - INFO - Balance de clases tras SMOTETomek:
target
1.0    724
0.0    724
Name: count, dtype: int64
2025-01-20 23:52:33 - INFO - Balance de clases tras SMOTETomek:
target
1.0    714
0.0    714
Name: count, dtype: int64
2025-01-20 23:52:34 - INFO - Balance de clases tras SMOTETomek:
target
1.0    714
0.0    714
Name: count, dtype: int64
2025-01-20 23:52:35 - INFO - Balance de clases tras SMOTETomek:
target
1.0    724
0.0    724
Name: count, dtype: int64
2025-01-20 23:52:36 - INFO - Balance de clases tras SMOTETomek:
target
1.0    719
0.0    719
Name: count, dtype: int64
2025-01-20 23:52:37 - INFO - Balance de clases tras SMOTETomek:
target
1.0    714
0.0    714
Name: count, dtype: int64
2025-01-20 23:52:38 - INFO - Balance de clases tras SMOTETomek:
target
0.0    717
1.0    717
Name: count, dtype: int64
2025-01-20 23:52:39 - INFO - Balance de clases tras SMOTETomek:
target
1.0    719
0.0    719
Name: count, dtype: int64
2025-01-20 23:52:40 - INFO - Balance de clases tras SMOTETomek:
target
1.0    714
0.0    714
Name: count, dtype: int64
2025-01-20 23:52:41 - INFO - Balance de clases tras SMOTETomek:
target
0.0    717
1.0    717
Name: count, dtype: int64
2025-01-20 23:52:42 - INFO - Balance de clases tras SMOTETomek:
target
1.0    724
0.0    724
Name: count, dtype: int64
2025-01-20 23:52:43 - INFO - Balance de clases tras SMOTETomek:
target
1.0    714
0.0    714
Name: count, dtype: int64
2025-01-20 23:52:45 - INFO - Balance de clases tras SMOTETomek:
target
1.0    714
0.0    714
Name: count, dtype: int64
2025-01-20 23:52:45 - INFO - Balance de clases tras SMOTETomek:
target
1.0    724
0.0    724
Name: count, dtype: int64
2025-01-20 23:52:46 - INFO - Balance de clases tras SMOTETomek:
target
1.0    719
0.0    719
Name: count, dtype: int64
2025-01-20 23:52:47 - INFO - Balance de clases tras SMOTETomek:
target
0.0    717
1.0    717
Name: count, dtype: int64
2025-01-20 23:52:48 - INFO - Balance de clases tras SMOTETomek:
target
1.0    714
0.0    714
Name: count, dtype: int64
2025-01-20 23:52:48 - INFO - Balance de clases tras SMOTETomek:
target
1.0    714
0.0    714
Name: count, dtype: int64
2025-01-20 23:52:49 - INFO - Balance de clases tras SMOTETomek:
target
1.0    719
0.0    719
Name: count, dtype: int64
2025-01-20 23:52:50 - INFO - Balance de clases tras SMOTETomek:
target
1.0    724
0.0    724
Name: count, dtype: int64
2025-01-20 23:52:50 - INFO - Balance de clases tras SMOTETomek:
target
0.0    717
1.0    717
Name: count, dtype: int64
2025-01-20 23:52:51 - INFO - Balance de clases tras SMOTETomek:
target
1.0    714
0.0    714
Name: count, dtype: int64
2025-01-20 23:52:51 - INFO - Balance de clases tras SMOTETomek:
target
1.0    714
0.0    714
Name: count, dtype: int64
2025-01-20 23:52:52 - INFO - Balance de clases tras SMOTETomek:
target
1.0    719
0.0    719
Name: count, dtype: int64
2025-01-20 23:52:52 - INFO - Balance de clases tras SMOTETomek:
target
1.0    724
0.0    724
Name: count, dtype: int64
2025-01-20 23:52:53 - INFO - Balance de clases tras SMOTETomek:
target
0.0    717
1.0    717
Name: count, dtype: int64
2025-01-20 23:52:54 - INFO - Balance de clases tras SMOTETomek:
target
1.0    714
0.0    714
Name: count, dtype: int64
2025-01-20 23:52:55 - INFO - Balance de clases tras SMOTETomek:
target
1.0    714
0.0    714
Name: count, dtype: int64
2025-01-20 23:52:55 - INFO - Balance de clases tras SMOTETomek:
target
1.0    719
0.0    719
Name: count, dtype: int64
2025-01-20 23:52:56 - INFO - Balance de clases tras SMOTETomek:
target
1.0    724
0.0    724
Name: count, dtype: int64
2025-01-20 23:52:57 - INFO - Balance de clases tras SMOTETomek:
target
1.0    714
0.0    714
Name: count, dtype: int64
2025-01-20 23:52:57 - INFO - Balance de clases tras SMOTETomek:
target
0.0    717
1.0    717
Name: count, dtype: int64
2025-01-20 23:52:59 - INFO - Balance de clases tras SMOTETomek:
target
1.0    714
0.0    714
Name: count, dtype: int64
2025-01-20 23:53:00 - INFO - Balance de clases tras SMOTETomek:
target
1.0    719
0.0    719
Name: count, dtype: int64
2025-01-20 23:53:01 - INFO - Balance de clases tras SMOTETomek:
target
1.0    724
0.0    724
Name: count, dtype: int64
2025-01-20 23:53:03 - INFO - Balance de clases tras SMOTETomek:
target
0.0    717
1.0    717
Name: count, dtype: int64
2025-01-20 23:53:03 - INFO - Balance de clases tras SMOTETomek:
target
1.0    714
0.0    714
Name: count, dtype: int64
2025-01-20 23:53:05 - INFO - Balance de clases tras SMOTETomek:
target
1.0    714
0.0    714
Name: count, dtype: int64
2025-01-20 23:53:06 - INFO - Balance de clases tras SMOTETomek:
target
1.0    719
0.0    719
Name: count, dtype: int64
2025-01-20 23:53:08 - INFO - Balance de clases tras SMOTETomek:
target
1.0    724
0.0    724
Name: count, dtype: int64
2025-01-20 23:53:08 - INFO - Balance de clases tras SMOTETomek:
target
0.0    717
1.0    717
Name: count, dtype: int64
2025-01-20 23:53:10 - INFO - Balance de clases tras SMOTETomek:
target
1.0    714
0.0    714
Name: count, dtype: int64
2025-01-20 23:53:11 - INFO - Balance de clases tras SMOTETomek:
target
1.0    714
0.0    714
Name: count, dtype: int64
2025-01-20 23:53:13 - INFO - Balance de clases tras SMOTETomek:
target
1.0    719
0.0    719
Name: count, dtype: int64
2025-01-20 23:53:13 - INFO - Balance de clases tras SMOTETomek:
target
1.0    724
0.0    724
Name: count, dtype: int64
2025-01-20 23:53:15 - INFO - Balance de clases tras SMOTETomek:
target
0.0    717
1.0    717
Name: count, dtype: int64
2025-01-20 23:53:16 - INFO - Balance de clases tras SMOTETomek:
target
1.0    714
0.0    714
Name: count, dtype: int64
2025-01-20 23:53:18 - INFO - Balance de clases tras SMOTETomek:
target
1.0    714
0.0    714
Name: count, dtype: int64
2025-01-20 23:53:19 - INFO - Balance de clases tras SMOTETomek:
target
1.0    719
0.0    719
Name: count, dtype: int64
2025-01-20 23:53:21 - INFO - Balance de clases tras SMOTETomek:
target
1.0    724
0.0    724
Name: count, dtype: int64
2025-01-20 23:53:21 - INFO - Balance de clases tras SMOTETomek:
target
0.0    717
1.0    717
Name: count, dtype: int64
2025-01-20 23:53:23 - INFO - Balance de clases tras SMOTETomek:
target
1.0    714
0.0    714
Name: count, dtype: int64
2025-01-20 23:53:24 - INFO - Balance de clases tras SMOTETomek:
target
1.0    714
0.0    714
Name: count, dtype: int64
2025-01-20 23:53:26 - INFO - Balance de clases tras SMOTETomek:
target
1.0    719
0.0    719
Name: count, dtype: int64
2025-01-20 23:53:26 - INFO - Balance de clases tras SMOTETomek:
target
1.0    724
0.0    724
Name: count, dtype: int64
2025-01-20 23:53:29 - INFO - Balance de clases tras SMOTETomek:
target
0.0    717
1.0    717
Name: count, dtype: int64
2025-01-20 23:53:29 - INFO - Balance de clases tras SMOTETomek:
target
1.0    714
0.0    714
Name: count, dtype: int64
2025-01-20 23:53:31 - INFO - Balance de clases tras SMOTETomek:
target
1.0    714
0.0    714
Name: count, dtype: int64
2025-01-20 23:53:31 - INFO - Balance de clases tras SMOTETomek:
target
1.0    719
0.0    719
Name: count, dtype: int64
2025-01-20 23:53:34 - INFO - Balance de clases tras SMOTETomek:
target
1.0    724
0.0    724
Name: count, dtype: int64
2025-01-20 23:53:34 - INFO - Balance de clases tras SMOTETomek:
target
0.0    717
1.0    717
Name: count, dtype: int64
2025-01-20 23:53:36 - INFO - Balance de clases tras SMOTETomek:
target
1.0    714
0.0    714
Name: count, dtype: int64
2025-01-20 23:53:37 - INFO - Balance de clases tras SMOTETomek:
target
1.0    714
0.0    714
Name: count, dtype: int64
2025-01-20 23:53:39 - INFO - Balance de clases tras SMOTETomek:
target
1.0    719
0.0    719
Name: count, dtype: int64
2025-01-20 23:53:39 - INFO - Balance de clases tras SMOTETomek:
target
1.0    724
0.0    724
Name: count, dtype: int64
2025-01-20 23:53:42 - INFO - Balance de clases tras SMOTETomek:
target
0.0    717
1.0    717
Name: count, dtype: int64
2025-01-20 23:53:42 - INFO - Balance de clases tras SMOTETomek:
target
1.0    714
0.0    714
Name: count, dtype: int64
2025-01-20 23:53:44 - INFO - Balance de clases tras SMOTETomek:
target
1.0    714
0.0    714
Name: count, dtype: int64
2025-01-20 23:53:45 - INFO - Balance de clases tras SMOTETomek:
target
1.0    719
0.0    719
Name: count, dtype: int64
2025-01-20 23:53:47 - INFO - Balance de clases tras SMOTETomek:
target
1.0    724
0.0    724
Name: count, dtype: int64
2025-01-20 23:53:47 - INFO - Balance de clases tras SMOTETomek:
target
0.0    717
1.0    717
Name: count, dtype: int64
2025-01-20 23:53:50 - INFO - Balance de clases tras SMOTETomek:
target
1.0    714
0.0    714
Name: count, dtype: int64
2025-01-20 23:53:50 - INFO - Balance de clases tras SMOTETomek:
target
1.0    714
0.0    714
Name: count, dtype: int64
2025-01-20 23:53:51 - INFO - Balance de clases tras SMOTETomek:
target
1.0    719
0.0    719
Name: count, dtype: int64
2025-01-20 23:53:52 - INFO - Balance de clases tras SMOTETomek:
target
1.0    724
0.0    724
Name: count, dtype: int64
2025-01-20 23:53:53 - INFO - Balance de clases tras SMOTETomek:
target
0.0    717
1.0    717
Name: count, dtype: int64
2025-01-20 23:53:55 - INFO - Balance de clases tras SMOTETomek:
target
1.0    714
0.0    714
Name: count, dtype: int64
2025-01-20 23:53:55 - INFO - Balance de clases tras SMOTETomek:
target
1.0    714
0.0    714
Name: count, dtype: int64
2025-01-20 23:53:57 - INFO - Balance de clases tras SMOTETomek:
target
1.0    719
0.0    719
Name: count, dtype: int64
2025-01-20 23:53:57 - INFO - Balance de clases tras SMOTETomek:
target
1.0    724
0.0    724
Name: count, dtype: int64
2025-01-20 23:53:59 - INFO - Balance de clases tras SMOTETomek:
target
0.0    717
1.0    717
Name: count, dtype: int64
2025-01-20 23:53:59 - INFO - Balance de clases tras SMOTETomek:
target
1.0    714
0.0    714
Name: count, dtype: int64
2025-01-20 23:54:01 - INFO - Balance de clases tras SMOTETomek:
target
1.0    714
0.0    714
Name: count, dtype: int64
2025-01-20 23:54:02 - INFO - Balance de clases tras SMOTETomek:
target
1.0    719
0.0    719
Name: count, dtype: int64
2025-01-20 23:54:03 - INFO - Balance de clases tras SMOTETomek:
target
1.0    724
0.0    724
Name: count, dtype: int64
2025-01-20 23:54:04 - INFO - Balance de clases tras SMOTETomek:
target
0.0    717
1.0    717
Name: count, dtype: int64
2025-01-20 23:54:06 - INFO - Balance de clases tras SMOTETomek:
target
1.0    714
0.0    714
Name: count, dtype: int64
2025-01-20 23:54:06 - INFO - Balance de clases tras SMOTETomek:
target
1.0    714
0.0    714
Name: count, dtype: int64
2025-01-20 23:54:08 - INFO - Balance de clases tras SMOTETomek:
target
1.0    724
0.0    724
Name: count, dtype: int64
2025-01-20 23:54:09 - INFO - Balance de clases tras SMOTETomek:
target
1.0    719
0.0    719
Name: count, dtype: int64
2025-01-20 23:54:11 - INFO - Balance de clases tras SMOTETomek:
target
1.0    714
0.0    714
Name: count, dtype: int64
2025-01-20 23:54:12 - INFO - Balance de clases tras SMOTETomek:
target
0.0    717
1.0    717
Name: count, dtype: int64
2025-01-20 23:54:13 - INFO - Balance de clases tras SMOTETomek:
target
1.0    719
0.0    719
Name: count, dtype: int64
2025-01-20 23:54:15 - INFO - Balance de clases tras SMOTETomek:
target
0.0    717
1.0    717
Name: count, dtype: int64
2025-01-20 23:54:16 - INFO - Balance de clases tras SMOTETomek:
target
1.0    714
0.0    714
Name: count, dtype: int64
2025-01-20 23:54:17 - INFO - Balance de clases tras SMOTETomek:
target
1.0    714
0.0    714
Name: count, dtype: int64
2025-01-20 23:54:19 - INFO - Balance de clases tras SMOTETomek:
target
1.0    724
0.0    724
Name: count, dtype: int64
2025-01-20 23:54:19 - INFO - Balance de clases tras SMOTETomek:
target
1.0    724
0.0    724
Name: count, dtype: int64
2025-01-20 23:54:22 - INFO - Balance de clases tras SMOTETomek:
target
1.0    714
0.0    714
Name: count, dtype: int64
2025-01-20 23:54:23 - INFO - Balance de clases tras SMOTETomek:
target
1.0    714
0.0    714
Name: count, dtype: int64
2025-01-20 23:54:24 - INFO - Balance de clases tras SMOTETomek:
target
1.0    719
0.0    719
Name: count, dtype: int64
2025-01-20 23:54:25 - INFO - Balance de clases tras SMOTETomek:
target
1.0    719
0.0    719
Name: count, dtype: int64
2025-01-20 23:54:26 - INFO - Balance de clases tras SMOTETomek:
target
0.0    717
1.0    717
Name: count, dtype: int64
2025-01-20 23:54:27 - INFO - Balance de clases tras SMOTETomek:
target
0.0    717
1.0    717
Name: count, dtype: int64
2025-01-20 23:54:28 - INFO - Balance de clases tras SMOTETomek:
target
1.0    714
0.0    714
Name: count, dtype: int64
2025-01-20 23:54:29 - INFO - Balance de clases tras SMOTETomek:
target
1.0    714
0.0    714
Name: count, dtype: int64
2025-01-20 23:54:30 - INFO - Balance de clases tras SMOTETomek:
target
1.0    724
0.0    724
Name: count, dtype: int64
2025-01-20 23:54:31 - INFO - Balance de clases tras SMOTETomek:
target
1.0    724
0.0    724
Name: count, dtype: int64
2025-01-20 23:54:32 - INFO - Balance de clases tras SMOTETomek:
target
1.0    714
0.0    714
Name: count, dtype: int64
2025-01-20 23:54:33 - INFO - Balance de clases tras SMOTETomek:
target
1.0    714
0.0    714
Name: count, dtype: int64
2025-01-20 23:54:34 - INFO - Balance de clases tras SMOTETomek:
target
1.0    719
0.0    719
Name: count, dtype: int64
2025-01-20 23:54:36 - INFO - Balance de clases tras SMOTETomek:
target
1.0    719
0.0    719
Name: count, dtype: int64
2025-01-20 23:54:37 - INFO - Balance de clases tras SMOTETomek:
target
0.0    717
1.0    717
Name: count, dtype: int64
2025-01-20 23:54:38 - INFO - Balance de clases tras SMOTETomek:
target
0.0    717
1.0    717
Name: count, dtype: int64
2025-01-20 23:54:39 - INFO - Balance de clases tras SMOTETomek:
target
1.0    714
0.0    714
Name: count, dtype: int64
2025-01-20 23:54:40 - INFO - Balance de clases tras SMOTETomek:
target
1.0    714
0.0    714
Name: count, dtype: int64
2025-01-20 23:54:42 - INFO - Balance de clases tras SMOTETomek:
target
1.0    724
0.0    724
Name: count, dtype: int64
2025-01-20 23:54:42 - INFO - Balance de clases tras SMOTETomek:
target
1.0    724
0.0    724
Name: count, dtype: int64
2025-01-20 23:54:44 - INFO - Balance de clases tras SMOTETomek:
target
1.0    714
0.0    714
Name: count, dtype: int64
2025-01-20 23:54:44 - INFO - Balance de clases tras SMOTETomek:
target
1.0    714
0.0    714
Name: count, dtype: int64
2025-01-20 23:54:46 - INFO - Balance de clases tras SMOTETomek:
target
1.0    719
0.0    719
Name: count, dtype: int64
2025-01-20 23:54:46 - INFO - Balance de clases tras SMOTETomek:
target
1.0    719
0.0    719
Name: count, dtype: int64
2025-01-20 23:54:47 - INFO - Balance de clases tras SMOTETomek:
target
0.0    717
1.0    717
Name: count, dtype: int64
2025-01-20 23:54:49 - INFO - Balance de clases tras SMOTETomek:
target
0.0    717
1.0    717
Name: count, dtype: int64
2025-01-20 23:54:49 - INFO - Balance de clases tras SMOTETomek:
target
1.0    714
0.0    714
Name: count, dtype: int64
2025-01-20 23:54:51 - INFO - Balance de clases tras SMOTETomek:
target
1.0    714
0.0    714
Name: count, dtype: int64
2025-01-20 23:54:51 - INFO - Balance de clases tras SMOTETomek:
target
1.0    724
0.0    724
Name: count, dtype: int64
2025-01-20 23:54:53 - INFO - Balance de clases tras SMOTETomek:
target
1.0    714
0.0    714
Name: count, dtype: int64
2025-01-20 23:54:53 - INFO - Balance de clases tras SMOTETomek:
target
1.0    724
0.0    724
Name: count, dtype: int64
2025-01-20 23:54:55 - INFO - Balance de clases tras SMOTETomek:
target
1.0    719
0.0    719
Name: count, dtype: int64
2025-01-20 23:54:56 - INFO - Balance de clases tras SMOTETomek:
target
1.0    714
0.0    714
Name: count, dtype: int64
2025-01-20 23:54:57 - INFO - Balance de clases tras SMOTETomek:
target
0.0    717
1.0    717
Name: count, dtype: int64
2025-01-20 23:54:57 - INFO - Balance de clases tras SMOTETomek:
target
1.0    719
0.0    719
Name: count, dtype: int64
2025-01-20 23:54:59 - INFO - Balance de clases tras SMOTETomek:
target
1.0    714
0.0    714
Name: count, dtype: int64
2025-01-20 23:54:59 - INFO - Balance de clases tras SMOTETomek:
target
0.0    717
1.0    717
Name: count, dtype: int64
2025-01-20 23:55:00 - INFO - Balance de clases tras SMOTETomek:
target
1.0    724
0.0    724
Name: count, dtype: int64
2025-01-20 23:55:01 - INFO - Balance de clases tras SMOTETomek:
target
1.0    714
0.0    714
Name: count, dtype: int64
2025-01-20 23:55:02 - INFO - Balance de clases tras SMOTETomek:
target
1.0    724
0.0    724
Name: count, dtype: int64
2025-01-20 23:55:02 - INFO - Balance de clases tras SMOTETomek:
target
1.0    714
0.0    714
Name: count, dtype: int64
2025-01-20 23:55:04 - INFO - Balance de clases tras SMOTETomek:
target
1.0    714
0.0    714
Name: count, dtype: int64
2025-01-20 23:55:04 - INFO - Balance de clases tras SMOTETomek:
target
1.0    719
0.0    719
Name: count, dtype: int64
2025-01-20 23:55:06 - INFO - Balance de clases tras SMOTETomek:
target
0.0    717
1.0    717
Name: count, dtype: int64
2025-01-20 23:55:06 - INFO - Balance de clases tras SMOTETomek:
target
1.0    719
0.0    719
Name: count, dtype: int64
2025-01-20 23:55:08 - INFO - Balance de clases tras SMOTETomek:
target
1.0    714
0.0    714
Name: count, dtype: int64
2025-01-20 23:55:08 - INFO - Balance de clases tras SMOTETomek:
target
0.0    717
1.0    717
Name: count, dtype: int64
2025-01-20 23:55:09 - INFO - Balance de clases tras SMOTETomek:
target
1.0    724
0.0    724
Name: count, dtype: int64
2025-01-20 23:55:10 - INFO - Balance de clases tras SMOTETomek:
target
1.0    714
0.0    714
Name: count, dtype: int64
2025-01-20 23:55:11 - INFO - Balance de clases tras SMOTETomek:
target
1.0    714
0.0    714
Name: count, dtype: int64
2025-01-20 23:55:12 - INFO - Balance de clases tras SMOTETomek:
target
1.0    719
0.0    719
Name: count, dtype: int64
2025-01-20 23:55:12 - INFO - Balance de clases tras SMOTETomek:
target
1.0    724
0.0    724
Name: count, dtype: int64
2025-01-20 23:55:13 - INFO - Balance de clases tras SMOTETomek:
target
0.0    717
1.0    717
Name: count, dtype: int64
2025-01-20 23:55:14 - INFO - Balance de clases tras SMOTETomek:
target
1.0    714
0.0    714
Name: count, dtype: int64
2025-01-20 23:55:15 - INFO - Balance de clases tras SMOTETomek:
target
1.0    714
0.0    714
Name: count, dtype: int64
2025-01-20 23:55:15 - INFO - Balance de clases tras SMOTETomek:
target
1.0    724
0.0    724
Name: count, dtype: int64
2025-01-20 23:55:16 - INFO - Balance de clases tras SMOTETomek:
target
1.0    714
0.0    714
Name: count, dtype: int64
2025-01-20 23:55:17 - INFO - Balance de clases tras SMOTETomek:
target
1.0    719
0.0    719
Name: count, dtype: int64
2025-01-20 23:55:18 - INFO - Balance de clases tras SMOTETomek:
target
1.0    719
0.0    719
Name: count, dtype: int64
2025-01-20 23:55:20 - INFO - Balance de clases tras SMOTETomek:
target
0.0    717
1.0    717
Name: count, dtype: int64
2025-01-20 23:55:21 - INFO - Balance de clases tras SMOTETomek:
target
0.0    717
1.0    717
Name: count, dtype: int64
2025-01-20 23:55:22 - INFO - Balance de clases tras SMOTETomek:
target
1.0    714
0.0    714
Name: count, dtype: int64
2025-01-20 23:55:23 - INFO - Balance de clases tras SMOTETomek:
target
1.0    714
0.0    714
Name: count, dtype: int64
2025-01-20 23:55:25 - INFO - Balance de clases tras SMOTETomek:
target
1.0    724
0.0    724
Name: count, dtype: int64
2025-01-20 23:55:26 - INFO - Balance de clases tras SMOTETomek:
target
1.0    724
0.0    724
Name: count, dtype: int64
2025-01-20 23:55:27 - INFO - Balance de clases tras SMOTETomek:
target
1.0    714
0.0    714
Name: count, dtype: int64
2025-01-20 23:55:28 - INFO - Balance de clases tras SMOTETomek:
target
1.0    714
0.0    714
Name: count, dtype: int64
2025-01-20 23:55:29 - INFO - Balance de clases tras SMOTETomek:
target
1.0    719
0.0    719
Name: count, dtype: int64
2025-01-20 23:55:29 - INFO - Balance de clases tras SMOTETomek:
target
1.0    719
0.0    719
Name: count, dtype: int64
2025-01-20 23:55:30 - INFO - Balance de clases tras SMOTETomek:
target
0.0    717
1.0    717
Name: count, dtype: int64
2025-01-20 23:55:31 - INFO - Balance de clases tras SMOTETomek:
target
1.0    714
0.0    714
Name: count, dtype: int64
2025-01-20 23:55:32 - INFO - Balance de clases tras SMOTETomek:
target
0.0    717
1.0    717
Name: count, dtype: int64
2025-01-20 23:55:32 - INFO - Balance de clases tras SMOTETomek:
target
1.0    724
0.0    724
Name: count, dtype: int64
2025-01-20 23:55:33 - INFO - Balance de clases tras SMOTETomek:
target
1.0    714
0.0    714
Name: count, dtype: int64
2025-01-20 23:55:34 - INFO - Balance de clases tras SMOTETomek:
target
1.0    714
0.0    714
Name: count, dtype: int64
2025-01-20 23:55:36 - INFO - Balance de clases tras SMOTETomek:
target
1.0    719
0.0    719
Name: count, dtype: int64
2025-01-20 23:55:37 - INFO - Balance de clases tras SMOTETomek:
target
1.0    724
0.0    724
Name: count, dtype: int64
2025-01-20 23:55:38 - INFO - Balance de clases tras SMOTETomek:
target
0.0    717
1.0    717
Name: count, dtype: int64
2025-01-20 23:55:39 - INFO - Balance de clases tras SMOTETomek:
target
1.0    714
0.0    714
Name: count, dtype: int64
2025-01-20 23:55:41 - INFO - Balance de clases tras SMOTETomek:
target
1.0    714
0.0    714
Name: count, dtype: int64
2025-01-20 23:55:42 - INFO - Balance de clases tras SMOTETomek:
target
1.0    719
0.0    719
Name: count, dtype: int64
2025-01-20 23:55:43 - INFO - Balance de clases tras SMOTETomek:
target
1.0    724
0.0    724
Name: count, dtype: int64
2025-01-20 23:55:45 - INFO - Balance de clases tras SMOTETomek:
target
0.0    717
1.0    717
Name: count, dtype: int64
2025-01-20 23:55:46 - INFO - Balance de clases tras SMOTETomek:
target
1.0    714
0.0    714
Name: count, dtype: int64
2025-01-20 23:55:48 - INFO - Balance de clases tras SMOTETomek:
target
1.0    714
0.0    714
Name: count, dtype: int64
2025-01-20 23:55:49 - INFO - Balance de clases tras SMOTETomek:
target
1.0    719
0.0    719
Name: count, dtype: int64
2025-01-20 23:55:51 - INFO - Balance de clases tras SMOTETomek:
target
1.0    724
0.0    724
Name: count, dtype: int64
2025-01-20 23:55:52 - INFO - Balance de clases tras SMOTETomek:
target
0.0    717
1.0    717
Name: count, dtype: int64
2025-01-20 23:55:54 - INFO - Balance de clases tras SMOTETomek:
target
1.0    714
0.0    714
Name: count, dtype: int64
2025-01-20 23:55:54 - INFO - Balance de clases tras SMOTETomek:
target
1.0    714
0.0    714
Name: count, dtype: int64
2025-01-20 23:55:56 - INFO - Balance de clases tras SMOTETomek:
target
1.0    719
0.0    719
Name: count, dtype: int64
2025-01-20 23:55:57 - INFO - Balance de clases tras SMOTETomek:
target
1.0    724
0.0    724
Name: count, dtype: int64
2025-01-20 23:55:59 - INFO - Balance de clases tras SMOTETomek:
target
0.0    717
1.0    717
Name: count, dtype: int64
2025-01-20 23:55:59 - INFO - Balance de clases tras SMOTETomek:
target
1.0    714
0.0    714
Name: count, dtype: int64
2025-01-20 23:56:01 - INFO - Balance de clases tras SMOTETomek:
target
1.0    714
0.0    714
Name: count, dtype: int64
2025-01-20 23:56:01 - INFO - Balance de clases tras SMOTETomek:
target
1.0    719
0.0    719
Name: count, dtype: int64
2025-01-20 23:56:03 - INFO - Balance de clases tras SMOTETomek:
target
0.0    717
1.0    717
Name: count, dtype: int64
2025-01-20 23:56:03 - INFO - Balance de clases tras SMOTETomek:
target
1.0    724
0.0    724
Name: count, dtype: int64
2025-01-20 23:56:06 - INFO - Balance de clases tras SMOTETomek:
target
1.0    714
0.0    714
Name: count, dtype: int64
2025-01-20 23:56:08 - INFO - Balance de clases tras SMOTETomek:
target
1.0    724
0.0    724
Name: count, dtype: int64
2025-01-20 23:56:10 - INFO - Mejor Precisión (clase=1): 0.8063
2025-01-20 23:56:10 - INFO - Mejores parámetros: {'max_depth': 10, 'learning_rate': 0.0678252487023079, 'n_estimators': 446, 'subsample': 0.7979509769797496, 'colsample_bytree': 0.811936941601706, 'gamma': 0.031234025977847475, 'reg_alpha': 0.4534409596084452, 'reg_lambda': 0.7288740671733834}
2025-01-20 23:56:10 - INFO - === Entrenando Pipeline Final con TODO el Training ===
2025-01-20 23:56:10 - INFO - Columnas extra eliminadas: ['future_close', 'change_pct']
2025-01-20 23:56:10 - INFO - Dataset preparado: 1950 filas, 21 features (después de imputación).
2025-01-20 23:56:10 - INFO - Balance de clases tras SMOTETomek:
target
1.0    1006
0.0    1006
Name: count, dtype: int64
2025-01-20 23:56:12 - INFO - Pipeline final entrenado con scale_pos_weight=1.00
2025-01-20 23:56:12 - INFO - Pipeline completo guardado en: ./results/XGBoost_Binario_trained_pipeline.joblib
2025-01-20 23:56:12 - INFO - Parámetros guardados en: ./results/XGBoost_Binario_model_params.txt
2025-01-20 23:56:12 - INFO - Lista de features guardada en: ./results/XGBoost_Binario_feature_cols.txt
2025-01-20 23:56:12 - INFO - Columnas de indicadores existentes eliminadas: ['RSI', 'MACD', 'MACDs', 'MACDh', 'OBV', 'BBL', 'BBM', 'BBU', 'STOCHk', 'STOCHd', 'CCI', 'SMA_10', 'SMA_50', 'SMA_200', 'EMA_10', 'EMA_50']
2025-01-20 23:56:12 - INFO - Indicadores técnicos agregados. Filas antes: 1050, después: 851 (descartadas: 199)
2025-01-20 23:56:12 - INFO - Columnas renombradas: {'RSI_14': 'RSI', 'MACD_12_26_9': 'MACD', 'MACDs_12_26_9': 'MACDs', 'MACDh_12_26_9': 'MACDh', 'BBL_20_2.0': 'BBL', 'BBM_20_2.0': 'BBM', 'BBU_20_2.0': 'BBU', 'STOCHk_14_3_3': 'STOCHk', 'STOCHd_14_3_3': 'STOCHd', 'CCI_14_0.015': 'CCI', 'SMA_10': 'SMA_10', 'SMA_50': 'SMA_50', 'SMA_200': 'SMA_200', 'EMA_10': 'EMA_10', 'EMA_50': 'EMA_50'}
2025-01-20 23:56:12 - INFO - Target binario con look_ahead=4, min_change=0.03
2025-01-20 23:56:12 - INFO - Distribución de clases (0=Vender, 1=Comprar):
target
1.0    319
0.0    315
Name: count, dtype: int64
2025-01-20 23:56:12 - INFO - Muestra de datos con target:
                        close  future_close  change_pct  target
open_time                                                      
2021-09-26 09:00:00  41509.90      44906.00    0.081814     1.0
2021-05-24 19:00:00  38167.19      40119.99    0.051164     1.0
2023-03-03 00:30:00  23408.99      22439.78   -0.041403     0.0
2022-03-16 01:30:00  39249.36      40964.09    0.043688     1.0
2022-11-14 13:15:00  17148.37      19865.09    0.158424     1.0
2022-11-08 16:45:00  20371.06      19342.67   -0.050483     0.0
2022-03-16 01:00:00  39214.82      41403.68    0.055817     1.0
2021-05-17 05:15:00  42940.97      45321.02    0.055426     1.0
2022-02-28 21:30:00  41554.54      39333.35   -0.053452     0.0
2021-01-22 01:15:00  29501.42      31546.23    0.069312     1.0
2025-01-20 23:56:12 - INFO - Columnas extra eliminadas: ['change_pct', 'future_close']
2025-01-20 23:56:12 - INFO - Dataset preparado: 634 filas, 21 features (después de imputación).
2025-01-20 23:56:12 - INFO - === Evaluación en Test ===
2025-01-20 23:56:12 - INFO - Matriz de confusión [0=Vender, 1=Comprar]:
[[195 120]
 [201 118]]
2025-01-20 23:56:12 - INFO - Reporte de Clasificación:
              precision    recall  f1-score   support

      Vender       0.49      0.62      0.55       315
     Comprar       0.50      0.37      0.42       319

    accuracy                           0.49       634
   macro avg       0.49      0.49      0.49       634
weighted avg       0.49      0.49      0.49       634

2025-01-20 23:56:12 - INFO - Precision (clase=1): 0.4958
2025-01-20 23:56:12 - INFO - F1 (clase=1): 0.4237
2025-01-20 23:56:12 - INFO - Recall (clase=1): 0.3699
2025-01-20 23:56:12 - INFO - Balanced Accuracy: 0.4945
2025-01-20 23:56:12 - INFO - MCC: -0.0114
2025-01-20 23:56:12 - INFO - AUC: 0.4727
2025-01-20 23:56:13 - INFO - Precisión final en Test (clase=1): 0.4958
2025-01-20 23:56:13 - INFO - Importancia de características guardada en ./results/feature_importances_binary.csv.
2025-01-20 23:56:14 - INFO - Gráfico de importancia de características guardado.
2025-01-20 23:56:15 - INFO - Calculando valores SHAP...
2025-01-20 23:56:16 - INFO - SHAP analysis completado y guardado.
2025-01-20 23:56:16 - INFO - Señales generadas con umbral=0.57
2025-01-20 23:56:16 - INFO - Señales filtradas por tendencia.
2025-01-20 23:56:16 - INFO - Señales guardadas en: ./results/signals_binary.csv
2025-01-20 23:56:16 - INFO - === Proceso Completado con Éxito ===
