2025-01-29 19:22:11 - INFO - Datos cargados desde ML/data/processed/BTCUSDT_15m_processed.csv, filas: 257756
2025-01-29 19:22:11 - INFO - Columnas de indicadores existentes eliminadas: ['RSI', 'MACD', 'MACDs', 'MACDh', 'OBV', 'BBL', 'BBM', 'BBU', 'SMA_10', 'SMA_50', 'EMA_10', 'EMA_50']
2025-01-29 19:22:11 - INFO - Indicadores técnicos agregados. Filas antes: 257756, después: 257557 (descartadas: 199)
2025-01-29 19:22:11 - INFO - Columnas renombradas: {'RSI_14': 'RSI', 'MACD_12_26_9': 'MACD', 'MACDs_12_26_9': 'MACDs', 'MACDh_12_26_9': 'MACDh', 'BBL_20_2.0': 'BBL', 'BBM_20_2.0': 'BBM', 'BBU_20_2.0': 'BBU', 'STOCHk_14_3_3': 'STOCHk', 'STOCHd_14_3_3': 'STOCHd', 'CCI_14_0.015': 'CCI', 'SMA_10': 'SMA_10', 'SMA_50': 'SMA_50', 'SMA_200': 'SMA_200', 'EMA_10': 'EMA_10', 'EMA_50': 'EMA_50'}
2025-01-29 19:22:11 - INFO - Target binario con look_ahead=2, min_change=0.026
2025-01-29 19:22:11 - INFO - Distribución de clases (0=Vender, 1=Comprar):
target
0.0    934
1.0    862
Name: count, dtype: int64
2025-01-29 19:22:11 - INFO - Muestra de datos con target:
                        close  future_close  change_pct  target
open_time                                                      
2017-10-18 13:30:00   5232.95       5042.24   -0.036444     0.0
2017-12-31 05:15:00  13058.11      12650.00   -0.031253     0.0
2017-12-18 00:15:00  18500.00      17849.98   -0.035136     0.0
2023-03-14 12:30:00  25457.68      26228.21    0.030267     1.0
2017-11-02 12:00:00   6760.97       6958.00    0.029142     1.0
2021-05-20 00:45:00  35817.31      37173.08    0.037852     1.0
2018-02-06 19:15:00   7302.80       7544.93    0.033156     1.0
2017-11-29 13:30:00  10878.04      11217.47    0.031203     1.0
2017-11-30 10:15:00   9733.06       9402.15   -0.033999     0.0
2022-06-18 06:30:00  20400.00      19498.59   -0.044187     0.0
2025-01-29 19:22:11 - INFO - División de datos en Train/Test completada.
2025-01-29 19:22:11 - INFO - === Búsqueda de hiperparámetros (Optuna) en muestra de Training ===
2025-01-29 19:22:11 - INFO - No se han identificado características categóricas.
2025-01-29 19:22:11 - INFO - Columnas extra eliminadas: ['future_close', 'change_pct']
2025-01-29 19:22:11 - INFO - Dataset preparado: 1050 filas, 21 features (después de imputación).
2025-01-29 19:22:11 - INFO - Iniciando optimización en Optuna (precisión clase=1)...
2025-01-29 19:22:12 - INFO - Balance de clases tras SMOTETomek:
target
0.0    384
1.0    384
Name: count, dtype: int64
2025-01-29 19:22:12 - INFO - Balance de clases tras SMOTETomek:
target
1.0    390
0.0    390
Name: count, dtype: int64
2025-01-29 19:22:12 - INFO - Balance de clases tras SMOTETomek:
target
0.0    378
1.0    378
Name: count, dtype: int64
2025-01-29 19:22:12 - INFO - Balance de clases tras SMOTETomek:
target
1.0    400
0.0    400
Name: count, dtype: int64
2025-01-29 19:22:13 - INFO - Balance de clases tras SMOTETomek:
target
1.0    397
0.0    397
Name: count, dtype: int64
2025-01-29 19:22:13 - INFO - Balance de clases tras SMOTETomek:
target
0.0    384
1.0    384
Name: count, dtype: int64
2025-01-29 19:22:13 - INFO - Balance de clases tras SMOTETomek:
target
1.0    390
0.0    390
Name: count, dtype: int64
2025-01-29 19:22:14 - INFO - Balance de clases tras SMOTETomek:
target
0.0    378
1.0    378
Name: count, dtype: int64
2025-01-29 19:22:14 - INFO - Balance de clases tras SMOTETomek:
target
1.0    400
0.0    400
Name: count, dtype: int64
2025-01-29 19:22:15 - INFO - Balance de clases tras SMOTETomek:
target
1.0    397
0.0    397
Name: count, dtype: int64
2025-01-29 19:22:15 - INFO - Balance de clases tras SMOTETomek:
target
0.0    384
1.0    384
Name: count, dtype: int64
2025-01-29 19:22:16 - INFO - Balance de clases tras SMOTETomek:
target
1.0    390
0.0    390
Name: count, dtype: int64
2025-01-29 19:22:16 - INFO - Balance de clases tras SMOTETomek:
target
0.0    378
1.0    378
Name: count, dtype: int64
2025-01-29 19:22:17 - INFO - Balance de clases tras SMOTETomek:
target
1.0    400
0.0    400
Name: count, dtype: int64
2025-01-29 19:22:18 - INFO - Balance de clases tras SMOTETomek:
target
1.0    397
0.0    397
Name: count, dtype: int64
2025-01-29 19:22:18 - INFO - Mejor Precisión (clase=1): 0.6539
2025-01-29 19:22:18 - INFO - Mejores parámetros: {'max_depth': 12, 'learning_rate': 0.008106915413271288, 'n_estimators': 212, 'subsample': 0.6453011279660263, 'colsample_bytree': 0.6528408159783664, 'gamma': 0.03711031498483863, 'reg_alpha': 0.08198783075111105, 'reg_lambda': 0.2134399510803413}
2025-01-29 19:22:18 - INFO - === Entrenando Pipeline Final con TODO el Training ===
2025-01-29 19:22:18 - INFO - Columnas extra eliminadas: ['future_close', 'change_pct']
2025-01-29 19:22:18 - INFO - Dataset preparado: 1167 filas, 21 features (después de imputación).
2025-01-29 19:22:18 - INFO - Balance de clases tras SMOTETomek:
target
1.0    561
0.0    561
Name: count, dtype: int64
2025-01-29 19:22:19 - INFO - Pipeline final entrenado con scale_pos_weight=1.00
2025-01-29 19:22:19 - INFO - Pipeline completo guardado en: .ML/results/XGBoost_Binario_trained_pipeline.joblib
2025-01-29 19:22:19 - INFO - Parámetros guardados en: .ML/results/XGBoost_Binario_model_params.txt
2025-01-29 19:22:19 - INFO - Lista de features guardada en: .ML/results/XGBoost_Binario_feature_cols.txt
2025-01-29 19:22:19 - INFO - Columnas de indicadores existentes eliminadas: ['RSI', 'MACD', 'MACDs', 'MACDh', 'OBV', 'BBL', 'BBM', 'BBU', 'STOCHk', 'STOCHd', 'CCI', 'SMA_10', 'SMA_50', 'SMA_200', 'EMA_10', 'EMA_50']
2025-01-29 19:22:19 - INFO - Indicadores técnicos agregados. Filas antes: 629, después: 430 (descartadas: 199)
2025-01-29 19:22:19 - INFO - Columnas renombradas: {'RSI_14': 'RSI', 'MACD_12_26_9': 'MACD', 'MACDs_12_26_9': 'MACDs', 'MACDh_12_26_9': 'MACDh', 'BBL_20_2.0': 'BBL', 'BBM_20_2.0': 'BBM', 'BBU_20_2.0': 'BBU', 'STOCHk_14_3_3': 'STOCHk', 'STOCHd_14_3_3': 'STOCHd', 'CCI_14_0.015': 'CCI', 'SMA_10': 'SMA_10', 'SMA_50': 'SMA_50', 'SMA_200': 'SMA_200', 'EMA_10': 'EMA_10', 'EMA_50': 'EMA_50'}
2025-01-29 19:22:19 - INFO - Target binario con look_ahead=2, min_change=0.026
2025-01-29 19:22:19 - INFO - Distribución de clases (0=Vender, 1=Comprar):
target
1.0    166
0.0    155
Name: count, dtype: int64
2025-01-29 19:22:19 - INFO - Muestra de datos con target:
                        close  future_close  change_pct  target
open_time                                                      
2021-05-19 12:00:00  38734.99      36433.00   -0.059429     0.0
2022-11-11 13:45:00  17303.82      16461.55   -0.048675     0.0
2021-02-23 12:15:00  46441.27      48915.53    0.053277     1.0
2022-06-14 07:00:00  22257.64      20619.17   -0.073614     0.0
2021-05-23 15:30:00  33194.87      32282.51   -0.027485     0.0
2022-05-11 12:15:00  31572.42      29286.77   -0.072394     0.0
2023-08-17 21:15:00  27672.95      26052.00   -0.058575     0.0
2021-05-20 15:45:00  41432.88      39641.80   -0.043228     0.0
2021-02-08 13:00:00  42513.54      46516.39    0.094155     1.0
2024-04-13 19:15:00  67048.81      64788.01   -0.033719     0.0
2025-01-29 19:22:19 - INFO - Columnas extra eliminadas: ['change_pct', 'future_close']
2025-01-29 19:22:19 - INFO - Dataset preparado: 321 filas, 21 features (después de imputación).
2025-01-29 19:22:19 - INFO - === Evaluación en Test ===
2025-01-29 19:22:19 - INFO - Matriz de confusión [0=Vender, 1=Comprar]:
[[83 72]
 [92 74]]
2025-01-29 19:22:19 - INFO - Reporte de Clasificación:
              precision    recall  f1-score   support

      Vender       0.47      0.54      0.50       155
     Comprar       0.51      0.45      0.47       166

    accuracy                           0.49       321
   macro avg       0.49      0.49      0.49       321
weighted avg       0.49      0.49      0.49       321

2025-01-29 19:22:19 - INFO - Precision (clase=1): 0.5068
2025-01-29 19:22:19 - INFO - F1 (clase=1): 0.4744
2025-01-29 19:22:19 - INFO - Recall (clase=1): 0.4458
2025-01-29 19:22:19 - INFO - Balanced Accuracy: 0.4906
2025-01-29 19:22:19 - INFO - MCC: -0.0188
2025-01-29 19:22:19 - INFO - AUC: 0.4924
2025-01-29 19:22:20 - INFO - Precisión final en Test (clase=1): 0.5068
2025-01-29 19:22:20 - INFO - Importancia de características guardada en .ML/results/feature_importances_binary.csv.
2025-01-29 19:22:21 - INFO - Gráfico de importancia de características guardado.
2025-01-29 19:22:22 - INFO - Calculando valores SHAP...
2025-01-29 19:22:23 - INFO - SHAP analysis completado y guardado.
2025-01-29 19:22:23 - INFO - Señales generadas con umbral=0.61
2025-01-29 19:22:23 - INFO - Señales filtradas por tendencia.
2025-01-29 19:22:23 - INFO - Señales guardadas en: .ML/results/signals_binary.csv
2025-01-29 19:22:23 - INFO - === Proceso Completado con Éxito ===
