2025-01-29 19:34:58 - INFO - Datos cargados desde ML/data/processed/BTCUSDT_15m_processed.csv, filas: 257756
2025-01-29 19:34:58 - INFO - Columnas de indicadores existentes eliminadas: ['RSI', 'MACD', 'MACDs', 'MACDh', 'OBV', 'BBL', 'BBM', 'BBU', 'SMA_10', 'SMA_50', 'EMA_10', 'EMA_50']
2025-01-29 19:34:58 - INFO - Indicadores técnicos agregados. Filas antes: 257756, después: 257557 (descartadas: 199)
2025-01-29 19:34:58 - INFO - Columnas renombradas: {'RSI_14': 'RSI', 'MACD_12_26_9': 'MACD', 'MACDs_12_26_9': 'MACDs', 'MACDh_12_26_9': 'MACDh', 'BBL_20_2.0': 'BBL', 'BBM_20_2.0': 'BBM', 'BBU_20_2.0': 'BBU', 'STOCHk_14_3_3': 'STOCHk', 'STOCHd_14_3_3': 'STOCHd', 'CCI_14_0.015': 'CCI', 'SMA_10': 'SMA_10', 'SMA_50': 'SMA_50', 'SMA_200': 'SMA_200', 'EMA_10': 'EMA_10', 'EMA_50': 'EMA_50'}
2025-01-29 19:34:58 - INFO - Target binario con look_ahead=3, min_change=0.032
2025-01-29 19:34:58 - INFO - Distribución de clases (0=Vender, 1=Comprar):
target
0.0    908
1.0    801
Name: count, dtype: int64
2025-01-29 19:34:58 - INFO - Muestra de datos con target:
                        close  future_close  change_pct  target
open_time                                                      
2021-05-20 22:30:00  39641.80      40987.61    0.033949     1.0
2018-01-19 01:45:00  11186.05      10650.00   -0.047921     0.0
2017-12-23 13:15:00  14240.00      14782.46    0.038094     1.0
2018-02-21 13:15:00  10918.51      10568.97   -0.032014     0.0
2018-01-10 14:45:00  13630.00      14198.00    0.041673     1.0
2017-12-20 02:00:00  16400.00      17200.00    0.048780     1.0
2021-10-01 09:30:00  44944.00      46497.67    0.034569     1.0
2017-12-19 10:45:00  16852.00      17663.97    0.048182     1.0
2019-01-10 15:30:00   3717.03       3554.67   -0.043680     0.0
2018-02-21 03:15:00  11054.58      10666.12   -0.035140     0.0
2025-01-29 19:34:58 - INFO - División de datos en Train/Test completada.
2025-01-29 19:34:58 - INFO - === Búsqueda de hiperparámetros (Optuna) en muestra de Training ===
2025-01-29 19:34:58 - INFO - No se han identificado características categóricas.
2025-01-29 19:34:58 - INFO - Columnas extra eliminadas: ['future_close', 'change_pct']
2025-01-29 19:34:58 - INFO - Dataset preparado: 999 filas, 21 features (después de imputación).
2025-01-29 19:34:58 - INFO - Iniciando optimización en Optuna (precisión clase=1)...
2025-01-29 19:34:58 - INFO - Balance de clases tras SMOTETomek:
target
0.0    391
1.0    391
Name: count, dtype: int64
2025-01-29 19:34:58 - INFO - Balance de clases tras SMOTETomek:
target
0.0    389
1.0    389
Name: count, dtype: int64
2025-01-29 19:34:58 - INFO - Balance de clases tras SMOTETomek:
target
0.0    380
1.0    380
Name: count, dtype: int64
2025-01-29 19:34:59 - INFO - Balance de clases tras SMOTETomek:
target
0.0    381
1.0    381
Name: count, dtype: int64
2025-01-29 19:34:59 - INFO - Balance de clases tras SMOTETomek:
target
0.0    385
1.0    385
Name: count, dtype: int64
2025-01-29 19:34:59 - INFO - Balance de clases tras SMOTETomek:
target
0.0    391
1.0    391
Name: count, dtype: int64
2025-01-29 19:34:59 - INFO - Balance de clases tras SMOTETomek:
target
0.0    389
1.0    389
Name: count, dtype: int64
2025-01-29 19:34:59 - INFO - Balance de clases tras SMOTETomek:
target
0.0    380
1.0    380
Name: count, dtype: int64
2025-01-29 19:35:00 - INFO - Balance de clases tras SMOTETomek:
target
0.0    381
1.0    381
Name: count, dtype: int64
2025-01-29 19:35:00 - INFO - Balance de clases tras SMOTETomek:
target
0.0    385
1.0    385
Name: count, dtype: int64
2025-01-29 19:35:00 - INFO - Balance de clases tras SMOTETomek:
target
0.0    391
1.0    391
Name: count, dtype: int64
2025-01-29 19:35:01 - INFO - Balance de clases tras SMOTETomek:
target
0.0    389
1.0    389
Name: count, dtype: int64
2025-01-29 19:35:01 - INFO - Balance de clases tras SMOTETomek:
target
0.0    380
1.0    380
Name: count, dtype: int64
2025-01-29 19:35:02 - INFO - Balance de clases tras SMOTETomek:
target
0.0    381
1.0    381
Name: count, dtype: int64
2025-01-29 19:35:02 - INFO - Balance de clases tras SMOTETomek:
target
0.0    385
1.0    385
Name: count, dtype: int64
2025-01-29 19:35:03 - INFO - Balance de clases tras SMOTETomek:
target
0.0    391
1.0    391
Name: count, dtype: int64
2025-01-29 19:35:03 - INFO - Balance de clases tras SMOTETomek:
target
0.0    389
1.0    389
Name: count, dtype: int64
2025-01-29 19:35:04 - INFO - Balance de clases tras SMOTETomek:
target
0.0    380
1.0    380
Name: count, dtype: int64
2025-01-29 19:35:04 - INFO - Balance de clases tras SMOTETomek:
target
0.0    381
1.0    381
Name: count, dtype: int64
2025-01-29 19:35:05 - INFO - Balance de clases tras SMOTETomek:
target
0.0    385
1.0    385
Name: count, dtype: int64
2025-01-29 19:35:06 - INFO - Mejor Precisión (clase=1): 0.7182
2025-01-29 19:35:06 - INFO - Mejores parámetros: {'max_depth': 20, 'learning_rate': 0.02042361883931737, 'n_estimators': 453, 'subsample': 0.7449901522906055, 'colsample_bytree': 0.7338741270742777, 'gamma': 0.38057243869694113, 'reg_alpha': 0.4016406919272847, 'reg_lambda': 0.6793248321388419}
2025-01-29 19:35:06 - INFO - === Entrenando Pipeline Final con TODO el Training ===
2025-01-29 19:35:06 - INFO - Columnas extra eliminadas: ['future_close', 'change_pct']
2025-01-29 19:35:06 - INFO - Dataset preparado: 1110 filas, 21 features (después de imputación).
2025-01-29 19:35:06 - INFO - Balance de clases tras SMOTETomek:
target
0.0    558
1.0    558
Name: count, dtype: int64
2025-01-29 19:35:07 - INFO - Pipeline final entrenado con scale_pos_weight=1.00
2025-01-29 19:35:07 - INFO - Pipeline completo guardado en: .ML/results/XGBoost_Binario_trained_pipeline.joblib
2025-01-29 19:35:07 - INFO - Parámetros guardados en: .ML/results/XGBoost_Binario_model_params.txt
2025-01-29 19:35:07 - INFO - Lista de features guardada en: .ML/results/XGBoost_Binario_feature_cols.txt
2025-01-29 19:35:07 - INFO - Columnas de indicadores existentes eliminadas: ['RSI', 'MACD', 'MACDs', 'MACDh', 'OBV', 'BBL', 'BBM', 'BBU', 'STOCHk', 'STOCHd', 'CCI', 'SMA_10', 'SMA_50', 'SMA_200', 'EMA_10', 'EMA_50']
2025-01-29 19:35:07 - INFO - Indicadores técnicos agregados. Filas antes: 599, después: 400 (descartadas: 199)
2025-01-29 19:35:07 - INFO - Columnas renombradas: {'RSI_14': 'RSI', 'MACD_12_26_9': 'MACD', 'MACDs_12_26_9': 'MACDs', 'MACDh_12_26_9': 'MACDh', 'BBL_20_2.0': 'BBL', 'BBM_20_2.0': 'BBM', 'BBU_20_2.0': 'BBU', 'STOCHk_14_3_3': 'STOCHk', 'STOCHd_14_3_3': 'STOCHd', 'CCI_14_0.015': 'CCI', 'SMA_10': 'SMA_10', 'SMA_50': 'SMA_50', 'SMA_200': 'SMA_200', 'EMA_10': 'EMA_10', 'EMA_50': 'EMA_50'}
2025-01-29 19:35:07 - INFO - Target binario con look_ahead=3, min_change=0.032
2025-01-29 19:35:07 - INFO - Distribución de clases (0=Vender, 1=Comprar):
target
0.0    148
1.0    146
Name: count, dtype: int64
2025-01-29 19:35:07 - INFO - Muestra de datos con target:
                        close  future_close  change_pct  target
open_time                                                      
2021-05-20 15:15:00  41724.15      39641.80   -0.049908     0.0
2021-02-04 08:15:00  38664.52      40370.99    0.044135     1.0
2022-08-19 05:45:00  22808.73      19747.25   -0.134224     0.0
2021-05-19 15:45:00  37318.52      40030.07    0.072660     1.0
2021-01-29 08:00:00  32456.42      35634.00    0.097903     1.0
2021-06-22 14:00:00  29458.45      31256.57    0.061039     1.0
2021-05-19 22:30:00  39350.00      37814.04   -0.039033     0.0
2021-12-04 04:30:00  51874.03      45903.12   -0.115104     0.0
2023-04-26 18:45:00  29741.53      28325.50   -0.047611     0.0
2021-01-13 02:15:00  32801.81      34750.02    0.059393     1.0
2025-01-29 19:35:07 - INFO - Columnas extra eliminadas: ['change_pct', 'future_close']
2025-01-29 19:35:07 - INFO - Dataset preparado: 294 filas, 21 features (después de imputación).
2025-01-29 19:35:07 - INFO - === Evaluación en Test ===
2025-01-29 19:35:07 - INFO - Matriz de confusión [0=Vender, 1=Comprar]:
[[99 49]
 [81 65]]
2025-01-29 19:35:07 - INFO - Reporte de Clasificación:
              precision    recall  f1-score   support

      Vender       0.55      0.67      0.60       148
     Comprar       0.57      0.45      0.50       146

    accuracy                           0.56       294
   macro avg       0.56      0.56      0.55       294
weighted avg       0.56      0.56      0.55       294

2025-01-29 19:35:07 - INFO - Precision (clase=1): 0.5702
2025-01-29 19:35:07 - INFO - F1 (clase=1): 0.5000
2025-01-29 19:35:07 - INFO - Recall (clase=1): 0.4452
2025-01-29 19:35:07 - INFO - Balanced Accuracy: 0.5571
2025-01-29 19:35:07 - INFO - MCC: 0.1171
2025-01-29 19:35:07 - INFO - AUC: 0.5394
2025-01-29 19:35:08 - INFO - Precisión final en Test (clase=1): 0.5702
2025-01-29 19:35:08 - INFO - Importancia de características guardada en .ML/results/feature_importances_binary.csv.
2025-01-29 19:35:08 - INFO - Gráfico de importancia de características guardado.
2025-01-29 19:35:09 - INFO - Calculando valores SHAP...
2025-01-29 19:35:10 - INFO - SHAP analysis completado y guardado.
2025-01-29 19:35:10 - INFO - Señales generadas con umbral=0.6
2025-01-29 19:35:10 - INFO - Señales filtradas por tendencia.
2025-01-29 19:35:10 - INFO - Señales guardadas en: .ML/results/signals_binary.csv
2025-01-29 19:35:10 - INFO - === Proceso Completado con Éxito ===
