2025-01-03 01:32:43 - INFO - Datos cargados desde ML/data/processed/BTCUSDT_15m_processed.csv, filas: 251947
2025-01-03 01:32:43 - INFO - Columnas de indicadores técnicos existentes eliminadas: ['OBV']
2025-01-03 01:32:44 - INFO - Indicadores técnicos agregados al DataFrame. Filas antes: 251947, después: 251898
2025-01-03 01:32:44 - INFO - Columnas después de agregar indicadores técnicos: ['open', 'high', 'low', 'close', 'volume', 'close_time', 'quote_asset_volume', 'number_of_trades', 'taker_buy_base_asset_volume', 'taker_buy_quote_asset_volume', 'ignore', 'RSI_14', 'MACD_12_26_9', 'MACDh_12_26_9', 'MACDs_12_26_9', 'SMA_10', 'SMA_50', 'EMA_10', 'EMA_50', 'VWAP_D', 'BBL_20_2.0', 'BBM_20_2.0', 'BBU_20_2.0', 'BBB_20_2.0', 'BBP_20_2.0', 'ATRr_14', 'STOCHk_14_3_3', 'STOCHd_14_3_3', 'CCI_14_0.015', 'hour_of_day', 'day_of_week', 'is_weekend', 'RSI_14_', 'MACD_12_26_9_', 'MACDh_12_26_9_', 'MACDs_12_26_9_', 'SMA_10_', 'SMA_50_', 'EMA_10_', 'EMA_50_', 'VWAP_D_', 'OBV_', 'BBL_20_2.0_', 'BBM_20_2.0_', 'BBU_20_2.0_', 'BBB_20_2.0_', 'BBP_20_2.0_', 'ATRr_14_', 'STOCHk_14_3_3_', 'STOCHd_14_3_3_', 'CCI_14_0.015_']
2025-01-03 01:32:44 - INFO - Columnas renombradas: {'RSI_14': 'RSI', 'RSI_14_': 'RSI_', 'MACD_12_26_9': 'MACD', 'MACD_12_26_9_': 'MACD_', 'MACDh_12_26_9': 'MACDh', 'MACDh_12_26_9_': 'MACDh_', 'MACDs_12_26_9': 'MACDs', 'MACDs_12_26_9_': 'MACDs_', 'VWAP_D': 'VWAP', 'VWAP_D_': 'VWAP_', 'BBL_20_2.0': 'BBL', 'BBL_20_2.0_': 'BBL_', 'BBM_20_2.0': 'BBM', 'BBM_20_2.0_': 'BBM_', 'BBU_20_2.0': 'BBU', 'BBU_20_2.0_': 'BBU_', 'ATRr_14': 'ATR', 'ATRr_14_': 'ATR_', 'STOCHk_14_3_3': 'STOCHk', 'STOCHk_14_3_3_': 'STOCHk_', 'STOCHd_14_3_3': 'STOCHd', 'STOCHd_14_3_3_': 'STOCHd_', 'CCI_14_0.015': 'CCI', 'CCI_14_0.015_': 'CCI_'}
2025-01-03 01:32:44 - INFO - Columnas duplicadas eliminadas: ['RSI_', 'MACD_', 'MACDh_', 'MACDs_', 'SMA_10_', 'SMA_50_', 'EMA_10_', 'EMA_50_', 'VWAP_', 'OBV_', 'BBL_', 'BBM_', 'BBU_', 'BBB_20_2.0_', 'BBP_20_2.0_', 'ATR_', 'STOCHk_', 'STOCHd_', 'CCI_']
2025-01-03 01:32:44 - WARNING - La columna 'OBV' no está presente después de agregar indicadores. Añadiendo 'OBV' con valor 0.
2025-01-03 01:32:44 - INFO - Target binario mejorado con look_ahead=48, min_change=0.007, max_change=0.12
2025-01-03 01:32:44 - INFO - Distribución de clases (0/1):
target
0    171420
1     79541
Name: count, dtype: int64
2025-01-03 01:32:44 - INFO - División de datos en train y test completada.
2025-01-03 01:32:44 - INFO - === Buscando hiperparámetros (Optuna) en una muestra del training ===
2025-01-03 01:32:44 - INFO - Características utilizadas: ['open', 'high', 'low', 'close', 'volume', 'hour_of_day', 'day_of_week', 'is_weekend', 'RSI', 'MACD', 'MACDs', 'MACDh', 'SMA_10', 'SMA_50', 'EMA_10', 'EMA_50', 'VWAP', 'OBV', 'BBL', 'BBM', 'BBU', 'ATR', 'STOCHk', 'STOCHd', 'CCI']
2025-01-03 01:32:44 - INFO - No se han identificado características categóricas.
2025-01-03 01:32:44 - INFO - Columnas presentes en el DataFrame: ['open', 'high', 'low', 'close', 'volume', 'close_time', 'quote_asset_volume', 'number_of_trades', 'taker_buy_base_asset_volume', 'taker_buy_quote_asset_volume', 'ignore', 'RSI', 'MACD', 'MACDh', 'MACDs', 'SMA_10', 'SMA_50', 'EMA_10', 'EMA_50', 'VWAP', 'BBL', 'BBM', 'BBU', 'BBB_20_2.0', 'BBP_20_2.0', 'ATR', 'STOCHk', 'STOCHd', 'CCI', 'hour_of_day', 'day_of_week', 'is_weekend', 'OBV', 'future_close', 'change_pct', 'target']
2025-01-03 01:32:44 - INFO - Columnas eliminadas durante la preparación: ['close_time', 'quote_asset_volume', 'number_of_trades', 'taker_buy_base_asset_volume', 'taker_buy_quote_asset_volume', 'ignore', 'BBB_20_2.0', 'BBP_20_2.0', 'future_close', 'change_pct']
2025-01-03 01:32:44 - INFO - Conjunto de datos preparado con 43918 filas y 25 características.
2025-01-03 01:32:44 - INFO - Tipo de y_train_sample: <class 'pandas.core.series.Series'>
2025-01-03 01:32:44 - INFO - Shape de y_train_sample: (43918,)
2025-01-03 01:32:44 - INFO - Después de SMOTE: target
0    3951
1    3951
Name: count, dtype: int64
2025-01-03 01:32:44 - INFO - Después de SMOTE: target
0    3951
1    3951
Name: count, dtype: int64
2025-01-03 01:32:45 - INFO - Después de SMOTE: target
0    7746
1    7746
Name: count, dtype: int64
2025-01-03 01:32:46 - INFO - Después de SMOTE: target
0    7746
1    7746
Name: count, dtype: int64
2025-01-03 01:32:47 - INFO - Después de SMOTE: target
0    12060
1    12060
Name: count, dtype: int64
2025-01-03 01:32:48 - INFO - Después de SMOTE: target
0    16789
1    16789
Name: count, dtype: int64
2025-01-03 01:32:49 - INFO - Después de SMOTE: target
0    12060
1    12060
Name: count, dtype: int64
2025-01-03 01:32:50 - INFO - Después de SMOTE: target
0    21712
1    21712
Name: count, dtype: int64
2025-01-03 01:32:51 - INFO - Después de SMOTE: target
0    3951
1    3951
Name: count, dtype: int64
2025-01-03 01:32:52 - INFO - Después de SMOTE: target
0    16789
1    16789
Name: count, dtype: int64
2025-01-03 01:32:52 - INFO - Después de SMOTE: target
0    7746
1    7746
Name: count, dtype: int64
2025-01-03 01:32:53 - INFO - Después de SMOTE: target
0    12060
1    12060
Name: count, dtype: int64
2025-01-03 01:32:54 - INFO - Después de SMOTE: target
0    16789
1    16789
Name: count, dtype: int64
2025-01-03 01:32:55 - INFO - Después de SMOTE: target
0    21712
1    21712
Name: count, dtype: int64
2025-01-03 01:32:55 - INFO - Después de SMOTE: target
0    21712
1    21712
Name: count, dtype: int64
2025-01-03 01:32:56 - INFO - Después de SMOTE: target
0    3951
1    3951
Name: count, dtype: int64
2025-01-03 01:32:58 - INFO - Después de SMOTE: target
0    3951
1    3951
Name: count, dtype: int64
2025-01-03 01:32:58 - INFO - Después de SMOTE: target
0    7746
1    7746
Name: count, dtype: int64
2025-01-03 01:32:59 - INFO - Después de SMOTE: target
0    7746
1    7746
Name: count, dtype: int64
2025-01-03 01:32:59 - INFO - Después de SMOTE: target
0    12060
1    12060
Name: count, dtype: int64
2025-01-03 01:33:01 - INFO - Después de SMOTE: target
0    16789
1    16789
Name: count, dtype: int64
2025-01-03 01:33:02 - INFO - Después de SMOTE: target
0    21712
1    21712
Name: count, dtype: int64
2025-01-03 01:33:04 - INFO - Después de SMOTE: target
0    12060
1    12060
Name: count, dtype: int64
2025-01-03 01:33:04 - INFO - Después de SMOTE: target
0    3951
1    3951
Name: count, dtype: int64
2025-01-03 01:33:07 - INFO - Después de SMOTE: target
0    7746
1    7746
Name: count, dtype: int64
2025-01-03 01:33:10 - INFO - Después de SMOTE: target
0    12060
1    12060
Name: count, dtype: int64
2025-01-03 01:33:10 - INFO - Después de SMOTE: target
0    16789
1    16789
Name: count, dtype: int64
2025-01-03 01:33:13 - INFO - Después de SMOTE: target
0    16789
1    16789
Name: count, dtype: int64
2025-01-03 01:33:16 - INFO - Después de SMOTE: target
0    21712
1    21712
Name: count, dtype: int64
2025-01-03 01:33:16 - INFO - Después de SMOTE: target
0    21712
1    21712
Name: count, dtype: int64
2025-01-03 01:33:19 - INFO - Después de SMOTE: target
0    3951
1    3951
Name: count, dtype: int64
2025-01-03 01:33:19 - INFO - Después de SMOTE: target
0    7746
1    7746
Name: count, dtype: int64
2025-01-03 01:33:20 - INFO - Después de SMOTE: target
0    12060
1    12060
Name: count, dtype: int64
2025-01-03 01:33:21 - INFO - Después de SMOTE: target
0    3951
1    3951
Name: count, dtype: int64
2025-01-03 01:33:22 - INFO - Después de SMOTE: target
0    16789
1    16789
Name: count, dtype: int64
2025-01-03 01:33:23 - INFO - Después de SMOTE: target
0    7746
1    7746
Name: count, dtype: int64
2025-01-03 01:33:24 - INFO - Después de SMOTE: target
0    21712
1    21712
Name: count, dtype: int64
2025-01-03 01:33:25 - INFO - Después de SMOTE: target
0    3951
1    3951
Name: count, dtype: int64
2025-01-03 01:33:25 - INFO - Después de SMOTE: target
0    12060
1    12060
Name: count, dtype: int64
2025-01-03 01:33:25 - INFO - Después de SMOTE: target
0    7746
1    7746
Name: count, dtype: int64
2025-01-03 01:33:26 - INFO - Después de SMOTE: target
0    12060
1    12060
Name: count, dtype: int64
2025-01-03 01:33:27 - INFO - Después de SMOTE: target
0    16789
1    16789
Name: count, dtype: int64
2025-01-03 01:33:27 - INFO - Después de SMOTE: target
0    16789
1    16789
Name: count, dtype: int64
2025-01-03 01:33:28 - INFO - Después de SMOTE: target
0    21712
1    21712
Name: count, dtype: int64
2025-01-03 01:33:29 - INFO - Después de SMOTE: target
0    3951
1    3951
Name: count, dtype: int64
2025-01-03 01:33:30 - INFO - Después de SMOTE: target
0    7746
1    7746
Name: count, dtype: int64
2025-01-03 01:33:30 - INFO - Después de SMOTE: target
0    21712
1    21712
Name: count, dtype: int64
2025-01-03 01:33:31 - INFO - Después de SMOTE: target
0    12060
1    12060
Name: count, dtype: int64
2025-01-03 01:33:32 - INFO - Después de SMOTE: target
0    3951
1    3951
Name: count, dtype: int64
2025-01-03 01:33:33 - INFO - Después de SMOTE: target
0    16789
1    16789
Name: count, dtype: int64
2025-01-03 01:33:33 - INFO - Después de SMOTE: target
0    7746
1    7746
Name: count, dtype: int64
2025-01-03 01:33:34 - INFO - Después de SMOTE: target
0    21712
1    21712
Name: count, dtype: int64
2025-01-03 01:33:35 - INFO - Después de SMOTE: target
0    12060
1    12060
Name: count, dtype: int64
2025-01-03 01:33:36 - INFO - Después de SMOTE: target
0    3951
1    3951
Name: count, dtype: int64
2025-01-03 01:33:36 - INFO - Después de SMOTE: target
0    16789
1    16789
Name: count, dtype: int64
2025-01-03 01:33:36 - INFO - Después de SMOTE: target
0    7746
1    7746
Name: count, dtype: int64
2025-01-03 01:33:37 - INFO - Después de SMOTE: target
0    12060
1    12060
Name: count, dtype: int64
2025-01-03 01:33:38 - INFO - Después de SMOTE: target
0    21712
1    21712
Name: count, dtype: int64
2025-01-03 01:33:39 - INFO - Después de SMOTE: target
0    16789
1    16789
Name: count, dtype: int64
2025-01-03 01:33:39 - INFO - Después de SMOTE: target
0    3951
1    3951
Name: count, dtype: int64
2025-01-03 01:33:40 - INFO - Después de SMOTE: target
0    7746
1    7746
Name: count, dtype: int64
2025-01-03 01:33:40 - INFO - Después de SMOTE: target
0    21712
1    21712
Name: count, dtype: int64
2025-01-03 01:33:41 - INFO - Después de SMOTE: target
0    12060
1    12060
Name: count, dtype: int64
2025-01-03 01:33:42 - INFO - Después de SMOTE: target
0    3951
1    3951
Name: count, dtype: int64
2025-01-03 01:33:42 - INFO - Después de SMOTE: target
0    7746
1    7746
Name: count, dtype: int64
2025-01-03 01:33:42 - INFO - Después de SMOTE: target
0    16789
1    16789
Name: count, dtype: int64
2025-01-03 01:33:43 - INFO - Después de SMOTE: target
0    12060
1    12060
Name: count, dtype: int64
2025-01-03 01:33:44 - INFO - Después de SMOTE: target
0    21712
1    21712
Name: count, dtype: int64
2025-01-03 01:33:45 - INFO - Después de SMOTE: target
0    16789
1    16789
Name: count, dtype: int64
2025-01-03 01:33:45 - INFO - Después de SMOTE: target
0    3951
1    3951
Name: count, dtype: int64
2025-01-03 01:33:46 - INFO - Después de SMOTE: target
0    21712
1    21712
Name: count, dtype: int64
2025-01-03 01:33:46 - INFO - Después de SMOTE: target
0    7746
1    7746
Name: count, dtype: int64
2025-01-03 01:33:47 - INFO - Después de SMOTE: target
0    12060
1    12060
Name: count, dtype: int64
2025-01-03 01:33:47 - INFO - Después de SMOTE: target
0    3951
1    3951
Name: count, dtype: int64
2025-01-03 01:33:48 - INFO - Después de SMOTE: target
0    7746
1    7746
Name: count, dtype: int64
2025-01-03 01:33:48 - INFO - Después de SMOTE: target
0    16789
1    16789
Name: count, dtype: int64
2025-01-03 01:33:49 - INFO - Después de SMOTE: target
0    12060
1    12060
Name: count, dtype: int64
2025-01-03 01:33:50 - INFO - Después de SMOTE: target
0    21712
1    21712
Name: count, dtype: int64
2025-01-03 01:33:50 - INFO - Después de SMOTE: target
0    16789
1    16789
Name: count, dtype: int64
2025-01-03 01:33:51 - INFO - Después de SMOTE: target
0    21712
1    21712
Name: count, dtype: int64
2025-01-03 01:33:52 - INFO - Mejor valor de F1: 0.5088
2025-01-03 01:33:52 - INFO - Mejores parámetros: {'max_depth': 4, 'learning_rate': 0.0012269279050599415, 'n_estimators': 149, 'subsample': 0.815509604615922, 'colsample_bytree': 0.8623317171891676, 'gamma': 0.2314354951907846, 'reg_alpha': 0.030239326490028796, 'reg_lambda': 0.012333446542702166}
2025-01-03 01:33:52 - INFO - === Entrenando Pipeline Final con TODO el training ===
2025-01-03 01:33:52 - INFO - Columnas presentes en el DataFrame: ['open', 'high', 'low', 'close', 'volume', 'close_time', 'quote_asset_volume', 'number_of_trades', 'taker_buy_base_asset_volume', 'taker_buy_quote_asset_volume', 'ignore', 'RSI', 'MACD', 'MACDh', 'MACDs', 'SMA_10', 'SMA_50', 'EMA_10', 'EMA_50', 'VWAP', 'BBL', 'BBM', 'BBU', 'BBB_20_2.0', 'BBP_20_2.0', 'ATR', 'STOCHk', 'STOCHd', 'CCI', 'hour_of_day', 'day_of_week', 'is_weekend', 'OBV', 'future_close', 'change_pct', 'target']
2025-01-03 01:33:53 - INFO - Columnas eliminadas durante la preparación: ['close_time', 'quote_asset_volume', 'number_of_trades', 'taker_buy_base_asset_volume', 'taker_buy_quote_asset_volume', 'ignore', 'BBB_20_2.0', 'BBP_20_2.0', 'future_close', 'change_pct']
2025-01-03 01:33:53 - INFO - Conjunto de datos preparado con 175672 filas y 25 características.
2025-01-03 01:33:53 - INFO - Tipo de y_train_full: <class 'pandas.core.series.Series'>
2025-01-03 01:33:53 - INFO - Shape de y_train_full: (175672,)
2025-01-03 01:34:00 - INFO - Después de SMOTE: target
0    115918
1    115918
Name: count, dtype: int64
2025-01-03 01:34:00 - INFO - Balance de clases aplicado mediante SMOTE.
2025-01-03 01:34:03 - INFO - Pipeline final entrenado con todos los datos de entrenamiento (binario).
2025-01-03 01:34:03 - INFO - Pipeline completo guardado en: ./results/XGBoost_Binario_trained_pipeline.joblib
2025-01-03 01:34:03 - INFO - Parámetros guardados en: ./results/XGBoost_Binario_model_params.txt
2025-01-03 01:34:03 - INFO - Lista de features guardada en: ./results/XGBoost_Binario_feature_cols.txt
2025-01-03 01:34:03 - INFO - Columnas de indicadores técnicos existentes eliminadas: ['RSI', 'MACD', 'MACDs', 'MACDh', 'VWAP', 'OBV', 'BBL', 'BBM', 'BBU', 'ATR', 'STOCHk', 'STOCHd', 'CCI']
2025-01-03 01:34:03 - INFO - Indicadores técnicos agregados al DataFrame. Filas antes: 75289, después: 75240
2025-01-03 01:34:03 - INFO - Columnas después de agregar indicadores técnicos: ['open', 'high', 'low', 'close', 'volume', 'close_time', 'quote_asset_volume', 'number_of_trades', 'taker_buy_base_asset_volume', 'taker_buy_quote_asset_volume', 'ignore', 'SMA_10', 'SMA_50', 'EMA_10', 'EMA_50', 'BBB_20_2.0', 'BBP_20_2.0', 'hour_of_day', 'day_of_week', 'is_weekend', 'future_close', 'change_pct', 'target', 'RSI_14_', 'MACD_12_26_9_', 'MACDh_12_26_9_', 'MACDs_12_26_9_', 'SMA_10_', 'SMA_50_', 'EMA_10_', 'EMA_50_', 'VWAP_D_', 'OBV_', 'BBL_20_2.0_', 'BBM_20_2.0_', 'BBU_20_2.0_', 'BBB_20_2.0_', 'BBP_20_2.0_', 'ATRr_14_', 'STOCHk_14_3_3_', 'STOCHd_14_3_3_', 'CCI_14_0.015_']
2025-01-03 01:34:03 - INFO - Columnas renombradas: {'RSI_14_': 'RSI', 'MACD_12_26_9_': 'MACD', 'MACDh_12_26_9_': 'MACDh', 'MACDs_12_26_9_': 'MACDs', 'VWAP_D_': 'VWAP', 'BBL_20_2.0_': 'BBL', 'BBM_20_2.0_': 'BBM', 'BBU_20_2.0_': 'BBU', 'ATRr_14_': 'ATR', 'STOCHk_14_3_3_': 'STOCHk', 'STOCHd_14_3_3_': 'STOCHd', 'CCI_14_0.015_': 'CCI'}
2025-01-03 01:34:03 - INFO - Columnas duplicadas eliminadas: ['SMA_10_', 'SMA_50_', 'EMA_10_', 'EMA_50_', 'OBV_', 'BBB_20_2.0_', 'BBP_20_2.0_']
2025-01-03 01:34:03 - WARNING - La columna 'OBV' no está presente después de agregar indicadores. Añadiendo 'OBV' con valor 0.
2025-01-03 01:34:03 - INFO - Target binario mejorado con look_ahead=48, min_change=0.007, max_change=0.12
2025-01-03 01:34:03 - INFO - Distribución de clases (0/1):
target
0    55433
1    19740
Name: count, dtype: int64
2025-01-03 01:34:03 - INFO - Columnas presentes en el DataFrame: ['open', 'high', 'low', 'close', 'volume', 'close_time', 'quote_asset_volume', 'number_of_trades', 'taker_buy_base_asset_volume', 'taker_buy_quote_asset_volume', 'ignore', 'SMA_10', 'SMA_50', 'EMA_10', 'EMA_50', 'BBB_20_2.0', 'BBP_20_2.0', 'hour_of_day', 'day_of_week', 'is_weekend', 'future_close', 'change_pct', 'target', 'RSI', 'MACD', 'MACDh', 'MACDs', 'VWAP', 'BBL', 'BBM', 'BBU', 'ATR', 'STOCHk', 'STOCHd', 'CCI', 'OBV']
2025-01-03 01:34:03 - INFO - Columnas eliminadas durante la preparación: ['close_time', 'quote_asset_volume', 'number_of_trades', 'taker_buy_base_asset_volume', 'taker_buy_quote_asset_volume', 'ignore', 'BBB_20_2.0', 'BBP_20_2.0', 'future_close', 'change_pct']
2025-01-03 01:34:03 - INFO - Conjunto de datos preparado con 75173 filas y 25 características.
2025-01-03 01:34:03 - INFO - Características en X_test_final: ['open', 'high', 'low', 'close', 'volume', 'hour_of_day', 'day_of_week', 'is_weekend', 'RSI', 'MACD', 'MACDs', 'MACDh', 'SMA_10', 'SMA_50', 'EMA_10', 'EMA_50', 'VWAP', 'OBV', 'BBL', 'BBM', 'BBU', 'ATR', 'STOCHk', 'STOCHd', 'CCI']
2025-01-03 01:34:03 - INFO - Tipo de y_test_final: <class 'pandas.core.series.Series'>
2025-01-03 01:34:03 - INFO - Shape de y_test_final: (75173,)
2025-01-03 01:34:03 - INFO - Las características del test coinciden perfectamente con las del entrenamiento.
2025-01-03 01:34:03 - INFO - === Evaluación en Test ===
2025-01-03 01:34:04 - INFO - Matriz de confusión [1,0]:
[[15604  4136]
 [36954 18479]]
2025-01-03 01:34:04 - INFO - Reporte de Clasificación:
              precision    recall  f1-score   support

           1       0.30      0.79      0.43     19740
           0       0.82      0.33      0.47     55433

    accuracy                           0.45     75173
   macro avg       0.56      0.56      0.45     75173
weighted avg       0.68      0.45      0.46     75173

2025-01-03 01:34:04 - INFO - F1-score: 0.4317
2025-01-03 01:34:04 - INFO - Precisión: 0.2969
2025-01-03 01:34:04 - INFO - Recall: 0.7905
2025-01-03 01:34:04 - INFO - AUC Score: 0.5650
2025-01-03 01:34:06 - INFO - F1 final en Test (Binario): 0.4317
2025-01-03 01:34:06 - INFO - === Analizando importancia de características ===
2025-01-03 01:34:06 - INFO - Tabla de importancia de características guardada en ./results/feature_importances_binario.csv.
2025-01-03 01:34:06 - INFO - Gráfico de importancia de características guardado.
2025-01-03 01:34:06 - INFO - Señales generadas con umbrales high=0.76, low=0.25
2025-01-03 01:34:07 - INFO - Señales guardadas en: ./results/signals.csv
2025-01-03 01:34:07 - INFO - === Proceso Completado con Éxito ===
