2025-01-29 19:07:20 - INFO - Datos cargados desde ML/data/processed/BTCUSDT_15m_processed.csv, filas: 257756
2025-01-29 19:07:20 - INFO - Columnas de indicadores existentes eliminadas: ['RSI', 'MACD', 'MACDs', 'MACDh', 'OBV', 'BBL', 'BBM', 'BBU', 'SMA_10', 'SMA_50', 'EMA_10', 'EMA_50']
2025-01-29 19:07:20 - INFO - Indicadores técnicos agregados. Filas antes: 257756, después: 257557 (descartadas: 199)
2025-01-29 19:07:20 - INFO - Columnas renombradas: {'RSI_14': 'RSI', 'MACD_12_26_9': 'MACD', 'MACDs_12_26_9': 'MACDs', 'MACDh_12_26_9': 'MACDh', 'BBL_20_2.0': 'BBL', 'BBM_20_2.0': 'BBM', 'BBU_20_2.0': 'BBU', 'STOCHk_14_3_3': 'STOCHk', 'STOCHd_14_3_3': 'STOCHd', 'CCI_14_0.015': 'CCI', 'SMA_10': 'SMA_10', 'SMA_50': 'SMA_50', 'SMA_200': 'SMA_200', 'EMA_10': 'EMA_10', 'EMA_50': 'EMA_50'}
2025-01-29 19:07:20 - INFO - Target binario con look_ahead=42, min_change=0.032
2025-01-29 19:07:20 - INFO - Distribución de clases (0=Vender, 1=Comprar):
target
1.0    18229
0.0    16140
Name: count, dtype: int64
2025-01-29 19:07:20 - INFO - Muestra de datos con target:
                        close  future_close  change_pct  target
open_time                                                      
2020-03-29 13:00:00   6117.32       5911.46   -0.033652     0.0
2019-02-08 11:00:00   3437.11       3640.37    0.059137     1.0
2021-05-24 02:30:00  35106.10      38034.21    0.083407     1.0
2022-07-07 13:00:00  20442.36      21680.50    0.060567     1.0
2022-05-13 12:30:00  30640.37      29402.89   -0.040387     0.0
2018-02-10 19:30:00   8397.97       7979.12   -0.049875     0.0
2017-09-02 06:15:00   4683.66       4439.00   -0.052237     0.0
2021-07-15 02:15:00  32779.12      31723.25   -0.032212     0.0
2019-10-23 04:30:00   7959.44       7472.49   -0.061179     0.0
2021-08-05 10:45:00  38043.43      40895.68    0.074974     1.0
2025-01-29 19:07:20 - INFO - División de datos en Train/Test completada.
2025-01-29 19:07:20 - INFO - === Búsqueda de hiperparámetros (Optuna) en muestra de Training ===
2025-01-29 19:07:20 - INFO - No se han identificado características categóricas.
2025-01-29 19:07:20 - INFO - Columnas extra eliminadas: ['future_close', 'change_pct']
2025-01-29 19:07:20 - INFO - Dataset preparado: 20105 filas, 21 features (después de imputación).
2025-01-29 19:07:20 - INFO - Iniciando optimización en Optuna (precisión clase=1)...
2025-01-29 19:07:21 - INFO - Balance de clases tras SMOTETomek:
target
1.0    8448
0.0    8448
Name: count, dtype: int64
2025-01-29 19:07:22 - INFO - Balance de clases tras SMOTETomek:
target
1.0    8449
0.0    8449
Name: count, dtype: int64
2025-01-29 19:07:24 - INFO - Balance de clases tras SMOTETomek:
target
1.0    8449
0.0    8449
Name: count, dtype: int64
2025-01-29 19:07:25 - INFO - Balance de clases tras SMOTETomek:
target
1.0    8476
0.0    8476
Name: count, dtype: int64
2025-01-29 19:07:26 - INFO - Balance de clases tras SMOTETomek:
target
1.0    8463
0.0    8463
Name: count, dtype: int64
2025-01-29 19:07:27 - INFO - Balance de clases tras SMOTETomek:
target
1.0    8448
0.0    8448
Name: count, dtype: int64
2025-01-29 19:07:33 - INFO - Balance de clases tras SMOTETomek:
target
1.0    8449
0.0    8449
Name: count, dtype: int64
2025-01-29 19:07:38 - INFO - Balance de clases tras SMOTETomek:
target
1.0    8449
0.0    8449
Name: count, dtype: int64
2025-01-29 19:07:43 - INFO - Balance de clases tras SMOTETomek:
target
1.0    8476
0.0    8476
Name: count, dtype: int64
2025-01-29 19:07:47 - INFO - Balance de clases tras SMOTETomek:
target
1.0    8463
0.0    8463
Name: count, dtype: int64
2025-01-29 19:07:52 - INFO - Balance de clases tras SMOTETomek:
target
1.0    8448
0.0    8448
Name: count, dtype: int64
2025-01-29 19:07:56 - INFO - Balance de clases tras SMOTETomek:
target
1.0    8449
0.0    8449
Name: count, dtype: int64
2025-01-29 19:07:59 - INFO - Balance de clases tras SMOTETomek:
target
1.0    8449
0.0    8449
Name: count, dtype: int64
2025-01-29 19:08:03 - INFO - Balance de clases tras SMOTETomek:
target
1.0    8476
0.0    8476
Name: count, dtype: int64
2025-01-29 19:08:07 - INFO - Balance de clases tras SMOTETomek:
target
1.0    8463
0.0    8463
Name: count, dtype: int64
2025-01-29 19:08:11 - INFO - Balance de clases tras SMOTETomek:
target
1.0    8448
0.0    8448
Name: count, dtype: int64
2025-01-29 19:08:18 - INFO - Balance de clases tras SMOTETomek:
target
1.0    8449
0.0    8449
Name: count, dtype: int64
2025-01-29 19:08:26 - INFO - Balance de clases tras SMOTETomek:
target
1.0    8449
0.0    8449
Name: count, dtype: int64
2025-01-29 19:08:34 - INFO - Balance de clases tras SMOTETomek:
target
1.0    8476
0.0    8476
Name: count, dtype: int64
2025-01-29 19:08:41 - INFO - Balance de clases tras SMOTETomek:
target
1.0    8463
0.0    8463
Name: count, dtype: int64
2025-01-29 19:08:49 - INFO - Balance de clases tras SMOTETomek:
target
1.0    8448
0.0    8448
Name: count, dtype: int64
2025-01-29 19:08:50 - INFO - Balance de clases tras SMOTETomek:
target
1.0    8449
0.0    8449
Name: count, dtype: int64
2025-01-29 19:08:51 - INFO - Balance de clases tras SMOTETomek:
target
1.0    8449
0.0    8449
Name: count, dtype: int64
2025-01-29 19:08:52 - INFO - Balance de clases tras SMOTETomek:
target
1.0    8476
0.0    8476
Name: count, dtype: int64
2025-01-29 19:08:53 - INFO - Balance de clases tras SMOTETomek:
target
1.0    8463
0.0    8463
Name: count, dtype: int64
2025-01-29 19:08:54 - INFO - Balance de clases tras SMOTETomek:
target
1.0    8448
0.0    8448
Name: count, dtype: int64
2025-01-29 19:08:59 - INFO - Balance de clases tras SMOTETomek:
target
1.0    8449
0.0    8449
Name: count, dtype: int64
2025-01-29 19:09:04 - INFO - Balance de clases tras SMOTETomek:
target
1.0    8449
0.0    8449
Name: count, dtype: int64
2025-01-29 19:09:08 - INFO - Balance de clases tras SMOTETomek:
target
1.0    8476
0.0    8476
Name: count, dtype: int64
2025-01-29 19:09:12 - INFO - Balance de clases tras SMOTETomek:
target
1.0    8463
0.0    8463
Name: count, dtype: int64
2025-01-29 19:09:17 - INFO - Balance de clases tras SMOTETomek:
target
1.0    8448
0.0    8448
Name: count, dtype: int64
2025-01-29 19:09:19 - INFO - Balance de clases tras SMOTETomek:
target
1.0    8449
0.0    8449
Name: count, dtype: int64
2025-01-29 19:09:21 - INFO - Balance de clases tras SMOTETomek:
target
1.0    8449
0.0    8449
Name: count, dtype: int64
2025-01-29 19:09:24 - INFO - Balance de clases tras SMOTETomek:
target
1.0    8476
0.0    8476
Name: count, dtype: int64
2025-01-29 19:09:26 - INFO - Balance de clases tras SMOTETomek:
target
1.0    8463
0.0    8463
Name: count, dtype: int64
2025-01-29 19:09:28 - INFO - Balance de clases tras SMOTETomek:
target
1.0    8448
0.0    8448
Name: count, dtype: int64
2025-01-29 19:09:38 - INFO - Balance de clases tras SMOTETomek:
target
1.0    8449
0.0    8449
Name: count, dtype: int64
2025-01-29 19:09:48 - INFO - Balance de clases tras SMOTETomek:
target
1.0    8449
0.0    8449
Name: count, dtype: int64
2025-01-29 19:09:58 - INFO - Balance de clases tras SMOTETomek:
target
1.0    8476
0.0    8476
Name: count, dtype: int64
2025-01-29 19:10:08 - INFO - Balance de clases tras SMOTETomek:
target
1.0    8463
0.0    8463
Name: count, dtype: int64
2025-01-29 19:10:18 - INFO - Balance de clases tras SMOTETomek:
target
1.0    8448
0.0    8448
Name: count, dtype: int64
2025-01-29 19:10:19 - INFO - Balance de clases tras SMOTETomek:
target
1.0    8449
0.0    8449
Name: count, dtype: int64
2025-01-29 19:10:20 - INFO - Balance de clases tras SMOTETomek:
target
1.0    8449
0.0    8449
Name: count, dtype: int64
2025-01-29 19:10:21 - INFO - Balance de clases tras SMOTETomek:
target
1.0    8476
0.0    8476
Name: count, dtype: int64
2025-01-29 19:10:22 - INFO - Balance de clases tras SMOTETomek:
target
1.0    8463
0.0    8463
Name: count, dtype: int64
2025-01-29 19:10:22 - INFO - Mejor Precisión (clase=1): 0.9762
2025-01-29 19:10:22 - INFO - Mejores parámetros: {'max_depth': 11, 'learning_rate': 0.020107531049695957, 'n_estimators': 671, 'subsample': 0.9510846054797798, 'colsample_bytree': 0.6659133520917333, 'gamma': 0.3377937105460287, 'reg_alpha': 0.09006696587638663, 'reg_lambda': 0.6928383321248949}
2025-01-29 19:10:22 - INFO - === Entrenando Pipeline Final con TODO el Training ===
2025-01-29 19:10:22 - INFO - Columnas extra eliminadas: ['future_close', 'change_pct']
2025-01-29 19:10:22 - INFO - Dataset preparado: 22339 filas, 21 features (después de imputación).
2025-01-29 19:10:23 - INFO - Balance de clases tras SMOTETomek:
target
1.0    11704
0.0    11704
Name: count, dtype: int64
2025-01-29 19:10:28 - INFO - Pipeline final entrenado con scale_pos_weight=1.00
2025-01-29 19:10:28 - INFO - Pipeline completo guardado en: .ML/results/XGBoost_Binario_trained_pipeline.joblib
2025-01-29 19:10:28 - INFO - Parámetros guardados en: .ML/results/XGBoost_Binario_model_params.txt
2025-01-29 19:10:28 - INFO - Lista de features guardada en: .ML/results/XGBoost_Binario_feature_cols.txt
2025-01-29 19:10:28 - INFO - Columnas de indicadores existentes eliminadas: ['RSI', 'MACD', 'MACDs', 'MACDh', 'OBV', 'BBL', 'BBM', 'BBU', 'STOCHk', 'STOCHd', 'CCI', 'SMA_10', 'SMA_50', 'SMA_200', 'EMA_10', 'EMA_50']
2025-01-29 19:10:28 - INFO - Indicadores técnicos agregados. Filas antes: 12030, después: 11831 (descartadas: 199)
2025-01-29 19:10:28 - INFO - Columnas renombradas: {'RSI_14': 'RSI', 'MACD_12_26_9': 'MACD', 'MACDs_12_26_9': 'MACDs', 'MACDh_12_26_9': 'MACDh', 'BBL_20_2.0': 'BBL', 'BBM_20_2.0': 'BBM', 'BBU_20_2.0': 'BBU', 'STOCHk_14_3_3': 'STOCHk', 'STOCHd_14_3_3': 'STOCHd', 'CCI_14_0.015': 'CCI', 'SMA_10': 'SMA_10', 'SMA_50': 'SMA_50', 'SMA_200': 'SMA_200', 'EMA_10': 'EMA_10', 'EMA_50': 'EMA_50'}
2025-01-29 19:10:28 - INFO - Target binario con look_ahead=42, min_change=0.032
2025-01-29 19:10:28 - INFO - Distribución de clases (0=Vender, 1=Comprar):
target
1.0    4557
0.0    3912
Name: count, dtype: int64
2025-01-29 19:10:28 - INFO - Muestra de datos con target:
                        close  future_close  change_pct  target
open_time                                                      
2022-07-20 16:45:00  23683.97      22711.65   -0.041054     0.0
2024-03-05 14:00:00  67506.28      63412.39   -0.060645     0.0
2022-07-27 15:15:00  21452.97      22898.12    0.067364     1.0
2022-07-14 12:00:00  19775.27      20818.89    0.052774     1.0
2021-10-06 03:30:00  51485.99      54854.57    0.065427     1.0
2022-02-04 09:45:00  38014.01      45199.47    0.189021     1.0
2021-06-07 15:45:00  36035.51      32925.17   -0.086313     0.0
2022-06-18 09:15:00  19195.70      18256.55   -0.048925     0.0
2024-05-06 09:00:00  65323.29      61915.99   -0.052161     0.0
2023-08-17 18:30:00  27900.01      26020.89   -0.067352     0.0
2025-01-29 19:10:28 - INFO - Columnas extra eliminadas: ['change_pct', 'future_close']
2025-01-29 19:10:28 - INFO - Dataset preparado: 8469 filas, 21 features (después de imputación).
2025-01-29 19:10:28 - INFO - === Evaluación en Test ===
2025-01-29 19:10:28 - INFO - Matriz de confusión [0=Vender, 1=Comprar]:
[[2502 1410]
 [2501 2056]]
2025-01-29 19:10:28 - INFO - Reporte de Clasificación:
              precision    recall  f1-score   support

      Vender       0.50      0.64      0.56      3912
     Comprar       0.59      0.45      0.51      4557

    accuracy                           0.54      8469
   macro avg       0.55      0.55      0.54      8469
weighted avg       0.55      0.54      0.54      8469

2025-01-29 19:10:28 - INFO - Precision (clase=1): 0.5932
2025-01-29 19:10:28 - INFO - F1 (clase=1): 0.5125
2025-01-29 19:10:28 - INFO - Recall (clase=1): 0.4512
2025-01-29 19:10:28 - INFO - Balanced Accuracy: 0.5454
2025-01-29 19:10:28 - INFO - MCC: 0.0920
2025-01-29 19:10:28 - INFO - AUC: 0.5428
2025-01-29 19:10:30 - INFO - Precisión final en Test (clase=1): 0.5932
2025-01-29 19:10:30 - INFO - Importancia de características guardada en .ML/results/feature_importances_binary.csv.
2025-01-29 19:10:30 - INFO - Gráfico de importancia de características guardado.
2025-01-29 19:10:31 - INFO - Calculando valores SHAP...
2025-01-29 19:11:38 - INFO - SHAP analysis completado y guardado.
2025-01-29 19:11:39 - INFO - Señales generadas con umbral=0.61
2025-01-29 19:11:39 - INFO - Señales filtradas por tendencia.
2025-01-29 19:11:39 - INFO - Señales guardadas en: .ML/results/signals_binary.csv
2025-01-29 19:11:39 - INFO - === Proceso Completado con Éxito ===
