2025-01-21 20:38:03 - INFO - Datos cargados desde ML/data/processed/BTCUSDT_15m_processed.csv, filas: 258908
2025-01-21 20:38:03 - INFO - Columnas de indicadores existentes eliminadas: ['RSI', 'MACD', 'MACDs', 'MACDh', 'OBV', 'BBL', 'BBM', 'BBU', 'SMA_10', 'SMA_50', 'EMA_10', 'EMA_50']
2025-01-21 20:38:04 - INFO - Indicadores técnicos agregados. Filas antes: 258908, después: 258709 (descartadas: 199)
2025-01-21 20:38:04 - INFO - Columnas renombradas: {'RSI_14': 'RSI', 'MACD_12_26_9': 'MACD', 'MACDs_12_26_9': 'MACDs', 'MACDh_12_26_9': 'MACDh', 'BBL_20_2.0': 'BBL', 'BBM_20_2.0': 'BBM', 'BBU_20_2.0': 'BBU', 'STOCHk_14_3_3': 'STOCHk', 'STOCHd_14_3_3': 'STOCHd', 'CCI_14_0.015': 'CCI', 'SMA_10': 'SMA_10', 'SMA_50': 'SMA_50', 'SMA_200': 'SMA_200', 'EMA_10': 'EMA_10', 'EMA_50': 'EMA_50'}
2025-01-21 20:38:04 - WARNING - Columna faltante 'SMA_10' añadida con NaN.
2025-01-21 20:38:04 - WARNING - Columna faltante 'EMA_10' añadida con NaN.
2025-01-21 20:38:04 - INFO - Target binario con look_ahead=3, min_change=0.031
2025-01-21 20:38:04 - INFO - Distribución de clases (0=Vender, 1=Comprar):
target
0.0    986
1.0    871
Name: count, dtype: int64
2025-01-21 20:38:04 - INFO - Muestra de datos con target:
                        close  future_close  change_pct  target
open_time                                                      
2021-05-19 12:30:00  36433.00      33601.85   -0.077708     0.0
2022-06-30 23:00:00  18974.06      19942.21    0.051025     1.0
2019-07-04 22:45:00  11599.50      11208.73   -0.033689     0.0
2018-01-17 15:30:00   9285.01       9859.86    0.061912     1.0
2017-12-18 00:15:00  18500.00      17151.00   -0.072919     0.0
2018-01-20 04:45:00  12340.00      12733.00    0.031848     1.0
2020-03-23 11:30:00   5866.20       6229.90    0.061999     1.0
2017-09-08 12:30:00   4689.83       4529.50   -0.034187     0.0
2019-07-18 14:15:00   9438.20      10413.16    0.103299     1.0
2018-02-05 22:15:00   7248.79       6970.00   -0.038460     0.0
2025-01-21 20:38:04 - INFO - División de datos en Train/Test completada.
2025-01-21 20:38:04 - INFO - === Búsqueda de hiperparámetros (Optuna) en muestra de Training ===
2025-01-21 20:38:04 - INFO - No se han identificado características categóricas.
2025-01-21 20:38:04 - INFO - Columnas extra eliminadas: ['future_close', 'change_pct']
2025-01-21 20:38:04 - WARNING - Estas columnas están 100% NaN y se eliminarán antes de imputar: ['SMA_10', 'EMA_10']
2025-01-21 20:38:04 - INFO - Dataset preparado: 1086 filas, 19 features (después de imputación).
2025-01-21 20:38:04 - INFO - Iniciando optimización en Optuna (precisión clase=1)...
2025-01-21 20:38:04 - INFO - Balance de clases tras SMOTETomek:
target
1.0    418
0.0    418
Name: count, dtype: int64
2025-01-21 20:38:04 - INFO - Balance de clases tras SMOTETomek:
target
1.0    418
0.0    418
Name: count, dtype: int64
2025-01-21 20:38:06 - INFO - Balance de clases tras SMOTETomek:
target
1.0    419
0.0    419
Name: count, dtype: int64
2025-01-21 20:38:07 - INFO - Balance de clases tras SMOTETomek:
target
1.0    419
0.0    419
Name: count, dtype: int64
2025-01-21 20:38:07 - INFO - Balance de clases tras SMOTETomek:
target
1.0    418
0.0    418
Name: count, dtype: int64
2025-01-21 20:38:09 - INFO - Balance de clases tras SMOTETomek:
target
1.0    418
0.0    418
Name: count, dtype: int64
2025-01-21 20:38:09 - INFO - Balance de clases tras SMOTETomek:
target
1.0    418
0.0    418
Name: count, dtype: int64
2025-01-21 20:38:10 - INFO - Balance de clases tras SMOTETomek:
target
1.0    410
0.0    410
Name: count, dtype: int64
2025-01-21 20:38:12 - INFO - Balance de clases tras SMOTETomek:
target
1.0    418
0.0    418
Name: count, dtype: int64
2025-01-21 20:38:12 - INFO - Balance de clases tras SMOTETomek:
target
1.0    418
0.0    418
Name: count, dtype: int64
2025-01-21 20:38:13 - INFO - Balance de clases tras SMOTETomek:
target
1.0    419
0.0    419
Name: count, dtype: int64
2025-01-21 20:38:14 - INFO - Balance de clases tras SMOTETomek:
target
1.0    418
0.0    418
Name: count, dtype: int64
2025-01-21 20:38:14 - INFO - Balance de clases tras SMOTETomek:
target
1.0    418
0.0    418
Name: count, dtype: int64
2025-01-21 20:38:15 - INFO - Balance de clases tras SMOTETomek:
target
1.0    410
0.0    410
Name: count, dtype: int64
2025-01-21 20:38:15 - INFO - Balance de clases tras SMOTETomek:
target
1.0    410
0.0    410
Name: count, dtype: int64
2025-01-21 20:38:16 - INFO - Balance de clases tras SMOTETomek:
target
1.0    418
0.0    418
Name: count, dtype: int64
2025-01-21 20:38:17 - INFO - Balance de clases tras SMOTETomek:
target
1.0    419
0.0    419
Name: count, dtype: int64
2025-01-21 20:38:18 - INFO - Balance de clases tras SMOTETomek:
target
1.0    418
0.0    418
Name: count, dtype: int64
2025-01-21 20:38:18 - INFO - Balance de clases tras SMOTETomek:
target
1.0    418
0.0    418
Name: count, dtype: int64
2025-01-21 20:38:19 - INFO - Balance de clases tras SMOTETomek:
target
1.0    419
0.0    419
Name: count, dtype: int64
2025-01-21 20:38:19 - INFO - Balance de clases tras SMOTETomek:
target
1.0    418
0.0    418
Name: count, dtype: int64
2025-01-21 20:38:19 - INFO - Balance de clases tras SMOTETomek:
target
1.0    418
0.0    418
Name: count, dtype: int64
2025-01-21 20:38:20 - INFO - Balance de clases tras SMOTETomek:
target
1.0    418
0.0    418
Name: count, dtype: int64
2025-01-21 20:38:20 - INFO - Balance de clases tras SMOTETomek:
target
1.0    410
0.0    410
Name: count, dtype: int64
2025-01-21 20:38:21 - INFO - Balance de clases tras SMOTETomek:
target
1.0    410
0.0    410
Name: count, dtype: int64
2025-01-21 20:38:21 - INFO - Balance de clases tras SMOTETomek:
target
1.0    418
0.0    418
Name: count, dtype: int64
2025-01-21 20:38:21 - INFO - Balance de clases tras SMOTETomek:
target
1.0    418
0.0    418
Name: count, dtype: int64
2025-01-21 20:38:23 - INFO - Balance de clases tras SMOTETomek:
target
1.0    419
0.0    419
Name: count, dtype: int64
2025-01-21 20:38:24 - INFO - Balance de clases tras SMOTETomek:
target
1.0    418
0.0    418
Name: count, dtype: int64
2025-01-21 20:38:24 - INFO - Balance de clases tras SMOTETomek:
target
1.0    419
0.0    419
Name: count, dtype: int64
2025-01-21 20:38:26 - INFO - Balance de clases tras SMOTETomek:
target
1.0    418
0.0    418
Name: count, dtype: int64
2025-01-21 20:38:27 - INFO - Balance de clases tras SMOTETomek:
target
1.0    410
0.0    410
Name: count, dtype: int64
2025-01-21 20:38:28 - INFO - Balance de clases tras SMOTETomek:
target
1.0    418
0.0    418
Name: count, dtype: int64
2025-01-21 20:38:28 - INFO - Balance de clases tras SMOTETomek:
target
1.0    418
0.0    418
Name: count, dtype: int64
2025-01-21 20:38:31 - INFO - Balance de clases tras SMOTETomek:
target
1.0    418
0.0    418
Name: count, dtype: int64
2025-01-21 20:38:32 - INFO - Balance de clases tras SMOTETomek:
target
1.0    419
0.0    419
Name: count, dtype: int64
2025-01-21 20:38:34 - INFO - Balance de clases tras SMOTETomek:
target
1.0    410
0.0    410
Name: count, dtype: int64
2025-01-21 20:38:35 - INFO - Balance de clases tras SMOTETomek:
target
1.0    418
0.0    418
Name: count, dtype: int64
2025-01-21 20:38:38 - INFO - Balance de clases tras SMOTETomek:
target
1.0    418
0.0    418
Name: count, dtype: int64
2025-01-21 20:38:38 - INFO - Balance de clases tras SMOTETomek:
target
1.0    418
0.0    418
Name: count, dtype: int64
2025-01-21 20:38:38 - INFO - Balance de clases tras SMOTETomek:
target
1.0    419
0.0    419
Name: count, dtype: int64
2025-01-21 20:38:39 - INFO - Balance de clases tras SMOTETomek:
target
1.0    418
0.0    418
Name: count, dtype: int64
2025-01-21 20:38:39 - INFO - Balance de clases tras SMOTETomek:
target
1.0    418
0.0    418
Name: count, dtype: int64
2025-01-21 20:38:40 - INFO - Balance de clases tras SMOTETomek:
target
1.0    410
0.0    410
Name: count, dtype: int64
2025-01-21 20:38:40 - INFO - Balance de clases tras SMOTETomek:
target
1.0    418
0.0    418
Name: count, dtype: int64
2025-01-21 20:38:41 - INFO - Balance de clases tras SMOTETomek:
target
1.0    419
0.0    419
Name: count, dtype: int64
2025-01-21 20:38:41 - INFO - Balance de clases tras SMOTETomek:
target
1.0    410
0.0    410
Name: count, dtype: int64
2025-01-21 20:38:42 - INFO - Balance de clases tras SMOTETomek:
target
1.0    418
0.0    418
Name: count, dtype: int64
2025-01-21 20:38:43 - INFO - Balance de clases tras SMOTETomek:
target
1.0    418
0.0    418
Name: count, dtype: int64
2025-01-21 20:38:44 - INFO - Balance de clases tras SMOTETomek:
target
1.0    410
0.0    410
Name: count, dtype: int64
2025-01-21 20:38:44 - INFO - Balance de clases tras SMOTETomek:
target
1.0    418
0.0    418
Name: count, dtype: int64
2025-01-21 20:38:45 - INFO - Balance de clases tras SMOTETomek:
target
1.0    418
0.0    418
Name: count, dtype: int64
2025-01-21 20:38:45 - INFO - Balance de clases tras SMOTETomek:
target
1.0    419
0.0    419
Name: count, dtype: int64
2025-01-21 20:38:46 - INFO - Balance de clases tras SMOTETomek:
target
1.0    419
0.0    419
Name: count, dtype: int64
2025-01-21 20:38:46 - INFO - Balance de clases tras SMOTETomek:
target
1.0    418
0.0    418
Name: count, dtype: int64
2025-01-21 20:38:47 - INFO - Balance de clases tras SMOTETomek:
target
1.0    418
0.0    418
Name: count, dtype: int64
2025-01-21 20:38:47 - INFO - Balance de clases tras SMOTETomek:
target
1.0    418
0.0    418
Name: count, dtype: int64
2025-01-21 20:38:47 - INFO - Balance de clases tras SMOTETomek:
target
1.0    418
0.0    418
Name: count, dtype: int64
2025-01-21 20:38:48 - INFO - Balance de clases tras SMOTETomek:
target
1.0    410
0.0    410
Name: count, dtype: int64
2025-01-21 20:38:48 - INFO - Balance de clases tras SMOTETomek:
target
1.0    410
0.0    410
Name: count, dtype: int64
2025-01-21 20:38:49 - INFO - Balance de clases tras SMOTETomek:
target
1.0    418
0.0    418
Name: count, dtype: int64
2025-01-21 20:38:49 - INFO - Balance de clases tras SMOTETomek:
target
1.0    418
0.0    418
Name: count, dtype: int64
2025-01-21 20:38:50 - INFO - Balance de clases tras SMOTETomek:
target
1.0    419
0.0    419
Name: count, dtype: int64
2025-01-21 20:38:50 - INFO - Balance de clases tras SMOTETomek:
target
1.0    419
0.0    419
Name: count, dtype: int64
2025-01-21 20:38:51 - INFO - Balance de clases tras SMOTETomek:
target
1.0    418
0.0    418
Name: count, dtype: int64
2025-01-21 20:38:51 - INFO - Balance de clases tras SMOTETomek:
target
1.0    418
0.0    418
Name: count, dtype: int64
2025-01-21 20:38:52 - INFO - Balance de clases tras SMOTETomek:
target
1.0    418
0.0    418
Name: count, dtype: int64
2025-01-21 20:38:52 - INFO - Balance de clases tras SMOTETomek:
target
1.0    410
0.0    410
Name: count, dtype: int64
2025-01-21 20:38:53 - INFO - Balance de clases tras SMOTETomek:
target
1.0    418
0.0    418
Name: count, dtype: int64
2025-01-21 20:38:53 - INFO - Balance de clases tras SMOTETomek:
target
1.0    419
0.0    419
Name: count, dtype: int64
2025-01-21 20:38:53 - INFO - Balance de clases tras SMOTETomek:
target
1.0    418
0.0    418
Name: count, dtype: int64
2025-01-21 20:38:53 - INFO - Balance de clases tras SMOTETomek:
target
1.0    418
0.0    418
Name: count, dtype: int64
2025-01-21 20:38:53 - INFO - Balance de clases tras SMOTETomek:
target
1.0    418
0.0    418
Name: count, dtype: int64
2025-01-21 20:38:54 - INFO - Balance de clases tras SMOTETomek:
target
1.0    410
0.0    410
Name: count, dtype: int64
2025-01-21 20:38:54 - INFO - Balance de clases tras SMOTETomek:
target
1.0    418
0.0    418
Name: count, dtype: int64
2025-01-21 20:38:55 - INFO - Balance de clases tras SMOTETomek:
target
1.0    410
0.0    410
Name: count, dtype: int64
2025-01-21 20:38:56 - INFO - Balance de clases tras SMOTETomek:
target
1.0    419
0.0    419
Name: count, dtype: int64
2025-01-21 20:38:56 - INFO - Balance de clases tras SMOTETomek:
target
1.0    418
0.0    418
Name: count, dtype: int64
2025-01-21 20:38:58 - INFO - Balance de clases tras SMOTETomek:
target
1.0    419
0.0    419
Name: count, dtype: int64
2025-01-21 20:38:59 - INFO - Balance de clases tras SMOTETomek:
target
1.0    418
0.0    418
Name: count, dtype: int64
2025-01-21 20:39:00 - INFO - Balance de clases tras SMOTETomek:
target
1.0    418
0.0    418
Name: count, dtype: int64
2025-01-21 20:39:01 - INFO - Balance de clases tras SMOTETomek:
target
1.0    418
0.0    418
Name: count, dtype: int64
2025-01-21 20:39:02 - INFO - Balance de clases tras SMOTETomek:
target
1.0    418
0.0    418
Name: count, dtype: int64
2025-01-21 20:39:03 - INFO - Balance de clases tras SMOTETomek:
target
1.0    410
0.0    410
Name: count, dtype: int64
2025-01-21 20:39:05 - INFO - Balance de clases tras SMOTETomek:
target
1.0    418
0.0    418
Name: count, dtype: int64
2025-01-21 20:39:05 - INFO - Balance de clases tras SMOTETomek:
target
1.0    410
0.0    410
Name: count, dtype: int64
2025-01-21 20:39:07 - INFO - Balance de clases tras SMOTETomek:
target
1.0    419
0.0    419
Name: count, dtype: int64
2025-01-21 20:39:08 - INFO - Balance de clases tras SMOTETomek:
target
1.0    418
0.0    418
Name: count, dtype: int64
2025-01-21 20:39:09 - INFO - Balance de clases tras SMOTETomek:
target
1.0    418
0.0    418
Name: count, dtype: int64
2025-01-21 20:39:10 - INFO - Balance de clases tras SMOTETomek:
target
1.0    419
0.0    419
Name: count, dtype: int64
2025-01-21 20:39:11 - INFO - Balance de clases tras SMOTETomek:
target
1.0    418
0.0    418
Name: count, dtype: int64
2025-01-21 20:39:12 - INFO - Balance de clases tras SMOTETomek:
target
1.0    418
0.0    418
Name: count, dtype: int64
2025-01-21 20:39:13 - INFO - Balance de clases tras SMOTETomek:
target
1.0    418
0.0    418
Name: count, dtype: int64
2025-01-21 20:39:14 - INFO - Balance de clases tras SMOTETomek:
target
1.0    410
0.0    410
Name: count, dtype: int64
2025-01-21 20:39:14 - INFO - Balance de clases tras SMOTETomek:
target
1.0    410
0.0    410
Name: count, dtype: int64
2025-01-21 20:39:16 - INFO - Balance de clases tras SMOTETomek:
target
1.0    418
0.0    418
Name: count, dtype: int64
2025-01-21 20:39:16 - INFO - Balance de clases tras SMOTETomek:
target
1.0    418
0.0    418
Name: count, dtype: int64
2025-01-21 20:39:16 - INFO - Balance de clases tras SMOTETomek:
target
1.0    419
0.0    419
Name: count, dtype: int64
2025-01-21 20:39:17 - INFO - Balance de clases tras SMOTETomek:
target
1.0    419
0.0    419
Name: count, dtype: int64
2025-01-21 20:39:18 - INFO - Balance de clases tras SMOTETomek:
target
1.0    418
0.0    418
Name: count, dtype: int64
2025-01-21 20:39:18 - INFO - Balance de clases tras SMOTETomek:
target
1.0    418
0.0    418
Name: count, dtype: int64
2025-01-21 20:39:19 - INFO - Balance de clases tras SMOTETomek:
target
1.0    418
0.0    418
Name: count, dtype: int64
2025-01-21 20:39:19 - INFO - Balance de clases tras SMOTETomek:
target
1.0    418
0.0    418
Name: count, dtype: int64
2025-01-21 20:39:20 - INFO - Balance de clases tras SMOTETomek:
target
1.0    410
0.0    410
Name: count, dtype: int64
2025-01-21 20:39:20 - INFO - Balance de clases tras SMOTETomek:
target
1.0    410
0.0    410
Name: count, dtype: int64
2025-01-21 20:39:21 - INFO - Balance de clases tras SMOTETomek:
target
1.0    418
0.0    418
Name: count, dtype: int64
2025-01-21 20:39:23 - INFO - Balance de clases tras SMOTETomek:
target
1.0    419
0.0    419
Name: count, dtype: int64
2025-01-21 20:39:25 - INFO - Balance de clases tras SMOTETomek:
target
1.0    418
0.0    418
Name: count, dtype: int64
2025-01-21 20:39:28 - INFO - Balance de clases tras SMOTETomek:
target
1.0    418
0.0    418
Name: count, dtype: int64
2025-01-21 20:39:30 - INFO - Balance de clases tras SMOTETomek:
target
1.0    410
0.0    410
Name: count, dtype: int64
2025-01-21 20:39:33 - INFO - Mejor Precisión (clase=1): 0.7239
2025-01-21 20:39:33 - INFO - Mejores parámetros: {'max_depth': 24, 'learning_rate': 0.06518862978215685, 'n_estimators': 429, 'subsample': 0.9065722032229502, 'colsample_bytree': 0.9815581184169673, 'gamma': 0.6697440061318763, 'reg_alpha': 0.11206630873320467, 'reg_lambda': 0.6356664946570871}
2025-01-21 20:39:33 - INFO - === Entrenando Pipeline Final con TODO el Training ===
2025-01-21 20:39:33 - INFO - Columnas extra eliminadas: ['future_close', 'change_pct']
2025-01-21 20:39:33 - WARNING - Estas columnas están 100% NaN y se eliminarán antes de imputar: ['SMA_10', 'EMA_10']
2025-01-21 20:39:33 - INFO - Dataset preparado: 1207 filas, 19 features (después de imputación).
2025-01-21 20:39:33 - INFO - Balance de clases tras SMOTETomek:
target
1.0    606
0.0    606
Name: count, dtype: int64
2025-01-21 20:39:34 - INFO - Pipeline final entrenado con scale_pos_weight=1.00
2025-01-21 20:39:34 - INFO - Pipeline completo guardado en: ./results/XGBoost_Binario_trained_pipeline.joblib
2025-01-21 20:39:34 - INFO - Parámetros guardados en: ./results/XGBoost_Binario_model_params.txt
2025-01-21 20:39:34 - INFO - Lista de features guardada en: ./results/XGBoost_Binario_feature_cols.txt
2025-01-21 20:39:34 - INFO - Columnas de indicadores existentes eliminadas: ['RSI', 'MACD', 'MACDs', 'MACDh', 'OBV', 'BBL', 'BBM', 'BBU', 'STOCHk', 'STOCHd', 'CCI', 'SMA_10', 'SMA_50', 'SMA_200', 'EMA_10', 'EMA_50']
2025-01-21 20:39:34 - INFO - Indicadores técnicos agregados. Filas antes: 650, después: 451 (descartadas: 199)
2025-01-21 20:39:34 - INFO - Columnas renombradas: {'RSI_14': 'RSI', 'MACD_12_26_9': 'MACD', 'MACDs_12_26_9': 'MACDs', 'MACDh_12_26_9': 'MACDh', 'BBL_20_2.0': 'BBL', 'BBM_20_2.0': 'BBM', 'BBU_20_2.0': 'BBU', 'STOCHk_14_3_3': 'STOCHk', 'STOCHd_14_3_3': 'STOCHd', 'CCI_14_0.015': 'CCI', 'SMA_10': 'SMA_10', 'SMA_50': 'SMA_50', 'SMA_200': 'SMA_200', 'EMA_10': 'EMA_10', 'EMA_50': 'EMA_50'}
2025-01-21 20:39:34 - WARNING - Columna faltante 'SMA_10' añadida con NaN.
2025-01-21 20:39:34 - WARNING - Columna faltante 'EMA_10' añadida con NaN.
2025-01-21 20:39:34 - INFO - Target binario con look_ahead=3, min_change=0.031
2025-01-21 20:39:34 - INFO - Distribución de clases (0=Vender, 1=Comprar):
target
0.0    169
1.0    168
Name: count, dtype: int64
2025-01-21 20:39:34 - INFO - Muestra de datos con target:
                        close  future_close  change_pct  target
open_time                                                      
2021-01-29 08:00:00  32456.42      35634.00    0.097903     1.0
2022-11-14 05:45:00  15863.31      18148.26    0.144040     1.0
2021-02-23 13:45:00  48750.00      46978.18   -0.036345     0.0
2022-11-10 12:45:00  16672.03      17749.29    0.064615     1.0
2021-05-12 23:00:00  52663.16      49546.34   -0.059184     0.0
2021-01-12 01:15:00  34965.04      33821.49   -0.032706     0.0
2021-04-25 23:45:00  49066.77      54533.16    0.111407     1.0
2024-01-09 21:00:00  47918.36      61408.89    0.281532     1.0
2021-10-06 12:15:00  52277.06      57126.92    0.092772     1.0
2021-03-16 00:00:00  55954.24      58804.21    0.050934     1.0
2025-01-21 20:39:34 - INFO - Columnas extra eliminadas: ['change_pct', 'future_close']
2025-01-21 20:39:34 - WARNING - Estas columnas están 100% NaN y se eliminarán antes de imputar: ['SMA_10', 'EMA_10']
2025-01-21 20:39:34 - INFO - Dataset preparado: 337 filas, 19 features (después de imputación).
2025-01-21 20:39:34 - INFO - === Evaluación en Test ===
2025-01-21 20:39:34 - INFO - Matriz de confusión [0=Vender, 1=Comprar]:
[[109  60]
 [ 94  74]]
2025-01-21 20:39:34 - INFO - Reporte de Clasificación:
              precision    recall  f1-score   support

      Vender       0.54      0.64      0.59       169
     Comprar       0.55      0.44      0.49       168

    accuracy                           0.54       337
   macro avg       0.54      0.54      0.54       337
weighted avg       0.54      0.54      0.54       337

2025-01-21 20:39:34 - INFO - Precision (clase=1): 0.5522
2025-01-21 20:39:34 - INFO - F1 (clase=1): 0.4901
2025-01-21 20:39:34 - INFO - Recall (clase=1): 0.4405
2025-01-21 20:39:34 - INFO - Balanced Accuracy: 0.5427
2025-01-21 20:39:34 - INFO - MCC: 0.0873
2025-01-21 20:39:34 - INFO - AUC: 0.5543
2025-01-21 20:39:36 - INFO - Precisión final en Test (clase=1): 0.5522
2025-01-21 20:39:36 - INFO - Importancia de características guardada en ./results/feature_importances_binary.csv.
2025-01-21 20:39:37 - INFO - Gráfico de importancia de características guardado.
2025-01-21 20:39:38 - INFO - Calculando valores SHAP...
2025-01-21 20:39:40 - INFO - SHAP analysis completado y guardado.
2025-01-21 20:39:40 - INFO - Señales generadas con umbral=0.61
2025-01-21 20:39:40 - INFO - Señales filtradas por tendencia.
2025-01-21 20:39:40 - INFO - Señales guardadas en: ./results/signals_binary.csv
2025-01-21 20:39:40 - INFO - === Proceso Completado con Éxito ===
