2025-01-02 00:23:47 - INFO - Datos cargados desde /Users/oscarr/Desarrollo/Python0/ApiBinance/ML/data/processed/BTCUSDT_15m_processed.csv, filas: 251797
2025-01-02 00:23:48 - INFO - Indicadores técnicos agregados al DataFrame.
2025-01-02 00:23:48 - INFO - feature_columns.pkl actualizado con nuevas características.
2025-01-02 00:23:49 - INFO - Target binario con look_ahead=4, min_change=0.005
2025-01-02 00:23:49 - INFO - Distribución de clases (0/1):
target
0    214865
1     36879
Name: count, dtype: int64
2025-01-02 00:23:49 - INFO - División de datos en train y test completada.
2025-01-02 00:23:49 - INFO - === Buscando hiperparámetros (Optuna) en una muestra del training ===
2025-01-02 00:23:49 - INFO - Características cargadas desde: /Users/oscarr/Desarrollo/Python0/ApiBinance/ML/data/processed/feature_columns.pkl
2025-01-02 00:28:08 - INFO - Mejor valor de F1: 0.3682
2025-01-02 00:28:08 - INFO - Mejores parámetros: {'max_depth': 4, 'learning_rate': 0.0011010106807961071, 'n_estimators': 477, 'subsample': 0.707576022228291, 'colsample_bytree': 0.6305755594978064, 'gamma': 0.009276673812707048, 'reg_alpha': 0.0030221208666224666, 'reg_lambda': 0.0029140642281603154}
2025-01-02 00:28:08 - INFO - === Entrenando Pipeline Final con TODO el training ===
2025-01-02 00:28:25 - INFO - Pipeline final entrenado con todos los datos de entrenamiento (binario).
2025-01-02 00:28:25 - INFO - Modelo guardado en: /Users/oscarr/Desarrollo/Python0/ApiBinance/results/XGBoost_Binario_trained_pipeline.joblib
2025-01-02 00:28:25 - INFO - Parámetros guardados en: /Users/oscarr/Desarrollo/Python0/ApiBinance/results/XGBoost_Binario_model_params.txt
2025-01-02 00:28:25 - INFO - Lista de features guardada en: /Users/oscarr/Desarrollo/Python0/ApiBinance/results/XGBoost_Binario_feature_cols.txt
2025-01-02 00:28:25 - INFO - Indicadores técnicos agregados al DataFrame.
2025-01-02 00:28:25 - INFO - feature_columns.pkl actualizado con nuevas características.
2025-01-02 00:28:26 - INFO - Target binario con look_ahead=4, min_change=0.005
2025-01-02 00:28:26 - INFO - Distribución de clases (0/1):
target
0    45817
1     4479
Name: count, dtype: int64
2025-01-02 00:28:26 - INFO - === Evaluación en Test ===
2025-01-02 00:28:26 - ERROR - Error en la predicción: The feature names should match those that were passed during fit.
Feature names must be in the same order as they were in fit.

2025-01-02 00:28:26 - INFO - F1 final en Test (Binario): 0.0000
2025-01-02 00:28:26 - INFO - === Analizando importancia de características ===
2025-01-02 00:28:26 - INFO - Tabla de importancia de características guardada en /Users/oscarr/Desarrollo/Python0/ApiBinance/results/feature_importances_binario.csv.
2025-01-02 00:28:28 - INFO - Gráfico de importancia de características guardado.
2025-01-02 00:28:28 - INFO - === Ejecutando Backtest Básico ===
2025-01-02 00:28:28 - ERROR - Error en la ejecución principal: name 'simple_backtest_binary' is not defined
