2025-01-02 22:10:24 - INFO - Datos cargados desde ML/data/processed/BTCUSDT_15m_processed.csv, filas: 251947
2025-01-02 22:10:25 - INFO - Indicadores técnicos agregados al DataFrame. Filas antes: 251947, después: 251898
2025-01-02 22:10:25 - INFO - feature_columns.pkl actualizado con nuevas características.
2025-01-02 22:10:25 - INFO - Target binario mejorado con look_ahead=14, min_change=0.004, max_change=0.06
2025-01-02 22:10:25 - INFO - Distribución de clases (0/1):
target
0    177184
1     72719
Name: count, dtype: int64
2025-01-02 22:10:25 - INFO - División de datos en train y test completada.
2025-01-02 22:10:25 - INFO - === Buscando hiperparámetros (Optuna) en una muestra del training ===
2025-01-02 22:10:25 - INFO - Características cargadas desde: ML/data/processed/feature_columns.pkl
2025-01-02 22:10:25 - INFO - Cantidad de características antes de quitar problemáticas: 33
2025-01-02 22:10:25 - INFO - Cantidad de características después de quitar problemáticas: 33
2025-01-02 22:10:25 - INFO - Se eliminó 'close_time' de las características.
2025-01-02 22:10:25 - INFO - No se han identificado características categóricas.
2025-01-02 22:10:25 - INFO - Columnas eliminadas durante la preparación: ['close_time', 'future_close', 'change_pct']
2025-01-02 22:10:25 - INFO - Conjunto de datos preparado con 43982 filas y 32 características.
2025-01-02 22:10:25 - INFO - Tipo de y_train_sample: <class 'pandas.core.series.Series'>
2025-01-02 22:10:25 - INFO - Shape de y_train_sample: (43982,)
2025-01-02 22:10:26 - INFO - Después de SMOTE: target
1    4226
0    4226
Name: count, dtype: int64
2025-01-02 22:10:26 - INFO - Después de SMOTE: target
1    4226
0    4226
Name: count, dtype: int64
