2025-01-29 18:51:57 - INFO - Datos cargados desde ML/data/processed/BTCUSDT_15m_processed.csv, filas: 257756
2025-01-29 18:51:57 - INFO - Columnas de indicadores existentes eliminadas: ['RSI', 'MACD', 'MACDs', 'MACDh', 'OBV', 'BBL', 'BBM', 'BBU', 'SMA_10', 'SMA_50', 'EMA_10', 'EMA_50']
2025-01-29 18:51:57 - INFO - Indicadores técnicos agregados. Filas antes: 257756, después: 257557 (descartadas: 199)
2025-01-29 18:51:57 - INFO - Columnas renombradas: {'RSI_14': 'RSI', 'MACD_12_26_9': 'MACD', 'MACDs_12_26_9': 'MACDs', 'MACDh_12_26_9': 'MACDh', 'BBL_20_2.0': 'BBL', 'BBM_20_2.0': 'BBM', 'BBU_20_2.0': 'BBU', 'STOCHk_14_3_3': 'STOCHk', 'STOCHd_14_3_3': 'STOCHd', 'CCI_14_0.015': 'CCI', 'SMA_10': 'SMA_10', 'SMA_50': 'SMA_50', 'SMA_200': 'SMA_200', 'EMA_10': 'EMA_10', 'EMA_50': 'EMA_50'}
2025-01-29 18:51:57 - INFO - Target binario con look_ahead=3, min_change=0.03
2025-01-29 18:51:57 - INFO - Distribución de clases (0=Vender, 1=Comprar):
target
0.0    1090
1.0     967
Name: count, dtype: int64
2025-01-29 18:51:57 - INFO - Muestra de datos con target:
                        close  future_close  change_pct  target
open_time                                                      
2021-05-23 11:45:00  35389.10      33450.98   -0.054766     0.0
2021-01-27 18:45:00  29709.79      30707.54    0.033583     1.0
2021-05-22 10:00:00  37075.50      38337.98    0.034052     1.0
2018-10-15 05:15:00   6508.75       6926.10    0.064121     1.0
2019-05-30 20:30:00   8520.00       8202.31   -0.037288     0.0
2018-03-08 16:15:00   9782.03       9277.82   -0.051545     0.0
2017-10-13 01:30:00   5475.28       5642.00    0.030450     1.0
2017-12-19 23:30:00  17305.57      15882.78   -0.082216     0.0
2018-12-03 01:45:00   4144.67       4016.82   -0.030847     0.0
2017-11-29 14:30:00  11070.27      10699.68   -0.033476     0.0
2025-01-29 18:51:57 - INFO - División de datos en Train/Test completada.
2025-01-29 18:51:57 - INFO - === Búsqueda de hiperparámetros (Optuna) en muestra de Training ===
2025-01-29 18:51:57 - INFO - No se han identificado características categóricas.
2025-01-29 18:51:57 - INFO - Columnas extra eliminadas: ['future_close', 'change_pct']
2025-01-29 18:51:57 - INFO - Dataset preparado: 1203 filas, 21 features (después de imputación).
2025-01-29 18:51:57 - INFO - Iniciando optimización en Optuna (precisión clase=1)...
2025-01-29 18:51:57 - INFO - Balance de clases tras SMOTETomek:
target
1.0    483
0.0    483
Name: count, dtype: int64
2025-01-29 18:51:57 - INFO - Balance de clases tras SMOTETomek:
target
1.0    481
0.0    481
Name: count, dtype: int64
2025-01-29 18:51:57 - INFO - Balance de clases tras SMOTETomek:
target
1.0    482
0.0    482
Name: count, dtype: int64
2025-01-29 18:51:58 - INFO - Balance de clases tras SMOTETomek:
target
1.0    473
0.0    473
Name: count, dtype: int64
2025-01-29 18:51:58 - INFO - Balance de clases tras SMOTETomek:
target
1.0    482
0.0    482
Name: count, dtype: int64
2025-01-29 18:51:58 - INFO - Balance de clases tras SMOTETomek:
target
1.0    483
0.0    483
Name: count, dtype: int64
2025-01-29 18:51:58 - INFO - Balance de clases tras SMOTETomek:
target
1.0    481
0.0    481
Name: count, dtype: int64
2025-01-29 18:51:59 - INFO - Balance de clases tras SMOTETomek:
target
1.0    482
0.0    482
Name: count, dtype: int64
2025-01-29 18:51:59 - INFO - Balance de clases tras SMOTETomek:
target
1.0    473
0.0    473
Name: count, dtype: int64
2025-01-29 18:51:59 - INFO - Balance de clases tras SMOTETomek:
target
1.0    482
0.0    482
Name: count, dtype: int64
2025-01-29 18:52:00 - INFO - Balance de clases tras SMOTETomek:
target
1.0    483
0.0    483
Name: count, dtype: int64
2025-01-29 18:52:00 - INFO - Balance de clases tras SMOTETomek:
target
1.0    481
0.0    481
Name: count, dtype: int64
2025-01-29 18:52:01 - INFO - Balance de clases tras SMOTETomek:
target
1.0    482
0.0    482
Name: count, dtype: int64
2025-01-29 18:52:01 - INFO - Balance de clases tras SMOTETomek:
target
1.0    473
0.0    473
Name: count, dtype: int64
2025-01-29 18:52:02 - INFO - Balance de clases tras SMOTETomek:
target
1.0    482
0.0    482
Name: count, dtype: int64
2025-01-29 18:52:02 - INFO - Balance de clases tras SMOTETomek:
target
1.0    483
0.0    483
Name: count, dtype: int64
2025-01-29 18:52:03 - INFO - Balance de clases tras SMOTETomek:
target
1.0    481
0.0    481
Name: count, dtype: int64
2025-01-29 18:52:04 - INFO - Balance de clases tras SMOTETomek:
target
1.0    482
0.0    482
Name: count, dtype: int64
2025-01-29 18:52:04 - INFO - Balance de clases tras SMOTETomek:
target
1.0    473
0.0    473
Name: count, dtype: int64
2025-01-29 18:52:05 - INFO - Balance de clases tras SMOTETomek:
target
1.0    482
0.0    482
Name: count, dtype: int64
2025-01-29 18:52:06 - INFO - Balance de clases tras SMOTETomek:
target
1.0    483
0.0    483
Name: count, dtype: int64
2025-01-29 18:52:06 - INFO - Balance de clases tras SMOTETomek:
target
1.0    481
0.0    481
Name: count, dtype: int64
2025-01-29 18:52:06 - INFO - Balance de clases tras SMOTETomek:
target
1.0    482
0.0    482
Name: count, dtype: int64
2025-01-29 18:52:07 - INFO - Balance de clases tras SMOTETomek:
target
1.0    473
0.0    473
Name: count, dtype: int64
2025-01-29 18:52:07 - INFO - Balance de clases tras SMOTETomek:
target
1.0    482
0.0    482
Name: count, dtype: int64
2025-01-29 18:52:07 - INFO - Balance de clases tras SMOTETomek:
target
1.0    483
0.0    483
Name: count, dtype: int64
2025-01-29 18:52:08 - INFO - Balance de clases tras SMOTETomek:
target
1.0    481
0.0    481
Name: count, dtype: int64
2025-01-29 18:52:09 - INFO - Balance de clases tras SMOTETomek:
target
1.0    482
0.0    482
Name: count, dtype: int64
2025-01-29 18:52:10 - INFO - Balance de clases tras SMOTETomek:
target
1.0    473
0.0    473
Name: count, dtype: int64
2025-01-29 18:52:10 - INFO - Balance de clases tras SMOTETomek:
target
1.0    482
0.0    482
Name: count, dtype: int64
2025-01-29 18:52:11 - INFO - Balance de clases tras SMOTETomek:
target
1.0    483
0.0    483
Name: count, dtype: int64
2025-01-29 18:52:11 - INFO - Balance de clases tras SMOTETomek:
target
1.0    481
0.0    481
Name: count, dtype: int64
2025-01-29 18:52:12 - INFO - Balance de clases tras SMOTETomek:
target
1.0    482
0.0    482
Name: count, dtype: int64
2025-01-29 18:52:12 - INFO - Balance de clases tras SMOTETomek:
target
1.0    473
0.0    473
Name: count, dtype: int64
2025-01-29 18:52:12 - INFO - Balance de clases tras SMOTETomek:
target
1.0    482
0.0    482
Name: count, dtype: int64
2025-01-29 18:52:13 - INFO - Balance de clases tras SMOTETomek:
target
1.0    483
0.0    483
Name: count, dtype: int64
2025-01-29 18:52:14 - INFO - Balance de clases tras SMOTETomek:
target
1.0    481
0.0    481
Name: count, dtype: int64
2025-01-29 18:52:15 - INFO - Balance de clases tras SMOTETomek:
target
1.0    482
0.0    482
Name: count, dtype: int64
2025-01-29 18:52:17 - INFO - Balance de clases tras SMOTETomek:
target
1.0    473
0.0    473
Name: count, dtype: int64
2025-01-29 18:52:18 - INFO - Balance de clases tras SMOTETomek:
target
1.0    482
0.0    482
Name: count, dtype: int64
2025-01-29 18:52:19 - INFO - Balance de clases tras SMOTETomek:
target
1.0    483
0.0    483
Name: count, dtype: int64
2025-01-29 18:52:19 - INFO - Balance de clases tras SMOTETomek:
target
1.0    481
0.0    481
Name: count, dtype: int64
2025-01-29 18:52:20 - INFO - Balance de clases tras SMOTETomek:
target
1.0    482
0.0    482
Name: count, dtype: int64
2025-01-29 18:52:20 - INFO - Balance de clases tras SMOTETomek:
target
1.0    473
0.0    473
Name: count, dtype: int64
2025-01-29 18:52:20 - INFO - Balance de clases tras SMOTETomek:
target
1.0    482
0.0    482
Name: count, dtype: int64
2025-01-29 18:52:20 - INFO - Mejor Precisión (clase=1): 0.7452
2025-01-29 18:52:20 - INFO - Mejores parámetros: {'max_depth': 11, 'learning_rate': 0.020107531049695957, 'n_estimators': 671, 'subsample': 0.9510846054797798, 'colsample_bytree': 0.6659133520917333, 'gamma': 0.3377937105460287, 'reg_alpha': 0.09006696587638663, 'reg_lambda': 0.6928383321248949}
2025-01-29 18:52:20 - INFO - === Entrenando Pipeline Final con TODO el Training ===
2025-01-29 18:52:20 - INFO - Columnas extra eliminadas: ['future_close', 'change_pct']
2025-01-29 18:52:20 - INFO - Dataset preparado: 1337 filas, 21 features (después de imputación).
2025-01-29 18:52:20 - INFO - Balance de clases tras SMOTETomek:
target
1.0    678
0.0    678
Name: count, dtype: int64
2025-01-29 18:52:21 - INFO - Pipeline final entrenado con scale_pos_weight=1.00
2025-01-29 18:52:21 - INFO - Pipeline completo guardado en: .ML/results/XGBoost_Binario_trained_pipeline.joblib
2025-01-29 18:52:21 - INFO - Parámetros guardados en: .ML/results/XGBoost_Binario_model_params.txt
2025-01-29 18:52:21 - INFO - Lista de features guardada en: .ML/results/XGBoost_Binario_feature_cols.txt
2025-01-29 18:52:21 - INFO - Columnas de indicadores existentes eliminadas: ['RSI', 'MACD', 'MACDs', 'MACDh', 'OBV', 'BBL', 'BBM', 'BBU', 'STOCHk', 'STOCHd', 'CCI', 'SMA_10', 'SMA_50', 'SMA_200', 'EMA_10', 'EMA_50']
2025-01-29 18:52:21 - INFO - Indicadores técnicos agregados. Filas antes: 720, después: 521 (descartadas: 199)
2025-01-29 18:52:21 - INFO - Columnas renombradas: {'RSI_14': 'RSI', 'MACD_12_26_9': 'MACD', 'MACDs_12_26_9': 'MACDs', 'MACDh_12_26_9': 'MACDh', 'BBL_20_2.0': 'BBL', 'BBM_20_2.0': 'BBM', 'BBU_20_2.0': 'BBU', 'STOCHk_14_3_3': 'STOCHk', 'STOCHd_14_3_3': 'STOCHd', 'CCI_14_0.015': 'CCI', 'SMA_10': 'SMA_10', 'SMA_50': 'SMA_50', 'SMA_200': 'SMA_200', 'EMA_10': 'EMA_10', 'EMA_50': 'EMA_50'}
2025-01-29 18:52:21 - INFO - Target binario con look_ahead=3, min_change=0.03
2025-01-29 18:52:21 - INFO - Distribución de clases (0=Vender, 1=Comprar):
target
0.0    196
1.0    188
Name: count, dtype: int64
2025-01-29 18:52:21 - INFO - Muestra de datos con target:
                        close  future_close  change_pct  target
open_time                                                      
2021-01-21 21:15:00  31930.43      30850.13   -0.033833     0.0
2021-05-19 23:00:00  38001.82      35521.67   -0.065264     0.0
2021-02-15 01:30:00  47979.99      50517.37    0.052884     1.0
2022-06-18 06:15:00  20399.69      17809.00   -0.126997     0.0
2021-05-19 12:00:00  38734.99      35234.62   -0.090367     0.0
2022-11-08 17:45:00  19342.67      17725.10   -0.083627     0.0
2021-05-21 21:00:00  34112.99      36287.30    0.063738     1.0
2022-01-24 17:15:00  34646.53      45000.27    0.298839     1.0
2021-05-20 03:30:00  37979.70      41724.15    0.098591     1.0
2022-05-11 12:45:00  29329.30      30837.75    0.051432     1.0
2025-01-29 18:52:21 - INFO - Columnas extra eliminadas: ['change_pct', 'future_close']
2025-01-29 18:52:21 - INFO - Dataset preparado: 384 filas, 21 features (después de imputación).
2025-01-29 18:52:21 - INFO - === Evaluación en Test ===
2025-01-29 18:52:21 - INFO - Matriz de confusión [0=Vender, 1=Comprar]:
[[107  89]
 [100  88]]
2025-01-29 18:52:21 - INFO - Reporte de Clasificación:
              precision    recall  f1-score   support

      Vender       0.52      0.55      0.53       196
     Comprar       0.50      0.47      0.48       188

    accuracy                           0.51       384
   macro avg       0.51      0.51      0.51       384
weighted avg       0.51      0.51      0.51       384

2025-01-29 18:52:21 - INFO - Precision (clase=1): 0.4972
2025-01-29 18:52:21 - INFO - F1 (clase=1): 0.4822
2025-01-29 18:52:21 - INFO - Recall (clase=1): 0.4681
2025-01-29 18:52:21 - INFO - Balanced Accuracy: 0.5070
2025-01-29 18:52:21 - INFO - MCC: 0.0140
2025-01-29 18:52:21 - INFO - AUC: 0.5288
2025-01-29 18:52:22 - INFO - Precisión final en Test (clase=1): 0.4972
2025-01-29 18:52:22 - INFO - Importancia de características guardada en .ML/results/feature_importances_binary.csv.
2025-01-29 18:52:23 - INFO - Gráfico de importancia de características guardado.
2025-01-29 18:52:23 - INFO - Calculando valores SHAP...
2025-01-29 18:52:25 - INFO - SHAP analysis completado y guardado.
2025-01-29 18:52:25 - INFO - Señales generadas con umbral=0.63
2025-01-29 18:52:25 - INFO - Señales filtradas por tendencia.
2025-01-29 18:52:25 - INFO - Señales guardadas en: .ML/results/signals_binary.csv
2025-01-29 18:52:25 - INFO - === Proceso Completado con Éxito ===
