2025-01-03 01:25:02 - INFO - Datos cargados desde ML/data/processed/BTCUSDT_15m_processed.csv, filas: 251947
2025-01-03 01:25:02 - INFO - Columnas de indicadores técnicos existentes eliminadas: ['OBV']
2025-01-03 01:25:02 - INFO - Indicadores técnicos agregados al DataFrame. Filas antes: 251947, después: 251898
2025-01-03 01:25:02 - INFO - Columnas después de agregar indicadores técnicos: ['open', 'high', 'low', 'close', 'volume', 'close_time', 'quote_asset_volume', 'number_of_trades', 'taker_buy_base_asset_volume', 'taker_buy_quote_asset_volume', 'ignore', 'RSI_14', 'MACD_12_26_9', 'MACDh_12_26_9', 'MACDs_12_26_9', 'SMA_10', 'SMA_50', 'EMA_10', 'EMA_50', 'VWAP_D', 'BBL_20_2.0', 'BBM_20_2.0', 'BBU_20_2.0', 'BBB_20_2.0', 'BBP_20_2.0', 'ATRr_14', 'STOCHk_14_3_3', 'STOCHd_14_3_3', 'CCI_14_0.015', 'hour_of_day', 'day_of_week', 'is_weekend', 'RSI_14_', 'MACD_12_26_9_', 'MACDh_12_26_9_', 'MACDs_12_26_9_', 'SMA_10_', 'SMA_50_', 'EMA_10_', 'EMA_50_', 'VWAP_D_', 'OBV_', 'BBL_20_2.0_', 'BBM_20_2.0_', 'BBU_20_2.0_', 'BBB_20_2.0_', 'BBP_20_2.0_', 'ATRr_14_', 'STOCHk_14_3_3_', 'STOCHd_14_3_3_', 'CCI_14_0.015_']
2025-01-03 01:25:02 - INFO - Columnas renombradas: {'RSI_14': 'RSI', 'RSI_14_': 'RSI_', 'MACD_12_26_9': 'MACD', 'MACD_12_26_9_': 'MACD_', 'MACDh_12_26_9': 'MACDh', 'MACDh_12_26_9_': 'MACDh_', 'MACDs_12_26_9': 'MACDs', 'MACDs_12_26_9_': 'MACDs_', 'VWAP_D': 'VWAP', 'VWAP_D_': 'VWAP_', 'BBL_20_2.0': 'BBL', 'BBL_20_2.0_': 'BBL_', 'BBM_20_2.0': 'BBM', 'BBM_20_2.0_': 'BBM_', 'BBU_20_2.0': 'BBU', 'BBU_20_2.0_': 'BBU_', 'ATRr_14': 'ATR', 'ATRr_14_': 'ATR_', 'STOCHk_14_3_3': 'STOCHk', 'STOCHk_14_3_3_': 'STOCHk_', 'STOCHd_14_3_3': 'STOCHd', 'STOCHd_14_3_3_': 'STOCHd_', 'CCI_14_0.015': 'CCI', 'CCI_14_0.015_': 'CCI_'}
2025-01-03 01:25:02 - INFO - Columnas duplicadas eliminadas: ['RSI_', 'MACD_', 'MACDh_', 'MACDs_', 'SMA_10_', 'SMA_50_', 'EMA_10_', 'EMA_50_', 'VWAP_', 'OBV_', 'BBL_', 'BBM_', 'BBU_', 'BBB_20_2.0_', 'BBP_20_2.0_', 'ATR_', 'STOCHk_', 'STOCHd_', 'CCI_']
2025-01-03 01:25:02 - WARNING - La columna 'OBV' no está presente después de agregar indicadores. Añadiendo 'OBV' con valor 0.
2025-01-03 01:25:03 - INFO - Target binario mejorado con look_ahead=48, min_change=0.007, max_change=0.12
2025-01-03 01:25:03 - INFO - Distribución de clases (0/1):
target
0    171420
1     79541
Name: count, dtype: int64
2025-01-03 01:25:03 - INFO - División de datos en train y test completada.
2025-01-03 01:25:03 - INFO - === Buscando hiperparámetros (Optuna) en una muestra del training ===
2025-01-03 01:25:03 - INFO - Características utilizadas: ['open', 'high', 'low', 'close', 'volume', 'hour_of_day', 'day_of_week', 'is_weekend', 'RSI', 'MACD', 'MACDs', 'MACDh', 'SMA_10', 'SMA_50', 'EMA_10', 'EMA_50', 'VWAP', 'OBV', 'BBL', 'BBM', 'BBU', 'ATR', 'STOCHk', 'STOCHd', 'CCI']
2025-01-03 01:25:03 - INFO - No se han identificado características categóricas.
2025-01-03 01:25:03 - INFO - Columnas presentes en el DataFrame: ['open', 'high', 'low', 'close', 'volume', 'close_time', 'quote_asset_volume', 'number_of_trades', 'taker_buy_base_asset_volume', 'taker_buy_quote_asset_volume', 'ignore', 'RSI', 'MACD', 'MACDh', 'MACDs', 'SMA_10', 'SMA_50', 'EMA_10', 'EMA_50', 'VWAP', 'BBL', 'BBM', 'BBU', 'BBB_20_2.0', 'BBP_20_2.0', 'ATR', 'STOCHk', 'STOCHd', 'CCI', 'hour_of_day', 'day_of_week', 'is_weekend', 'OBV', 'future_close', 'change_pct', 'target']
2025-01-03 01:25:03 - INFO - Columnas eliminadas durante la preparación: ['close_time', 'quote_asset_volume', 'number_of_trades', 'taker_buy_base_asset_volume', 'taker_buy_quote_asset_volume', 'ignore', 'BBB_20_2.0', 'BBP_20_2.0', 'future_close', 'change_pct']
2025-01-03 01:25:03 - INFO - Conjunto de datos preparado con 47055 filas y 25 características.
2025-01-03 01:25:03 - INFO - Tipo de y_train_sample: <class 'pandas.core.series.Series'>
2025-01-03 01:25:03 - INFO - Shape de y_train_sample: (47055,)
2025-01-03 01:25:03 - INFO - Después de SMOTE: target
0    4257
1    4257
Name: count, dtype: int64
2025-01-03 01:25:03 - INFO - Después de SMOTE: target
0    4257
1    4257
Name: count, dtype: int64
2025-01-03 01:25:04 - INFO - Después de SMOTE: target
0    8385
1    8385
Name: count, dtype: int64
2025-01-03 01:25:04 - INFO - Después de SMOTE: target
0    8385
1    8385
Name: count, dtype: int64
2025-01-03 01:25:05 - INFO - Después de SMOTE: target
0    12825
1    12825
Name: count, dtype: int64
2025-01-03 01:25:05 - INFO - Después de SMOTE: target
0    12825
1    12825
Name: count, dtype: int64
2025-01-03 01:25:07 - INFO - Después de SMOTE: target
0    18283
1    18283
Name: count, dtype: int64
2025-01-03 01:25:08 - INFO - Después de SMOTE: target
0    18283
1    18283
Name: count, dtype: int64
2025-01-03 01:25:10 - INFO - Después de SMOTE: target
0    23685
1    23685
Name: count, dtype: int64
2025-01-03 01:25:12 - INFO - Después de SMOTE: target
0    23685
1    23685
Name: count, dtype: int64
