2025-01-11 19:21:14 - INFO - Datos cargados desde ML/data/processed/BTCUSDT_15m_processed.csv, filas: 254923
2025-01-11 19:21:14 - INFO - Columnas de indicadores existentes eliminadas: ['RSI', 'MACD', 'MACDs', 'MACDh', 'OBV', 'BBL', 'BBM', 'BBU', 'SMA_10', 'SMA_50', 'EMA_10', 'EMA_50']
2025-01-11 19:21:15 - INFO - Indicadores técnicos agregados. Filas antes: 254923, después: 254724 (descartadas: 199)
2025-01-11 19:21:15 - INFO - Columnas renombradas: {'RSI_14': 'RSI', 'MACD_12_26_9': 'MACD', 'MACDs_12_26_9': 'MACDs', 'MACDh_12_26_9': 'MACDh', 'VWAP': 'VWAP', 'BBL_20_2.0': 'BBL', 'BBM_20_2.0': 'BBM', 'BBU_20_2.0': 'BBU', 'ATR_14': 'ATR', 'STOCHk_14_3_3': 'STOCHk', 'STOCHd_14_3_3': 'STOCHd', 'CCI_14_0.015': 'CCI', 'SMA_10': 'SMA_10', 'SMA_50': 'SMA_50', 'SMA_200': 'SMA_200', 'EMA_10': 'EMA_10', 'EMA_50': 'EMA_50'}
2025-01-11 19:21:15 - WARNING - Columna faltante 'VWAP' añadida con NaN.
2025-01-11 19:21:15 - WARNING - Columna faltante 'ATR' añadida con NaN.
2025-01-11 19:21:15 - INFO - Target binario con look_ahead=4, min_change=0.032
2025-01-11 19:21:15 - INFO - Distribución de clases (0=Vender, 1=Comprar):
target
0.0    1329
1.0    1185
Name: count, dtype: int64
2025-01-11 19:21:15 - INFO - Muestra de datos con target:
                        close  future_close  change_pct  target
open_time                                                      
2023-01-18 15:15:00  21432.14      20670.72   -0.035527     0.0
2017-12-08 02:30:00  16739.49      15900.00   -0.050150     0.0
2018-01-01 10:15:00  13549.03      13079.98   -0.034619     0.0
2021-01-29 08:15:00  32018.33      37495.78    0.171072     1.0
2021-03-13 09:15:00  57418.90      59516.73    0.036536     1.0
2017-11-27 08:45:00   9650.01       9295.02   -0.036786     0.0
2018-03-08 16:30:00   9764.83       9308.70   -0.046712     0.0
2018-02-22 09:15:00  10518.92      10179.98   -0.032222     0.0
2023-01-13 23:30:00  19865.09      21024.29    0.058354     1.0
2018-03-07 16:15:00  10419.41       9607.11   -0.077960     0.0
2025-01-11 19:21:15 - INFO - División de datos en Train/Test completada.
2025-01-11 19:21:15 - INFO - === Búsqueda de hiperparámetros (Optuna) en muestra de Training ===
2025-01-11 19:21:15 - INFO - No se han identificado características categóricas.
2025-01-11 19:21:15 - INFO - Columnas extra eliminadas: ['future_close', 'change_pct']
2025-01-11 19:21:15 - WARNING - Estas columnas están 100% NaN y se eliminarán antes de imputar: ['VWAP', 'ATR']
2025-01-11 19:21:15 - INFO - Dataset preparado: 1470 filas, 21 features (después de imputación).
2025-01-11 19:21:15 - INFO - Balance de clases tras SMOTETomek:
target
0.0    596
1.0    596
Name: count, dtype: int64
2025-01-11 19:21:15 - INFO - Balance de clases tras SMOTETomek:
target
0.0    596
1.0    596
Name: count, dtype: int64
2025-01-11 19:21:16 - INFO - Balance de clases tras SMOTETomek:
target
0.0    594
1.0    594
Name: count, dtype: int64
2025-01-11 19:21:16 - INFO - Balance de clases tras SMOTETomek:
target
0.0    604
1.0    604
Name: count, dtype: int64
2025-01-11 19:21:16 - INFO - Balance de clases tras SMOTETomek:
target
1.0    600
0.0    600
Name: count, dtype: int64
2025-01-11 19:21:16 - INFO - Balance de clases tras SMOTETomek:
target
0.0    594
1.0    594
Name: count, dtype: int64
2025-01-11 19:21:17 - INFO - Balance de clases tras SMOTETomek:
target
0.0    604
1.0    604
Name: count, dtype: int64
2025-01-11 19:21:17 - INFO - Balance de clases tras SMOTETomek:
target
0.0    596
1.0    596
Name: count, dtype: int64
2025-01-11 19:21:17 - INFO - Balance de clases tras SMOTETomek:
target
0.0    604
1.0    604
Name: count, dtype: int64
2025-01-11 19:21:18 - INFO - Balance de clases tras SMOTETomek:
target
0.0    594
1.0    594
Name: count, dtype: int64
2025-01-11 19:21:19 - INFO - Balance de clases tras SMOTETomek:
target
1.0    600
0.0    600
Name: count, dtype: int64
2025-01-11 19:21:19 - INFO - Balance de clases tras SMOTETomek:
target
0.0    604
1.0    604
Name: count, dtype: int64
2025-01-11 19:21:20 - INFO - Balance de clases tras SMOTETomek:
target
1.0    600
0.0    600
Name: count, dtype: int64
2025-01-11 19:21:20 - INFO - Balance de clases tras SMOTETomek:
target
0.0    604
1.0    604
Name: count, dtype: int64
2025-01-11 19:21:21 - INFO - Balance de clases tras SMOTETomek:
target
0.0    604
1.0    604
Name: count, dtype: int64
2025-01-11 19:21:21 - INFO - Balance de clases tras SMOTETomek:
target
0.0    596
1.0    596
Name: count, dtype: int64
2025-01-11 19:21:22 - INFO - Balance de clases tras SMOTETomek:
target
0.0    594
1.0    594
Name: count, dtype: int64
2025-01-11 19:21:22 - INFO - Balance de clases tras SMOTETomek:
target
0.0    596
1.0    596
Name: count, dtype: int64
2025-01-11 19:21:22 - INFO - Balance de clases tras SMOTETomek:
target
0.0    604
1.0    604
Name: count, dtype: int64
2025-01-11 19:21:22 - INFO - Balance de clases tras SMOTETomek:
target
1.0    600
0.0    600
Name: count, dtype: int64
2025-01-11 19:21:23 - INFO - Balance de clases tras SMOTETomek:
target
0.0    604
1.0    604
Name: count, dtype: int64
2025-01-11 19:21:23 - INFO - Balance de clases tras SMOTETomek:
target
0.0    596
1.0    596
Name: count, dtype: int64
2025-01-11 19:21:23 - INFO - Balance de clases tras SMOTETomek:
target
0.0    594
1.0    594
Name: count, dtype: int64
2025-01-11 19:21:24 - INFO - Balance de clases tras SMOTETomek:
target
0.0    594
1.0    594
Name: count, dtype: int64
2025-01-11 19:21:25 - INFO - Balance de clases tras SMOTETomek:
target
0.0    604
1.0    604
Name: count, dtype: int64
2025-01-11 19:21:25 - INFO - Balance de clases tras SMOTETomek:
target
0.0    604
1.0    604
Name: count, dtype: int64
2025-01-11 19:21:26 - INFO - Balance de clases tras SMOTETomek:
target
1.0    600
0.0    600
Name: count, dtype: int64
2025-01-11 19:21:27 - INFO - Balance de clases tras SMOTETomek:
target
1.0    600
0.0    600
Name: count, dtype: int64
2025-01-11 19:21:27 - INFO - Balance de clases tras SMOTETomek:
target
0.0    604
1.0    604
Name: count, dtype: int64
2025-01-11 19:21:28 - INFO - Balance de clases tras SMOTETomek:
target
0.0    604
1.0    604
Name: count, dtype: int64
2025-01-11 19:21:29 - INFO - Balance de clases tras SMOTETomek:
target
0.0    596
1.0    596
Name: count, dtype: int64
2025-01-11 19:21:29 - INFO - Balance de clases tras SMOTETomek:
target
0.0    596
1.0    596
Name: count, dtype: int64
2025-01-11 19:21:29 - INFO - Balance de clases tras SMOTETomek:
target
0.0    594
1.0    594
Name: count, dtype: int64
2025-01-11 19:21:30 - INFO - Balance de clases tras SMOTETomek:
target
0.0    604
1.0    604
Name: count, dtype: int64
2025-01-11 19:21:31 - INFO - Balance de clases tras SMOTETomek:
target
1.0    600
0.0    600
Name: count, dtype: int64
2025-01-11 19:21:31 - INFO - Balance de clases tras SMOTETomek:
target
0.0    594
1.0    594
Name: count, dtype: int64
2025-01-11 19:21:31 - INFO - Balance de clases tras SMOTETomek:
target
0.0    604
1.0    604
Name: count, dtype: int64
2025-01-11 19:21:32 - INFO - Balance de clases tras SMOTETomek:
target
0.0    596
1.0    596
Name: count, dtype: int64
2025-01-11 19:21:33 - INFO - Balance de clases tras SMOTETomek:
target
0.0    604
1.0    604
Name: count, dtype: int64
2025-01-11 19:21:33 - INFO - Balance de clases tras SMOTETomek:
target
0.0    594
1.0    594
Name: count, dtype: int64
2025-01-11 19:21:35 - INFO - Balance de clases tras SMOTETomek:
target
1.0    600
0.0    600
Name: count, dtype: int64
2025-01-11 19:21:35 - INFO - Balance de clases tras SMOTETomek:
target
0.0    604
1.0    604
Name: count, dtype: int64
2025-01-11 19:21:36 - INFO - Balance de clases tras SMOTETomek:
target
1.0    600
0.0    600
Name: count, dtype: int64
2025-01-11 19:21:37 - INFO - Balance de clases tras SMOTETomek:
target
0.0    604
1.0    604
Name: count, dtype: int64
2025-01-11 19:21:38 - INFO - Balance de clases tras SMOTETomek:
target
0.0    604
1.0    604
Name: count, dtype: int64
2025-01-11 19:21:39 - INFO - Balance de clases tras SMOTETomek:
target
0.0    596
1.0    596
Name: count, dtype: int64
2025-01-11 19:21:39 - INFO - Balance de clases tras SMOTETomek:
target
0.0    596
1.0    596
Name: count, dtype: int64
2025-01-11 19:21:40 - INFO - Balance de clases tras SMOTETomek:
target
0.0    594
1.0    594
Name: count, dtype: int64
2025-01-11 19:21:40 - INFO - Balance de clases tras SMOTETomek:
target
0.0    594
1.0    594
Name: count, dtype: int64
2025-01-11 19:21:41 - INFO - Balance de clases tras SMOTETomek:
target
0.0    604
1.0    604
Name: count, dtype: int64
2025-01-11 19:21:42 - INFO - Balance de clases tras SMOTETomek:
target
0.0    604
1.0    604
Name: count, dtype: int64
2025-01-11 19:21:42 - INFO - Balance de clases tras SMOTETomek:
target
1.0    600
0.0    600
Name: count, dtype: int64
2025-01-11 19:21:43 - INFO - Balance de clases tras SMOTETomek:
target
0.0    604
1.0    604
Name: count, dtype: int64
2025-01-11 19:21:43 - INFO - Balance de clases tras SMOTETomek:
target
1.0    600
0.0    600
Name: count, dtype: int64
2025-01-11 19:21:44 - INFO - Balance de clases tras SMOTETomek:
target
0.0    596
1.0    596
Name: count, dtype: int64
2025-01-11 19:21:44 - INFO - Balance de clases tras SMOTETomek:
target
0.0    594
1.0    594
Name: count, dtype: int64
2025-01-11 19:21:45 - INFO - Balance de clases tras SMOTETomek:
target
0.0    604
1.0    604
Name: count, dtype: int64
2025-01-11 19:21:45 - INFO - Balance de clases tras SMOTETomek:
target
0.0    604
1.0    604
Name: count, dtype: int64
2025-01-11 19:21:46 - INFO - Balance de clases tras SMOTETomek:
target
1.0    600
0.0    600
Name: count, dtype: int64
2025-01-11 19:21:46 - INFO - Balance de clases tras SMOTETomek:
target
0.0    596
1.0    596
Name: count, dtype: int64
2025-01-11 19:21:46 - INFO - Balance de clases tras SMOTETomek:
target
0.0    604
1.0    604
Name: count, dtype: int64
2025-01-11 19:21:47 - INFO - Balance de clases tras SMOTETomek:
target
0.0    594
1.0    594
Name: count, dtype: int64
2025-01-11 19:21:47 - INFO - Balance de clases tras SMOTETomek:
target
0.0    596
1.0    596
Name: count, dtype: int64
2025-01-11 19:21:47 - INFO - Balance de clases tras SMOTETomek:
target
0.0    604
1.0    604
Name: count, dtype: int64
2025-01-11 19:21:48 - INFO - Balance de clases tras SMOTETomek:
target
0.0    594
1.0    594
Name: count, dtype: int64
2025-01-11 19:21:48 - INFO - Balance de clases tras SMOTETomek:
target
1.0    600
0.0    600
Name: count, dtype: int64
2025-01-11 19:21:48 - INFO - Balance de clases tras SMOTETomek:
target
0.0    604
1.0    604
Name: count, dtype: int64
2025-01-11 19:21:48 - INFO - Balance de clases tras SMOTETomek:
target
0.0    604
1.0    604
Name: count, dtype: int64
2025-01-11 19:21:49 - INFO - Balance de clases tras SMOTETomek:
target
0.0    596
1.0    596
Name: count, dtype: int64
2025-01-11 19:21:49 - INFO - Balance de clases tras SMOTETomek:
target
1.0    600
0.0    600
Name: count, dtype: int64
2025-01-11 19:21:50 - INFO - Balance de clases tras SMOTETomek:
target
0.0    594
1.0    594
Name: count, dtype: int64
2025-01-11 19:21:50 - INFO - Balance de clases tras SMOTETomek:
target
0.0    604
1.0    604
Name: count, dtype: int64
2025-01-11 19:21:50 - INFO - Balance de clases tras SMOTETomek:
target
0.0    604
1.0    604
Name: count, dtype: int64
2025-01-11 19:21:50 - INFO - Balance de clases tras SMOTETomek:
target
0.0    596
1.0    596
Name: count, dtype: int64
2025-01-11 19:21:51 - INFO - Balance de clases tras SMOTETomek:
target
1.0    600
0.0    600
Name: count, dtype: int64
2025-01-11 19:21:51 - INFO - Balance de clases tras SMOTETomek:
target
0.0    604
1.0    604
Name: count, dtype: int64
2025-01-11 19:21:52 - INFO - Balance de clases tras SMOTETomek:
target
0.0    594
1.0    594
Name: count, dtype: int64
2025-01-11 19:21:52 - INFO - Balance de clases tras SMOTETomek:
target
0.0    596
1.0    596
Name: count, dtype: int64
2025-01-11 19:21:53 - INFO - Balance de clases tras SMOTETomek:
target
0.0    604
1.0    604
Name: count, dtype: int64
2025-01-11 19:21:54 - INFO - Balance de clases tras SMOTETomek:
target
0.0    594
1.0    594
Name: count, dtype: int64
2025-01-11 19:21:54 - INFO - Balance de clases tras SMOTETomek:
target
1.0    600
0.0    600
Name: count, dtype: int64
2025-01-11 19:21:55 - INFO - Balance de clases tras SMOTETomek:
target
0.0    604
1.0    604
Name: count, dtype: int64
2025-01-11 19:21:56 - INFO - Balance de clases tras SMOTETomek:
target
0.0    604
1.0    604
Name: count, dtype: int64
2025-01-11 19:21:57 - INFO - Balance de clases tras SMOTETomek:
target
0.0    596
1.0    596
Name: count, dtype: int64
2025-01-11 19:21:58 - INFO - Balance de clases tras SMOTETomek:
target
0.0    594
1.0    594
Name: count, dtype: int64
2025-01-11 19:21:58 - INFO - Balance de clases tras SMOTETomek:
target
1.0    600
0.0    600
Name: count, dtype: int64
2025-01-11 19:21:59 - INFO - Balance de clases tras SMOTETomek:
target
0.0    604
1.0    604
Name: count, dtype: int64
2025-01-11 19:22:00 - INFO - Balance de clases tras SMOTETomek:
target
1.0    600
0.0    600
Name: count, dtype: int64
2025-01-11 19:22:00 - INFO - Balance de clases tras SMOTETomek:
target
0.0    604
1.0    604
Name: count, dtype: int64
2025-01-11 19:22:01 - INFO - Balance de clases tras SMOTETomek:
target
0.0    604
1.0    604
Name: count, dtype: int64
2025-01-11 19:22:02 - INFO - Balance de clases tras SMOTETomek:
target
0.0    596
1.0    596
Name: count, dtype: int64
2025-01-11 19:22:02 - INFO - Balance de clases tras SMOTETomek:
target
0.0    596
1.0    596
Name: count, dtype: int64
2025-01-11 19:22:03 - INFO - Balance de clases tras SMOTETomek:
target
0.0    594
1.0    594
Name: count, dtype: int64
2025-01-11 19:22:03 - INFO - Balance de clases tras SMOTETomek:
target
0.0    594
1.0    594
Name: count, dtype: int64
2025-01-11 19:22:04 - INFO - Balance de clases tras SMOTETomek:
target
0.0    604
1.0    604
Name: count, dtype: int64
2025-01-11 19:22:04 - INFO - Balance de clases tras SMOTETomek:
target
0.0    604
1.0    604
Name: count, dtype: int64
2025-01-11 19:22:05 - INFO - Balance de clases tras SMOTETomek:
target
1.0    600
0.0    600
Name: count, dtype: int64
2025-01-11 19:22:05 - INFO - Balance de clases tras SMOTETomek:
target
1.0    600
0.0    600
Name: count, dtype: int64
2025-01-11 19:22:06 - INFO - Balance de clases tras SMOTETomek:
target
0.0    604
1.0    604
Name: count, dtype: int64
2025-01-11 19:22:06 - INFO - Balance de clases tras SMOTETomek:
target
0.0    604
1.0    604
Name: count, dtype: int64
2025-01-11 19:22:07 - INFO - Balance de clases tras SMOTETomek:
target
0.0    596
1.0    596
Name: count, dtype: int64
2025-01-11 19:22:07 - INFO - Balance de clases tras SMOTETomek:
target
0.0    596
1.0    596
Name: count, dtype: int64
2025-01-11 19:22:09 - INFO - Balance de clases tras SMOTETomek:
target
0.0    594
1.0    594
Name: count, dtype: int64
2025-01-11 19:22:09 - INFO - Balance de clases tras SMOTETomek:
target
0.0    594
1.0    594
Name: count, dtype: int64
2025-01-11 19:22:10 - INFO - Balance de clases tras SMOTETomek:
target
0.0    604
1.0    604
Name: count, dtype: int64
2025-01-11 19:22:11 - INFO - Balance de clases tras SMOTETomek:
target
1.0    600
0.0    600
Name: count, dtype: int64
2025-01-11 19:22:11 - INFO - Balance de clases tras SMOTETomek:
target
0.0    604
1.0    604
Name: count, dtype: int64
2025-01-11 19:22:12 - INFO - Balance de clases tras SMOTETomek:
target
0.0    604
1.0    604
Name: count, dtype: int64
2025-01-11 19:22:13 - INFO - Balance de clases tras SMOTETomek:
target
1.0    600
0.0    600
Name: count, dtype: int64
2025-01-11 19:22:13 - INFO - Balance de clases tras SMOTETomek:
target
0.0    596
1.0    596
Name: count, dtype: int64
2025-01-11 19:22:14 - INFO - Balance de clases tras SMOTETomek:
target
0.0    594
1.0    594
Name: count, dtype: int64
2025-01-11 19:22:15 - INFO - Balance de clases tras SMOTETomek:
target
0.0    604
1.0    604
Name: count, dtype: int64
2025-01-11 19:22:16 - INFO - Balance de clases tras SMOTETomek:
target
0.0    604
1.0    604
Name: count, dtype: int64
2025-01-11 19:22:19 - INFO - Balance de clases tras SMOTETomek:
target
1.0    600
0.0    600
Name: count, dtype: int64
2025-01-11 19:22:19 - INFO - Balance de clases tras SMOTETomek:
target
0.0    596
1.0    596
Name: count, dtype: int64
2025-01-11 19:22:20 - INFO - Balance de clases tras SMOTETomek:
target
0.0    604
1.0    604
Name: count, dtype: int64
2025-01-11 19:22:21 - INFO - Balance de clases tras SMOTETomek:
target
0.0    594
1.0    594
Name: count, dtype: int64
2025-01-11 19:22:21 - INFO - Balance de clases tras SMOTETomek:
target
0.0    596
1.0    596
Name: count, dtype: int64
2025-01-11 19:22:22 - INFO - Balance de clases tras SMOTETomek:
target
0.0    604
1.0    604
Name: count, dtype: int64
2025-01-11 19:22:22 - INFO - Balance de clases tras SMOTETomek:
target
0.0    594
1.0    594
Name: count, dtype: int64
2025-01-11 19:22:23 - INFO - Balance de clases tras SMOTETomek:
target
1.0    600
0.0    600
Name: count, dtype: int64
2025-01-11 19:22:23 - INFO - Balance de clases tras SMOTETomek:
target
0.0    604
1.0    604
Name: count, dtype: int64
2025-01-11 19:22:24 - INFO - Balance de clases tras SMOTETomek:
target
1.0    600
0.0    600
Name: count, dtype: int64
2025-01-11 19:22:24 - INFO - Balance de clases tras SMOTETomek:
target
0.0    604
1.0    604
Name: count, dtype: int64
2025-01-11 19:22:25 - INFO - Balance de clases tras SMOTETomek:
target
0.0    604
1.0    604
Name: count, dtype: int64
2025-01-11 19:22:25 - INFO - Balance de clases tras SMOTETomek:
target
0.0    596
1.0    596
Name: count, dtype: int64
2025-01-11 19:22:26 - INFO - Balance de clases tras SMOTETomek:
target
0.0    596
1.0    596
Name: count, dtype: int64
2025-01-11 19:22:26 - INFO - Balance de clases tras SMOTETomek:
target
0.0    594
1.0    594
Name: count, dtype: int64
2025-01-11 19:22:27 - INFO - Balance de clases tras SMOTETomek:
target
0.0    594
1.0    594
Name: count, dtype: int64
2025-01-11 19:22:28 - INFO - Balance de clases tras SMOTETomek:
target
0.0    604
1.0    604
Name: count, dtype: int64
2025-01-11 19:22:29 - INFO - Balance de clases tras SMOTETomek:
target
0.0    604
1.0    604
Name: count, dtype: int64
2025-01-11 19:22:29 - INFO - Balance de clases tras SMOTETomek:
target
1.0    600
0.0    600
Name: count, dtype: int64
2025-01-11 19:22:30 - INFO - Balance de clases tras SMOTETomek:
target
1.0    600
0.0    600
Name: count, dtype: int64
2025-01-11 19:22:30 - INFO - Balance de clases tras SMOTETomek:
target
0.0    604
1.0    604
Name: count, dtype: int64
2025-01-11 19:22:32 - INFO - Balance de clases tras SMOTETomek:
target
0.0    604
1.0    604
Name: count, dtype: int64
2025-01-11 19:22:32 - INFO - Balance de clases tras SMOTETomek:
target
0.0    596
1.0    596
Name: count, dtype: int64
2025-01-11 19:22:33 - INFO - Balance de clases tras SMOTETomek:
target
0.0    596
1.0    596
Name: count, dtype: int64
2025-01-11 19:22:33 - INFO - Balance de clases tras SMOTETomek:
target
0.0    594
1.0    594
Name: count, dtype: int64
2025-01-11 19:22:35 - INFO - Balance de clases tras SMOTETomek:
target
0.0    594
1.0    594
Name: count, dtype: int64
2025-01-11 19:22:35 - INFO - Balance de clases tras SMOTETomek:
target
0.0    604
1.0    604
Name: count, dtype: int64
2025-01-11 19:22:37 - INFO - Balance de clases tras SMOTETomek:
target
1.0    600
0.0    600
Name: count, dtype: int64
2025-01-11 19:22:37 - INFO - Balance de clases tras SMOTETomek:
target
0.0    604
1.0    604
Name: count, dtype: int64
2025-01-11 19:22:38 - INFO - Balance de clases tras SMOTETomek:
target
0.0    604
1.0    604
Name: count, dtype: int64
2025-01-11 19:22:38 - INFO - Balance de clases tras SMOTETomek:
target
1.0    600
0.0    600
Name: count, dtype: int64
2025-01-11 19:22:40 - INFO - Balance de clases tras SMOTETomek:
target
0.0    596
1.0    596
Name: count, dtype: int64
2025-01-11 19:22:40 - INFO - Balance de clases tras SMOTETomek:
target
0.0    604
1.0    604
Name: count, dtype: int64
2025-01-11 19:22:41 - INFO - Balance de clases tras SMOTETomek:
target
0.0    594
1.0    594
Name: count, dtype: int64
2025-01-11 19:22:42 - INFO - Balance de clases tras SMOTETomek:
target
0.0    596
1.0    596
Name: count, dtype: int64
2025-01-11 19:22:42 - INFO - Balance de clases tras SMOTETomek:
target
0.0    604
1.0    604
Name: count, dtype: int64
2025-01-11 19:22:43 - INFO - Balance de clases tras SMOTETomek:
target
0.0    594
1.0    594
Name: count, dtype: int64
2025-01-11 19:22:44 - INFO - Balance de clases tras SMOTETomek:
target
1.0    600
0.0    600
Name: count, dtype: int64
2025-01-11 19:22:44 - INFO - Balance de clases tras SMOTETomek:
target
0.0    604
1.0    604
Name: count, dtype: int64
2025-01-11 19:22:45 - INFO - Balance de clases tras SMOTETomek:
target
0.0    604
1.0    604
Name: count, dtype: int64
2025-01-11 19:22:45 - INFO - Balance de clases tras SMOTETomek:
target
1.0    600
0.0    600
Name: count, dtype: int64
2025-01-11 19:22:46 - INFO - Balance de clases tras SMOTETomek:
target
0.0    596
1.0    596
Name: count, dtype: int64
2025-01-11 19:22:46 - INFO - Balance de clases tras SMOTETomek:
target
0.0    594
1.0    594
Name: count, dtype: int64
2025-01-11 19:22:47 - INFO - Balance de clases tras SMOTETomek:
target
0.0    604
1.0    604
Name: count, dtype: int64
2025-01-11 19:22:47 - INFO - Balance de clases tras SMOTETomek:
target
0.0    604
1.0    604
Name: count, dtype: int64
2025-01-11 19:22:47 - INFO - Balance de clases tras SMOTETomek:
target
1.0    600
0.0    600
Name: count, dtype: int64
2025-01-11 19:22:47 - INFO - Balance de clases tras SMOTETomek:
target
0.0    604
1.0    604
Name: count, dtype: int64
2025-01-11 19:22:48 - INFO - Balance de clases tras SMOTETomek:
target
0.0    596
1.0    596
Name: count, dtype: int64
2025-01-11 19:22:48 - INFO - Balance de clases tras SMOTETomek:
target
0.0    596
1.0    596
Name: count, dtype: int64
2025-01-11 19:22:49 - INFO - Balance de clases tras SMOTETomek:
target
0.0    594
1.0    594
Name: count, dtype: int64
2025-01-11 19:22:49 - INFO - Balance de clases tras SMOTETomek:
target
0.0    594
1.0    594
Name: count, dtype: int64
2025-01-11 19:22:49 - INFO - Balance de clases tras SMOTETomek:
target
0.0    604
1.0    604
Name: count, dtype: int64
2025-01-11 19:22:50 - INFO - Balance de clases tras SMOTETomek:
target
0.0    604
1.0    604
Name: count, dtype: int64
2025-01-11 19:22:50 - INFO - Balance de clases tras SMOTETomek:
target
1.0    600
0.0    600
Name: count, dtype: int64
2025-01-11 19:22:50 - INFO - Balance de clases tras SMOTETomek:
target
1.0    600
0.0    600
Name: count, dtype: int64
2025-01-11 19:22:51 - INFO - Balance de clases tras SMOTETomek:
target
0.0    604
1.0    604
Name: count, dtype: int64
2025-01-11 19:22:51 - INFO - Balance de clases tras SMOTETomek:
target
0.0    596
1.0    596
Name: count, dtype: int64
2025-01-11 19:22:51 - INFO - Balance de clases tras SMOTETomek:
target
0.0    604
1.0    604
Name: count, dtype: int64
2025-01-11 19:22:52 - INFO - Balance de clases tras SMOTETomek:
target
0.0    596
1.0    596
Name: count, dtype: int64
2025-01-11 19:22:53 - INFO - Balance de clases tras SMOTETomek:
target
0.0    594
1.0    594
Name: count, dtype: int64
2025-01-11 19:22:53 - INFO - Balance de clases tras SMOTETomek:
target
0.0    594
1.0    594
Name: count, dtype: int64
2025-01-11 19:22:54 - INFO - Balance de clases tras SMOTETomek:
target
0.0    604
1.0    604
Name: count, dtype: int64
2025-01-11 19:22:54 - INFO - Balance de clases tras SMOTETomek:
target
0.0    604
1.0    604
Name: count, dtype: int64
2025-01-11 19:22:55 - INFO - Balance de clases tras SMOTETomek:
target
1.0    600
0.0    600
Name: count, dtype: int64
2025-01-11 19:22:55 - INFO - Balance de clases tras SMOTETomek:
target
1.0    600
0.0    600
Name: count, dtype: int64
2025-01-11 19:22:56 - INFO - Balance de clases tras SMOTETomek:
target
0.0    604
1.0    604
Name: count, dtype: int64
2025-01-11 19:22:57 - INFO - Balance de clases tras SMOTETomek:
target
0.0    604
1.0    604
Name: count, dtype: int64
2025-01-11 19:22:57 - INFO - Balance de clases tras SMOTETomek:
target
0.0    596
1.0    596
Name: count, dtype: int64
2025-01-11 19:22:58 - INFO - Balance de clases tras SMOTETomek:
target
0.0    596
1.0    596
Name: count, dtype: int64
2025-01-11 19:22:59 - INFO - Balance de clases tras SMOTETomek:
target
0.0    594
1.0    594
Name: count, dtype: int64
2025-01-11 19:22:59 - INFO - Balance de clases tras SMOTETomek:
target
0.0    594
1.0    594
Name: count, dtype: int64
2025-01-11 19:23:00 - INFO - Balance de clases tras SMOTETomek:
target
0.0    604
1.0    604
Name: count, dtype: int64
2025-01-11 19:23:01 - INFO - Balance de clases tras SMOTETomek:
target
0.0    604
1.0    604
Name: count, dtype: int64
2025-01-11 19:23:01 - INFO - Balance de clases tras SMOTETomek:
target
1.0    600
0.0    600
Name: count, dtype: int64
2025-01-11 19:23:02 - INFO - Balance de clases tras SMOTETomek:
target
1.0    600
0.0    600
Name: count, dtype: int64
2025-01-11 19:23:02 - INFO - Balance de clases tras SMOTETomek:
target
0.0    604
1.0    604
Name: count, dtype: int64
2025-01-11 19:23:03 - INFO - Balance de clases tras SMOTETomek:
target
0.0    604
1.0    604
Name: count, dtype: int64
2025-01-11 19:23:04 - INFO - Balance de clases tras SMOTETomek:
target
0.0    596
1.0    596
Name: count, dtype: int64
2025-01-11 19:23:05 - INFO - Balance de clases tras SMOTETomek:
target
0.0    594
1.0    594
Name: count, dtype: int64
2025-01-11 19:23:05 - INFO - Balance de clases tras SMOTETomek:
target
0.0    596
1.0    596
Name: count, dtype: int64
2025-01-11 19:23:06 - INFO - Balance de clases tras SMOTETomek:
target
0.0    594
1.0    594
Name: count, dtype: int64
2025-01-11 19:23:06 - INFO - Balance de clases tras SMOTETomek:
target
0.0    604
1.0    604
Name: count, dtype: int64
2025-01-11 19:23:07 - INFO - Balance de clases tras SMOTETomek:
target
0.0    604
1.0    604
Name: count, dtype: int64
2025-01-11 19:23:07 - INFO - Balance de clases tras SMOTETomek:
target
1.0    600
0.0    600
Name: count, dtype: int64
2025-01-11 19:23:07 - INFO - Balance de clases tras SMOTETomek:
target
1.0    600
0.0    600
Name: count, dtype: int64
2025-01-11 19:23:08 - INFO - Balance de clases tras SMOTETomek:
target
0.0    604
1.0    604
Name: count, dtype: int64
2025-01-11 19:23:08 - INFO - Balance de clases tras SMOTETomek:
target
0.0    604
1.0    604
Name: count, dtype: int64
2025-01-11 19:23:09 - INFO - Mejor Precision: 0.7898
2025-01-11 19:23:09 - INFO - Mejores parámetros: {'max_depth': 7, 'learning_rate': 0.09982134093125837, 'n_estimators': 382, 'subsample': 0.9343663576736515, 'colsample_bytree': 0.8635617811751075, 'gamma': 0.5872799210157185, 'reg_alpha': 0.26863492086365637, 'reg_lambda': 0.01291447480415131}
2025-01-11 19:23:09 - INFO - === Entrenando Pipeline Final con TODO el Training ===
2025-01-11 19:23:09 - INFO - Columnas extra eliminadas: ['future_close', 'change_pct']
2025-01-11 19:23:09 - WARNING - Estas columnas están 100% NaN y se eliminarán antes de imputar: ['VWAP', 'ATR']
2025-01-11 19:23:09 - INFO - Dataset preparado: 1634 filas, 21 features (después de imputación).
2025-01-11 19:23:09 - INFO - Balance de clases tras SMOTETomek:
target
0.0    853
1.0    853
Name: count, dtype: int64
2025-01-11 19:23:10 - INFO - Pipeline final entrenado con TODOS los datos de entrenamiento.
2025-01-11 19:23:10 - INFO - Pipeline completo guardado en: ./results/XGBoost_Binario_trained_pipeline.joblib
2025-01-11 19:23:10 - INFO - Parámetros guardados en: ./results/XGBoost_Binario_model_params.txt
2025-01-11 19:23:10 - INFO - Lista de features guardada en: ./results/XGBoost_Binario_feature_cols.txt
2025-01-11 19:23:10 - INFO - Columnas de indicadores existentes eliminadas: ['RSI', 'MACD', 'MACDs', 'MACDh', 'VWAP', 'OBV', 'BBL', 'BBM', 'BBU', 'ATR', 'STOCHk', 'STOCHd', 'CCI', 'SMA_10', 'SMA_50', 'SMA_200', 'EMA_10', 'EMA_50']
2025-01-11 19:23:10 - INFO - Indicadores técnicos agregados. Filas antes: 880, después: 681 (descartadas: 199)
2025-01-11 19:23:10 - INFO - Columnas renombradas: {'RSI_14': 'RSI', 'MACD_12_26_9': 'MACD', 'MACDs_12_26_9': 'MACDs', 'MACDh_12_26_9': 'MACDh', 'VWAP': 'VWAP', 'BBL_20_2.0': 'BBL', 'BBM_20_2.0': 'BBM', 'BBU_20_2.0': 'BBU', 'ATR_14': 'ATR', 'STOCHk_14_3_3': 'STOCHk', 'STOCHd_14_3_3': 'STOCHd', 'CCI_14_0.015': 'CCI', 'SMA_10': 'SMA_10', 'SMA_50': 'SMA_50', 'SMA_200': 'SMA_200', 'EMA_10': 'EMA_10', 'EMA_50': 'EMA_50'}
2025-01-11 19:23:10 - WARNING - Columna faltante 'VWAP' añadida con NaN.
2025-01-11 19:23:10 - WARNING - Columna faltante 'ATR' añadida con NaN.
2025-01-11 19:23:10 - INFO - Target binario con look_ahead=4, min_change=0.032
2025-01-11 19:23:10 - INFO - Distribución de clases (0=Vender, 1=Comprar):
target
1.0    264
0.0    251
Name: count, dtype: int64
2025-01-11 19:23:10 - INFO - Muestra de datos con target:
                        close  future_close  change_pct  target
open_time                                                      
2022-11-14 13:30:00  17067.18      19930.01    0.167739     1.0
2024-08-05 23:45:00  54018.81      61586.42    0.140092     1.0
2021-11-16 09:00:00  60781.18      52306.87   -0.139423     0.0
2024-08-05 13:45:00  51951.00      58157.55    0.119469     1.0
2021-01-29 07:45:00  32266.35      37495.78    0.162071     1.0
2022-03-16 01:45:00  39512.48      44758.04    0.132757     1.0
2021-05-13 16:00:00  49942.95      44800.73   -0.102962     0.0
2021-05-19 22:30:00  39350.00      35521.67   -0.097289     0.0
2021-06-21 06:00:00  34494.77      31514.14   -0.086408     0.0
2021-07-26 00:15:00  35733.65      40285.18    0.127374     1.0
2025-01-11 19:23:10 - INFO - Columnas extra eliminadas: ['change_pct', 'future_close']
2025-01-11 19:23:10 - WARNING - Estas columnas están 100% NaN y se eliminarán antes de imputar: ['VWAP', 'ATR']
2025-01-11 19:23:10 - INFO - Dataset preparado: 515 filas, 21 features (después de imputación).
2025-01-11 19:23:10 - INFO - === Evaluación en Test ===
2025-01-11 19:23:10 - INFO - Matriz de confusión [0=Vender, 1=Comprar]:
[[156  95]
 [148 116]]
2025-01-11 19:23:10 - INFO - Reporte de Clasificación:
              precision    recall  f1-score   support

      Vender       0.51      0.62      0.56       251
     Comprar       0.55      0.44      0.49       264

    accuracy                           0.53       515
   macro avg       0.53      0.53      0.53       515
weighted avg       0.53      0.53      0.52       515

2025-01-11 19:23:10 - INFO - Precision: 0.5498
2025-01-11 19:23:10 - INFO - F1-score: 0.4884
2025-01-11 19:23:10 - INFO - Recall: 0.4394
2025-01-11 19:23:10 - INFO - Balanced Accuracy: 0.5305
2025-01-11 19:23:10 - INFO - MCC: 0.0619
2025-01-11 19:23:10 - INFO - AUC: 0.5126
2025-01-11 19:23:11 - INFO - Precision final en Test: 0.5498
2025-01-11 19:23:11 - INFO - Importancia de características guardada en ./results/feature_importances_binary.csv.
2025-01-11 19:23:12 - INFO - Gráfico de importancia de características guardado.
2025-01-11 19:23:12 - INFO - Calculando valores SHAP...
2025-01-11 19:23:14 - INFO - SHAP analysis completado y guardado.
2025-01-11 19:23:14 - INFO - Señales generadas con umbral=0.55
2025-01-11 19:23:14 - INFO - Señales filtradas por tendencia.
2025-01-11 19:23:14 - INFO - Señales guardadas en: ./results/signals_binary.csv
2025-01-11 19:23:14 - INFO - === Proceso Completado con Éxito ===
