2025-01-09 23:03:14 - INFO - Datos cargados desde ML/data/processed/BTCUSDT_15m_processed.csv, filas: 251947
2025-01-09 23:03:14 - INFO - Columnas de indicadores existentes eliminadas: ['RSI', 'MACD', 'MACDs', 'MACDh', 'OBV', 'BBL', 'BBM', 'BBU', 'SMA_10', 'SMA_50', 'EMA_10', 'EMA_50']
2025-01-09 23:03:15 - INFO - Indicadores técnicos agregados. Filas antes: 251947, después: 251748 (descartadas: 199)
2025-01-09 23:03:15 - INFO - Columnas renombradas: {'RSI_14': 'RSI', 'MACD_12_26_9': 'MACD', 'MACDs_12_26_9': 'MACDs', 'MACDh_12_26_9': 'MACDh', 'VWAP': 'VWAP', 'BBL_20_2.0': 'BBL', 'BBM_20_2.0': 'BBM', 'BBU_20_2.0': 'BBU', 'ATR_14': 'ATR', 'STOCHk_14_3_3': 'STOCHk', 'STOCHd_14_3_3': 'STOCHd', 'CCI_14_0.015': 'CCI', 'SMA_10': 'SMA_10', 'SMA_50': 'SMA_50', 'SMA_200': 'SMA_200', 'EMA_10': 'EMA_10', 'EMA_50': 'EMA_50'}
2025-01-09 23:03:15 - WARNING - Columna faltante 'VWAP' añadida con NaN.
2025-01-09 23:03:15 - WARNING - Columna faltante 'ATR' añadida con NaN.
2025-01-09 23:03:15 - INFO - Target binario con look_ahead=18, min_change=0.05
2025-01-09 23:03:15 - INFO - Distribución de clases (0=Vender, 1=Comprar):
target
0.0    2457
1.0    2350
Name: count, dtype: int64
2025-01-09 23:03:15 - INFO - Muestra de datos con target:
                        close  future_close  change_pct  target
open_time                                                      
2020-03-20 20:45:00   5963.79       6285.56    0.053954     1.0
2022-07-18 02:00:00  20969.30      22171.76    0.057344     1.0
2018-02-03 05:15:00   8469.00       8928.89    0.054303     1.0
2018-02-02 12:30:00   8040.00       8950.00    0.113184     1.0
2021-09-24 07:45:00  44818.46      41575.01   -0.072369     0.0
2017-12-09 00:15:00  16216.09      15328.38   -0.054743     0.0
2024-03-06 04:00:00  63497.99      67012.02    0.055341     1.0
2018-01-26 12:00:00  10442.99      11119.52    0.064783     1.0
2018-12-20 07:45:00   3733.70       3994.77    0.069923     1.0
2023-08-29 13:15:00  26015.20      27892.07    0.072145     1.0
2025-01-09 23:03:15 - INFO - División de datos en Train/Test completada.
2025-01-09 23:03:15 - INFO - === Búsqueda de hiperparámetros (Optuna) en muestra de Training ===
2025-01-09 23:03:15 - INFO - No se han identificado características categóricas.
2025-01-09 23:03:15 - INFO - Columnas extra eliminadas: ['future_close', 'change_pct']
2025-01-09 23:03:15 - WARNING - Estas columnas están 100% NaN y se eliminarán antes de imputar: ['VWAP', 'ATR']
2025-01-09 23:03:15 - INFO - Dataset preparado: 1009 filas, 21 features (después de imputación).
2025-01-09 23:03:15 - INFO - Balance de clases tras SMOTETomek:
target
0.0    410
1.0    410
Name: count, dtype: int64
2025-01-09 23:03:15 - INFO - Balance de clases tras SMOTETomek:
target
0.0    410
1.0    410
Name: count, dtype: int64
2025-01-09 23:03:15 - INFO - Balance de clases tras SMOTETomek:
target
0.0    409
1.0    409
Name: count, dtype: int64
2025-01-09 23:03:15 - INFO - Balance de clases tras SMOTETomek:
target
0.0    409
1.0    409
Name: count, dtype: int64
2025-01-09 23:03:16 - INFO - Balance de clases tras SMOTETomek:
target
0.0    408
1.0    408
Name: count, dtype: int64
2025-01-09 23:03:16 - INFO - Balance de clases tras SMOTETomek:
target
0.0    408
1.0    408
Name: count, dtype: int64
2025-01-09 23:03:16 - INFO - Balance de clases tras SMOTETomek:
target
0.0    410
1.0    410
Name: count, dtype: int64
2025-01-09 23:03:16 - INFO - Balance de clases tras SMOTETomek:
target
0.0    410
1.0    410
Name: count, dtype: int64
2025-01-09 23:03:17 - INFO - Balance de clases tras SMOTETomek:
target
0.0    411
1.0    411
Name: count, dtype: int64
2025-01-09 23:03:17 - INFO - Balance de clases tras SMOTETomek:
target
0.0    411
1.0    411
Name: count, dtype: int64
2025-01-09 23:03:17 - INFO - Balance de clases tras SMOTETomek:
target
0.0    410
1.0    410
Name: count, dtype: int64
2025-01-09 23:03:17 - INFO - Balance de clases tras SMOTETomek:
target
0.0    410
1.0    410
Name: count, dtype: int64
2025-01-09 23:03:18 - INFO - Balance de clases tras SMOTETomek:
target
0.0    409
1.0    409
Name: count, dtype: int64
2025-01-09 23:03:18 - INFO - Balance de clases tras SMOTETomek:
target
0.0    409
1.0    409
Name: count, dtype: int64
2025-01-09 23:03:18 - INFO - Balance de clases tras SMOTETomek:
target
0.0    408
1.0    408
Name: count, dtype: int64
2025-01-09 23:03:18 - INFO - Balance de clases tras SMOTETomek:
target
0.0    408
1.0    408
Name: count, dtype: int64
2025-01-09 23:03:19 - INFO - Balance de clases tras SMOTETomek:
target
0.0    410
1.0    410
Name: count, dtype: int64
2025-01-09 23:03:19 - INFO - Balance de clases tras SMOTETomek:
target
0.0    410
1.0    410
Name: count, dtype: int64
2025-01-09 23:03:19 - INFO - Balance de clases tras SMOTETomek:
target
0.0    411
1.0    411
Name: count, dtype: int64
2025-01-09 23:03:19 - INFO - Balance de clases tras SMOTETomek:
target
0.0    410
1.0    410
Name: count, dtype: int64
2025-01-09 23:03:20 - INFO - Balance de clases tras SMOTETomek:
target
0.0    411
1.0    411
Name: count, dtype: int64
2025-01-09 23:03:20 - INFO - Balance de clases tras SMOTETomek:
target
0.0    409
1.0    409
Name: count, dtype: int64
2025-01-09 23:03:20 - INFO - Balance de clases tras SMOTETomek:
target
0.0    408
1.0    408
Name: count, dtype: int64
2025-01-09 23:03:20 - INFO - Balance de clases tras SMOTETomek:
target
0.0    410
1.0    410
Name: count, dtype: int64
2025-01-09 23:03:20 - INFO - Balance de clases tras SMOTETomek:
target
0.0    410
1.0    410
Name: count, dtype: int64
2025-01-09 23:03:21 - INFO - Balance de clases tras SMOTETomek:
target
0.0    411
1.0    411
Name: count, dtype: int64
2025-01-09 23:03:21 - INFO - Balance de clases tras SMOTETomek:
target
0.0    410
1.0    410
Name: count, dtype: int64
2025-01-09 23:03:22 - INFO - Balance de clases tras SMOTETomek:
target
0.0    409
1.0    409
Name: count, dtype: int64
2025-01-09 23:03:22 - INFO - Balance de clases tras SMOTETomek:
target
0.0    409
1.0    409
Name: count, dtype: int64
2025-01-09 23:03:23 - INFO - Balance de clases tras SMOTETomek:
target
0.0    408
1.0    408
Name: count, dtype: int64
2025-01-09 23:03:23 - INFO - Balance de clases tras SMOTETomek:
target
0.0    408
1.0    408
Name: count, dtype: int64
2025-01-09 23:03:23 - INFO - Balance de clases tras SMOTETomek:
target
0.0    410
1.0    410
Name: count, dtype: int64
2025-01-09 23:03:24 - INFO - Balance de clases tras SMOTETomek:
target
0.0    410
1.0    410
Name: count, dtype: int64
2025-01-09 23:03:24 - INFO - Balance de clases tras SMOTETomek:
target
0.0    411
1.0    411
Name: count, dtype: int64
2025-01-09 23:03:25 - INFO - Balance de clases tras SMOTETomek:
target
0.0    410
1.0    410
Name: count, dtype: int64
2025-01-09 23:03:25 - INFO - Balance de clases tras SMOTETomek:
target
0.0    411
1.0    411
Name: count, dtype: int64
2025-01-09 23:03:25 - INFO - Balance de clases tras SMOTETomek:
target
0.0    409
1.0    409
Name: count, dtype: int64
2025-01-09 23:03:26 - INFO - Balance de clases tras SMOTETomek:
target
0.0    408
1.0    408
Name: count, dtype: int64
2025-01-09 23:03:26 - INFO - Balance de clases tras SMOTETomek:
target
0.0    410
1.0    410
Name: count, dtype: int64
2025-01-09 23:03:27 - INFO - Balance de clases tras SMOTETomek:
target
0.0    410
1.0    410
Name: count, dtype: int64
2025-01-09 23:03:27 - INFO - Balance de clases tras SMOTETomek:
target
0.0    411
1.0    411
Name: count, dtype: int64
2025-01-09 23:03:28 - INFO - Balance de clases tras SMOTETomek:
target
0.0    410
1.0    410
Name: count, dtype: int64
2025-01-09 23:03:28 - INFO - Balance de clases tras SMOTETomek:
target
0.0    409
1.0    409
Name: count, dtype: int64
2025-01-09 23:03:29 - INFO - Balance de clases tras SMOTETomek:
target
0.0    408
1.0    408
Name: count, dtype: int64
2025-01-09 23:03:29 - INFO - Balance de clases tras SMOTETomek:
target
0.0    409
1.0    409
Name: count, dtype: int64
2025-01-09 23:03:30 - INFO - Balance de clases tras SMOTETomek:
target
0.0    410
1.0    410
Name: count, dtype: int64
2025-01-09 23:03:31 - INFO - Balance de clases tras SMOTETomek:
target
0.0    408
1.0    408
Name: count, dtype: int64
2025-01-09 23:03:31 - INFO - Balance de clases tras SMOTETomek:
target
0.0    411
1.0    411
Name: count, dtype: int64
2025-01-09 23:03:32 - INFO - Balance de clases tras SMOTETomek:
target
0.0    410
1.0    410
Name: count, dtype: int64
2025-01-09 23:03:33 - INFO - Balance de clases tras SMOTETomek:
target
0.0    410
1.0    410
Name: count, dtype: int64
2025-01-09 23:03:33 - INFO - Balance de clases tras SMOTETomek:
target
0.0    409
1.0    409
Name: count, dtype: int64
2025-01-09 23:03:34 - INFO - Balance de clases tras SMOTETomek:
target
0.0    408
1.0    408
Name: count, dtype: int64
2025-01-09 23:03:35 - INFO - Balance de clases tras SMOTETomek:
target
0.0    411
1.0    411
Name: count, dtype: int64
2025-01-09 23:03:35 - INFO - Balance de clases tras SMOTETomek:
target
0.0    410
1.0    410
Name: count, dtype: int64
2025-01-09 23:03:36 - INFO - Balance de clases tras SMOTETomek:
target
0.0    411
1.0    411
Name: count, dtype: int64
2025-01-09 23:03:36 - INFO - Balance de clases tras SMOTETomek:
target
0.0    410
1.0    410
Name: count, dtype: int64
2025-01-09 23:03:37 - INFO - Balance de clases tras SMOTETomek:
target
0.0    410
1.0    410
Name: count, dtype: int64
2025-01-09 23:03:37 - INFO - Balance de clases tras SMOTETomek:
target
0.0    409
1.0    409
Name: count, dtype: int64
2025-01-09 23:03:37 - INFO - Balance de clases tras SMOTETomek:
target
0.0    409
1.0    409
Name: count, dtype: int64
2025-01-09 23:03:38 - INFO - Balance de clases tras SMOTETomek:
target
0.0    408
1.0    408
Name: count, dtype: int64
2025-01-09 23:03:38 - INFO - Balance de clases tras SMOTETomek:
target
0.0    408
1.0    408
Name: count, dtype: int64
2025-01-09 23:03:38 - INFO - Balance de clases tras SMOTETomek:
target
0.0    410
1.0    410
Name: count, dtype: int64
2025-01-09 23:03:39 - INFO - Balance de clases tras SMOTETomek:
target
0.0    410
1.0    410
Name: count, dtype: int64
2025-01-09 23:03:39 - INFO - Balance de clases tras SMOTETomek:
target
0.0    411
1.0    411
Name: count, dtype: int64
2025-01-09 23:03:39 - INFO - Balance de clases tras SMOTETomek:
target
0.0    411
1.0    411
Name: count, dtype: int64
2025-01-09 23:03:40 - INFO - Balance de clases tras SMOTETomek:
target
0.0    410
1.0    410
Name: count, dtype: int64
2025-01-09 23:03:40 - INFO - Balance de clases tras SMOTETomek:
target
0.0    410
1.0    410
Name: count, dtype: int64
2025-01-09 23:03:40 - INFO - Balance de clases tras SMOTETomek:
target
0.0    409
1.0    409
Name: count, dtype: int64
2025-01-09 23:03:41 - INFO - Balance de clases tras SMOTETomek:
target
0.0    409
1.0    409
Name: count, dtype: int64
2025-01-09 23:03:41 - INFO - Balance de clases tras SMOTETomek:
target
0.0    408
1.0    408
Name: count, dtype: int64
2025-01-09 23:03:41 - INFO - Balance de clases tras SMOTETomek:
target
0.0    410
1.0    410
Name: count, dtype: int64
2025-01-09 23:03:41 - INFO - Balance de clases tras SMOTETomek:
target
0.0    408
1.0    408
Name: count, dtype: int64
2025-01-09 23:03:42 - INFO - Balance de clases tras SMOTETomek:
target
0.0    411
1.0    411
Name: count, dtype: int64
2025-01-09 23:03:42 - INFO - Balance de clases tras SMOTETomek:
target
0.0    410
1.0    410
Name: count, dtype: int64
2025-01-09 23:03:43 - INFO - Balance de clases tras SMOTETomek:
target
0.0    411
1.0    411
Name: count, dtype: int64
2025-01-09 23:03:43 - INFO - Mejor Precision: 0.9270
2025-01-09 23:03:43 - INFO - Mejores parámetros: {'max_depth': 10, 'learning_rate': 0.07391999751585215, 'n_estimators': 138, 'subsample': 0.8227893561893391, 'colsample_bytree': 0.7214960739991161, 'gamma': 0.2088734321295873, 'reg_alpha': 0.338877102866013, 'reg_lambda': 0.9293450599973687}
2025-01-09 23:03:43 - INFO - === Entrenando Pipeline Final con TODO el Training ===
2025-01-09 23:03:43 - INFO - Columnas extra eliminadas: ['future_close', 'change_pct']
2025-01-09 23:03:43 - WARNING - Estas columnas están 100% NaN y se eliminarán antes de imputar: ['VWAP', 'ATR']
2025-01-09 23:03:43 - INFO - Dataset preparado: 3364 filas, 21 features (después de imputación).
2025-01-09 23:03:43 - INFO - Balance de clases tras SMOTETomek:
target
0.0    1720
1.0    1720
Name: count, dtype: int64
2025-01-09 23:03:44 - INFO - Pipeline final entrenado con TODOS los datos de entrenamiento.
2025-01-09 23:03:44 - INFO - Pipeline completo guardado en: ./results/XGBoost_Binario_trained_pipeline.joblib
2025-01-09 23:03:44 - INFO - Parámetros guardados en: ./results/XGBoost_Binario_model_params.txt
2025-01-09 23:03:44 - INFO - Lista de features guardada en: ./results/XGBoost_Binario_feature_cols.txt
2025-01-09 23:03:44 - INFO - Columnas de indicadores existentes eliminadas: ['RSI', 'MACD', 'MACDs', 'MACDh', 'VWAP', 'OBV', 'BBL', 'BBM', 'BBU', 'ATR', 'STOCHk', 'STOCHd', 'CCI', 'SMA_10', 'SMA_50', 'SMA_200', 'EMA_10', 'EMA_50']
2025-01-09 23:03:44 - INFO - Indicadores técnicos agregados. Filas antes: 1443, después: 1244 (descartadas: 199)
2025-01-09 23:03:44 - INFO - Columnas renombradas: {'RSI_14': 'RSI', 'MACD_12_26_9': 'MACD', 'MACDs_12_26_9': 'MACDs', 'MACDh_12_26_9': 'MACDh', 'VWAP': 'VWAP', 'BBL_20_2.0': 'BBL', 'BBM_20_2.0': 'BBM', 'BBU_20_2.0': 'BBU', 'ATR_14': 'ATR', 'STOCHk_14_3_3': 'STOCHk', 'STOCHd_14_3_3': 'STOCHd', 'CCI_14_0.015': 'CCI', 'SMA_10': 'SMA_10', 'SMA_50': 'SMA_50', 'SMA_200': 'SMA_200', 'EMA_10': 'EMA_10', 'EMA_50': 'EMA_50'}
2025-01-09 23:03:44 - WARNING - Columna faltante 'VWAP' añadida con NaN.
2025-01-09 23:03:44 - WARNING - Columna faltante 'ATR' añadida con NaN.
2025-01-09 23:03:44 - INFO - Target binario con look_ahead=18, min_change=0.05
2025-01-09 23:03:44 - INFO - Distribución de clases (0=Vender, 1=Comprar):
target
0.0    471
1.0    413
Name: count, dtype: int64
2025-01-09 23:03:44 - INFO - Muestra de datos con target:
                        close  future_close  change_pct  target
open_time                                                      
2023-03-12 20:30:00  21205.71      22332.37    0.053130     1.0
2021-06-22 14:15:00  29730.77      32720.01    0.100544     1.0
2023-02-15 17:15:00  22794.37      21507.80   -0.056442     0.0
2021-11-26 06:15:00  57695.80      52664.50   -0.087204     0.0
2022-07-27 16:00:00  21587.45      19413.08   -0.100724     0.0
2022-02-24 16:45:00  36156.98      38276.92    0.058632     1.0
2022-06-13 20:45:00  23245.83      20372.10   -0.123623     0.0
2021-10-06 11:30:00  51237.70      57586.52    0.123909     1.0
2022-06-13 04:30:00  25804.87      22917.52   -0.111892     0.0
2023-01-12 16:15:00  18134.38      21353.61    0.177521     1.0
2025-01-09 23:03:44 - INFO - Columnas extra eliminadas: ['change_pct', 'future_close']
2025-01-09 23:03:44 - WARNING - Estas columnas están 100% NaN y se eliminarán antes de imputar: ['VWAP', 'ATR']
2025-01-09 23:03:44 - INFO - Dataset preparado: 884 filas, 21 features (después de imputación).
2025-01-09 23:03:44 - INFO - === Evaluación en Test ===
2025-01-09 23:03:44 - INFO - Matriz de confusión [0=Vender, 1=Comprar]:
[[281 190]
 [267 146]]
2025-01-09 23:03:44 - INFO - Reporte de Clasificación:
              precision    recall  f1-score   support

      Vender       0.51      0.60      0.55       471
     Comprar       0.43      0.35      0.39       413

    accuracy                           0.48       884
   macro avg       0.47      0.48      0.47       884
weighted avg       0.48      0.48      0.48       884

2025-01-09 23:03:44 - INFO - Precision: 0.4345
2025-01-09 23:03:44 - INFO - F1-score: 0.3899
2025-01-09 23:03:44 - INFO - Recall: 0.3535
2025-01-09 23:03:44 - INFO - Balanced Accuracy: 0.4751
2025-01-09 23:03:44 - INFO - MCC: -0.0513
2025-01-09 23:03:44 - INFO - AUC: 0.4726
2025-01-09 23:03:46 - INFO - Precision final en Test: 0.4345
2025-01-09 23:03:46 - INFO - Importancia de características guardada en ./results/feature_importances_binary.csv.
2025-01-09 23:03:47 - INFO - Gráfico de importancia de características guardado.
2025-01-09 23:03:48 - INFO - Calculando valores SHAP...
2025-01-09 23:03:49 - INFO - SHAP analysis completado y guardado.
2025-01-09 23:03:49 - INFO - Señales generadas con umbral=0.75
2025-01-09 23:03:49 - INFO - Señales filtradas por tendencia.
2025-01-09 23:03:49 - INFO - Señales guardadas en: ./results/signals_binary.csv
2025-01-09 23:03:49 - INFO - === Proceso Completado con Éxito ===
