2025-01-29 19:35:50 - INFO - Datos cargados desde ML/data/processed/BTCUSDT_15m_processed.csv, filas: 257756
2025-01-29 19:35:50 - INFO - Columnas de indicadores existentes eliminadas: ['RSI', 'MACD', 'MACDs', 'MACDh', 'OBV', 'BBL', 'BBM', 'BBU', 'SMA_10', 'SMA_50', 'EMA_10', 'EMA_50']
2025-01-29 19:35:50 - INFO - Indicadores técnicos agregados. Filas antes: 257756, después: 257557 (descartadas: 199)
2025-01-29 19:35:50 - INFO - Columnas renombradas: {'RSI_14': 'RSI', 'MACD_12_26_9': 'MACD', 'MACDs_12_26_9': 'MACDs', 'MACDh_12_26_9': 'MACDh', 'BBL_20_2.0': 'BBL', 'BBM_20_2.0': 'BBM', 'BBU_20_2.0': 'BBU', 'STOCHk_14_3_3': 'STOCHk', 'STOCHd_14_3_3': 'STOCHd', 'CCI_14_0.015': 'CCI', 'SMA_10': 'SMA_10', 'SMA_50': 'SMA_50', 'SMA_200': 'SMA_200', 'EMA_10': 'EMA_10', 'EMA_50': 'EMA_50'}
2025-01-29 19:35:50 - INFO - Target binario con look_ahead=3, min_change=0.032
2025-01-29 19:35:50 - INFO - Distribución de clases (0=Vender, 1=Comprar):
target
0.0    908
1.0    801
Name: count, dtype: int64
2025-01-29 19:35:50 - INFO - Muestra de datos con target:
                        close  future_close  change_pct  target
open_time                                                      
2017-11-30 13:00:00   9600.00       9035.01   -0.058853     0.0
2022-06-14 00:30:00  22367.19      21171.20   -0.053471     0.0
2018-07-04 12:15:00   6540.01       6768.20    0.034891     1.0
2018-12-24 23:45:00   4008.01       3830.88   -0.044194     0.0
2018-02-01 19:45:00   8941.94       9243.65    0.033741     1.0
2017-09-15 11:45:00   2919.00       3300.00    0.130524     1.0
2022-06-19 10:00:00  19165.63      19907.41    0.038704     1.0
2017-12-24 09:15:00  13399.88      12449.98   -0.070889     0.0
2020-04-30 09:00:00   8951.72       8634.15   -0.035476     0.0
2018-01-22 12:30:00  11255.18      10653.00   -0.053502     0.0
2025-01-29 19:35:50 - INFO - División de datos en Train/Test completada.
2025-01-29 19:35:50 - INFO - === Búsqueda de hiperparámetros (Optuna) en muestra de Training ===
2025-01-29 19:35:50 - INFO - No se han identificado características categóricas.
2025-01-29 19:35:50 - INFO - Columnas extra eliminadas: ['future_close', 'change_pct']
2025-01-29 19:35:50 - INFO - Dataset preparado: 999 filas, 21 features (después de imputación).
2025-01-29 19:35:50 - INFO - Iniciando optimización en Optuna (precisión clase=1)...
2025-01-29 19:35:50 - INFO - Balance de clases tras SMOTETomek:
target
0.0    388
1.0    388
Name: count, dtype: int64
2025-01-29 19:35:50 - INFO - Balance de clases tras SMOTETomek:
target
0.0    381
1.0    381
Name: count, dtype: int64
2025-01-29 19:35:50 - INFO - Balance de clases tras SMOTETomek:
target
0.0    387
1.0    387
Name: count, dtype: int64
2025-01-29 19:35:50 - INFO - Balance de clases tras SMOTETomek:
target
0.0    388
1.0    388
Name: count, dtype: int64
2025-01-29 19:35:50 - INFO - Balance de clases tras SMOTETomek:
target
0.0    385
1.0    385
Name: count, dtype: int64
2025-01-29 19:35:50 - INFO - Balance de clases tras SMOTETomek:
target
0.0    388
1.0    388
Name: count, dtype: int64
2025-01-29 19:35:51 - INFO - Balance de clases tras SMOTETomek:
target
0.0    381
1.0    381
Name: count, dtype: int64
2025-01-29 19:35:51 - INFO - Balance de clases tras SMOTETomek:
target
0.0    387
1.0    387
Name: count, dtype: int64
2025-01-29 19:35:51 - INFO - Balance de clases tras SMOTETomek:
target
0.0    388
1.0    388
Name: count, dtype: int64
2025-01-29 19:35:52 - INFO - Balance de clases tras SMOTETomek:
target
0.0    385
1.0    385
Name: count, dtype: int64
2025-01-29 19:35:52 - INFO - Balance de clases tras SMOTETomek:
target
0.0    388
1.0    388
Name: count, dtype: int64
2025-01-29 19:35:53 - INFO - Balance de clases tras SMOTETomek:
target
0.0    381
1.0    381
Name: count, dtype: int64
2025-01-29 19:35:53 - INFO - Balance de clases tras SMOTETomek:
target
0.0    387
1.0    387
Name: count, dtype: int64
2025-01-29 19:35:53 - INFO - Balance de clases tras SMOTETomek:
target
0.0    388
1.0    388
Name: count, dtype: int64
2025-01-29 19:35:54 - INFO - Balance de clases tras SMOTETomek:
target
0.0    385
1.0    385
Name: count, dtype: int64
2025-01-29 19:35:54 - INFO - Balance de clases tras SMOTETomek:
target
0.0    388
1.0    388
Name: count, dtype: int64
2025-01-29 19:35:55 - INFO - Balance de clases tras SMOTETomek:
target
0.0    381
1.0    381
Name: count, dtype: int64
2025-01-29 19:35:56 - INFO - Balance de clases tras SMOTETomek:
target
0.0    387
1.0    387
Name: count, dtype: int64
2025-01-29 19:35:56 - INFO - Balance de clases tras SMOTETomek:
target
0.0    388
1.0    388
Name: count, dtype: int64
2025-01-29 19:35:57 - INFO - Balance de clases tras SMOTETomek:
target
0.0    385
1.0    385
Name: count, dtype: int64
2025-01-29 19:35:57 - INFO - Mejor Precisión (clase=1): 0.7336
2025-01-29 19:35:57 - INFO - Mejores parámetros: {'max_depth': 12, 'learning_rate': 0.008106915413271288, 'n_estimators': 212, 'subsample': 0.6453011279660263, 'colsample_bytree': 0.6528408159783664, 'gamma': 0.03711031498483863, 'reg_alpha': 0.08198783075111105, 'reg_lambda': 0.2134399510803413}
2025-01-29 19:35:57 - INFO - === Entrenando Pipeline Final con TODO el Training ===
2025-01-29 19:35:57 - INFO - Columnas extra eliminadas: ['future_close', 'change_pct']
2025-01-29 19:35:57 - INFO - Dataset preparado: 1110 filas, 21 features (después de imputación).
2025-01-29 19:35:57 - INFO - Balance de clases tras SMOTETomek:
target
0.0    557
1.0    557
Name: count, dtype: int64
2025-01-29 19:35:58 - INFO - Pipeline final entrenado con scale_pos_weight=1.00
2025-01-29 19:35:58 - INFO - Pipeline completo guardado en: .ML/results/XGBoost_Binario_trained_pipeline.joblib
2025-01-29 19:35:58 - INFO - Parámetros guardados en: .ML/results/XGBoost_Binario_model_params.txt
2025-01-29 19:35:58 - INFO - Lista de features guardada en: .ML/results/XGBoost_Binario_feature_cols.txt
2025-01-29 19:35:58 - INFO - Columnas de indicadores existentes eliminadas: ['RSI', 'MACD', 'MACDs', 'MACDh', 'OBV', 'BBL', 'BBM', 'BBU', 'STOCHk', 'STOCHd', 'CCI', 'SMA_10', 'SMA_50', 'SMA_200', 'EMA_10', 'EMA_50']
2025-01-29 19:35:58 - INFO - Indicadores técnicos agregados. Filas antes: 599, después: 400 (descartadas: 199)
2025-01-29 19:35:58 - INFO - Columnas renombradas: {'RSI_14': 'RSI', 'MACD_12_26_9': 'MACD', 'MACDs_12_26_9': 'MACDs', 'MACDh_12_26_9': 'MACDh', 'BBL_20_2.0': 'BBL', 'BBM_20_2.0': 'BBM', 'BBU_20_2.0': 'BBU', 'STOCHk_14_3_3': 'STOCHk', 'STOCHd_14_3_3': 'STOCHd', 'CCI_14_0.015': 'CCI', 'SMA_10': 'SMA_10', 'SMA_50': 'SMA_50', 'SMA_200': 'SMA_200', 'EMA_10': 'EMA_10', 'EMA_50': 'EMA_50'}
2025-01-29 19:35:58 - INFO - Target binario con look_ahead=3, min_change=0.032
2025-01-29 19:35:58 - INFO - Distribución de clases (0=Vender, 1=Comprar):
target
0.0    148
1.0    146
Name: count, dtype: int64
2025-01-29 19:35:58 - INFO - Muestra de datos con target:
                        close  future_close  change_pct  target
open_time                                                      
2022-02-28 13:45:00  38002.50      41876.56    0.101942     1.0
2023-10-23 21:45:00  31630.00      44358.36    0.402414     1.0
2021-05-23 11:45:00  35389.10      33891.88   -0.042307     0.0
2021-05-19 22:45:00  39090.15      35521.67   -0.091288     0.0
2022-06-07 00:00:00  31237.25      22943.47   -0.265509     0.0
2021-02-08 22:30:00  44740.01      53034.15    0.185385     1.0
2021-05-19 15:45:00  37318.52      40030.07    0.072660     1.0
2021-05-13 16:30:00  49546.34      42940.97   -0.133317     0.0
2021-05-12 23:00:00  52663.16      49546.34   -0.059184     0.0
2021-01-11 15:15:00  32654.17      30554.58   -0.064298     0.0
2025-01-29 19:35:58 - INFO - Columnas extra eliminadas: ['change_pct', 'future_close']
2025-01-29 19:35:58 - INFO - Dataset preparado: 294 filas, 21 features (después de imputación).
2025-01-29 19:35:58 - INFO - === Evaluación en Test ===
2025-01-29 19:35:58 - INFO - Matriz de confusión [0=Vender, 1=Comprar]:
[[91 57]
 [74 72]]
2025-01-29 19:35:58 - INFO - Reporte de Clasificación:
              precision    recall  f1-score   support

      Vender       0.55      0.61      0.58       148
     Comprar       0.56      0.49      0.52       146

    accuracy                           0.55       294
   macro avg       0.55      0.55      0.55       294
weighted avg       0.55      0.55      0.55       294

2025-01-29 19:35:58 - INFO - Precision (clase=1): 0.5581
2025-01-29 19:35:58 - INFO - F1 (clase=1): 0.5236
2025-01-29 19:35:58 - INFO - Recall (clase=1): 0.4932
2025-01-29 19:35:58 - INFO - Balanced Accuracy: 0.5540
2025-01-29 19:35:58 - INFO - MCC: 0.1088
2025-01-29 19:35:58 - INFO - AUC: 0.5556
2025-01-29 19:35:59 - INFO - Precisión final en Test (clase=1): 0.5581
2025-01-29 19:35:59 - INFO - Importancia de características guardada en .ML/results/feature_importances_binary.csv.
2025-01-29 19:35:59 - INFO - Gráfico de importancia de características guardado.
2025-01-29 19:36:00 - INFO - Calculando valores SHAP...
2025-01-29 19:36:01 - INFO - SHAP analysis completado y guardado.
2025-01-29 19:36:01 - INFO - Señales generadas con umbral=0.6
2025-01-29 19:36:01 - INFO - Señales filtradas por tendencia.
2025-01-29 19:36:01 - INFO - Señales guardadas en: .ML/results/signals_binary.csv
2025-01-29 19:36:01 - INFO - === Proceso Completado con Éxito ===
