2025-01-29 18:32:40 - INFO - Datos cargados desde ML/data/processed/BTCUSDT_15m_processed.csv, filas: 257756
2025-01-29 18:32:40 - INFO - Columnas de indicadores existentes eliminadas: ['RSI', 'MACD', 'MACDs', 'MACDh', 'OBV', 'BBL', 'BBM', 'BBU', 'SMA_10', 'SMA_50', 'EMA_10', 'EMA_50']
2025-01-29 18:32:40 - INFO - Indicadores técnicos agregados. Filas antes: 257756, después: 257557 (descartadas: 199)
2025-01-29 18:32:40 - INFO - Columnas renombradas: {'RSI_14': 'RSI', 'MACD_12_26_9': 'MACD', 'MACDs_12_26_9': 'MACDs', 'MACDh_12_26_9': 'MACDh', 'BBL_20_2.0': 'BBL', 'BBM_20_2.0': 'BBM', 'BBU_20_2.0': 'BBU', 'STOCHk_14_3_3': 'STOCHk', 'STOCHd_14_3_3': 'STOCHd', 'CCI_14_0.015': 'CCI', 'SMA_10': 'SMA_10', 'SMA_50': 'SMA_50', 'SMA_200': 'SMA_200', 'EMA_10': 'EMA_10', 'EMA_50': 'EMA_50'}
2025-01-29 18:32:40 - INFO - Target binario con look_ahead=3, min_change=0.018
2025-01-29 18:32:40 - INFO - Distribución de clases (0=Vender, 1=Comprar):
target
0.0    3775
1.0    3613
Name: count, dtype: int64
2025-01-29 18:32:40 - INFO - Muestra de datos con target:
                        close  future_close  change_pct  target
open_time                                                      
2017-12-24 15:45:00  12543.07      12864.10    0.025594     1.0
2021-01-11 20:30:00  32235.61      34434.20    0.068204     1.0
2018-03-15 07:45:00   7888.94       8108.90    0.027882     1.0
2020-03-12 10:45:00   6014.90       5750.17   -0.044012     0.0
2021-07-07 23:45:00  33862.12      33242.97   -0.018284     0.0
2017-09-04 09:30:00   4320.21       4412.28    0.021311     1.0
2020-03-19 16:30:00   6084.06       6210.12    0.020720     1.0
2021-02-23 06:00:00  50865.00      49547.02   -0.025911     0.0
2022-02-24 19:00:00  36445.32      37300.00    0.023451     1.0
2017-12-03 21:15:00  11113.48      10778.76   -0.030118     0.0
2025-01-29 18:32:40 - INFO - División de datos en Train/Test completada.
2025-01-29 18:32:40 - INFO - === Búsqueda de hiperparámetros (Optuna) en muestra de Training ===
2025-01-29 18:32:40 - INFO - No se han identificado características categóricas.
2025-01-29 18:32:40 - INFO - Columnas extra eliminadas: ['future_close', 'change_pct']
2025-01-29 18:32:40 - INFO - Dataset preparado: 4321 filas, 21 features (después de imputación).
2025-01-29 18:32:40 - INFO - Iniciando optimización en Optuna (precisión clase=1)...
2025-01-29 18:32:40 - INFO - Balance de clases tras SMOTETomek:
target
0.0    1641
1.0    1641
Name: count, dtype: int64
2025-01-29 18:32:41 - INFO - Balance de clases tras SMOTETomek:
target
0.0    1646
1.0    1646
Name: count, dtype: int64
2025-01-29 18:32:41 - INFO - Balance de clases tras SMOTETomek:
target
0.0    1630
1.0    1630
Name: count, dtype: int64
2025-01-29 18:32:41 - INFO - Balance de clases tras SMOTETomek:
target
0.0    1643
1.0    1643
Name: count, dtype: int64
2025-01-29 18:32:41 - INFO - Balance de clases tras SMOTETomek:
target
1.0    1653
0.0    1653
Name: count, dtype: int64
2025-01-29 18:32:41 - INFO - Balance de clases tras SMOTETomek:
target
0.0    1641
1.0    1641
Name: count, dtype: int64
2025-01-29 18:32:42 - INFO - Balance de clases tras SMOTETomek:
target
0.0    1646
1.0    1646
Name: count, dtype: int64
2025-01-29 18:32:43 - INFO - Balance de clases tras SMOTETomek:
target
0.0    1630
1.0    1630
Name: count, dtype: int64
2025-01-29 18:32:44 - INFO - Balance de clases tras SMOTETomek:
target
0.0    1643
1.0    1643
Name: count, dtype: int64
2025-01-29 18:32:45 - INFO - Balance de clases tras SMOTETomek:
target
1.0    1653
0.0    1653
Name: count, dtype: int64
2025-01-29 18:32:46 - INFO - Balance de clases tras SMOTETomek:
target
0.0    1641
1.0    1641
Name: count, dtype: int64
2025-01-29 18:32:47 - INFO - Balance de clases tras SMOTETomek:
target
0.0    1646
1.0    1646
Name: count, dtype: int64
2025-01-29 18:32:48 - INFO - Balance de clases tras SMOTETomek:
target
0.0    1630
1.0    1630
Name: count, dtype: int64
2025-01-29 18:32:49 - INFO - Balance de clases tras SMOTETomek:
target
0.0    1643
1.0    1643
Name: count, dtype: int64
2025-01-29 18:32:50 - INFO - Balance de clases tras SMOTETomek:
target
1.0    1653
0.0    1653
Name: count, dtype: int64
2025-01-29 18:32:51 - INFO - Balance de clases tras SMOTETomek:
target
0.0    1641
1.0    1641
Name: count, dtype: int64
2025-01-29 18:32:53 - INFO - Balance de clases tras SMOTETomek:
target
0.0    1646
1.0    1646
Name: count, dtype: int64
2025-01-29 18:32:55 - INFO - Balance de clases tras SMOTETomek:
target
0.0    1630
1.0    1630
Name: count, dtype: int64
2025-01-29 18:32:57 - INFO - Balance de clases tras SMOTETomek:
target
0.0    1643
1.0    1643
Name: count, dtype: int64
2025-01-29 18:32:59 - INFO - Balance de clases tras SMOTETomek:
target
1.0    1653
0.0    1653
Name: count, dtype: int64
2025-01-29 18:33:01 - INFO - Balance de clases tras SMOTETomek:
target
0.0    1641
1.0    1641
Name: count, dtype: int64
2025-01-29 18:33:01 - INFO - Balance de clases tras SMOTETomek:
target
0.0    1646
1.0    1646
Name: count, dtype: int64
2025-01-29 18:33:02 - INFO - Balance de clases tras SMOTETomek:
target
0.0    1630
1.0    1630
Name: count, dtype: int64
2025-01-29 18:33:02 - INFO - Balance de clases tras SMOTETomek:
target
0.0    1643
1.0    1643
Name: count, dtype: int64
2025-01-29 18:33:02 - INFO - Balance de clases tras SMOTETomek:
target
1.0    1653
0.0    1653
Name: count, dtype: int64
2025-01-29 18:33:03 - INFO - Balance de clases tras SMOTETomek:
target
0.0    1641
1.0    1641
Name: count, dtype: int64
2025-01-29 18:33:04 - INFO - Balance de clases tras SMOTETomek:
target
0.0    1646
1.0    1646
Name: count, dtype: int64
2025-01-29 18:33:06 - INFO - Balance de clases tras SMOTETomek:
target
0.0    1630
1.0    1630
Name: count, dtype: int64
2025-01-29 18:33:07 - INFO - Balance de clases tras SMOTETomek:
target
0.0    1643
1.0    1643
Name: count, dtype: int64
2025-01-29 18:33:09 - INFO - Balance de clases tras SMOTETomek:
target
1.0    1653
0.0    1653
Name: count, dtype: int64
2025-01-29 18:33:10 - INFO - Balance de clases tras SMOTETomek:
target
0.0    1641
1.0    1641
Name: count, dtype: int64
2025-01-29 18:33:11 - INFO - Balance de clases tras SMOTETomek:
target
0.0    1646
1.0    1646
Name: count, dtype: int64
2025-01-29 18:33:12 - INFO - Balance de clases tras SMOTETomek:
target
0.0    1630
1.0    1630
Name: count, dtype: int64
2025-01-29 18:33:13 - INFO - Balance de clases tras SMOTETomek:
target
0.0    1643
1.0    1643
Name: count, dtype: int64
2025-01-29 18:33:14 - INFO - Balance de clases tras SMOTETomek:
target
1.0    1653
0.0    1653
Name: count, dtype: int64
2025-01-29 18:33:14 - INFO - Balance de clases tras SMOTETomek:
target
0.0    1641
1.0    1641
Name: count, dtype: int64
2025-01-29 18:33:18 - INFO - Balance de clases tras SMOTETomek:
target
0.0    1646
1.0    1646
Name: count, dtype: int64
2025-01-29 18:33:22 - INFO - Balance de clases tras SMOTETomek:
target
0.0    1630
1.0    1630
Name: count, dtype: int64
2025-01-29 18:33:25 - INFO - Balance de clases tras SMOTETomek:
target
0.0    1643
1.0    1643
Name: count, dtype: int64
2025-01-29 18:33:29 - INFO - Balance de clases tras SMOTETomek:
target
1.0    1653
0.0    1653
Name: count, dtype: int64
2025-01-29 18:33:33 - INFO - Balance de clases tras SMOTETomek:
target
0.0    1641
1.0    1641
Name: count, dtype: int64
2025-01-29 18:33:33 - INFO - Balance de clases tras SMOTETomek:
target
0.0    1646
1.0    1646
Name: count, dtype: int64
2025-01-29 18:33:34 - INFO - Balance de clases tras SMOTETomek:
target
0.0    1630
1.0    1630
Name: count, dtype: int64
2025-01-29 18:33:34 - INFO - Balance de clases tras SMOTETomek:
target
0.0    1643
1.0    1643
Name: count, dtype: int64
2025-01-29 18:33:34 - INFO - Balance de clases tras SMOTETomek:
target
1.0    1653
0.0    1653
Name: count, dtype: int64
2025-01-29 18:33:35 - INFO - Mejor Precisión (clase=1): 0.7090
2025-01-29 18:33:35 - INFO - Mejores parámetros: {'max_depth': 11, 'learning_rate': 0.020107531049695957, 'n_estimators': 671, 'subsample': 0.9510846054797798, 'colsample_bytree': 0.6659133520917333, 'gamma': 0.3377937105460287, 'reg_alpha': 0.09006696587638663, 'reg_lambda': 0.6928383321248949}
2025-01-29 18:33:35 - INFO - === Entrenando Pipeline Final con TODO el Training ===
2025-01-29 18:33:35 - INFO - Columnas extra eliminadas: ['future_close', 'change_pct']
2025-01-29 18:33:35 - INFO - Dataset preparado: 4802 filas, 21 features (después de imputación).
2025-01-29 18:33:35 - INFO - Balance de clases tras SMOTETomek:
target
0.0    2287
1.0    2287
Name: count, dtype: int64
2025-01-29 18:33:36 - INFO - Pipeline final entrenado con scale_pos_weight=1.00
2025-01-29 18:33:37 - INFO - Pipeline completo guardado en: .ML/results/XGBoost_Binario_trained_pipeline.joblib
2025-01-29 18:33:37 - INFO - Parámetros guardados en: .ML/results/XGBoost_Binario_model_params.txt
2025-01-29 18:33:37 - INFO - Lista de features guardada en: .ML/results/XGBoost_Binario_feature_cols.txt
2025-01-29 18:33:37 - INFO - Columnas de indicadores existentes eliminadas: ['RSI', 'MACD', 'MACDs', 'MACDh', 'OBV', 'BBL', 'BBM', 'BBU', 'STOCHk', 'STOCHd', 'CCI', 'SMA_10', 'SMA_50', 'SMA_200', 'EMA_10', 'EMA_50']
2025-01-29 18:33:37 - INFO - Indicadores técnicos agregados. Filas antes: 2586, después: 2387 (descartadas: 199)
2025-01-29 18:33:37 - INFO - Columnas renombradas: {'RSI_14': 'RSI', 'MACD_12_26_9': 'MACD', 'MACDs_12_26_9': 'MACDs', 'MACDh_12_26_9': 'MACDh', 'BBL_20_2.0': 'BBL', 'BBM_20_2.0': 'BBM', 'BBU_20_2.0': 'BBU', 'STOCHk_14_3_3': 'STOCHk', 'STOCHd_14_3_3': 'STOCHd', 'CCI_14_0.015': 'CCI', 'SMA_10': 'SMA_10', 'SMA_50': 'SMA_50', 'SMA_200': 'SMA_200', 'EMA_10': 'EMA_10', 'EMA_50': 'EMA_50'}
2025-01-29 18:33:37 - INFO - Target binario con look_ahead=3, min_change=0.018
2025-01-29 18:33:37 - INFO - Distribución de clases (0=Vender, 1=Comprar):
target
1.0    854
0.0    816
Name: count, dtype: int64
2025-01-29 18:33:37 - INFO - Muestra de datos con target:
                        close  future_close  change_pct  target
open_time                                                      
2022-02-21 10:45:00  38294.51      37562.74   -0.019109     0.0
2022-06-14 00:45:00  21759.51      21109.78   -0.029860     0.0
2022-04-14 13:15:00  41206.48      39642.28   -0.037960     0.0
2021-01-27 18:15:00  30085.56      30707.54    0.020674     1.0
2022-07-19 14:00:00  22200.29      22836.97    0.028679     1.0
2024-04-19 02:30:00  60272.26      62007.34    0.028787     1.0
2021-05-21 20:45:00  35195.24      37382.96    0.062160     1.0
2023-01-13 23:30:00  19865.09      20376.47    0.025743     1.0
2021-05-19 11:45:00  38700.00      36433.00   -0.058579     0.0
2021-02-23 11:45:00  46369.29      47684.37    0.028361     1.0
2025-01-29 18:33:37 - INFO - Columnas extra eliminadas: ['change_pct', 'future_close']
2025-01-29 18:33:37 - INFO - Dataset preparado: 1670 filas, 21 features (después de imputación).
2025-01-29 18:33:37 - INFO - === Evaluación en Test ===
2025-01-29 18:33:37 - INFO - Matriz de confusión [0=Vender, 1=Comprar]:
[[263 553]
 [306 548]]
2025-01-29 18:33:37 - INFO - Reporte de Clasificación:
              precision    recall  f1-score   support

      Vender       0.46      0.32      0.38       816
     Comprar       0.50      0.64      0.56       854

    accuracy                           0.49      1670
   macro avg       0.48      0.48      0.47      1670
weighted avg       0.48      0.49      0.47      1670

2025-01-29 18:33:37 - INFO - Precision (clase=1): 0.4977
2025-01-29 18:33:37 - INFO - F1 (clase=1): 0.5606
2025-01-29 18:33:37 - INFO - Recall (clase=1): 0.6417
2025-01-29 18:33:37 - INFO - Balanced Accuracy: 0.4820
2025-01-29 18:33:37 - INFO - MCC: -0.0380
2025-01-29 18:33:37 - INFO - AUC: 0.4856
2025-01-29 18:33:38 - INFO - Precisión final en Test (clase=1): 0.4977
2025-01-29 18:33:38 - INFO - Importancia de características guardada en .ML/results/feature_importances_binary.csv.
2025-01-29 18:33:38 - INFO - Gráfico de importancia de características guardado.
2025-01-29 18:33:39 - INFO - Calculando valores SHAP...
2025-01-29 18:33:46 - INFO - SHAP analysis completado y guardado.
2025-01-29 18:33:46 - INFO - Señales generadas con umbral=0.76
2025-01-29 18:33:46 - INFO - Señales filtradas por tendencia.
2025-01-29 18:33:46 - INFO - Señales guardadas en: .ML/results/signals_binary.csv
2025-01-29 18:33:46 - INFO - === Proceso Completado con Éxito ===
