2025-02-20 21:07:50 - INFO - Datos cargados desde ML/data/processed/BTCUSDT_15m_processed.csv, filas: 260732
2025-02-20 21:07:50 - INFO - Columnas de indicadores existentes eliminadas: ['RSI', 'MACD', 'MACDs', 'MACDh', 'OBV', 'BBL', 'BBM', 'BBU', 'SMA_10', 'SMA_50', 'EMA_10', 'EMA_50']
2025-02-20 21:07:50 - INFO - Indicadores técnicos agregados. Filas antes: 260732, después: 260533 (descartadas: 199)
2025-02-20 21:07:50 - INFO - Columnas renombradas: {'RSI_14': 'RSI', 'MACD_12_26_9': 'MACD', 'MACDs_12_26_9': 'MACDs', 'MACDh_12_26_9': 'MACDh', 'BBL_20_2.0': 'BBL', 'BBM_20_2.0': 'BBM', 'BBU_20_2.0': 'BBU', 'STOCHk_14_3_3': 'STOCHk', 'STOCHd_14_3_3': 'STOCHd', 'CCI_14_0.015': 'CCI', 'SMA_10': 'SMA_10', 'SMA_50': 'SMA_50', 'SMA_200': 'SMA_200', 'EMA_10': 'EMA_10', 'EMA_50': 'EMA_50'}
2025-02-20 21:07:51 - INFO - Target binario con look_ahead=3, min_change=0.031
2025-02-20 21:07:51 - INFO - Distribución de clases (0=Vender, 1=Comprar):
target
0.0    987
1.0    874
Name: count, dtype: int64
2025-02-20 21:07:51 - INFO - Muestra de datos con target:
                        close  ...  target
open_time                      ...        
2021-01-12 09:30:00  36033.38  ...     0.0
2021-02-22 13:30:00  53200.00  ...     0.0
2019-08-28 17:15:00  10255.51  ...     0.0
2018-02-15 09:30:00   9845.01  ...     0.0
2021-09-13 12:45:00  44629.42  ...     1.0
2017-11-13 13:15:00   6679.97  ...     0.0
2021-05-20 00:00:00  37814.04  ...     0.0
2018-02-01 23:30:00   9342.85  ...     0.0
2017-12-10 03:15:00  13310.00  ...     0.0
2019-07-02 03:30:00  10333.48  ...     0.0

[10 rows x 4 columns]
2025-02-20 21:07:51 - INFO - División de datos en Train/Test completada.
2025-02-20 21:07:51 - INFO - === Búsqueda de hiperparámetros (Optuna) en muestra de Training ===
2025-02-20 21:07:51 - INFO - No se han identificado características categóricas.
2025-02-20 21:07:51 - INFO - Columnas extra eliminadas: ['future_close', 'change_pct']
2025-02-20 21:07:51 - INFO - Dataset preparado: 1088 filas, 21 features (después de imputación).
2025-02-20 21:07:51 - INFO - Iniciando optimización en Optuna (precisión clase=1)...
2025-02-20 21:07:51 - INFO - Balance de clases tras SMOTETomek:
target
1.0    420
0.0    420
Name: count, dtype: int64
2025-02-20 21:07:51 - INFO - Balance de clases tras SMOTETomek:
target
1.0    429
0.0    429
Name: count, dtype: int64
2025-02-20 21:07:52 - INFO - Balance de clases tras SMOTETomek:
target
1.0    415
0.0    415
Name: count, dtype: int64
2025-02-20 21:07:52 - INFO - Balance de clases tras SMOTETomek:
target
1.0    427
0.0    427
Name: count, dtype: int64
2025-02-20 21:07:52 - INFO - Balance de clases tras SMOTETomek:
target
0.0    421
1.0    421
Name: count, dtype: int64
2025-02-20 21:07:52 - INFO - Balance de clases tras SMOTETomek:
target
1.0    420
0.0    420
Name: count, dtype: int64
2025-02-20 21:07:53 - INFO - Balance de clases tras SMOTETomek:
target
1.0    429
0.0    429
Name: count, dtype: int64
2025-02-20 21:07:55 - INFO - Balance de clases tras SMOTETomek:
target
1.0    415
0.0    415
Name: count, dtype: int64
2025-02-20 21:07:56 - INFO - Balance de clases tras SMOTETomek:
target
1.0    427
0.0    427
Name: count, dtype: int64
2025-02-20 21:07:56 - INFO - Balance de clases tras SMOTETomek:
target
0.0    421
1.0    421
Name: count, dtype: int64
2025-02-20 21:07:57 - INFO - Balance de clases tras SMOTETomek:
target
1.0    420
0.0    420
Name: count, dtype: int64
2025-02-20 21:07:58 - INFO - Balance de clases tras SMOTETomek:
target
1.0    429
0.0    429
Name: count, dtype: int64
2025-02-20 21:07:59 - INFO - Balance de clases tras SMOTETomek:
target
1.0    415
0.0    415
Name: count, dtype: int64
2025-02-20 21:07:59 - INFO - Balance de clases tras SMOTETomek:
target
1.0    427
0.0    427
Name: count, dtype: int64
2025-02-20 21:08:00 - INFO - Balance de clases tras SMOTETomek:
target
0.0    421
1.0    421
Name: count, dtype: int64
2025-02-20 21:08:01 - INFO - Balance de clases tras SMOTETomek:
target
1.0    420
0.0    420
Name: count, dtype: int64
2025-02-20 21:08:02 - INFO - Balance de clases tras SMOTETomek:
target
1.0    429
0.0    429
Name: count, dtype: int64
2025-02-20 21:08:03 - INFO - Balance de clases tras SMOTETomek:
target
1.0    415
0.0    415
Name: count, dtype: int64
2025-02-20 21:08:03 - INFO - Balance de clases tras SMOTETomek:
target
1.0    427
0.0    427
Name: count, dtype: int64
2025-02-20 21:08:04 - INFO - Balance de clases tras SMOTETomek:
target
0.0    421
1.0    421
Name: count, dtype: int64
2025-02-20 21:08:06 - INFO - Balance de clases tras SMOTETomek:
target
1.0    420
0.0    420
Name: count, dtype: int64
2025-02-20 21:08:06 - INFO - Balance de clases tras SMOTETomek:
target
1.0    429
0.0    429
Name: count, dtype: int64
2025-02-20 21:08:07 - INFO - Balance de clases tras SMOTETomek:
target
1.0    415
0.0    415
Name: count, dtype: int64
2025-02-20 21:08:07 - INFO - Balance de clases tras SMOTETomek:
target
1.0    427
0.0    427
Name: count, dtype: int64
2025-02-20 21:08:07 - INFO - Balance de clases tras SMOTETomek:
target
0.0    421
1.0    421
Name: count, dtype: int64
2025-02-20 21:08:07 - INFO - Balance de clases tras SMOTETomek:
target
1.0    420
0.0    420
Name: count, dtype: int64
2025-02-20 21:08:08 - INFO - Balance de clases tras SMOTETomek:
target
1.0    429
0.0    429
Name: count, dtype: int64
2025-02-20 21:08:09 - INFO - Balance de clases tras SMOTETomek:
target
1.0    415
0.0    415
Name: count, dtype: int64
2025-02-20 21:08:10 - INFO - Balance de clases tras SMOTETomek:
target
1.0    427
0.0    427
Name: count, dtype: int64
2025-02-20 21:08:11 - INFO - Balance de clases tras SMOTETomek:
target
0.0    421
1.0    421
Name: count, dtype: int64
2025-02-20 21:08:12 - INFO - Balance de clases tras SMOTETomek:
target
1.0    420
0.0    420
Name: count, dtype: int64
2025-02-20 21:08:13 - INFO - Balance de clases tras SMOTETomek:
target
1.0    429
0.0    429
Name: count, dtype: int64
2025-02-20 21:08:13 - INFO - Balance de clases tras SMOTETomek:
target
1.0    415
0.0    415
Name: count, dtype: int64
2025-02-20 21:08:13 - INFO - Balance de clases tras SMOTETomek:
target
1.0    427
0.0    427
Name: count, dtype: int64
2025-02-20 21:08:14 - INFO - Balance de clases tras SMOTETomek:
target
0.0    421
1.0    421
Name: count, dtype: int64
2025-02-20 21:08:14 - INFO - Balance de clases tras SMOTETomek:
target
1.0    420
0.0    420
Name: count, dtype: int64
2025-02-20 21:08:16 - INFO - Balance de clases tras SMOTETomek:
target
1.0    429
0.0    429
Name: count, dtype: int64
2025-02-20 21:08:18 - INFO - Balance de clases tras SMOTETomek:
target
1.0    415
0.0    415
Name: count, dtype: int64
2025-02-20 21:08:20 - INFO - Balance de clases tras SMOTETomek:
target
1.0    427
0.0    427
Name: count, dtype: int64
2025-02-20 21:08:22 - INFO - Balance de clases tras SMOTETomek:
target
0.0    421
1.0    421
Name: count, dtype: int64
2025-02-20 21:08:24 - INFO - Balance de clases tras SMOTETomek:
target
1.0    420
0.0    420
Name: count, dtype: int64
2025-02-20 21:08:24 - INFO - Balance de clases tras SMOTETomek:
target
1.0    429
0.0    429
Name: count, dtype: int64
2025-02-20 21:08:25 - INFO - Balance de clases tras SMOTETomek:
target
1.0    415
0.0    415
Name: count, dtype: int64
2025-02-20 21:08:25 - INFO - Balance de clases tras SMOTETomek:
target
1.0    427
0.0    427
Name: count, dtype: int64
2025-02-20 21:08:25 - INFO - Balance de clases tras SMOTETomek:
target
0.0    421
1.0    421
Name: count, dtype: int64
2025-02-20 21:08:26 - INFO - Balance de clases tras SMOTETomek:
target
1.0    420
0.0    420
Name: count, dtype: int64
2025-02-20 21:08:27 - INFO - Balance de clases tras SMOTETomek:
target
1.0    429
0.0    429
Name: count, dtype: int64
2025-02-20 21:08:31 - INFO - Balance de clases tras SMOTETomek:
target
1.0    415
0.0    415
Name: count, dtype: int64
2025-02-20 21:08:37 - INFO - Balance de clases tras SMOTETomek:
target
1.0    427
0.0    427
Name: count, dtype: int64
2025-02-20 21:08:40 - INFO - Balance de clases tras SMOTETomek:
target
0.0    421
1.0    421
Name: count, dtype: int64
2025-02-20 21:08:42 - INFO - Balance de clases tras SMOTETomek:
target
1.0    420
0.0    420
Name: count, dtype: int64
2025-02-20 21:08:45 - INFO - Balance de clases tras SMOTETomek:
target
1.0    429
0.0    429
Name: count, dtype: int64
2025-02-20 21:08:48 - INFO - Balance de clases tras SMOTETomek:
target
1.0    415
0.0    415
Name: count, dtype: int64
2025-02-20 21:08:51 - INFO - Balance de clases tras SMOTETomek:
target
1.0    427
0.0    427
Name: count, dtype: int64
2025-02-20 21:08:54 - INFO - Balance de clases tras SMOTETomek:
target
0.0    421
1.0    421
Name: count, dtype: int64
2025-02-20 21:08:59 - INFO - Balance de clases tras SMOTETomek:
target
1.0    420
0.0    420
Name: count, dtype: int64
2025-02-20 21:09:01 - INFO - Balance de clases tras SMOTETomek:
target
1.0    429
0.0    429
Name: count, dtype: int64
2025-02-20 21:09:03 - INFO - Balance de clases tras SMOTETomek:
target
1.0    415
0.0    415
Name: count, dtype: int64
2025-02-20 21:09:05 - INFO - Balance de clases tras SMOTETomek:
target
1.0    427
0.0    427
Name: count, dtype: int64
2025-02-20 21:09:07 - INFO - Balance de clases tras SMOTETomek:
target
0.0    421
1.0    421
Name: count, dtype: int64
2025-02-20 21:09:09 - INFO - Balance de clases tras SMOTETomek:
target
1.0    420
0.0    420
Name: count, dtype: int64
2025-02-20 21:09:11 - INFO - Balance de clases tras SMOTETomek:
target
1.0    429
0.0    429
Name: count, dtype: int64
2025-02-20 21:09:14 - INFO - Balance de clases tras SMOTETomek:
target
1.0    415
0.0    415
Name: count, dtype: int64
2025-02-20 21:09:16 - INFO - Balance de clases tras SMOTETomek:
target
1.0    427
0.0    427
Name: count, dtype: int64
2025-02-20 21:09:17 - INFO - Balance de clases tras SMOTETomek:
target
0.0    421
1.0    421
Name: count, dtype: int64
2025-02-20 21:09:18 - INFO - Balance de clases tras SMOTETomek:
target
1.0    420
0.0    420
Name: count, dtype: int64
2025-02-20 21:09:20 - INFO - Balance de clases tras SMOTETomek:
target
1.0    429
0.0    429
Name: count, dtype: int64
2025-02-20 21:09:23 - INFO - Balance de clases tras SMOTETomek:
target
1.0    415
0.0    415
Name: count, dtype: int64
2025-02-20 21:09:24 - INFO - Balance de clases tras SMOTETomek:
target
1.0    427
0.0    427
Name: count, dtype: int64
2025-02-20 21:09:26 - INFO - Balance de clases tras SMOTETomek:
target
0.0    421
1.0    421
Name: count, dtype: int64
2025-02-20 21:09:29 - INFO - Balance de clases tras SMOTETomek:
target
1.0    420
0.0    420
Name: count, dtype: int64
2025-02-20 21:09:30 - INFO - Balance de clases tras SMOTETomek:
target
1.0    429
0.0    429
Name: count, dtype: int64
2025-02-20 21:09:30 - INFO - Balance de clases tras SMOTETomek:
target
1.0    415
0.0    415
Name: count, dtype: int64
2025-02-20 21:09:31 - INFO - Balance de clases tras SMOTETomek:
target
1.0    427
0.0    427
Name: count, dtype: int64
2025-02-20 21:09:32 - INFO - Balance de clases tras SMOTETomek:
target
0.0    421
1.0    421
Name: count, dtype: int64
2025-02-20 21:09:34 - INFO - Balance de clases tras SMOTETomek:
target
1.0    420
0.0    420
Name: count, dtype: int64
2025-02-20 21:09:37 - INFO - Balance de clases tras SMOTETomek:
target
1.0    429
0.0    429
Name: count, dtype: int64
2025-02-20 21:09:42 - INFO - Balance de clases tras SMOTETomek:
target
1.0    415
0.0    415
Name: count, dtype: int64
2025-02-20 21:09:48 - INFO - Balance de clases tras SMOTETomek:
target
1.0    427
0.0    427
Name: count, dtype: int64
2025-02-20 21:09:52 - INFO - Balance de clases tras SMOTETomek:
target
0.0    421
1.0    421
Name: count, dtype: int64
2025-02-20 21:09:57 - INFO - Balance de clases tras SMOTETomek:
target
1.0    420
0.0    420
Name: count, dtype: int64
2025-02-20 21:10:00 - INFO - Balance de clases tras SMOTETomek:
target
1.0    429
0.0    429
Name: count, dtype: int64
2025-02-20 21:10:02 - INFO - Balance de clases tras SMOTETomek:
target
1.0    415
0.0    415
Name: count, dtype: int64
2025-02-20 21:10:04 - INFO - Balance de clases tras SMOTETomek:
target
1.0    427
0.0    427
Name: count, dtype: int64
2025-02-20 21:10:05 - INFO - Balance de clases tras SMOTETomek:
target
0.0    421
1.0    421
Name: count, dtype: int64
2025-02-20 21:10:06 - INFO - Balance de clases tras SMOTETomek:
target
1.0    420
0.0    420
Name: count, dtype: int64
2025-02-20 21:10:07 - INFO - Balance de clases tras SMOTETomek:
target
1.0    429
0.0    429
Name: count, dtype: int64
2025-02-20 21:10:08 - INFO - Balance de clases tras SMOTETomek:
target
1.0    415
0.0    415
Name: count, dtype: int64
2025-02-20 21:10:09 - INFO - Balance de clases tras SMOTETomek:
target
1.0    427
0.0    427
Name: count, dtype: int64
2025-02-20 21:10:10 - INFO - Balance de clases tras SMOTETomek:
target
0.0    421
1.0    421
Name: count, dtype: int64
2025-02-20 21:10:11 - INFO - Balance de clases tras SMOTETomek:
target
1.0    420
0.0    420
Name: count, dtype: int64
2025-02-20 21:10:12 - INFO - Balance de clases tras SMOTETomek:
target
1.0    429
0.0    429
Name: count, dtype: int64
2025-02-20 21:10:13 - INFO - Balance de clases tras SMOTETomek:
target
1.0    415
0.0    415
Name: count, dtype: int64
2025-02-20 21:10:14 - INFO - Balance de clases tras SMOTETomek:
target
1.0    427
0.0    427
Name: count, dtype: int64
2025-02-20 21:10:15 - INFO - Balance de clases tras SMOTETomek:
target
0.0    421
1.0    421
Name: count, dtype: int64
2025-02-20 21:10:16 - INFO - Balance de clases tras SMOTETomek:
target
1.0    420
0.0    420
Name: count, dtype: int64
2025-02-20 21:10:17 - INFO - Balance de clases tras SMOTETomek:
target
1.0    429
0.0    429
Name: count, dtype: int64
2025-02-20 21:10:17 - INFO - Balance de clases tras SMOTETomek:
target
1.0    415
0.0    415
Name: count, dtype: int64
2025-02-20 21:10:17 - INFO - Balance de clases tras SMOTETomek:
target
1.0    427
0.0    427
Name: count, dtype: int64
2025-02-20 21:10:18 - INFO - Balance de clases tras SMOTETomek:
target
0.0    421
1.0    421
Name: count, dtype: int64
2025-02-20 21:10:18 - INFO - Balance de clases tras SMOTETomek:
target
1.0    420
0.0    420
Name: count, dtype: int64
2025-02-20 21:10:20 - INFO - Balance de clases tras SMOTETomek:
target
1.0    429
0.0    429
Name: count, dtype: int64
2025-02-20 21:10:22 - INFO - Balance de clases tras SMOTETomek:
target
1.0    415
0.0    415
Name: count, dtype: int64
2025-02-20 21:10:23 - INFO - Balance de clases tras SMOTETomek:
target
1.0    427
0.0    427
Name: count, dtype: int64
2025-02-20 21:10:25 - INFO - Balance de clases tras SMOTETomek:
target
0.0    421
1.0    421
Name: count, dtype: int64
2025-02-20 21:10:27 - INFO - Balance de clases tras SMOTETomek:
target
1.0    420
0.0    420
Name: count, dtype: int64
2025-02-20 21:10:28 - INFO - Balance de clases tras SMOTETomek:
target
1.0    429
0.0    429
Name: count, dtype: int64
2025-02-20 21:10:29 - INFO - Balance de clases tras SMOTETomek:
target
1.0    415
0.0    415
Name: count, dtype: int64
2025-02-20 21:10:29 - INFO - Balance de clases tras SMOTETomek:
target
1.0    427
0.0    427
Name: count, dtype: int64
2025-02-20 21:10:30 - INFO - Balance de clases tras SMOTETomek:
target
0.0    421
1.0    421
Name: count, dtype: int64
2025-02-20 21:10:32 - INFO - Balance de clases tras SMOTETomek:
target
1.0    420
0.0    420
Name: count, dtype: int64
2025-02-20 21:10:33 - INFO - Balance de clases tras SMOTETomek:
target
1.0    429
0.0    429
Name: count, dtype: int64
2025-02-20 21:10:34 - INFO - Balance de clases tras SMOTETomek:
target
1.0    415
0.0    415
Name: count, dtype: int64
2025-02-20 21:10:36 - INFO - Balance de clases tras SMOTETomek:
target
1.0    427
0.0    427
Name: count, dtype: int64
2025-02-20 21:10:37 - INFO - Balance de clases tras SMOTETomek:
target
0.0    421
1.0    421
Name: count, dtype: int64
2025-02-20 21:10:38 - INFO - Balance de clases tras SMOTETomek:
target
1.0    420
0.0    420
Name: count, dtype: int64
2025-02-20 21:10:43 - INFO - Balance de clases tras SMOTETomek:
target
1.0    429
0.0    429
Name: count, dtype: int64
2025-02-20 21:10:50 - INFO - Balance de clases tras SMOTETomek:
target
1.0    415
0.0    415
Name: count, dtype: int64
2025-02-20 21:10:53 - INFO - Balance de clases tras SMOTETomek:
target
1.0    427
0.0    427
Name: count, dtype: int64
2025-02-20 21:10:59 - INFO - Balance de clases tras SMOTETomek:
target
0.0    421
1.0    421
Name: count, dtype: int64
2025-02-20 21:11:04 - INFO - Balance de clases tras SMOTETomek:
target
1.0    420
0.0    420
Name: count, dtype: int64
2025-02-20 21:11:05 - INFO - Balance de clases tras SMOTETomek:
target
1.0    429
0.0    429
Name: count, dtype: int64
2025-02-20 21:11:07 - INFO - Balance de clases tras SMOTETomek:
target
1.0    415
0.0    415
Name: count, dtype: int64
2025-02-20 21:11:09 - INFO - Balance de clases tras SMOTETomek:
target
1.0    427
0.0    427
Name: count, dtype: int64
2025-02-20 21:11:11 - INFO - Balance de clases tras SMOTETomek:
target
0.0    421
1.0    421
Name: count, dtype: int64
2025-02-20 21:11:13 - INFO - Balance de clases tras SMOTETomek:
target
1.0    420
0.0    420
Name: count, dtype: int64
2025-02-20 21:11:19 - INFO - Balance de clases tras SMOTETomek:
target
1.0    429
0.0    429
Name: count, dtype: int64
2025-02-20 21:11:25 - INFO - Balance de clases tras SMOTETomek:
target
1.0    415
0.0    415
Name: count, dtype: int64
2025-02-20 21:11:29 - INFO - Balance de clases tras SMOTETomek:
target
1.0    427
0.0    427
Name: count, dtype: int64
2025-02-20 21:11:31 - INFO - Balance de clases tras SMOTETomek:
target
0.0    421
1.0    421
Name: count, dtype: int64
2025-02-20 21:11:33 - INFO - Balance de clases tras SMOTETomek:
target
1.0    420
0.0    420
Name: count, dtype: int64
2025-02-20 21:11:33 - INFO - Balance de clases tras SMOTETomek:
target
1.0    429
0.0    429
Name: count, dtype: int64
2025-02-20 21:11:34 - INFO - Balance de clases tras SMOTETomek:
target
1.0    415
0.0    415
Name: count, dtype: int64
2025-02-20 21:11:34 - INFO - Balance de clases tras SMOTETomek:
target
1.0    427
0.0    427
Name: count, dtype: int64
2025-02-20 21:11:35 - INFO - Balance de clases tras SMOTETomek:
target
0.0    421
1.0    421
Name: count, dtype: int64
2025-02-20 21:11:35 - INFO - Balance de clases tras SMOTETomek:
target
1.0    420
0.0    420
Name: count, dtype: int64
2025-02-20 21:11:36 - INFO - Balance de clases tras SMOTETomek:
target
1.0    429
0.0    429
Name: count, dtype: int64
2025-02-20 21:11:37 - INFO - Balance de clases tras SMOTETomek:
target
1.0    415
0.0    415
Name: count, dtype: int64
2025-02-20 21:11:37 - INFO - Balance de clases tras SMOTETomek:
target
1.0    427
0.0    427
Name: count, dtype: int64
2025-02-20 21:11:38 - INFO - Balance de clases tras SMOTETomek:
target
0.0    421
1.0    421
Name: count, dtype: int64
2025-02-20 21:11:38 - INFO - Balance de clases tras SMOTETomek:
target
1.0    420
0.0    420
Name: count, dtype: int64
2025-02-20 21:11:39 - INFO - Balance de clases tras SMOTETomek:
target
1.0    429
0.0    429
Name: count, dtype: int64
2025-02-20 21:11:41 - INFO - Balance de clases tras SMOTETomek:
target
1.0    415
0.0    415
Name: count, dtype: int64
2025-02-20 21:11:42 - INFO - Balance de clases tras SMOTETomek:
target
1.0    427
0.0    427
Name: count, dtype: int64
2025-02-20 21:11:43 - INFO - Balance de clases tras SMOTETomek:
target
0.0    421
1.0    421
Name: count, dtype: int64
2025-02-20 21:11:44 - INFO - Balance de clases tras SMOTETomek:
target
1.0    420
0.0    420
Name: count, dtype: int64
2025-02-20 21:11:45 - INFO - Balance de clases tras SMOTETomek:
target
1.0    429
0.0    429
Name: count, dtype: int64
2025-02-20 21:11:45 - INFO - Balance de clases tras SMOTETomek:
target
1.0    415
0.0    415
Name: count, dtype: int64
2025-02-20 21:11:46 - INFO - Balance de clases tras SMOTETomek:
target
1.0    427
0.0    427
Name: count, dtype: int64
2025-02-20 21:11:46 - INFO - Balance de clases tras SMOTETomek:
target
0.0    421
1.0    421
Name: count, dtype: int64
2025-02-20 21:11:47 - INFO - Balance de clases tras SMOTETomek:
target
1.0    420
0.0    420
Name: count, dtype: int64
2025-02-20 21:11:47 - INFO - Balance de clases tras SMOTETomek:
target
1.0    429
0.0    429
Name: count, dtype: int64
2025-02-20 21:11:47 - INFO - Balance de clases tras SMOTETomek:
target
1.0    415
0.0    415
Name: count, dtype: int64
2025-02-20 21:11:47 - INFO - Balance de clases tras SMOTETomek:
target
1.0    427
0.0    427
Name: count, dtype: int64
2025-02-20 21:11:48 - INFO - Balance de clases tras SMOTETomek:
target
0.0    421
1.0    421
Name: count, dtype: int64
2025-02-20 21:11:48 - INFO - Balance de clases tras SMOTETomek:
target
1.0    420
0.0    420
Name: count, dtype: int64
2025-02-20 21:11:49 - INFO - Balance de clases tras SMOTETomek:
target
1.0    429
0.0    429
Name: count, dtype: int64
2025-02-20 21:11:50 - INFO - Balance de clases tras SMOTETomek:
target
1.0    415
0.0    415
Name: count, dtype: int64
2025-02-20 21:11:50 - INFO - Balance de clases tras SMOTETomek:
target
1.0    427
0.0    427
Name: count, dtype: int64
2025-02-20 21:11:51 - INFO - Balance de clases tras SMOTETomek:
target
0.0    421
1.0    421
Name: count, dtype: int64
2025-02-20 21:11:52 - INFO - Balance de clases tras SMOTETomek:
target
1.0    420
0.0    420
Name: count, dtype: int64
2025-02-20 21:11:53 - INFO - Balance de clases tras SMOTETomek:
target
1.0    429
0.0    429
Name: count, dtype: int64
2025-02-20 21:11:53 - INFO - Balance de clases tras SMOTETomek:
target
1.0    415
0.0    415
Name: count, dtype: int64
2025-02-20 21:11:54 - INFO - Balance de clases tras SMOTETomek:
target
1.0    427
0.0    427
Name: count, dtype: int64
2025-02-20 21:11:54 - INFO - Balance de clases tras SMOTETomek:
target
0.0    421
1.0    421
Name: count, dtype: int64
2025-02-20 21:11:55 - INFO - Balance de clases tras SMOTETomek:
target
1.0    420
0.0    420
Name: count, dtype: int64
2025-02-20 21:11:57 - INFO - Balance de clases tras SMOTETomek:
target
1.0    429
0.0    429
Name: count, dtype: int64
2025-02-20 21:11:59 - INFO - Balance de clases tras SMOTETomek:
target
1.0    415
0.0    415
Name: count, dtype: int64
2025-02-20 21:12:01 - INFO - Balance de clases tras SMOTETomek:
target
1.0    427
0.0    427
Name: count, dtype: int64
2025-02-20 21:12:03 - INFO - Balance de clases tras SMOTETomek:
target
0.0    421
1.0    421
Name: count, dtype: int64
2025-02-20 21:12:05 - INFO - Balance de clases tras SMOTETomek:
target
1.0    420
0.0    420
Name: count, dtype: int64
2025-02-20 21:12:06 - INFO - Balance de clases tras SMOTETomek:
target
1.0    429
0.0    429
Name: count, dtype: int64
2025-02-20 21:12:07 - INFO - Balance de clases tras SMOTETomek:
target
1.0    415
0.0    415
Name: count, dtype: int64
2025-02-20 21:12:08 - INFO - Balance de clases tras SMOTETomek:
target
1.0    427
0.0    427
Name: count, dtype: int64
2025-02-20 21:12:09 - INFO - Balance de clases tras SMOTETomek:
target
0.0    421
1.0    421
Name: count, dtype: int64
2025-02-20 21:12:10 - INFO - Balance de clases tras SMOTETomek:
target
1.0    420
0.0    420
Name: count, dtype: int64
2025-02-20 21:12:11 - INFO - Balance de clases tras SMOTETomek:
target
1.0    429
0.0    429
Name: count, dtype: int64
2025-02-20 21:12:12 - INFO - Balance de clases tras SMOTETomek:
target
1.0    415
0.0    415
Name: count, dtype: int64
2025-02-20 21:12:13 - INFO - Balance de clases tras SMOTETomek:
target
1.0    427
0.0    427
Name: count, dtype: int64
2025-02-20 21:12:13 - INFO - Balance de clases tras SMOTETomek:
target
0.0    421
1.0    421
Name: count, dtype: int64
2025-02-20 21:12:14 - INFO - Balance de clases tras SMOTETomek:
target
1.0    420
0.0    420
Name: count, dtype: int64
2025-02-20 21:12:15 - INFO - Balance de clases tras SMOTETomek:
target
1.0    429
0.0    429
Name: count, dtype: int64
2025-02-20 21:12:15 - INFO - Balance de clases tras SMOTETomek:
target
1.0    415
0.0    415
Name: count, dtype: int64
2025-02-20 21:12:16 - INFO - Balance de clases tras SMOTETomek:
target
1.0    427
0.0    427
Name: count, dtype: int64
2025-02-20 21:12:16 - INFO - Balance de clases tras SMOTETomek:
target
0.0    421
1.0    421
Name: count, dtype: int64
2025-02-20 21:12:17 - INFO - Balance de clases tras SMOTETomek:
target
1.0    420
0.0    420
Name: count, dtype: int64
2025-02-20 21:12:18 - INFO - Balance de clases tras SMOTETomek:
target
1.0    429
0.0    429
Name: count, dtype: int64
2025-02-20 21:12:21 - INFO - Balance de clases tras SMOTETomek:
target
1.0    415
0.0    415
Name: count, dtype: int64
2025-02-20 21:12:22 - INFO - Balance de clases tras SMOTETomek:
target
1.0    427
0.0    427
Name: count, dtype: int64
2025-02-20 21:12:23 - INFO - Balance de clases tras SMOTETomek:
target
0.0    421
1.0    421
Name: count, dtype: int64
2025-02-20 21:12:25 - INFO - Balance de clases tras SMOTETomek:
target
1.0    420
0.0    420
Name: count, dtype: int64
2025-02-20 21:12:25 - INFO - Balance de clases tras SMOTETomek:
target
1.0    429
0.0    429
Name: count, dtype: int64
2025-02-20 21:12:25 - INFO - Balance de clases tras SMOTETomek:
target
1.0    415
0.0    415
Name: count, dtype: int64
2025-02-20 21:12:26 - INFO - Balance de clases tras SMOTETomek:
target
1.0    427
0.0    427
Name: count, dtype: int64
2025-02-20 21:12:26 - INFO - Balance de clases tras SMOTETomek:
target
0.0    421
1.0    421
Name: count, dtype: int64
2025-02-20 21:12:26 - INFO - Balance de clases tras SMOTETomek:
target
1.0    420
0.0    420
Name: count, dtype: int64
2025-02-20 21:12:27 - INFO - Balance de clases tras SMOTETomek:
target
1.0    429
0.0    429
Name: count, dtype: int64
2025-02-20 21:12:27 - INFO - Balance de clases tras SMOTETomek:
target
1.0    415
0.0    415
Name: count, dtype: int64
2025-02-20 21:12:27 - INFO - Balance de clases tras SMOTETomek:
target
1.0    427
0.0    427
Name: count, dtype: int64
2025-02-20 21:12:27 - INFO - Balance de clases tras SMOTETomek:
target
0.0    421
1.0    421
Name: count, dtype: int64
2025-02-20 21:12:28 - INFO - Balance de clases tras SMOTETomek:
target
1.0    420
0.0    420
Name: count, dtype: int64
2025-02-20 21:12:28 - INFO - Balance de clases tras SMOTETomek:
target
1.0    429
0.0    429
Name: count, dtype: int64
2025-02-20 21:12:29 - INFO - Balance de clases tras SMOTETomek:
target
1.0    415
0.0    415
Name: count, dtype: int64
2025-02-20 21:12:30 - INFO - Balance de clases tras SMOTETomek:
target
1.0    427
0.0    427
Name: count, dtype: int64
2025-02-20 21:12:30 - INFO - Balance de clases tras SMOTETomek:
target
0.0    421
1.0    421
Name: count, dtype: int64
2025-02-20 21:12:31 - INFO - Balance de clases tras SMOTETomek:
target
1.0    420
0.0    420
Name: count, dtype: int64
2025-02-20 21:12:32 - INFO - Balance de clases tras SMOTETomek:
target
1.0    429
0.0    429
Name: count, dtype: int64
2025-02-20 21:12:32 - INFO - Balance de clases tras SMOTETomek:
target
1.0    415
0.0    415
Name: count, dtype: int64
2025-02-20 21:12:33 - INFO - Balance de clases tras SMOTETomek:
target
1.0    427
0.0    427
Name: count, dtype: int64
2025-02-20 21:12:33 - INFO - Balance de clases tras SMOTETomek:
target
0.0    421
1.0    421
Name: count, dtype: int64
2025-02-20 21:12:34 - INFO - Balance de clases tras SMOTETomek:
target
1.0    420
0.0    420
Name: count, dtype: int64
2025-02-20 21:12:35 - INFO - Balance de clases tras SMOTETomek:
target
1.0    429
0.0    429
Name: count, dtype: int64
2025-02-20 21:12:35 - INFO - Balance de clases tras SMOTETomek:
target
1.0    415
0.0    415
Name: count, dtype: int64
2025-02-20 21:12:36 - INFO - Balance de clases tras SMOTETomek:
target
1.0    427
0.0    427
Name: count, dtype: int64
2025-02-20 21:12:37 - INFO - Balance de clases tras SMOTETomek:
target
0.0    421
1.0    421
Name: count, dtype: int64
2025-02-20 21:12:38 - INFO - Balance de clases tras SMOTETomek:
target
1.0    420
0.0    420
Name: count, dtype: int64
2025-02-20 21:12:38 - INFO - Balance de clases tras SMOTETomek:
target
1.0    429
0.0    429
Name: count, dtype: int64
2025-02-20 21:12:39 - INFO - Balance de clases tras SMOTETomek:
target
1.0    415
0.0    415
Name: count, dtype: int64
2025-02-20 21:12:39 - INFO - Balance de clases tras SMOTETomek:
target
1.0    427
0.0    427
Name: count, dtype: int64
2025-02-20 21:12:40 - INFO - Balance de clases tras SMOTETomek:
target
0.0    421
1.0    421
Name: count, dtype: int64
2025-02-20 21:12:40 - INFO - Balance de clases tras SMOTETomek:
target
1.0    420
0.0    420
Name: count, dtype: int64
2025-02-20 21:12:41 - INFO - Balance de clases tras SMOTETomek:
target
1.0    429
0.0    429
Name: count, dtype: int64
2025-02-20 21:12:41 - INFO - Balance de clases tras SMOTETomek:
target
1.0    415
0.0    415
Name: count, dtype: int64
2025-02-20 21:12:42 - INFO - Balance de clases tras SMOTETomek:
target
1.0    427
0.0    427
Name: count, dtype: int64
2025-02-20 21:12:42 - INFO - Balance de clases tras SMOTETomek:
target
0.0    421
1.0    421
Name: count, dtype: int64
2025-02-20 21:12:43 - INFO - Balance de clases tras SMOTETomek:
target
1.0    420
0.0    420
Name: count, dtype: int64
2025-02-20 21:12:43 - INFO - Balance de clases tras SMOTETomek:
target
1.0    429
0.0    429
Name: count, dtype: int64
2025-02-20 21:12:44 - INFO - Balance de clases tras SMOTETomek:
target
1.0    415
0.0    415
Name: count, dtype: int64
2025-02-20 21:12:44 - INFO - Balance de clases tras SMOTETomek:
target
1.0    427
0.0    427
Name: count, dtype: int64
2025-02-20 21:12:45 - INFO - Balance de clases tras SMOTETomek:
target
0.0    421
1.0    421
Name: count, dtype: int64
2025-02-20 21:12:45 - INFO - Balance de clases tras SMOTETomek:
target
1.0    420
0.0    420
Name: count, dtype: int64
2025-02-20 21:12:46 - INFO - Balance de clases tras SMOTETomek:
target
1.0    429
0.0    429
Name: count, dtype: int64
2025-02-20 21:12:47 - INFO - Balance de clases tras SMOTETomek:
target
1.0    415
0.0    415
Name: count, dtype: int64
2025-02-20 21:12:49 - INFO - Balance de clases tras SMOTETomek:
target
1.0    427
0.0    427
Name: count, dtype: int64
2025-02-20 21:12:49 - INFO - Balance de clases tras SMOTETomek:
target
0.0    421
1.0    421
Name: count, dtype: int64
2025-02-20 21:12:50 - INFO - Balance de clases tras SMOTETomek:
target
1.0    420
0.0    420
Name: count, dtype: int64
2025-02-20 21:12:51 - INFO - Balance de clases tras SMOTETomek:
target
1.0    429
0.0    429
Name: count, dtype: int64
2025-02-20 21:12:52 - INFO - Balance de clases tras SMOTETomek:
target
1.0    415
0.0    415
Name: count, dtype: int64
2025-02-20 21:12:54 - INFO - Balance de clases tras SMOTETomek:
target
1.0    427
0.0    427
Name: count, dtype: int64
2025-02-20 21:12:56 - INFO - Balance de clases tras SMOTETomek:
target
0.0    421
1.0    421
Name: count, dtype: int64
2025-02-20 21:12:57 - INFO - Balance de clases tras SMOTETomek:
target
1.0    420
0.0    420
Name: count, dtype: int64
2025-02-20 21:13:00 - INFO - Balance de clases tras SMOTETomek:
target
1.0    429
0.0    429
Name: count, dtype: int64
2025-02-20 21:13:03 - INFO - Balance de clases tras SMOTETomek:
target
1.0    415
0.0    415
Name: count, dtype: int64
2025-02-20 21:13:05 - INFO - Balance de clases tras SMOTETomek:
target
1.0    427
0.0    427
Name: count, dtype: int64
2025-02-20 21:13:09 - INFO - Balance de clases tras SMOTETomek:
target
0.0    421
1.0    421
Name: count, dtype: int64
2025-02-20 21:13:12 - INFO - Balance de clases tras SMOTETomek:
target
1.0    420
0.0    420
Name: count, dtype: int64
2025-02-20 21:13:12 - INFO - Balance de clases tras SMOTETomek:
target
1.0    429
0.0    429
Name: count, dtype: int64
2025-02-20 21:13:12 - INFO - Balance de clases tras SMOTETomek:
target
1.0    415
0.0    415
Name: count, dtype: int64
2025-02-20 21:13:13 - INFO - Balance de clases tras SMOTETomek:
target
1.0    427
0.0    427
Name: count, dtype: int64
2025-02-20 21:13:13 - INFO - Balance de clases tras SMOTETomek:
target
0.0    421
1.0    421
Name: count, dtype: int64
2025-02-20 21:13:14 - INFO - Balance de clases tras SMOTETomek:
target
1.0    420
0.0    420
Name: count, dtype: int64
2025-02-20 21:13:15 - INFO - Balance de clases tras SMOTETomek:
target
1.0    429
0.0    429
Name: count, dtype: int64
2025-02-20 21:13:16 - INFO - Balance de clases tras SMOTETomek:
target
1.0    415
0.0    415
Name: count, dtype: int64
2025-02-20 21:13:17 - INFO - Balance de clases tras SMOTETomek:
target
1.0    427
0.0    427
Name: count, dtype: int64
2025-02-20 21:13:18 - INFO - Balance de clases tras SMOTETomek:
target
0.0    421
1.0    421
Name: count, dtype: int64
2025-02-20 21:13:19 - INFO - Balance de clases tras SMOTETomek:
target
1.0    420
0.0    420
Name: count, dtype: int64
2025-02-20 21:13:19 - INFO - Balance de clases tras SMOTETomek:
target
1.0    429
0.0    429
Name: count, dtype: int64
2025-02-20 21:13:20 - INFO - Balance de clases tras SMOTETomek:
target
1.0    415
0.0    415
Name: count, dtype: int64
2025-02-20 21:13:21 - INFO - Balance de clases tras SMOTETomek:
target
1.0    427
0.0    427
Name: count, dtype: int64
2025-02-20 21:13:21 - INFO - Balance de clases tras SMOTETomek:
target
0.0    421
1.0    421
Name: count, dtype: int64
2025-02-20 21:13:22 - INFO - Balance de clases tras SMOTETomek:
target
1.0    420
0.0    420
Name: count, dtype: int64
2025-02-20 21:13:22 - INFO - Balance de clases tras SMOTETomek:
target
1.0    429
0.0    429
Name: count, dtype: int64
2025-02-20 21:13:23 - INFO - Balance de clases tras SMOTETomek:
target
1.0    415
0.0    415
Name: count, dtype: int64
2025-02-20 21:13:24 - INFO - Balance de clases tras SMOTETomek:
target
1.0    427
0.0    427
Name: count, dtype: int64
2025-02-20 21:13:24 - INFO - Balance de clases tras SMOTETomek:
target
0.0    421
1.0    421
Name: count, dtype: int64
2025-02-20 21:13:25 - INFO - Balance de clases tras SMOTETomek:
target
1.0    420
0.0    420
Name: count, dtype: int64
2025-02-20 21:13:25 - INFO - Balance de clases tras SMOTETomek:
target
1.0    429
0.0    429
Name: count, dtype: int64
2025-02-20 21:13:26 - INFO - Balance de clases tras SMOTETomek:
target
1.0    415
0.0    415
Name: count, dtype: int64
2025-02-20 21:13:27 - INFO - Balance de clases tras SMOTETomek:
target
1.0    427
0.0    427
Name: count, dtype: int64
2025-02-20 21:13:28 - INFO - Balance de clases tras SMOTETomek:
target
0.0    421
1.0    421
Name: count, dtype: int64
2025-02-20 21:13:28 - INFO - Balance de clases tras SMOTETomek:
target
1.0    420
0.0    420
Name: count, dtype: int64
2025-02-20 21:13:29 - INFO - Balance de clases tras SMOTETomek:
target
1.0    429
0.0    429
Name: count, dtype: int64
2025-02-20 21:13:30 - INFO - Balance de clases tras SMOTETomek:
target
1.0    415
0.0    415
Name: count, dtype: int64
2025-02-20 21:13:31 - INFO - Balance de clases tras SMOTETomek:
target
1.0    427
0.0    427
Name: count, dtype: int64
2025-02-20 21:13:32 - INFO - Balance de clases tras SMOTETomek:
target
0.0    421
1.0    421
Name: count, dtype: int64
2025-02-20 21:13:34 - INFO - Balance de clases tras SMOTETomek:
target
1.0    420
0.0    420
Name: count, dtype: int64
2025-02-20 21:13:34 - INFO - Balance de clases tras SMOTETomek:
target
1.0    429
0.0    429
Name: count, dtype: int64
2025-02-20 21:13:35 - INFO - Balance de clases tras SMOTETomek:
target
1.0    415
0.0    415
Name: count, dtype: int64
2025-02-20 21:13:36 - INFO - Balance de clases tras SMOTETomek:
target
1.0    427
0.0    427
Name: count, dtype: int64
2025-02-20 21:13:37 - INFO - Balance de clases tras SMOTETomek:
target
0.0    421
1.0    421
Name: count, dtype: int64
2025-02-20 21:13:37 - INFO - Balance de clases tras SMOTETomek:
target
1.0    420
0.0    420
Name: count, dtype: int64
2025-02-20 21:13:38 - INFO - Balance de clases tras SMOTETomek:
target
1.0    429
0.0    429
Name: count, dtype: int64
2025-02-20 21:13:39 - INFO - Balance de clases tras SMOTETomek:
target
1.0    415
0.0    415
Name: count, dtype: int64
2025-02-20 21:13:39 - INFO - Balance de clases tras SMOTETomek:
target
1.0    427
0.0    427
Name: count, dtype: int64
2025-02-20 21:13:40 - INFO - Balance de clases tras SMOTETomek:
target
0.0    421
1.0    421
Name: count, dtype: int64
2025-02-20 21:13:41 - INFO - Balance de clases tras SMOTETomek:
target
1.0    420
0.0    420
Name: count, dtype: int64
2025-02-20 21:13:41 - INFO - Balance de clases tras SMOTETomek:
target
1.0    429
0.0    429
Name: count, dtype: int64
2025-02-20 21:13:42 - INFO - Balance de clases tras SMOTETomek:
target
1.0    415
0.0    415
Name: count, dtype: int64
2025-02-20 21:13:43 - INFO - Balance de clases tras SMOTETomek:
target
1.0    427
0.0    427
Name: count, dtype: int64
2025-02-20 21:13:43 - INFO - Balance de clases tras SMOTETomek:
target
0.0    421
1.0    421
Name: count, dtype: int64
2025-02-20 21:13:44 - INFO - Balance de clases tras SMOTETomek:
target
1.0    420
0.0    420
Name: count, dtype: int64
2025-02-20 21:13:45 - INFO - Balance de clases tras SMOTETomek:
target
1.0    429
0.0    429
Name: count, dtype: int64
2025-02-20 21:13:46 - INFO - Balance de clases tras SMOTETomek:
target
1.0    415
0.0    415
Name: count, dtype: int64
2025-02-20 21:13:47 - INFO - Balance de clases tras SMOTETomek:
target
1.0    427
0.0    427
Name: count, dtype: int64
2025-02-20 21:13:47 - INFO - Balance de clases tras SMOTETomek:
target
0.0    421
1.0    421
Name: count, dtype: int64
2025-02-20 21:13:48 - INFO - Balance de clases tras SMOTETomek:
target
1.0    420
0.0    420
Name: count, dtype: int64
2025-02-20 21:13:49 - INFO - Balance de clases tras SMOTETomek:
target
1.0    429
0.0    429
Name: count, dtype: int64
2025-02-20 21:13:49 - INFO - Balance de clases tras SMOTETomek:
target
1.0    415
0.0    415
Name: count, dtype: int64
2025-02-20 21:13:50 - INFO - Balance de clases tras SMOTETomek:
target
1.0    427
0.0    427
Name: count, dtype: int64
2025-02-20 21:13:50 - INFO - Balance de clases tras SMOTETomek:
target
0.0    421
1.0    421
Name: count, dtype: int64
2025-02-20 21:13:50 - INFO - Balance de clases tras SMOTETomek:
target
1.0    420
0.0    420
Name: count, dtype: int64
2025-02-20 21:13:51 - INFO - Balance de clases tras SMOTETomek:
target
1.0    429
0.0    429
Name: count, dtype: int64
2025-02-20 21:13:52 - INFO - Balance de clases tras SMOTETomek:
target
1.0    415
0.0    415
Name: count, dtype: int64
2025-02-20 21:13:53 - INFO - Balance de clases tras SMOTETomek:
target
1.0    427
0.0    427
Name: count, dtype: int64
2025-02-20 21:13:54 - INFO - Balance de clases tras SMOTETomek:
target
0.0    421
1.0    421
Name: count, dtype: int64
2025-02-20 21:13:55 - INFO - Balance de clases tras SMOTETomek:
target
1.0    420
0.0    420
Name: count, dtype: int64
2025-02-20 21:13:56 - INFO - Balance de clases tras SMOTETomek:
target
1.0    429
0.0    429
Name: count, dtype: int64
2025-02-20 21:13:57 - INFO - Balance de clases tras SMOTETomek:
target
1.0    415
0.0    415
Name: count, dtype: int64
2025-02-20 21:13:57 - INFO - Balance de clases tras SMOTETomek:
target
1.0    427
0.0    427
Name: count, dtype: int64
2025-02-20 21:13:58 - INFO - Balance de clases tras SMOTETomek:
target
0.0    421
1.0    421
Name: count, dtype: int64
2025-02-20 21:13:58 - INFO - Balance de clases tras SMOTETomek:
target
1.0    420
0.0    420
Name: count, dtype: int64
2025-02-20 21:13:59 - INFO - Balance de clases tras SMOTETomek:
target
1.0    429
0.0    429
Name: count, dtype: int64
2025-02-20 21:14:00 - INFO - Balance de clases tras SMOTETomek:
target
1.0    415
0.0    415
Name: count, dtype: int64
2025-02-20 21:14:01 - INFO - Balance de clases tras SMOTETomek:
target
1.0    427
0.0    427
Name: count, dtype: int64
2025-02-20 21:14:02 - INFO - Balance de clases tras SMOTETomek:
target
0.0    421
1.0    421
Name: count, dtype: int64
2025-02-20 21:14:03 - INFO - Balance de clases tras SMOTETomek:
target
1.0    420
0.0    420
Name: count, dtype: int64
2025-02-20 21:14:04 - INFO - Balance de clases tras SMOTETomek:
target
1.0    429
0.0    429
Name: count, dtype: int64
2025-02-20 21:14:05 - INFO - Balance de clases tras SMOTETomek:
target
1.0    415
0.0    415
Name: count, dtype: int64
2025-02-20 21:14:05 - INFO - Balance de clases tras SMOTETomek:
target
1.0    427
0.0    427
Name: count, dtype: int64
2025-02-20 21:14:06 - INFO - Balance de clases tras SMOTETomek:
target
0.0    421
1.0    421
Name: count, dtype: int64
2025-02-20 21:14:07 - INFO - Balance de clases tras SMOTETomek:
target
1.0    420
0.0    420
Name: count, dtype: int64
2025-02-20 21:14:08 - INFO - Balance de clases tras SMOTETomek:
target
1.0    429
0.0    429
Name: count, dtype: int64
2025-02-20 21:14:09 - INFO - Balance de clases tras SMOTETomek:
target
1.0    415
0.0    415
Name: count, dtype: int64
2025-02-20 21:14:10 - INFO - Balance de clases tras SMOTETomek:
target
1.0    427
0.0    427
Name: count, dtype: int64
2025-02-20 21:14:11 - INFO - Balance de clases tras SMOTETomek:
target
0.0    421
1.0    421
Name: count, dtype: int64
2025-02-20 21:14:11 - INFO - Balance de clases tras SMOTETomek:
target
1.0    420
0.0    420
Name: count, dtype: int64
2025-02-20 21:14:13 - INFO - Balance de clases tras SMOTETomek:
target
1.0    429
0.0    429
Name: count, dtype: int64
2025-02-20 21:14:15 - INFO - Balance de clases tras SMOTETomek:
target
1.0    415
0.0    415
Name: count, dtype: int64
2025-02-20 21:14:16 - INFO - Balance de clases tras SMOTETomek:
target
1.0    427
0.0    427
Name: count, dtype: int64
2025-02-20 21:14:18 - INFO - Balance de clases tras SMOTETomek:
target
0.0    421
1.0    421
Name: count, dtype: int64
2025-02-20 21:14:20 - INFO - Balance de clases tras SMOTETomek:
target
1.0    420
0.0    420
Name: count, dtype: int64
2025-02-20 21:14:20 - INFO - Balance de clases tras SMOTETomek:
target
1.0    429
0.0    429
Name: count, dtype: int64
2025-02-20 21:14:21 - INFO - Balance de clases tras SMOTETomek:
target
1.0    415
0.0    415
Name: count, dtype: int64
2025-02-20 21:14:21 - INFO - Balance de clases tras SMOTETomek:
target
1.0    427
0.0    427
Name: count, dtype: int64
2025-02-20 21:14:21 - INFO - Balance de clases tras SMOTETomek:
target
0.0    421
1.0    421
Name: count, dtype: int64
2025-02-20 21:14:22 - INFO - Balance de clases tras SMOTETomek:
target
1.0    420
0.0    420
Name: count, dtype: int64
2025-02-20 21:14:22 - INFO - Balance de clases tras SMOTETomek:
target
1.0    429
0.0    429
Name: count, dtype: int64
2025-02-20 21:14:23 - INFO - Balance de clases tras SMOTETomek:
target
1.0    415
0.0    415
Name: count, dtype: int64
2025-02-20 21:14:23 - INFO - Balance de clases tras SMOTETomek:
target
1.0    427
0.0    427
Name: count, dtype: int64
2025-02-20 21:14:24 - INFO - Balance de clases tras SMOTETomek:
target
0.0    421
1.0    421
Name: count, dtype: int64
2025-02-20 21:14:25 - INFO - Balance de clases tras SMOTETomek:
target
1.0    420
0.0    420
Name: count, dtype: int64
2025-02-20 21:14:25 - INFO - Balance de clases tras SMOTETomek:
target
1.0    429
0.0    429
Name: count, dtype: int64
2025-02-20 21:14:26 - INFO - Balance de clases tras SMOTETomek:
target
1.0    415
0.0    415
Name: count, dtype: int64
2025-02-20 21:14:26 - INFO - Balance de clases tras SMOTETomek:
target
1.0    427
0.0    427
Name: count, dtype: int64
2025-02-20 21:14:27 - INFO - Balance de clases tras SMOTETomek:
target
0.0    421
1.0    421
Name: count, dtype: int64
2025-02-20 21:14:27 - INFO - Balance de clases tras SMOTETomek:
target
1.0    420
0.0    420
Name: count, dtype: int64
2025-02-20 21:14:28 - INFO - Balance de clases tras SMOTETomek:
target
1.0    429
0.0    429
Name: count, dtype: int64
2025-02-20 21:14:28 - INFO - Balance de clases tras SMOTETomek:
target
1.0    415
0.0    415
Name: count, dtype: int64
2025-02-20 21:14:29 - INFO - Balance de clases tras SMOTETomek:
target
1.0    427
0.0    427
Name: count, dtype: int64
2025-02-20 21:14:30 - INFO - Balance de clases tras SMOTETomek:
target
0.0    421
1.0    421
Name: count, dtype: int64
2025-02-20 21:14:30 - INFO - Balance de clases tras SMOTETomek:
target
1.0    420
0.0    420
Name: count, dtype: int64
2025-02-20 21:14:32 - INFO - Balance de clases tras SMOTETomek:
target
1.0    429
0.0    429
Name: count, dtype: int64
2025-02-20 21:14:34 - INFO - Balance de clases tras SMOTETomek:
target
1.0    415
0.0    415
Name: count, dtype: int64
2025-02-20 21:14:35 - INFO - Balance de clases tras SMOTETomek:
target
1.0    427
0.0    427
Name: count, dtype: int64
2025-02-20 21:14:37 - INFO - Balance de clases tras SMOTETomek:
target
0.0    421
1.0    421
Name: count, dtype: int64
2025-02-20 21:14:39 - INFO - Balance de clases tras SMOTETomek:
target
1.0    420
0.0    420
Name: count, dtype: int64
2025-02-20 21:14:39 - INFO - Balance de clases tras SMOTETomek:
target
1.0    429
0.0    429
Name: count, dtype: int64
2025-02-20 21:14:40 - INFO - Balance de clases tras SMOTETomek:
target
1.0    415
0.0    415
Name: count, dtype: int64
2025-02-20 21:14:40 - INFO - Balance de clases tras SMOTETomek:
target
1.0    427
0.0    427
Name: count, dtype: int64
2025-02-20 21:14:41 - INFO - Balance de clases tras SMOTETomek:
target
0.0    421
1.0    421
Name: count, dtype: int64
2025-02-20 21:14:42 - INFO - Balance de clases tras SMOTETomek:
target
1.0    420
0.0    420
Name: count, dtype: int64
2025-02-20 21:14:42 - INFO - Balance de clases tras SMOTETomek:
target
1.0    429
0.0    429
Name: count, dtype: int64
2025-02-20 21:14:43 - INFO - Balance de clases tras SMOTETomek:
target
1.0    415
0.0    415
Name: count, dtype: int64
2025-02-20 21:14:43 - INFO - Balance de clases tras SMOTETomek:
target
1.0    427
0.0    427
Name: count, dtype: int64
2025-02-20 21:14:44 - INFO - Balance de clases tras SMOTETomek:
target
0.0    421
1.0    421
Name: count, dtype: int64
2025-02-20 21:14:44 - INFO - Balance de clases tras SMOTETomek:
target
1.0    420
0.0    420
Name: count, dtype: int64
2025-02-20 21:14:45 - INFO - Balance de clases tras SMOTETomek:
target
1.0    429
0.0    429
Name: count, dtype: int64
2025-02-20 21:14:45 - INFO - Balance de clases tras SMOTETomek:
target
1.0    415
0.0    415
Name: count, dtype: int64
2025-02-20 21:14:46 - INFO - Balance de clases tras SMOTETomek:
target
1.0    427
0.0    427
Name: count, dtype: int64
2025-02-20 21:14:46 - INFO - Balance de clases tras SMOTETomek:
target
0.0    421
1.0    421
Name: count, dtype: int64
2025-02-20 21:14:47 - INFO - Balance de clases tras SMOTETomek:
target
1.0    420
0.0    420
Name: count, dtype: int64
2025-02-20 21:14:48 - INFO - Balance de clases tras SMOTETomek:
target
1.0    429
0.0    429
Name: count, dtype: int64
2025-02-20 21:14:48 - INFO - Balance de clases tras SMOTETomek:
target
1.0    415
0.0    415
Name: count, dtype: int64
2025-02-20 21:14:49 - INFO - Balance de clases tras SMOTETomek:
target
1.0    427
0.0    427
Name: count, dtype: int64
2025-02-20 21:14:49 - INFO - Balance de clases tras SMOTETomek:
target
0.0    421
1.0    421
Name: count, dtype: int64
2025-02-20 21:14:50 - INFO - Balance de clases tras SMOTETomek:
target
1.0    420
0.0    420
Name: count, dtype: int64
2025-02-20 21:14:50 - INFO - Balance de clases tras SMOTETomek:
target
1.0    429
0.0    429
Name: count, dtype: int64
2025-02-20 21:14:51 - INFO - Balance de clases tras SMOTETomek:
target
1.0    415
0.0    415
Name: count, dtype: int64
2025-02-20 21:14:52 - INFO - Balance de clases tras SMOTETomek:
target
1.0    427
0.0    427
Name: count, dtype: int64
2025-02-20 21:14:53 - INFO - Balance de clases tras SMOTETomek:
target
0.0    421
1.0    421
Name: count, dtype: int64
2025-02-20 21:14:54 - INFO - Balance de clases tras SMOTETomek:
target
1.0    420
0.0    420
Name: count, dtype: int64
2025-02-20 21:14:54 - INFO - Balance de clases tras SMOTETomek:
target
1.0    429
0.0    429
Name: count, dtype: int64
2025-02-20 21:14:55 - INFO - Balance de clases tras SMOTETomek:
target
1.0    415
0.0    415
Name: count, dtype: int64
2025-02-20 21:14:56 - INFO - Balance de clases tras SMOTETomek:
target
1.0    427
0.0    427
Name: count, dtype: int64
2025-02-20 21:14:56 - INFO - Balance de clases tras SMOTETomek:
target
0.0    421
1.0    421
Name: count, dtype: int64
2025-02-20 21:14:57 - INFO - Balance de clases tras SMOTETomek:
target
1.0    420
0.0    420
Name: count, dtype: int64
2025-02-20 21:14:57 - INFO - Balance de clases tras SMOTETomek:
target
1.0    429
0.0    429
Name: count, dtype: int64
2025-02-20 21:14:58 - INFO - Balance de clases tras SMOTETomek:
target
1.0    415
0.0    415
Name: count, dtype: int64
2025-02-20 21:14:58 - INFO - Balance de clases tras SMOTETomek:
target
1.0    427
0.0    427
Name: count, dtype: int64
2025-02-20 21:14:58 - INFO - Balance de clases tras SMOTETomek:
target
0.0    421
1.0    421
Name: count, dtype: int64
2025-02-20 21:14:59 - INFO - Balance de clases tras SMOTETomek:
target
1.0    420
0.0    420
Name: count, dtype: int64
2025-02-20 21:15:00 - INFO - Balance de clases tras SMOTETomek:
target
1.0    429
0.0    429
Name: count, dtype: int64
2025-02-20 21:15:01 - INFO - Balance de clases tras SMOTETomek:
target
1.0    415
0.0    415
Name: count, dtype: int64
2025-02-20 21:15:02 - INFO - Balance de clases tras SMOTETomek:
target
1.0    427
0.0    427
Name: count, dtype: int64
2025-02-20 21:15:03 - INFO - Balance de clases tras SMOTETomek:
target
0.0    421
1.0    421
Name: count, dtype: int64
2025-02-20 21:15:04 - INFO - Balance de clases tras SMOTETomek:
target
1.0    420
0.0    420
Name: count, dtype: int64
2025-02-20 21:15:06 - INFO - Balance de clases tras SMOTETomek:
target
1.0    429
0.0    429
Name: count, dtype: int64
2025-02-20 21:15:08 - INFO - Balance de clases tras SMOTETomek:
target
1.0    415
0.0    415
Name: count, dtype: int64
2025-02-20 21:15:09 - INFO - Balance de clases tras SMOTETomek:
target
1.0    427
0.0    427
Name: count, dtype: int64
2025-02-20 21:15:11 - INFO - Balance de clases tras SMOTETomek:
target
0.0    421
1.0    421
Name: count, dtype: int64
2025-02-20 21:15:13 - INFO - Balance de clases tras SMOTETomek:
target
1.0    420
0.0    420
Name: count, dtype: int64
2025-02-20 21:15:14 - INFO - Balance de clases tras SMOTETomek:
target
1.0    429
0.0    429
Name: count, dtype: int64
2025-02-20 21:15:14 - INFO - Balance de clases tras SMOTETomek:
target
1.0    415
0.0    415
Name: count, dtype: int64
2025-02-20 21:15:15 - INFO - Balance de clases tras SMOTETomek:
target
1.0    427
0.0    427
Name: count, dtype: int64
2025-02-20 21:15:15 - INFO - Balance de clases tras SMOTETomek:
target
0.0    421
1.0    421
Name: count, dtype: int64
2025-02-20 21:15:16 - INFO - Balance de clases tras SMOTETomek:
target
1.0    420
0.0    420
Name: count, dtype: int64
2025-02-20 21:15:16 - INFO - Balance de clases tras SMOTETomek:
target
1.0    429
0.0    429
Name: count, dtype: int64
2025-02-20 21:15:17 - INFO - Balance de clases tras SMOTETomek:
target
1.0    415
0.0    415
Name: count, dtype: int64
2025-02-20 21:15:17 - INFO - Balance de clases tras SMOTETomek:
target
1.0    427
0.0    427
Name: count, dtype: int64
2025-02-20 21:15:18 - INFO - Balance de clases tras SMOTETomek:
target
0.0    421
1.0    421
Name: count, dtype: int64
2025-02-20 21:15:18 - INFO - Balance de clases tras SMOTETomek:
target
1.0    420
0.0    420
Name: count, dtype: int64
2025-02-20 21:15:19 - INFO - Balance de clases tras SMOTETomek:
target
1.0    429
0.0    429
Name: count, dtype: int64
2025-02-20 21:15:19 - INFO - Balance de clases tras SMOTETomek:
target
1.0    415
0.0    415
Name: count, dtype: int64
2025-02-20 21:15:20 - INFO - Balance de clases tras SMOTETomek:
target
1.0    427
0.0    427
Name: count, dtype: int64
2025-02-20 21:15:20 - INFO - Balance de clases tras SMOTETomek:
target
0.0    421
1.0    421
Name: count, dtype: int64
2025-02-20 21:15:21 - INFO - Balance de clases tras SMOTETomek:
target
1.0    420
0.0    420
Name: count, dtype: int64
2025-02-20 21:15:21 - INFO - Balance de clases tras SMOTETomek:
target
1.0    429
0.0    429
Name: count, dtype: int64
2025-02-20 21:15:21 - INFO - Balance de clases tras SMOTETomek:
target
1.0    415
0.0    415
Name: count, dtype: int64
2025-02-20 21:15:21 - INFO - Balance de clases tras SMOTETomek:
target
1.0    427
0.0    427
Name: count, dtype: int64
2025-02-20 21:15:22 - INFO - Balance de clases tras SMOTETomek:
target
0.0    421
1.0    421
Name: count, dtype: int64
2025-02-20 21:15:22 - INFO - Balance de clases tras SMOTETomek:
target
1.0    420
0.0    420
Name: count, dtype: int64
2025-02-20 21:15:22 - INFO - Balance de clases tras SMOTETomek:
target
1.0    429
0.0    429
Name: count, dtype: int64
2025-02-20 21:15:23 - INFO - Balance de clases tras SMOTETomek:
target
1.0    415
0.0    415
Name: count, dtype: int64
2025-02-20 21:15:23 - INFO - Balance de clases tras SMOTETomek:
target
1.0    427
0.0    427
Name: count, dtype: int64
2025-02-20 21:15:24 - INFO - Balance de clases tras SMOTETomek:
target
0.0    421
1.0    421
Name: count, dtype: int64
2025-02-20 21:15:24 - INFO - Balance de clases tras SMOTETomek:
target
1.0    420
0.0    420
Name: count, dtype: int64
2025-02-20 21:15:25 - INFO - Balance de clases tras SMOTETomek:
target
1.0    429
0.0    429
Name: count, dtype: int64
2025-02-20 21:15:25 - INFO - Balance de clases tras SMOTETomek:
target
1.0    415
0.0    415
Name: count, dtype: int64
2025-02-20 21:15:26 - INFO - Balance de clases tras SMOTETomek:
target
1.0    427
0.0    427
Name: count, dtype: int64
2025-02-20 21:15:26 - INFO - Balance de clases tras SMOTETomek:
target
0.0    421
1.0    421
Name: count, dtype: int64
2025-02-20 21:15:26 - INFO - Balance de clases tras SMOTETomek:
target
1.0    420
0.0    420
Name: count, dtype: int64
2025-02-20 21:15:27 - INFO - Balance de clases tras SMOTETomek:
target
1.0    429
0.0    429
Name: count, dtype: int64
2025-02-20 21:15:28 - INFO - Balance de clases tras SMOTETomek:
target
1.0    415
0.0    415
Name: count, dtype: int64
2025-02-20 21:15:28 - INFO - Balance de clases tras SMOTETomek:
target
1.0    427
0.0    427
Name: count, dtype: int64
2025-02-20 21:15:29 - INFO - Balance de clases tras SMOTETomek:
target
0.0    421
1.0    421
Name: count, dtype: int64
2025-02-20 21:15:30 - INFO - Balance de clases tras SMOTETomek:
target
1.0    420
0.0    420
Name: count, dtype: int64
2025-02-20 21:15:30 - INFO - Balance de clases tras SMOTETomek:
target
1.0    429
0.0    429
Name: count, dtype: int64
2025-02-20 21:15:30 - INFO - Balance de clases tras SMOTETomek:
target
1.0    415
0.0    415
Name: count, dtype: int64
2025-02-20 21:15:31 - INFO - Balance de clases tras SMOTETomek:
target
1.0    427
0.0    427
Name: count, dtype: int64
2025-02-20 21:15:31 - INFO - Balance de clases tras SMOTETomek:
target
0.0    421
1.0    421
Name: count, dtype: int64
2025-02-20 21:15:32 - INFO - Balance de clases tras SMOTETomek:
target
1.0    420
0.0    420
Name: count, dtype: int64
2025-02-20 21:15:32 - INFO - Balance de clases tras SMOTETomek:
target
1.0    429
0.0    429
Name: count, dtype: int64
2025-02-20 21:15:33 - INFO - Balance de clases tras SMOTETomek:
target
1.0    415
0.0    415
Name: count, dtype: int64
2025-02-20 21:15:34 - INFO - Balance de clases tras SMOTETomek:
target
1.0    427
0.0    427
Name: count, dtype: int64
2025-02-20 21:15:35 - INFO - Balance de clases tras SMOTETomek:
target
0.0    421
1.0    421
Name: count, dtype: int64
2025-02-20 21:15:36 - INFO - Balance de clases tras SMOTETomek:
target
1.0    420
0.0    420
Name: count, dtype: int64
2025-02-20 21:15:36 - INFO - Balance de clases tras SMOTETomek:
target
1.0    429
0.0    429
Name: count, dtype: int64
2025-02-20 21:15:37 - INFO - Balance de clases tras SMOTETomek:
target
1.0    415
0.0    415
Name: count, dtype: int64
2025-02-20 21:15:38 - INFO - Balance de clases tras SMOTETomek:
target
1.0    427
0.0    427
Name: count, dtype: int64
2025-02-20 21:15:38 - INFO - Balance de clases tras SMOTETomek:
target
0.0    421
1.0    421
Name: count, dtype: int64
2025-02-20 21:15:39 - INFO - Balance de clases tras SMOTETomek:
target
1.0    420
0.0    420
Name: count, dtype: int64
2025-02-20 21:15:40 - INFO - Balance de clases tras SMOTETomek:
target
1.0    429
0.0    429
Name: count, dtype: int64
2025-02-20 21:15:41 - INFO - Balance de clases tras SMOTETomek:
target
1.0    415
0.0    415
Name: count, dtype: int64
2025-02-20 21:15:42 - INFO - Balance de clases tras SMOTETomek:
target
1.0    427
0.0    427
Name: count, dtype: int64
2025-02-20 21:15:43 - INFO - Balance de clases tras SMOTETomek:
target
0.0    421
1.0    421
Name: count, dtype: int64
2025-02-20 21:15:45 - INFO - Balance de clases tras SMOTETomek:
target
1.0    420
0.0    420
Name: count, dtype: int64
2025-02-20 21:15:45 - INFO - Balance de clases tras SMOTETomek:
target
1.0    429
0.0    429
Name: count, dtype: int64
2025-02-20 21:15:46 - INFO - Balance de clases tras SMOTETomek:
target
1.0    415
0.0    415
Name: count, dtype: int64
2025-02-20 21:15:46 - INFO - Balance de clases tras SMOTETomek:
target
1.0    427
0.0    427
Name: count, dtype: int64
2025-02-20 21:15:47 - INFO - Balance de clases tras SMOTETomek:
target
0.0    421
1.0    421
Name: count, dtype: int64
2025-02-20 21:15:47 - INFO - Balance de clases tras SMOTETomek:
target
1.0    420
0.0    420
Name: count, dtype: int64
2025-02-20 21:15:48 - INFO - Balance de clases tras SMOTETomek:
target
1.0    429
0.0    429
Name: count, dtype: int64
2025-02-20 21:15:48 - INFO - Balance de clases tras SMOTETomek:
target
1.0    415
0.0    415
Name: count, dtype: int64
2025-02-20 21:15:48 - INFO - Balance de clases tras SMOTETomek:
target
1.0    427
0.0    427
Name: count, dtype: int64
2025-02-20 21:15:49 - INFO - Balance de clases tras SMOTETomek:
target
0.0    421
1.0    421
Name: count, dtype: int64
2025-02-20 21:15:49 - INFO - Balance de clases tras SMOTETomek:
target
1.0    420
0.0    420
Name: count, dtype: int64
2025-02-20 21:15:50 - INFO - Balance de clases tras SMOTETomek:
target
1.0    429
0.0    429
Name: count, dtype: int64
2025-02-20 21:15:51 - INFO - Balance de clases tras SMOTETomek:
target
1.0    415
0.0    415
Name: count, dtype: int64
2025-02-20 21:15:51 - INFO - Balance de clases tras SMOTETomek:
target
1.0    427
0.0    427
Name: count, dtype: int64
2025-02-20 21:15:52 - INFO - Balance de clases tras SMOTETomek:
target
0.0    421
1.0    421
Name: count, dtype: int64
2025-02-20 21:15:52 - INFO - Balance de clases tras SMOTETomek:
target
1.0    420
0.0    420
Name: count, dtype: int64
2025-02-20 21:15:53 - INFO - Balance de clases tras SMOTETomek:
target
1.0    429
0.0    429
Name: count, dtype: int64
2025-02-20 21:15:53 - INFO - Balance de clases tras SMOTETomek:
target
1.0    415
0.0    415
Name: count, dtype: int64
2025-02-20 21:15:53 - INFO - Balance de clases tras SMOTETomek:
target
1.0    427
0.0    427
Name: count, dtype: int64
2025-02-20 21:15:54 - INFO - Balance de clases tras SMOTETomek:
target
0.0    421
1.0    421
Name: count, dtype: int64
2025-02-20 21:15:54 - INFO - Balance de clases tras SMOTETomek:
target
1.0    420
0.0    420
Name: count, dtype: int64
2025-02-20 21:15:55 - INFO - Balance de clases tras SMOTETomek:
target
1.0    429
0.0    429
Name: count, dtype: int64
2025-02-20 21:15:55 - INFO - Balance de clases tras SMOTETomek:
target
1.0    415
0.0    415
Name: count, dtype: int64
2025-02-20 21:15:55 - INFO - Balance de clases tras SMOTETomek:
target
1.0    427
0.0    427
Name: count, dtype: int64
2025-02-20 21:15:56 - INFO - Balance de clases tras SMOTETomek:
target
0.0    421
1.0    421
Name: count, dtype: int64
2025-02-20 21:15:56 - INFO - Balance de clases tras SMOTETomek:
target
1.0    420
0.0    420
Name: count, dtype: int64
2025-02-20 21:15:59 - INFO - Balance de clases tras SMOTETomek:
target
1.0    429
0.0    429
Name: count, dtype: int64
2025-02-20 21:16:00 - INFO - Balance de clases tras SMOTETomek:
target
1.0    415
0.0    415
Name: count, dtype: int64
2025-02-20 21:16:02 - INFO - Balance de clases tras SMOTETomek:
target
1.0    427
0.0    427
Name: count, dtype: int64
2025-02-20 21:16:04 - INFO - Balance de clases tras SMOTETomek:
target
0.0    421
1.0    421
Name: count, dtype: int64
2025-02-20 21:16:05 - INFO - Balance de clases tras SMOTETomek:
target
1.0    420
0.0    420
Name: count, dtype: int64
2025-02-20 21:16:07 - INFO - Balance de clases tras SMOTETomek:
target
1.0    429
0.0    429
Name: count, dtype: int64
2025-02-20 21:16:08 - INFO - Balance de clases tras SMOTETomek:
target
1.0    415
0.0    415
Name: count, dtype: int64
2025-02-20 21:16:09 - INFO - Balance de clases tras SMOTETomek:
target
1.0    427
0.0    427
Name: count, dtype: int64
2025-02-20 21:16:11 - INFO - Balance de clases tras SMOTETomek:
target
0.0    421
1.0    421
Name: count, dtype: int64
2025-02-20 21:16:12 - INFO - Balance de clases tras SMOTETomek:
target
1.0    420
0.0    420
Name: count, dtype: int64
2025-02-20 21:16:13 - INFO - Balance de clases tras SMOTETomek:
target
1.0    429
0.0    429
Name: count, dtype: int64
2025-02-20 21:16:15 - INFO - Balance de clases tras SMOTETomek:
target
1.0    415
0.0    415
Name: count, dtype: int64
2025-02-20 21:16:16 - INFO - Balance de clases tras SMOTETomek:
target
1.0    427
0.0    427
Name: count, dtype: int64
2025-02-20 21:16:17 - INFO - Balance de clases tras SMOTETomek:
target
0.0    421
1.0    421
Name: count, dtype: int64
2025-02-20 21:16:18 - INFO - Balance de clases tras SMOTETomek:
target
1.0    420
0.0    420
Name: count, dtype: int64
2025-02-20 21:16:20 - INFO - Balance de clases tras SMOTETomek:
target
1.0    429
0.0    429
Name: count, dtype: int64
2025-02-20 21:16:21 - INFO - Balance de clases tras SMOTETomek:
target
1.0    415
0.0    415
Name: count, dtype: int64
2025-02-20 21:16:23 - INFO - Balance de clases tras SMOTETomek:
target
1.0    427
0.0    427
Name: count, dtype: int64
2025-02-20 21:16:24 - INFO - Balance de clases tras SMOTETomek:
target
0.0    421
1.0    421
Name: count, dtype: int64
2025-02-20 21:16:26 - INFO - Mejor Precisión (clase=1): 0.7531
2025-02-20 21:16:26 - INFO - Mejores parámetros: {'max_depth': 10, 'learning_rate': 0.018336904224692818, 'n_estimators': 245, 'subsample': 0.7621451160933796, 'colsample_bytree': 0.681135459857179, 'gamma': 0.8196771210602682, 'reg_alpha': 0.047835426084726934, 'reg_lambda': 0.7260438002543387}
2025-02-20 21:16:26 - INFO - === Entrenando Pipeline Final con TODO el Training ===
2025-02-20 21:16:26 - INFO - Columnas extra eliminadas: ['future_close', 'change_pct']
2025-02-20 21:16:26 - INFO - Dataset preparado: 1209 filas, 21 features (después de imputación).
2025-02-20 21:16:26 - INFO - Balance de clases tras SMOTETomek:
target
1.0    611
0.0    611
Name: count, dtype: int64
2025-02-20 21:16:26 - INFO - Pipeline final entrenado con scale_pos_weight=1.00
2025-02-20 21:16:26 - INFO - Pipeline completo guardado en: .ML/results/XGBoost_Binario5m_trained_pipeline.joblib
2025-02-20 21:16:26 - INFO - Parámetros guardados en: .ML/results/XGBoost_Binario5m_model_params.txt
2025-02-20 21:16:26 - INFO - Lista de features guardada en: .ML/results/XGBoost_Binario5m_feature_cols.txt
2025-02-20 21:16:26 - INFO - Columnas de indicadores existentes eliminadas: ['RSI', 'MACD', 'MACDs', 'MACDh', 'OBV', 'BBL', 'BBM', 'BBU', 'STOCHk', 'STOCHd', 'CCI', 'SMA_10', 'SMA_50', 'SMA_200', 'EMA_10', 'EMA_50']
2025-02-20 21:16:26 - INFO - Indicadores técnicos agregados. Filas antes: 652, después: 453 (descartadas: 199)
2025-02-20 21:16:26 - INFO - Columnas renombradas: {'RSI_14': 'RSI', 'MACD_12_26_9': 'MACD', 'MACDs_12_26_9': 'MACDs', 'MACDh_12_26_9': 'MACDh', 'BBL_20_2.0': 'BBL', 'BBM_20_2.0': 'BBM', 'BBU_20_2.0': 'BBU', 'STOCHk_14_3_3': 'STOCHk', 'STOCHd_14_3_3': 'STOCHd', 'CCI_14_0.015': 'CCI', 'SMA_10': 'SMA_10', 'SMA_50': 'SMA_50', 'SMA_200': 'SMA_200', 'EMA_10': 'EMA_10', 'EMA_50': 'EMA_50'}
2025-02-20 21:16:26 - INFO - Target binario con look_ahead=3, min_change=0.031
2025-02-20 21:16:26 - INFO - Distribución de clases (0=Vender, 1=Comprar):
target
1.0    171
0.0    169
Name: count, dtype: int64
2025-02-20 21:16:26 - INFO - Muestra de datos con target:
                        close  future_close  change_pct  target
open_time                                                      
2021-05-19 01:00:00  42168.16      38734.99   -0.081416     0.0
2022-05-11 12:00:00  31650.78      29286.77   -0.074690     0.0
2021-06-21 06:00:00  34494.77      31361.01   -0.090847     0.0
2021-01-11 18:15:00  33000.00      31793.04   -0.036575     0.0
2022-06-15 17:45:00  21117.26      20446.52   -0.031763     0.0
2021-05-13 16:15:00  50301.61      45656.08   -0.092354     0.0
2021-09-22 00:30:00  40700.01      44517.29    0.093791     1.0
2022-07-13 12:15:00  20055.09      23063.99    0.150032     1.0
2021-09-13 13:30:00  46299.98      40700.01   -0.120950     0.0
2022-02-10 13:15:00  44942.34      36965.51   -0.177490     0.0
2025-02-20 21:16:26 - INFO - Columnas extra eliminadas: ['change_pct', 'future_close']
2025-02-20 21:16:26 - INFO - Dataset preparado: 340 filas, 21 features (después de imputación).
2025-02-20 21:16:26 - INFO - === Evaluación en Test ===
2025-02-20 21:16:26 - INFO - Matriz de confusión [0=Vender, 1=Comprar]:
[[96 73]
 [78 93]]
2025-02-20 21:16:26 - INFO - Reporte de Clasificación:
              precision    recall  f1-score   support

      Vender       0.55      0.57      0.56       169
     Comprar       0.56      0.54      0.55       171

    accuracy                           0.56       340
   macro avg       0.56      0.56      0.56       340
weighted avg       0.56      0.56      0.56       340

2025-02-20 21:16:26 - INFO - Precision (clase=1): 0.5602
2025-02-20 21:16:26 - INFO - F1 (clase=1): 0.5519
2025-02-20 21:16:26 - INFO - Recall (clase=1): 0.5439
2025-02-20 21:16:26 - INFO - Balanced Accuracy: 0.5560
2025-02-20 21:16:26 - INFO - MCC: 0.1119
2025-02-20 21:16:26 - INFO - AUC: 0.5279
2025-02-20 21:16:28 - INFO - Precisión final en Test (clase=1): 0.5602
2025-02-20 21:16:28 - INFO - Importancia de características guardada en .ML/results/feature_importances_binary.csv.
2025-02-20 21:16:29 - INFO - Gráfico de importancia de características guardado.
2025-02-20 21:16:30 - INFO - Calculando valores SHAP...
2025-02-20 21:16:31 - INFO - SHAP analysis completado y guardado.
2025-02-20 21:16:31 - INFO - Señales generadas con umbral=0.6
2025-02-20 21:16:31 - INFO - Señales filtradas por tendencia.
2025-02-20 21:16:31 - INFO - Señales guardadas en: .ML/results/signals_binary.csv
2025-02-20 21:16:31 - INFO - === Proceso Completado con Éxito ===
