2025-01-29 18:39:45 - INFO - Datos cargados desde ML/data/processed/BTCUSDT_15m_processed.csv, filas: 257756
2025-01-29 18:39:45 - INFO - Columnas de indicadores existentes eliminadas: ['RSI', 'MACD', 'MACDs', 'MACDh', 'OBV', 'BBL', 'BBM', 'BBU', 'SMA_10', 'SMA_50', 'EMA_10', 'EMA_50']
2025-01-29 18:39:45 - INFO - Indicadores técnicos agregados. Filas antes: 257756, después: 257557 (descartadas: 199)
2025-01-29 18:39:45 - INFO - Columnas renombradas: {'RSI_14': 'RSI', 'MACD_12_26_9': 'MACD', 'MACDs_12_26_9': 'MACDs', 'MACDh_12_26_9': 'MACDh', 'BBL_20_2.0': 'BBL', 'BBM_20_2.0': 'BBM', 'BBU_20_2.0': 'BBU', 'STOCHk_14_3_3': 'STOCHk', 'STOCHd_14_3_3': 'STOCHd', 'CCI_14_0.015': 'CCI', 'SMA_10': 'SMA_10', 'SMA_50': 'SMA_50', 'SMA_200': 'SMA_200', 'EMA_10': 'EMA_10', 'EMA_50': 'EMA_50'}
2025-01-29 18:39:45 - INFO - Target binario con look_ahead=3, min_change=0.018
2025-01-29 18:39:45 - INFO - Distribución de clases (0=Vender, 1=Comprar):
target
0.0    3775
1.0    3613
Name: count, dtype: int64
2025-01-29 18:39:45 - INFO - Muestra de datos con target:
                        close  future_close  change_pct  target
open_time                                                      
2018-07-18 02:15:00   7351.24       7505.04    0.020922     1.0
2018-06-12 18:30:00   6689.67       6508.99   -0.027009     0.0
2018-02-06 12:45:00   6719.07       7050.00    0.049252     1.0
2021-01-10 10:30:00  40444.70      39309.20   -0.028075     0.0
2019-07-24 23:45:00   9763.28      10099.68    0.034456     1.0
2017-11-29 07:30:00  10328.15      10529.98    0.019542     1.0
2020-03-21 08:45:00   6112.51       5959.17   -0.025086     0.0
2017-11-08 16:30:00   7400.00       7690.00    0.039189     1.0
2024-11-13 18:15:00  92636.36      90890.02   -0.018852     0.0
2019-05-06 00:30:00   5757.65       5646.25   -0.019348     0.0
2025-01-29 18:39:45 - INFO - División de datos en Train/Test completada.
2025-01-29 18:39:45 - INFO - === Búsqueda de hiperparámetros (Optuna) en muestra de Training ===
2025-01-29 18:39:45 - INFO - No se han identificado características categóricas.
2025-01-29 18:39:45 - INFO - Columnas extra eliminadas: ['future_close', 'change_pct']
2025-01-29 18:39:45 - INFO - Dataset preparado: 4321 filas, 21 features (después de imputación).
2025-01-29 18:39:45 - INFO - Iniciando optimización en Optuna (precisión clase=1)...
2025-01-29 18:39:45 - INFO - Balance de clases tras SMOTETomek:
target
0.0    1643
1.0    1643
Name: count, dtype: int64
2025-01-29 18:39:46 - INFO - Balance de clases tras SMOTETomek:
target
0.0    1646
1.0    1646
Name: count, dtype: int64
2025-01-29 18:39:46 - INFO - Balance de clases tras SMOTETomek:
target
0.0    1642
1.0    1642
Name: count, dtype: int64
2025-01-29 18:39:46 - INFO - Balance de clases tras SMOTETomek:
target
0.0    1638
1.0    1638
Name: count, dtype: int64
2025-01-29 18:39:47 - INFO - Balance de clases tras SMOTETomek:
target
0.0    1644
1.0    1644
Name: count, dtype: int64
2025-01-29 18:39:47 - INFO - Balance de clases tras SMOTETomek:
target
0.0    1643
1.0    1643
Name: count, dtype: int64
2025-01-29 18:39:50 - INFO - Balance de clases tras SMOTETomek:
target
0.0    1646
1.0    1646
Name: count, dtype: int64
2025-01-29 18:39:53 - INFO - Balance de clases tras SMOTETomek:
target
0.0    1642
1.0    1642
Name: count, dtype: int64
2025-01-29 18:39:56 - INFO - Balance de clases tras SMOTETomek:
target
0.0    1638
1.0    1638
Name: count, dtype: int64
2025-01-29 18:39:58 - INFO - Balance de clases tras SMOTETomek:
target
0.0    1644
1.0    1644
Name: count, dtype: int64
2025-01-29 18:40:00 - INFO - Balance de clases tras SMOTETomek:
target
0.0    1643
1.0    1643
Name: count, dtype: int64
2025-01-29 18:40:02 - INFO - Balance de clases tras SMOTETomek:
target
0.0    1646
1.0    1646
Name: count, dtype: int64
2025-01-29 18:40:04 - INFO - Balance de clases tras SMOTETomek:
target
0.0    1642
1.0    1642
Name: count, dtype: int64
2025-01-29 18:40:06 - INFO - Balance de clases tras SMOTETomek:
target
0.0    1638
1.0    1638
Name: count, dtype: int64
2025-01-29 18:40:08 - INFO - Balance de clases tras SMOTETomek:
target
0.0    1644
1.0    1644
Name: count, dtype: int64
2025-01-29 18:40:09 - INFO - Balance de clases tras SMOTETomek:
target
0.0    1643
1.0    1643
Name: count, dtype: int64
2025-01-29 18:40:12 - INFO - Balance de clases tras SMOTETomek:
target
0.0    1646
1.0    1646
Name: count, dtype: int64
2025-01-29 18:40:14 - INFO - Balance de clases tras SMOTETomek:
target
0.0    1642
1.0    1642
Name: count, dtype: int64
2025-01-29 18:40:16 - INFO - Balance de clases tras SMOTETomek:
target
0.0    1638
1.0    1638
Name: count, dtype: int64
2025-01-29 18:40:18 - INFO - Balance de clases tras SMOTETomek:
target
0.0    1644
1.0    1644
Name: count, dtype: int64
2025-01-29 18:40:21 - INFO - Balance de clases tras SMOTETomek:
target
0.0    1643
1.0    1643
Name: count, dtype: int64
2025-01-29 18:40:21 - INFO - Balance de clases tras SMOTETomek:
target
0.0    1646
1.0    1646
Name: count, dtype: int64
2025-01-29 18:40:21 - INFO - Balance de clases tras SMOTETomek:
target
0.0    1642
1.0    1642
Name: count, dtype: int64
2025-01-29 18:40:22 - INFO - Balance de clases tras SMOTETomek:
target
0.0    1638
1.0    1638
Name: count, dtype: int64
2025-01-29 18:40:22 - INFO - Balance de clases tras SMOTETomek:
target
0.0    1644
1.0    1644
Name: count, dtype: int64
2025-01-29 18:40:22 - INFO - Balance de clases tras SMOTETomek:
target
0.0    1643
1.0    1643
Name: count, dtype: int64
2025-01-29 18:40:24 - INFO - Balance de clases tras SMOTETomek:
target
0.0    1646
1.0    1646
Name: count, dtype: int64
2025-01-29 18:40:26 - INFO - Balance de clases tras SMOTETomek:
target
0.0    1642
1.0    1642
Name: count, dtype: int64
2025-01-29 18:40:28 - INFO - Balance de clases tras SMOTETomek:
target
0.0    1638
1.0    1638
Name: count, dtype: int64
2025-01-29 18:40:30 - INFO - Balance de clases tras SMOTETomek:
target
0.0    1644
1.0    1644
Name: count, dtype: int64
2025-01-29 18:40:32 - INFO - Balance de clases tras SMOTETomek:
target
0.0    1643
1.0    1643
Name: count, dtype: int64
2025-01-29 18:40:33 - INFO - Balance de clases tras SMOTETomek:
target
0.0    1646
1.0    1646
Name: count, dtype: int64
2025-01-29 18:40:34 - INFO - Balance de clases tras SMOTETomek:
target
0.0    1642
1.0    1642
Name: count, dtype: int64
2025-01-29 18:40:35 - INFO - Balance de clases tras SMOTETomek:
target
0.0    1638
1.0    1638
Name: count, dtype: int64
2025-01-29 18:40:36 - INFO - Balance de clases tras SMOTETomek:
target
0.0    1644
1.0    1644
Name: count, dtype: int64
2025-01-29 18:40:37 - INFO - Balance de clases tras SMOTETomek:
target
0.0    1643
1.0    1643
Name: count, dtype: int64
2025-01-29 18:40:41 - INFO - Balance de clases tras SMOTETomek:
target
0.0    1646
1.0    1646
Name: count, dtype: int64
2025-01-29 18:40:45 - INFO - Balance de clases tras SMOTETomek:
target
0.0    1642
1.0    1642
Name: count, dtype: int64
2025-01-29 18:40:49 - INFO - Balance de clases tras SMOTETomek:
target
0.0    1638
1.0    1638
Name: count, dtype: int64
2025-01-29 18:40:53 - INFO - Balance de clases tras SMOTETomek:
target
0.0    1644
1.0    1644
Name: count, dtype: int64
2025-01-29 18:40:58 - INFO - Balance de clases tras SMOTETomek:
target
0.0    1643
1.0    1643
Name: count, dtype: int64
2025-01-29 18:40:58 - INFO - Balance de clases tras SMOTETomek:
target
0.0    1646
1.0    1646
Name: count, dtype: int64
2025-01-29 18:40:59 - INFO - Balance de clases tras SMOTETomek:
target
0.0    1642
1.0    1642
Name: count, dtype: int64
2025-01-29 18:40:59 - INFO - Balance de clases tras SMOTETomek:
target
0.0    1638
1.0    1638
Name: count, dtype: int64
2025-01-29 18:40:59 - INFO - Balance de clases tras SMOTETomek:
target
0.0    1644
1.0    1644
Name: count, dtype: int64
2025-01-29 18:41:00 - INFO - Mejor Precisión (clase=1): 0.7091
2025-01-29 18:41:00 - INFO - Mejores parámetros: {'max_depth': 11, 'learning_rate': 0.020107531049695957, 'n_estimators': 671, 'subsample': 0.9510846054797798, 'colsample_bytree': 0.6659133520917333, 'gamma': 0.3377937105460287, 'reg_alpha': 0.09006696587638663, 'reg_lambda': 0.6928383321248949}
2025-01-29 18:41:00 - INFO - === Entrenando Pipeline Final con TODO el Training ===
2025-01-29 18:41:00 - INFO - Columnas extra eliminadas: ['future_close', 'change_pct']
2025-01-29 18:41:00 - INFO - Dataset preparado: 4802 filas, 21 features (después de imputación).
2025-01-29 18:41:00 - INFO - Balance de clases tras SMOTETomek:
target
0.0    2288
1.0    2288
Name: count, dtype: int64
2025-01-29 18:41:02 - INFO - Pipeline final entrenado con scale_pos_weight=1.00
2025-01-29 18:41:02 - INFO - Pipeline completo guardado en: .ML/results/XGBoost_Binario_trained_pipeline.joblib
2025-01-29 18:41:02 - INFO - Parámetros guardados en: .ML/results/XGBoost_Binario_model_params.txt
2025-01-29 18:41:02 - INFO - Lista de features guardada en: .ML/results/XGBoost_Binario_feature_cols.txt
2025-01-29 18:41:02 - INFO - Columnas de indicadores existentes eliminadas: ['RSI', 'MACD', 'MACDs', 'MACDh', 'OBV', 'BBL', 'BBM', 'BBU', 'STOCHk', 'STOCHd', 'CCI', 'SMA_10', 'SMA_50', 'SMA_200', 'EMA_10', 'EMA_50']
2025-01-29 18:41:02 - INFO - Indicadores técnicos agregados. Filas antes: 2586, después: 2387 (descartadas: 199)
2025-01-29 18:41:02 - INFO - Columnas renombradas: {'RSI_14': 'RSI', 'MACD_12_26_9': 'MACD', 'MACDs_12_26_9': 'MACDs', 'MACDh_12_26_9': 'MACDh', 'BBL_20_2.0': 'BBL', 'BBM_20_2.0': 'BBM', 'BBU_20_2.0': 'BBU', 'STOCHk_14_3_3': 'STOCHk', 'STOCHd_14_3_3': 'STOCHd', 'CCI_14_0.015': 'CCI', 'SMA_10': 'SMA_10', 'SMA_50': 'SMA_50', 'SMA_200': 'SMA_200', 'EMA_10': 'EMA_10', 'EMA_50': 'EMA_50'}
2025-01-29 18:41:02 - INFO - Target binario con look_ahead=3, min_change=0.018
2025-01-29 18:41:02 - INFO - Distribución de clases (0=Vender, 1=Comprar):
target
1.0    854
0.0    816
Name: count, dtype: int64
2025-01-29 18:41:02 - INFO - Muestra de datos con target:
                        close  future_close  change_pct  target
open_time                                                      
2024-03-06 04:45:00  64607.98      67301.31    0.041687     1.0
2021-09-24 13:15:00  41137.19      41963.14    0.020078     1.0
2021-06-05 09:15:00  37649.35      35842.40   -0.047994     0.0
2022-10-13 14:45:00  18415.00      19445.20    0.055944     1.0
2024-03-05 16:15:00  65842.43      64501.11   -0.020372     0.0
2022-05-12 17:00:00  29410.04      28794.42   -0.020932     0.0
2021-05-29 04:30:00  36310.35      34271.60   -0.056148     0.0
2021-05-20 15:45:00  41432.88      40162.90   -0.030652     0.0
2021-05-21 18:30:00  37138.36      36098.05   -0.028012     0.0
2022-01-20 20:45:00  42723.71      40894.80   -0.042808     0.0
2025-01-29 18:41:02 - INFO - Columnas extra eliminadas: ['change_pct', 'future_close']
2025-01-29 18:41:02 - INFO - Dataset preparado: 1670 filas, 21 features (después de imputación).
2025-01-29 18:41:02 - INFO - === Evaluación en Test ===
2025-01-29 18:41:02 - INFO - Matriz de confusión [0=Vender, 1=Comprar]:
[[206 610]
 [251 603]]
2025-01-29 18:41:02 - INFO - Reporte de Clasificación:
              precision    recall  f1-score   support

      Vender       0.45      0.25      0.32       816
     Comprar       0.50      0.71      0.58       854

    accuracy                           0.48      1670
   macro avg       0.47      0.48      0.45      1670
weighted avg       0.47      0.48      0.46      1670

2025-01-29 18:41:02 - INFO - Precision (clase=1): 0.4971
2025-01-29 18:41:02 - INFO - F1 (clase=1): 0.5835
2025-01-29 18:41:02 - INFO - Recall (clase=1): 0.7061
2025-01-29 18:41:02 - INFO - Balanced Accuracy: 0.4793
2025-01-29 18:41:02 - INFO - MCC: -0.0465
2025-01-29 18:41:02 - INFO - AUC: 0.4773
2025-01-29 18:41:03 - INFO - Precisión final en Test (clase=1): 0.4971
2025-01-29 18:41:03 - INFO - Importancia de características guardada en .ML/results/feature_importances_binary.csv.
2025-01-29 18:41:03 - INFO - Gráfico de importancia de características guardado.
2025-01-29 18:41:04 - INFO - Calculando valores SHAP...
2025-01-29 18:41:13 - INFO - SHAP analysis completado y guardado.
2025-01-29 18:41:13 - INFO - Señales generadas con umbral=0.88
2025-01-29 18:41:13 - INFO - Señales filtradas por tendencia.
2025-01-29 18:41:13 - INFO - Señales guardadas en: .ML/results/signals_binary.csv
2025-01-29 18:41:13 - INFO - === Proceso Completado con Éxito ===
