2025-01-20 22:41:15 - INFO - Datos cargados desde ML/data/processed/BTCUSDT_15m_processed.csv, filas: 258428
2025-01-20 22:41:15 - INFO - Columnas de indicadores existentes eliminadas: ['RSI', 'MACD', 'MACDs', 'MACDh', 'OBV', 'BBL', 'BBM', 'BBU', 'SMA_10', 'SMA_50', 'EMA_10', 'EMA_50']
2025-01-20 22:41:16 - INFO - Indicadores técnicos agregados. Filas antes: 258428, después: 258229 (descartadas: 199)
2025-01-20 22:41:16 - INFO - Columnas renombradas: {'RSI_14': 'RSI', 'MACD_12_26_9': 'MACD', 'MACDs_12_26_9': 'MACDs', 'MACDh_12_26_9': 'MACDh', 'VWAP': 'VWAP', 'BBL_20_2.0': 'BBL', 'BBM_20_2.0': 'BBM', 'BBU_20_2.0': 'BBU', 'ATR_14': 'ATR', 'STOCHk_14_3_3': 'STOCHk', 'STOCHd_14_3_3': 'STOCHd', 'CCI_14_0.015': 'CCI', 'SMA_10': 'SMA_10', 'SMA_50': 'SMA_50', 'SMA_200': 'SMA_200', 'EMA_10': 'EMA_10', 'EMA_50': 'EMA_50'}
2025-01-20 22:41:16 - WARNING - Columna faltante 'VWAP' añadida con NaN.
2025-01-20 22:41:16 - WARNING - Columna faltante 'ATR' añadida con NaN.
2025-01-20 22:41:16 - INFO - Target binario con look_ahead=4, min_change=0.031
2025-01-20 22:41:16 - INFO - Distribución de clases (0=Vender, 1=Comprar):
target
0.0    1462
1.0    1288
Name: count, dtype: int64
2025-01-20 22:41:16 - INFO - Muestra de datos con target:
                        close  future_close  change_pct  target
open_time                                                      
2019-05-30 20:30:00   8520.00       8226.20   -0.034484     0.0
2020-03-20 07:00:00   6258.55       6493.64    0.037563     1.0
2018-07-02 13:00:00   6374.00       6620.00    0.038594     1.0
2021-01-04 09:00:00  31718.54      29800.00   -0.060486     0.0
2019-12-18 21:45:00   7125.00       7422.96    0.041819     1.0
2017-12-28 09:45:00  14125.08      13242.71   -0.062468     0.0
2019-12-04 12:30:00   7207.22       7536.84    0.045735     1.0
2021-02-23 04:00:00  52045.89      49335.29   -0.052081     0.0
2017-12-20 00:15:00  15882.78      15260.15   -0.039202     0.0
2021-03-24 06:00:00  53767.24      55493.46    0.032105     1.0
2025-01-20 22:41:16 - INFO - División de datos en Train/Test completada.
2025-01-20 22:41:16 - INFO - === Búsqueda de hiperparámetros (Optuna) en muestra de Training ===
2025-01-20 22:41:16 - INFO - No se han identificado características categóricas.
2025-01-20 22:41:16 - INFO - Columnas extra eliminadas: ['future_close', 'change_pct']
2025-01-20 22:41:16 - WARNING - Estas columnas están 100% NaN y se eliminarán antes de imputar: ['VWAP', 'ATR']
2025-01-20 22:41:16 - INFO - Dataset preparado: 1697 filas, 21 features (después de imputación).
2025-01-20 22:41:16 - INFO - Balance de clases tras SMOTETomek:
target
1.0    161
0.0    161
Name: count, dtype: int64
2025-01-20 22:41:16 - INFO - Balance de clases tras SMOTETomek:
target
1.0    161
0.0    161
Name: count, dtype: int64
2025-01-20 22:41:16 - INFO - Balance de clases tras SMOTETomek:
target
1.0    299
0.0    299
Name: count, dtype: int64
2025-01-20 22:41:17 - INFO - Balance de clases tras SMOTETomek:
target
1.0    299
0.0    299
Name: count, dtype: int64
2025-01-20 22:41:17 - INFO - Balance de clases tras SMOTETomek:
target
1.0    448
0.0    448
Name: count, dtype: int64
2025-01-20 22:41:17 - INFO - Balance de clases tras SMOTETomek:
target
1.0    597
0.0    597
Name: count, dtype: int64
2025-01-20 22:41:17 - INFO - Balance de clases tras SMOTETomek:
target
1.0    448
0.0    448
Name: count, dtype: int64
2025-01-20 22:41:18 - INFO - Balance de clases tras SMOTETomek:
target
1.0    731
0.0    731
Name: count, dtype: int64
2025-01-20 22:41:18 - INFO - Balance de clases tras SMOTETomek:
target
1.0    597
0.0    597
Name: count, dtype: int64
2025-01-20 22:41:19 - INFO - Balance de clases tras SMOTETomek:
target
1.0    161
0.0    161
Name: count, dtype: int64
2025-01-20 22:41:19 - INFO - Balance de clases tras SMOTETomek:
target
1.0    731
0.0    731
Name: count, dtype: int64
2025-01-20 22:41:19 - INFO - Balance de clases tras SMOTETomek:
target
1.0    299
0.0    299
Name: count, dtype: int64
2025-01-20 22:41:20 - INFO - Balance de clases tras SMOTETomek:
target
1.0    161
0.0    161
Name: count, dtype: int64
2025-01-20 22:41:20 - INFO - Balance de clases tras SMOTETomek:
target
1.0    448
0.0    448
Name: count, dtype: int64
2025-01-20 22:41:20 - INFO - Balance de clases tras SMOTETomek:
target
1.0    299
0.0    299
Name: count, dtype: int64
2025-01-20 22:41:20 - INFO - Balance de clases tras SMOTETomek:
target
1.0    597
0.0    597
Name: count, dtype: int64
2025-01-20 22:41:21 - INFO - Balance de clases tras SMOTETomek:
target
1.0    731
0.0    731
Name: count, dtype: int64
2025-01-20 22:41:21 - INFO - Balance de clases tras SMOTETomek:
target
1.0    448
0.0    448
Name: count, dtype: int64
2025-01-20 22:41:22 - INFO - Balance de clases tras SMOTETomek:
target
1.0    161
0.0    161
Name: count, dtype: int64
2025-01-20 22:41:22 - INFO - Balance de clases tras SMOTETomek:
target
1.0    597
0.0    597
Name: count, dtype: int64
2025-01-20 22:41:23 - INFO - Balance de clases tras SMOTETomek:
target
1.0    299
0.0    299
Name: count, dtype: int64
2025-01-20 22:41:23 - INFO - Balance de clases tras SMOTETomek:
target
1.0    731
0.0    731
Name: count, dtype: int64
2025-01-20 22:41:24 - INFO - Balance de clases tras SMOTETomek:
target
1.0    448
0.0    448
Name: count, dtype: int64
2025-01-20 22:41:24 - INFO - Balance de clases tras SMOTETomek:
target
1.0    161
0.0    161
Name: count, dtype: int64
2025-01-20 22:41:25 - INFO - Balance de clases tras SMOTETomek:
target
1.0    597
0.0    597
Name: count, dtype: int64
2025-01-20 22:41:26 - INFO - Balance de clases tras SMOTETomek:
target
1.0    299
0.0    299
Name: count, dtype: int64
2025-01-20 22:41:26 - INFO - Balance de clases tras SMOTETomek:
target
1.0    731
0.0    731
Name: count, dtype: int64
2025-01-20 22:41:28 - INFO - Balance de clases tras SMOTETomek:
target
1.0    161
0.0    161
Name: count, dtype: int64
2025-01-20 22:41:28 - INFO - Balance de clases tras SMOTETomek:
target
1.0    448
0.0    448
Name: count, dtype: int64
2025-01-20 22:41:28 - INFO - Balance de clases tras SMOTETomek:
target
1.0    299
0.0    299
Name: count, dtype: int64
2025-01-20 22:41:29 - INFO - Balance de clases tras SMOTETomek:
target
1.0    448
0.0    448
Name: count, dtype: int64
2025-01-20 22:41:30 - INFO - Balance de clases tras SMOTETomek:
target
1.0    597
0.0    597
Name: count, dtype: int64
2025-01-20 22:41:31 - INFO - Balance de clases tras SMOTETomek:
target
1.0    597
0.0    597
Name: count, dtype: int64
2025-01-20 22:41:31 - INFO - Balance de clases tras SMOTETomek:
target
1.0    731
0.0    731
Name: count, dtype: int64
2025-01-20 22:41:33 - INFO - Balance de clases tras SMOTETomek:
target
1.0    161
0.0    161
Name: count, dtype: int64
2025-01-20 22:41:33 - INFO - Balance de clases tras SMOTETomek:
target
1.0    299
0.0    299
Name: count, dtype: int64
2025-01-20 22:41:34 - INFO - Balance de clases tras SMOTETomek:
target
1.0    448
0.0    448
Name: count, dtype: int64
2025-01-20 22:41:34 - INFO - Balance de clases tras SMOTETomek:
target
1.0    731
0.0    731
Name: count, dtype: int64
2025-01-20 22:41:34 - INFO - Balance de clases tras SMOTETomek:
target
1.0    597
0.0    597
Name: count, dtype: int64
2025-01-20 22:41:35 - INFO - Balance de clases tras SMOTETomek:
target
1.0    731
0.0    731
Name: count, dtype: int64
2025-01-20 22:41:35 - INFO - Balance de clases tras SMOTETomek:
target
1.0    161
0.0    161
Name: count, dtype: int64
2025-01-20 22:41:36 - INFO - Balance de clases tras SMOTETomek:
target
1.0    299
0.0    299
Name: count, dtype: int64
2025-01-20 22:41:37 - INFO - Balance de clases tras SMOTETomek:
target
1.0    161
0.0    161
Name: count, dtype: int64
2025-01-20 22:41:37 - INFO - Balance de clases tras SMOTETomek:
target
1.0    299
0.0    299
Name: count, dtype: int64
2025-01-20 22:41:37 - INFO - Balance de clases tras SMOTETomek:
target
1.0    448
0.0    448
Name: count, dtype: int64
2025-01-20 22:41:38 - INFO - Balance de clases tras SMOTETomek:
target
1.0    448
0.0    448
Name: count, dtype: int64
2025-01-20 22:41:38 - INFO - Balance de clases tras SMOTETomek:
target
1.0    597
0.0    597
Name: count, dtype: int64
2025-01-20 22:41:38 - INFO - Balance de clases tras SMOTETomek:
target
1.0    597
0.0    597
Name: count, dtype: int64
2025-01-20 22:41:39 - INFO - Balance de clases tras SMOTETomek:
target
1.0    731
0.0    731
Name: count, dtype: int64
2025-01-20 22:41:40 - INFO - Balance de clases tras SMOTETomek:
target
1.0    731
0.0    731
Name: count, dtype: int64
2025-01-20 22:41:40 - INFO - Balance de clases tras SMOTETomek:
target
1.0    161
0.0    161
Name: count, dtype: int64
2025-01-20 22:41:40 - INFO - Balance de clases tras SMOTETomek:
target
1.0    299
0.0    299
Name: count, dtype: int64
2025-01-20 22:41:41 - INFO - Balance de clases tras SMOTETomek:
target
1.0    161
0.0    161
Name: count, dtype: int64
2025-01-20 22:41:41 - INFO - Balance de clases tras SMOTETomek:
target
1.0    448
0.0    448
Name: count, dtype: int64
2025-01-20 22:41:41 - INFO - Balance de clases tras SMOTETomek:
target
1.0    299
0.0    299
Name: count, dtype: int64
2025-01-20 22:41:42 - INFO - Balance de clases tras SMOTETomek:
target
1.0    597
0.0    597
Name: count, dtype: int64
2025-01-20 22:41:42 - INFO - Balance de clases tras SMOTETomek:
target
1.0    448
0.0    448
Name: count, dtype: int64
2025-01-20 22:41:42 - INFO - Balance de clases tras SMOTETomek:
target
1.0    597
0.0    597
Name: count, dtype: int64
2025-01-20 22:41:43 - INFO - Balance de clases tras SMOTETomek:
target
1.0    731
0.0    731
Name: count, dtype: int64
2025-01-20 22:41:43 - INFO - Balance de clases tras SMOTETomek:
target
1.0    731
0.0    731
Name: count, dtype: int64
2025-01-20 22:41:43 - INFO - Balance de clases tras SMOTETomek:
target
1.0    161
0.0    161
Name: count, dtype: int64
2025-01-20 22:41:44 - INFO - Balance de clases tras SMOTETomek:
target
1.0    161
0.0    161
Name: count, dtype: int64
2025-01-20 22:41:44 - INFO - Balance de clases tras SMOTETomek:
target
1.0    299
0.0    299
Name: count, dtype: int64
2025-01-20 22:41:45 - INFO - Balance de clases tras SMOTETomek:
target
1.0    299
0.0    299
Name: count, dtype: int64
2025-01-20 22:41:46 - INFO - Balance de clases tras SMOTETomek:
target
1.0    448
0.0    448
Name: count, dtype: int64
2025-01-20 22:41:47 - INFO - Balance de clases tras SMOTETomek:
target
1.0    597
0.0    597
Name: count, dtype: int64
2025-01-20 22:41:47 - INFO - Balance de clases tras SMOTETomek:
target
1.0    448
0.0    448
Name: count, dtype: int64
2025-01-20 22:41:48 - INFO - Balance de clases tras SMOTETomek:
target
1.0    731
0.0    731
Name: count, dtype: int64
2025-01-20 22:41:49 - INFO - Balance de clases tras SMOTETomek:
target
1.0    597
0.0    597
Name: count, dtype: int64
2025-01-20 22:41:50 - INFO - Balance de clases tras SMOTETomek:
target
1.0    161
0.0    161
Name: count, dtype: int64
2025-01-20 22:41:51 - INFO - Balance de clases tras SMOTETomek:
target
1.0    731
0.0    731
Name: count, dtype: int64
2025-01-20 22:41:51 - INFO - Balance de clases tras SMOTETomek:
target
1.0    299
0.0    299
Name: count, dtype: int64
2025-01-20 22:41:52 - INFO - Balance de clases tras SMOTETomek:
target
1.0    161
0.0    161
Name: count, dtype: int64
2025-01-20 22:41:53 - INFO - Balance de clases tras SMOTETomek:
target
1.0    448
0.0    448
Name: count, dtype: int64
2025-01-20 22:41:54 - INFO - Balance de clases tras SMOTETomek:
target
1.0    299
0.0    299
Name: count, dtype: int64
2025-01-20 22:41:55 - INFO - Balance de clases tras SMOTETomek:
target
1.0    597
0.0    597
Name: count, dtype: int64
2025-01-20 22:41:56 - INFO - Balance de clases tras SMOTETomek:
target
1.0    448
0.0    448
Name: count, dtype: int64
2025-01-20 22:41:57 - INFO - Balance de clases tras SMOTETomek:
target
1.0    731
0.0    731
Name: count, dtype: int64
2025-01-20 22:41:58 - INFO - Balance de clases tras SMOTETomek:
target
1.0    597
0.0    597
Name: count, dtype: int64
2025-01-20 22:41:59 - INFO - Balance de clases tras SMOTETomek:
target
1.0    161
0.0    161
Name: count, dtype: int64
2025-01-20 22:42:00 - INFO - Balance de clases tras SMOTETomek:
target
1.0    731
0.0    731
Name: count, dtype: int64
2025-01-20 22:42:01 - INFO - Balance de clases tras SMOTETomek:
target
1.0    299
0.0    299
Name: count, dtype: int64
2025-01-20 22:42:02 - INFO - Balance de clases tras SMOTETomek:
target
1.0    161
0.0    161
Name: count, dtype: int64
2025-01-20 22:42:03 - INFO - Balance de clases tras SMOTETomek:
target
1.0    448
0.0    448
Name: count, dtype: int64
2025-01-20 22:42:03 - INFO - Balance de clases tras SMOTETomek:
target
1.0    299
0.0    299
Name: count, dtype: int64
2025-01-20 22:42:04 - INFO - Balance de clases tras SMOTETomek:
target
1.0    448
0.0    448
Name: count, dtype: int64
2025-01-20 22:42:05 - INFO - Balance de clases tras SMOTETomek:
target
1.0    597
0.0    597
Name: count, dtype: int64
2025-01-20 22:42:06 - INFO - Balance de clases tras SMOTETomek:
target
1.0    597
0.0    597
Name: count, dtype: int64
2025-01-20 22:42:07 - INFO - Balance de clases tras SMOTETomek:
target
1.0    731
0.0    731
Name: count, dtype: int64
2025-01-20 22:42:07 - INFO - Balance de clases tras SMOTETomek:
target
1.0    731
0.0    731
Name: count, dtype: int64
2025-01-20 22:42:08 - INFO - Balance de clases tras SMOTETomek:
target
1.0    161
0.0    161
Name: count, dtype: int64
2025-01-20 22:42:08 - INFO - Balance de clases tras SMOTETomek:
target
1.0    161
0.0    161
Name: count, dtype: int64
2025-01-20 22:42:10 - INFO - Balance de clases tras SMOTETomek:
target
1.0    299
0.0    299
Name: count, dtype: int64
2025-01-20 22:42:10 - INFO - Balance de clases tras SMOTETomek:
target
1.0    299
0.0    299
Name: count, dtype: int64
2025-01-20 22:42:12 - INFO - Balance de clases tras SMOTETomek:
target
1.0    448
0.0    448
Name: count, dtype: int64
2025-01-20 22:42:12 - INFO - Balance de clases tras SMOTETomek:
target
1.0    448
0.0    448
Name: count, dtype: int64
2025-01-20 22:42:14 - INFO - Balance de clases tras SMOTETomek:
target
1.0    597
0.0    597
Name: count, dtype: int64
2025-01-20 22:42:14 - INFO - Balance de clases tras SMOTETomek:
target
1.0    597
0.0    597
Name: count, dtype: int64
2025-01-20 22:42:17 - INFO - Balance de clases tras SMOTETomek:
target
1.0    731
0.0    731
Name: count, dtype: int64
2025-01-20 22:42:17 - INFO - Balance de clases tras SMOTETomek:
target
1.0    731
0.0    731
Name: count, dtype: int64
2025-01-20 22:42:21 - INFO - Balance de clases tras SMOTETomek:
target
1.0    161
0.0    161
Name: count, dtype: int64
2025-01-20 22:42:21 - INFO - Balance de clases tras SMOTETomek:
target
1.0    161
0.0    161
Name: count, dtype: int64
2025-01-20 22:42:21 - INFO - Balance de clases tras SMOTETomek:
target
1.0    299
0.0    299
Name: count, dtype: int64
2025-01-20 22:42:22 - INFO - Balance de clases tras SMOTETomek:
target
1.0    448
0.0    448
Name: count, dtype: int64
2025-01-20 22:42:22 - INFO - Balance de clases tras SMOTETomek:
target
1.0    597
0.0    597
Name: count, dtype: int64
2025-01-20 22:42:22 - INFO - Balance de clases tras SMOTETomek:
target
1.0    299
0.0    299
Name: count, dtype: int64
2025-01-20 22:42:23 - INFO - Balance de clases tras SMOTETomek:
target
1.0    731
0.0    731
Name: count, dtype: int64
2025-01-20 22:42:25 - INFO - Balance de clases tras SMOTETomek:
target
1.0    448
0.0    448
Name: count, dtype: int64
2025-01-20 22:42:26 - INFO - Balance de clases tras SMOTETomek:
target
1.0    597
0.0    597
Name: count, dtype: int64
2025-01-20 22:42:29 - INFO - Balance de clases tras SMOTETomek:
target
1.0    731
0.0    731
Name: count, dtype: int64
2025-01-20 22:42:31 - INFO - Mejor F1 (clase=1): 0.5187
2025-01-20 22:42:31 - INFO - Mejores parámetros: {'max_depth': 7, 'learning_rate': 0.0017632828901719877, 'n_estimators': 454, 'subsample': 0.7947067199416791, 'colsample_bytree': 0.7866699154644726, 'gamma': 0.17264608215319355, 'reg_alpha': 0.7796688743571248, 'reg_lambda': 0.5958691927976822}
2025-01-20 22:42:31 - INFO - === Entrenando Pipeline Final con TODO el Training (F1 Clase 1) ===
2025-01-20 22:42:31 - INFO - Columnas extra eliminadas: ['future_close', 'change_pct']
2025-01-20 22:42:31 - WARNING - Estas columnas están 100% NaN y se eliminarán antes de imputar: ['VWAP', 'ATR']
2025-01-20 22:42:31 - INFO - Dataset preparado: 1787 filas, 21 features (después de imputación).
2025-01-20 22:42:31 - INFO - Balance de clases tras SMOTETomek:
target
1.0    936
0.0    936
Name: count, dtype: int64
2025-01-20 22:42:33 - INFO - Pipeline final entrenado con scale_pos_weight=1.01
2025-01-20 22:42:33 - INFO - Pipeline completo guardado en: ./results/XGBoost_Binario_trained_pipeline.joblib
2025-01-20 22:42:33 - INFO - Parámetros guardados en: ./results/XGBoost_Binario_model_params.txt
2025-01-20 22:42:33 - INFO - Lista de features guardada en: ./results/XGBoost_Binario_feature_cols.txt
2025-01-20 22:42:33 - INFO - Columnas de indicadores existentes eliminadas: ['RSI', 'MACD', 'MACDs', 'MACDh', 'VWAP', 'OBV', 'BBL', 'BBM', 'BBU', 'ATR', 'STOCHk', 'STOCHd', 'CCI', 'SMA_10', 'SMA_50', 'SMA_200', 'EMA_10', 'EMA_50']
2025-01-20 22:42:33 - INFO - Indicadores técnicos agregados. Filas antes: 963, después: 764 (descartadas: 199)
2025-01-20 22:42:33 - INFO - Columnas renombradas: {'RSI_14': 'RSI', 'MACD_12_26_9': 'MACD', 'MACDs_12_26_9': 'MACDs', 'MACDh_12_26_9': 'MACDh', 'VWAP': 'VWAP', 'BBL_20_2.0': 'BBL', 'BBM_20_2.0': 'BBM', 'BBU_20_2.0': 'BBU', 'ATR_14': 'ATR', 'STOCHk_14_3_3': 'STOCHk', 'STOCHd_14_3_3': 'STOCHd', 'CCI_14_0.015': 'CCI', 'SMA_10': 'SMA_10', 'SMA_50': 'SMA_50', 'SMA_200': 'SMA_200', 'EMA_10': 'EMA_10', 'EMA_50': 'EMA_50'}
2025-01-20 22:42:33 - WARNING - Columna faltante 'VWAP' añadida con NaN.
2025-01-20 22:42:33 - WARNING - Columna faltante 'ATR' añadida con NaN.
2025-01-20 22:42:33 - INFO - Target binario con look_ahead=4, min_change=0.031
2025-01-20 22:42:33 - INFO - Distribución de clases (0=Vender, 1=Comprar):
target
1.0    293
0.0    282
Name: count, dtype: int64
2025-01-20 22:42:33 - INFO - Muestra de datos con target:
                        close  future_close  change_pct  target
open_time                                                      
2021-12-04 04:30:00  51874.03      48906.90   -0.057199     0.0
2021-01-29 17:15:00  36126.60      39423.08    0.091248     1.0
2021-01-27 11:00:00  31546.23      29672.18   -0.059406     0.0
2021-01-29 16:00:00  37377.61      38664.52    0.034430     1.0
2021-01-29 08:30:00  33329.35      37377.61    0.121462     1.0
2022-03-02 13:30:00  43408.30      40256.12   -0.072617     0.0
2022-06-18 20:45:00  17809.00      18932.91    0.063109     1.0
2021-12-31 07:30:00  46877.89      42723.71   -0.088617     0.0
2021-02-08 12:30:00  40370.99      45270.24    0.121356     1.0
2021-02-23 19:45:00  45523.00      48456.58    0.064442     1.0
2025-01-20 22:42:33 - INFO - Columnas extra eliminadas: ['change_pct', 'future_close']
2025-01-20 22:42:33 - WARNING - Estas columnas están 100% NaN y se eliminarán antes de imputar: ['VWAP', 'ATR']
2025-01-20 22:42:33 - INFO - Dataset preparado: 575 filas, 21 features (después de imputación).
2025-01-20 22:42:33 - INFO - === Evaluación en Test ===
2025-01-20 22:42:33 - INFO - Matriz de confusión [0=Vender, 1=Comprar]:
[[173 109]
 [165 128]]
2025-01-20 22:42:33 - INFO - Reporte de Clasificación:
              precision    recall  f1-score   support

      Vender       0.51      0.61      0.56       282
     Comprar       0.54      0.44      0.48       293

    accuracy                           0.52       575
   macro avg       0.53      0.53      0.52       575
weighted avg       0.53      0.52      0.52       575

2025-01-20 22:42:33 - INFO - Precision: 0.5401
2025-01-20 22:42:33 - INFO - F1-score: 0.4830
2025-01-20 22:42:33 - INFO - Recall: 0.4369
2025-01-20 22:42:33 - INFO - Balanced Accuracy: 0.5252
2025-01-20 22:42:33 - INFO - MCC: 0.0511
2025-01-20 22:42:33 - INFO - AUC: 0.4908
2025-01-20 22:42:36 - INFO - Precision final en Test: 0.5401
2025-01-20 22:42:36 - INFO - Importancia de características guardada en ./results/feature_importances_binary.csv.
2025-01-20 22:42:36 - INFO - Gráfico de importancia de características guardado.
2025-01-20 22:42:37 - INFO - Calculando valores SHAP...
2025-01-20 22:42:40 - INFO - SHAP analysis completado y guardado.
2025-01-20 22:42:40 - INFO - Señales generadas con umbral=0.57
2025-01-20 22:42:40 - INFO - Señales filtradas por tendencia (SMA_50 vs. SMA_200).
2025-01-20 22:42:40 - INFO - Señales guardadas en: ./results/signals_binary.csv
2025-01-20 22:42:40 - INFO - === Proceso Completado con Éxito ===
