2025-01-29 18:43:10 - INFO - Datos cargados desde ML/data/processed/BTCUSDT_15m_processed.csv, filas: 257756
2025-01-29 18:43:10 - INFO - Columnas de indicadores existentes eliminadas: ['RSI', 'MACD', 'MACDs', 'MACDh', 'OBV', 'BBL', 'BBM', 'BBU', 'SMA_10', 'SMA_50', 'EMA_10', 'EMA_50']
2025-01-29 18:43:10 - INFO - Indicadores técnicos agregados. Filas antes: 257756, después: 257557 (descartadas: 199)
2025-01-29 18:43:10 - INFO - Columnas renombradas: {'RSI_14': 'RSI', 'MACD_12_26_9': 'MACD', 'MACDs_12_26_9': 'MACDs', 'MACDh_12_26_9': 'MACDh', 'BBL_20_2.0': 'BBL', 'BBM_20_2.0': 'BBM', 'BBU_20_2.0': 'BBU', 'STOCHk_14_3_3': 'STOCHk', 'STOCHd_14_3_3': 'STOCHd', 'CCI_14_0.015': 'CCI', 'SMA_10': 'SMA_10', 'SMA_50': 'SMA_50', 'SMA_200': 'SMA_200', 'EMA_10': 'EMA_10', 'EMA_50': 'EMA_50'}
2025-01-29 18:43:10 - INFO - Target binario con look_ahead=3, min_change=0.021
2025-01-29 18:43:10 - INFO - Distribución de clases (0=Vender, 1=Comprar):
target
0.0    2689
1.0    2509
Name: count, dtype: int64
2025-01-29 18:43:10 - INFO - Muestra de datos con target:
                        close  future_close  change_pct  target
open_time                                                      
2020-03-12 22:15:00   5820.00       5520.69   -0.051428     0.0
2024-01-10 22:15:00  46404.54      47482.00    0.023219     1.0
2020-04-02 17:15:00   7122.32       6893.35   -0.032148     0.0
2018-03-11 16:30:00   9210.00       9407.00    0.021390     1.0
2018-01-16 09:30:00  11280.87      11750.00    0.041586     1.0
2017-10-18 05:45:00   5505.56       5377.98   -0.023173     0.0
2021-01-10 23:30:00  38463.56      37609.47   -0.022205     0.0
2021-06-04 00:45:00  38682.38      37837.95   -0.021830     0.0
2018-01-14 12:30:00  12710.00      13315.00    0.047600     1.0
2017-11-29 19:30:00   9330.80       9809.85    0.051341     1.0
2025-01-29 18:43:10 - INFO - División de datos en Train/Test completada.
2025-01-29 18:43:10 - INFO - === Búsqueda de hiperparámetros (Optuna) en muestra de Training ===
2025-01-29 18:43:10 - INFO - No se han identificado características categóricas.
2025-01-29 18:43:10 - INFO - Columnas extra eliminadas: ['future_close', 'change_pct']
2025-01-29 18:43:10 - INFO - Dataset preparado: 3040 filas, 21 features (después de imputación).
2025-01-29 18:43:10 - INFO - Iniciando optimización en Optuna (precisión clase=1)...
2025-01-29 18:43:10 - INFO - Balance de clases tras SMOTETomek:
target
1.0    1194
0.0    1194
Name: count, dtype: int64
2025-01-29 18:43:10 - INFO - Balance de clases tras SMOTETomek:
target
0.0    1168
1.0    1168
Name: count, dtype: int64
2025-01-29 18:43:11 - INFO - Balance de clases tras SMOTETomek:
target
1.0    1182
0.0    1182
Name: count, dtype: int64
2025-01-29 18:43:11 - INFO - Balance de clases tras SMOTETomek:
target
0.0    1191
1.0    1191
Name: count, dtype: int64
2025-01-29 18:43:11 - INFO - Balance de clases tras SMOTETomek:
target
0.0    1200
1.0    1200
Name: count, dtype: int64
2025-01-29 18:43:12 - INFO - Balance de clases tras SMOTETomek:
target
1.0    1194
0.0    1194
Name: count, dtype: int64
2025-01-29 18:43:14 - INFO - Balance de clases tras SMOTETomek:
target
0.0    1168
1.0    1168
Name: count, dtype: int64
2025-01-29 18:43:15 - INFO - Balance de clases tras SMOTETomek:
target
1.0    1182
0.0    1182
Name: count, dtype: int64
2025-01-29 18:43:17 - INFO - Balance de clases tras SMOTETomek:
target
0.0    1191
1.0    1191
Name: count, dtype: int64
2025-01-29 18:43:18 - INFO - Balance de clases tras SMOTETomek:
target
0.0    1200
1.0    1200
Name: count, dtype: int64
2025-01-29 18:43:19 - INFO - Balance de clases tras SMOTETomek:
target
1.0    1194
0.0    1194
Name: count, dtype: int64
2025-01-29 18:43:20 - INFO - Balance de clases tras SMOTETomek:
target
0.0    1168
1.0    1168
Name: count, dtype: int64
2025-01-29 18:43:21 - INFO - Balance de clases tras SMOTETomek:
target
1.0    1182
0.0    1182
Name: count, dtype: int64
2025-01-29 18:43:22 - INFO - Balance de clases tras SMOTETomek:
target
0.0    1191
1.0    1191
Name: count, dtype: int64
2025-01-29 18:43:23 - INFO - Balance de clases tras SMOTETomek:
target
0.0    1200
1.0    1200
Name: count, dtype: int64
2025-01-29 18:43:25 - INFO - Balance de clases tras SMOTETomek:
target
1.0    1194
0.0    1194
Name: count, dtype: int64
2025-01-29 18:43:27 - INFO - Balance de clases tras SMOTETomek:
target
0.0    1168
1.0    1168
Name: count, dtype: int64
2025-01-29 18:43:29 - INFO - Balance de clases tras SMOTETomek:
target
1.0    1182
0.0    1182
Name: count, dtype: int64
2025-01-29 18:43:31 - INFO - Balance de clases tras SMOTETomek:
target
0.0    1191
1.0    1191
Name: count, dtype: int64
2025-01-29 18:43:33 - INFO - Balance de clases tras SMOTETomek:
target
0.0    1200
1.0    1200
Name: count, dtype: int64
2025-01-29 18:43:35 - INFO - Balance de clases tras SMOTETomek:
target
1.0    1194
0.0    1194
Name: count, dtype: int64
2025-01-29 18:43:35 - INFO - Balance de clases tras SMOTETomek:
target
0.0    1168
1.0    1168
Name: count, dtype: int64
2025-01-29 18:43:35 - INFO - Balance de clases tras SMOTETomek:
target
1.0    1182
0.0    1182
Name: count, dtype: int64
2025-01-29 18:43:36 - INFO - Balance de clases tras SMOTETomek:
target
0.0    1191
1.0    1191
Name: count, dtype: int64
2025-01-29 18:43:36 - INFO - Balance de clases tras SMOTETomek:
target
0.0    1200
1.0    1200
Name: count, dtype: int64
2025-01-29 18:43:36 - INFO - Balance de clases tras SMOTETomek:
target
1.0    1194
0.0    1194
Name: count, dtype: int64
2025-01-29 18:43:38 - INFO - Balance de clases tras SMOTETomek:
target
0.0    1168
1.0    1168
Name: count, dtype: int64
2025-01-29 18:43:39 - INFO - Balance de clases tras SMOTETomek:
target
1.0    1182
0.0    1182
Name: count, dtype: int64
2025-01-29 18:43:41 - INFO - Balance de clases tras SMOTETomek:
target
0.0    1191
1.0    1191
Name: count, dtype: int64
2025-01-29 18:43:42 - INFO - Balance de clases tras SMOTETomek:
target
0.0    1200
1.0    1200
Name: count, dtype: int64
2025-01-29 18:43:44 - INFO - Balance de clases tras SMOTETomek:
target
1.0    1194
0.0    1194
Name: count, dtype: int64
2025-01-29 18:43:44 - INFO - Balance de clases tras SMOTETomek:
target
0.0    1168
1.0    1168
Name: count, dtype: int64
2025-01-29 18:43:45 - INFO - Balance de clases tras SMOTETomek:
target
1.0    1182
0.0    1182
Name: count, dtype: int64
2025-01-29 18:43:46 - INFO - Balance de clases tras SMOTETomek:
target
0.0    1191
1.0    1191
Name: count, dtype: int64
2025-01-29 18:43:47 - INFO - Balance de clases tras SMOTETomek:
target
0.0    1200
1.0    1200
Name: count, dtype: int64
2025-01-29 18:43:47 - INFO - Balance de clases tras SMOTETomek:
target
1.0    1194
0.0    1194
Name: count, dtype: int64
2025-01-29 18:43:50 - INFO - Balance de clases tras SMOTETomek:
target
0.0    1168
1.0    1168
Name: count, dtype: int64
2025-01-29 18:43:54 - INFO - Balance de clases tras SMOTETomek:
target
1.0    1182
0.0    1182
Name: count, dtype: int64
2025-01-29 18:43:58 - INFO - Balance de clases tras SMOTETomek:
target
0.0    1191
1.0    1191
Name: count, dtype: int64
2025-01-29 18:44:01 - INFO - Balance de clases tras SMOTETomek:
target
0.0    1200
1.0    1200
Name: count, dtype: int64
2025-01-29 18:44:05 - INFO - Balance de clases tras SMOTETomek:
target
1.0    1194
0.0    1194
Name: count, dtype: int64
2025-01-29 18:44:05 - INFO - Balance de clases tras SMOTETomek:
target
0.0    1168
1.0    1168
Name: count, dtype: int64
2025-01-29 18:44:05 - INFO - Balance de clases tras SMOTETomek:
target
1.0    1182
0.0    1182
Name: count, dtype: int64
2025-01-29 18:44:06 - INFO - Balance de clases tras SMOTETomek:
target
0.0    1191
1.0    1191
Name: count, dtype: int64
2025-01-29 18:44:06 - INFO - Balance de clases tras SMOTETomek:
target
0.0    1200
1.0    1200
Name: count, dtype: int64
2025-01-29 18:44:06 - INFO - Mejor Precisión (clase=1): 0.7031
2025-01-29 18:44:06 - INFO - Mejores parámetros: {'max_depth': 20, 'learning_rate': 0.02042361883931737, 'n_estimators': 453, 'subsample': 0.7449901522906055, 'colsample_bytree': 0.7338741270742777, 'gamma': 0.38057243869694113, 'reg_alpha': 0.4016406919272847, 'reg_lambda': 0.6793248321388419}
2025-01-29 18:44:06 - INFO - === Entrenando Pipeline Final con TODO el Training ===
2025-01-29 18:44:06 - INFO - Columnas extra eliminadas: ['future_close', 'change_pct']
2025-01-29 18:44:06 - INFO - Dataset preparado: 3378 filas, 21 features (después de imputación).
2025-01-29 18:44:06 - INFO - Balance de clases tras SMOTETomek:
target
0.0    1653
1.0    1653
Name: count, dtype: int64
2025-01-29 18:44:08 - INFO - Pipeline final entrenado con scale_pos_weight=1.00
2025-01-29 18:44:08 - INFO - Pipeline completo guardado en: .ML/results/XGBoost_Binario_trained_pipeline.joblib
2025-01-29 18:44:08 - INFO - Parámetros guardados en: .ML/results/XGBoost_Binario_model_params.txt
2025-01-29 18:44:08 - INFO - Lista de features guardada en: .ML/results/XGBoost_Binario_feature_cols.txt
2025-01-29 18:44:08 - INFO - Columnas de indicadores existentes eliminadas: ['RSI', 'MACD', 'MACDs', 'MACDh', 'OBV', 'BBL', 'BBM', 'BBU', 'STOCHk', 'STOCHd', 'CCI', 'SMA_10', 'SMA_50', 'SMA_200', 'EMA_10', 'EMA_50']
2025-01-29 18:44:08 - INFO - Indicadores técnicos agregados. Filas antes: 1820, después: 1621 (descartadas: 199)
2025-01-29 18:44:08 - INFO - Columnas renombradas: {'RSI_14': 'RSI', 'MACD_12_26_9': 'MACD', 'MACDs_12_26_9': 'MACDs', 'MACDh_12_26_9': 'MACDh', 'BBL_20_2.0': 'BBL', 'BBM_20_2.0': 'BBM', 'BBU_20_2.0': 'BBU', 'STOCHk_14_3_3': 'STOCHk', 'STOCHd_14_3_3': 'STOCHd', 'CCI_14_0.015': 'CCI', 'SMA_10': 'SMA_10', 'SMA_50': 'SMA_50', 'SMA_200': 'SMA_200', 'EMA_10': 'EMA_10', 'EMA_50': 'EMA_50'}
2025-01-29 18:44:08 - INFO - Target binario con look_ahead=3, min_change=0.021
2025-01-29 18:44:08 - INFO - Distribución de clases (0=Vender, 1=Comprar):
target
1.0    597
0.0    585
Name: count, dtype: int64
2025-01-29 18:44:08 - INFO - Muestra de datos con target:
                        close  future_close  change_pct  target
open_time                                                      
2021-12-10 14:30:00  49457.33      47288.99   -0.043843     0.0
2024-04-13 19:15:00  67048.81      62928.01   -0.061460     0.0
2024-01-10 19:45:00  46489.18      48571.22    0.044785     1.0
2021-02-08 23:00:00  45270.24      47109.51    0.040629     1.0
2022-01-21 20:45:00  38355.16      35428.06   -0.076316     0.0
2021-11-10 20:30:00  66479.98      58610.01   -0.118381     0.0
2021-05-13 17:15:00  47511.76      50254.91    0.057736     1.0
2022-01-07 02:45:00  42799.13      41193.78   -0.037509     0.0
2021-04-18 03:00:00  58459.08      55900.00   -0.043776     0.0
2021-06-13 19:30:00  37526.95      39487.82    0.052252     1.0
2025-01-29 18:44:08 - INFO - Columnas extra eliminadas: ['change_pct', 'future_close']
2025-01-29 18:44:08 - INFO - Dataset preparado: 1182 filas, 21 features (después de imputación).
2025-01-29 18:44:08 - INFO - === Evaluación en Test ===
2025-01-29 18:44:08 - INFO - Matriz de confusión [0=Vender, 1=Comprar]:
[[340 245]
 [343 254]]
2025-01-29 18:44:08 - INFO - Reporte de Clasificación:
              precision    recall  f1-score   support

      Vender       0.50      0.58      0.54       585
     Comprar       0.51      0.43      0.46       597

    accuracy                           0.50      1182
   macro avg       0.50      0.50      0.50      1182
weighted avg       0.50      0.50      0.50      1182

2025-01-29 18:44:08 - INFO - Precision (clase=1): 0.5090
2025-01-29 18:44:08 - INFO - F1 (clase=1): 0.4635
2025-01-29 18:44:08 - INFO - Recall (clase=1): 0.4255
2025-01-29 18:44:08 - INFO - Balanced Accuracy: 0.5033
2025-01-29 18:44:08 - INFO - MCC: 0.0067
2025-01-29 18:44:08 - INFO - AUC: 0.4948
2025-01-29 18:44:10 - INFO - Precisión final en Test (clase=1): 0.5090
2025-01-29 18:44:10 - INFO - Importancia de características guardada en .ML/results/feature_importances_binary.csv.
2025-01-29 18:44:10 - INFO - Gráfico de importancia de características guardado.
2025-01-29 18:44:11 - INFO - Calculando valores SHAP...
2025-01-29 18:44:16 - INFO - SHAP analysis completado y guardado.
2025-01-29 18:44:16 - INFO - Señales generadas con umbral=0.61
2025-01-29 18:44:16 - INFO - Señales filtradas por tendencia.
2025-01-29 18:44:16 - INFO - Señales guardadas en: .ML/results/signals_binary.csv
2025-01-29 18:44:16 - INFO - === Proceso Completado con Éxito ===
