2024-12-27 21:36:15 - INFO - Datos cargados desde ML/data/processed/BTCUSDT_15m_processed.csv, filas: 245845
2024-12-27 21:36:15 - INFO - === Buscando hiperparámetros (Optuna) en una muestra del training ===
2024-12-27 21:36:15 - INFO - Target con look_ahead=3, lower=6, upper=86
2024-12-27 21:36:15 - INFO - Umbral inferior=-0.859461, superior=3.518475
2024-12-27 21:36:15 - INFO - Distribución de clases:
target
0    38348
2     6711
1     2877
Name: count, dtype: int64
2024-12-27 21:36:15 - INFO - Eliminados 199 registros con NaNs.
2024-12-27 21:36:15 - INFO - Columnas a eliminar por correlación > 0.86: ['RSI_14', 'CCI_14', 'price_momentum_volatility', 'EMA_diff_5_20', 'STDDEV_90']
2024-12-27 21:36:21 - INFO - Columnas a eliminar por correlación > 0.86: ['RSI_14', 'CCI_14', 'price_momentum_volatility', 'EMA_diff_5_20', 'STDDEV_90']
2024-12-27 21:36:28 - INFO - Columnas a eliminar por correlación > 0.86: ['RSI_14', 'CCI_14', 'price_momentum_volatility', 'EMA_diff_5_20', 'STDDEV_90']
2024-12-27 21:36:35 - INFO - Columnas a eliminar por correlación > 0.86: ['RSI_14', 'CCI_14', 'price_momentum_volatility', 'EMA_diff_5_20', 'STDDEV_90']
2024-12-27 21:36:41 - INFO - Columnas a eliminar por correlación > 0.86: ['RSI_14', 'CCI_14', 'price_momentum_volatility', 'EMA_diff_5_20', 'STDDEV_90']
2024-12-27 21:36:48 - INFO - Target con look_ahead=2, lower=11, upper=86
2024-12-27 21:36:48 - INFO - Umbral inferior=-0.812042, superior=3.547210
2024-12-27 21:36:48 - INFO - Distribución de clases:
target
0    35952
2     6712
1     5273
Name: count, dtype: int64
2024-12-27 21:36:48 - INFO - Eliminados 199 registros con NaNs.
2024-12-27 21:36:48 - INFO - Columnas a eliminar por correlación > 0.86: ['RSI_14', 'CCI_14', 'price_momentum_volatility', 'EMA_diff_5_20', 'max_12', 'STDDEV_78']
2024-12-27 21:36:54 - INFO - Columnas a eliminar por correlación > 0.86: ['RSI_14', 'CCI_14', 'price_momentum_volatility', 'EMA_diff_5_20', 'max_12', 'STDDEV_78']
2024-12-27 21:37:01 - INFO - Columnas a eliminar por correlación > 0.86: ['RSI_14', 'CCI_14', 'price_momentum_volatility', 'EMA_diff_5_20', 'max_12', 'STDDEV_78']
2024-12-27 21:37:08 - INFO - Columnas a eliminar por correlación > 0.86: ['RSI_14', 'CCI_14', 'price_momentum_volatility', 'EMA_diff_5_20', 'max_12', 'STDDEV_78']
2024-12-27 21:37:16 - INFO - Columnas a eliminar por correlación > 0.86: ['RSI_14', 'CCI_14', 'price_momentum_volatility', 'EMA_diff_5_20', 'max_12', 'STDDEV_78']
2024-12-27 21:37:24 - INFO - Target con look_ahead=5, lower=8, upper=86
2024-12-27 21:37:24 - INFO - Umbral inferior=-0.840360, superior=3.555998
2024-12-27 21:37:24 - INFO - Distribución de clases:
target
0    37388
2     6711
1     3835
Name: count, dtype: int64
2024-12-27 21:37:24 - INFO - Eliminados 199 registros con NaNs.
2024-12-27 21:37:24 - INFO - Columnas a eliminar por correlación > 0.86: ['RSI_14', 'CCI_14', 'price_momentum_volatility', 'EMA_diff_5_20', 'max_6', 'STDDEV_99']
2024-12-27 21:37:30 - INFO - Columnas a eliminar por correlación > 0.86: ['RSI_14', 'CCI_14', 'price_momentum_volatility', 'EMA_diff_5_20', 'max_6', 'STDDEV_99']
2024-12-27 21:37:36 - INFO - Columnas a eliminar por correlación > 0.86: ['RSI_14', 'CCI_14', 'price_momentum_volatility', 'EMA_diff_5_20', 'max_6', 'STDDEV_99']
2024-12-27 21:37:41 - INFO - Columnas a eliminar por correlación > 0.86: ['RSI_14', 'CCI_14', 'price_momentum_volatility', 'EMA_diff_5_20', 'max_6', 'STDDEV_99']
2024-12-27 21:37:47 - INFO - Columnas a eliminar por correlación > 0.86: ['RSI_14', 'CCI_14', 'price_momentum_volatility', 'EMA_diff_5_20', 'max_6', 'STDDEV_99']
2024-12-27 21:37:53 - INFO - Target con look_ahead=4, lower=15, upper=94
2024-12-27 21:37:53 - INFO - Umbral inferior=-0.767853, superior=6.186915
2024-12-27 21:37:53 - INFO - Distribución de clases:
target
0    37867
1     7191
2     2877
Name: count, dtype: int64
2024-12-27 21:37:53 - INFO - Eliminados 199 registros con NaNs.
2024-12-27 21:37:53 - INFO - Columnas a eliminar por correlación > 0.86: ['RSI_14', 'CCI_14', 'price_momentum_volatility', 'EMA_diff_5_20', 'STDDEV_99']
2024-12-27 21:37:55 - INFO - Columnas a eliminar por correlación > 0.86: ['RSI_14', 'CCI_14', 'price_momentum_volatility', 'EMA_diff_5_20', 'STDDEV_99']
2024-12-27 21:37:59 - INFO - Columnas a eliminar por correlación > 0.86: ['RSI_14', 'CCI_14', 'price_momentum_volatility', 'EMA_diff_5_20', 'STDDEV_99']
2024-12-27 21:38:02 - INFO - Columnas a eliminar por correlación > 0.86: ['RSI_14', 'CCI_14', 'price_momentum_volatility', 'EMA_diff_5_20', 'STDDEV_99']
2024-12-27 21:38:05 - INFO - Columnas a eliminar por correlación > 0.86: ['RSI_14', 'CCI_14', 'price_momentum_volatility', 'EMA_diff_5_20', 'STDDEV_99']
2024-12-27 21:38:08 - INFO - Target con look_ahead=5, lower=5, upper=95
2024-12-27 21:38:08 - INFO - Umbral inferior=-0.869338, superior=6.725254
2024-12-27 21:38:08 - INFO - Distribución de clases:
target
0    43140
1     2397
2     2397
Name: count, dtype: int64
2024-12-27 21:38:08 - INFO - Eliminados 199 registros con NaNs.
2024-12-27 21:38:08 - INFO - Columnas a eliminar por correlación > 0.86: ['RSI_14', 'CCI_14', 'price_momentum_volatility', 'EMA_diff_5_20', 'max_12']
2024-12-27 21:38:18 - INFO - Columnas a eliminar por correlación > 0.86: ['RSI_14', 'CCI_14', 'price_momentum_volatility', 'EMA_diff_5_20', 'max_12']
2024-12-27 21:38:29 - INFO - Columnas a eliminar por correlación > 0.86: ['RSI_14', 'CCI_14', 'price_momentum_volatility', 'EMA_diff_5_20', 'max_12']
2024-12-27 21:38:39 - INFO - Columnas a eliminar por correlación > 0.86: ['RSI_14', 'CCI_14', 'price_momentum_volatility', 'EMA_diff_5_20', 'max_12']
2024-12-27 21:38:49 - INFO - Columnas a eliminar por correlación > 0.86: ['RSI_14', 'CCI_14', 'price_momentum_volatility', 'EMA_diff_5_20', 'max_12']
2024-12-27 21:39:00 - INFO - Target con look_ahead=1, lower=8, upper=88
2024-12-27 21:39:00 - INFO - Umbral inferior=-0.839688, superior=4.063261
2024-12-27 21:39:00 - INFO - Distribución de clases:
target
0    38350
2     5753
1     3835
Name: count, dtype: int64
2024-12-27 21:39:01 - INFO - Eliminados 199 registros con NaNs.
2024-12-27 21:39:01 - INFO - Columnas a eliminar por correlación > 0.86: ['RSI_14', 'CCI_14', 'price_momentum_volatility', 'EMA_diff_5_20', 'STDDEV_74']
2024-12-27 21:39:20 - INFO - Columnas a eliminar por correlación > 0.86: ['RSI_14', 'CCI_14', 'price_momentum_volatility', 'EMA_diff_5_20', 'STDDEV_74']
2024-12-27 21:39:40 - INFO - Columnas a eliminar por correlación > 0.86: ['RSI_14', 'CCI_14', 'price_momentum_volatility', 'EMA_diff_5_20', 'STDDEV_74']
2024-12-27 21:40:00 - INFO - Columnas a eliminar por correlación > 0.86: ['RSI_14', 'CCI_14', 'price_momentum_volatility', 'EMA_diff_5_20', 'STDDEV_74']
2024-12-27 21:40:20 - INFO - Columnas a eliminar por correlación > 0.86: ['RSI_14', 'CCI_14', 'price_momentum_volatility', 'EMA_diff_5_20', 'STDDEV_74']
2024-12-27 21:40:41 - INFO - Target con look_ahead=1, lower=5, upper=92
2024-12-27 21:40:41 - INFO - Umbral inferior=-0.870284, superior=5.249297
2024-12-27 21:40:41 - INFO - Distribución de clases:
target
0    41706
2     3835
1     2397
Name: count, dtype: int64
2024-12-27 21:40:41 - INFO - Eliminados 199 registros con NaNs.
2024-12-27 21:40:41 - INFO - Columnas a eliminar por correlación > 0.86: ['RSI_14', 'CCI_14', 'price_momentum_volatility', 'EMA_diff_5_20']
2024-12-27 21:41:31 - INFO - Columnas a eliminar por correlación > 0.86: ['RSI_14', 'CCI_14', 'price_momentum_volatility', 'EMA_diff_5_20']
2024-12-27 21:42:19 - INFO - Columnas a eliminar por correlación > 0.86: ['RSI_14', 'CCI_14', 'price_momentum_volatility', 'EMA_diff_5_20']
2024-12-27 21:43:08 - INFO - Columnas a eliminar por correlación > 0.86: ['RSI_14', 'CCI_14', 'price_momentum_volatility', 'EMA_diff_5_20']
2024-12-27 21:43:56 - INFO - Columnas a eliminar por correlación > 0.86: ['RSI_14', 'CCI_14', 'price_momentum_volatility', 'EMA_diff_5_20']
2024-12-27 21:44:45 - INFO - Target con look_ahead=5, lower=13, upper=87
2024-12-27 21:44:45 - INFO - Umbral inferior=-0.791303, superior=3.809554
2024-12-27 21:44:45 - INFO - Distribución de clases:
target
0    35470
1     6232
2     6232
Name: count, dtype: int64
2024-12-27 21:44:45 - INFO - Eliminados 199 registros con NaNs.
2024-12-27 21:44:46 - INFO - Columnas a eliminar por correlación > 0.86: ['RSI_14', 'CCI_14', 'price_momentum_volatility', 'EMA_diff_5_20', 'STDDEV_86']
2024-12-27 21:45:01 - INFO - Columnas a eliminar por correlación > 0.86: ['RSI_14', 'CCI_14', 'price_momentum_volatility', 'EMA_diff_5_20', 'STDDEV_86']
2024-12-27 21:45:18 - INFO - Columnas a eliminar por correlación > 0.86: ['RSI_14', 'CCI_14', 'price_momentum_volatility', 'EMA_diff_5_20', 'STDDEV_86']
2024-12-27 21:45:35 - INFO - Columnas a eliminar por correlación > 0.86: ['RSI_14', 'CCI_14', 'price_momentum_volatility', 'EMA_diff_5_20', 'STDDEV_86']
2024-12-27 21:45:51 - INFO - Columnas a eliminar por correlación > 0.86: ['RSI_14', 'CCI_14', 'price_momentum_volatility', 'EMA_diff_5_20', 'STDDEV_86']
2024-12-27 21:46:11 - INFO - Target con look_ahead=2, lower=6, upper=88
2024-12-27 21:46:11 - INFO - Umbral inferior=-0.859436, superior=4.057123
2024-12-27 21:46:11 - INFO - Distribución de clases:
target
0    39307
2     5753
1     2877
Name: count, dtype: int64
2024-12-27 21:46:11 - INFO - Eliminados 199 registros con NaNs.
2024-12-27 21:46:11 - INFO - Columnas a eliminar por correlación > 0.86: ['RSI_14', 'CCI_14', 'price_momentum_volatility', 'EMA_diff_5_20', 'max_5', 'STDDEV_77']
2024-12-27 21:46:27 - INFO - Columnas a eliminar por correlación > 0.86: ['RSI_14', 'CCI_14', 'price_momentum_volatility', 'EMA_diff_5_20', 'max_5']
2024-12-27 21:46:40 - INFO - Columnas a eliminar por correlación > 0.86: ['RSI_14', 'CCI_14', 'price_momentum_volatility', 'EMA_diff_5_20', 'max_5', 'STDDEV_77']
2024-12-27 21:46:53 - INFO - Columnas a eliminar por correlación > 0.86: ['RSI_14', 'CCI_14', 'price_momentum_volatility', 'EMA_diff_5_20', 'max_5', 'STDDEV_77']
2024-12-27 21:47:06 - INFO - Columnas a eliminar por correlación > 0.86: ['RSI_14', 'CCI_14', 'price_momentum_volatility', 'EMA_diff_5_20', 'max_5', 'STDDEV_77']
2024-12-27 21:47:20 - INFO - Target con look_ahead=3, lower=5, upper=88
2024-12-27 21:47:20 - INFO - Umbral inferior=-0.870376, superior=4.057257
2024-12-27 21:47:20 - INFO - Distribución de clases:
target
0    39786
2     5753
1     2397
Name: count, dtype: int64
2024-12-27 21:47:20 - INFO - Eliminados 199 registros con NaNs.
2024-12-27 21:47:20 - INFO - Columnas a eliminar por correlación > 0.86: ['RSI_14', 'CCI_14', 'price_momentum_volatility', 'EMA_diff_5_20', 'max_12', 'STDDEV_85']
2024-12-27 21:47:35 - INFO - Columnas a eliminar por correlación > 0.86: ['RSI_14', 'CCI_14', 'price_momentum_volatility', 'EMA_diff_5_20', 'max_12', 'STDDEV_85']
2024-12-27 21:47:51 - INFO - Columnas a eliminar por correlación > 0.86: ['RSI_14', 'CCI_14', 'price_momentum_volatility', 'EMA_diff_5_20', 'max_12', 'STDDEV_85']
2024-12-27 21:48:03 - INFO - Columnas a eliminar por correlación > 0.86: ['RSI_14', 'CCI_14', 'price_momentum_volatility', 'EMA_diff_5_20', 'max_12', 'STDDEV_85']
2024-12-27 21:48:17 - INFO - Columnas a eliminar por correlación > 0.86: ['RSI_14', 'CCI_14', 'price_momentum_volatility', 'EMA_diff_5_20', 'max_12', 'STDDEV_85']
2024-12-27 21:48:31 - INFO - Target con look_ahead=2, lower=11, upper=91
2024-12-27 21:48:31 - INFO - Umbral inferior=-0.812042, superior=4.933055
2024-12-27 21:48:31 - INFO - Distribución de clases:
target
0    38349
1     5273
2     4315
Name: count, dtype: int64
2024-12-27 21:48:31 - INFO - Eliminados 199 registros con NaNs.
2024-12-27 21:48:31 - INFO - Columnas a eliminar por correlación > 0.86: ['RSI_14', 'CCI_14', 'price_momentum_volatility', 'EMA_diff_5_20', 'STDDEV_71']
2024-12-27 21:48:36 - INFO - Columnas a eliminar por correlación > 0.86: ['RSI_14', 'CCI_14', 'price_momentum_volatility', 'EMA_diff_5_20']
2024-12-27 21:48:42 - INFO - Columnas a eliminar por correlación > 0.86: ['RSI_14', 'CCI_14', 'price_momentum_volatility', 'EMA_diff_5_20', 'STDDEV_71']
2024-12-27 21:48:47 - INFO - Columnas a eliminar por correlación > 0.86: ['RSI_14', 'CCI_14', 'price_momentum_volatility', 'EMA_diff_5_20', 'STDDEV_71']
2024-12-27 21:48:53 - INFO - Columnas a eliminar por correlación > 0.86: ['RSI_14', 'CCI_14', 'price_momentum_volatility', 'EMA_diff_5_20', 'STDDEV_71']
2024-12-27 21:49:01 - INFO - Target con look_ahead=2, lower=11, upper=91
2024-12-27 21:49:01 - INFO - Umbral inferior=-0.812042, superior=4.933055
2024-12-27 21:49:01 - INFO - Distribución de clases:
target
0    38349
1     5273
2     4315
Name: count, dtype: int64
2024-12-27 21:49:01 - INFO - Eliminados 199 registros con NaNs.
2024-12-27 21:49:01 - INFO - Columnas a eliminar por correlación > 0.86: ['RSI_14', 'CCI_14', 'price_momentum_volatility', 'EMA_diff_5_20', 'STDDEV_71']
2024-12-27 21:49:06 - INFO - Columnas a eliminar por correlación > 0.86: ['RSI_14', 'CCI_14', 'price_momentum_volatility', 'EMA_diff_5_20']
2024-12-27 21:49:12 - INFO - Columnas a eliminar por correlación > 0.86: ['RSI_14', 'CCI_14', 'price_momentum_volatility', 'EMA_diff_5_20', 'STDDEV_71']
2024-12-27 21:49:17 - INFO - Columnas a eliminar por correlación > 0.86: ['RSI_14', 'CCI_14', 'price_momentum_volatility', 'EMA_diff_5_20', 'STDDEV_71']
2024-12-27 21:49:23 - INFO - Columnas a eliminar por correlación > 0.86: ['RSI_14', 'CCI_14', 'price_momentum_volatility', 'EMA_diff_5_20', 'STDDEV_71']
2024-12-27 21:49:30 - INFO - Target con look_ahead=2, lower=11, upper=90
2024-12-27 21:49:30 - INFO - Umbral inferior=-0.812042, superior=4.617093
2024-12-27 21:49:30 - INFO - Distribución de clases:
target
0    37870
1     5273
2     4794
Name: count, dtype: int64
2024-12-27 21:49:30 - INFO - Eliminados 199 registros con NaNs.
2024-12-27 21:49:30 - INFO - Columnas a eliminar por correlación > 0.86: ['RSI_14', 'CCI_14', 'price_momentum_volatility', 'EMA_diff_5_20', 'STDDEV_69']
2024-12-27 21:49:34 - INFO - Columnas a eliminar por correlación > 0.86: ['RSI_14', 'CCI_14', 'price_momentum_volatility', 'EMA_diff_5_20', 'STDDEV_69']
2024-12-27 21:49:38 - INFO - Columnas a eliminar por correlación > 0.86: ['RSI_14', 'CCI_14', 'price_momentum_volatility', 'EMA_diff_5_20']
2024-12-27 21:49:42 - INFO - Columnas a eliminar por correlación > 0.86: ['RSI_14', 'CCI_14', 'price_momentum_volatility', 'EMA_diff_5_20']
2024-12-27 21:49:47 - INFO - Columnas a eliminar por correlación > 0.86: ['RSI_14', 'CCI_14', 'price_momentum_volatility', 'EMA_diff_5_20', 'STDDEV_69']
2024-12-27 21:49:51 - INFO - Target con look_ahead=3, lower=13, upper=90
2024-12-27 21:49:51 - INFO - Umbral inferior=-0.790898, superior=4.623050
2024-12-27 21:49:51 - INFO - Distribución de clases:
target
0    36910
1     6232
2     4794
Name: count, dtype: int64
2024-12-27 21:49:51 - INFO - Eliminados 199 registros con NaNs.
2024-12-27 21:49:51 - INFO - Columnas a eliminar por correlación > 0.86: ['RSI_14', 'CCI_14', 'price_momentum_volatility', 'EMA_diff_5_20', 'STDDEV_78']
2024-12-27 21:50:16 - INFO - Columnas a eliminar por correlación > 0.86: ['RSI_14', 'CCI_14', 'price_momentum_volatility', 'EMA_diff_5_20', 'STDDEV_78']
2024-12-27 21:50:40 - INFO - Columnas a eliminar por correlación > 0.86: ['RSI_14', 'CCI_14', 'price_momentum_volatility', 'EMA_diff_5_20', 'STDDEV_78']
2024-12-27 21:51:08 - INFO - Columnas a eliminar por correlación > 0.86: ['RSI_14', 'CCI_14', 'price_momentum_volatility', 'EMA_diff_5_20', 'STDDEV_78']
2024-12-27 21:51:35 - INFO - Columnas a eliminar por correlación > 0.86: ['RSI_14', 'CCI_14', 'price_momentum_volatility', 'EMA_diff_5_20', 'STDDEV_78']
2024-12-27 21:52:03 - INFO - Target con look_ahead=4, lower=14, upper=90
2024-12-27 21:52:03 - INFO - Umbral inferior=-0.781812, superior=4.651098
2024-12-27 21:52:03 - INFO - Distribución de clases:
target
0    36430
1     6711
2     4794
Name: count, dtype: int64
2024-12-27 21:52:03 - INFO - Eliminados 199 registros con NaNs.
2024-12-27 21:52:03 - INFO - Columnas a eliminar por correlación > 0.86: ['RSI_14', 'CCI_14', 'price_momentum_volatility', 'EMA_diff_5_20', 'STDDEV_82']
2024-12-27 21:52:28 - INFO - Columnas a eliminar por correlación > 0.86: ['RSI_14', 'CCI_14', 'price_momentum_volatility', 'EMA_diff_5_20', 'STDDEV_82']
2024-12-27 21:53:05 - INFO - Columnas a eliminar por correlación > 0.86: ['RSI_14', 'CCI_14', 'price_momentum_volatility', 'EMA_diff_5_20', 'STDDEV_82']
2024-12-27 21:53:38 - INFO - Columnas a eliminar por correlación > 0.86: ['RSI_14', 'CCI_14', 'price_momentum_volatility', 'EMA_diff_5_20', 'STDDEV_82']
2024-12-27 21:54:03 - INFO - Columnas a eliminar por correlación > 0.86: ['RSI_14', 'CCI_14', 'price_momentum_volatility', 'EMA_diff_5_20', 'STDDEV_82']
2024-12-27 21:54:28 - INFO - Target con look_ahead=4, lower=15, upper=93
2024-12-27 21:54:28 - INFO - Umbral inferior=-0.767853, superior=5.696999
2024-12-27 21:54:28 - INFO - Distribución de clases:
target
0    37388
1     7191
2     3356
Name: count, dtype: int64
2024-12-27 21:54:28 - INFO - Eliminados 199 registros con NaNs.
2024-12-27 21:54:28 - INFO - Columnas a eliminar por correlación > 0.86: ['RSI_14', 'CCI_14', 'price_momentum_volatility', 'EMA_diff_5_20', 'STDDEV_84']
2024-12-27 21:54:59 - INFO - Columnas a eliminar por correlación > 0.86: ['RSI_14', 'CCI_14', 'price_momentum_volatility', 'EMA_diff_5_20', 'STDDEV_84']
2024-12-27 21:55:29 - INFO - Columnas a eliminar por correlación > 0.86: ['RSI_14', 'CCI_14', 'price_momentum_volatility', 'EMA_diff_5_20', 'STDDEV_84']
2024-12-27 21:56:10 - INFO - Columnas a eliminar por correlación > 0.86: ['RSI_14', 'CCI_14', 'price_momentum_volatility', 'EMA_diff_5_20', 'STDDEV_84']
2024-12-27 21:56:51 - INFO - Columnas a eliminar por correlación > 0.86: ['RSI_14', 'CCI_14', 'price_momentum_volatility', 'EMA_diff_5_20', 'STDDEV_84']
2024-12-27 21:57:27 - INFO - Target con look_ahead=4, lower=15, upper=93
2024-12-27 21:57:27 - INFO - Umbral inferior=-0.767853, superior=5.696999
2024-12-27 21:57:27 - INFO - Distribución de clases:
target
0    37388
1     7191
2     3356
Name: count, dtype: int64
2024-12-27 21:57:27 - INFO - Eliminados 199 registros con NaNs.
2024-12-27 21:57:27 - INFO - Columnas a eliminar por correlación > 0.86: ['RSI_14', 'CCI_14', 'price_momentum_volatility', 'EMA_diff_5_20', 'STDDEV_92']
2024-12-27 21:57:56 - INFO - Columnas a eliminar por correlación > 0.86: ['RSI_14', 'CCI_14', 'price_momentum_volatility', 'EMA_diff_5_20', 'STDDEV_92']
2024-12-27 21:58:27 - INFO - Columnas a eliminar por correlación > 0.86: ['RSI_14', 'CCI_14', 'price_momentum_volatility', 'EMA_diff_5_20', 'STDDEV_92']
2024-12-27 21:58:56 - INFO - Columnas a eliminar por correlación > 0.86: ['RSI_14', 'CCI_14', 'price_momentum_volatility', 'EMA_diff_5_20', 'STDDEV_92']
2024-12-27 21:59:41 - INFO - Columnas a eliminar por correlación > 0.86: ['RSI_14', 'CCI_14', 'price_momentum_volatility', 'EMA_diff_5_20', 'STDDEV_92']
2024-12-27 22:00:21 - INFO - Target con look_ahead=4, lower=13, upper=95
2024-12-27 22:00:21 - INFO - Umbral inferior=-0.793705, superior=6.751146
2024-12-27 22:00:21 - INFO - Distribución de clases:
target
0    39306
1     6232
2     2397
Name: count, dtype: int64
2024-12-27 22:00:21 - INFO - Eliminados 199 registros con NaNs.
2024-12-27 22:00:21 - INFO - Columnas a eliminar por correlación > 0.86: ['RSI_14', 'CCI_14', 'price_momentum_volatility', 'EMA_diff_5_20', 'STDDEV_83']
2024-12-27 22:01:15 - INFO - Columnas a eliminar por correlación > 0.86: ['RSI_14', 'CCI_14', 'price_momentum_volatility', 'EMA_diff_5_20', 'STDDEV_83']
2024-12-27 22:01:56 - INFO - Columnas a eliminar por correlación > 0.86: ['RSI_14', 'CCI_14', 'price_momentum_volatility', 'EMA_diff_5_20', 'STDDEV_83']
2024-12-27 22:02:42 - INFO - Columnas a eliminar por correlación > 0.86: ['RSI_14', 'CCI_14', 'price_momentum_volatility', 'EMA_diff_5_20', 'STDDEV_83']
