2025-01-09 23:05:02 - INFO - Datos cargados desde ML/data/processed/BTCUSDT_15m_processed.csv, filas: 251947
2025-01-09 23:05:02 - INFO - Columnas de indicadores existentes eliminadas: ['RSI', 'MACD', 'MACDs', 'MACDh', 'OBV', 'BBL', 'BBM', 'BBU', 'SMA_10', 'SMA_50', 'EMA_10', 'EMA_50']
2025-01-09 23:05:02 - INFO - Indicadores técnicos agregados. Filas antes: 251947, después: 251748 (descartadas: 199)
2025-01-09 23:05:02 - INFO - Columnas renombradas: {'RSI_14': 'RSI', 'MACD_12_26_9': 'MACD', 'MACDs_12_26_9': 'MACDs', 'MACDh_12_26_9': 'MACDh', 'VWAP': 'VWAP', 'BBL_20_2.0': 'BBL', 'BBM_20_2.0': 'BBM', 'BBU_20_2.0': 'BBU', 'ATR_14': 'ATR', 'STOCHk_14_3_3': 'STOCHk', 'STOCHd_14_3_3': 'STOCHd', 'CCI_14_0.015': 'CCI', 'SMA_10': 'SMA_10', 'SMA_50': 'SMA_50', 'SMA_200': 'SMA_200', 'EMA_10': 'EMA_10', 'EMA_50': 'EMA_50'}
2025-01-09 23:05:02 - WARNING - Columna faltante 'VWAP' añadida con NaN.
2025-01-09 23:05:02 - WARNING - Columna faltante 'ATR' añadida con NaN.
2025-01-09 23:05:02 - INFO - Target binario con look_ahead=10, min_change=0.04
2025-01-09 23:05:02 - INFO - Distribución de clases (0=Vender, 1=Comprar):
target
0.0    2217
1.0    2116
Name: count, dtype: int64
2025-01-09 23:05:02 - INFO - Muestra de datos con target:
                        close  future_close  change_pct  target
open_time                                                      
2018-10-10 23:30:00   6633.00       6280.99   -0.053070     0.0
2020-04-30 06:30:00   9369.44       8951.72   -0.044583     0.0
2021-06-09 12:45:00  34891.62      36393.59    0.043047     1.0
2017-12-24 17:00:00  12873.93      12229.65   -0.050045     0.0
2017-12-22 07:00:00  12759.98      13764.10    0.078693     1.0
2017-12-22 00:00:00  15560.22      14280.02   -0.082274     0.0
2017-12-22 19:00:00  13360.01      14186.02    0.061827     1.0
2018-01-11 20:30:00  13487.91      12523.87   -0.071474     0.0
2019-07-16 14:15:00  10431.26       9920.21   -0.048992     0.0
2020-03-12 23:30:00   4760.46       3882.22   -0.184486     0.0
2025-01-09 23:05:02 - INFO - División de datos en Train/Test completada.
2025-01-09 23:05:02 - INFO - === Búsqueda de hiperparámetros (Optuna) en muestra de Training ===
2025-01-09 23:05:02 - INFO - No se han identificado características categóricas.
2025-01-09 23:05:02 - INFO - Columnas extra eliminadas: ['future_close', 'change_pct']
2025-01-09 23:05:02 - WARNING - Estas columnas están 100% NaN y se eliminarán antes de imputar: ['VWAP', 'ATR']
2025-01-09 23:05:02 - INFO - Dataset preparado: 1213 filas, 21 features (después de imputación).
2025-01-09 23:05:03 - INFO - Balance de clases tras SMOTETomek:
target
0.0    499
1.0    499
Name: count, dtype: int64
2025-01-09 23:05:03 - INFO - Balance de clases tras SMOTETomek:
target
0.0    499
1.0    499
Name: count, dtype: int64
2025-01-09 23:05:03 - INFO - Balance de clases tras SMOTETomek:
target
0.0    501
1.0    501
Name: count, dtype: int64
2025-01-09 23:05:04 - INFO - Balance de clases tras SMOTETomek:
target
0.0    502
1.0    502
Name: count, dtype: int64
2025-01-09 23:05:04 - INFO - Balance de clases tras SMOTETomek:
target
0.0    501
1.0    501
Name: count, dtype: int64
2025-01-09 23:05:05 - INFO - Balance de clases tras SMOTETomek:
target
0.0    501
1.0    501
Name: count, dtype: int64
2025-01-09 23:05:05 - INFO - Balance de clases tras SMOTETomek:
target
0.0    500
1.0    500
Name: count, dtype: int64
2025-01-09 23:05:05 - INFO - Balance de clases tras SMOTETomek:
target
0.0    502
1.0    502
Name: count, dtype: int64
2025-01-09 23:05:06 - INFO - Balance de clases tras SMOTETomek:
target
0.0    499
1.0    499
Name: count, dtype: int64
2025-01-09 23:05:06 - INFO - Balance de clases tras SMOTETomek:
target
0.0    501
1.0    501
Name: count, dtype: int64
2025-01-09 23:05:07 - INFO - Balance de clases tras SMOTETomek:
target
0.0    501
1.0    501
Name: count, dtype: int64
2025-01-09 23:05:07 - INFO - Balance de clases tras SMOTETomek:
target
0.0    502
1.0    502
Name: count, dtype: int64
2025-01-09 23:05:07 - INFO - Balance de clases tras SMOTETomek:
target
0.0    501
1.0    501
Name: count, dtype: int64
2025-01-09 23:05:08 - INFO - Balance de clases tras SMOTETomek:
target
0.0    500
1.0    500
Name: count, dtype: int64
2025-01-09 23:05:08 - INFO - Balance de clases tras SMOTETomek:
target
0.0    500
1.0    500
Name: count, dtype: int64
2025-01-09 23:05:09 - INFO - Balance de clases tras SMOTETomek:
target
0.0    499
1.0    499
Name: count, dtype: int64
2025-01-09 23:05:09 - INFO - Balance de clases tras SMOTETomek:
target
0.0    501
1.0    501
Name: count, dtype: int64
2025-01-09 23:05:09 - INFO - Balance de clases tras SMOTETomek:
target
0.0    502
1.0    502
Name: count, dtype: int64
2025-01-09 23:05:10 - INFO - Balance de clases tras SMOTETomek:
target
0.0    501
1.0    501
Name: count, dtype: int64
2025-01-09 23:05:10 - INFO - Balance de clases tras SMOTETomek:
target
0.0    499
1.0    499
Name: count, dtype: int64
2025-01-09 23:05:10 - INFO - Balance de clases tras SMOTETomek:
target
0.0    500
1.0    500
Name: count, dtype: int64
2025-01-09 23:05:10 - INFO - Balance de clases tras SMOTETomek:
target
0.0    499
1.0    499
Name: count, dtype: int64
2025-01-09 23:05:11 - INFO - Balance de clases tras SMOTETomek:
target
0.0    501
1.0    501
Name: count, dtype: int64
2025-01-09 23:05:11 - INFO - Balance de clases tras SMOTETomek:
target
0.0    501
1.0    501
Name: count, dtype: int64
2025-01-09 23:05:12 - INFO - Balance de clases tras SMOTETomek:
target
0.0    502
1.0    502
Name: count, dtype: int64
2025-01-09 23:05:12 - INFO - Balance de clases tras SMOTETomek:
target
0.0    502
1.0    502
Name: count, dtype: int64
2025-01-09 23:05:13 - INFO - Balance de clases tras SMOTETomek:
target
0.0    501
1.0    501
Name: count, dtype: int64
2025-01-09 23:05:13 - INFO - Balance de clases tras SMOTETomek:
target
0.0    501
1.0    501
Name: count, dtype: int64
2025-01-09 23:05:14 - INFO - Balance de clases tras SMOTETomek:
target
0.0    500
1.0    500
Name: count, dtype: int64
2025-01-09 23:05:14 - INFO - Balance de clases tras SMOTETomek:
target
0.0    500
1.0    500
Name: count, dtype: int64
2025-01-09 23:05:15 - INFO - Balance de clases tras SMOTETomek:
target
0.0    499
1.0    499
Name: count, dtype: int64
2025-01-09 23:05:15 - INFO - Balance de clases tras SMOTETomek:
target
0.0    501
1.0    501
Name: count, dtype: int64
2025-01-09 23:05:16 - INFO - Balance de clases tras SMOTETomek:
target
0.0    502
1.0    502
Name: count, dtype: int64
2025-01-09 23:05:16 - INFO - Balance de clases tras SMOTETomek:
target
0.0    499
1.0    499
Name: count, dtype: int64
2025-01-09 23:05:16 - INFO - Balance de clases tras SMOTETomek:
target
0.0    501
1.0    501
Name: count, dtype: int64
2025-01-09 23:05:16 - INFO - Balance de clases tras SMOTETomek:
target
0.0    501
1.0    501
Name: count, dtype: int64
2025-01-09 23:05:17 - INFO - Balance de clases tras SMOTETomek:
target
0.0    502
1.0    502
Name: count, dtype: int64
2025-01-09 23:05:17 - INFO - Balance de clases tras SMOTETomek:
target
0.0    500
1.0    500
Name: count, dtype: int64
2025-01-09 23:05:17 - INFO - Balance de clases tras SMOTETomek:
target
0.0    501
1.0    501
Name: count, dtype: int64
2025-01-09 23:05:17 - INFO - Balance de clases tras SMOTETomek:
target
0.0    499
1.0    499
Name: count, dtype: int64
2025-01-09 23:05:18 - INFO - Balance de clases tras SMOTETomek:
target
0.0    500
1.0    500
Name: count, dtype: int64
2025-01-09 23:05:18 - INFO - Balance de clases tras SMOTETomek:
target
0.0    499
1.0    499
Name: count, dtype: int64
2025-01-09 23:05:19 - INFO - Balance de clases tras SMOTETomek:
target
0.0    501
1.0    501
Name: count, dtype: int64
2025-01-09 23:05:19 - INFO - Balance de clases tras SMOTETomek:
target
0.0    501
1.0    501
Name: count, dtype: int64
2025-01-09 23:05:19 - INFO - Balance de clases tras SMOTETomek:
target
0.0    502
1.0    502
Name: count, dtype: int64
2025-01-09 23:05:20 - INFO - Balance de clases tras SMOTETomek:
target
0.0    501
1.0    501
Name: count, dtype: int64
2025-01-09 23:05:20 - INFO - Balance de clases tras SMOTETomek:
target
0.0    502
1.0    502
Name: count, dtype: int64
2025-01-09 23:05:21 - INFO - Balance de clases tras SMOTETomek:
target
0.0    500
1.0    500
Name: count, dtype: int64
2025-01-09 23:05:21 - INFO - Balance de clases tras SMOTETomek:
target
0.0    499
1.0    499
Name: count, dtype: int64
2025-01-09 23:05:22 - INFO - Balance de clases tras SMOTETomek:
target
0.0    501
1.0    501
Name: count, dtype: int64
2025-01-09 23:05:22 - INFO - Balance de clases tras SMOTETomek:
target
0.0    501
1.0    501
Name: count, dtype: int64
2025-01-09 23:05:23 - INFO - Balance de clases tras SMOTETomek:
target
0.0    502
1.0    502
Name: count, dtype: int64
2025-01-09 23:05:23 - INFO - Balance de clases tras SMOTETomek:
target
0.0    500
1.0    500
Name: count, dtype: int64
2025-01-09 23:05:23 - INFO - Balance de clases tras SMOTETomek:
target
0.0    501
1.0    501
Name: count, dtype: int64
2025-01-09 23:05:24 - INFO - Balance de clases tras SMOTETomek:
target
0.0    500
1.0    500
Name: count, dtype: int64
2025-01-09 23:05:24 - INFO - Balance de clases tras SMOTETomek:
target
0.0    499
1.0    499
Name: count, dtype: int64
2025-01-09 23:05:24 - INFO - Balance de clases tras SMOTETomek:
target
0.0    499
1.0    499
Name: count, dtype: int64
2025-01-09 23:05:25 - INFO - Balance de clases tras SMOTETomek:
target
0.0    501
1.0    501
Name: count, dtype: int64
2025-01-09 23:05:25 - INFO - Balance de clases tras SMOTETomek:
target
0.0    501
1.0    501
Name: count, dtype: int64
2025-01-09 23:05:26 - INFO - Balance de clases tras SMOTETomek:
target
0.0    502
1.0    502
Name: count, dtype: int64
2025-01-09 23:05:26 - INFO - Balance de clases tras SMOTETomek:
target
0.0    502
1.0    502
Name: count, dtype: int64
2025-01-09 23:05:26 - INFO - Balance de clases tras SMOTETomek:
target
0.0    501
1.0    501
Name: count, dtype: int64
2025-01-09 23:05:26 - INFO - Balance de clases tras SMOTETomek:
target
0.0    501
1.0    501
Name: count, dtype: int64
2025-01-09 23:05:27 - INFO - Balance de clases tras SMOTETomek:
target
0.0    500
1.0    500
Name: count, dtype: int64
2025-01-09 23:05:27 - INFO - Balance de clases tras SMOTETomek:
target
0.0    500
1.0    500
Name: count, dtype: int64
2025-01-09 23:05:28 - INFO - Balance de clases tras SMOTETomek:
target
0.0    499
1.0    499
Name: count, dtype: int64
2025-01-09 23:05:28 - INFO - Balance de clases tras SMOTETomek:
target
0.0    499
1.0    499
Name: count, dtype: int64
2025-01-09 23:05:28 - INFO - Balance de clases tras SMOTETomek:
target
0.0    501
1.0    501
Name: count, dtype: int64
2025-01-09 23:05:29 - INFO - Balance de clases tras SMOTETomek:
target
0.0    501
1.0    501
Name: count, dtype: int64
2025-01-09 23:05:29 - INFO - Balance de clases tras SMOTETomek:
target
0.0    502
1.0    502
Name: count, dtype: int64
2025-01-09 23:05:29 - INFO - Balance de clases tras SMOTETomek:
target
0.0    502
1.0    502
Name: count, dtype: int64
2025-01-09 23:05:30 - INFO - Balance de clases tras SMOTETomek:
target
0.0    501
1.0    501
Name: count, dtype: int64
2025-01-09 23:05:30 - INFO - Balance de clases tras SMOTETomek:
target
0.0    501
1.0    501
Name: count, dtype: int64
2025-01-09 23:05:30 - INFO - Balance de clases tras SMOTETomek:
target
0.0    500
1.0    500
Name: count, dtype: int64
2025-01-09 23:05:31 - INFO - Balance de clases tras SMOTETomek:
target
0.0    500
1.0    500
Name: count, dtype: int64
2025-01-09 23:05:31 - INFO - Mejor Precision: 0.9018
2025-01-09 23:05:31 - INFO - Mejores parámetros: {'max_depth': 9, 'learning_rate': 0.01884589611854851, 'n_estimators': 354, 'subsample': 0.865289835170156, 'colsample_bytree': 0.9202246508040859, 'gamma': 0.3828513482456599, 'reg_alpha': 0.05769773622347241, 'reg_lambda': 0.7244654797015686}
2025-01-09 23:05:31 - INFO - === Entrenando Pipeline Final con TODO el Training ===
2025-01-09 23:05:31 - INFO - Columnas extra eliminadas: ['future_close', 'change_pct']
2025-01-09 23:05:31 - WARNING - Estas columnas están 100% NaN y se eliminarán antes de imputar: ['VWAP', 'ATR']
2025-01-09 23:05:31 - INFO - Dataset preparado: 3033 filas, 21 features (después de imputación).
2025-01-09 23:05:32 - INFO - Balance de clases tras SMOTETomek:
target
0.0    1557
1.0    1557
Name: count, dtype: int64
2025-01-09 23:05:33 - INFO - Pipeline final entrenado con TODOS los datos de entrenamiento.
2025-01-09 23:05:33 - INFO - Pipeline completo guardado en: ./results/XGBoost_Binario_trained_pipeline.joblib
2025-01-09 23:05:33 - INFO - Parámetros guardados en: ./results/XGBoost_Binario_model_params.txt
2025-01-09 23:05:33 - INFO - Lista de features guardada en: ./results/XGBoost_Binario_feature_cols.txt
2025-01-09 23:05:33 - INFO - Columnas de indicadores existentes eliminadas: ['RSI', 'MACD', 'MACDs', 'MACDh', 'VWAP', 'OBV', 'BBL', 'BBM', 'BBU', 'ATR', 'STOCHk', 'STOCHd', 'CCI', 'SMA_10', 'SMA_50', 'SMA_200', 'EMA_10', 'EMA_50']
2025-01-09 23:05:33 - INFO - Indicadores técnicos agregados. Filas antes: 1300, después: 1101 (descartadas: 199)
2025-01-09 23:05:33 - INFO - Columnas renombradas: {'RSI_14': 'RSI', 'MACD_12_26_9': 'MACD', 'MACDs_12_26_9': 'MACDs', 'MACDh_12_26_9': 'MACDh', 'VWAP': 'VWAP', 'BBL_20_2.0': 'BBL', 'BBM_20_2.0': 'BBM', 'BBU_20_2.0': 'BBU', 'ATR_14': 'ATR', 'STOCHk_14_3_3': 'STOCHk', 'STOCHd_14_3_3': 'STOCHd', 'CCI_14_0.015': 'CCI', 'SMA_10': 'SMA_10', 'SMA_50': 'SMA_50', 'SMA_200': 'SMA_200', 'EMA_10': 'EMA_10', 'EMA_50': 'EMA_50'}
2025-01-09 23:05:33 - WARNING - Columna faltante 'VWAP' añadida con NaN.
2025-01-09 23:05:33 - WARNING - Columna faltante 'ATR' añadida con NaN.
2025-01-09 23:05:33 - INFO - Target binario con look_ahead=10, min_change=0.04
2025-01-09 23:05:33 - INFO - Distribución de clases (0=Vender, 1=Comprar):
target
0.0    406
1.0    373
Name: count, dtype: int64
2025-01-09 23:05:33 - INFO - Muestra de datos con target:
                        close  future_close  change_pct  target
open_time                                                      
2021-06-20 07:45:00  35637.71      31397.56   -0.118979     0.0
2021-07-25 22:45:00  34656.78      39709.16    0.145783     1.0
2021-05-13 16:15:00  50301.61      45052.48   -0.104353     0.0
2024-04-13 18:00:00  66738.38      63438.37   -0.049447     0.0
2022-01-27 21:15:00  35680.01      38720.68    0.085221     1.0
2021-05-21 13:45:00  41112.03      35763.91   -0.130086     0.0
2021-05-21 21:00:00  34112.99      36545.16    0.071297     1.0
2022-06-30 23:30:00  19070.98      20851.38    0.093357     1.0
2023-03-13 13:45:00  22479.64      24702.98    0.098905     1.0
2022-01-21 20:45:00  38355.16      34449.67   -0.101824     0.0
2025-01-09 23:05:33 - INFO - Columnas extra eliminadas: ['change_pct', 'future_close']
2025-01-09 23:05:33 - WARNING - Estas columnas están 100% NaN y se eliminarán antes de imputar: ['VWAP', 'ATR']
2025-01-09 23:05:33 - INFO - Dataset preparado: 779 filas, 21 features (después de imputación).
2025-01-09 23:05:33 - INFO - === Evaluación en Test ===
2025-01-09 23:05:33 - INFO - Matriz de confusión [0=Vender, 1=Comprar]:
[[253 153]
 [225 148]]
2025-01-09 23:05:33 - INFO - Reporte de Clasificación:
              precision    recall  f1-score   support

      Vender       0.53      0.62      0.57       406
     Comprar       0.49      0.40      0.44       373

    accuracy                           0.51       779
   macro avg       0.51      0.51      0.51       779
weighted avg       0.51      0.51      0.51       779

2025-01-09 23:05:33 - INFO - Precision: 0.4917
2025-01-09 23:05:33 - INFO - F1-score: 0.4392
2025-01-09 23:05:33 - INFO - Recall: 0.3968
2025-01-09 23:05:33 - INFO - Balanced Accuracy: 0.5100
2025-01-09 23:05:33 - INFO - MCC: 0.0205
2025-01-09 23:05:33 - INFO - AUC: 0.5194
2025-01-09 23:05:35 - INFO - Precision final en Test: 0.4917
2025-01-09 23:05:35 - INFO - Importancia de características guardada en ./results/feature_importances_binary.csv.
2025-01-09 23:05:35 - INFO - Gráfico de importancia de características guardado.
2025-01-09 23:05:36 - INFO - Calculando valores SHAP...
2025-01-09 23:05:38 - INFO - SHAP analysis completado y guardado.
2025-01-09 23:05:38 - INFO - Señales generadas con umbral=0.75
2025-01-09 23:05:38 - INFO - Señales filtradas por tendencia.
2025-01-09 23:05:38 - INFO - Señales guardadas en: ./results/signals_binary.csv
2025-01-09 23:05:38 - INFO - === Proceso Completado con Éxito ===
