2025-01-29 19:26:22 - INFO - Datos cargados desde ML/data/processed/BTCUSDT_15m_processed.csv, filas: 257756
2025-01-29 19:26:22 - INFO - Columnas de indicadores existentes eliminadas: ['RSI', 'MACD', 'MACDs', 'MACDh', 'OBV', 'BBL', 'BBM', 'BBU', 'SMA_10', 'SMA_50', 'EMA_10', 'EMA_50']
2025-01-29 19:26:22 - INFO - Indicadores técnicos agregados. Filas antes: 257756, después: 257557 (descartadas: 199)
2025-01-29 19:26:22 - INFO - Columnas renombradas: {'RSI_14': 'RSI', 'MACD_12_26_9': 'MACD', 'MACDs_12_26_9': 'MACDs', 'MACDh_12_26_9': 'MACDh', 'BBL_20_2.0': 'BBL', 'BBM_20_2.0': 'BBM', 'BBU_20_2.0': 'BBU', 'STOCHk_14_3_3': 'STOCHk', 'STOCHd_14_3_3': 'STOCHd', 'CCI_14_0.015': 'CCI', 'SMA_10': 'SMA_10', 'SMA_50': 'SMA_50', 'SMA_200': 'SMA_200', 'EMA_10': 'EMA_10', 'EMA_50': 'EMA_50'}
2025-01-29 19:26:22 - INFO - Target binario con look_ahead=3, min_change=0.008
2025-01-29 19:26:22 - INFO - Distribución de clases (0=Vender, 1=Comprar):
target
1.0    16561
0.0    16210
Name: count, dtype: int64
2025-01-29 19:26:22 - INFO - Muestra de datos con target:
                        close  future_close  change_pct  target
open_time                                                      
2021-03-11 09:45:00  54474.27      55107.11    0.011617     1.0
2019-10-15 15:30:00   8250.14       8182.46   -0.008203     0.0
2020-07-27 23:00:00  11171.29      11029.96   -0.012651     0.0
2022-01-28 19:00:00  36885.31      37222.86    0.009151     1.0
2018-03-31 13:00:00   7110.00       7033.80   -0.010717     0.0
2020-05-15 14:45:00   9568.02       9468.57   -0.010394     0.0
2017-10-12 10:15:00   5145.01       5265.50    0.023419     1.0
2021-06-22 08:00:00  32296.87      31720.88   -0.017834     0.0
2021-03-04 07:45:00  49696.49      50431.68    0.014794     1.0
2021-09-09 12:30:00  45740.32      47121.92    0.030205     1.0
2025-01-29 19:26:22 - INFO - División de datos en Train/Test completada.
2025-01-29 19:26:22 - INFO - === Búsqueda de hiperparámetros (Optuna) en muestra de Training ===
2025-01-29 19:26:22 - INFO - No se han identificado características categóricas.
2025-01-29 19:26:22 - INFO - Columnas extra eliminadas: ['future_close', 'change_pct']
2025-01-29 19:26:22 - INFO - Dataset preparado: 19170 filas, 21 features (después de imputación).
2025-01-29 19:26:22 - INFO - Iniciando optimización en Optuna (precisión clase=1)...
2025-01-29 19:26:23 - INFO - Balance de clases tras SMOTETomek:
target
0.0    6891
1.0    6891
Name: count, dtype: int64
2025-01-29 19:26:24 - INFO - Balance de clases tras SMOTETomek:
target
0.0    6880
1.0    6880
Name: count, dtype: int64
2025-01-29 19:26:25 - INFO - Balance de clases tras SMOTETomek:
target
0.0    6819
1.0    6819
Name: count, dtype: int64
2025-01-29 19:26:25 - INFO - Balance de clases tras SMOTETomek:
target
0.0    6850
1.0    6850
Name: count, dtype: int64
2025-01-29 19:26:26 - INFO - Balance de clases tras SMOTETomek:
target
0.0    6909
1.0    6909
Name: count, dtype: int64
2025-01-29 19:26:27 - INFO - Balance de clases tras SMOTETomek:
target
0.0    6891
1.0    6891
Name: count, dtype: int64
2025-01-29 19:26:31 - INFO - Balance de clases tras SMOTETomek:
target
0.0    6880
1.0    6880
Name: count, dtype: int64
2025-01-29 19:26:36 - INFO - Balance de clases tras SMOTETomek:
target
0.0    6819
1.0    6819
Name: count, dtype: int64
2025-01-29 19:26:41 - INFO - Balance de clases tras SMOTETomek:
target
0.0    6850
1.0    6850
Name: count, dtype: int64
2025-01-29 19:26:45 - INFO - Balance de clases tras SMOTETomek:
target
0.0    6909
1.0    6909
Name: count, dtype: int64
2025-01-29 19:26:50 - INFO - Balance de clases tras SMOTETomek:
target
0.0    6891
1.0    6891
Name: count, dtype: int64
2025-01-29 19:26:53 - INFO - Balance de clases tras SMOTETomek:
target
0.0    6880
1.0    6880
Name: count, dtype: int64
2025-01-29 19:26:56 - INFO - Balance de clases tras SMOTETomek:
target
0.0    6819
1.0    6819
Name: count, dtype: int64
2025-01-29 19:27:00 - INFO - Balance de clases tras SMOTETomek:
target
0.0    6850
1.0    6850
Name: count, dtype: int64
2025-01-29 19:27:03 - INFO - Balance de clases tras SMOTETomek:
target
0.0    6909
1.0    6909
Name: count, dtype: int64
2025-01-29 19:27:06 - INFO - Balance de clases tras SMOTETomek:
target
0.0    6891
1.0    6891
Name: count, dtype: int64
2025-01-29 19:27:14 - INFO - Balance de clases tras SMOTETomek:
target
0.0    6880
1.0    6880
Name: count, dtype: int64
2025-01-29 19:27:22 - INFO - Balance de clases tras SMOTETomek:
target
0.0    6819
1.0    6819
Name: count, dtype: int64
2025-01-29 19:27:30 - INFO - Balance de clases tras SMOTETomek:
target
0.0    6850
1.0    6850
Name: count, dtype: int64
2025-01-29 19:27:39 - INFO - Balance de clases tras SMOTETomek:
target
0.0    6909
1.0    6909
Name: count, dtype: int64
2025-01-29 19:27:47 - INFO - Balance de clases tras SMOTETomek:
target
0.0    6891
1.0    6891
Name: count, dtype: int64
2025-01-29 19:27:48 - INFO - Balance de clases tras SMOTETomek:
target
0.0    6880
1.0    6880
Name: count, dtype: int64
2025-01-29 19:27:49 - INFO - Balance de clases tras SMOTETomek:
target
0.0    6819
1.0    6819
Name: count, dtype: int64
2025-01-29 19:27:50 - INFO - Balance de clases tras SMOTETomek:
target
0.0    6850
1.0    6850
Name: count, dtype: int64
2025-01-29 19:27:51 - INFO - Balance de clases tras SMOTETomek:
target
0.0    6909
1.0    6909
Name: count, dtype: int64
2025-01-29 19:27:52 - INFO - Balance de clases tras SMOTETomek:
target
0.0    6891
1.0    6891
Name: count, dtype: int64
2025-01-29 19:27:57 - INFO - Balance de clases tras SMOTETomek:
target
0.0    6880
1.0    6880
Name: count, dtype: int64
2025-01-29 19:28:03 - INFO - Balance de clases tras SMOTETomek:
target
0.0    6819
1.0    6819
Name: count, dtype: int64
2025-01-29 19:28:09 - INFO - Balance de clases tras SMOTETomek:
target
0.0    6850
1.0    6850
Name: count, dtype: int64
2025-01-29 19:28:14 - INFO - Balance de clases tras SMOTETomek:
target
0.0    6909
1.0    6909
Name: count, dtype: int64
2025-01-29 19:28:19 - INFO - Balance de clases tras SMOTETomek:
target
0.0    6891
1.0    6891
Name: count, dtype: int64
2025-01-29 19:28:23 - INFO - Balance de clases tras SMOTETomek:
target
0.0    6880
1.0    6880
Name: count, dtype: int64
2025-01-29 19:28:26 - INFO - Balance de clases tras SMOTETomek:
target
0.0    6819
1.0    6819
Name: count, dtype: int64
2025-01-29 19:28:33 - INFO - Balance de clases tras SMOTETomek:
target
0.0    6850
1.0    6850
Name: count, dtype: int64
2025-01-29 19:28:39 - INFO - Balance de clases tras SMOTETomek:
target
0.0    6909
1.0    6909
Name: count, dtype: int64
2025-01-29 19:28:43 - INFO - Mejor Precisión (clase=1): 0.6979
2025-01-29 19:28:43 - INFO - Mejores parámetros: {'max_depth': 11, 'learning_rate': 0.020107531049695957, 'n_estimators': 671, 'subsample': 0.9510846054797798, 'colsample_bytree': 0.6659133520917333, 'gamma': 0.3377937105460287, 'reg_alpha': 0.09006696587638663, 'reg_lambda': 0.6928383321248949}
2025-01-29 19:28:43 - INFO - === Entrenando Pipeline Final con TODO el Training ===
2025-01-29 19:28:43 - INFO - Columnas extra eliminadas: ['future_close', 'change_pct']
2025-01-29 19:28:43 - INFO - Dataset preparado: 21301 filas, 21 features (después de imputación).
2025-01-29 19:28:44 - INFO - Balance de clases tras SMOTETomek:
target
0.0    9633
1.0    9633
Name: count, dtype: int64
2025-01-29 19:28:50 - INFO - Pipeline final entrenado con scale_pos_weight=1.00
2025-01-29 19:28:50 - INFO - Pipeline completo guardado en: .ML/results/XGBoost_Binario_trained_pipeline.joblib
2025-01-29 19:28:50 - INFO - Parámetros guardados en: .ML/results/XGBoost_Binario_model_params.txt
2025-01-29 19:28:50 - INFO - Lista de features guardada en: .ML/results/XGBoost_Binario_feature_cols.txt
2025-01-29 19:28:50 - INFO - Columnas de indicadores existentes eliminadas: ['RSI', 'MACD', 'MACDs', 'MACDh', 'OBV', 'BBL', 'BBM', 'BBU', 'STOCHk', 'STOCHd', 'CCI', 'SMA_10', 'SMA_50', 'SMA_200', 'EMA_10', 'EMA_50']
2025-01-29 19:28:50 - INFO - Indicadores técnicos agregados. Filas antes: 11470, después: 11271 (descartadas: 199)
2025-01-29 19:28:50 - INFO - Columnas renombradas: {'RSI_14': 'RSI', 'MACD_12_26_9': 'MACD', 'MACDs_12_26_9': 'MACDs', 'MACDh_12_26_9': 'MACDh', 'BBL_20_2.0': 'BBL', 'BBM_20_2.0': 'BBM', 'BBU_20_2.0': 'BBU', 'STOCHk_14_3_3': 'STOCHk', 'STOCHd_14_3_3': 'STOCHd', 'CCI_14_0.015': 'CCI', 'SMA_10': 'SMA_10', 'SMA_50': 'SMA_50', 'SMA_200': 'SMA_200', 'EMA_10': 'EMA_10', 'EMA_50': 'EMA_50'}
2025-01-29 19:28:50 - INFO - Target binario con look_ahead=3, min_change=0.008
2025-01-29 19:28:50 - INFO - Distribución de clases (0=Vender, 1=Comprar):
target
1.0    4039
0.0    3957
Name: count, dtype: int64
2025-01-29 19:28:50 - INFO - Muestra de datos con target:
                        close  future_close  change_pct  target
open_time                                                      
2021-06-29 00:30:00  34983.64      34620.79   -0.010372     0.0
2022-07-12 06:15:00  19881.72      19619.36   -0.013196     0.0
2022-08-18 15:45:00  23452.28      22808.73   -0.027441     0.0
2024-04-10 13:45:00  68259.77      69623.99    0.019986     1.0
2021-05-24 19:45:00  39606.10      39170.00   -0.011011     0.0
2021-05-28 19:00:00  36472.65      35889.92   -0.015977     0.0
2024-08-04 16:15:00  58962.80      58332.01   -0.010698     0.0
2021-05-29 11:45:00  35375.00      34840.91   -0.015098     0.0
2022-06-06 01:30:00  30594.50      31541.42    0.030951     1.0
2022-09-02 16:45:00  20129.78      19833.72   -0.014708     0.0
2025-01-29 19:28:50 - INFO - Columnas extra eliminadas: ['change_pct', 'future_close']
2025-01-29 19:28:50 - INFO - Dataset preparado: 7996 filas, 21 features (después de imputación).
2025-01-29 19:28:50 - INFO - === Evaluación en Test ===
2025-01-29 19:28:51 - INFO - Matriz de confusión [0=Vender, 1=Comprar]:
[[1688 2269]
 [1829 2210]]
2025-01-29 19:28:51 - INFO - Reporte de Clasificación:
              precision    recall  f1-score   support

      Vender       0.48      0.43      0.45      3957
     Comprar       0.49      0.55      0.52      4039

    accuracy                           0.49      7996
   macro avg       0.49      0.49      0.49      7996
weighted avg       0.49      0.49      0.49      7996

2025-01-29 19:28:51 - INFO - Precision (clase=1): 0.4934
2025-01-29 19:28:51 - INFO - F1 (clase=1): 0.5189
2025-01-29 19:28:51 - INFO - Recall (clase=1): 0.5472
2025-01-29 19:28:51 - INFO - Balanced Accuracy: 0.4869
2025-01-29 19:28:51 - INFO - MCC: -0.0264
2025-01-29 19:28:51 - INFO - AUC: 0.4864
2025-01-29 19:28:52 - INFO - Precisión final en Test (clase=1): 0.4934
2025-01-29 19:28:52 - INFO - Importancia de características guardada en .ML/results/feature_importances_binary.csv.
2025-01-29 19:28:52 - INFO - Gráfico de importancia de características guardado.
2025-01-29 19:28:53 - INFO - Calculando valores SHAP...
