2025-01-09 22:49:19 - INFO - Datos cargados desde ML/data/processed/BTCUSDT_15m_processed.csv, filas: 254773
2025-01-09 22:49:19 - INFO - Columnas de indicadores existentes eliminadas: ['RSI', 'MACD', 'MACDs', 'MACDh', 'VWAP', 'OBV', 'BBL', 'BBM', 'BBU', 'ATR', 'STOCHk', 'STOCHd', 'CCI', 'SMA_10', 'SMA_50', 'EMA_10', 'EMA_50', 'SMA_200']
2025-01-09 22:49:19 - INFO - Indicadores técnicos agregados. Filas antes: 254773, después: 254574 (descartadas: 199)
2025-01-09 22:49:19 - INFO - Columnas renombradas: {'RSI_14': 'RSI', 'MACD_12_26_9': 'MACD', 'MACDs_12_26_9': 'MACDs', 'MACDh_12_26_9': 'MACDh', 'VWAP': 'VWAP', 'BBL_20_2.0': 'BBL', 'BBM_20_2.0': 'BBM', 'BBU_20_2.0': 'BBU', 'ATR_14': 'ATR', 'STOCHk_14_3_3': 'STOCHk', 'STOCHd_14_3_3': 'STOCHd', 'CCI_14_0.015': 'CCI', 'SMA_10': 'SMA_10', 'SMA_50': 'SMA_50', 'SMA_200': 'SMA_200', 'EMA_10': 'EMA_10', 'EMA_50': 'EMA_50'}
2025-01-09 22:49:19 - WARNING - Columna faltante 'VWAP' añadida con NaN.
2025-01-09 22:49:19 - WARNING - Columna faltante 'ATR' añadida con NaN.
2025-01-09 22:49:20 - INFO - Target binario con look_ahead=8, min_change=0.035
2025-01-09 22:49:20 - INFO - Distribución de clases (0=Vender, 1=Comprar):
target
0.0    2397
1.0    2310
Name: count, dtype: int64
2025-01-09 22:49:20 - INFO - Muestra de datos con target:
                        close  future_close  change_pct  target
open_time                                                      
2017-11-10 20:15:00   6369.99       6643.46    0.042931     1.0
2019-04-03 20:30:00   5184.61       4953.76   -0.044526     0.0
2018-02-01 15:00:00   9460.00       9106.22   -0.037397     0.0
2018-06-09 23:15:00   7613.68       7299.97   -0.041203     0.0
2019-06-27 20:30:00  10816.32      11294.84    0.044241     1.0
2017-12-23 09:00:00  13599.07      14149.98    0.040511     1.0
2019-05-30 19:30:00   8599.11       8226.20   -0.043366     0.0
2017-12-22 09:30:00  13764.10      13182.05   -0.042288     0.0
2018-03-15 07:30:00   7903.11       8202.76    0.037915     1.0
2017-12-10 22:15:00  14709.98      15248.73    0.036625     1.0
2025-01-09 22:49:20 - INFO - División de datos en Train/Test completada.
2025-01-09 22:49:20 - INFO - === Búsqueda de hiperparámetros (Optuna) en muestra de Training ===
2025-01-09 22:49:20 - INFO - No se han identificado características categóricas.
2025-01-09 22:49:20 - INFO - Columnas extra eliminadas: ['future_close', 'change_pct']
2025-01-09 22:49:20 - ERROR - Error en main(): Shape of passed values is (988, 21), indices imply (988, 23)
