2025-01-09 23:33:33 - INFO - Datos cargados desde ML/data/processed/BTCUSDT_15m_processed.csv, filas: 251947
2025-01-09 23:33:33 - INFO - Columnas de indicadores existentes eliminadas: ['RSI', 'MACD', 'MACDs', 'MACDh', 'OBV', 'BBL', 'BBM', 'BBU', 'SMA_10', 'SMA_50', 'EMA_10', 'EMA_50']
2025-01-09 23:33:33 - INFO - Indicadores técnicos agregados. Filas antes: 251947, después: 251748 (descartadas: 199)
2025-01-09 23:33:33 - INFO - Columnas renombradas: {'RSI_14': 'RSI', 'MACD_12_26_9': 'MACD', 'MACDs_12_26_9': 'MACDs', 'MACDh_12_26_9': 'MACDh', 'VWAP': 'VWAP', 'BBL_20_2.0': 'BBL', 'BBM_20_2.0': 'BBM', 'BBU_20_2.0': 'BBU', 'ATR_14': 'ATR', 'STOCHk_14_3_3': 'STOCHk', 'STOCHd_14_3_3': 'STOCHd', 'CCI_14_0.015': 'CCI', 'SMA_10': 'SMA_10', 'SMA_50': 'SMA_50', 'SMA_200': 'SMA_200', 'EMA_10': 'EMA_10', 'EMA_50': 'EMA_50'}
2025-01-09 23:33:33 - WARNING - Columna faltante 'VWAP' añadida con NaN.
2025-01-09 23:33:33 - WARNING - Columna faltante 'ATR' añadida con NaN.
2025-01-09 23:33:34 - INFO - Target binario con look_ahead=2, min_change=0.03
2025-01-09 23:33:34 - INFO - Distribución de clases (0=Vender, 1=Comprar):
target
0.0    636
1.0    554
Name: count, dtype: int64
2025-01-09 23:33:34 - INFO - Muestra de datos con target:
                        close  future_close  change_pct  target
open_time                                                      
2020-03-16 14:00:00   4854.66       5004.84    0.030935     1.0
2018-01-11 04:15:00  11952.20      13108.20    0.096719     1.0
2020-12-01 13:00:00  18181.46      18839.24    0.036179     1.0
2018-02-02 12:15:00   8100.00       8464.75    0.045031     1.0
2017-12-07 02:15:00  13136.75      13581.65    0.033867     1.0
2019-06-27 15:45:00  11830.00      11234.31   -0.050354     0.0
2018-06-13 15:45:00   6366.31       6155.00   -0.033192     0.0
2021-03-15 09:00:00  57523.89      55479.22   -0.035545     0.0
2018-05-12 09:15:00   8221.00       8501.83    0.034160     1.0
2017-12-19 20:30:00  17478.29      16903.04   -0.032912     0.0
2025-01-09 23:33:34 - INFO - División de datos en Train/Test completada.
2025-01-09 23:33:34 - INFO - === Búsqueda de hiperparámetros (Optuna) en muestra de Training ===
2025-01-09 23:33:34 - INFO - No se han identificado características categóricas.
2025-01-09 23:33:34 - INFO - Columnas extra eliminadas: ['future_close', 'change_pct']
2025-01-09 23:33:34 - WARNING - Estas columnas están 100% NaN y se eliminarán antes de imputar: ['VWAP', 'ATR']
2025-01-09 23:33:34 - INFO - Dataset preparado: 309 filas, 21 features (después de imputación).
2025-01-09 23:33:34 - INFO - Balance de clases tras SMOTETomek:
target
0.0    128
1.0    128
Name: count, dtype: int64
2025-01-09 23:33:34 - INFO - Balance de clases tras SMOTETomek:
target
0.0    128
1.0    128
Name: count, dtype: int64
2025-01-09 23:33:34 - INFO - Balance de clases tras SMOTETomek:
target
0.0    123
1.0    123
Name: count, dtype: int64
2025-01-09 23:33:34 - INFO - Balance de clases tras SMOTETomek:
target
0.0    123
1.0    123
Name: count, dtype: int64
2025-01-09 23:33:35 - INFO - Balance de clases tras SMOTETomek:
target
0.0    124
1.0    124
Name: count, dtype: int64
2025-01-09 23:33:35 - INFO - Balance de clases tras SMOTETomek:
target
0.0    124
1.0    124
Name: count, dtype: int64
2025-01-09 23:33:35 - INFO - Balance de clases tras SMOTETomek:
target
0.0    121
1.0    121
Name: count, dtype: int64
2025-01-09 23:33:36 - INFO - Balance de clases tras SMOTETomek:
target
0.0    127
1.0    127
Name: count, dtype: int64
2025-01-09 23:33:36 - INFO - Balance de clases tras SMOTETomek:
target
0.0    121
1.0    121
Name: count, dtype: int64
2025-01-09 23:33:36 - INFO - Balance de clases tras SMOTETomek:
target
0.0    128
1.0    128
Name: count, dtype: int64
2025-01-09 23:33:36 - INFO - Balance de clases tras SMOTETomek:
target
0.0    127
1.0    127
Name: count, dtype: int64
2025-01-09 23:33:36 - INFO - Balance de clases tras SMOTETomek:
target
0.0    123
1.0    123
Name: count, dtype: int64
2025-01-09 23:33:37 - INFO - Balance de clases tras SMOTETomek:
target
0.0    124
1.0    124
Name: count, dtype: int64
2025-01-09 23:33:37 - INFO - Balance de clases tras SMOTETomek:
target
0.0    128
1.0    128
Name: count, dtype: int64
2025-01-09 23:33:37 - INFO - Balance de clases tras SMOTETomek:
target
0.0    123
1.0    123
Name: count, dtype: int64
2025-01-09 23:33:37 - INFO - Balance de clases tras SMOTETomek:
target
0.0    121
1.0    121
Name: count, dtype: int64
2025-01-09 23:33:38 - INFO - Balance de clases tras SMOTETomek:
target
0.0    124
1.0    124
Name: count, dtype: int64
2025-01-09 23:33:38 - INFO - Balance de clases tras SMOTETomek:
target
0.0    127
1.0    127
Name: count, dtype: int64
2025-01-09 23:33:38 - INFO - Balance de clases tras SMOTETomek:
target
0.0    121
1.0    121
Name: count, dtype: int64
2025-01-09 23:33:38 - INFO - Balance de clases tras SMOTETomek:
target
0.0    127
1.0    127
Name: count, dtype: int64
2025-01-09 23:33:38 - INFO - Balance de clases tras SMOTETomek:
target
0.0    128
1.0    128
Name: count, dtype: int64
2025-01-09 23:33:38 - INFO - Balance de clases tras SMOTETomek:
target
0.0    128
1.0    128
Name: count, dtype: int64
2025-01-09 23:33:39 - INFO - Balance de clases tras SMOTETomek:
target
0.0    123
1.0    123
Name: count, dtype: int64
2025-01-09 23:33:39 - INFO - Balance de clases tras SMOTETomek:
target
0.0    123
1.0    123
Name: count, dtype: int64
2025-01-09 23:33:40 - INFO - Balance de clases tras SMOTETomek:
target
0.0    124
1.0    124
Name: count, dtype: int64
2025-01-09 23:33:40 - INFO - Balance de clases tras SMOTETomek:
target
0.0    124
1.0    124
Name: count, dtype: int64
2025-01-09 23:33:40 - INFO - Balance de clases tras SMOTETomek:
target
0.0    121
1.0    121
Name: count, dtype: int64
2025-01-09 23:33:41 - INFO - Balance de clases tras SMOTETomek:
target
0.0    121
1.0    121
Name: count, dtype: int64
2025-01-09 23:33:41 - INFO - Balance de clases tras SMOTETomek:
target
0.0    127
1.0    127
Name: count, dtype: int64
2025-01-09 23:33:42 - INFO - Balance de clases tras SMOTETomek:
target
0.0    127
1.0    127
Name: count, dtype: int64
2025-01-09 23:33:42 - INFO - Balance de clases tras SMOTETomek:
target
0.0    128
1.0    128
Name: count, dtype: int64
2025-01-09 23:33:43 - INFO - Balance de clases tras SMOTETomek:
target
0.0    123
1.0    123
Name: count, dtype: int64
2025-01-09 23:33:43 - INFO - Balance de clases tras SMOTETomek:
target
0.0    128
1.0    128
Name: count, dtype: int64
2025-01-09 23:33:43 - INFO - Balance de clases tras SMOTETomek:
target
0.0    124
1.0    124
Name: count, dtype: int64
2025-01-09 23:33:44 - INFO - Balance de clases tras SMOTETomek:
target
0.0    121
1.0    121
Name: count, dtype: int64
2025-01-09 23:33:44 - INFO - Balance de clases tras SMOTETomek:
target
0.0    123
1.0    123
Name: count, dtype: int64
2025-01-09 23:33:44 - INFO - Balance de clases tras SMOTETomek:
target
0.0    127
1.0    127
Name: count, dtype: int64
2025-01-09 23:33:45 - INFO - Balance de clases tras SMOTETomek:
target
0.0    128
1.0    128
Name: count, dtype: int64
2025-01-09 23:33:45 - INFO - Balance de clases tras SMOTETomek:
target
0.0    124
1.0    124
Name: count, dtype: int64
2025-01-09 23:33:46 - INFO - Balance de clases tras SMOTETomek:
target
0.0    123
1.0    123
Name: count, dtype: int64
2025-01-09 23:33:46 - INFO - Balance de clases tras SMOTETomek:
target
0.0    121
1.0    121
Name: count, dtype: int64
2025-01-09 23:33:46 - INFO - Balance de clases tras SMOTETomek:
target
0.0    124
1.0    124
Name: count, dtype: int64
2025-01-09 23:33:47 - INFO - Balance de clases tras SMOTETomek:
target
0.0    121
1.0    121
Name: count, dtype: int64
2025-01-09 23:33:47 - INFO - Balance de clases tras SMOTETomek:
target
0.0    127
1.0    127
Name: count, dtype: int64
2025-01-09 23:33:47 - INFO - Balance de clases tras SMOTETomek:
target
0.0    127
1.0    127
Name: count, dtype: int64
2025-01-09 23:33:48 - INFO - Balance de clases tras SMOTETomek:
target
0.0    128
1.0    128
Name: count, dtype: int64
2025-01-09 23:33:48 - INFO - Balance de clases tras SMOTETomek:
target
0.0    128
1.0    128
Name: count, dtype: int64
2025-01-09 23:33:48 - INFO - Balance de clases tras SMOTETomek:
target
0.0    123
1.0    123
Name: count, dtype: int64
2025-01-09 23:33:49 - INFO - Balance de clases tras SMOTETomek:
target
0.0    124
1.0    124
Name: count, dtype: int64
2025-01-09 23:33:49 - INFO - Balance de clases tras SMOTETomek:
target
0.0    123
1.0    123
Name: count, dtype: int64
2025-01-09 23:33:50 - INFO - Balance de clases tras SMOTETomek:
target
0.0    121
1.0    121
Name: count, dtype: int64
2025-01-09 23:33:50 - INFO - Balance de clases tras SMOTETomek:
target
0.0    127
1.0    127
Name: count, dtype: int64
2025-01-09 23:33:50 - INFO - Balance de clases tras SMOTETomek:
target
0.0    124
1.0    124
Name: count, dtype: int64
2025-01-09 23:33:51 - INFO - Balance de clases tras SMOTETomek:
target
0.0    128
1.0    128
Name: count, dtype: int64
2025-01-09 23:33:52 - INFO - Balance de clases tras SMOTETomek:
target
0.0    123
1.0    123
Name: count, dtype: int64
2025-01-09 23:33:52 - INFO - Balance de clases tras SMOTETomek:
target
0.0    121
1.0    121
Name: count, dtype: int64
2025-01-09 23:33:52 - INFO - Balance de clases tras SMOTETomek:
target
0.0    124
1.0    124
Name: count, dtype: int64
2025-01-09 23:33:53 - INFO - Balance de clases tras SMOTETomek:
target
0.0    121
1.0    121
Name: count, dtype: int64
2025-01-09 23:33:53 - INFO - Balance de clases tras SMOTETomek:
target
0.0    127
1.0    127
Name: count, dtype: int64
2025-01-09 23:33:53 - INFO - Balance de clases tras SMOTETomek:
target
0.0    127
1.0    127
Name: count, dtype: int64
2025-01-09 23:33:54 - INFO - Balance de clases tras SMOTETomek:
target
0.0    128
1.0    128
Name: count, dtype: int64
2025-01-09 23:33:54 - INFO - Balance de clases tras SMOTETomek:
target
0.0    123
1.0    123
Name: count, dtype: int64
2025-01-09 23:33:54 - INFO - Balance de clases tras SMOTETomek:
target
0.0    128
1.0    128
Name: count, dtype: int64
2025-01-09 23:33:55 - INFO - Balance de clases tras SMOTETomek:
target
0.0    124
1.0    124
Name: count, dtype: int64
2025-01-09 23:33:55 - INFO - Balance de clases tras SMOTETomek:
target
0.0    123
1.0    123
Name: count, dtype: int64
2025-01-09 23:33:55 - INFO - Balance de clases tras SMOTETomek:
target
0.0    121
1.0    121
Name: count, dtype: int64
2025-01-09 23:33:55 - INFO - Balance de clases tras SMOTETomek:
target
0.0    124
1.0    124
Name: count, dtype: int64
2025-01-09 23:33:56 - INFO - Balance de clases tras SMOTETomek:
target
0.0    127
1.0    127
Name: count, dtype: int64
2025-01-09 23:33:56 - INFO - Balance de clases tras SMOTETomek:
target
0.0    121
1.0    121
Name: count, dtype: int64
2025-01-09 23:33:56 - INFO - Balance de clases tras SMOTETomek:
target
0.0    128
1.0    128
Name: count, dtype: int64
2025-01-09 23:33:56 - INFO - Balance de clases tras SMOTETomek:
target
0.0    127
1.0    127
Name: count, dtype: int64
2025-01-09 23:33:57 - INFO - Balance de clases tras SMOTETomek:
target
0.0    123
1.0    123
Name: count, dtype: int64
2025-01-09 23:33:57 - INFO - Balance de clases tras SMOTETomek:
target
0.0    124
1.0    124
Name: count, dtype: int64
2025-01-09 23:33:58 - INFO - Balance de clases tras SMOTETomek:
target
0.0    121
1.0    121
Name: count, dtype: int64
2025-01-09 23:33:58 - INFO - Balance de clases tras SMOTETomek:
target
0.0    127
1.0    127
Name: count, dtype: int64
2025-01-09 23:33:59 - INFO - Mejor Precision: 0.6609
2025-01-09 23:33:59 - INFO - Mejores parámetros: {'max_depth': 7, 'learning_rate': 0.00384349958260876, 'n_estimators': 236, 'subsample': 0.8085712744843165, 'colsample_bytree': 0.7258382616717018, 'gamma': 0.5596079832223838, 'reg_alpha': 0.18898404560243842, 'reg_lambda': 0.3139120368376397}
2025-01-09 23:33:59 - INFO - === Entrenando Pipeline Final con TODO el Training ===
2025-01-09 23:33:59 - INFO - Columnas extra eliminadas: ['future_close', 'change_pct']
2025-01-09 23:33:59 - WARNING - Estas columnas están 100% NaN y se eliminarán antes de imputar: ['VWAP', 'ATR']
2025-01-09 23:33:59 - INFO - Dataset preparado: 773 filas, 21 features (después de imputación).
2025-01-09 23:33:59 - INFO - Balance de clases tras SMOTETomek:
target
0.0    372
1.0    372
Name: count, dtype: int64
2025-01-09 23:34:00 - INFO - Pipeline final entrenado con TODOS los datos de entrenamiento.
2025-01-09 23:34:00 - INFO - Pipeline completo guardado en: ./results/XGBoost_Binario_trained_pipeline.joblib
2025-01-09 23:34:00 - INFO - Parámetros guardados en: ./results/XGBoost_Binario_model_params.txt
2025-01-09 23:34:00 - INFO - Lista de features guardada en: ./results/XGBoost_Binario_feature_cols.txt
2025-01-09 23:34:00 - INFO - Columnas de indicadores existentes eliminadas: ['RSI', 'MACD', 'MACDs', 'MACDh', 'VWAP', 'OBV', 'BBL', 'BBM', 'BBU', 'ATR', 'STOCHk', 'STOCHd', 'CCI', 'SMA_10', 'SMA_50', 'SMA_200', 'EMA_10', 'EMA_50']
2025-01-09 23:34:00 - INFO - Indicadores técnicos agregados. Filas antes: 417, después: 218 (descartadas: 199)
2025-01-09 23:34:00 - INFO - Columnas renombradas: {'RSI_14': 'RSI', 'MACD_12_26_9': 'MACD', 'MACDs_12_26_9': 'MACDs', 'MACDh_12_26_9': 'MACDh', 'VWAP': 'VWAP', 'BBL_20_2.0': 'BBL', 'BBM_20_2.0': 'BBM', 'BBU_20_2.0': 'BBU', 'ATR_14': 'ATR', 'STOCHk_14_3_3': 'STOCHk', 'STOCHd_14_3_3': 'STOCHd', 'CCI_14_0.015': 'CCI', 'SMA_10': 'SMA_10', 'SMA_50': 'SMA_50', 'SMA_200': 'SMA_200', 'EMA_10': 'EMA_10', 'EMA_50': 'EMA_50'}
2025-01-09 23:34:00 - WARNING - Columna faltante 'VWAP' añadida con NaN.
2025-01-09 23:34:00 - WARNING - Columna faltante 'ATR' añadida con NaN.
2025-01-09 23:34:00 - INFO - Target binario con look_ahead=2, min_change=0.03
2025-01-09 23:34:00 - INFO - Distribución de clases (0=Vender, 1=Comprar):
target
0.0    86
1.0    76
Name: count, dtype: int64
2025-01-09 23:34:00 - INFO - Muestra de datos con target:
                        close  future_close  change_pct  target
open_time                                                      
2022-11-08 17:30:00  19766.41      18600.51   -0.058984     0.0
2024-01-03 11:30:00  44498.77      47918.36    0.076847     1.0
2023-10-16 13:15:00  29330.53      32182.71    0.097243     1.0
2021-05-19 12:45:00  35234.62      33601.85   -0.046340     0.0
2024-04-19 06:15:00  62007.34      56174.02   -0.094075     0.0
2021-05-23 12:15:00  35031.00      31326.56   -0.105747     0.0
2024-04-13 19:45:00  64788.01      62007.34   -0.042920     0.0
2023-08-17 21:00:00  27598.00      25188.01   -0.087325     0.0
2021-09-07 14:30:00  49798.10      44669.25   -0.102993     0.0
2021-04-18 02:45:00  58804.21      51048.59   -0.131889     0.0
2025-01-09 23:34:00 - INFO - Columnas extra eliminadas: ['change_pct', 'future_close']
2025-01-09 23:34:00 - WARNING - Estas columnas están 100% NaN y se eliminarán antes de imputar: ['VWAP', 'ATR']
2025-01-09 23:34:00 - INFO - Dataset preparado: 162 filas, 21 features (después de imputación).
2025-01-09 23:34:00 - INFO - === Evaluación en Test ===
2025-01-09 23:34:00 - INFO - Matriz de confusión [0=Vender, 1=Comprar]:
[[30 56]
 [31 45]]
2025-01-09 23:34:00 - INFO - Reporte de Clasificación:
              precision    recall  f1-score   support

      Vender       0.49      0.35      0.41        86
     Comprar       0.45      0.59      0.51        76

    accuracy                           0.46       162
   macro avg       0.47      0.47      0.46       162
weighted avg       0.47      0.46      0.46       162

2025-01-09 23:34:00 - INFO - Precision: 0.4455
2025-01-09 23:34:00 - INFO - F1-score: 0.5085
2025-01-09 23:34:00 - INFO - Recall: 0.5921
2025-01-09 23:34:00 - INFO - Balanced Accuracy: 0.4705
2025-01-09 23:34:00 - INFO - MCC: -0.0608
2025-01-09 23:34:00 - INFO - AUC: 0.5335
2025-01-09 23:34:01 - INFO - Precision final en Test: 0.4455
2025-01-09 23:34:01 - INFO - Importancia de características guardada en ./results/feature_importances_binary.csv.
2025-01-09 23:34:01 - INFO - Gráfico de importancia de características guardado.
2025-01-09 23:34:02 - INFO - Calculando valores SHAP...
2025-01-09 23:34:03 - INFO - SHAP analysis completado y guardado.
2025-01-09 23:34:03 - INFO - Señales generadas con umbral=0.72
2025-01-09 23:34:03 - INFO - Señales filtradas por tendencia.
2025-01-09 23:34:03 - INFO - Señales guardadas en: ./results/signals_binary.csv
2025-01-09 23:34:03 - INFO - === Proceso Completado con Éxito ===
