2025-01-10 00:07:57 - INFO - Datos cargados desde ML/data/processed/BTCUSDT_15m_processed.csv, filas: 254923
2025-01-10 00:07:58 - INFO - Columnas de indicadores existentes eliminadas: ['RSI', 'MACD', 'MACDs', 'MACDh', 'OBV', 'BBL', 'BBM', 'BBU', 'SMA_10', 'SMA_50', 'EMA_10', 'EMA_50']
2025-01-10 00:07:58 - INFO - Indicadores técnicos agregados. Filas antes: 254923, después: 254724 (descartadas: 199)
2025-01-10 00:07:58 - INFO - Columnas renombradas: {'RSI_14': 'RSI', 'MACD_12_26_9': 'MACD', 'MACDs_12_26_9': 'MACDs', 'MACDh_12_26_9': 'MACDh', 'VWAP': 'VWAP', 'BBL_20_2.0': 'BBL', 'BBM_20_2.0': 'BBM', 'BBU_20_2.0': 'BBU', 'ATR_14': 'ATR', 'STOCHk_14_3_3': 'STOCHk', 'STOCHd_14_3_3': 'STOCHd', 'CCI_14_0.015': 'CCI', 'SMA_10': 'SMA_10', 'SMA_50': 'SMA_50', 'SMA_200': 'SMA_200', 'EMA_10': 'EMA_10', 'EMA_50': 'EMA_50'}
2025-01-10 00:07:58 - WARNING - Columna faltante 'VWAP' añadida con NaN.
2025-01-10 00:07:58 - WARNING - Columna faltante 'ATR' añadida con NaN.
2025-01-10 00:07:58 - INFO - Target binario con look_ahead=4, min_change=0.04
2025-01-10 00:07:58 - INFO - Distribución de clases (0=Vender, 1=Comprar):
target
0.0    712
1.0    637
Name: count, dtype: int64
2025-01-10 00:07:58 - INFO - Muestra de datos con target:
                        close  future_close  change_pct  target
open_time                                                      
2017-09-15 05:30:00   3270.00       3111.01   -0.048621     0.0
2020-03-13 23:00:00   5688.30       5452.28   -0.041492     0.0
2020-03-13 00:00:00   4818.80       4612.40   -0.042832     0.0
2018-03-09 01:00:00   9341.00       8920.00   -0.045070     0.0
2021-01-29 08:15:00  32018.33      37495.78    0.171072     1.0
2017-09-16 09:15:00   3790.04       3621.05   -0.044588     0.0
2018-12-04 05:45:00   3819.86       3995.00    0.045850     1.0
2017-12-10 00:15:00  14259.76      13605.02   -0.045915     0.0
2019-08-25 23:15:00  10100.10      10524.47    0.042016     1.0
2018-01-21 06:30:00  11991.00      11360.00   -0.052623     0.0
2025-01-10 00:07:58 - INFO - División de datos en Train/Test completada.
2025-01-10 00:07:58 - INFO - === Búsqueda de hiperparámetros (Optuna) en muestra de Training ===
2025-01-10 00:07:58 - INFO - No se han identificado características categóricas.
2025-01-10 00:07:58 - INFO - Columnas extra eliminadas: ['future_close', 'change_pct']
2025-01-10 00:07:58 - WARNING - Estas columnas están 100% NaN y se eliminarán antes de imputar: ['VWAP', 'ATR']
2025-01-10 00:07:58 - INFO - Dataset preparado: 377 filas, 21 features (después de imputación).
2025-01-10 00:07:58 - INFO - Balance de clases tras SMOTETomek:
target
0.0    158
1.0    158
Name: count, dtype: int64
2025-01-10 00:07:58 - INFO - Balance de clases tras SMOTETomek:
target
0.0    158
1.0    158
Name: count, dtype: int64
2025-01-10 00:07:58 - INFO - Balance de clases tras SMOTETomek:
target
0.0    155
1.0    155
Name: count, dtype: int64
2025-01-10 00:07:59 - INFO - Balance de clases tras SMOTETomek:
target
0.0    157
1.0    157
Name: count, dtype: int64
2025-01-10 00:07:59 - INFO - Balance de clases tras SMOTETomek:
target
0.0    157
1.0    157
Name: count, dtype: int64
2025-01-10 00:07:59 - INFO - Balance de clases tras SMOTETomek:
target
0.0    155
1.0    155
Name: count, dtype: int64
2025-01-10 00:07:59 - INFO - Balance de clases tras SMOTETomek:
target
0.0    158
1.0    158
Name: count, dtype: int64
2025-01-10 00:08:00 - INFO - Balance de clases tras SMOTETomek:
target
0.0    158
1.0    158
Name: count, dtype: int64
2025-01-10 00:08:00 - INFO - Balance de clases tras SMOTETomek:
target
0.0    155
1.0    155
Name: count, dtype: int64
2025-01-10 00:08:00 - INFO - Balance de clases tras SMOTETomek:
target
0.0    157
1.0    157
Name: count, dtype: int64
2025-01-10 00:08:00 - INFO - Balance de clases tras SMOTETomek:
target
0.0    157
1.0    157
Name: count, dtype: int64
2025-01-10 00:08:01 - INFO - Balance de clases tras SMOTETomek:
target
0.0    157
1.0    157
Name: count, dtype: int64
2025-01-10 00:08:01 - INFO - Balance de clases tras SMOTETomek:
target
0.0    157
1.0    157
Name: count, dtype: int64
2025-01-10 00:08:01 - INFO - Balance de clases tras SMOTETomek:
target
0.0    158
1.0    158
Name: count, dtype: int64
2025-01-10 00:08:01 - INFO - Balance de clases tras SMOTETomek:
target
0.0    158
1.0    158
Name: count, dtype: int64
2025-01-10 00:08:01 - INFO - Balance de clases tras SMOTETomek:
target
0.0    155
1.0    155
Name: count, dtype: int64
2025-01-10 00:08:02 - INFO - Balance de clases tras SMOTETomek:
target
0.0    158
1.0    158
Name: count, dtype: int64
2025-01-10 00:08:02 - INFO - Balance de clases tras SMOTETomek:
target
0.0    157
1.0    157
Name: count, dtype: int64
2025-01-10 00:08:02 - INFO - Balance de clases tras SMOTETomek:
target
0.0    157
1.0    157
Name: count, dtype: int64
2025-01-10 00:08:02 - INFO - Balance de clases tras SMOTETomek:
target
0.0    158
1.0    158
Name: count, dtype: int64
2025-01-10 00:08:03 - INFO - Balance de clases tras SMOTETomek:
target
0.0    158
1.0    158
Name: count, dtype: int64
2025-01-10 00:08:03 - INFO - Balance de clases tras SMOTETomek:
target
0.0    158
1.0    158
Name: count, dtype: int64
2025-01-10 00:08:03 - INFO - Balance de clases tras SMOTETomek:
target
0.0    155
1.0    155
Name: count, dtype: int64
2025-01-10 00:08:03 - INFO - Balance de clases tras SMOTETomek:
target
0.0    155
1.0    155
Name: count, dtype: int64
2025-01-10 00:08:04 - INFO - Balance de clases tras SMOTETomek:
target
0.0    157
1.0    157
Name: count, dtype: int64
2025-01-10 00:08:04 - INFO - Balance de clases tras SMOTETomek:
target
0.0    157
1.0    157
Name: count, dtype: int64
2025-01-10 00:08:05 - INFO - Balance de clases tras SMOTETomek:
target
0.0    157
1.0    157
Name: count, dtype: int64
2025-01-10 00:08:05 - INFO - Balance de clases tras SMOTETomek:
target
0.0    158
1.0    158
Name: count, dtype: int64
2025-01-10 00:08:05 - INFO - Balance de clases tras SMOTETomek:
target
0.0    158
1.0    158
Name: count, dtype: int64
2025-01-10 00:08:06 - INFO - Balance de clases tras SMOTETomek:
target
0.0    157
1.0    157
Name: count, dtype: int64
2025-01-10 00:08:06 - INFO - Balance de clases tras SMOTETomek:
target
0.0    155
1.0    155
Name: count, dtype: int64
2025-01-10 00:08:07 - INFO - Balance de clases tras SMOTETomek:
target
0.0    158
1.0    158
Name: count, dtype: int64
2025-01-10 00:08:07 - INFO - Balance de clases tras SMOTETomek:
target
0.0    157
1.0    157
Name: count, dtype: int64
2025-01-10 00:08:08 - INFO - Balance de clases tras SMOTETomek:
target
0.0    158
1.0    158
Name: count, dtype: int64
2025-01-10 00:08:08 - INFO - Balance de clases tras SMOTETomek:
target
0.0    157
1.0    157
Name: count, dtype: int64
2025-01-10 00:08:08 - INFO - Balance de clases tras SMOTETomek:
target
0.0    155
1.0    155
Name: count, dtype: int64
2025-01-10 00:08:09 - INFO - Balance de clases tras SMOTETomek:
target
0.0    157
1.0    157
Name: count, dtype: int64
2025-01-10 00:08:09 - INFO - Balance de clases tras SMOTETomek:
target
0.0    158
1.0    158
Name: count, dtype: int64
2025-01-10 00:08:09 - INFO - Balance de clases tras SMOTETomek:
target
0.0    157
1.0    157
Name: count, dtype: int64
2025-01-10 00:08:10 - INFO - Balance de clases tras SMOTETomek:
target
0.0    158
1.0    158
Name: count, dtype: int64
2025-01-10 00:08:10 - INFO - Balance de clases tras SMOTETomek:
target
0.0    158
1.0    158
Name: count, dtype: int64
2025-01-10 00:08:10 - INFO - Balance de clases tras SMOTETomek:
target
0.0    155
1.0    155
Name: count, dtype: int64
2025-01-10 00:08:10 - INFO - Balance de clases tras SMOTETomek:
target
0.0    158
1.0    158
Name: count, dtype: int64
2025-01-10 00:08:10 - INFO - Balance de clases tras SMOTETomek:
target
0.0    157
1.0    157
Name: count, dtype: int64
2025-01-10 00:08:11 - INFO - Balance de clases tras SMOTETomek:
target
0.0    157
1.0    157
Name: count, dtype: int64
2025-01-10 00:08:11 - INFO - Balance de clases tras SMOTETomek:
target
0.0    155
1.0    155
Name: count, dtype: int64
2025-01-10 00:08:11 - INFO - Balance de clases tras SMOTETomek:
target
0.0    158
1.0    158
Name: count, dtype: int64
2025-01-10 00:08:11 - INFO - Balance de clases tras SMOTETomek:
target
0.0    157
1.0    157
Name: count, dtype: int64
2025-01-10 00:08:11 - INFO - Balance de clases tras SMOTETomek:
target
0.0    158
1.0    158
Name: count, dtype: int64
2025-01-10 00:08:12 - INFO - Balance de clases tras SMOTETomek:
target
0.0    157
1.0    157
Name: count, dtype: int64
2025-01-10 00:08:12 - INFO - Balance de clases tras SMOTETomek:
target
0.0    158
1.0    158
Name: count, dtype: int64
2025-01-10 00:08:13 - INFO - Balance de clases tras SMOTETomek:
target
0.0    155
1.0    155
Name: count, dtype: int64
2025-01-10 00:08:13 - INFO - Balance de clases tras SMOTETomek:
target
0.0    158
1.0    158
Name: count, dtype: int64
2025-01-10 00:08:14 - INFO - Balance de clases tras SMOTETomek:
target
0.0    157
1.0    157
Name: count, dtype: int64
2025-01-10 00:08:14 - INFO - Balance de clases tras SMOTETomek:
target
0.0    155
1.0    155
Name: count, dtype: int64
2025-01-10 00:08:15 - INFO - Balance de clases tras SMOTETomek:
target
0.0    157
1.0    157
Name: count, dtype: int64
2025-01-10 00:08:15 - INFO - Balance de clases tras SMOTETomek:
target
0.0    157
1.0    157
Name: count, dtype: int64
2025-01-10 00:08:16 - INFO - Balance de clases tras SMOTETomek:
target
0.0    158
1.0    158
Name: count, dtype: int64
2025-01-10 00:08:16 - INFO - Balance de clases tras SMOTETomek:
target
0.0    157
1.0    157
Name: count, dtype: int64
2025-01-10 00:08:17 - INFO - Balance de clases tras SMOTETomek:
target
0.0    158
1.0    158
Name: count, dtype: int64
2025-01-10 00:08:18 - INFO - Balance de clases tras SMOTETomek:
target
0.0    158
1.0    158
Name: count, dtype: int64
2025-01-10 00:08:18 - INFO - Balance de clases tras SMOTETomek:
target
0.0    155
1.0    155
Name: count, dtype: int64
2025-01-10 00:08:19 - INFO - Balance de clases tras SMOTETomek:
target
0.0    158
1.0    158
Name: count, dtype: int64
2025-01-10 00:08:19 - INFO - Balance de clases tras SMOTETomek:
target
0.0    157
1.0    157
Name: count, dtype: int64
2025-01-10 00:08:19 - INFO - Balance de clases tras SMOTETomek:
target
0.0    155
1.0    155
Name: count, dtype: int64
2025-01-10 00:08:20 - INFO - Balance de clases tras SMOTETomek:
target
0.0    157
1.0    157
Name: count, dtype: int64
2025-01-10 00:08:20 - INFO - Balance de clases tras SMOTETomek:
target
0.0    157
1.0    157
Name: count, dtype: int64
2025-01-10 00:08:20 - INFO - Balance de clases tras SMOTETomek:
target
0.0    157
1.0    157
Name: count, dtype: int64
2025-01-10 00:08:21 - INFO - Balance de clases tras SMOTETomek:
target
0.0    158
1.0    158
Name: count, dtype: int64
2025-01-10 00:08:21 - INFO - Balance de clases tras SMOTETomek:
target
0.0    158
1.0    158
Name: count, dtype: int64
2025-01-10 00:08:21 - INFO - Balance de clases tras SMOTETomek:
target
0.0    158
1.0    158
Name: count, dtype: int64
2025-01-10 00:08:22 - INFO - Balance de clases tras SMOTETomek:
target
0.0    155
1.0    155
Name: count, dtype: int64
2025-01-10 00:08:22 - INFO - Balance de clases tras SMOTETomek:
target
0.0    157
1.0    157
Name: count, dtype: int64
2025-01-10 00:08:23 - INFO - Balance de clases tras SMOTETomek:
target
0.0    157
1.0    157
Name: count, dtype: int64
2025-01-10 00:08:24 - INFO - Balance de clases tras SMOTETomek:
target
0.0    158
1.0    158
Name: count, dtype: int64
2025-01-10 00:08:24 - INFO - Mejor Precision: 0.8348
2025-01-10 00:08:24 - INFO - Mejores parámetros: {'max_depth': 7, 'learning_rate': 0.07729245650434209, 'n_estimators': 295, 'subsample': 0.6728271187852076, 'colsample_bytree': 0.6873468297612376, 'gamma': 0.2457317996047308, 'reg_alpha': 0.4260606165825722, 'reg_lambda': 0.6327617185871862}
2025-01-10 00:08:24 - INFO - === Entrenando Pipeline Final con TODO el Training ===
2025-01-10 00:08:24 - INFO - Columnas extra eliminadas: ['future_close', 'change_pct']
2025-01-10 00:08:24 - WARNING - Estas columnas están 100% NaN y se eliminarán antes de imputar: ['VWAP', 'ATR']
2025-01-10 00:08:24 - INFO - Dataset preparado: 944 filas, 21 features (después de imputación).
2025-01-10 00:08:24 - INFO - Balance de clases tras SMOTETomek:
target
0.0    469
1.0    469
Name: count, dtype: int64
2025-01-10 00:08:25 - INFO - Pipeline final entrenado con TODOS los datos de entrenamiento.
2025-01-10 00:08:25 - INFO - Pipeline completo guardado en: ./results/XGBoost_Binario_trained_pipeline.joblib
2025-01-10 00:08:25 - INFO - Parámetros guardados en: ./results/XGBoost_Binario_model_params.txt
2025-01-10 00:08:25 - INFO - Lista de features guardada en: ./results/XGBoost_Binario_feature_cols.txt
2025-01-10 00:08:25 - INFO - Columnas de indicadores existentes eliminadas: ['RSI', 'MACD', 'MACDs', 'MACDh', 'VWAP', 'OBV', 'BBL', 'BBM', 'BBU', 'ATR', 'STOCHk', 'STOCHd', 'CCI', 'SMA_10', 'SMA_50', 'SMA_200', 'EMA_10', 'EMA_50']
2025-01-10 00:08:25 - INFO - Indicadores técnicos agregados. Filas antes: 405, después: 206 (descartadas: 199)
2025-01-10 00:08:25 - INFO - Columnas renombradas: {'RSI_14': 'RSI', 'MACD_12_26_9': 'MACD', 'MACDs_12_26_9': 'MACDs', 'MACDh_12_26_9': 'MACDh', 'VWAP': 'VWAP', 'BBL_20_2.0': 'BBL', 'BBM_20_2.0': 'BBM', 'BBU_20_2.0': 'BBU', 'ATR_14': 'ATR', 'STOCHk_14_3_3': 'STOCHk', 'STOCHd_14_3_3': 'STOCHd', 'CCI_14_0.015': 'CCI', 'SMA_10': 'SMA_10', 'SMA_50': 'SMA_50', 'SMA_200': 'SMA_200', 'EMA_10': 'EMA_10', 'EMA_50': 'EMA_50'}
2025-01-10 00:08:25 - WARNING - Columna faltante 'VWAP' añadida con NaN.
2025-01-10 00:08:25 - WARNING - Columna faltante 'ATR' añadida con NaN.
2025-01-10 00:08:25 - INFO - Target binario con look_ahead=4, min_change=0.04
2025-01-10 00:08:25 - INFO - Distribución de clases (0=Vender, 1=Comprar):
target
1.0    82
0.0    78
Name: count, dtype: int64
2025-01-10 00:08:25 - INFO - Muestra de datos con target:
                        close  future_close  change_pct  target
open_time                                                      
2022-05-05 14:00:00  38872.41      31533.15   -0.188804     0.0
2024-01-11 15:00:00  48038.63      63988.37    0.332019     1.0
2023-03-13 14:00:00  22918.82      24639.76    0.075089     1.0
2023-03-14 12:00:00  24702.98      27358.05    0.107480     1.0
2022-06-18 05:45:00  20424.05      17719.50   -0.132420     0.0
2024-08-05 13:15:00  49732.57      61586.42    0.238352     1.0
2022-11-10 12:30:00  16589.28      17460.07    0.052491     1.0
2023-03-13 13:15:00  22439.78      23355.06    0.040788     1.0
2022-07-27 17:45:00  21620.55      22522.74    0.041728     1.0
2021-07-26 19:45:00  39365.15      49977.32    0.269583     1.0
2025-01-10 00:08:25 - INFO - Columnas extra eliminadas: ['change_pct', 'future_close']
2025-01-10 00:08:25 - WARNING - Estas columnas están 100% NaN y se eliminarán antes de imputar: ['VWAP', 'ATR']
2025-01-10 00:08:25 - INFO - Dataset preparado: 160 filas, 21 features (después de imputación).
2025-01-10 00:08:25 - INFO - === Evaluación en Test ===
2025-01-10 00:08:25 - INFO - Matriz de confusión [0=Vender, 1=Comprar]:
[[39 39]
 [50 32]]
2025-01-10 00:08:25 - INFO - Reporte de Clasificación:
              precision    recall  f1-score   support

      Vender       0.44      0.50      0.47        78
     Comprar       0.45      0.39      0.42        82

    accuracy                           0.44       160
   macro avg       0.44      0.45      0.44       160
weighted avg       0.44      0.44      0.44       160

2025-01-10 00:08:25 - INFO - Precision: 0.4507
2025-01-10 00:08:25 - INFO - F1-score: 0.4183
2025-01-10 00:08:25 - INFO - Recall: 0.3902
2025-01-10 00:08:25 - INFO - Balanced Accuracy: 0.4451
2025-01-10 00:08:25 - INFO - MCC: -0.1104
2025-01-10 00:08:25 - INFO - AUC: 0.4484
2025-01-10 00:08:26 - INFO - Precision final en Test: 0.4507
2025-01-10 00:08:26 - INFO - Importancia de características guardada en ./results/feature_importances_binary.csv.
2025-01-10 00:08:27 - INFO - Gráfico de importancia de características guardado.
2025-01-10 00:08:27 - INFO - Calculando valores SHAP...
2025-01-10 00:08:28 - INFO - SHAP analysis completado y guardado.
2025-01-10 00:08:28 - INFO - Señales generadas con umbral=0.76
2025-01-10 00:08:28 - INFO - Señales filtradas por tendencia.
2025-01-10 00:08:28 - INFO - Señales guardadas en: ./results/signals_binary.csv
2025-01-10 00:08:28 - INFO - === Proceso Completado con Éxito ===
