2025-01-03 00:01:21 - INFO - Datos cargados desde ML/data/processed/BTCUSDT_15m_processed.csv, filas: 251947
2025-01-03 00:01:21 - INFO - Columnas de indicadores técnicos existentes eliminadas: ['OBV']
2025-01-03 00:01:22 - INFO - Indicadores técnicos agregados al DataFrame. Filas antes: 251947, después: 251898
2025-01-03 00:01:22 - INFO - Columnas después de agregar indicadores técnicos: ['open', 'high', 'low', 'close', 'volume', 'close_time', 'quote_asset_volume', 'number_of_trades', 'taker_buy_base_asset_volume', 'taker_buy_quote_asset_volume', 'ignore', 'RSI_14', 'MACD_12_26_9', 'MACDh_12_26_9', 'MACDs_12_26_9', 'SMA_10', 'SMA_50', 'EMA_10', 'EMA_50', 'VWAP_D', 'BBL_20_2.0', 'BBM_20_2.0', 'BBU_20_2.0', 'BBB_20_2.0', 'BBP_20_2.0', 'ATRr_14', 'STOCHk_14_3_3', 'STOCHd_14_3_3', 'CCI_14_0.015', 'hour_of_day', 'day_of_week', 'is_weekend', 'RSI_14_', 'MACD_12_26_9_', 'MACDh_12_26_9_', 'MACDs_12_26_9_', 'SMA_10_', 'SMA_50_', 'EMA_10_', 'EMA_50_', 'VWAP_D_', 'OBV_', 'BBL_20_2.0_', 'BBM_20_2.0_', 'BBU_20_2.0_', 'BBB_20_2.0_', 'BBP_20_2.0_', 'ATRr_14_', 'STOCHk_14_3_3_', 'STOCHd_14_3_3_', 'CCI_14_0.015_']
2025-01-03 00:01:22 - INFO - Columnas renombradas: {'RSI_14': 'RSI', 'RSI_14_': 'RSI_', 'MACD_12_26_9': 'MACD', 'MACD_12_26_9_': 'MACD_', 'MACDh_12_26_9': 'MACDh', 'MACDh_12_26_9_': 'MACDh_', 'MACDs_12_26_9': 'MACDs', 'MACDs_12_26_9_': 'MACDs_', 'VWAP_D': 'VWAP', 'VWAP_D_': 'VWAP_', 'BBL_20_2.0': 'BBL', 'BBL_20_2.0_': 'BBL_', 'BBM_20_2.0': 'BBM', 'BBM_20_2.0_': 'BBM_', 'BBU_20_2.0': 'BBU', 'BBU_20_2.0_': 'BBU_', 'ATRr_14': 'ATR', 'ATRr_14_': 'ATR_', 'STOCHk_14_3_3': 'STOCHk', 'STOCHk_14_3_3_': 'STOCHk_', 'STOCHd_14_3_3': 'STOCHd', 'STOCHd_14_3_3_': 'STOCHd_', 'CCI_14_0.015': 'CCI', 'CCI_14_0.015_': 'CCI_'}
2025-01-03 00:01:22 - INFO - Columnas duplicadas eliminadas: ['RSI_', 'MACD_', 'MACDh_', 'MACDs_', 'SMA_10_', 'SMA_50_', 'EMA_10_', 'EMA_50_', 'VWAP_', 'OBV_', 'BBL_', 'BBM_', 'BBU_', 'BBB_20_2.0_', 'BBP_20_2.0_', 'ATR_', 'STOCHk_', 'STOCHd_', 'CCI_']
2025-01-03 00:01:22 - WARNING - La columna 'OBV' no está presente después de agregar indicadores. Añadiendo 'OBV' con valor 0.
2025-01-03 00:01:22 - INFO - Target binario mejorado con look_ahead=42, min_change=0.008, max_change=0.13
2025-01-03 00:01:22 - INFO - Distribución de clases (0/1):
target
0    180115
1     71282
Name: count, dtype: int64
2025-01-03 00:01:22 - INFO - División de datos en train y test completada.
2025-01-03 00:01:22 - INFO - === Buscando hiperparámetros (Optuna) en una muestra del training ===
2025-01-03 00:01:22 - INFO - Características utilizadas: ['open', 'high', 'low', 'close', 'volume', 'hour_of_day', 'day_of_week', 'is_weekend', 'RSI', 'MACD', 'MACDs', 'MACDh', 'SMA_10', 'SMA_50', 'EMA_10', 'EMA_50', 'VWAP', 'OBV', 'BBL', 'BBM', 'BBU', 'ATR', 'STOCHk', 'STOCHd', 'CCI']
2025-01-03 00:01:22 - INFO - No se han identificado características categóricas.
2025-01-03 00:01:22 - INFO - Columnas presentes en el DataFrame: ['open', 'high', 'low', 'close', 'volume', 'close_time', 'quote_asset_volume', 'number_of_trades', 'taker_buy_base_asset_volume', 'taker_buy_quote_asset_volume', 'ignore', 'RSI', 'MACD', 'MACDh', 'MACDs', 'SMA_10', 'SMA_50', 'EMA_10', 'EMA_50', 'VWAP', 'BBL', 'BBM', 'BBU', 'BBB_20_2.0', 'BBP_20_2.0', 'ATR', 'STOCHk', 'STOCHd', 'CCI', 'hour_of_day', 'day_of_week', 'is_weekend', 'OBV', 'future_close', 'change_pct', 'target']
2025-01-03 00:01:22 - INFO - Columnas eliminadas durante la preparación: ['close_time', 'quote_asset_volume', 'number_of_trades', 'taker_buy_base_asset_volume', 'taker_buy_quote_asset_volume', 'ignore', 'BBB_20_2.0', 'BBP_20_2.0', 'future_close', 'change_pct']
2025-01-03 00:01:22 - INFO - Conjunto de datos preparado con 37709 filas y 25 características.
2025-01-03 00:01:22 - INFO - Tipo de y_train_sample: <class 'pandas.core.series.Series'>
2025-01-03 00:01:22 - INFO - Shape de y_train_sample: (37709,)
2025-01-03 00:01:22 - INFO - Después de SMOTE: target
0    3698
1    3698
Name: count, dtype: int64
2025-01-03 00:01:22 - INFO - Después de SMOTE: target
0    3698
1    3698
Name: count, dtype: int64
2025-01-03 00:01:23 - INFO - Después de SMOTE: target
0    6913
1    6913
Name: count, dtype: int64
2025-01-03 00:01:23 - INFO - Después de SMOTE: target
0    6913
1    6913
Name: count, dtype: int64
2025-01-03 00:01:24 - INFO - Después de SMOTE: target
0    10531
1    10531
Name: count, dtype: int64
2025-01-03 00:01:24 - INFO - Después de SMOTE: target
0    10531
1    10531
Name: count, dtype: int64
2025-01-03 00:01:24 - INFO - Después de SMOTE: target
0    14454
1    14454
Name: count, dtype: int64
2025-01-03 00:01:25 - INFO - Después de SMOTE: target
0    19237
1    19237
Name: count, dtype: int64
2025-01-03 00:01:26 - INFO - Después de SMOTE: target
0    14454
1    14454
Name: count, dtype: int64
2025-01-03 00:01:26 - INFO - Después de SMOTE: target
0    3698
1    3698
Name: count, dtype: int64
2025-01-03 00:01:27 - INFO - Después de SMOTE: target
0    19237
1    19237
Name: count, dtype: int64
2025-01-03 00:01:28 - INFO - Después de SMOTE: target
0    6913
1    6913
Name: count, dtype: int64
2025-01-03 00:01:29 - INFO - Después de SMOTE: target
0    3698
1    3698
Name: count, dtype: int64
2025-01-03 00:01:29 - INFO - Después de SMOTE: target
0    10531
1    10531
Name: count, dtype: int64
2025-01-03 00:01:30 - INFO - Después de SMOTE: target
0    6913
1    6913
Name: count, dtype: int64
2025-01-03 00:01:31 - INFO - Después de SMOTE: target
0    14454
1    14454
Name: count, dtype: int64
2025-01-03 00:01:31 - INFO - Después de SMOTE: target
0    10531
1    10531
Name: count, dtype: int64
2025-01-03 00:01:33 - INFO - Después de SMOTE: target
0    14454
1    14454
Name: count, dtype: int64
2025-01-03 00:01:33 - INFO - Después de SMOTE: target
0    19237
1    19237
Name: count, dtype: int64
2025-01-03 00:01:35 - INFO - Después de SMOTE: target
0    19237
1    19237
Name: count, dtype: int64
2025-01-03 00:01:35 - INFO - Después de SMOTE: target
0    3698
1    3698
Name: count, dtype: int64
2025-01-03 00:01:36 - INFO - Después de SMOTE: target
0    3698
1    3698
Name: count, dtype: int64
2025-01-03 00:01:37 - INFO - Después de SMOTE: target
0    6913
1    6913
Name: count, dtype: int64
2025-01-03 00:01:38 - INFO - Después de SMOTE: target
0    6913
1    6913
Name: count, dtype: int64
2025-01-03 00:01:38 - INFO - Después de SMOTE: target
0    10531
1    10531
Name: count, dtype: int64
2025-01-03 00:01:39 - INFO - Después de SMOTE: target
0    10531
1    10531
Name: count, dtype: int64
2025-01-03 00:01:39 - INFO - Después de SMOTE: target
0    14454
1    14454
Name: count, dtype: int64
2025-01-03 00:01:41 - INFO - Después de SMOTE: target
0    14454
1    14454
Name: count, dtype: int64
2025-01-03 00:01:41 - INFO - Después de SMOTE: target
0    19237
1    19237
Name: count, dtype: int64
2025-01-03 00:01:43 - INFO - Después de SMOTE: target
0    19237
1    19237
Name: count, dtype: int64
2025-01-03 00:01:43 - INFO - Después de SMOTE: target
0    3698
1    3698
Name: count, dtype: int64
2025-01-03 00:01:44 - INFO - Después de SMOTE: target
0    6913
1    6913
Name: count, dtype: int64
2025-01-03 00:01:45 - INFO - Después de SMOTE: target
0    3698
1    3698
Name: count, dtype: int64
2025-01-03 00:01:45 - INFO - Después de SMOTE: target
0    10531
1    10531
Name: count, dtype: int64
2025-01-03 00:01:45 - INFO - Después de SMOTE: target
0    6913
1    6913
Name: count, dtype: int64
2025-01-03 00:01:46 - INFO - Después de SMOTE: target
0    10531
1    10531
Name: count, dtype: int64
2025-01-03 00:01:46 - INFO - Después de SMOTE: target
0    14454
1    14454
Name: count, dtype: int64
2025-01-03 00:01:47 - INFO - Después de SMOTE: target
0    14454
1    14454
Name: count, dtype: int64
2025-01-03 00:01:48 - INFO - Después de SMOTE: target
0    19237
1    19237
Name: count, dtype: int64
2025-01-03 00:01:49 - INFO - Después de SMOTE: target
0    19237
1    19237
Name: count, dtype: int64
2025-01-03 00:01:49 - INFO - Después de SMOTE: target
0    3698
1    3698
Name: count, dtype: int64
2025-01-03 00:01:51 - INFO - Después de SMOTE: target
0    3698
1    3698
Name: count, dtype: int64
2025-01-03 00:01:51 - INFO - Después de SMOTE: target
0    6913
1    6913
Name: count, dtype: int64
2025-01-03 00:01:52 - INFO - Después de SMOTE: target
0    6913
1    6913
Name: count, dtype: int64
2025-01-03 00:01:53 - INFO - Después de SMOTE: target
0    10531
1    10531
Name: count, dtype: int64
2025-01-03 00:01:53 - INFO - Después de SMOTE: target
0    10531
1    10531
Name: count, dtype: int64
2025-01-03 00:01:54 - INFO - Después de SMOTE: target
0    14454
1    14454
Name: count, dtype: int64
2025-01-03 00:01:56 - INFO - Después de SMOTE: target
0    14454
1    14454
Name: count, dtype: int64
2025-01-03 00:01:56 - INFO - Después de SMOTE: target
0    19237
1    19237
Name: count, dtype: int64
2025-01-03 00:01:58 - INFO - Después de SMOTE: target
0    3698
1    3698
Name: count, dtype: int64
2025-01-03 00:01:59 - INFO - Después de SMOTE: target
0    19237
1    19237
Name: count, dtype: int64
2025-01-03 00:02:01 - INFO - Después de SMOTE: target
0    6913
1    6913
Name: count, dtype: int64
2025-01-03 00:02:03 - INFO - Después de SMOTE: target
0    3698
1    3698
Name: count, dtype: int64
2025-01-03 00:02:04 - INFO - Después de SMOTE: target
0    6913
1    6913
Name: count, dtype: int64
2025-01-03 00:02:04 - INFO - Después de SMOTE: target
0    10531
1    10531
Name: count, dtype: int64
2025-01-03 00:02:06 - INFO - Después de SMOTE: target
0    10531
1    10531
Name: count, dtype: int64
2025-01-03 00:02:07 - INFO - Después de SMOTE: target
0    14454
1    14454
Name: count, dtype: int64
2025-01-03 00:02:08 - INFO - Después de SMOTE: target
0    14454
1    14454
Name: count, dtype: int64
2025-01-03 00:02:10 - INFO - Después de SMOTE: target
0    19237
1    19237
Name: count, dtype: int64
2025-01-03 00:02:11 - INFO - Después de SMOTE: target
0    19237
1    19237
Name: count, dtype: int64
2025-01-03 00:02:13 - INFO - Después de SMOTE: target
0    3698
1    3698
Name: count, dtype: int64
2025-01-03 00:02:14 - INFO - Después de SMOTE: target
0    6913
1    6913
Name: count, dtype: int64
2025-01-03 00:02:15 - INFO - Después de SMOTE: target
0    3698
1    3698
Name: count, dtype: int64
2025-01-03 00:02:15 - INFO - Después de SMOTE: target
0    10531
1    10531
Name: count, dtype: int64
2025-01-03 00:02:16 - INFO - Después de SMOTE: target
0    6913
1    6913
Name: count, dtype: int64
2025-01-03 00:02:17 - INFO - Después de SMOTE: target
0    10531
1    10531
Name: count, dtype: int64
2025-01-03 00:02:17 - INFO - Después de SMOTE: target
0    14454
1    14454
Name: count, dtype: int64
2025-01-03 00:02:18 - INFO - Después de SMOTE: target
0    14454
1    14454
Name: count, dtype: int64
2025-01-03 00:02:19 - INFO - Después de SMOTE: target
0    19237
1    19237
Name: count, dtype: int64
2025-01-03 00:02:20 - INFO - Después de SMOTE: target
0    19237
1    19237
Name: count, dtype: int64
2025-01-03 00:02:21 - INFO - Después de SMOTE: target
0    3698
1    3698
Name: count, dtype: int64
2025-01-03 00:02:21 - INFO - Después de SMOTE: target
0    3698
1    3698
Name: count, dtype: int64
2025-01-03 00:02:22 - INFO - Después de SMOTE: target
0    6913
1    6913
Name: count, dtype: int64
2025-01-03 00:02:22 - INFO - Después de SMOTE: target
0    6913
1    6913
Name: count, dtype: int64
2025-01-03 00:02:23 - INFO - Después de SMOTE: target
0    10531
1    10531
Name: count, dtype: int64
2025-01-03 00:02:24 - INFO - Después de SMOTE: target
0    10531
1    10531
Name: count, dtype: int64
2025-01-03 00:02:25 - INFO - Después de SMOTE: target
0    14454
1    14454
Name: count, dtype: int64
2025-01-03 00:02:26 - INFO - Después de SMOTE: target
0    14454
1    14454
Name: count, dtype: int64
2025-01-03 00:02:27 - INFO - Después de SMOTE: target
0    19237
1    19237
Name: count, dtype: int64
2025-01-03 00:02:28 - INFO - Después de SMOTE: target
0    19237
1    19237
Name: count, dtype: int64
2025-01-03 00:02:29 - INFO - Mejor valor de F1: 0.5303
2025-01-03 00:02:29 - INFO - Mejores parámetros: {'max_depth': 6, 'learning_rate': 0.0011283332047751793, 'n_estimators': 162, 'subsample': 0.7090858381928484, 'colsample_bytree': 0.7848043479936231, 'gamma': 0.47068918370762247, 'reg_alpha': 0.042065068866828904, 'reg_lambda': 0.000999880491091859}
2025-01-03 00:02:29 - INFO - === Entrenando Pipeline Final con TODO el training ===
2025-01-03 00:02:29 - INFO - Columnas presentes en el DataFrame: ['open', 'high', 'low', 'close', 'volume', 'close_time', 'quote_asset_volume', 'number_of_trades', 'taker_buy_base_asset_volume', 'taker_buy_quote_asset_volume', 'ignore', 'RSI', 'MACD', 'MACDh', 'MACDs', 'SMA_10', 'SMA_50', 'EMA_10', 'EMA_50', 'VWAP', 'BBL', 'BBM', 'BBU', 'BBB_20_2.0', 'BBP_20_2.0', 'ATR', 'STOCHk', 'STOCHd', 'CCI', 'hour_of_day', 'day_of_week', 'is_weekend', 'OBV', 'future_close', 'change_pct', 'target']
2025-01-03 00:02:29 - INFO - Columnas eliminadas durante la preparación: ['close_time', 'quote_asset_volume', 'number_of_trades', 'taker_buy_base_asset_volume', 'taker_buy_quote_asset_volume', 'ignore', 'BBB_20_2.0', 'BBP_20_2.0', 'future_close', 'change_pct']
2025-01-03 00:02:29 - INFO - Conjunto de datos preparado con 125698 filas y 25 características.
2025-01-03 00:02:29 - INFO - Tipo de y_train_full: <class 'pandas.core.series.Series'>
2025-01-03 00:02:29 - INFO - Shape de y_train_full: (125698,)
2025-01-03 00:02:32 - INFO - Después de SMOTE: target
0    86846
1    86846
Name: count, dtype: int64
2025-01-03 00:02:32 - INFO - Balance de clases aplicado mediante SMOTE.
2025-01-03 00:02:35 - INFO - Pipeline final entrenado con todos los datos de entrenamiento (binario).
2025-01-03 00:02:35 - INFO - Pipeline completo guardado en: ./results/XGBoost_Binario_trained_pipeline.joblib
2025-01-03 00:02:35 - INFO - Parámetros guardados en: ./results/XGBoost_Binario_model_params.txt
2025-01-03 00:02:35 - INFO - Lista de features guardada en: ./results/XGBoost_Binario_feature_cols.txt
2025-01-03 00:02:35 - INFO - Columnas de indicadores técnicos existentes eliminadas: ['RSI', 'MACD', 'MACDs', 'MACDh', 'VWAP', 'OBV', 'BBL', 'BBM', 'BBU', 'ATR', 'STOCHk', 'STOCHd', 'CCI']
2025-01-03 00:02:35 - INFO - Indicadores técnicos agregados al DataFrame. Filas antes: 125699, después: 125650
2025-01-03 00:02:35 - INFO - Columnas después de agregar indicadores técnicos: ['open', 'high', 'low', 'close', 'volume', 'close_time', 'quote_asset_volume', 'number_of_trades', 'taker_buy_base_asset_volume', 'taker_buy_quote_asset_volume', 'ignore', 'SMA_10', 'SMA_50', 'EMA_10', 'EMA_50', 'BBB_20_2.0', 'BBP_20_2.0', 'hour_of_day', 'day_of_week', 'is_weekend', 'future_close', 'change_pct', 'target', 'RSI_14_', 'MACD_12_26_9_', 'MACDh_12_26_9_', 'MACDs_12_26_9_', 'SMA_10_', 'SMA_50_', 'EMA_10_', 'EMA_50_', 'VWAP_D_', 'OBV_', 'BBL_20_2.0_', 'BBM_20_2.0_', 'BBU_20_2.0_', 'BBB_20_2.0_', 'BBP_20_2.0_', 'ATRr_14_', 'STOCHk_14_3_3_', 'STOCHd_14_3_3_', 'CCI_14_0.015_']
2025-01-03 00:02:35 - INFO - Columnas renombradas: {'RSI_14_': 'RSI', 'MACD_12_26_9_': 'MACD', 'MACDh_12_26_9_': 'MACDh', 'MACDs_12_26_9_': 'MACDs', 'VWAP_D_': 'VWAP', 'BBL_20_2.0_': 'BBL', 'BBM_20_2.0_': 'BBM', 'BBU_20_2.0_': 'BBU', 'ATRr_14_': 'ATR', 'STOCHk_14_3_3_': 'STOCHk', 'STOCHd_14_3_3_': 'STOCHd', 'CCI_14_0.015_': 'CCI'}
2025-01-03 00:02:35 - INFO - Columnas duplicadas eliminadas: ['SMA_10_', 'SMA_50_', 'EMA_10_', 'EMA_50_', 'OBV_', 'BBB_20_2.0_', 'BBP_20_2.0_']
2025-01-03 00:02:35 - WARNING - La columna 'OBV' no está presente después de agregar indicadores. Añadiendo 'OBV' con valor 0.
2025-01-03 00:02:35 - INFO - Target binario mejorado con look_ahead=42, min_change=0.008, max_change=0.13
2025-01-03 00:02:35 - INFO - Distribución de clases (0/1):
target
0    93208
1    32374
Name: count, dtype: int64
2025-01-03 00:02:35 - INFO - Columnas presentes en el DataFrame: ['open', 'high', 'low', 'close', 'volume', 'close_time', 'quote_asset_volume', 'number_of_trades', 'taker_buy_base_asset_volume', 'taker_buy_quote_asset_volume', 'ignore', 'SMA_10', 'SMA_50', 'EMA_10', 'EMA_50', 'BBB_20_2.0', 'BBP_20_2.0', 'hour_of_day', 'day_of_week', 'is_weekend', 'future_close', 'change_pct', 'target', 'RSI', 'MACD', 'MACDh', 'MACDs', 'VWAP', 'BBL', 'BBM', 'BBU', 'ATR', 'STOCHk', 'STOCHd', 'CCI', 'OBV']
2025-01-03 00:02:35 - INFO - Columnas eliminadas durante la preparación: ['close_time', 'quote_asset_volume', 'number_of_trades', 'taker_buy_base_asset_volume', 'taker_buy_quote_asset_volume', 'ignore', 'BBB_20_2.0', 'BBP_20_2.0', 'future_close', 'change_pct']
2025-01-03 00:02:35 - INFO - Conjunto de datos preparado con 125582 filas y 25 características.
2025-01-03 00:02:35 - INFO - Características en X_test_final: ['open', 'high', 'low', 'close', 'volume', 'hour_of_day', 'day_of_week', 'is_weekend', 'RSI', 'MACD', 'MACDs', 'MACDh', 'SMA_10', 'SMA_50', 'EMA_10', 'EMA_50', 'VWAP', 'OBV', 'BBL', 'BBM', 'BBU', 'ATR', 'STOCHk', 'STOCHd', 'CCI']
2025-01-03 00:02:35 - INFO - Tipo de y_test_final: <class 'pandas.core.series.Series'>
2025-01-03 00:02:35 - INFO - Shape de y_test_final: (125582,)
2025-01-03 00:02:35 - INFO - Las características del test coinciden perfectamente con las del entrenamiento.
2025-01-03 00:02:35 - INFO - === Evaluación en Test ===
2025-01-03 00:02:36 - INFO - Matriz de confusión [1,0]:
[[23128  9246]
 [63281 29927]]
2025-01-03 00:02:36 - INFO - Reporte de Clasificación:
              precision    recall  f1-score   support

           1       0.27      0.71      0.39     32374
           0       0.76      0.32      0.45     93208

    accuracy                           0.42    125582
   macro avg       0.52      0.52      0.42    125582
weighted avg       0.64      0.42      0.44    125582

2025-01-03 00:02:36 - INFO - F1-score: 0.3894
2025-01-03 00:02:36 - INFO - Precisión: 0.2677
2025-01-03 00:02:36 - INFO - Recall: 0.7144
2025-01-03 00:02:36 - INFO - AUC Score: 0.5363
2025-01-03 00:02:37 - INFO - F1 final en Test (Binario): 0.3894
2025-01-03 00:02:37 - INFO - === Analizando importancia de características ===
2025-01-03 00:02:37 - INFO - Tabla de importancia de características guardada en ./results/feature_importances_binario.csv.
2025-01-03 00:02:37 - INFO - Gráfico de importancia de características guardado.
2025-01-03 00:02:37 - INFO - Señales generadas con umbrales high=0.73, low=0.23
2025-01-03 00:02:38 - INFO - Señales guardadas en: ./results/signals.csv
2025-01-03 00:02:38 - INFO - === Proceso Completado con Éxito ===
