2024-12-21 18:32:47 - INFO - Datos cargados correctamente desde ML/data/processed/BTCUSDT_15m_processed.csv, filas: 245845
2024-12-21 18:32:47 - INFO - Eliminados 199 registros con valores faltantes.
2024-12-21 18:32:47 - INFO - Indicadores calculados y filas NaN eliminadas.
2024-12-21 18:32:51 - INFO - Variable objetivo generada con look_ahead: 1, lower_percentile: 10, upper_percentile: 90
2024-12-21 18:32:51 - INFO - Umbrales calculados - lower: -0.003408, upper: 0.003481
2024-12-21 18:32:51 - INFO - Distribución de clases:
target
0    196515
2     24565
1     24565
Name: count, dtype: int64
2024-12-21 18:32:51 - INFO - No se eliminaron columnas por correlación > 0.85
2024-12-21 18:32:51 - INFO - Distribución de clases en todo el conjunto: 
target
0    196515
2     24565
1     24565
Name: count, dtype: int64
2024-12-21 18:32:51 - INFO - Tamaño train: (157212, 12), valid: (39304, 12), test: (49129, 12)
2024-12-21 18:32:51 - INFO - Distribución de clases en train: 
target
0    118996
2     19184
1     19032
Name: count, dtype: int64
2024-12-21 18:32:51 - INFO - Distribución de clases en validación: 
target
0    33304
1     3065
2     2935
Name: count, dtype: int64
2024-12-21 18:32:51 - INFO - Distribución de clases en test: 
target
0    44215
1     2468
2     2446
Name: count, dtype: int64
2024-12-21 18:32:51 - INFO - Forma de y_train: (157212,), Tipo: int64
2024-12-21 18:32:51 - INFO - Forma de y_valid: (39304,), Tipo: int64
2024-12-21 18:32:51 - INFO - Forma de y_test: (49129,), Tipo: int64
2024-12-21 18:32:51 - INFO - === Entrenando XGBoost con Optuna ===
