2025-01-21 20:33:43 - INFO - Datos cargados desde ML/data/processed/BTCUSDT_15m_processed.csv, filas: 258908
2025-01-21 20:33:43 - INFO - Columnas de indicadores existentes eliminadas: ['RSI', 'MACD', 'MACDs', 'MACDh', 'OBV', 'BBL', 'BBM', 'BBU', 'SMA_10', 'SMA_50', 'EMA_10', 'EMA_50']
2025-01-21 20:33:43 - INFO - Indicadores técnicos agregados. Filas antes: 258908, después: 258709 (descartadas: 199)
2025-01-21 20:33:43 - INFO - Columnas renombradas: {'RSI_14': 'RSI', 'MACD_12_26_9': 'MACD', 'MACDs_12_26_9': 'MACDs', 'MACDh_12_26_9': 'MACDh', 'BBL_20_2.0': 'BBL', 'BBM_20_2.0': 'BBM', 'BBU_20_2.0': 'BBU', 'STOCHk_14_3_3': 'STOCHk', 'STOCHd_14_3_3': 'STOCHd', 'CCI_14_0.015': 'CCI', 'SMA_10': 'SMA_10', 'SMA_50': 'SMA_50', 'SMA_200': 'SMA_200', 'EMA_10': 'EMA_10', 'EMA_50': 'EMA_50'}
2025-01-21 20:33:43 - INFO - Target binario con look_ahead=3, min_change=0.031
2025-01-21 20:33:43 - INFO - Distribución de clases (0=Vender, 1=Comprar):
target
0.0    986
1.0    871
Name: count, dtype: int64
2025-01-21 20:33:43 - INFO - Muestra de datos con target:
                        close  future_close  change_pct  target
open_time                                                      
2021-05-19 12:30:00  36433.00      33601.85   -0.077708     0.0
2021-10-01 09:45:00  44906.00      47330.90    0.053999     1.0
2018-02-06 14:15:00   6868.51       7181.13    0.045515     1.0
2018-03-09 03:30:00   8960.00       8635.97   -0.036164     0.0
2021-01-08 09:45:00  39358.34      40606.90    0.031723     1.0
2018-02-06 18:45:00   7180.01       7420.00    0.033425     1.0
2020-03-13 14:45:00   5394.36       4927.00   -0.086639     0.0
2017-12-27 16:15:00  15144.06      14569.90   -0.037913     0.0
2017-09-13 21:45:00   3848.65       3984.54    0.035308     1.0
2021-05-19 17:15:00  40030.07      38349.87   -0.041973     0.0
2025-01-21 20:33:43 - INFO - División de datos en Train/Test completada.
2025-01-21 20:33:43 - INFO - === Búsqueda de hiperparámetros (Optuna) en muestra de Training ===
2025-01-21 20:33:43 - INFO - No se han identificado características categóricas.
2025-01-21 20:33:43 - INFO - Columnas extra eliminadas: ['future_close', 'change_pct']
2025-01-21 20:33:43 - INFO - Dataset preparado: 1086 filas, 21 features (después de imputación).
2025-01-21 20:33:43 - INFO - Iniciando optimización en Optuna (precisión clase=1)...
2025-01-21 20:33:43 - INFO - Balance de clases tras SMOTETomek:
target
1.0    412
0.0    412
Name: count, dtype: int64
2025-01-21 20:33:43 - INFO - Balance de clases tras SMOTETomek:
target
1.0    412
0.0    412
Name: count, dtype: int64
2025-01-21 20:33:44 - INFO - Balance de clases tras SMOTETomek:
target
1.0    430
0.0    430
Name: count, dtype: int64
2025-01-21 20:33:45 - INFO - Balance de clases tras SMOTETomek:
target
0.0    413
1.0    413
Name: count, dtype: int64
2025-01-21 20:33:46 - INFO - Balance de clases tras SMOTETomek:
target
1.0    430
0.0    430
Name: count, dtype: int64
2025-01-21 20:33:46 - INFO - Balance de clases tras SMOTETomek:
target
1.0    420
0.0    420
Name: count, dtype: int64
2025-01-21 20:33:47 - INFO - Balance de clases tras SMOTETomek:
target
1.0    420
0.0    420
Name: count, dtype: int64
2025-01-21 20:33:48 - INFO - Balance de clases tras SMOTETomek:
target
0.0    413
1.0    413
Name: count, dtype: int64
2025-01-21 20:33:48 - INFO - Balance de clases tras SMOTETomek:
target
1.0    412
0.0    412
Name: count, dtype: int64
2025-01-21 20:33:49 - INFO - Balance de clases tras SMOTETomek:
target
1.0    430
0.0    430
Name: count, dtype: int64
2025-01-21 20:33:51 - INFO - Balance de clases tras SMOTETomek:
target
0.0    413
1.0    413
Name: count, dtype: int64
2025-01-21 20:33:51 - INFO - Balance de clases tras SMOTETomek:
target
1.0    420
0.0    420
Name: count, dtype: int64
2025-01-21 20:33:52 - INFO - Balance de clases tras SMOTETomek:
target
1.0    420
0.0    420
Name: count, dtype: int64
2025-01-21 20:33:53 - INFO - Balance de clases tras SMOTETomek:
target
1.0    420
0.0    420
Name: count, dtype: int64
2025-01-21 20:33:54 - INFO - Balance de clases tras SMOTETomek:
target
1.0    420
0.0    420
Name: count, dtype: int64
2025-01-21 20:33:54 - INFO - Balance de clases tras SMOTETomek:
target
1.0    412
0.0    412
Name: count, dtype: int64
2025-01-21 20:33:55 - INFO - Balance de clases tras SMOTETomek:
target
1.0    430
0.0    430
Name: count, dtype: int64
2025-01-21 20:33:56 - INFO - Balance de clases tras SMOTETomek:
target
0.0    413
1.0    413
Name: count, dtype: int64
2025-01-21 20:33:56 - INFO - Balance de clases tras SMOTETomek:
target
1.0    412
0.0    412
Name: count, dtype: int64
2025-01-21 20:33:56 - INFO - Balance de clases tras SMOTETomek:
target
1.0    420
0.0    420
Name: count, dtype: int64
2025-01-21 20:33:58 - INFO - Balance de clases tras SMOTETomek:
target
1.0    430
0.0    430
Name: count, dtype: int64
2025-01-21 20:33:58 - INFO - Balance de clases tras SMOTETomek:
target
1.0    420
0.0    420
Name: count, dtype: int64
2025-01-21 20:33:59 - INFO - Balance de clases tras SMOTETomek:
target
0.0    413
1.0    413
Name: count, dtype: int64
2025-01-21 20:33:59 - INFO - Balance de clases tras SMOTETomek:
target
1.0    412
0.0    412
Name: count, dtype: int64
2025-01-21 20:33:59 - INFO - Balance de clases tras SMOTETomek:
target
1.0    420
0.0    420
Name: count, dtype: int64
2025-01-21 20:34:00 - INFO - Balance de clases tras SMOTETomek:
target
1.0    420
0.0    420
Name: count, dtype: int64
2025-01-21 20:34:00 - INFO - Balance de clases tras SMOTETomek:
target
1.0    430
0.0    430
Name: count, dtype: int64
2025-01-21 20:34:00 - INFO - Balance de clases tras SMOTETomek:
target
1.0    412
0.0    412
Name: count, dtype: int64
2025-01-21 20:34:01 - INFO - Balance de clases tras SMOTETomek:
target
1.0    430
0.0    430
Name: count, dtype: int64
2025-01-21 20:34:01 - INFO - Balance de clases tras SMOTETomek:
target
0.0    413
1.0    413
Name: count, dtype: int64
2025-01-21 20:34:02 - INFO - Balance de clases tras SMOTETomek:
target
0.0    413
1.0    413
Name: count, dtype: int64
2025-01-21 20:34:02 - INFO - Balance de clases tras SMOTETomek:
target
1.0    420
0.0    420
Name: count, dtype: int64
2025-01-21 20:34:03 - INFO - Balance de clases tras SMOTETomek:
target
1.0    420
0.0    420
Name: count, dtype: int64
2025-01-21 20:34:03 - INFO - Balance de clases tras SMOTETomek:
target
1.0    420
0.0    420
Name: count, dtype: int64
2025-01-21 20:34:04 - INFO - Balance de clases tras SMOTETomek:
target
1.0    412
0.0    412
Name: count, dtype: int64
2025-01-21 20:34:04 - INFO - Balance de clases tras SMOTETomek:
target
1.0    420
0.0    420
Name: count, dtype: int64
2025-01-21 20:34:05 - INFO - Balance de clases tras SMOTETomek:
target
1.0    430
0.0    430
Name: count, dtype: int64
2025-01-21 20:34:05 - INFO - Balance de clases tras SMOTETomek:
target
1.0    412
0.0    412
Name: count, dtype: int64
2025-01-21 20:34:06 - INFO - Balance de clases tras SMOTETomek:
target
0.0    413
1.0    413
Name: count, dtype: int64
2025-01-21 20:34:06 - INFO - Balance de clases tras SMOTETomek:
target
1.0    420
0.0    420
Name: count, dtype: int64
2025-01-21 20:34:07 - INFO - Balance de clases tras SMOTETomek:
target
1.0    430
0.0    430
Name: count, dtype: int64
2025-01-21 20:34:07 - INFO - Balance de clases tras SMOTETomek:
target
1.0    420
0.0    420
Name: count, dtype: int64
2025-01-21 20:34:09 - INFO - Balance de clases tras SMOTETomek:
target
1.0    412
0.0    412
Name: count, dtype: int64
2025-01-21 20:34:09 - INFO - Balance de clases tras SMOTETomek:
target
1.0    430
0.0    430
Name: count, dtype: int64
2025-01-21 20:34:10 - INFO - Balance de clases tras SMOTETomek:
target
0.0    413
1.0    413
Name: count, dtype: int64
2025-01-21 20:34:11 - INFO - Balance de clases tras SMOTETomek:
target
0.0    413
1.0    413
Name: count, dtype: int64
2025-01-21 20:34:12 - INFO - Balance de clases tras SMOTETomek:
target
1.0    420
0.0    420
Name: count, dtype: int64
2025-01-21 20:34:13 - INFO - Balance de clases tras SMOTETomek:
target
1.0    420
0.0    420
Name: count, dtype: int64
2025-01-21 20:34:13 - INFO - Balance de clases tras SMOTETomek:
target
1.0    420
0.0    420
Name: count, dtype: int64
2025-01-21 20:34:14 - INFO - Balance de clases tras SMOTETomek:
target
1.0    412
0.0    412
Name: count, dtype: int64
2025-01-21 20:34:15 - INFO - Balance de clases tras SMOTETomek:
target
1.0    430
0.0    430
Name: count, dtype: int64
2025-01-21 20:34:15 - INFO - Balance de clases tras SMOTETomek:
target
1.0    420
0.0    420
Name: count, dtype: int64
2025-01-21 20:34:16 - INFO - Balance de clases tras SMOTETomek:
target
0.0    413
1.0    413
Name: count, dtype: int64
2025-01-21 20:34:17 - INFO - Balance de clases tras SMOTETomek:
target
1.0    420
0.0    420
Name: count, dtype: int64
2025-01-21 20:34:18 - INFO - Balance de clases tras SMOTETomek:
target
1.0    412
0.0    412
Name: count, dtype: int64
2025-01-21 20:34:18 - INFO - Balance de clases tras SMOTETomek:
target
1.0    420
0.0    420
Name: count, dtype: int64
2025-01-21 20:34:19 - INFO - Balance de clases tras SMOTETomek:
target
1.0    430
0.0    430
Name: count, dtype: int64
2025-01-21 20:34:19 - INFO - Balance de clases tras SMOTETomek:
target
1.0    412
0.0    412
Name: count, dtype: int64
2025-01-21 20:34:20 - INFO - Balance de clases tras SMOTETomek:
target
0.0    413
1.0    413
Name: count, dtype: int64
2025-01-21 20:34:20 - INFO - Balance de clases tras SMOTETomek:
target
1.0    430
0.0    430
Name: count, dtype: int64
2025-01-21 20:34:20 - INFO - Balance de clases tras SMOTETomek:
target
1.0    420
0.0    420
Name: count, dtype: int64
2025-01-21 20:34:21 - INFO - Balance de clases tras SMOTETomek:
target
0.0    413
1.0    413
Name: count, dtype: int64
2025-01-21 20:34:21 - INFO - Balance de clases tras SMOTETomek:
target
1.0    420
0.0    420
Name: count, dtype: int64
2025-01-21 20:34:22 - INFO - Balance de clases tras SMOTETomek:
target
1.0    420
0.0    420
Name: count, dtype: int64
2025-01-21 20:34:22 - INFO - Balance de clases tras SMOTETomek:
target
1.0    412
0.0    412
Name: count, dtype: int64
2025-01-21 20:34:23 - INFO - Balance de clases tras SMOTETomek:
target
1.0    420
0.0    420
Name: count, dtype: int64
2025-01-21 20:34:24 - INFO - Balance de clases tras SMOTETomek:
target
1.0    430
0.0    430
Name: count, dtype: int64
2025-01-21 20:34:24 - INFO - Balance de clases tras SMOTETomek:
target
1.0    412
0.0    412
Name: count, dtype: int64
2025-01-21 20:34:25 - INFO - Balance de clases tras SMOTETomek:
target
0.0    413
1.0    413
Name: count, dtype: int64
2025-01-21 20:34:25 - INFO - Balance de clases tras SMOTETomek:
target
1.0    430
0.0    430
Name: count, dtype: int64
2025-01-21 20:34:26 - INFO - Balance de clases tras SMOTETomek:
target
1.0    420
0.0    420
Name: count, dtype: int64
2025-01-21 20:34:26 - INFO - Balance de clases tras SMOTETomek:
target
0.0    413
1.0    413
Name: count, dtype: int64
2025-01-21 20:34:27 - INFO - Balance de clases tras SMOTETomek:
target
1.0    420
0.0    420
Name: count, dtype: int64
2025-01-21 20:34:27 - INFO - Balance de clases tras SMOTETomek:
target
1.0    420
0.0    420
Name: count, dtype: int64
2025-01-21 20:34:28 - INFO - Balance de clases tras SMOTETomek:
target
1.0    412
0.0    412
Name: count, dtype: int64
2025-01-21 20:34:28 - INFO - Balance de clases tras SMOTETomek:
target
1.0    420
0.0    420
Name: count, dtype: int64
2025-01-21 20:34:30 - INFO - Balance de clases tras SMOTETomek:
target
1.0    412
0.0    412
Name: count, dtype: int64
2025-01-21 20:34:30 - INFO - Balance de clases tras SMOTETomek:
target
1.0    430
0.0    430
Name: count, dtype: int64
2025-01-21 20:34:32 - INFO - Balance de clases tras SMOTETomek:
target
1.0    430
0.0    430
Name: count, dtype: int64
2025-01-21 20:34:33 - INFO - Balance de clases tras SMOTETomek:
target
0.0    413
1.0    413
Name: count, dtype: int64
2025-01-21 20:34:34 - INFO - Balance de clases tras SMOTETomek:
target
0.0    413
1.0    413
Name: count, dtype: int64
2025-01-21 20:34:34 - INFO - Balance de clases tras SMOTETomek:
target
1.0    420
0.0    420
Name: count, dtype: int64
2025-01-21 20:34:36 - INFO - Balance de clases tras SMOTETomek:
target
1.0    420
0.0    420
Name: count, dtype: int64
2025-01-21 20:34:36 - INFO - Balance de clases tras SMOTETomek:
target
1.0    420
0.0    420
Name: count, dtype: int64
2025-01-21 20:34:38 - INFO - Balance de clases tras SMOTETomek:
target
1.0    420
0.0    420
Name: count, dtype: int64
2025-01-21 20:34:38 - INFO - Balance de clases tras SMOTETomek:
target
1.0    412
0.0    412
Name: count, dtype: int64
2025-01-21 20:34:39 - INFO - Balance de clases tras SMOTETomek:
target
1.0    430
0.0    430
Name: count, dtype: int64
2025-01-21 20:34:39 - INFO - Balance de clases tras SMOTETomek:
target
0.0    413
1.0    413
Name: count, dtype: int64
2025-01-21 20:34:39 - INFO - Balance de clases tras SMOTETomek:
target
1.0    420
0.0    420
Name: count, dtype: int64
2025-01-21 20:34:39 - INFO - Balance de clases tras SMOTETomek:
target
1.0    420
0.0    420
Name: count, dtype: int64
2025-01-21 20:34:40 - INFO - Balance de clases tras SMOTETomek:
target
1.0    412
0.0    412
Name: count, dtype: int64
2025-01-21 20:34:41 - INFO - Balance de clases tras SMOTETomek:
target
1.0    430
0.0    430
Name: count, dtype: int64
2025-01-21 20:34:41 - INFO - Balance de clases tras SMOTETomek:
target
0.0    413
1.0    413
Name: count, dtype: int64
2025-01-21 20:34:42 - INFO - Balance de clases tras SMOTETomek:
target
1.0    420
0.0    420
Name: count, dtype: int64
2025-01-21 20:34:43 - INFO - Balance de clases tras SMOTETomek:
target
1.0    420
0.0    420
Name: count, dtype: int64
2025-01-21 20:34:44 - INFO - Mejor Precisión (clase=1): 0.7464
2025-01-21 20:34:44 - INFO - Mejores parámetros: {'max_depth': 8, 'learning_rate': 0.09154993274784165, 'n_estimators': 252, 'subsample': 0.6042588731115184, 'colsample_bytree': 0.8736161777170174, 'gamma': 0.28080912652115464, 'reg_alpha': 0.014858798029212084, 'reg_lambda': 0.5959393518246715}
2025-01-21 20:34:44 - INFO - === Entrenando Pipeline Final con TODO el Training ===
2025-01-21 20:34:44 - INFO - Columnas extra eliminadas: ['future_close', 'change_pct']
2025-01-21 20:34:44 - INFO - Dataset preparado: 1207 filas, 21 features (después de imputación).
2025-01-21 20:34:44 - INFO - Balance de clases tras SMOTETomek:
target
1.0    610
0.0    610
Name: count, dtype: int64
2025-01-21 20:34:45 - INFO - Pipeline final entrenado con scale_pos_weight=1.00
2025-01-21 20:34:45 - INFO - Pipeline completo guardado en: ./results/XGBoost_Binario_trained_pipeline.joblib
2025-01-21 20:34:45 - INFO - Parámetros guardados en: ./results/XGBoost_Binario_model_params.txt
2025-01-21 20:34:45 - INFO - Lista de features guardada en: ./results/XGBoost_Binario_feature_cols.txt
2025-01-21 20:34:45 - INFO - Columnas de indicadores existentes eliminadas: ['RSI', 'MACD', 'MACDs', 'MACDh', 'OBV', 'BBL', 'BBM', 'BBU', 'STOCHk', 'STOCHd', 'CCI', 'SMA_10', 'SMA_50', 'SMA_200', 'EMA_10', 'EMA_50']
2025-01-21 20:34:45 - INFO - Indicadores técnicos agregados. Filas antes: 650, después: 451 (descartadas: 199)
2025-01-21 20:34:45 - INFO - Columnas renombradas: {'RSI_14': 'RSI', 'MACD_12_26_9': 'MACD', 'MACDs_12_26_9': 'MACDs', 'MACDh_12_26_9': 'MACDh', 'BBL_20_2.0': 'BBL', 'BBM_20_2.0': 'BBM', 'BBU_20_2.0': 'BBU', 'STOCHk_14_3_3': 'STOCHk', 'STOCHd_14_3_3': 'STOCHd', 'CCI_14_0.015': 'CCI', 'SMA_10': 'SMA_10', 'SMA_50': 'SMA_50', 'SMA_200': 'SMA_200', 'EMA_10': 'EMA_10', 'EMA_50': 'EMA_50'}
2025-01-21 20:34:45 - INFO - Target binario con look_ahead=3, min_change=0.031
2025-01-21 20:34:45 - INFO - Distribución de clases (0=Vender, 1=Comprar):
target
0.0    169
1.0    168
Name: count, dtype: int64
2025-01-21 20:34:45 - INFO - Muestra de datos con target:
                        close  future_close  change_pct  target
open_time                                                      
2024-08-08 00:45:00  55300.00      61093.20    0.104759     1.0
2021-07-28 17:45:00  38961.00      49798.10    0.278153     1.0
2021-01-22 00:00:00  30496.02      31456.25    0.031487     1.0
2021-12-15 18:15:00  47288.99      38229.20   -0.191583     0.0
2022-06-14 04:45:00  21977.83      20505.16   -0.067007     0.0
2023-03-03 00:45:00  23418.50      22479.64   -0.040091     0.0
2021-05-19 22:45:00  39090.15      37814.04   -0.032645     0.0
2022-09-06 16:45:00  19747.25      22713.69    0.150220     1.0
2021-02-08 22:30:00  44740.01      47979.99    0.072418     1.0
2021-05-23 16:15:00  31963.83      37911.79    0.186084     1.0
2025-01-21 20:34:45 - INFO - Columnas extra eliminadas: ['change_pct', 'future_close']
2025-01-21 20:34:45 - INFO - Dataset preparado: 337 filas, 21 features (después de imputación).
2025-01-21 20:34:45 - INFO - === Evaluación en Test ===
2025-01-21 20:34:45 - INFO - Matriz de confusión [0=Vender, 1=Comprar]:
[[120  49]
 [111  57]]
2025-01-21 20:34:45 - INFO - Reporte de Clasificación:
              precision    recall  f1-score   support

      Vender       0.52      0.71      0.60       169
     Comprar       0.54      0.34      0.42       168

    accuracy                           0.53       337
   macro avg       0.53      0.52      0.51       337
weighted avg       0.53      0.53      0.51       337

2025-01-21 20:34:45 - INFO - Precision (clase=1): 0.5377
2025-01-21 20:34:45 - INFO - F1 (clase=1): 0.4161
2025-01-21 20:34:45 - INFO - Recall (clase=1): 0.3393
2025-01-21 20:34:45 - INFO - Balanced Accuracy: 0.5247
2025-01-21 20:34:45 - INFO - MCC: 0.0531
2025-01-21 20:34:45 - INFO - AUC: 0.5260
2025-01-21 20:34:48 - INFO - Precisión final en Test (clase=1): 0.5377
2025-01-21 20:34:48 - INFO - Importancia de características guardada en ./results/feature_importances_binary.csv.
2025-01-21 20:34:48 - INFO - Gráfico de importancia de características guardado.
2025-01-21 20:34:49 - INFO - Calculando valores SHAP...
2025-01-21 20:34:50 - INFO - SHAP analysis completado y guardado.
2025-01-21 20:34:50 - INFO - Señales generadas con umbral=0.61
2025-01-21 20:34:50 - INFO - Señales filtradas por tendencia.
2025-01-21 20:34:50 - INFO - Señales guardadas en: ./results/signals_binary.csv
2025-01-21 20:34:50 - INFO - === Proceso Completado con Éxito ===
