2024-12-21 14:06:57 - INFO - Datos cargados correctamente desde ML/data/processed/BTCUSDT_15m_processed.csv, filas: 245845
2024-12-21 14:06:57 - INFO - Eliminados 199 registros con valores faltantes.
2024-12-21 14:06:57 - INFO - Indicadores calculados y filas NaN eliminadas.
2024-12-21 14:07:01 - INFO - Variable objetivo generada con look_ahead: 1, atr_factor: 0.3
2024-12-21 14:07:01 - INFO - Distribución de clases:
target
-1    245645
Name: count, dtype: int64
2024-12-21 14:07:01 - INFO - Columnas eliminadas por correlación > 0.95: ['ATR_28']
2024-12-21 14:07:01 - INFO - Distribución de clases en todo el conjunto: 
target
-1    245645
Name: count, dtype: int64
2024-12-21 14:07:01 - INFO - Tamaño train: (157212, 16), valid: (39304, 16), test: (49129, 16)
2024-12-21 14:07:01 - INFO - Distribución de clases en train: 
target
-1    157212
Name: count, dtype: int64
2024-12-21 14:07:01 - INFO - Distribución de clases en validación: 
target
-1    39304
Name: count, dtype: int64
2024-12-21 14:07:01 - INFO - Distribución de clases en test: 
target
-1    49129
Name: count, dtype: int64
2024-12-21 14:07:01 - WARNING - Clase(s) faltante(s) en el conjunto de entrenamiento: {0, 1}
2024-12-21 14:07:07 - ERROR - Error durante el ajuste de RandomizedSearchCV: Invalid classes inferred from unique values of `y`.  Expected: [0], got [-1]
