2025-01-21 00:31:29 - INFO - Datos cargados desde ML/data/processed/BTCUSDT_15m_processed.csv, filas: 257756
2025-01-21 00:31:29 - INFO - Columnas de indicadores existentes eliminadas: ['RSI', 'MACD', 'MACDs', 'MACDh', 'OBV', 'BBL', 'BBM', 'BBU', 'SMA_10', 'SMA_50', 'EMA_10', 'EMA_50']
2025-01-21 00:31:29 - INFO - Indicadores técnicos agregados. Filas antes: 257756, después: 257557 (descartadas: 199)
2025-01-21 00:31:29 - INFO - Columnas renombradas: {'RSI_14': 'RSI', 'MACD_12_26_9': 'MACD', 'MACDs_12_26_9': 'MACDs', 'MACDh_12_26_9': 'MACDh', 'BBL_20_2.0': 'BBL', 'BBM_20_2.0': 'BBM', 'BBU_20_2.0': 'BBU', 'STOCHk_14_3_3': 'STOCHk', 'STOCHd_14_3_3': 'STOCHd', 'CCI_14_0.015': 'CCI', 'SMA_10': 'SMA_10', 'SMA_50': 'SMA_50', 'SMA_200': 'SMA_200', 'EMA_10': 'EMA_10', 'EMA_50': 'EMA_50'}
2025-01-21 00:31:29 - INFO - Target binario con look_ahead=3, min_change=0.034
2025-01-21 00:31:29 - INFO - Distribución de clases (0=Vender, 1=Comprar):
target
0.0    776
1.0    684
Name: count, dtype: int64
2025-01-21 00:31:29 - INFO - Muestra de datos con target:
                        close  future_close  change_pct  target
open_time                                                      
2017-12-11 00:45:00  15312.02      15876.03    0.036834     1.0
2019-07-16 15:45:00  10492.77       9969.67   -0.049853     0.0
2022-06-30 23:15:00  19017.33      19724.38    0.037179     1.0
2018-08-14 01:15:00   6186.48       5944.75   -0.039074     0.0
2024-08-05 00:15:00  57410.00      53928.00   -0.060651     0.0
2021-03-13 09:30:00  57420.16      59516.73    0.036513     1.0
2021-01-11 20:15:00  31793.04      33955.41    0.068014     1.0
2018-02-07 08:30:00   7584.87       7935.13    0.046179     1.0
2017-08-22 04:45:00   3500.80       3660.00    0.045475     1.0
2021-06-23 00:15:00  32367.84      34109.03    0.053794     1.0
2025-01-21 00:31:29 - INFO - División de datos en Train/Test completada.
2025-01-21 00:31:29 - INFO - === Búsqueda de hiperparámetros (Optuna) en muestra de Training ===
2025-01-21 00:31:29 - INFO - No se han identificado características categóricas.
2025-01-21 00:31:29 - INFO - Columnas extra eliminadas: ['future_close', 'change_pct']
2025-01-21 00:31:29 - INFO - Dataset preparado: 854 filas, 21 features (después de imputación).
2025-01-21 00:31:29 - INFO - Iniciando optimización en Optuna (precisión clase=1)...
2025-01-21 00:31:30 - INFO - Balance de clases tras SMOTETomek:
target
0.0    329
1.0    329
Name: count, dtype: int64
2025-01-21 00:31:30 - INFO - Balance de clases tras SMOTETomek:
target
0.0    329
1.0    329
Name: count, dtype: int64
2025-01-21 00:31:30 - INFO - Balance de clases tras SMOTETomek:
target
0.0    331
1.0    331
Name: count, dtype: int64
2025-01-21 00:31:31 - INFO - Balance de clases tras SMOTETomek:
target
0.0    331
1.0    331
Name: count, dtype: int64
2025-01-21 00:31:31 - INFO - Balance de clases tras SMOTETomek:
target
0.0    333
1.0    333
Name: count, dtype: int64
2025-01-21 00:31:32 - INFO - Balance de clases tras SMOTETomek:
target
0.0    336
1.0    336
Name: count, dtype: int64
2025-01-21 00:31:32 - INFO - Balance de clases tras SMOTETomek:
target
0.0    333
1.0    333
Name: count, dtype: int64
2025-01-21 00:31:32 - INFO - Balance de clases tras SMOTETomek:
target
0.0    336
1.0    336
Name: count, dtype: int64
2025-01-21 00:31:33 - INFO - Balance de clases tras SMOTETomek:
target
0.0    336
1.0    336
Name: count, dtype: int64
2025-01-21 00:31:33 - INFO - Balance de clases tras SMOTETomek:
target
0.0    329
1.0    329
Name: count, dtype: int64
2025-01-21 00:31:34 - INFO - Balance de clases tras SMOTETomek:
target
0.0    331
1.0    331
Name: count, dtype: int64
2025-01-21 00:31:34 - INFO - Balance de clases tras SMOTETomek:
target
0.0    336
1.0    336
Name: count, dtype: int64
2025-01-21 00:31:35 - INFO - Balance de clases tras SMOTETomek:
target
0.0    333
1.0    333
Name: count, dtype: int64
2025-01-21 00:31:36 - INFO - Balance de clases tras SMOTETomek:
target
0.0    336
1.0    336
Name: count, dtype: int64
2025-01-21 00:31:36 - INFO - Balance de clases tras SMOTETomek:
target
0.0    329
1.0    329
Name: count, dtype: int64
2025-01-21 00:31:36 - INFO - Balance de clases tras SMOTETomek:
target
0.0    336
1.0    336
Name: count, dtype: int64
2025-01-21 00:31:37 - INFO - Balance de clases tras SMOTETomek:
target
0.0    329
1.0    329
Name: count, dtype: int64
2025-01-21 00:31:38 - INFO - Balance de clases tras SMOTETomek:
target
0.0    331
1.0    331
Name: count, dtype: int64
2025-01-21 00:31:39 - INFO - Balance de clases tras SMOTETomek:
target
0.0    331
1.0    331
Name: count, dtype: int64
2025-01-21 00:31:40 - INFO - Balance de clases tras SMOTETomek:
target
0.0    333
1.0    333
Name: count, dtype: int64
2025-01-21 00:31:40 - INFO - Balance de clases tras SMOTETomek:
target
0.0    333
1.0    333
Name: count, dtype: int64
2025-01-21 00:31:42 - INFO - Balance de clases tras SMOTETomek:
target
0.0    336
1.0    336
Name: count, dtype: int64
2025-01-21 00:31:42 - INFO - Balance de clases tras SMOTETomek:
target
0.0    336
1.0    336
Name: count, dtype: int64
2025-01-21 00:31:43 - INFO - Balance de clases tras SMOTETomek:
target
0.0    336
1.0    336
Name: count, dtype: int64
2025-01-21 00:31:44 - INFO - Balance de clases tras SMOTETomek:
target
0.0    336
1.0    336
Name: count, dtype: int64
2025-01-21 00:31:45 - INFO - Balance de clases tras SMOTETomek:
target
0.0    329
1.0    329
Name: count, dtype: int64
2025-01-21 00:31:45 - INFO - Balance de clases tras SMOTETomek:
target
0.0    331
1.0    331
Name: count, dtype: int64
2025-01-21 00:31:46 - INFO - Balance de clases tras SMOTETomek:
target
0.0    333
1.0    333
Name: count, dtype: int64
2025-01-21 00:31:46 - INFO - Balance de clases tras SMOTETomek:
target
0.0    336
1.0    336
Name: count, dtype: int64
2025-01-21 00:31:47 - INFO - Balance de clases tras SMOTETomek:
target
0.0    329
1.0    329
Name: count, dtype: int64
2025-01-21 00:31:47 - INFO - Balance de clases tras SMOTETomek:
target
0.0    336
1.0    336
Name: count, dtype: int64
2025-01-21 00:31:47 - INFO - Balance de clases tras SMOTETomek:
target
0.0    331
1.0    331
Name: count, dtype: int64
2025-01-21 00:31:48 - INFO - Balance de clases tras SMOTETomek:
target
0.0    329
1.0    329
Name: count, dtype: int64
2025-01-21 00:31:48 - INFO - Balance de clases tras SMOTETomek:
target
0.0    333
1.0    333
Name: count, dtype: int64
2025-01-21 00:31:48 - INFO - Balance de clases tras SMOTETomek:
target
0.0    331
1.0    331
Name: count, dtype: int64
2025-01-21 00:31:49 - INFO - Balance de clases tras SMOTETomek:
target
0.0    336
1.0    336
Name: count, dtype: int64
2025-01-21 00:31:49 - INFO - Balance de clases tras SMOTETomek:
target
0.0    333
1.0    333
Name: count, dtype: int64
2025-01-21 00:31:49 - INFO - Balance de clases tras SMOTETomek:
target
0.0    336
1.0    336
Name: count, dtype: int64
2025-01-21 00:31:50 - INFO - Balance de clases tras SMOTETomek:
target
0.0    336
1.0    336
Name: count, dtype: int64
2025-01-21 00:31:50 - INFO - Balance de clases tras SMOTETomek:
target
0.0    329
1.0    329
Name: count, dtype: int64
2025-01-21 00:31:50 - INFO - Balance de clases tras SMOTETomek:
target
0.0    336
1.0    336
Name: count, dtype: int64
2025-01-21 00:31:51 - INFO - Balance de clases tras SMOTETomek:
target
0.0    331
1.0    331
Name: count, dtype: int64
2025-01-21 00:31:51 - INFO - Balance de clases tras SMOTETomek:
target
0.0    329
1.0    329
Name: count, dtype: int64
2025-01-21 00:31:52 - INFO - Balance de clases tras SMOTETomek:
target
0.0    331
1.0    331
Name: count, dtype: int64
2025-01-21 00:31:52 - INFO - Balance de clases tras SMOTETomek:
target
0.0    333
1.0    333
Name: count, dtype: int64
2025-01-21 00:31:52 - INFO - Balance de clases tras SMOTETomek:
target
0.0    333
1.0    333
Name: count, dtype: int64
2025-01-21 00:31:52 - INFO - Balance de clases tras SMOTETomek:
target
0.0    336
1.0    336
Name: count, dtype: int64
2025-01-21 00:31:52 - INFO - Balance de clases tras SMOTETomek:
target
0.0    336
1.0    336
Name: count, dtype: int64
2025-01-21 00:31:53 - INFO - Balance de clases tras SMOTETomek:
target
0.0    336
1.0    336
Name: count, dtype: int64
2025-01-21 00:31:53 - INFO - Balance de clases tras SMOTETomek:
target
0.0    329
1.0    329
Name: count, dtype: int64
2025-01-21 00:31:53 - INFO - Balance de clases tras SMOTETomek:
target
0.0    336
1.0    336
Name: count, dtype: int64
2025-01-21 00:31:54 - INFO - Balance de clases tras SMOTETomek:
target
0.0    331
1.0    331
Name: count, dtype: int64
2025-01-21 00:31:54 - INFO - Balance de clases tras SMOTETomek:
target
0.0    329
1.0    329
Name: count, dtype: int64
2025-01-21 00:31:54 - INFO - Balance de clases tras SMOTETomek:
target
0.0    333
1.0    333
Name: count, dtype: int64
2025-01-21 00:31:54 - INFO - Balance de clases tras SMOTETomek:
target
0.0    331
1.0    331
Name: count, dtype: int64
2025-01-21 00:31:55 - INFO - Balance de clases tras SMOTETomek:
target
0.0    333
1.0    333
Name: count, dtype: int64
2025-01-21 00:31:55 - INFO - Balance de clases tras SMOTETomek:
target
0.0    336
1.0    336
Name: count, dtype: int64
2025-01-21 00:31:55 - INFO - Balance de clases tras SMOTETomek:
target
0.0    336
1.0    336
Name: count, dtype: int64
2025-01-21 00:31:56 - INFO - Balance de clases tras SMOTETomek:
target
0.0    336
1.0    336
Name: count, dtype: int64
2025-01-21 00:31:56 - INFO - Balance de clases tras SMOTETomek:
target
0.0    336
1.0    336
Name: count, dtype: int64
2025-01-21 00:31:56 - INFO - Balance de clases tras SMOTETomek:
target
0.0    329
1.0    329
Name: count, dtype: int64
2025-01-21 00:31:57 - INFO - Balance de clases tras SMOTETomek:
target
0.0    329
1.0    329
Name: count, dtype: int64
2025-01-21 00:31:57 - INFO - Balance de clases tras SMOTETomek:
target
0.0    331
1.0    331
Name: count, dtype: int64
2025-01-21 00:31:57 - INFO - Balance de clases tras SMOTETomek:
target
0.0    331
1.0    331
Name: count, dtype: int64
2025-01-21 00:31:58 - INFO - Balance de clases tras SMOTETomek:
target
0.0    333
1.0    333
Name: count, dtype: int64
2025-01-21 00:31:58 - INFO - Balance de clases tras SMOTETomek:
target
0.0    333
1.0    333
Name: count, dtype: int64
2025-01-21 00:31:59 - INFO - Balance de clases tras SMOTETomek:
target
0.0    336
1.0    336
Name: count, dtype: int64
2025-01-21 00:31:59 - INFO - Balance de clases tras SMOTETomek:
target
0.0    336
1.0    336
Name: count, dtype: int64
2025-01-21 00:31:59 - INFO - Balance de clases tras SMOTETomek:
target
0.0    336
1.0    336
Name: count, dtype: int64
2025-01-21 00:31:59 - INFO - Balance de clases tras SMOTETomek:
target
0.0    336
1.0    336
Name: count, dtype: int64
2025-01-21 00:32:00 - INFO - Balance de clases tras SMOTETomek:
target
0.0    329
1.0    329
Name: count, dtype: int64
2025-01-21 00:32:00 - INFO - Balance de clases tras SMOTETomek:
target
0.0    329
1.0    329
Name: count, dtype: int64
2025-01-21 00:32:01 - INFO - Balance de clases tras SMOTETomek:
target
0.0    331
1.0    331
Name: count, dtype: int64
2025-01-21 00:32:01 - INFO - Balance de clases tras SMOTETomek:
target
0.0    331
1.0    331
Name: count, dtype: int64
2025-01-21 00:32:02 - INFO - Balance de clases tras SMOTETomek:
target
0.0    333
1.0    333
Name: count, dtype: int64
2025-01-21 00:32:02 - INFO - Balance de clases tras SMOTETomek:
target
0.0    333
1.0    333
Name: count, dtype: int64
2025-01-21 00:32:02 - INFO - Balance de clases tras SMOTETomek:
target
0.0    336
1.0    336
Name: count, dtype: int64
2025-01-21 00:32:03 - INFO - Balance de clases tras SMOTETomek:
target
0.0    336
1.0    336
Name: count, dtype: int64
2025-01-21 00:32:03 - INFO - Balance de clases tras SMOTETomek:
target
0.0    336
1.0    336
Name: count, dtype: int64
2025-01-21 00:32:03 - INFO - Balance de clases tras SMOTETomek:
target
0.0    336
1.0    336
Name: count, dtype: int64
2025-01-21 00:32:04 - INFO - Balance de clases tras SMOTETomek:
target
0.0    329
1.0    329
Name: count, dtype: int64
2025-01-21 00:32:04 - INFO - Balance de clases tras SMOTETomek:
target
0.0    329
1.0    329
Name: count, dtype: int64
2025-01-21 00:32:04 - INFO - Balance de clases tras SMOTETomek:
target
0.0    331
1.0    331
Name: count, dtype: int64
2025-01-21 00:32:05 - INFO - Balance de clases tras SMOTETomek:
target
0.0    331
1.0    331
Name: count, dtype: int64
2025-01-21 00:32:05 - INFO - Balance de clases tras SMOTETomek:
target
0.0    333
1.0    333
Name: count, dtype: int64
2025-01-21 00:32:06 - INFO - Balance de clases tras SMOTETomek:
target
0.0    333
1.0    333
Name: count, dtype: int64
2025-01-21 00:32:06 - INFO - Balance de clases tras SMOTETomek:
target
0.0    336
1.0    336
Name: count, dtype: int64
2025-01-21 00:32:07 - INFO - Balance de clases tras SMOTETomek:
target
0.0    336
1.0    336
Name: count, dtype: int64
2025-01-21 00:32:07 - INFO - Balance de clases tras SMOTETomek:
target
0.0    336
1.0    336
Name: count, dtype: int64
2025-01-21 00:32:08 - INFO - Balance de clases tras SMOTETomek:
target
0.0    336
1.0    336
Name: count, dtype: int64
2025-01-21 00:32:08 - INFO - Balance de clases tras SMOTETomek:
target
0.0    329
1.0    329
Name: count, dtype: int64
2025-01-21 00:32:09 - INFO - Balance de clases tras SMOTETomek:
target
0.0    329
1.0    329
Name: count, dtype: int64
2025-01-21 00:32:09 - INFO - Balance de clases tras SMOTETomek:
target
0.0    331
1.0    331
Name: count, dtype: int64
2025-01-21 00:32:10 - INFO - Balance de clases tras SMOTETomek:
target
0.0    331
1.0    331
Name: count, dtype: int64
2025-01-21 00:32:10 - INFO - Balance de clases tras SMOTETomek:
target
0.0    333
1.0    333
Name: count, dtype: int64
2025-01-21 00:32:11 - INFO - Balance de clases tras SMOTETomek:
target
0.0    333
1.0    333
Name: count, dtype: int64
2025-01-21 00:32:12 - INFO - Balance de clases tras SMOTETomek:
target
0.0    336
1.0    336
Name: count, dtype: int64
2025-01-21 00:32:12 - INFO - Balance de clases tras SMOTETomek:
target
0.0    336
1.0    336
Name: count, dtype: int64
2025-01-21 00:32:13 - INFO - Balance de clases tras SMOTETomek:
target
0.0    336
1.0    336
Name: count, dtype: int64
2025-01-21 00:32:13 - INFO - Balance de clases tras SMOTETomek:
target
0.0    336
1.0    336
Name: count, dtype: int64
2025-01-21 00:32:14 - INFO - Balance de clases tras SMOTETomek:
target
0.0    329
1.0    329
Name: count, dtype: int64
2025-01-21 00:32:14 - INFO - Balance de clases tras SMOTETomek:
target
0.0    329
1.0    329
Name: count, dtype: int64
2025-01-21 00:32:15 - INFO - Balance de clases tras SMOTETomek:
target
0.0    331
1.0    331
Name: count, dtype: int64
2025-01-21 00:32:15 - INFO - Balance de clases tras SMOTETomek:
target
0.0    331
1.0    331
Name: count, dtype: int64
2025-01-21 00:32:16 - INFO - Balance de clases tras SMOTETomek:
target
0.0    333
1.0    333
Name: count, dtype: int64
2025-01-21 00:32:16 - INFO - Balance de clases tras SMOTETomek:
target
0.0    333
1.0    333
Name: count, dtype: int64
2025-01-21 00:32:17 - INFO - Balance de clases tras SMOTETomek:
target
0.0    336
1.0    336
Name: count, dtype: int64
2025-01-21 00:32:17 - INFO - Balance de clases tras SMOTETomek:
target
0.0    336
1.0    336
Name: count, dtype: int64
2025-01-21 00:32:18 - INFO - Balance de clases tras SMOTETomek:
target
0.0    336
1.0    336
Name: count, dtype: int64
2025-01-21 00:32:18 - INFO - Balance de clases tras SMOTETomek:
target
0.0    336
1.0    336
Name: count, dtype: int64
2025-01-21 00:32:19 - INFO - Mejor Precisión (clase=1): 0.7657
2025-01-21 00:32:19 - INFO - Mejores parámetros: {'max_depth': 8, 'learning_rate': 0.03058732943456322, 'n_estimators': 321, 'subsample': 0.801750575815994, 'colsample_bytree': 0.7333954994198862, 'gamma': 0.56537510045818, 'reg_alpha': 0.03103373579940496, 'reg_lambda': 0.8310782988039833}
2025-01-21 00:32:19 - INFO - === Entrenando Pipeline Final con TODO el Training ===
2025-01-21 00:32:19 - INFO - Columnas extra eliminadas: ['future_close', 'change_pct']
2025-01-21 00:32:19 - INFO - Dataset preparado: 949 filas, 21 features (después de imputación).
2025-01-21 00:32:19 - INFO - Balance de clases tras SMOTETomek:
target
0.0    478
1.0    478
Name: count, dtype: int64
2025-01-21 00:32:21 - INFO - Pipeline final entrenado con scale_pos_weight=1.00
2025-01-21 00:32:21 - INFO - Pipeline completo guardado en: ./results/XGBoost_Binario_trained_pipeline.joblib
2025-01-21 00:32:21 - INFO - Parámetros guardados en: ./results/XGBoost_Binario_model_params.txt
2025-01-21 00:32:21 - INFO - Lista de features guardada en: ./results/XGBoost_Binario_feature_cols.txt
2025-01-21 00:32:21 - INFO - Columnas de indicadores existentes eliminadas: ['RSI', 'MACD', 'MACDs', 'MACDh', 'OBV', 'BBL', 'BBM', 'BBU', 'STOCHk', 'STOCHd', 'CCI', 'SMA_10', 'SMA_50', 'SMA_200', 'EMA_10', 'EMA_50']
2025-01-21 00:32:21 - INFO - Indicadores técnicos agregados. Filas antes: 511, después: 312 (descartadas: 199)
2025-01-21 00:32:21 - INFO - Columnas renombradas: {'RSI_14': 'RSI', 'MACD_12_26_9': 'MACD', 'MACDs_12_26_9': 'MACDs', 'MACDh_12_26_9': 'MACDh', 'BBL_20_2.0': 'BBL', 'BBM_20_2.0': 'BBM', 'BBU_20_2.0': 'BBU', 'STOCHk_14_3_3': 'STOCHk', 'STOCHd_14_3_3': 'STOCHd', 'CCI_14_0.015': 'CCI', 'SMA_10': 'SMA_10', 'SMA_50': 'SMA_50', 'SMA_200': 'SMA_200', 'EMA_10': 'EMA_10', 'EMA_50': 'EMA_50'}
2025-01-21 00:32:21 - INFO - Target binario con look_ahead=3, min_change=0.034
2025-01-21 00:32:21 - INFO - Distribución de clases (0=Vender, 1=Comprar):
target
0.0    118
1.0    116
Name: count, dtype: int64
2025-01-21 00:32:21 - INFO - Muestra de datos con target:
                        close  future_close  change_pct  target
open_time                                                      
2021-05-17 05:30:00  42646.57      38734.99   -0.091721     0.0
2023-10-16 12:30:00  27788.60      31886.12    0.147453     1.0
2024-01-03 11:45:00  43702.88      61408.89    0.405145     1.0
2024-03-15 02:00:00  71500.01      67048.81   -0.062255     0.0
2022-02-24 19:15:00  36626.21      39606.13    0.081360     1.0
2022-02-10 13:15:00  44942.34      36626.21   -0.185040     0.0
2024-04-13 19:30:00  66791.20      59679.00   -0.106484     0.0
2022-05-11 12:00:00  31650.78      29286.77   -0.074690     0.0
2022-11-08 16:30:00  20567.26      19766.41   -0.038938     0.0
2024-08-05 05:45:00  52718.00      49732.57   -0.056630     0.0
2025-01-21 00:32:21 - INFO - Columnas extra eliminadas: ['change_pct', 'future_close']
2025-01-21 00:32:21 - INFO - Dataset preparado: 234 filas, 21 features (después de imputación).
2025-01-21 00:32:21 - INFO - === Evaluación en Test ===
2025-01-21 00:32:21 - INFO - Matriz de confusión [0=Vender, 1=Comprar]:
[[75 43]
 [71 45]]
2025-01-21 00:32:21 - INFO - Reporte de Clasificación:
              precision    recall  f1-score   support

      Vender       0.51      0.64      0.57       118
     Comprar       0.51      0.39      0.44       116

    accuracy                           0.51       234
   macro avg       0.51      0.51      0.50       234
weighted avg       0.51      0.51      0.51       234

2025-01-21 00:32:21 - INFO - Precision (clase=1): 0.5114
2025-01-21 00:32:21 - INFO - F1 (clase=1): 0.4412
2025-01-21 00:32:21 - INFO - Recall (clase=1): 0.3879
2025-01-21 00:32:21 - INFO - Balanced Accuracy: 0.5118
2025-01-21 00:32:21 - INFO - MCC: 0.0243
2025-01-21 00:32:21 - INFO - AUC: 0.5327
2025-01-21 00:32:22 - INFO - Precisión final en Test (clase=1): 0.5114
2025-01-21 00:32:22 - INFO - Importancia de características guardada en ./results/feature_importances_binary.csv.
2025-01-21 00:32:22 - INFO - Gráfico de importancia de características guardado.
2025-01-21 00:32:23 - INFO - Calculando valores SHAP...
2025-01-21 00:32:24 - INFO - SHAP analysis completado y guardado.
2025-01-21 00:32:24 - INFO - Señales generadas con umbral=0.64
2025-01-21 00:32:24 - INFO - Señales filtradas por tendencia.
2025-01-21 00:32:24 - INFO - Señales guardadas en: ./results/signals_binary.csv
2025-01-21 00:32:24 - INFO - === Proceso Completado con Éxito ===
