2025-01-21 19:06:56 - INFO - Datos cargados desde ML/data/processed/BTCUSDT_15m_processed.csv, filas: 257756
2025-01-21 19:06:56 - INFO - Columnas de indicadores existentes eliminadas: ['RSI', 'MACD', 'MACDs', 'MACDh', 'OBV', 'BBL', 'BBM', 'BBU', 'SMA_10', 'SMA_50', 'EMA_10', 'EMA_50']
2025-01-21 19:06:56 - INFO - Indicadores técnicos agregados. Filas antes: 257756, después: 257557 (descartadas: 199)
2025-01-21 19:06:56 - INFO - Columnas renombradas: {'RSI_14': 'RSI', 'MACD_12_26_9': 'MACD', 'MACDs_12_26_9': 'MACDs', 'MACDh_12_26_9': 'MACDh', 'BBL_20_2.0': 'BBL', 'BBM_20_2.0': 'BBM', 'BBU_20_2.0': 'BBU', 'STOCHk_14_3_3': 'STOCHk', 'STOCHd_14_3_3': 'STOCHd', 'CCI_14_0.015': 'CCI', 'SMA_10': 'SMA_10', 'SMA_50': 'SMA_50', 'SMA_200': 'SMA_200', 'EMA_10': 'EMA_10', 'EMA_50': 'EMA_50'}
2025-01-21 19:06:57 - INFO - Target binario con look_ahead=4, min_change=0.031
2025-01-21 19:06:57 - INFO - Distribución de clases (0=Vender, 1=Comprar):
target
0.0    1462
1.0    1288
Name: count, dtype: int64
2025-01-21 19:06:57 - INFO - Muestra de datos con target:
                        close  future_close  change_pct  target
open_time                                                      
2018-12-06 23:15:00   3638.91       3485.18   -0.042246     0.0
2021-01-04 06:45:00  33100.02      32068.84   -0.031153     0.0
2018-01-04 01:15:00  14731.00      15251.92    0.035362     1.0
2018-01-08 10:00:00  14700.03      15315.93    0.041898     1.0
2022-07-13 11:30:00  19826.10      19157.86   -0.033705     0.0
2018-02-07 21:45:00   8080.04       7781.00   -0.037010     0.0
2019-07-02 14:15:00  10090.18      10478.00    0.038435     1.0
2017-12-23 23:00:00  14311.11      12900.00   -0.098602     0.0
2020-03-12 22:30:00   5807.11       4760.46   -0.180236     0.0
2021-06-07 20:15:00  35481.47      33970.80   -0.042576     0.0
2025-01-21 19:06:57 - INFO - División de datos en Train/Test completada.
2025-01-21 19:06:57 - INFO - === Búsqueda de hiperparámetros (Optuna) en muestra de Training ===
2025-01-21 19:06:57 - INFO - No se han identificado características categóricas.
2025-01-21 19:06:57 - INFO - Columnas extra eliminadas: ['future_close', 'change_pct']
2025-01-21 19:06:57 - INFO - Dataset preparado: 1567 filas, 21 features (después de imputación).
2025-01-21 19:06:57 - INFO - Iniciando optimización en Optuna (precisión clase=1)...
2025-01-21 19:06:57 - INFO - Balance de clases tras SMOTETomek:
target
1.0    645
0.0    645
Name: count, dtype: int64
2025-01-21 19:06:57 - INFO - Balance de clases tras SMOTETomek:
target
1.0    645
0.0    645
Name: count, dtype: int64
2025-01-21 19:06:58 - INFO - Balance de clases tras SMOTETomek:
target
1.0    637
0.0    637
Name: count, dtype: int64
2025-01-21 19:06:58 - INFO - Balance de clases tras SMOTETomek:
target
1.0    637
0.0    637
Name: count, dtype: int64
2025-01-21 19:06:58 - INFO - Balance de clases tras SMOTETomek:
target
1.0    644
0.0    644
Name: count, dtype: int64
2025-01-21 19:06:58 - INFO - Balance de clases tras SMOTETomek:
target
1.0    644
0.0    644
Name: count, dtype: int64
2025-01-21 19:06:59 - INFO - Balance de clases tras SMOTETomek:
target
1.0    639
0.0    639
Name: count, dtype: int64
2025-01-21 19:06:59 - INFO - Balance de clases tras SMOTETomek:
target
1.0    639
0.0    639
Name: count, dtype: int64
2025-01-21 19:07:00 - INFO - Balance de clases tras SMOTETomek:
target
0.0    646
1.0    646
Name: count, dtype: int64
2025-01-21 19:07:00 - INFO - Balance de clases tras SMOTETomek:
target
0.0    646
1.0    646
Name: count, dtype: int64
2025-01-21 19:07:01 - INFO - Balance de clases tras SMOTETomek:
target
1.0    645
0.0    645
Name: count, dtype: int64
2025-01-21 19:07:01 - INFO - Balance de clases tras SMOTETomek:
target
1.0    645
0.0    645
Name: count, dtype: int64
2025-01-21 19:07:02 - INFO - Balance de clases tras SMOTETomek:
target
1.0    637
0.0    637
Name: count, dtype: int64
2025-01-21 19:07:02 - INFO - Balance de clases tras SMOTETomek:
target
1.0    637
0.0    637
Name: count, dtype: int64
2025-01-21 19:07:02 - INFO - Balance de clases tras SMOTETomek:
target
1.0    644
0.0    644
Name: count, dtype: int64
2025-01-21 19:07:03 - INFO - Balance de clases tras SMOTETomek:
target
1.0    644
0.0    644
Name: count, dtype: int64
2025-01-21 19:07:03 - INFO - Balance de clases tras SMOTETomek:
target
1.0    639
0.0    639
Name: count, dtype: int64
2025-01-21 19:07:04 - INFO - Balance de clases tras SMOTETomek:
target
1.0    639
0.0    639
Name: count, dtype: int64
2025-01-21 19:07:04 - INFO - Balance de clases tras SMOTETomek:
target
0.0    646
1.0    646
Name: count, dtype: int64
2025-01-21 19:07:05 - INFO - Balance de clases tras SMOTETomek:
target
0.0    646
1.0    646
Name: count, dtype: int64
2025-01-21 19:07:05 - INFO - Balance de clases tras SMOTETomek:
target
1.0    645
0.0    645
Name: count, dtype: int64
2025-01-21 19:07:05 - INFO - Balance de clases tras SMOTETomek:
target
1.0    637
0.0    637
Name: count, dtype: int64
2025-01-21 19:07:06 - INFO - Balance de clases tras SMOTETomek:
target
1.0    645
0.0    645
Name: count, dtype: int64
2025-01-21 19:07:06 - INFO - Balance de clases tras SMOTETomek:
target
1.0    644
0.0    644
Name: count, dtype: int64
2025-01-21 19:07:06 - INFO - Balance de clases tras SMOTETomek:
target
1.0    637
0.0    637
Name: count, dtype: int64
2025-01-21 19:07:06 - INFO - Balance de clases tras SMOTETomek:
target
1.0    644
0.0    644
Name: count, dtype: int64
2025-01-21 19:07:06 - INFO - Balance de clases tras SMOTETomek:
target
1.0    639
0.0    639
Name: count, dtype: int64
2025-01-21 19:07:06 - INFO - Balance de clases tras SMOTETomek:
target
1.0    639
0.0    639
Name: count, dtype: int64
2025-01-21 19:07:07 - INFO - Balance de clases tras SMOTETomek:
target
0.0    646
1.0    646
Name: count, dtype: int64
2025-01-21 19:07:07 - INFO - Balance de clases tras SMOTETomek:
target
0.0    646
1.0    646
Name: count, dtype: int64
2025-01-21 19:07:07 - INFO - Balance de clases tras SMOTETomek:
target
1.0    645
0.0    645
Name: count, dtype: int64
2025-01-21 19:07:07 - INFO - Balance de clases tras SMOTETomek:
target
1.0    645
0.0    645
Name: count, dtype: int64
2025-01-21 19:07:08 - INFO - Balance de clases tras SMOTETomek:
target
1.0    637
0.0    637
Name: count, dtype: int64
2025-01-21 19:07:09 - INFO - Balance de clases tras SMOTETomek:
target
1.0    644
0.0    644
Name: count, dtype: int64
2025-01-21 19:07:10 - INFO - Balance de clases tras SMOTETomek:
target
1.0    637
0.0    637
Name: count, dtype: int64
2025-01-21 19:07:10 - INFO - Balance de clases tras SMOTETomek:
target
1.0    639
0.0    639
Name: count, dtype: int64
2025-01-21 19:07:12 - INFO - Balance de clases tras SMOTETomek:
target
0.0    646
1.0    646
Name: count, dtype: int64
2025-01-21 19:07:12 - INFO - Balance de clases tras SMOTETomek:
target
1.0    644
0.0    644
Name: count, dtype: int64
2025-01-21 19:07:13 - INFO - Balance de clases tras SMOTETomek:
target
1.0    645
0.0    645
Name: count, dtype: int64
2025-01-21 19:07:14 - INFO - Balance de clases tras SMOTETomek:
target
1.0    637
0.0    637
Name: count, dtype: int64
2025-01-21 19:07:15 - INFO - Balance de clases tras SMOTETomek:
target
1.0    644
0.0    644
Name: count, dtype: int64
2025-01-21 19:07:15 - INFO - Balance de clases tras SMOTETomek:
target
1.0    639
0.0    639
Name: count, dtype: int64
2025-01-21 19:07:16 - INFO - Balance de clases tras SMOTETomek:
target
1.0    639
0.0    639
Name: count, dtype: int64
2025-01-21 19:07:16 - INFO - Balance de clases tras SMOTETomek:
target
0.0    646
1.0    646
Name: count, dtype: int64
2025-01-21 19:07:17 - INFO - Balance de clases tras SMOTETomek:
target
1.0    645
0.0    645
Name: count, dtype: int64
2025-01-21 19:07:18 - INFO - Balance de clases tras SMOTETomek:
target
0.0    646
1.0    646
Name: count, dtype: int64
2025-01-21 19:07:18 - INFO - Balance de clases tras SMOTETomek:
target
1.0    637
0.0    637
Name: count, dtype: int64
2025-01-21 19:07:18 - INFO - Balance de clases tras SMOTETomek:
target
1.0    644
0.0    644
Name: count, dtype: int64
2025-01-21 19:07:19 - INFO - Balance de clases tras SMOTETomek:
target
1.0    639
0.0    639
Name: count, dtype: int64
2025-01-21 19:07:19 - INFO - Balance de clases tras SMOTETomek:
target
0.0    646
1.0    646
Name: count, dtype: int64
2025-01-21 19:07:19 - INFO - Balance de clases tras SMOTETomek:
target
1.0    645
0.0    645
Name: count, dtype: int64
2025-01-21 19:07:20 - INFO - Balance de clases tras SMOTETomek:
target
1.0    637
0.0    637
Name: count, dtype: int64
2025-01-21 19:07:21 - INFO - Balance de clases tras SMOTETomek:
target
1.0    645
0.0    645
Name: count, dtype: int64
2025-01-21 19:07:21 - INFO - Balance de clases tras SMOTETomek:
target
1.0    644
0.0    644
Name: count, dtype: int64
2025-01-21 19:07:21 - INFO - Balance de clases tras SMOTETomek:
target
1.0    637
0.0    637
Name: count, dtype: int64
2025-01-21 19:07:22 - INFO - Balance de clases tras SMOTETomek:
target
1.0    639
0.0    639
Name: count, dtype: int64
2025-01-21 19:07:22 - INFO - Balance de clases tras SMOTETomek:
target
1.0    644
0.0    644
Name: count, dtype: int64
2025-01-21 19:07:22 - INFO - Balance de clases tras SMOTETomek:
target
0.0    646
1.0    646
Name: count, dtype: int64
2025-01-21 19:07:23 - INFO - Balance de clases tras SMOTETomek:
target
1.0    639
0.0    639
Name: count, dtype: int64
2025-01-21 19:07:23 - INFO - Balance de clases tras SMOTETomek:
target
1.0    645
0.0    645
Name: count, dtype: int64
2025-01-21 19:07:24 - INFO - Balance de clases tras SMOTETomek:
target
0.0    646
1.0    646
Name: count, dtype: int64
2025-01-21 19:07:24 - INFO - Balance de clases tras SMOTETomek:
target
1.0    637
0.0    637
Name: count, dtype: int64
2025-01-21 19:07:24 - INFO - Balance de clases tras SMOTETomek:
target
1.0    645
0.0    645
Name: count, dtype: int64
2025-01-21 19:07:25 - INFO - Balance de clases tras SMOTETomek:
target
1.0    644
0.0    644
Name: count, dtype: int64
2025-01-21 19:07:25 - INFO - Balance de clases tras SMOTETomek:
target
1.0    637
0.0    637
Name: count, dtype: int64
2025-01-21 19:07:26 - INFO - Balance de clases tras SMOTETomek:
target
1.0    639
0.0    639
Name: count, dtype: int64
2025-01-21 19:07:26 - INFO - Balance de clases tras SMOTETomek:
target
1.0    644
0.0    644
Name: count, dtype: int64
2025-01-21 19:07:27 - INFO - Balance de clases tras SMOTETomek:
target
0.0    646
1.0    646
Name: count, dtype: int64
2025-01-21 19:07:27 - INFO - Balance de clases tras SMOTETomek:
target
1.0    639
0.0    639
Name: count, dtype: int64
2025-01-21 19:07:28 - INFO - Balance de clases tras SMOTETomek:
target
0.0    646
1.0    646
Name: count, dtype: int64
2025-01-21 19:07:28 - INFO - Balance de clases tras SMOTETomek:
target
1.0    645
0.0    645
Name: count, dtype: int64
2025-01-21 19:07:28 - INFO - Balance de clases tras SMOTETomek:
target
1.0    637
0.0    637
Name: count, dtype: int64
2025-01-21 19:07:28 - INFO - Balance de clases tras SMOTETomek:
target
1.0    645
0.0    645
Name: count, dtype: int64
2025-01-21 19:07:29 - INFO - Balance de clases tras SMOTETomek:
target
1.0    644
0.0    644
Name: count, dtype: int64
2025-01-21 19:07:29 - INFO - Balance de clases tras SMOTETomek:
target
1.0    637
0.0    637
Name: count, dtype: int64
2025-01-21 19:07:30 - INFO - Balance de clases tras SMOTETomek:
target
1.0    639
0.0    639
Name: count, dtype: int64
2025-01-21 19:07:30 - INFO - Balance de clases tras SMOTETomek:
target
1.0    644
0.0    644
Name: count, dtype: int64
2025-01-21 19:07:31 - INFO - Balance de clases tras SMOTETomek:
target
0.0    646
1.0    646
Name: count, dtype: int64
2025-01-21 19:07:31 - INFO - Balance de clases tras SMOTETomek:
target
1.0    639
0.0    639
Name: count, dtype: int64
2025-01-21 19:07:32 - INFO - Balance de clases tras SMOTETomek:
target
1.0    645
0.0    645
Name: count, dtype: int64
2025-01-21 19:07:32 - INFO - Balance de clases tras SMOTETomek:
target
0.0    646
1.0    646
Name: count, dtype: int64
2025-01-21 19:07:33 - INFO - Balance de clases tras SMOTETomek:
target
1.0    637
0.0    637
Name: count, dtype: int64
2025-01-21 19:07:33 - INFO - Balance de clases tras SMOTETomek:
target
1.0    645
0.0    645
Name: count, dtype: int64
2025-01-21 19:07:34 - INFO - Balance de clases tras SMOTETomek:
target
1.0    644
0.0    644
Name: count, dtype: int64
2025-01-21 19:07:34 - INFO - Balance de clases tras SMOTETomek:
target
1.0    637
0.0    637
Name: count, dtype: int64
2025-01-21 19:07:35 - INFO - Balance de clases tras SMOTETomek:
target
1.0    639
0.0    639
Name: count, dtype: int64
2025-01-21 19:07:36 - INFO - Balance de clases tras SMOTETomek:
target
0.0    646
1.0    646
Name: count, dtype: int64
2025-01-21 19:07:36 - INFO - Balance de clases tras SMOTETomek:
target
1.0    644
0.0    644
Name: count, dtype: int64
2025-01-21 19:07:39 - INFO - Balance de clases tras SMOTETomek:
target
1.0    639
0.0    639
Name: count, dtype: int64
2025-01-21 19:07:41 - INFO - Balance de clases tras SMOTETomek:
target
0.0    646
1.0    646
Name: count, dtype: int64
2025-01-21 19:07:43 - INFO - Mejor Precisión (clase=1): 0.7842
2025-01-21 19:07:43 - INFO - Mejores parámetros: {'max_depth': 9, 'learning_rate': 0.03641374432953647, 'n_estimators': 419, 'subsample': 0.9165542090519802, 'colsample_bytree': 0.8619329922990173, 'gamma': 0.26574299729676176, 'reg_alpha': 0.45196258470350203, 'reg_lambda': 0.3045852601756933}
2025-01-21 19:07:43 - INFO - === Entrenando Pipeline Final con TODO el Training ===
2025-01-21 19:07:43 - INFO - Columnas extra eliminadas: ['future_close', 'change_pct']
2025-01-21 19:07:43 - INFO - Dataset preparado: 1650 filas, 21 features (después de imputación).
2025-01-21 19:07:43 - INFO - Balance de clases tras SMOTETomek:
target
1.0    871
0.0    871
Name: count, dtype: int64
2025-01-21 19:07:44 - INFO - Pipeline final entrenado con scale_pos_weight=1.00
2025-01-21 19:07:44 - INFO - Pipeline completo guardado en: ./results/XGBoost_Binario_trained_pipeline.joblib
2025-01-21 19:07:44 - INFO - Parámetros guardados en: ./results/XGBoost_Binario_model_params.txt
2025-01-21 19:07:44 - INFO - Lista de features guardada en: ./results/XGBoost_Binario_feature_cols.txt
2025-01-21 19:07:44 - INFO - Columnas de indicadores existentes eliminadas: ['RSI', 'MACD', 'MACDs', 'MACDh', 'OBV', 'BBL', 'BBM', 'BBU', 'STOCHk', 'STOCHd', 'CCI', 'SMA_10', 'SMA_50', 'SMA_200', 'EMA_10', 'EMA_50']
2025-01-21 19:07:44 - INFO - Indicadores técnicos agregados. Filas antes: 1100, después: 901 (descartadas: 199)
2025-01-21 19:07:44 - INFO - Columnas renombradas: {'RSI_14': 'RSI', 'MACD_12_26_9': 'MACD', 'MACDs_12_26_9': 'MACDs', 'MACDh_12_26_9': 'MACDh', 'BBL_20_2.0': 'BBL', 'BBM_20_2.0': 'BBM', 'BBU_20_2.0': 'BBU', 'STOCHk_14_3_3': 'STOCHk', 'STOCHd_14_3_3': 'STOCHd', 'CCI_14_0.015': 'CCI', 'SMA_10': 'SMA_10', 'SMA_50': 'SMA_50', 'SMA_200': 'SMA_200', 'EMA_10': 'EMA_10', 'EMA_50': 'EMA_50'}
2025-01-21 19:07:44 - INFO - Target binario con look_ahead=4, min_change=0.031
2025-01-21 19:07:44 - INFO - Distribución de clases (0=Vender, 1=Comprar):
target
1.0    364
0.0    312
Name: count, dtype: int64
2025-01-21 19:07:44 - INFO - Muestra de datos con target:
                        close  future_close  change_pct  target
open_time                                                      
2021-11-22 13:00:00  56865.39      52306.87   -0.080163     0.0
2024-08-05 12:45:00  49804.00      51951.00    0.043109     1.0
2022-05-11 23:15:00  28726.56      27256.35   -0.051179     0.0
2021-03-16 00:00:00  55954.24      52934.24   -0.053973     0.0
2021-05-26 05:45:00  39229.28      35351.65   -0.098845     0.0
2024-10-15 13:45:00  67658.00      99209.32    0.466335     1.0
2021-05-12 22:45:00  52942.79      49942.95   -0.056662     0.0
2021-05-12 21:00:00  54516.40      52663.16   -0.033994     0.0
2023-10-23 21:30:00  31613.31      33644.91    0.064264     1.0
2021-01-04 06:45:00  33100.02      30948.32   -0.065006     0.0
2025-01-21 19:07:44 - INFO - Columnas extra eliminadas: ['change_pct', 'future_close']
2025-01-21 19:07:44 - INFO - Dataset preparado: 676 filas, 21 features (después de imputación).
2025-01-21 19:07:44 - INFO - === Evaluación en Test ===
2025-01-21 19:07:45 - INFO - Matriz de confusión [0=Vender, 1=Comprar]:
[[217  95]
 [235 129]]
2025-01-21 19:07:45 - INFO - Reporte de Clasificación:
              precision    recall  f1-score   support

      Vender       0.48      0.70      0.57       312
     Comprar       0.58      0.35      0.44       364

    accuracy                           0.51       676
   macro avg       0.53      0.52      0.50       676
weighted avg       0.53      0.51      0.50       676

2025-01-21 19:07:45 - INFO - Precision (clase=1): 0.5759
2025-01-21 19:07:45 - INFO - F1 (clase=1): 0.4388
2025-01-21 19:07:45 - INFO - Recall (clase=1): 0.3544
2025-01-21 19:07:45 - INFO - Balanced Accuracy: 0.5250
2025-01-21 19:07:45 - INFO - MCC: 0.0529
2025-01-21 19:07:45 - INFO - AUC: 0.4884
2025-01-21 19:07:48 - INFO - Precisión final en Test (clase=1): 0.5759
2025-01-21 19:07:48 - INFO - Importancia de características guardada en ./results/feature_importances_binary.csv.
2025-01-21 19:07:48 - INFO - Gráfico de importancia de características guardado.
2025-01-21 19:07:49 - INFO - Calculando valores SHAP...
2025-01-21 19:07:51 - INFO - SHAP analysis completado y guardado.
2025-01-21 19:07:51 - INFO - Señales generadas con umbral=0.6
2025-01-21 19:07:51 - INFO - Señales filtradas por tendencia.
2025-01-21 19:07:51 - INFO - Señales guardadas en: ./results/signals_binary.csv
2025-01-21 19:07:51 - INFO - === Proceso Completado con Éxito ===
