2025-01-09 23:26:19 - INFO - Datos cargados desde ML/data/processed/BTCUSDT_15m_processed.csv, filas: 251947
2025-01-09 23:26:19 - INFO - Columnas de indicadores existentes eliminadas: ['RSI', 'MACD', 'MACDs', 'MACDh', 'OBV', 'BBL', 'BBM', 'BBU', 'SMA_10', 'SMA_50', 'EMA_10', 'EMA_50']
2025-01-09 23:26:20 - INFO - Indicadores técnicos agregados. Filas antes: 251947, después: 251748 (descartadas: 199)
2025-01-09 23:26:20 - INFO - Columnas renombradas: {'RSI_14': 'RSI', 'MACD_12_26_9': 'MACD', 'MACDs_12_26_9': 'MACDs', 'MACDh_12_26_9': 'MACDh', 'VWAP': 'VWAP', 'BBL_20_2.0': 'BBL', 'BBM_20_2.0': 'BBM', 'BBU_20_2.0': 'BBU', 'ATR_14': 'ATR', 'STOCHk_14_3_3': 'STOCHk', 'STOCHd_14_3_3': 'STOCHd', 'CCI_14_0.015': 'CCI', 'SMA_10': 'SMA_10', 'SMA_50': 'SMA_50', 'SMA_200': 'SMA_200', 'EMA_10': 'EMA_10', 'EMA_50': 'EMA_50'}
2025-01-09 23:26:20 - WARNING - Columna faltante 'VWAP' añadida con NaN.
2025-01-09 23:26:20 - WARNING - Columna faltante 'ATR' añadida con NaN.
2025-01-09 23:26:20 - INFO - Target binario con look_ahead=2, min_change=0.032
2025-01-09 23:26:20 - INFO - Distribución de clases (0=Vender, 1=Comprar):
target
0.0    530
1.0    464
Name: count, dtype: int64
2025-01-09 23:26:20 - INFO - Muestra de datos con target:
                        close  future_close  change_pct  target
open_time                                                      
2017-09-14 12:15:00   3630.00       3489.99   -0.038570     0.0
2023-03-03 01:00:00  23414.05      22346.08   -0.045612     0.0
2017-12-24 09:15:00  13399.88      12875.01   -0.039170     0.0
2017-09-08 13:00:00   4619.20       4422.00   -0.042691     0.0
2021-01-10 20:15:00  35932.80      37718.88    0.049706     1.0
2022-09-21 18:00:00  18869.25      19599.99    0.038726     1.0
2017-12-08 02:45:00  16639.99      15502.28   -0.068372     0.0
2017-12-08 14:00:00  15114.96      15670.02    0.036723     1.0
2017-12-22 06:30:00  13800.00      12759.98   -0.075364     0.0
2017-09-16 10:15:00   3621.05       3480.00   -0.038953     0.0
2025-01-09 23:26:20 - INFO - División de datos en Train/Test completada.
2025-01-09 23:26:20 - INFO - === Búsqueda de hiperparámetros (Optuna) en muestra de Training ===
2025-01-09 23:26:20 - INFO - No se han identificado características categóricas.
2025-01-09 23:26:20 - INFO - Columnas extra eliminadas: ['future_close', 'change_pct']
2025-01-09 23:26:20 - WARNING - Estas columnas están 100% NaN y se eliminarán antes de imputar: ['VWAP', 'ATR']
2025-01-09 23:26:20 - INFO - Dataset preparado: 382 filas, 21 features (después de imputación).
2025-01-09 23:26:20 - INFO - Balance de clases tras SMOTETomek:
target
0.0    151
1.0    151
Name: count, dtype: int64
2025-01-09 23:26:20 - INFO - Balance de clases tras SMOTETomek:
target
0.0    151
1.0    151
Name: count, dtype: int64
2025-01-09 23:26:20 - INFO - Balance de clases tras SMOTETomek:
target
0.0    149
1.0    149
Name: count, dtype: int64
2025-01-09 23:26:20 - INFO - Balance de clases tras SMOTETomek:
target
0.0    149
1.0    149
Name: count, dtype: int64
2025-01-09 23:26:21 - INFO - Balance de clases tras SMOTETomek:
target
0.0    158
1.0    158
Name: count, dtype: int64
2025-01-09 23:26:21 - INFO - Balance de clases tras SMOTETomek:
target
0.0    158
1.0    158
Name: count, dtype: int64
2025-01-09 23:26:21 - INFO - Balance de clases tras SMOTETomek:
target
0.0    159
1.0    159
Name: count, dtype: int64
2025-01-09 23:26:21 - INFO - Balance de clases tras SMOTETomek:
target
0.0    159
1.0    159
Name: count, dtype: int64
2025-01-09 23:26:22 - INFO - Balance de clases tras SMOTETomek:
target
0.0    163
1.0    163
Name: count, dtype: int64
2025-01-09 23:26:22 - INFO - Balance de clases tras SMOTETomek:
target
0.0    163
1.0    163
Name: count, dtype: int64
2025-01-09 23:26:22 - INFO - Balance de clases tras SMOTETomek:
target
0.0    151
1.0    151
Name: count, dtype: int64
2025-01-09 23:26:22 - INFO - Balance de clases tras SMOTETomek:
target
0.0    151
1.0    151
Name: count, dtype: int64
2025-01-09 23:26:23 - INFO - Balance de clases tras SMOTETomek:
target
0.0    149
1.0    149
Name: count, dtype: int64
2025-01-09 23:26:23 - INFO - Balance de clases tras SMOTETomek:
target
0.0    149
1.0    149
Name: count, dtype: int64
2025-01-09 23:26:23 - INFO - Balance de clases tras SMOTETomek:
target
0.0    158
1.0    158
Name: count, dtype: int64
2025-01-09 23:26:24 - INFO - Balance de clases tras SMOTETomek:
target
0.0    158
1.0    158
Name: count, dtype: int64
2025-01-09 23:26:24 - INFO - Balance de clases tras SMOTETomek:
target
0.0    159
1.0    159
Name: count, dtype: int64
2025-01-09 23:26:24 - INFO - Balance de clases tras SMOTETomek:
target
0.0    159
1.0    159
Name: count, dtype: int64
2025-01-09 23:26:25 - INFO - Balance de clases tras SMOTETomek:
target
0.0    163
1.0    163
Name: count, dtype: int64
2025-01-09 23:26:25 - INFO - Balance de clases tras SMOTETomek:
target
0.0    163
1.0    163
Name: count, dtype: int64
2025-01-09 23:26:25 - INFO - Balance de clases tras SMOTETomek:
target
0.0    151
1.0    151
Name: count, dtype: int64
2025-01-09 23:26:26 - INFO - Balance de clases tras SMOTETomek:
target
0.0    151
1.0    151
Name: count, dtype: int64
2025-01-09 23:26:26 - INFO - Balance de clases tras SMOTETomek:
target
0.0    149
1.0    149
Name: count, dtype: int64
2025-01-09 23:26:26 - INFO - Balance de clases tras SMOTETomek:
target
0.0    149
1.0    149
Name: count, dtype: int64
2025-01-09 23:26:27 - INFO - Balance de clases tras SMOTETomek:
target
0.0    158
1.0    158
Name: count, dtype: int64
2025-01-09 23:26:27 - INFO - Balance de clases tras SMOTETomek:
target
0.0    158
1.0    158
Name: count, dtype: int64
2025-01-09 23:26:27 - INFO - Balance de clases tras SMOTETomek:
target
0.0    159
1.0    159
Name: count, dtype: int64
2025-01-09 23:26:27 - INFO - Balance de clases tras SMOTETomek:
target
0.0    159
1.0    159
Name: count, dtype: int64
2025-01-09 23:26:28 - INFO - Balance de clases tras SMOTETomek:
target
0.0    163
1.0    163
Name: count, dtype: int64
2025-01-09 23:26:28 - INFO - Balance de clases tras SMOTETomek:
target
0.0    163
1.0    163
Name: count, dtype: int64
2025-01-09 23:26:28 - INFO - Balance de clases tras SMOTETomek:
target
0.0    151
1.0    151
Name: count, dtype: int64
2025-01-09 23:26:28 - INFO - Balance de clases tras SMOTETomek:
target
0.0    151
1.0    151
Name: count, dtype: int64
2025-01-09 23:26:29 - INFO - Balance de clases tras SMOTETomek:
target
0.0    149
1.0    149
Name: count, dtype: int64
2025-01-09 23:26:29 - INFO - Balance de clases tras SMOTETomek:
target
0.0    158
1.0    158
Name: count, dtype: int64
2025-01-09 23:26:29 - INFO - Balance de clases tras SMOTETomek:
target
0.0    149
1.0    149
Name: count, dtype: int64
2025-01-09 23:26:29 - INFO - Balance de clases tras SMOTETomek:
target
0.0    159
1.0    159
Name: count, dtype: int64
2025-01-09 23:26:30 - INFO - Balance de clases tras SMOTETomek:
target
0.0    163
1.0    163
Name: count, dtype: int64
2025-01-09 23:26:30 - INFO - Balance de clases tras SMOTETomek:
target
0.0    158
1.0    158
Name: count, dtype: int64
2025-01-09 23:26:30 - INFO - Balance de clases tras SMOTETomek:
target
0.0    151
1.0    151
Name: count, dtype: int64
2025-01-09 23:26:30 - INFO - Balance de clases tras SMOTETomek:
target
0.0    149
1.0    149
Name: count, dtype: int64
2025-01-09 23:26:31 - INFO - Balance de clases tras SMOTETomek:
target
0.0    159
1.0    159
Name: count, dtype: int64
2025-01-09 23:26:31 - INFO - Balance de clases tras SMOTETomek:
target
0.0    158
1.0    158
Name: count, dtype: int64
2025-01-09 23:26:31 - INFO - Balance de clases tras SMOTETomek:
target
0.0    159
1.0    159
Name: count, dtype: int64
2025-01-09 23:26:31 - INFO - Balance de clases tras SMOTETomek:
target
0.0    163
1.0    163
Name: count, dtype: int64
2025-01-09 23:26:32 - INFO - Balance de clases tras SMOTETomek:
target
0.0    163
1.0    163
Name: count, dtype: int64
2025-01-09 23:26:32 - INFO - Balance de clases tras SMOTETomek:
target
0.0    151
1.0    151
Name: count, dtype: int64
2025-01-09 23:26:32 - INFO - Balance de clases tras SMOTETomek:
target
0.0    151
1.0    151
Name: count, dtype: int64
2025-01-09 23:26:33 - INFO - Balance de clases tras SMOTETomek:
target
0.0    149
1.0    149
Name: count, dtype: int64
2025-01-09 23:26:33 - INFO - Balance de clases tras SMOTETomek:
target
0.0    158
1.0    158
Name: count, dtype: int64
2025-01-09 23:26:33 - INFO - Balance de clases tras SMOTETomek:
target
0.0    159
1.0    159
Name: count, dtype: int64
2025-01-09 23:26:34 - INFO - Balance de clases tras SMOTETomek:
target
0.0    149
1.0    149
Name: count, dtype: int64
2025-01-09 23:26:34 - INFO - Balance de clases tras SMOTETomek:
target
0.0    163
1.0    163
Name: count, dtype: int64
2025-01-09 23:26:34 - INFO - Balance de clases tras SMOTETomek:
target
0.0    151
1.0    151
Name: count, dtype: int64
2025-01-09 23:26:35 - INFO - Balance de clases tras SMOTETomek:
target
0.0    149
1.0    149
Name: count, dtype: int64
2025-01-09 23:26:35 - INFO - Balance de clases tras SMOTETomek:
target
0.0    158
1.0    158
Name: count, dtype: int64
2025-01-09 23:26:35 - INFO - Balance de clases tras SMOTETomek:
target
0.0    158
1.0    158
Name: count, dtype: int64
2025-01-09 23:26:36 - INFO - Balance de clases tras SMOTETomek:
target
0.0    159
1.0    159
Name: count, dtype: int64
2025-01-09 23:26:36 - INFO - Balance de clases tras SMOTETomek:
target
0.0    159
1.0    159
Name: count, dtype: int64
2025-01-09 23:26:36 - INFO - Balance de clases tras SMOTETomek:
target
0.0    163
1.0    163
Name: count, dtype: int64
2025-01-09 23:26:37 - INFO - Balance de clases tras SMOTETomek:
target
0.0    151
1.0    151
Name: count, dtype: int64
2025-01-09 23:26:37 - INFO - Balance de clases tras SMOTETomek:
target
0.0    163
1.0    163
Name: count, dtype: int64
2025-01-09 23:26:37 - INFO - Balance de clases tras SMOTETomek:
target
0.0    149
1.0    149
Name: count, dtype: int64
2025-01-09 23:26:38 - INFO - Balance de clases tras SMOTETomek:
target
0.0    158
1.0    158
Name: count, dtype: int64
2025-01-09 23:26:38 - INFO - Balance de clases tras SMOTETomek:
target
0.0    151
1.0    151
Name: count, dtype: int64
2025-01-09 23:26:38 - INFO - Balance de clases tras SMOTETomek:
target
0.0    159
1.0    159
Name: count, dtype: int64
2025-01-09 23:26:39 - INFO - Balance de clases tras SMOTETomek:
target
0.0    149
1.0    149
Name: count, dtype: int64
2025-01-09 23:26:39 - INFO - Balance de clases tras SMOTETomek:
target
0.0    163
1.0    163
Name: count, dtype: int64
2025-01-09 23:26:39 - INFO - Balance de clases tras SMOTETomek:
target
0.0    158
1.0    158
Name: count, dtype: int64
2025-01-09 23:26:39 - INFO - Balance de clases tras SMOTETomek:
target
0.0    151
1.0    151
Name: count, dtype: int64
2025-01-09 23:26:40 - INFO - Balance de clases tras SMOTETomek:
target
0.0    159
1.0    159
Name: count, dtype: int64
2025-01-09 23:26:40 - INFO - Balance de clases tras SMOTETomek:
target
0.0    149
1.0    149
Name: count, dtype: int64
2025-01-09 23:26:40 - INFO - Balance de clases tras SMOTETomek:
target
0.0    163
1.0    163
Name: count, dtype: int64
2025-01-09 23:26:40 - INFO - Balance de clases tras SMOTETomek:
target
0.0    158
1.0    158
Name: count, dtype: int64
2025-01-09 23:26:41 - INFO - Balance de clases tras SMOTETomek:
target
0.0    159
1.0    159
Name: count, dtype: int64
2025-01-09 23:26:42 - INFO - Balance de clases tras SMOTETomek:
target
0.0    163
1.0    163
Name: count, dtype: int64
2025-01-09 23:26:42 - INFO - Mejor Precision: 0.6511
2025-01-09 23:26:42 - INFO - Mejores parámetros: {'max_depth': 10, 'learning_rate': 0.09859931625280761, 'n_estimators': 486, 'subsample': 0.7334048204989848, 'colsample_bytree': 0.6839353842579653, 'gamma': 0.595379771241183, 'reg_alpha': 0.27273928015405996, 'reg_lambda': 0.058607904258002164}
2025-01-09 23:26:42 - INFO - === Entrenando Pipeline Final con TODO el Training ===
2025-01-09 23:26:42 - INFO - Columnas extra eliminadas: ['future_close', 'change_pct']
2025-01-09 23:26:42 - WARNING - Estas columnas están 100% NaN y se eliminarán antes de imputar: ['VWAP', 'ATR']
2025-01-09 23:26:42 - INFO - Dataset preparado: 695 filas, 21 features (después de imputación).
2025-01-09 23:26:42 - INFO - Balance de clases tras SMOTETomek:
target
0.0    334
1.0    334
Name: count, dtype: int64
2025-01-09 23:26:43 - INFO - Pipeline final entrenado con TODOS los datos de entrenamiento.
2025-01-09 23:26:43 - INFO - Pipeline completo guardado en: ./results/XGBoost_Binario_trained_pipeline.joblib
2025-01-09 23:26:43 - INFO - Parámetros guardados en: ./results/XGBoost_Binario_model_params.txt
2025-01-09 23:26:43 - INFO - Lista de features guardada en: ./results/XGBoost_Binario_feature_cols.txt
2025-01-09 23:26:43 - INFO - Columnas de indicadores existentes eliminadas: ['RSI', 'MACD', 'MACDs', 'MACDh', 'VWAP', 'OBV', 'BBL', 'BBM', 'BBU', 'ATR', 'STOCHk', 'STOCHd', 'CCI', 'SMA_10', 'SMA_50', 'SMA_200', 'EMA_10', 'EMA_50']
2025-01-09 23:26:43 - INFO - Indicadores técnicos agregados. Filas antes: 299, después: 100 (descartadas: 199)
2025-01-09 23:26:43 - INFO - Columnas renombradas: {'RSI_14': 'RSI', 'MACD_12_26_9': 'MACD', 'MACDs_12_26_9': 'MACDs', 'MACDh_12_26_9': 'MACDh', 'VWAP': 'VWAP', 'BBL_20_2.0': 'BBL', 'BBM_20_2.0': 'BBM', 'BBU_20_2.0': 'BBU', 'ATR_14': 'ATR', 'STOCHk_14_3_3': 'STOCHk', 'STOCHd_14_3_3': 'STOCHd', 'CCI_14_0.015': 'CCI', 'SMA_10': 'SMA_10', 'SMA_50': 'SMA_50', 'SMA_200': 'SMA_200', 'EMA_10': 'EMA_10', 'EMA_50': 'EMA_50'}
2025-01-09 23:26:43 - WARNING - Columna faltante 'VWAP' añadida con NaN.
2025-01-09 23:26:43 - WARNING - Columna faltante 'ATR' añadida con NaN.
2025-01-09 23:26:43 - INFO - Target binario con look_ahead=2, min_change=0.032
2025-01-09 23:26:43 - INFO - Distribución de clases (0=Vender, 1=Comprar):
target
1.0    39
0.0    36
Name: count, dtype: int64
2025-01-09 23:26:43 - INFO - Muestra de datos con target:
                        close  future_close  change_pct  target
open_time                                                      
2022-07-01 00:00:00  19724.38      23063.99    0.169314     1.0
2022-06-30 23:30:00  19070.98      20055.09    0.051602     1.0
2022-06-14 04:45:00  21977.83      20505.16   -0.067007     0.0
2024-01-09 21:00:00  47918.36      61675.01    0.287085     1.0
2023-01-14 00:00:00  20256.26      22479.64    0.109763     1.0
2022-05-11 13:15:00  29859.87      27951.69   -0.063904     0.0
2022-06-18 21:45:00  18517.72      19625.59    0.059828     1.0
2023-01-12 17:15:00  18250.91      23414.05    0.282898     1.0
2023-12-11 01:30:00  43272.01      47918.36    0.107375     1.0
2023-04-26 19:00:00  29600.94      28415.29   -0.040054     0.0
2025-01-09 23:26:43 - INFO - Columnas extra eliminadas: ['change_pct', 'future_close']
2025-01-09 23:26:43 - WARNING - Estas columnas están 100% NaN y se eliminarán antes de imputar: ['VWAP', 'ATR']
2025-01-09 23:26:43 - INFO - Dataset preparado: 75 filas, 21 features (después de imputación).
2025-01-09 23:26:43 - INFO - === Evaluación en Test ===
2025-01-09 23:26:43 - INFO - Matriz de confusión [0=Vender, 1=Comprar]:
[[15 21]
 [20 19]]
2025-01-09 23:26:43 - INFO - Reporte de Clasificación:
              precision    recall  f1-score   support

      Vender       0.43      0.42      0.42        36
     Comprar       0.47      0.49      0.48        39

    accuracy                           0.45        75
   macro avg       0.45      0.45      0.45        75
weighted avg       0.45      0.45      0.45        75

2025-01-09 23:26:43 - INFO - Precision: 0.4750
2025-01-09 23:26:43 - INFO - F1-score: 0.4810
2025-01-09 23:26:43 - INFO - Recall: 0.4872
2025-01-09 23:26:43 - INFO - Balanced Accuracy: 0.4519
2025-01-09 23:26:43 - INFO - MCC: -0.0963
2025-01-09 23:26:43 - INFO - AUC: 0.4053
2025-01-09 23:26:44 - INFO - Precision final en Test: 0.4750
2025-01-09 23:26:44 - INFO - Importancia de características guardada en ./results/feature_importances_binary.csv.
2025-01-09 23:26:44 - INFO - Gráfico de importancia de características guardado.
2025-01-09 23:26:45 - INFO - Calculando valores SHAP...
2025-01-09 23:26:46 - INFO - SHAP analysis completado y guardado.
2025-01-09 23:26:46 - INFO - Señales generadas con umbral=0.73
2025-01-09 23:26:46 - INFO - Señales filtradas por tendencia.
2025-01-09 23:26:46 - INFO - Señales guardadas en: ./results/signals_binary.csv
2025-01-09 23:26:46 - INFO - === Proceso Completado con Éxito ===
