2025-01-21 19:10:02 - INFO - Datos cargados desde ML/data/processed/BTCUSDT_15m_processed.csv, filas: 257756
2025-01-21 19:10:02 - INFO - Columnas de indicadores existentes eliminadas: ['RSI', 'MACD', 'MACDs', 'MACDh', 'OBV', 'BBL', 'BBM', 'BBU', 'SMA_10', 'SMA_50', 'EMA_10', 'EMA_50']
2025-01-21 19:10:02 - INFO - Indicadores técnicos agregados. Filas antes: 257756, después: 257557 (descartadas: 199)
2025-01-21 19:10:02 - INFO - Columnas renombradas: {'RSI_14': 'RSI', 'MACD_12_26_9': 'MACD', 'MACDs_12_26_9': 'MACDs', 'MACDh_12_26_9': 'MACDh', 'BBL_20_2.0': 'BBL', 'BBM_20_2.0': 'BBM', 'BBU_20_2.0': 'BBU', 'STOCHk_14_3_3': 'STOCHk', 'STOCHd_14_3_3': 'STOCHd', 'CCI_14_0.015': 'CCI', 'SMA_10': 'SMA_10', 'SMA_50': 'SMA_50', 'SMA_200': 'SMA_200', 'EMA_10': 'EMA_10', 'EMA_50': 'EMA_50'}
2025-01-21 19:10:02 - INFO - Target binario con look_ahead=4, min_change=0.03
2025-01-21 19:10:02 - INFO - Distribución de clases (0=Vender, 1=Comprar):
target
0.0    1596
1.0    1404
Name: count, dtype: int64
2025-01-21 19:10:02 - INFO - Muestra de datos con target:
                        close  future_close  change_pct  target
open_time                                                      
2018-09-08 17:00:00   6384.91       6150.00   -0.036791     0.0
2018-01-14 14:30:00  13371.45      12797.63   -0.042914     0.0
2018-03-26 21:00:00   7876.66       8170.00    0.037242     1.0
2021-04-25 20:15:00  49523.97      47944.26   -0.031898     0.0
2017-11-30 18:45:00   9451.00       9761.00    0.032801     1.0
2017-12-25 01:30:00  13301.00      12900.00   -0.030148     0.0
2017-12-11 02:00:00  15800.03      16275.02    0.030063     1.0
2018-01-19 01:45:00  11186.05      10575.14   -0.054614     0.0
2018-12-01 10:00:00   4066.81       4195.28    0.031590     1.0
2021-01-05 05:00:00  31065.03      30045.22   -0.032828     0.0
2025-01-21 19:10:02 - INFO - División de datos en Train/Test completada.
2025-01-21 19:10:02 - INFO - === Búsqueda de hiperparámetros (Optuna) en muestra de Training ===
2025-01-21 19:10:02 - INFO - No se han identificado características categóricas.
2025-01-21 19:10:02 - INFO - Columnas extra eliminadas: ['future_close', 'change_pct']
2025-01-21 19:10:02 - INFO - Dataset preparado: 1710 filas, 21 features (después de imputación).
2025-01-21 19:10:02 - INFO - Iniciando optimización en Optuna (precisión clase=1)...
2025-01-21 19:10:02 - INFO - Balance de clases tras SMOTETomek:
target
1.0    701
0.0    701
Name: count, dtype: int64
2025-01-21 19:10:02 - INFO - Balance de clases tras SMOTETomek:
target
1.0    701
0.0    701
Name: count, dtype: int64
2025-01-21 19:10:04 - INFO - Balance de clases tras SMOTETomek:
target
1.0    696
0.0    696
Name: count, dtype: int64
2025-01-21 19:10:04 - INFO - Balance de clases tras SMOTETomek:
target
1.0    696
0.0    696
Name: count, dtype: int64
2025-01-21 19:10:04 - INFO - Balance de clases tras SMOTETomek:
target
1.0    700
0.0    700
Name: count, dtype: int64
2025-01-21 19:10:04 - INFO - Balance de clases tras SMOTETomek:
target
1.0    700
0.0    700
Name: count, dtype: int64
2025-01-21 19:10:06 - INFO - Balance de clases tras SMOTETomek:
target
0.0    689
1.0    689
Name: count, dtype: int64
2025-01-21 19:10:06 - INFO - Balance de clases tras SMOTETomek:
target
0.0    689
1.0    689
Name: count, dtype: int64
2025-01-21 19:10:07 - INFO - Balance de clases tras SMOTETomek:
target
1.0    695
0.0    695
Name: count, dtype: int64
2025-01-21 19:10:07 - INFO - Balance de clases tras SMOTETomek:
target
1.0    695
0.0    695
Name: count, dtype: int64
2025-01-21 19:10:07 - INFO - Balance de clases tras SMOTETomek:
target
1.0    701
0.0    701
Name: count, dtype: int64
2025-01-21 19:10:07 - INFO - Balance de clases tras SMOTETomek:
target
1.0    701
0.0    701
Name: count, dtype: int64
2025-01-21 19:10:08 - INFO - Balance de clases tras SMOTETomek:
target
1.0    696
0.0    696
Name: count, dtype: int64
2025-01-21 19:10:08 - INFO - Balance de clases tras SMOTETomek:
target
1.0    700
0.0    700
Name: count, dtype: int64
2025-01-21 19:10:08 - INFO - Balance de clases tras SMOTETomek:
target
1.0    696
0.0    696
Name: count, dtype: int64
2025-01-21 19:10:09 - INFO - Balance de clases tras SMOTETomek:
target
0.0    689
1.0    689
Name: count, dtype: int64
2025-01-21 19:10:09 - INFO - Balance de clases tras SMOTETomek:
target
1.0    695
0.0    695
Name: count, dtype: int64
2025-01-21 19:10:09 - INFO - Balance de clases tras SMOTETomek:
target
1.0    700
0.0    700
Name: count, dtype: int64
2025-01-21 19:10:10 - INFO - Balance de clases tras SMOTETomek:
target
1.0    701
0.0    701
Name: count, dtype: int64
2025-01-21 19:10:10 - INFO - Balance de clases tras SMOTETomek:
target
0.0    689
1.0    689
Name: count, dtype: int64
2025-01-21 19:10:10 - INFO - Balance de clases tras SMOTETomek:
target
1.0    696
0.0    696
Name: count, dtype: int64
2025-01-21 19:10:11 - INFO - Balance de clases tras SMOTETomek:
target
1.0    695
0.0    695
Name: count, dtype: int64
2025-01-21 19:10:11 - INFO - Balance de clases tras SMOTETomek:
target
1.0    700
0.0    700
Name: count, dtype: int64
2025-01-21 19:10:12 - INFO - Balance de clases tras SMOTETomek:
target
1.0    701
0.0    701
Name: count, dtype: int64
2025-01-21 19:10:12 - INFO - Balance de clases tras SMOTETomek:
target
0.0    689
1.0    689
Name: count, dtype: int64
2025-01-21 19:10:13 - INFO - Balance de clases tras SMOTETomek:
target
1.0    695
0.0    695
Name: count, dtype: int64
2025-01-21 19:10:13 - INFO - Balance de clases tras SMOTETomek:
target
1.0    696
0.0    696
Name: count, dtype: int64
2025-01-21 19:10:14 - INFO - Balance de clases tras SMOTETomek:
target
1.0    701
0.0    701
Name: count, dtype: int64
2025-01-21 19:10:14 - INFO - Balance de clases tras SMOTETomek:
target
1.0    700
0.0    700
Name: count, dtype: int64
2025-01-21 19:10:15 - INFO - Balance de clases tras SMOTETomek:
target
1.0    696
0.0    696
Name: count, dtype: int64
2025-01-21 19:10:16 - INFO - Balance de clases tras SMOTETomek:
target
0.0    689
1.0    689
Name: count, dtype: int64
2025-01-21 19:10:17 - INFO - Balance de clases tras SMOTETomek:
target
1.0    695
0.0    695
Name: count, dtype: int64
2025-01-21 19:10:17 - INFO - Balance de clases tras SMOTETomek:
target
1.0    700
0.0    700
Name: count, dtype: int64
2025-01-21 19:10:18 - INFO - Balance de clases tras SMOTETomek:
target
1.0    701
0.0    701
Name: count, dtype: int64
2025-01-21 19:10:19 - INFO - Balance de clases tras SMOTETomek:
target
0.0    689
1.0    689
Name: count, dtype: int64
2025-01-21 19:10:19 - INFO - Balance de clases tras SMOTETomek:
target
1.0    696
0.0    696
Name: count, dtype: int64
2025-01-21 19:10:20 - INFO - Balance de clases tras SMOTETomek:
target
1.0    695
0.0    695
Name: count, dtype: int64
2025-01-21 19:10:20 - INFO - Balance de clases tras SMOTETomek:
target
1.0    700
0.0    700
Name: count, dtype: int64
2025-01-21 19:10:21 - INFO - Balance de clases tras SMOTETomek:
target
1.0    701
0.0    701
Name: count, dtype: int64
2025-01-21 19:10:21 - INFO - Balance de clases tras SMOTETomek:
target
0.0    689
1.0    689
Name: count, dtype: int64
2025-01-21 19:10:22 - INFO - Balance de clases tras SMOTETomek:
target
1.0    696
0.0    696
Name: count, dtype: int64
2025-01-21 19:10:22 - INFO - Balance de clases tras SMOTETomek:
target
1.0    695
0.0    695
Name: count, dtype: int64
2025-01-21 19:10:23 - INFO - Balance de clases tras SMOTETomek:
target
1.0    700
0.0    700
Name: count, dtype: int64
2025-01-21 19:10:23 - INFO - Balance de clases tras SMOTETomek:
target
0.0    689
1.0    689
Name: count, dtype: int64
2025-01-21 19:10:24 - INFO - Balance de clases tras SMOTETomek:
target
1.0    701
0.0    701
Name: count, dtype: int64
2025-01-21 19:10:24 - INFO - Balance de clases tras SMOTETomek:
target
1.0    695
0.0    695
Name: count, dtype: int64
2025-01-21 19:10:25 - INFO - Balance de clases tras SMOTETomek:
target
1.0    696
0.0    696
Name: count, dtype: int64
2025-01-21 19:10:25 - INFO - Balance de clases tras SMOTETomek:
target
1.0    701
0.0    701
Name: count, dtype: int64
2025-01-21 19:10:26 - INFO - Balance de clases tras SMOTETomek:
target
1.0    700
0.0    700
Name: count, dtype: int64
2025-01-21 19:10:27 - INFO - Balance de clases tras SMOTETomek:
target
1.0    696
0.0    696
Name: count, dtype: int64
2025-01-21 19:10:27 - INFO - Balance de clases tras SMOTETomek:
target
0.0    689
1.0    689
Name: count, dtype: int64
2025-01-21 19:10:29 - INFO - Balance de clases tras SMOTETomek:
target
1.0    695
0.0    695
Name: count, dtype: int64
2025-01-21 19:10:29 - INFO - Balance de clases tras SMOTETomek:
target
1.0    700
0.0    700
Name: count, dtype: int64
2025-01-21 19:10:30 - INFO - Balance de clases tras SMOTETomek:
target
1.0    701
0.0    701
Name: count, dtype: int64
2025-01-21 19:10:31 - INFO - Balance de clases tras SMOTETomek:
target
0.0    689
1.0    689
Name: count, dtype: int64
2025-01-21 19:10:32 - INFO - Balance de clases tras SMOTETomek:
target
1.0    695
0.0    695
Name: count, dtype: int64
2025-01-21 19:10:34 - INFO - Balance de clases tras SMOTETomek:
target
1.0    696
0.0    696
Name: count, dtype: int64
2025-01-21 19:10:34 - INFO - Balance de clases tras SMOTETomek:
target
1.0    701
0.0    701
Name: count, dtype: int64
2025-01-21 19:10:35 - INFO - Balance de clases tras SMOTETomek:
target
1.0    696
0.0    696
Name: count, dtype: int64
2025-01-21 19:10:36 - INFO - Balance de clases tras SMOTETomek:
target
1.0    700
0.0    700
Name: count, dtype: int64
2025-01-21 19:10:37 - INFO - Balance de clases tras SMOTETomek:
target
0.0    689
1.0    689
Name: count, dtype: int64
2025-01-21 19:10:37 - INFO - Balance de clases tras SMOTETomek:
target
1.0    695
0.0    695
Name: count, dtype: int64
2025-01-21 19:10:38 - INFO - Balance de clases tras SMOTETomek:
target
1.0    700
0.0    700
Name: count, dtype: int64
2025-01-21 19:10:38 - INFO - Balance de clases tras SMOTETomek:
target
1.0    701
0.0    701
Name: count, dtype: int64
2025-01-21 19:10:39 - INFO - Balance de clases tras SMOTETomek:
target
1.0    696
0.0    696
Name: count, dtype: int64
2025-01-21 19:10:41 - INFO - Balance de clases tras SMOTETomek:
target
1.0    700
0.0    700
Name: count, dtype: int64
2025-01-21 19:10:42 - INFO - Balance de clases tras SMOTETomek:
target
0.0    689
1.0    689
Name: count, dtype: int64
2025-01-21 19:10:42 - INFO - Balance de clases tras SMOTETomek:
target
0.0    689
1.0    689
Name: count, dtype: int64
2025-01-21 19:10:43 - INFO - Balance de clases tras SMOTETomek:
target
1.0    695
0.0    695
Name: count, dtype: int64
2025-01-21 19:10:44 - INFO - Balance de clases tras SMOTETomek:
target
1.0    701
0.0    701
Name: count, dtype: int64
2025-01-21 19:10:45 - INFO - Balance de clases tras SMOTETomek:
target
1.0    696
0.0    696
Name: count, dtype: int64
2025-01-21 19:10:45 - INFO - Balance de clases tras SMOTETomek:
target
1.0    695
0.0    695
Name: count, dtype: int64
2025-01-21 19:10:46 - INFO - Balance de clases tras SMOTETomek:
target
1.0    700
0.0    700
Name: count, dtype: int64
2025-01-21 19:10:47 - INFO - Balance de clases tras SMOTETomek:
target
0.0    689
1.0    689
Name: count, dtype: int64
2025-01-21 19:10:48 - INFO - Balance de clases tras SMOTETomek:
target
1.0    695
0.0    695
Name: count, dtype: int64
2025-01-21 19:10:48 - INFO - Balance de clases tras SMOTETomek:
target
1.0    701
0.0    701
Name: count, dtype: int64
2025-01-21 19:10:49 - INFO - Balance de clases tras SMOTETomek:
target
1.0    701
0.0    701
Name: count, dtype: int64
2025-01-21 19:10:50 - INFO - Balance de clases tras SMOTETomek:
target
1.0    696
0.0    696
Name: count, dtype: int64
2025-01-21 19:10:51 - INFO - Balance de clases tras SMOTETomek:
target
1.0    700
0.0    700
Name: count, dtype: int64
2025-01-21 19:10:52 - INFO - Balance de clases tras SMOTETomek:
target
1.0    696
0.0    696
Name: count, dtype: int64
2025-01-21 19:10:52 - INFO - Balance de clases tras SMOTETomek:
target
0.0    689
1.0    689
Name: count, dtype: int64
2025-01-21 19:10:53 - INFO - Balance de clases tras SMOTETomek:
target
1.0    695
0.0    695
Name: count, dtype: int64
2025-01-21 19:10:54 - INFO - Balance de clases tras SMOTETomek:
target
1.0    701
0.0    701
Name: count, dtype: int64
2025-01-21 19:10:55 - INFO - Balance de clases tras SMOTETomek:
target
1.0    700
0.0    700
Name: count, dtype: int64
2025-01-21 19:10:57 - INFO - Balance de clases tras SMOTETomek:
target
1.0    696
0.0    696
Name: count, dtype: int64
2025-01-21 19:10:58 - INFO - Balance de clases tras SMOTETomek:
target
0.0    689
1.0    689
Name: count, dtype: int64
2025-01-21 19:11:00 - INFO - Balance de clases tras SMOTETomek:
target
1.0    700
0.0    700
Name: count, dtype: int64
2025-01-21 19:11:02 - INFO - Balance de clases tras SMOTETomek:
target
1.0    695
0.0    695
Name: count, dtype: int64
2025-01-21 19:11:03 - INFO - Balance de clases tras SMOTETomek:
target
0.0    689
1.0    689
Name: count, dtype: int64
2025-01-21 19:11:06 - INFO - Balance de clases tras SMOTETomek:
target
1.0    695
0.0    695
Name: count, dtype: int64
2025-01-21 19:11:08 - INFO - Mejor Precisión (clase=1): 0.7869
2025-01-21 19:11:08 - INFO - Mejores parámetros: {'max_depth': 12, 'learning_rate': 0.02744512831837096, 'n_estimators': 496, 'subsample': 0.9191527695935361, 'colsample_bytree': 0.884795402066301, 'gamma': 0.0005469577968969831, 'reg_alpha': 0.01600693160172169, 'reg_lambda': 1.1886551818232791}
2025-01-21 19:11:08 - INFO - === Entrenando Pipeline Final con TODO el Training ===
2025-01-21 19:11:08 - INFO - Columnas extra eliminadas: ['future_close', 'change_pct']
2025-01-21 19:11:08 - INFO - Dataset preparado: 1800 filas, 21 features (después de imputación).
2025-01-21 19:11:08 - INFO - Balance de clases tras SMOTETomek:
target
1.0    940
0.0    940
Name: count, dtype: int64
2025-01-21 19:11:11 - INFO - Pipeline final entrenado con scale_pos_weight=1.00
2025-01-21 19:11:11 - INFO - Pipeline completo guardado en: ./results/XGBoost_Binario_trained_pipeline.joblib
2025-01-21 19:11:11 - INFO - Parámetros guardados en: ./results/XGBoost_Binario_model_params.txt
2025-01-21 19:11:11 - INFO - Lista de features guardada en: ./results/XGBoost_Binario_feature_cols.txt
2025-01-21 19:11:11 - INFO - Columnas de indicadores existentes eliminadas: ['RSI', 'MACD', 'MACDs', 'MACDh', 'OBV', 'BBL', 'BBM', 'BBU', 'STOCHk', 'STOCHd', 'CCI', 'SMA_10', 'SMA_50', 'SMA_200', 'EMA_10', 'EMA_50']
2025-01-21 19:11:11 - INFO - Indicadores técnicos agregados. Filas antes: 1200, después: 1001 (descartadas: 199)
2025-01-21 19:11:11 - INFO - Columnas renombradas: {'RSI_14': 'RSI', 'MACD_12_26_9': 'MACD', 'MACDs_12_26_9': 'MACDs', 'MACDh_12_26_9': 'MACDh', 'BBL_20_2.0': 'BBL', 'BBM_20_2.0': 'BBM', 'BBU_20_2.0': 'BBU', 'STOCHk_14_3_3': 'STOCHk', 'STOCHd_14_3_3': 'STOCHd', 'CCI_14_0.015': 'CCI', 'SMA_10': 'SMA_10', 'SMA_50': 'SMA_50', 'SMA_200': 'SMA_200', 'EMA_10': 'EMA_10', 'EMA_50': 'EMA_50'}
2025-01-21 19:11:11 - INFO - Target binario con look_ahead=4, min_change=0.03
2025-01-21 19:11:11 - INFO - Distribución de clases (0=Vender, 1=Comprar):
target
1.0    397
0.0    349
Name: count, dtype: int64
2025-01-21 19:11:11 - INFO - Muestra de datos con target:
                        close  future_close  change_pct  target
open_time                                                      
2020-04-16 06:00:00   6651.14       7161.84    0.076784     1.0
2024-08-02 14:00:00  64638.00      57410.00   -0.111823     0.0
2022-11-08 15:00:00  19441.42      20567.26    0.057909     1.0
2024-09-06 13:15:00  56754.10      98179.14    0.729904     1.0
2021-02-22 18:00:00  51875.46      49942.80   -0.037256     0.0
2021-03-10 01:00:00  55501.92      57610.77    0.037996     1.0
2023-03-13 13:45:00  22479.64      24702.98    0.098905     1.0
2020-06-01 22:00:00   9660.12      10155.96    0.051329     1.0
2022-02-24 18:30:00  36041.55      38872.68    0.078552     1.0
2022-11-09 09:15:00  17990.32      16784.64   -0.067018     0.0
2025-01-21 19:11:11 - INFO - Columnas extra eliminadas: ['change_pct', 'future_close']
2025-01-21 19:11:11 - INFO - Dataset preparado: 746 filas, 21 features (después de imputación).
2025-01-21 19:11:11 - INFO - === Evaluación en Test ===
2025-01-21 19:11:11 - INFO - Matriz de confusión [0=Vender, 1=Comprar]:
[[235 114]
 [250 147]]
2025-01-21 19:11:11 - INFO - Reporte de Clasificación:
              precision    recall  f1-score   support

      Vender       0.48      0.67      0.56       349
     Comprar       0.56      0.37      0.45       397

    accuracy                           0.51       746
   macro avg       0.52      0.52      0.51       746
weighted avg       0.53      0.51      0.50       746

2025-01-21 19:11:11 - INFO - Precision (clase=1): 0.5632
2025-01-21 19:11:11 - INFO - F1 (clase=1): 0.4468
2025-01-21 19:11:11 - INFO - Recall (clase=1): 0.3703
2025-01-21 19:11:11 - INFO - Balanced Accuracy: 0.5218
2025-01-21 19:11:11 - INFO - MCC: 0.0456
2025-01-21 19:11:11 - INFO - AUC: 0.5082
2025-01-21 19:11:14 - INFO - Precisión final en Test (clase=1): 0.5632
2025-01-21 19:11:14 - INFO - Importancia de características guardada en ./results/feature_importances_binary.csv.
2025-01-21 19:11:14 - INFO - Gráfico de importancia de características guardado.
2025-01-21 19:11:17 - INFO - Calculando valores SHAP...
2025-01-21 19:11:20 - INFO - SHAP analysis completado y guardado.
2025-01-21 19:11:20 - INFO - Señales generadas con umbral=0.6
2025-01-21 19:11:20 - INFO - Señales filtradas por tendencia.
2025-01-21 19:11:20 - INFO - Señales guardadas en: ./results/signals_binary.csv
2025-01-21 19:11:20 - INFO - === Proceso Completado con Éxito ===
