2025-01-09 23:08:48 - INFO - Datos cargados desde ML/data/processed/BTCUSDT_15m_processed.csv, filas: 251947
2025-01-09 23:08:48 - INFO - Columnas de indicadores existentes eliminadas: ['RSI', 'MACD', 'MACDs', 'MACDh', 'OBV', 'BBL', 'BBM', 'BBU', 'SMA_10', 'SMA_50', 'EMA_10', 'EMA_50']
2025-01-09 23:08:49 - INFO - Indicadores técnicos agregados. Filas antes: 251947, después: 251748 (descartadas: 199)
2025-01-09 23:08:49 - INFO - Columnas renombradas: {'RSI_14': 'RSI', 'MACD_12_26_9': 'MACD', 'MACDs_12_26_9': 'MACDs', 'MACDh_12_26_9': 'MACDh', 'VWAP': 'VWAP', 'BBL_20_2.0': 'BBL', 'BBM_20_2.0': 'BBM', 'BBU_20_2.0': 'BBU', 'ATR_14': 'ATR', 'STOCHk_14_3_3': 'STOCHk', 'STOCHd_14_3_3': 'STOCHd', 'CCI_14_0.015': 'CCI', 'SMA_10': 'SMA_10', 'SMA_50': 'SMA_50', 'SMA_200': 'SMA_200', 'EMA_10': 'EMA_10', 'EMA_50': 'EMA_50'}
2025-01-09 23:08:49 - WARNING - Columna faltante 'VWAP' añadida con NaN.
2025-01-09 23:08:49 - WARNING - Columna faltante 'ATR' añadida con NaN.
2025-01-09 23:08:49 - INFO - Target binario con look_ahead=14, min_change=0.04
2025-01-09 23:08:49 - INFO - Distribución de clases (0=Vender, 1=Comprar):
target
0.0    3309
1.0    3235
Name: count, dtype: int64
2025-01-09 23:08:49 - INFO - Muestra de datos con target:
                        close  future_close  change_pct  target
open_time                                                      
2022-01-27 21:00:00  35588.72      37114.05    0.042860     1.0
2018-11-20 05:00:00   4743.56       4485.03   -0.054501     0.0
2018-02-06 01:00:00   6868.80       6139.22   -0.106217     0.0
2019-09-06 16:45:00  10851.62      10279.68   -0.052705     0.0
2021-05-16 15:30:00  47931.04      45561.31   -0.049440     0.0
2021-11-10 19:00:00  67927.97      64883.41   -0.044820     0.0
2022-01-05 16:30:00  46397.25      44240.95   -0.046475     0.0
2020-01-19 09:30:00   9097.83       8606.49   -0.054006     0.0
2024-05-03 12:15:00  59166.73      61690.74    0.042659     1.0
2017-12-23 10:15:00  13779.95      14429.88    0.047165     1.0
2025-01-09 23:08:49 - INFO - División de datos en Train/Test completada.
2025-01-09 23:08:49 - INFO - === Búsqueda de hiperparámetros (Optuna) en muestra de Training ===
2025-01-09 23:08:49 - INFO - No se han identificado características categóricas.
2025-01-09 23:08:49 - INFO - Columnas extra eliminadas: ['future_close', 'change_pct']
2025-01-09 23:08:49 - WARNING - Estas columnas están 100% NaN y se eliminarán antes de imputar: ['VWAP', 'ATR']
2025-01-09 23:08:49 - INFO - Dataset preparado: 2355 filas, 21 features (después de imputación).
2025-01-09 23:08:49 - INFO - Balance de clases tras SMOTETomek:
target
0.0    965
1.0    965
Name: count, dtype: int64
2025-01-09 23:08:49 - INFO - Balance de clases tras SMOTETomek:
target
0.0    965
1.0    965
Name: count, dtype: int64
2025-01-09 23:08:50 - INFO - Balance de clases tras SMOTETomek:
target
0.0    964
1.0    964
Name: count, dtype: int64
2025-01-09 23:08:50 - INFO - Balance de clases tras SMOTETomek:
target
0.0    964
1.0    964
Name: count, dtype: int64
2025-01-09 23:08:51 - INFO - Balance de clases tras SMOTETomek:
target
0.0    965
1.0    965
Name: count, dtype: int64
2025-01-09 23:08:51 - INFO - Balance de clases tras SMOTETomek:
target
0.0    965
1.0    965
Name: count, dtype: int64
2025-01-09 23:08:52 - INFO - Balance de clases tras SMOTETomek:
target
0.0    967
1.0    967
Name: count, dtype: int64
2025-01-09 23:08:53 - INFO - Balance de clases tras SMOTETomek:
target
0.0    967
1.0    967
Name: count, dtype: int64
2025-01-09 23:08:53 - INFO - Balance de clases tras SMOTETomek:
target
0.0    968
1.0    968
Name: count, dtype: int64
2025-01-09 23:08:54 - INFO - Balance de clases tras SMOTETomek:
target
0.0    965
1.0    965
Name: count, dtype: int64
2025-01-09 23:08:54 - INFO - Balance de clases tras SMOTETomek:
target
0.0    968
1.0    968
Name: count, dtype: int64
2025-01-09 23:08:54 - INFO - Balance de clases tras SMOTETomek:
target
0.0    964
1.0    964
Name: count, dtype: int64
2025-01-09 23:08:55 - INFO - Balance de clases tras SMOTETomek:
target
0.0    965
1.0    965
Name: count, dtype: int64
2025-01-09 23:08:55 - INFO - Balance de clases tras SMOTETomek:
target
0.0    965
1.0    965
Name: count, dtype: int64
2025-01-09 23:08:56 - INFO - Balance de clases tras SMOTETomek:
target
0.0    967
1.0    967
Name: count, dtype: int64
2025-01-09 23:08:57 - INFO - Balance de clases tras SMOTETomek:
target
0.0    964
1.0    964
Name: count, dtype: int64
2025-01-09 23:08:57 - INFO - Balance de clases tras SMOTETomek:
target
0.0    968
1.0    968
Name: count, dtype: int64
2025-01-09 23:08:57 - INFO - Balance de clases tras SMOTETomek:
target
0.0    965
1.0    965
Name: count, dtype: int64
2025-01-09 23:08:58 - INFO - Balance de clases tras SMOTETomek:
target
0.0    965
1.0    965
Name: count, dtype: int64
2025-01-09 23:08:59 - INFO - Balance de clases tras SMOTETomek:
target
0.0    964
1.0    964
Name: count, dtype: int64
2025-01-09 23:08:59 - INFO - Balance de clases tras SMOTETomek:
target
0.0    967
1.0    967
Name: count, dtype: int64
2025-01-09 23:09:00 - INFO - Balance de clases tras SMOTETomek:
target
0.0    965
1.0    965
Name: count, dtype: int64
2025-01-09 23:09:00 - INFO - Balance de clases tras SMOTETomek:
target
0.0    968
1.0    968
Name: count, dtype: int64
2025-01-09 23:09:01 - INFO - Balance de clases tras SMOTETomek:
target
0.0    967
1.0    967
Name: count, dtype: int64
2025-01-09 23:09:02 - INFO - Balance de clases tras SMOTETomek:
target
0.0    965
1.0    965
Name: count, dtype: int64
2025-01-09 23:09:02 - INFO - Balance de clases tras SMOTETomek:
target
0.0    968
1.0    968
Name: count, dtype: int64
2025-01-09 23:09:02 - INFO - Balance de clases tras SMOTETomek:
target
0.0    964
1.0    964
Name: count, dtype: int64
2025-01-09 23:09:03 - INFO - Balance de clases tras SMOTETomek:
target
0.0    965
1.0    965
Name: count, dtype: int64
2025-01-09 23:09:03 - INFO - Balance de clases tras SMOTETomek:
target
0.0    965
1.0    965
Name: count, dtype: int64
2025-01-09 23:09:04 - INFO - Balance de clases tras SMOTETomek:
target
0.0    964
1.0    964
Name: count, dtype: int64
2025-01-09 23:09:04 - INFO - Balance de clases tras SMOTETomek:
target
0.0    967
1.0    967
Name: count, dtype: int64
2025-01-09 23:09:04 - INFO - Balance de clases tras SMOTETomek:
target
0.0    965
1.0    965
Name: count, dtype: int64
2025-01-09 23:09:05 - INFO - Balance de clases tras SMOTETomek:
target
0.0    968
1.0    968
Name: count, dtype: int64
2025-01-09 23:09:05 - INFO - Balance de clases tras SMOTETomek:
target
0.0    967
1.0    967
Name: count, dtype: int64
2025-01-09 23:09:06 - INFO - Balance de clases tras SMOTETomek:
target
0.0    965
1.0    965
Name: count, dtype: int64
2025-01-09 23:09:06 - INFO - Balance de clases tras SMOTETomek:
target
0.0    968
1.0    968
Name: count, dtype: int64
2025-01-09 23:09:06 - INFO - Balance de clases tras SMOTETomek:
target
0.0    965
1.0    965
Name: count, dtype: int64
2025-01-09 23:09:07 - INFO - Balance de clases tras SMOTETomek:
target
0.0    964
1.0    964
Name: count, dtype: int64
2025-01-09 23:09:07 - INFO - Balance de clases tras SMOTETomek:
target
0.0    964
1.0    964
Name: count, dtype: int64
2025-01-09 23:09:08 - INFO - Balance de clases tras SMOTETomek:
target
0.0    965
1.0    965
Name: count, dtype: int64
2025-01-09 23:09:08 - INFO - Balance de clases tras SMOTETomek:
target
0.0    965
1.0    965
Name: count, dtype: int64
2025-01-09 23:09:09 - INFO - Balance de clases tras SMOTETomek:
target
0.0    967
1.0    967
Name: count, dtype: int64
2025-01-09 23:09:09 - INFO - Balance de clases tras SMOTETomek:
target
0.0    967
1.0    967
Name: count, dtype: int64
2025-01-09 23:09:10 - INFO - Balance de clases tras SMOTETomek:
target
0.0    968
1.0    968
Name: count, dtype: int64
2025-01-09 23:09:10 - INFO - Balance de clases tras SMOTETomek:
target
0.0    968
1.0    968
Name: count, dtype: int64
2025-01-09 23:09:10 - INFO - Balance de clases tras SMOTETomek:
target
0.0    965
1.0    965
Name: count, dtype: int64
2025-01-09 23:09:11 - INFO - Balance de clases tras SMOTETomek:
target
0.0    965
1.0    965
Name: count, dtype: int64
2025-01-09 23:09:11 - INFO - Balance de clases tras SMOTETomek:
target
0.0    964
1.0    964
Name: count, dtype: int64
2025-01-09 23:09:12 - INFO - Balance de clases tras SMOTETomek:
target
0.0    965
1.0    965
Name: count, dtype: int64
2025-01-09 23:09:13 - INFO - Balance de clases tras SMOTETomek:
target
0.0    967
1.0    967
Name: count, dtype: int64
2025-01-09 23:09:13 - INFO - Balance de clases tras SMOTETomek:
target
0.0    968
1.0    968
Name: count, dtype: int64
2025-01-09 23:09:13 - INFO - Balance de clases tras SMOTETomek:
target
0.0    964
1.0    964
Name: count, dtype: int64
2025-01-09 23:09:14 - INFO - Balance de clases tras SMOTETomek:
target
0.0    965
1.0    965
Name: count, dtype: int64
2025-01-09 23:09:16 - INFO - Balance de clases tras SMOTETomek:
target
0.0    964
1.0    964
Name: count, dtype: int64
2025-01-09 23:09:16 - INFO - Balance de clases tras SMOTETomek:
target
0.0    965
1.0    965
Name: count, dtype: int64
2025-01-09 23:09:18 - INFO - Balance de clases tras SMOTETomek:
target
0.0    965
1.0    965
Name: count, dtype: int64
2025-01-09 23:09:19 - INFO - Balance de clases tras SMOTETomek:
target
0.0    967
1.0    967
Name: count, dtype: int64
2025-01-09 23:09:20 - INFO - Balance de clases tras SMOTETomek:
target
0.0    967
1.0    967
Name: count, dtype: int64
2025-01-09 23:09:22 - INFO - Balance de clases tras SMOTETomek:
target
0.0    968
1.0    968
Name: count, dtype: int64
2025-01-09 23:09:22 - INFO - Balance de clases tras SMOTETomek:
target
0.0    968
1.0    968
Name: count, dtype: int64
2025-01-09 23:09:24 - INFO - Balance de clases tras SMOTETomek:
target
0.0    965
1.0    965
Name: count, dtype: int64
2025-01-09 23:09:25 - INFO - Balance de clases tras SMOTETomek:
target
0.0    965
1.0    965
Name: count, dtype: int64
2025-01-09 23:09:26 - INFO - Balance de clases tras SMOTETomek:
target
0.0    964
1.0    964
Name: count, dtype: int64
2025-01-09 23:09:27 - INFO - Balance de clases tras SMOTETomek:
target
0.0    964
1.0    964
Name: count, dtype: int64
2025-01-09 23:09:29 - INFO - Balance de clases tras SMOTETomek:
target
0.0    965
1.0    965
Name: count, dtype: int64
2025-01-09 23:09:32 - INFO - Balance de clases tras SMOTETomek:
target
0.0    965
1.0    965
Name: count, dtype: int64
2025-01-09 23:09:32 - INFO - Balance de clases tras SMOTETomek:
target
0.0    967
1.0    967
Name: count, dtype: int64
2025-01-09 23:09:34 - INFO - Balance de clases tras SMOTETomek:
target
0.0    968
1.0    968
Name: count, dtype: int64
2025-01-09 23:09:35 - INFO - Balance de clases tras SMOTETomek:
target
0.0    967
1.0    967
Name: count, dtype: int64
2025-01-09 23:09:36 - INFO - Balance de clases tras SMOTETomek:
target
0.0    965
1.0    965
Name: count, dtype: int64
2025-01-09 23:09:37 - INFO - Balance de clases tras SMOTETomek:
target
0.0    968
1.0    968
Name: count, dtype: int64
2025-01-09 23:09:38 - INFO - Balance de clases tras SMOTETomek:
target
0.0    964
1.0    964
Name: count, dtype: int64
2025-01-09 23:09:41 - INFO - Balance de clases tras SMOTETomek:
target
0.0    965
1.0    965
Name: count, dtype: int64
2025-01-09 23:09:43 - INFO - Balance de clases tras SMOTETomek:
target
0.0    967
1.0    967
Name: count, dtype: int64
2025-01-09 23:09:45 - INFO - Balance de clases tras SMOTETomek:
target
0.0    968
1.0    968
Name: count, dtype: int64
2025-01-09 23:09:47 - INFO - Mejor Precision: 0.9218
2025-01-09 23:09:47 - INFO - Mejores parámetros: {'max_depth': 8, 'learning_rate': 0.03180414714254751, 'n_estimators': 484, 'subsample': 0.7602304435415558, 'colsample_bytree': 0.7234572232807787, 'gamma': 0.009148810882732672, 'reg_alpha': 0.3767081624254205, 'reg_lambda': 0.9554548846265446}
2025-01-09 23:09:47 - INFO - === Entrenando Pipeline Final con TODO el Training ===
2025-01-09 23:09:47 - INFO - Columnas extra eliminadas: ['future_close', 'change_pct']
2025-01-09 23:09:47 - WARNING - Estas columnas están 100% NaN y se eliminarán antes de imputar: ['VWAP', 'ATR']
2025-01-09 23:09:47 - INFO - Dataset preparado: 4908 filas, 21 features (después de imputación).
2025-01-09 23:09:47 - INFO - Balance de clases tras SMOTETomek:
target
0.0    2486
1.0    2486
Name: count, dtype: int64
2025-01-09 23:09:50 - INFO - Pipeline final entrenado con TODOS los datos de entrenamiento.
2025-01-09 23:09:50 - INFO - Pipeline completo guardado en: ./results/XGBoost_Binario_trained_pipeline.joblib
2025-01-09 23:09:50 - INFO - Parámetros guardados en: ./results/XGBoost_Binario_model_params.txt
2025-01-09 23:09:50 - INFO - Lista de features guardada en: ./results/XGBoost_Binario_feature_cols.txt
2025-01-09 23:09:50 - INFO - Columnas de indicadores existentes eliminadas: ['RSI', 'MACD', 'MACDs', 'MACDh', 'VWAP', 'OBV', 'BBL', 'BBM', 'BBU', 'ATR', 'STOCHk', 'STOCHd', 'CCI', 'SMA_10', 'SMA_50', 'SMA_200', 'EMA_10', 'EMA_50']
2025-01-09 23:09:50 - INFO - Indicadores técnicos agregados. Filas antes: 1636, después: 1437 (descartadas: 199)
2025-01-09 23:09:50 - INFO - Columnas renombradas: {'RSI_14': 'RSI', 'MACD_12_26_9': 'MACD', 'MACDs_12_26_9': 'MACDs', 'MACDh_12_26_9': 'MACDh', 'VWAP': 'VWAP', 'BBL_20_2.0': 'BBL', 'BBM_20_2.0': 'BBM', 'BBU_20_2.0': 'BBU', 'ATR_14': 'ATR', 'STOCHk_14_3_3': 'STOCHk', 'STOCHd_14_3_3': 'STOCHd', 'CCI_14_0.015': 'CCI', 'SMA_10': 'SMA_10', 'SMA_50': 'SMA_50', 'SMA_200': 'SMA_200', 'EMA_10': 'EMA_10', 'EMA_50': 'EMA_50'}
2025-01-09 23:09:50 - WARNING - Columna faltante 'VWAP' añadida con NaN.
2025-01-09 23:09:50 - WARNING - Columna faltante 'ATR' añadida con NaN.
2025-01-09 23:09:50 - INFO - Target binario con look_ahead=14, min_change=0.04
2025-01-09 23:09:50 - INFO - Distribución de clases (0=Vender, 1=Comprar):
target
1.0    538
0.0    495
Name: count, dtype: int64
2025-01-09 23:09:50 - INFO - Muestra de datos con target:
                        close  future_close  change_pct  target
open_time                                                      
2022-06-07 17:45:00  29943.75      26574.53   -0.112518     0.0
2024-01-12 14:15:00  45882.95      67770.01    0.477019     1.0
2023-03-13 12:15:00  22109.32      24391.17    0.103208     1.0
2021-06-26 21:00:00  31022.11      32871.09    0.059602     1.0
2021-10-06 10:45:00  51160.35      57126.92    0.116625     1.0
2022-11-09 14:30:00  17689.68      16784.64   -0.051162     0.0
2022-05-12 22:45:00  28821.52      30425.61    0.055656     1.0
2021-07-20 00:45:00  30801.12      35803.62    0.162413     1.0
2024-03-06 01:45:00  63108.60      68550.40    0.086229     1.0
2024-08-08 13:45:00  57266.73      62113.37    0.084633     1.0
2025-01-09 23:09:50 - INFO - Columnas extra eliminadas: ['change_pct', 'future_close']
2025-01-09 23:09:50 - WARNING - Estas columnas están 100% NaN y se eliminarán antes de imputar: ['VWAP', 'ATR']
2025-01-09 23:09:50 - INFO - Dataset preparado: 1033 filas, 21 features (después de imputación).
2025-01-09 23:09:50 - INFO - === Evaluación en Test ===
2025-01-09 23:09:50 - INFO - Matriz de confusión [0=Vender, 1=Comprar]:
[[281 214]
 [312 226]]
2025-01-09 23:09:50 - INFO - Reporte de Clasificación:
              precision    recall  f1-score   support

      Vender       0.47      0.57      0.52       495
     Comprar       0.51      0.42      0.46       538

    accuracy                           0.49      1033
   macro avg       0.49      0.49      0.49      1033
weighted avg       0.49      0.49      0.49      1033

2025-01-09 23:09:50 - INFO - Precision: 0.5136
2025-01-09 23:09:50 - INFO - F1-score: 0.4622
2025-01-09 23:09:50 - INFO - Recall: 0.4201
2025-01-09 23:09:50 - INFO - Balanced Accuracy: 0.4939
2025-01-09 23:09:50 - INFO - MCC: -0.0124
2025-01-09 23:09:50 - INFO - AUC: 0.5048
2025-01-09 23:09:52 - INFO - Precision final en Test: 0.5136
2025-01-09 23:09:52 - INFO - Importancia de características guardada en ./results/feature_importances_binary.csv.
2025-01-09 23:09:53 - INFO - Gráfico de importancia de características guardado.
2025-01-09 23:09:53 - INFO - Calculando valores SHAP...
2025-01-09 23:09:56 - INFO - SHAP analysis completado y guardado.
2025-01-09 23:09:56 - INFO - Señales generadas con umbral=0.72
2025-01-09 23:09:56 - INFO - Señales filtradas por tendencia.
2025-01-09 23:09:56 - INFO - Señales guardadas en: ./results/signals_binary.csv
2025-01-09 23:09:56 - INFO - === Proceso Completado con Éxito ===
