2025-01-02 00:47:44 - INFO - Datos cargados desde /Users/oscarr/Desarrollo/Python0/ApiBinance/ML/data/processed/BTCUSDT_15m_processed.csv, filas: 251797
2025-01-02 00:47:45 - INFO - Indicadores técnicos agregados al DataFrame.
2025-01-02 00:47:45 - INFO - feature_columns.pkl actualizado con nuevas características.
2025-01-02 00:47:46 - INFO - Target binario con look_ahead=8, min_change=0.005
2025-01-02 00:47:46 - INFO - Distribución de clases (0/1):
target
0    200095
1     51645
Name: count, dtype: int64
2025-01-02 00:47:46 - INFO - División de datos en train y test completada.
2025-01-02 00:47:46 - INFO - === Buscando hiperparámetros (Optuna) en una muestra del training ===
2025-01-02 00:47:46 - INFO - Características cargadas desde: /Users/oscarr/Desarrollo/Python0/ApiBinance/ML/data/processed/feature_columns.pkl
2025-01-02 00:50:32 - INFO - Mejor valor de F1: 0.4024
2025-01-02 00:50:32 - INFO - Mejores parámetros: {'max_depth': 7, 'learning_rate': 0.004395326992500346, 'n_estimators': 106, 'subsample': 0.7911711854005983, 'colsample_bytree': 0.7162298771286364, 'gamma': 0.23263629857941087, 'reg_alpha': 0.06997530170974053, 'reg_lambda': 0.0021801344644883478}
2025-01-02 00:50:32 - INFO - === Entrenando Pipeline Final con TODO el training ===
2025-01-02 00:50:40 - INFO - Pipeline final entrenado con todos los datos de entrenamiento (binario).
2025-01-02 00:50:40 - INFO - Modelo guardado en: /Users/oscarr/Desarrollo/Python0/ApiBinance/results/XGBoost_Binario_trained_pipeline.joblib
2025-01-02 00:50:40 - INFO - Parámetros guardados en: /Users/oscarr/Desarrollo/Python0/ApiBinance/results/XGBoost_Binario_model_params.txt
2025-01-02 00:50:40 - INFO - Lista de features guardada en: /Users/oscarr/Desarrollo/Python0/ApiBinance/results/XGBoost_Binario_feature_cols.txt
2025-01-02 00:50:40 - INFO - Indicadores técnicos agregados al DataFrame.
2025-01-02 00:50:40 - INFO - Target binario con look_ahead=8, min_change=0.005
2025-01-02 00:50:40 - INFO - Distribución de clases (0/1):
target
0    43060
1     7231
Name: count, dtype: int64
2025-01-02 00:50:40 - ERROR - Inconsistencia en el número de características: se esperan 67, pero se obtienen 75
