2025-01-03 00:06:42 - INFO - Datos cargados desde ML/data/processed/BTCUSDT_15m_processed.csv, filas: 251947
2025-01-03 00:06:43 - INFO - Columnas de indicadores técnicos existentes eliminadas: ['OBV']
2025-01-03 00:06:43 - INFO - Indicadores técnicos agregados al DataFrame. Filas antes: 251947, después: 251898
2025-01-03 00:06:43 - INFO - Columnas después de agregar indicadores técnicos: ['open', 'high', 'low', 'close', 'volume', 'close_time', 'quote_asset_volume', 'number_of_trades', 'taker_buy_base_asset_volume', 'taker_buy_quote_asset_volume', 'ignore', 'RSI_14', 'MACD_12_26_9', 'MACDh_12_26_9', 'MACDs_12_26_9', 'SMA_10', 'SMA_50', 'EMA_10', 'EMA_50', 'VWAP_D', 'BBL_20_2.0', 'BBM_20_2.0', 'BBU_20_2.0', 'BBB_20_2.0', 'BBP_20_2.0', 'ATRr_14', 'STOCHk_14_3_3', 'STOCHd_14_3_3', 'CCI_14_0.015', 'hour_of_day', 'day_of_week', 'is_weekend', 'RSI_14_', 'MACD_12_26_9_', 'MACDh_12_26_9_', 'MACDs_12_26_9_', 'SMA_10_', 'SMA_50_', 'EMA_10_', 'EMA_50_', 'VWAP_D_', 'OBV_', 'BBL_20_2.0_', 'BBM_20_2.0_', 'BBU_20_2.0_', 'BBB_20_2.0_', 'BBP_20_2.0_', 'ATRr_14_', 'STOCHk_14_3_3_', 'STOCHd_14_3_3_', 'CCI_14_0.015_']
2025-01-03 00:06:43 - INFO - Columnas renombradas: {'RSI_14': 'RSI', 'RSI_14_': 'RSI_', 'MACD_12_26_9': 'MACD', 'MACD_12_26_9_': 'MACD_', 'MACDh_12_26_9': 'MACDh', 'MACDh_12_26_9_': 'MACDh_', 'MACDs_12_26_9': 'MACDs', 'MACDs_12_26_9_': 'MACDs_', 'VWAP_D': 'VWAP', 'VWAP_D_': 'VWAP_', 'BBL_20_2.0': 'BBL', 'BBL_20_2.0_': 'BBL_', 'BBM_20_2.0': 'BBM', 'BBM_20_2.0_': 'BBM_', 'BBU_20_2.0': 'BBU', 'BBU_20_2.0_': 'BBU_', 'ATRr_14': 'ATR', 'ATRr_14_': 'ATR_', 'STOCHk_14_3_3': 'STOCHk', 'STOCHk_14_3_3_': 'STOCHk_', 'STOCHd_14_3_3': 'STOCHd', 'STOCHd_14_3_3_': 'STOCHd_', 'CCI_14_0.015': 'CCI', 'CCI_14_0.015_': 'CCI_'}
2025-01-03 00:06:43 - INFO - Columnas duplicadas eliminadas: ['RSI_', 'MACD_', 'MACDh_', 'MACDs_', 'SMA_10_', 'SMA_50_', 'EMA_10_', 'EMA_50_', 'VWAP_', 'OBV_', 'BBL_', 'BBM_', 'BBU_', 'BBB_20_2.0_', 'BBP_20_2.0_', 'ATR_', 'STOCHk_', 'STOCHd_', 'CCI_']
2025-01-03 00:06:43 - WARNING - La columna 'OBV' no está presente después de agregar indicadores. Añadiendo 'OBV' con valor 0.
2025-01-03 00:06:44 - INFO - Target binario mejorado con look_ahead=46, min_change=0.008, max_change=0.18
2025-01-03 00:06:44 - INFO - Distribución de clases (0/1):
target
0    177772
1     73949
Name: count, dtype: int64
2025-01-03 00:06:44 - INFO - División de datos en train y test completada.
2025-01-03 00:06:44 - INFO - === Buscando hiperparámetros (Optuna) en una muestra del training ===
2025-01-03 00:06:44 - INFO - Características utilizadas: ['open', 'high', 'low', 'close', 'volume', 'hour_of_day', 'day_of_week', 'is_weekend', 'RSI', 'MACD', 'MACDs', 'MACDh', 'SMA_10', 'SMA_50', 'EMA_10', 'EMA_50', 'VWAP', 'OBV', 'BBL', 'BBM', 'BBU', 'ATR', 'STOCHk', 'STOCHd', 'CCI']
2025-01-03 00:06:44 - INFO - No se han identificado características categóricas.
2025-01-03 00:06:44 - INFO - Columnas presentes en el DataFrame: ['open', 'high', 'low', 'close', 'volume', 'close_time', 'quote_asset_volume', 'number_of_trades', 'taker_buy_base_asset_volume', 'taker_buy_quote_asset_volume', 'ignore', 'RSI', 'MACD', 'MACDh', 'MACDs', 'SMA_10', 'SMA_50', 'EMA_10', 'EMA_50', 'VWAP', 'BBL', 'BBM', 'BBU', 'BBB_20_2.0', 'BBP_20_2.0', 'ATR', 'STOCHk', 'STOCHd', 'CCI', 'hour_of_day', 'day_of_week', 'is_weekend', 'OBV', 'future_close', 'change_pct', 'target']
2025-01-03 00:06:44 - INFO - Columnas eliminadas durante la preparación: ['close_time', 'quote_asset_volume', 'number_of_trades', 'taker_buy_base_asset_volume', 'taker_buy_quote_asset_volume', 'ignore', 'BBB_20_2.0', 'BBP_20_2.0', 'future_close', 'change_pct']
2025-01-03 00:06:44 - INFO - Conjunto de datos preparado con 84955 filas y 25 características.
2025-01-03 00:06:44 - INFO - Tipo de y_train_sample: <class 'pandas.core.series.Series'>
2025-01-03 00:06:44 - INFO - Shape de y_train_sample: (84955,)
2025-01-03 00:06:44 - INFO - Después de SMOTE: target
0    7718
1    7718
Name: count, dtype: int64
2025-01-03 00:06:44 - INFO - Después de SMOTE: target
0    7718
1    7718
Name: count, dtype: int64
2025-01-03 00:06:46 - INFO - Después de SMOTE: target
0    16582
1    16582
Name: count, dtype: int64
2025-01-03 00:06:47 - INFO - Después de SMOTE: target
0    16582
1    16582
Name: count, dtype: int64
2025-01-03 00:06:48 - INFO - Después de SMOTE: target
0    27335
1    27335
Name: count, dtype: int64
2025-01-03 00:06:50 - INFO - Después de SMOTE: target
0    38657
1    38657
Name: count, dtype: int64
2025-01-03 00:06:51 - INFO - Después de SMOTE: target
0    27335
1    27335
Name: count, dtype: int64
2025-01-03 00:06:54 - INFO - Después de SMOTE: target
0    47595
1    47595
Name: count, dtype: int64
2025-01-03 00:06:56 - INFO - Después de SMOTE: target
0    38657
1    38657
Name: count, dtype: int64
2025-01-03 00:06:57 - INFO - Después de SMOTE: target
0    7718
1    7718
Name: count, dtype: int64
2025-01-03 00:06:58 - INFO - Después de SMOTE: target
0    16582
1    16582
Name: count, dtype: int64
2025-01-03 00:07:00 - INFO - Después de SMOTE: target
0    27335
1    27335
Name: count, dtype: int64
2025-01-03 00:07:02 - INFO - Después de SMOTE: target
0    38657
1    38657
Name: count, dtype: int64
2025-01-03 00:07:03 - INFO - Después de SMOTE: target
0    47595
1    47595
Name: count, dtype: int64
2025-01-03 00:07:05 - INFO - Después de SMOTE: target
0    47595
1    47595
Name: count, dtype: int64
2025-01-03 00:07:07 - INFO - Después de SMOTE: target
0    7718
1    7718
Name: count, dtype: int64
2025-01-03 00:07:08 - INFO - Después de SMOTE: target
0    16582
1    16582
Name: count, dtype: int64
2025-01-03 00:07:08 - INFO - Después de SMOTE: target
0    7718
1    7718
Name: count, dtype: int64
2025-01-03 00:07:09 - INFO - Después de SMOTE: target
0    27335
1    27335
Name: count, dtype: int64
2025-01-03 00:07:10 - INFO - Después de SMOTE: target
0    16582
1    16582
Name: count, dtype: int64
2025-01-03 00:07:11 - INFO - Después de SMOTE: target
0    38657
1    38657
Name: count, dtype: int64
2025-01-03 00:07:12 - INFO - Después de SMOTE: target
0    27335
1    27335
Name: count, dtype: int64
2025-01-03 00:07:14 - INFO - Después de SMOTE: target
0    47595
1    47595
Name: count, dtype: int64
2025-01-03 00:07:15 - INFO - Después de SMOTE: target
0    38657
1    38657
Name: count, dtype: int64
2025-01-03 00:07:16 - INFO - Después de SMOTE: target
0    7718
1    7718
Name: count, dtype: int64
2025-01-03 00:07:18 - INFO - Después de SMOTE: target
0    16582
1    16582
Name: count, dtype: int64
2025-01-03 00:07:19 - INFO - Después de SMOTE: target
0    47595
1    47595
Name: count, dtype: int64
2025-01-03 00:07:21 - INFO - Después de SMOTE: target
0    27335
1    27335
Name: count, dtype: int64
2025-01-03 00:07:21 - INFO - Después de SMOTE: target
0    7718
1    7718
Name: count, dtype: int64
2025-01-03 00:07:22 - INFO - Después de SMOTE: target
0    16582
1    16582
Name: count, dtype: int64
2025-01-03 00:07:24 - INFO - Después de SMOTE: target
0    27335
1    27335
Name: count, dtype: int64
2025-01-03 00:07:25 - INFO - Después de SMOTE: target
0    38657
1    38657
Name: count, dtype: int64
2025-01-03 00:07:26 - INFO - Después de SMOTE: target
0    38657
1    38657
Name: count, dtype: int64
2025-01-03 00:07:29 - INFO - Después de SMOTE: target
0    47595
1    47595
Name: count, dtype: int64
2025-01-03 00:07:30 - INFO - Después de SMOTE: target
0    47595
1    47595
Name: count, dtype: int64
2025-01-03 00:07:31 - INFO - Después de SMOTE: target
0    7718
1    7718
Name: count, dtype: int64
2025-01-03 00:07:32 - INFO - Después de SMOTE: target
0    16582
1    16582
Name: count, dtype: int64
2025-01-03 00:07:34 - INFO - Después de SMOTE: target
0    27335
1    27335
Name: count, dtype: int64
2025-01-03 00:07:34 - INFO - Después de SMOTE: target
0    7718
1    7718
Name: count, dtype: int64
2025-01-03 00:07:35 - INFO - Después de SMOTE: target
0    16582
1    16582
Name: count, dtype: int64
2025-01-03 00:07:37 - INFO - Después de SMOTE: target
0    38657
1    38657
Name: count, dtype: int64
2025-01-03 00:07:37 - INFO - Después de SMOTE: target
0    27335
1    27335
Name: count, dtype: int64
2025-01-03 00:07:39 - INFO - Después de SMOTE: target
0    38657
1    38657
Name: count, dtype: int64
2025-01-03 00:07:40 - INFO - Después de SMOTE: target
0    47595
1    47595
Name: count, dtype: int64
2025-01-03 00:07:42 - INFO - Después de SMOTE: target
0    47595
1    47595
Name: count, dtype: int64
2025-01-03 00:07:43 - INFO - Después de SMOTE: target
0    7718
1    7718
Name: count, dtype: int64
2025-01-03 00:07:44 - INFO - Después de SMOTE: target
0    7718
1    7718
Name: count, dtype: int64
2025-01-03 00:07:46 - INFO - Después de SMOTE: target
0    16582
1    16582
Name: count, dtype: int64
2025-01-03 00:07:46 - INFO - Después de SMOTE: target
0    16582
1    16582
Name: count, dtype: int64
2025-01-03 00:07:51 - INFO - Después de SMOTE: target
0    27335
1    27335
Name: count, dtype: int64
2025-01-03 00:07:53 - INFO - Después de SMOTE: target
0    27335
1    27335
Name: count, dtype: int64
2025-01-03 00:07:55 - INFO - Después de SMOTE: target
0    38657
1    38657
Name: count, dtype: int64
2025-01-03 00:07:58 - INFO - Después de SMOTE: target
0    38657
1    38657
Name: count, dtype: int64
2025-01-03 00:08:00 - INFO - Después de SMOTE: target
0    47595
1    47595
Name: count, dtype: int64
2025-01-03 00:08:04 - INFO - Después de SMOTE: target
0    7718
1    7718
Name: count, dtype: int64
2025-01-03 00:08:05 - INFO - Después de SMOTE: target
0    47595
1    47595
Name: count, dtype: int64
2025-01-03 00:08:06 - INFO - Después de SMOTE: target
0    16582
1    16582
Name: count, dtype: int64
2025-01-03 00:08:08 - INFO - Después de SMOTE: target
0    27335
1    27335
Name: count, dtype: int64
2025-01-03 00:08:10 - INFO - Después de SMOTE: target
0    38657
1    38657
Name: count, dtype: int64
2025-01-03 00:08:10 - INFO - Después de SMOTE: target
0    7718
1    7718
Name: count, dtype: int64
2025-01-03 00:08:12 - INFO - Después de SMOTE: target
0    16582
1    16582
Name: count, dtype: int64
2025-01-03 00:08:14 - INFO - Después de SMOTE: target
0    47595
1    47595
Name: count, dtype: int64
2025-01-03 00:08:14 - INFO - Después de SMOTE: target
0    27335
1    27335
Name: count, dtype: int64
2025-01-03 00:08:16 - INFO - Después de SMOTE: target
0    7718
1    7718
Name: count, dtype: int64
2025-01-03 00:08:16 - INFO - Después de SMOTE: target
0    38657
1    38657
Name: count, dtype: int64
2025-01-03 00:08:18 - INFO - Después de SMOTE: target
0    16582
1    16582
Name: count, dtype: int64
2025-01-03 00:08:21 - INFO - Después de SMOTE: target
0    47595
1    47595
Name: count, dtype: int64
2025-01-03 00:08:23 - INFO - Después de SMOTE: target
0    27335
1    27335
Name: count, dtype: int64
2025-01-03 00:08:26 - INFO - Después de SMOTE: target
0    7718
1    7718
Name: count, dtype: int64
2025-01-03 00:08:26 - INFO - Después de SMOTE: target
0    38657
1    38657
Name: count, dtype: int64
2025-01-03 00:08:28 - INFO - Después de SMOTE: target
0    16582
1    16582
Name: count, dtype: int64
2025-01-03 00:08:31 - INFO - Después de SMOTE: target
0    27335
1    27335
Name: count, dtype: int64
2025-01-03 00:08:31 - INFO - Después de SMOTE: target
0    47595
1    47595
Name: count, dtype: int64
2025-01-03 00:08:34 - INFO - Después de SMOTE: target
0    7718
1    7718
Name: count, dtype: int64
2025-01-03 00:08:34 - INFO - Después de SMOTE: target
0    38657
1    38657
Name: count, dtype: int64
2025-01-03 00:08:36 - INFO - Después de SMOTE: target
0    16582
1    16582
Name: count, dtype: int64
2025-01-03 00:08:38 - INFO - Después de SMOTE: target
0    27335
1    27335
Name: count, dtype: int64
2025-01-03 00:08:39 - INFO - Después de SMOTE: target
0    47595
1    47595
Name: count, dtype: int64
2025-01-03 00:08:41 - INFO - Después de SMOTE: target
0    38657
1    38657
Name: count, dtype: int64
2025-01-03 00:08:43 - INFO - Después de SMOTE: target
0    7718
1    7718
Name: count, dtype: int64
2025-01-03 00:08:46 - INFO - Después de SMOTE: target
0    16582
1    16582
Name: count, dtype: int64
2025-01-03 00:08:46 - INFO - Después de SMOTE: target
0    47595
1    47595
Name: count, dtype: int64
2025-01-03 00:08:48 - INFO - Después de SMOTE: target
0    27335
1    27335
Name: count, dtype: int64
2025-01-03 00:08:49 - INFO - Después de SMOTE: target
0    7718
1    7718
Name: count, dtype: int64
2025-01-03 00:08:51 - INFO - Después de SMOTE: target
0    38657
1    38657
Name: count, dtype: int64
2025-01-03 00:08:51 - INFO - Después de SMOTE: target
0    16582
1    16582
Name: count, dtype: int64
2025-01-03 00:08:54 - INFO - Después de SMOTE: target
0    27335
1    27335
Name: count, dtype: int64
2025-01-03 00:08:55 - INFO - Después de SMOTE: target
0    47595
1    47595
Name: count, dtype: int64
2025-01-03 00:08:58 - INFO - Después de SMOTE: target
0    38657
1    38657
Name: count, dtype: int64
2025-01-03 00:08:58 - INFO - Después de SMOTE: target
0    7718
1    7718
Name: count, dtype: int64
2025-01-03 00:09:00 - INFO - Después de SMOTE: target
0    16582
1    16582
Name: count, dtype: int64
2025-01-03 00:09:02 - INFO - Después de SMOTE: target
0    47595
1    47595
Name: count, dtype: int64
2025-01-03 00:09:03 - INFO - Después de SMOTE: target
0    27335
1    27335
Name: count, dtype: int64
2025-01-03 00:09:05 - INFO - Después de SMOTE: target
0    7718
1    7718
Name: count, dtype: int64
2025-01-03 00:09:06 - INFO - Después de SMOTE: target
0    38657
1    38657
Name: count, dtype: int64
2025-01-03 00:09:07 - INFO - Después de SMOTE: target
0    16582
1    16582
Name: count, dtype: int64
2025-01-03 00:09:09 - INFO - Después de SMOTE: target
0    27335
1    27335
Name: count, dtype: int64
2025-01-03 00:09:10 - INFO - Después de SMOTE: target
0    47595
1    47595
Name: count, dtype: int64
2025-01-03 00:09:12 - INFO - Después de SMOTE: target
0    38657
1    38657
Name: count, dtype: int64
2025-01-03 00:09:15 - INFO - Después de SMOTE: target
0    7718
1    7718
Name: count, dtype: int64
2025-01-03 00:09:17 - INFO - Después de SMOTE: target
0    47595
1    47595
Name: count, dtype: int64
2025-01-03 00:09:18 - INFO - Después de SMOTE: target
0    16582
1    16582
Name: count, dtype: int64
2025-01-03 00:09:20 - INFO - Después de SMOTE: target
0    7718
1    7718
Name: count, dtype: int64
2025-01-03 00:09:21 - INFO - Después de SMOTE: target
0    27335
1    27335
Name: count, dtype: int64
2025-01-03 00:09:22 - INFO - Después de SMOTE: target
0    16582
1    16582
Name: count, dtype: int64
2025-01-03 00:09:24 - INFO - Después de SMOTE: target
0    27335
1    27335
Name: count, dtype: int64
2025-01-03 00:09:25 - INFO - Después de SMOTE: target
0    38657
1    38657
Name: count, dtype: int64
2025-01-03 00:09:27 - INFO - Después de SMOTE: target
0    38657
1    38657
Name: count, dtype: int64
2025-01-03 00:09:29 - INFO - Después de SMOTE: target
0    47595
1    47595
Name: count, dtype: int64
2025-01-03 00:09:31 - INFO - Después de SMOTE: target
0    47595
1    47595
Name: count, dtype: int64
2025-01-03 00:09:33 - INFO - Después de SMOTE: target
0    7718
1    7718
Name: count, dtype: int64
2025-01-03 00:09:34 - INFO - Después de SMOTE: target
0    7718
1    7718
Name: count, dtype: int64
2025-01-03 00:09:34 - INFO - Después de SMOTE: target
0    16582
1    16582
Name: count, dtype: int64
2025-01-03 00:09:35 - INFO - Después de SMOTE: target
0    16582
1    16582
Name: count, dtype: int64
2025-01-03 00:09:37 - INFO - Después de SMOTE: target
0    27335
1    27335
Name: count, dtype: int64
2025-01-03 00:09:37 - INFO - Después de SMOTE: target
0    27335
1    27335
Name: count, dtype: int64
2025-01-03 00:09:40 - INFO - Después de SMOTE: target
0    38657
1    38657
Name: count, dtype: int64
2025-01-03 00:09:41 - INFO - Después de SMOTE: target
0    38657
1    38657
Name: count, dtype: int64
2025-01-03 00:09:43 - INFO - Después de SMOTE: target
0    47595
1    47595
Name: count, dtype: int64
2025-01-03 00:09:45 - INFO - Después de SMOTE: target
0    47595
1    47595
Name: count, dtype: int64
