2025-01-29 19:21:43 - INFO - Datos cargados desde ML/data/processed/BTCUSDT_15m_processed.csv, filas: 257756
2025-01-29 19:21:43 - INFO - Columnas de indicadores existentes eliminadas: ['RSI', 'MACD', 'MACDs', 'MACDh', 'OBV', 'BBL', 'BBM', 'BBU', 'SMA_10', 'SMA_50', 'EMA_10', 'EMA_50']
2025-01-29 19:21:44 - INFO - Indicadores técnicos agregados. Filas antes: 257756, después: 257557 (descartadas: 199)
2025-01-29 19:21:44 - INFO - Columnas renombradas: {'RSI_14': 'RSI', 'MACD_12_26_9': 'MACD', 'MACDs_12_26_9': 'MACDs', 'MACDh_12_26_9': 'MACDh', 'BBL_20_2.0': 'BBL', 'BBM_20_2.0': 'BBM', 'BBU_20_2.0': 'BBU', 'STOCHk_14_3_3': 'STOCHk', 'STOCHd_14_3_3': 'STOCHd', 'CCI_14_0.015': 'CCI', 'SMA_10': 'SMA_10', 'SMA_50': 'SMA_50', 'SMA_200': 'SMA_200', 'EMA_10': 'EMA_10', 'EMA_50': 'EMA_50'}
2025-01-29 19:21:44 - INFO - Target binario con look_ahead=2, min_change=0.032
2025-01-29 19:21:44 - INFO - Distribución de clases (0=Vender, 1=Comprar):
target
0.0    531
1.0    464
Name: count, dtype: int64
2025-01-29 19:21:44 - INFO - Muestra de datos con target:
                        close  future_close  change_pct  target
open_time                                                      
2020-06-01 22:45:00   9739.51      10121.49    0.039220     1.0
2020-03-25 10:00:00   6901.00       6599.64   -0.043669     0.0
2018-01-17 09:45:00  10250.00       9802.84   -0.043625     0.0
2017-12-29 01:30:00  14090.00      14583.98    0.035059     1.0
2022-01-22 10:00:00  34456.37      35634.49    0.034192     1.0
2022-06-18 21:00:00  17996.19      18763.37    0.042630     1.0
2022-11-08 15:45:00  19520.97      20164.98    0.032991     1.0
2019-05-19 00:45:00   7294.19       7539.33    0.033608     1.0
2017-11-30 09:45:00  10055.03       9733.06   -0.032021     0.0
2017-11-30 10:15:00   9733.06       9402.15   -0.033999     0.0
2025-01-29 19:21:44 - INFO - División de datos en Train/Test completada.
2025-01-29 19:21:44 - INFO - === Búsqueda de hiperparámetros (Optuna) en muestra de Training ===
2025-01-29 19:21:44 - INFO - No se han identificado características categóricas.
2025-01-29 19:21:44 - INFO - Columnas extra eliminadas: ['future_close', 'change_pct']
2025-01-29 19:21:44 - INFO - Dataset preparado: 581 filas, 21 features (después de imputación).
2025-01-29 19:21:44 - INFO - Iniciando optimización en Optuna (precisión clase=1)...
2025-01-29 19:21:44 - INFO - Balance de clases tras SMOTETomek:
target
0.0    206
1.0    206
Name: count, dtype: int64
2025-01-29 19:21:44 - INFO - Balance de clases tras SMOTETomek:
target
0.0    212
1.0    212
Name: count, dtype: int64
2025-01-29 19:21:44 - INFO - Balance de clases tras SMOTETomek:
target
0.0    208
1.0    208
Name: count, dtype: int64
2025-01-29 19:21:45 - INFO - Balance de clases tras SMOTETomek:
target
0.0    216
1.0    216
Name: count, dtype: int64
2025-01-29 19:21:45 - INFO - Balance de clases tras SMOTETomek:
target
0.0    212
1.0    212
Name: count, dtype: int64
2025-01-29 19:21:45 - INFO - Balance de clases tras SMOTETomek:
target
0.0    206
1.0    206
Name: count, dtype: int64
2025-01-29 19:21:46 - INFO - Balance de clases tras SMOTETomek:
target
0.0    212
1.0    212
Name: count, dtype: int64
2025-01-29 19:21:46 - INFO - Balance de clases tras SMOTETomek:
target
0.0    208
1.0    208
Name: count, dtype: int64
2025-01-29 19:21:47 - INFO - Balance de clases tras SMOTETomek:
target
0.0    216
1.0    216
Name: count, dtype: int64
2025-01-29 19:21:48 - INFO - Balance de clases tras SMOTETomek:
target
0.0    212
1.0    212
Name: count, dtype: int64
2025-01-29 19:21:49 - INFO - Balance de clases tras SMOTETomek:
target
0.0    206
1.0    206
Name: count, dtype: int64
2025-01-29 19:21:49 - INFO - Balance de clases tras SMOTETomek:
target
0.0    212
1.0    212
Name: count, dtype: int64
2025-01-29 19:21:49 - INFO - Balance de clases tras SMOTETomek:
target
0.0    208
1.0    208
Name: count, dtype: int64
2025-01-29 19:21:50 - INFO - Balance de clases tras SMOTETomek:
target
0.0    216
1.0    216
Name: count, dtype: int64
2025-01-29 19:21:50 - INFO - Balance de clases tras SMOTETomek:
target
0.0    212
1.0    212
Name: count, dtype: int64
2025-01-29 19:21:51 - INFO - Mejor Precisión (clase=1): 0.7010
2025-01-29 19:21:51 - INFO - Mejores parámetros: {'max_depth': 12, 'learning_rate': 0.008106915413271288, 'n_estimators': 212, 'subsample': 0.6453011279660263, 'colsample_bytree': 0.6528408159783664, 'gamma': 0.03711031498483863, 'reg_alpha': 0.08198783075111105, 'reg_lambda': 0.2134399510803413}
2025-01-29 19:21:51 - INFO - === Entrenando Pipeline Final con TODO el Training ===
2025-01-29 19:21:51 - INFO - Columnas extra eliminadas: ['future_close', 'change_pct']
2025-01-29 19:21:51 - INFO - Dataset preparado: 646 filas, 21 features (después de imputación).
2025-01-29 19:21:51 - INFO - Balance de clases tras SMOTETomek:
target
0.0    313
1.0    313
Name: count, dtype: int64
2025-01-29 19:21:51 - INFO - Pipeline final entrenado con scale_pos_weight=1.00
2025-01-29 19:21:51 - INFO - Pipeline completo guardado en: .ML/results/XGBoost_Binario_trained_pipeline.joblib
2025-01-29 19:21:51 - INFO - Parámetros guardados en: .ML/results/XGBoost_Binario_model_params.txt
2025-01-29 19:21:51 - INFO - Lista de features guardada en: .ML/results/XGBoost_Binario_feature_cols.txt
2025-01-29 19:21:51 - INFO - Columnas de indicadores existentes eliminadas: ['RSI', 'MACD', 'MACDs', 'MACDh', 'OBV', 'BBL', 'BBM', 'BBU', 'STOCHk', 'STOCHd', 'CCI', 'SMA_10', 'SMA_50', 'SMA_200', 'EMA_10', 'EMA_50']
2025-01-29 19:21:51 - INFO - Indicadores técnicos agregados. Filas antes: 349, después: 150 (descartadas: 199)
2025-01-29 19:21:51 - INFO - Columnas renombradas: {'RSI_14': 'RSI', 'MACD_12_26_9': 'MACD', 'MACDs_12_26_9': 'MACDs', 'MACDh_12_26_9': 'MACDh', 'BBL_20_2.0': 'BBL', 'BBM_20_2.0': 'BBM', 'BBU_20_2.0': 'BBU', 'STOCHk_14_3_3': 'STOCHk', 'STOCHd_14_3_3': 'STOCHd', 'CCI_14_0.015': 'CCI', 'SMA_10': 'SMA_10', 'SMA_50': 'SMA_50', 'SMA_200': 'SMA_200', 'EMA_10': 'EMA_10', 'EMA_50': 'EMA_50'}
2025-01-29 19:21:51 - INFO - Target binario con look_ahead=2, min_change=0.032
2025-01-29 19:21:51 - INFO - Distribución de clases (0=Vender, 1=Comprar):
target
1.0    59
0.0    56
Name: count, dtype: int64
2025-01-29 19:21:51 - INFO - Muestra de datos con target:
                        close  future_close  change_pct  target
open_time                                                      
2021-11-22 13:00:00  56865.39      51874.03   -0.087775     0.0
2022-03-16 01:45:00  39512.48      30625.84   -0.224907     0.0
2022-06-30 23:15:00  19017.33      19724.38    0.037179     1.0
2021-09-21 21:00:00  40341.72      44906.00    0.113140     1.0
2022-11-10 20:15:00  17491.35      15962.21   -0.087423     0.0
2022-03-16 01:30:00  39249.36      40964.09    0.043688     1.0
2021-05-23 15:45:00  33318.09      38085.39    0.143084     1.0
2022-05-11 13:00:00  29286.77      28169.79   -0.038139     0.0
2021-06-21 06:00:00  34494.77      31406.02   -0.089543     0.0
2021-06-13 19:30:00  37526.95      34494.77   -0.080800     0.0
2025-01-29 19:21:51 - INFO - Columnas extra eliminadas: ['change_pct', 'future_close']
2025-01-29 19:21:51 - INFO - Dataset preparado: 115 filas, 21 features (después de imputación).
2025-01-29 19:21:51 - INFO - === Evaluación en Test ===
2025-01-29 19:21:51 - INFO - Matriz de confusión [0=Vender, 1=Comprar]:
[[22 34]
 [25 34]]
2025-01-29 19:21:51 - INFO - Reporte de Clasificación:
              precision    recall  f1-score   support

      Vender       0.47      0.39      0.43        56
     Comprar       0.50      0.58      0.54        59

    accuracy                           0.49       115
   macro avg       0.48      0.48      0.48       115
weighted avg       0.48      0.49      0.48       115

2025-01-29 19:21:51 - INFO - Precision (clase=1): 0.5000
2025-01-29 19:21:51 - INFO - F1 (clase=1): 0.5354
2025-01-29 19:21:51 - INFO - Recall (clase=1): 0.5763
2025-01-29 19:21:51 - INFO - Balanced Accuracy: 0.4846
2025-01-29 19:21:51 - INFO - MCC: -0.0314
2025-01-29 19:21:51 - INFO - AUC: 0.5148
2025-01-29 19:21:52 - INFO - Precisión final en Test (clase=1): 0.5000
2025-01-29 19:21:52 - INFO - Importancia de características guardada en .ML/results/feature_importances_binary.csv.
2025-01-29 19:21:53 - INFO - Gráfico de importancia de características guardado.
2025-01-29 19:21:53 - INFO - Calculando valores SHAP...
2025-01-29 19:21:54 - INFO - SHAP analysis completado y guardado.
2025-01-29 19:21:54 - INFO - Señales generadas con umbral=0.61
2025-01-29 19:21:54 - INFO - Señales filtradas por tendencia.
2025-01-29 19:21:54 - INFO - Señales guardadas en: .ML/results/signals_binary.csv
2025-01-29 19:21:54 - INFO - === Proceso Completado con Éxito ===
