2025-01-11 18:42:51 - INFO - Datos cargados desde ML/data/processed/BTCUSDT_15m_processed.csv, filas: 254923
2025-01-11 18:42:51 - INFO - Columnas de indicadores existentes eliminadas: ['RSI', 'MACD', 'MACDs', 'MACDh', 'OBV', 'BBL', 'BBM', 'BBU', 'SMA_10', 'SMA_50', 'EMA_10', 'EMA_50']
2025-01-11 18:42:51 - INFO - Indicadores técnicos agregados. Filas antes: 254923, después: 254724 (descartadas: 199)
2025-01-11 18:42:51 - INFO - Columnas renombradas: {'RSI_14': 'RSI', 'MACD_12_26_9': 'MACD', 'MACDs_12_26_9': 'MACDs', 'MACDh_12_26_9': 'MACDh', 'VWAP': 'VWAP', 'BBL_20_2.0': 'BBL', 'BBM_20_2.0': 'BBM', 'BBU_20_2.0': 'BBU', 'ATR_14': 'ATR', 'STOCHk_14_3_3': 'STOCHk', 'STOCHd_14_3_3': 'STOCHd', 'CCI_14_0.015': 'CCI', 'SMA_10': 'SMA_10', 'SMA_50': 'SMA_50', 'SMA_200': 'SMA_200', 'EMA_10': 'EMA_10', 'EMA_50': 'EMA_50'}
2025-01-11 18:42:51 - WARNING - Columna faltante 'VWAP' añadida con NaN.
2025-01-11 18:42:51 - WARNING - Columna faltante 'ATR' añadida con NaN.
2025-01-11 18:42:51 - INFO - Target binario con look_ahead=4, min_change=0.032
2025-01-11 18:42:51 - INFO - Distribución de clases (0=Vender, 1=Comprar):
target
0.0    1329
1.0    1185
Name: count, dtype: int64
2025-01-11 18:42:51 - INFO - Muestra de datos con target:
                        close  future_close  change_pct  target
open_time                                                      
2022-05-11 11:45:00  31533.15      29329.30   -0.069890     0.0
2017-12-30 00:45:00  14288.07      13764.51   -0.036643     0.0
2020-11-18 04:45:00  18369.33      17623.39   -0.040608     0.0
2020-03-17 00:30:00   5004.81       5198.56    0.038713     1.0
2019-10-26 00:15:00   8774.34       9529.82    0.086101     1.0
2023-03-22 18:45:00  28027.99      26667.33   -0.048546     0.0
2017-11-12 08:00:00   6367.00       6000.01   -0.057639     0.0
2018-01-17 07:15:00  10809.99      10446.74   -0.033603     0.0
2018-02-06 10:00:00   6672.28       6376.45   -0.044337     0.0
2020-03-13 01:15:00   4632.40       4230.94   -0.086664     0.0
2025-01-11 18:42:51 - INFO - División de datos en Train/Test completada.
2025-01-11 18:42:51 - INFO - === Búsqueda de hiperparámetros (Optuna) en muestra de Training ===
2025-01-11 18:42:51 - INFO - No se han identificado características categóricas.
2025-01-11 18:42:51 - INFO - Columnas extra eliminadas: ['future_close', 'change_pct']
2025-01-11 18:42:51 - WARNING - Estas columnas están 100% NaN y se eliminarán antes de imputar: ['VWAP', 'ATR']
2025-01-11 18:42:51 - INFO - Dataset preparado: 1470 filas, 21 features (después de imputación).
2025-01-11 18:42:51 - INFO - Balance de clases tras SMOTETomek:
target
0.0    596
1.0    596
Name: count, dtype: int64
2025-01-11 18:42:51 - INFO - Balance de clases tras SMOTETomek:
target
0.0    596
1.0    596
Name: count, dtype: int64
2025-01-11 18:42:52 - INFO - Balance de clases tras SMOTETomek:
target
0.0    594
1.0    594
Name: count, dtype: int64
2025-01-11 18:42:52 - INFO - Balance de clases tras SMOTETomek:
target
0.0    594
1.0    594
Name: count, dtype: int64
2025-01-11 18:42:53 - INFO - Balance de clases tras SMOTETomek:
target
0.0    604
1.0    604
Name: count, dtype: int64
2025-01-11 18:42:53 - INFO - Balance de clases tras SMOTETomek:
target
0.0    604
1.0    604
Name: count, dtype: int64
2025-01-11 18:42:53 - INFO - Balance de clases tras SMOTETomek:
target
1.0    600
0.0    600
Name: count, dtype: int64
2025-01-11 18:42:54 - INFO - Balance de clases tras SMOTETomek:
target
1.0    600
0.0    600
Name: count, dtype: int64
2025-01-11 18:42:54 - INFO - Balance de clases tras SMOTETomek:
target
0.0    604
1.0    604
Name: count, dtype: int64
2025-01-11 18:42:54 - INFO - Balance de clases tras SMOTETomek:
target
0.0    596
1.0    596
Name: count, dtype: int64
2025-01-11 18:42:54 - INFO - Balance de clases tras SMOTETomek:
target
0.0    604
1.0    604
Name: count, dtype: int64
2025-01-11 18:42:55 - INFO - Balance de clases tras SMOTETomek:
target
0.0    594
1.0    594
Name: count, dtype: int64
2025-01-11 18:42:55 - INFO - Balance de clases tras SMOTETomek:
target
0.0    604
1.0    604
Name: count, dtype: int64
2025-01-11 18:42:55 - INFO - Balance de clases tras SMOTETomek:
target
0.0    596
1.0    596
Name: count, dtype: int64
2025-01-11 18:42:55 - INFO - Balance de clases tras SMOTETomek:
target
1.0    600
0.0    600
Name: count, dtype: int64
2025-01-11 18:42:56 - INFO - Balance de clases tras SMOTETomek:
target
0.0    604
1.0    604
Name: count, dtype: int64
2025-01-11 18:42:56 - INFO - Balance de clases tras SMOTETomek:
target
0.0    594
1.0    594
Name: count, dtype: int64
2025-01-11 18:42:56 - INFO - Balance de clases tras SMOTETomek:
target
0.0    596
1.0    596
Name: count, dtype: int64
2025-01-11 18:42:56 - INFO - Balance de clases tras SMOTETomek:
target
0.0    604
1.0    604
Name: count, dtype: int64
2025-01-11 18:42:57 - INFO - Balance de clases tras SMOTETomek:
target
1.0    600
0.0    600
Name: count, dtype: int64
2025-01-11 18:42:57 - INFO - Balance de clases tras SMOTETomek:
target
0.0    594
1.0    594
Name: count, dtype: int64
2025-01-11 18:42:58 - INFO - Balance de clases tras SMOTETomek:
target
0.0    604
1.0    604
Name: count, dtype: int64
2025-01-11 18:42:58 - INFO - Balance de clases tras SMOTETomek:
target
0.0    604
1.0    604
Name: count, dtype: int64
2025-01-11 18:42:58 - INFO - Balance de clases tras SMOTETomek:
target
0.0    596
1.0    596
Name: count, dtype: int64
2025-01-11 18:42:59 - INFO - Balance de clases tras SMOTETomek:
target
0.0    594
1.0    594
Name: count, dtype: int64
2025-01-11 18:43:00 - INFO - Balance de clases tras SMOTETomek:
target
0.0    604
1.0    604
Name: count, dtype: int64
2025-01-11 18:43:00 - INFO - Balance de clases tras SMOTETomek:
target
1.0    600
0.0    600
Name: count, dtype: int64
2025-01-11 18:43:00 - INFO - Balance de clases tras SMOTETomek:
target
1.0    600
0.0    600
Name: count, dtype: int64
2025-01-11 18:43:01 - INFO - Balance de clases tras SMOTETomek:
target
0.0    604
1.0    604
Name: count, dtype: int64
2025-01-11 18:43:01 - INFO - Balance de clases tras SMOTETomek:
target
0.0    604
1.0    604
Name: count, dtype: int64
2025-01-11 18:43:01 - INFO - Balance de clases tras SMOTETomek:
target
0.0    596
1.0    596
Name: count, dtype: int64
2025-01-11 18:43:02 - INFO - Balance de clases tras SMOTETomek:
target
0.0    596
1.0    596
Name: count, dtype: int64
2025-01-11 18:43:03 - INFO - Balance de clases tras SMOTETomek:
target
0.0    594
1.0    594
Name: count, dtype: int64
2025-01-11 18:43:03 - INFO - Balance de clases tras SMOTETomek:
target
0.0    594
1.0    594
Name: count, dtype: int64
2025-01-11 18:43:05 - INFO - Balance de clases tras SMOTETomek:
target
0.0    604
1.0    604
Name: count, dtype: int64
2025-01-11 18:43:06 - INFO - Balance de clases tras SMOTETomek:
target
0.0    604
1.0    604
Name: count, dtype: int64
2025-01-11 18:43:07 - INFO - Balance de clases tras SMOTETomek:
target
1.0    600
0.0    600
Name: count, dtype: int64
2025-01-11 18:43:08 - INFO - Balance de clases tras SMOTETomek:
target
1.0    600
0.0    600
Name: count, dtype: int64
2025-01-11 18:43:08 - INFO - Balance de clases tras SMOTETomek:
target
0.0    604
1.0    604
Name: count, dtype: int64
2025-01-11 18:43:10 - INFO - Balance de clases tras SMOTETomek:
target
0.0    596
1.0    596
Name: count, dtype: int64
2025-01-11 18:43:10 - INFO - Balance de clases tras SMOTETomek:
target
0.0    604
1.0    604
Name: count, dtype: int64
2025-01-11 18:43:12 - INFO - Balance de clases tras SMOTETomek:
target
0.0    594
1.0    594
Name: count, dtype: int64
2025-01-11 18:43:12 - INFO - Balance de clases tras SMOTETomek:
target
0.0    596
1.0    596
Name: count, dtype: int64
2025-01-11 18:43:13 - INFO - Balance de clases tras SMOTETomek:
target
0.0    604
1.0    604
Name: count, dtype: int64
2025-01-11 18:43:13 - INFO - Balance de clases tras SMOTETomek:
target
0.0    594
1.0    594
Name: count, dtype: int64
2025-01-11 18:43:14 - INFO - Balance de clases tras SMOTETomek:
target
0.0    604
1.0    604
Name: count, dtype: int64
2025-01-11 18:43:15 - INFO - Balance de clases tras SMOTETomek:
target
1.0    600
0.0    600
Name: count, dtype: int64
2025-01-11 18:43:15 - INFO - Balance de clases tras SMOTETomek:
target
1.0    600
0.0    600
Name: count, dtype: int64
2025-01-11 18:43:16 - INFO - Balance de clases tras SMOTETomek:
target
0.0    604
1.0    604
Name: count, dtype: int64
2025-01-11 18:43:17 - INFO - Balance de clases tras SMOTETomek:
target
0.0    604
1.0    604
Name: count, dtype: int64
2025-01-11 18:43:17 - INFO - Balance de clases tras SMOTETomek:
target
0.0    596
1.0    596
Name: count, dtype: int64
2025-01-11 18:43:18 - INFO - Balance de clases tras SMOTETomek:
target
0.0    594
1.0    594
Name: count, dtype: int64
2025-01-11 18:43:18 - INFO - Balance de clases tras SMOTETomek:
target
0.0    604
1.0    604
Name: count, dtype: int64
2025-01-11 18:43:19 - INFO - Balance de clases tras SMOTETomek:
target
0.0    596
1.0    596
Name: count, dtype: int64
2025-01-11 18:43:19 - INFO - Balance de clases tras SMOTETomek:
target
1.0    600
0.0    600
Name: count, dtype: int64
2025-01-11 18:43:20 - INFO - Balance de clases tras SMOTETomek:
target
0.0    594
1.0    594
Name: count, dtype: int64
2025-01-11 18:43:20 - INFO - Balance de clases tras SMOTETomek:
target
0.0    604
1.0    604
Name: count, dtype: int64
2025-01-11 18:43:20 - INFO - Balance de clases tras SMOTETomek:
target
0.0    596
1.0    596
Name: count, dtype: int64
2025-01-11 18:43:21 - INFO - Balance de clases tras SMOTETomek:
target
0.0    604
1.0    604
Name: count, dtype: int64
2025-01-11 18:43:21 - INFO - Balance de clases tras SMOTETomek:
target
0.0    594
1.0    594
Name: count, dtype: int64
2025-01-11 18:43:21 - INFO - Balance de clases tras SMOTETomek:
target
1.0    600
0.0    600
Name: count, dtype: int64
2025-01-11 18:43:22 - INFO - Balance de clases tras SMOTETomek:
target
0.0    604
1.0    604
Name: count, dtype: int64
2025-01-11 18:43:22 - INFO - Balance de clases tras SMOTETomek:
target
0.0    604
1.0    604
Name: count, dtype: int64
2025-01-11 18:43:22 - INFO - Balance de clases tras SMOTETomek:
target
1.0    600
0.0    600
Name: count, dtype: int64
2025-01-11 18:43:23 - INFO - Balance de clases tras SMOTETomek:
target
0.0    596
1.0    596
Name: count, dtype: int64
2025-01-11 18:43:23 - INFO - Balance de clases tras SMOTETomek:
target
0.0    604
1.0    604
Name: count, dtype: int64
2025-01-11 18:43:24 - INFO - Balance de clases tras SMOTETomek:
target
0.0    596
1.0    596
Name: count, dtype: int64
2025-01-11 18:43:24 - INFO - Balance de clases tras SMOTETomek:
target
0.0    594
1.0    594
Name: count, dtype: int64
2025-01-11 18:43:25 - INFO - Balance de clases tras SMOTETomek:
target
0.0    594
1.0    594
Name: count, dtype: int64
2025-01-11 18:43:26 - INFO - Balance de clases tras SMOTETomek:
target
0.0    604
1.0    604
Name: count, dtype: int64
2025-01-11 18:43:26 - INFO - Balance de clases tras SMOTETomek:
target
0.0    604
1.0    604
Name: count, dtype: int64
2025-01-11 18:43:27 - INFO - Balance de clases tras SMOTETomek:
target
1.0    600
0.0    600
Name: count, dtype: int64
2025-01-11 18:43:28 - INFO - Balance de clases tras SMOTETomek:
target
1.0    600
0.0    600
Name: count, dtype: int64
2025-01-11 18:43:28 - INFO - Balance de clases tras SMOTETomek:
target
0.0    604
1.0    604
Name: count, dtype: int64
2025-01-11 18:43:29 - INFO - Balance de clases tras SMOTETomek:
target
0.0    604
1.0    604
Name: count, dtype: int64
2025-01-11 18:43:30 - INFO - Mejor Precision: 0.7817
2025-01-11 18:43:30 - INFO - Mejores parámetros: {'max_depth': 8, 'learning_rate': 0.02747532564349739, 'n_estimators': 412, 'subsample': 0.7113925801579782, 'colsample_bytree': 0.8725003793617031, 'gamma': 0.5379002452358985, 'reg_alpha': 0.3855794826837695, 'reg_lambda': 0.6405214667860898}
2025-01-11 18:43:30 - INFO - === Entrenando Pipeline Final con TODO el Training ===
2025-01-11 18:43:30 - INFO - Columnas extra eliminadas: ['future_close', 'change_pct']
2025-01-11 18:43:30 - WARNING - Estas columnas están 100% NaN y se eliminarán antes de imputar: ['VWAP', 'ATR']
2025-01-11 18:43:30 - INFO - Dataset preparado: 1634 filas, 21 features (después de imputación).
2025-01-11 18:43:30 - INFO - Balance de clases tras SMOTETomek:
target
0.0    853
1.0    853
Name: count, dtype: int64
2025-01-11 18:43:31 - INFO - Pipeline final entrenado con TODOS los datos de entrenamiento.
2025-01-11 18:43:31 - INFO - Pipeline completo guardado en: ./results/XGBoost_Binario_trained_pipeline.joblib
2025-01-11 18:43:31 - INFO - Parámetros guardados en: ./results/XGBoost_Binario_model_params.txt
2025-01-11 18:43:31 - INFO - Lista de features guardada en: ./results/XGBoost_Binario_feature_cols.txt
2025-01-11 18:43:31 - INFO - Columnas de indicadores existentes eliminadas: ['RSI', 'MACD', 'MACDs', 'MACDh', 'VWAP', 'OBV', 'BBL', 'BBM', 'BBU', 'ATR', 'STOCHk', 'STOCHd', 'CCI', 'SMA_10', 'SMA_50', 'SMA_200', 'EMA_10', 'EMA_50']
2025-01-11 18:43:31 - INFO - Indicadores técnicos agregados. Filas antes: 880, después: 681 (descartadas: 199)
2025-01-11 18:43:31 - INFO - Columnas renombradas: {'RSI_14': 'RSI', 'MACD_12_26_9': 'MACD', 'MACDs_12_26_9': 'MACDs', 'MACDh_12_26_9': 'MACDh', 'VWAP': 'VWAP', 'BBL_20_2.0': 'BBL', 'BBM_20_2.0': 'BBM', 'BBU_20_2.0': 'BBU', 'ATR_14': 'ATR', 'STOCHk_14_3_3': 'STOCHk', 'STOCHd_14_3_3': 'STOCHd', 'CCI_14_0.015': 'CCI', 'SMA_10': 'SMA_10', 'SMA_50': 'SMA_50', 'SMA_200': 'SMA_200', 'EMA_10': 'EMA_10', 'EMA_50': 'EMA_50'}
2025-01-11 18:43:31 - WARNING - Columna faltante 'VWAP' añadida con NaN.
2025-01-11 18:43:31 - WARNING - Columna faltante 'ATR' añadida con NaN.
2025-01-11 18:43:31 - INFO - Target binario con look_ahead=4, min_change=0.032
2025-01-11 18:43:31 - INFO - Distribución de clases (0=Vender, 1=Comprar):
target
1.0    264
0.0    251
Name: count, dtype: int64
2025-01-11 18:43:31 - INFO - Muestra de datos con target:
                        close  future_close  change_pct  target
open_time                                                      
2022-02-10 14:00:00  43371.68      36917.19   -0.148818     0.0
2021-09-13 13:45:00  46140.01      40700.01   -0.117902     0.0
2022-03-09 02:30:00  39333.35      40709.95    0.034998     1.0
2022-11-08 15:00:00  19441.42      20567.26    0.057909     1.0
2022-02-28 14:15:00  38992.97      43408.30    0.113234     1.0
2021-05-20 00:30:00  35521.67      39317.43    0.106858     1.0
2022-06-14 00:00:00  22699.73      20855.00   -0.081267     0.0
2022-06-18 21:45:00  18517.72      19892.59    0.074246     1.0
2021-01-27 15:15:00  29800.00      32266.35    0.082763     1.0
2022-02-28 13:30:00  38013.04      41554.54    0.093165     1.0
2025-01-11 18:43:31 - INFO - Columnas extra eliminadas: ['change_pct', 'future_close']
2025-01-11 18:43:31 - WARNING - Estas columnas están 100% NaN y se eliminarán antes de imputar: ['VWAP', 'ATR']
2025-01-11 18:43:31 - INFO - Dataset preparado: 515 filas, 21 features (después de imputación).
2025-01-11 18:43:31 - INFO - === Evaluación en Test ===
2025-01-11 18:43:31 - INFO - Matriz de confusión [0=Vender, 1=Comprar]:
[[159  92]
 [158 106]]
2025-01-11 18:43:31 - INFO - Reporte de Clasificación:
              precision    recall  f1-score   support

      Vender       0.50      0.63      0.56       251
     Comprar       0.54      0.40      0.46       264

    accuracy                           0.51       515
   macro avg       0.52      0.52      0.51       515
weighted avg       0.52      0.51      0.51       515

2025-01-11 18:43:31 - INFO - Precision: 0.5354
2025-01-11 18:43:31 - INFO - F1-score: 0.4589
2025-01-11 18:43:31 - INFO - Recall: 0.4015
2025-01-11 18:43:31 - INFO - Balanced Accuracy: 0.5175
2025-01-11 18:43:31 - INFO - MCC: 0.0359
2025-01-11 18:43:31 - INFO - AUC: 0.5066
2025-01-11 18:43:33 - INFO - Precision final en Test: 0.5354
2025-01-11 18:43:33 - INFO - Importancia de características guardada en ./results/feature_importances_binary.csv.
2025-01-11 18:43:33 - INFO - Gráfico de importancia de características guardado.
2025-01-11 18:43:35 - INFO - Calculando valores SHAP...
2025-01-11 18:43:36 - INFO - SHAP analysis completado y guardado.
2025-01-11 18:43:36 - INFO - Señales generadas con umbral=0.57
2025-01-11 18:43:36 - INFO - Señales filtradas por tendencia.
2025-01-11 18:43:36 - INFO - Señales guardadas en: ./results/signals_binary.csv
2025-01-11 18:43:36 - INFO - === Proceso Completado con Éxito ===
