2025-01-29 19:40:09 - INFO - Datos cargados desde ML/data/processed/BTCUSDT_15m_processed.csv, filas: 257756
2025-01-29 19:40:09 - INFO - Columnas de indicadores existentes eliminadas: ['RSI', 'MACD', 'MACDs', 'MACDh', 'OBV', 'BBL', 'BBM', 'BBU', 'SMA_10', 'SMA_50', 'EMA_10', 'EMA_50']
2025-01-29 19:40:09 - INFO - Indicadores técnicos agregados. Filas antes: 257756, después: 257557 (descartadas: 199)
2025-01-29 19:40:09 - INFO - Columnas renombradas: {'RSI_14': 'RSI', 'MACD_12_26_9': 'MACD', 'MACDs_12_26_9': 'MACDs', 'MACDh_12_26_9': 'MACDh', 'BBL_20_2.0': 'BBL', 'BBM_20_2.0': 'BBM', 'BBU_20_2.0': 'BBU', 'STOCHk_14_3_3': 'STOCHk', 'STOCHd_14_3_3': 'STOCHd', 'CCI_14_0.015': 'CCI', 'SMA_10': 'SMA_10', 'SMA_50': 'SMA_50', 'SMA_200': 'SMA_200', 'EMA_10': 'EMA_10', 'EMA_50': 'EMA_50'}
2025-01-29 19:40:09 - INFO - Target binario con look_ahead=3, min_change=0.031
2025-01-29 19:40:09 - INFO - Distribución de clases (0=Vender, 1=Comprar):
target
0.0    986
1.0    871
Name: count, dtype: int64
2025-01-29 19:40:09 - INFO - Muestra de datos con target:
                        close  future_close  change_pct  target
open_time                                                      
2022-06-15 07:15:00  21093.48      20343.12   -0.035573     0.0
2020-03-13 02:00:00   3882.22       4848.71    0.248953     1.0
2023-12-11 01:15:00  43320.79      41714.00   -0.037091     0.0
2017-11-12 04:30:00   5960.00       5698.00   -0.043960     0.0
2018-01-17 14:00:00   9669.95       9160.02   -0.052733     0.0
2022-06-13 11:15:00  23617.62      24353.31    0.031150     1.0
2018-06-22 12:30:00   6353.99       6150.99   -0.031948     0.0
2018-01-08 08:45:00  15477.74      14850.00   -0.040558     0.0
2017-12-22 19:45:00  13178.00      13888.59    0.053922     1.0
2021-05-19 13:15:00  33601.85      35086.00    0.044169     1.0
2025-01-29 19:40:09 - INFO - División de datos en Train/Test completada.
2025-01-29 19:40:09 - INFO - === Búsqueda de hiperparámetros (Optuna) en muestra de Training ===
2025-01-29 19:40:09 - INFO - No se han identificado características categóricas.
2025-01-29 19:40:09 - INFO - Columnas extra eliminadas: ['future_close', 'change_pct']
2025-01-29 19:40:09 - INFO - Dataset preparado: 1086 filas, 21 features (después de imputación).
2025-01-29 19:40:09 - INFO - Iniciando optimización en Optuna (precisión clase=1)...
2025-01-29 19:40:09 - INFO - Balance de clases tras SMOTETomek:
target
1.0    420
0.0    420
Name: count, dtype: int64
2025-01-29 19:40:09 - INFO - Balance de clases tras SMOTETomek:
target
1.0    424
0.0    424
Name: count, dtype: int64
2025-01-29 19:40:10 - INFO - Balance de clases tras SMOTETomek:
target
1.0    418
0.0    418
Name: count, dtype: int64
2025-01-29 19:40:10 - INFO - Balance de clases tras SMOTETomek:
target
1.0    428
0.0    428
Name: count, dtype: int64
2025-01-29 19:40:10 - INFO - Balance de clases tras SMOTETomek:
target
1.0    422
0.0    422
Name: count, dtype: int64
2025-01-29 19:40:10 - INFO - Balance de clases tras SMOTETomek:
target
1.0    420
0.0    420
Name: count, dtype: int64
2025-01-29 19:40:10 - INFO - Balance de clases tras SMOTETomek:
target
1.0    424
0.0    424
Name: count, dtype: int64
2025-01-29 19:40:11 - INFO - Balance de clases tras SMOTETomek:
target
1.0    418
0.0    418
Name: count, dtype: int64
2025-01-29 19:40:11 - INFO - Balance de clases tras SMOTETomek:
target
1.0    428
0.0    428
Name: count, dtype: int64
2025-01-29 19:40:11 - INFO - Balance de clases tras SMOTETomek:
target
1.0    422
0.0    422
Name: count, dtype: int64
2025-01-29 19:40:12 - INFO - Balance de clases tras SMOTETomek:
target
1.0    420
0.0    420
Name: count, dtype: int64
2025-01-29 19:40:12 - INFO - Balance de clases tras SMOTETomek:
target
1.0    424
0.0    424
Name: count, dtype: int64
2025-01-29 19:40:13 - INFO - Balance de clases tras SMOTETomek:
target
1.0    418
0.0    418
Name: count, dtype: int64
2025-01-29 19:40:13 - INFO - Balance de clases tras SMOTETomek:
target
1.0    428
0.0    428
Name: count, dtype: int64
2025-01-29 19:40:14 - INFO - Balance de clases tras SMOTETomek:
target
1.0    422
0.0    422
Name: count, dtype: int64
2025-01-29 19:40:14 - INFO - Balance de clases tras SMOTETomek:
target
1.0    420
0.0    420
Name: count, dtype: int64
2025-01-29 19:40:15 - INFO - Balance de clases tras SMOTETomek:
target
1.0    424
0.0    424
Name: count, dtype: int64
2025-01-29 19:40:15 - INFO - Balance de clases tras SMOTETomek:
target
1.0    418
0.0    418
Name: count, dtype: int64
2025-01-29 19:40:16 - INFO - Balance de clases tras SMOTETomek:
target
1.0    428
0.0    428
Name: count, dtype: int64
2025-01-29 19:40:17 - INFO - Balance de clases tras SMOTETomek:
target
1.0    422
0.0    422
Name: count, dtype: int64
2025-01-29 19:40:17 - INFO - Mejor Precisión (clase=1): 0.7441
2025-01-29 19:40:17 - INFO - Mejores parámetros: {'max_depth': 12, 'learning_rate': 0.008106915413271288, 'n_estimators': 212, 'subsample': 0.6453011279660263, 'colsample_bytree': 0.6528408159783664, 'gamma': 0.03711031498483863, 'reg_alpha': 0.08198783075111105, 'reg_lambda': 0.2134399510803413}
2025-01-29 19:40:17 - INFO - === Entrenando Pipeline Final con TODO el Training ===
2025-01-29 19:40:17 - INFO - Columnas extra eliminadas: ['future_close', 'change_pct']
2025-01-29 19:40:17 - INFO - Dataset preparado: 1207 filas, 21 features (después de imputación).
2025-01-29 19:40:17 - INFO - Balance de clases tras SMOTETomek:
target
1.0    611
0.0    611
Name: count, dtype: int64
2025-01-29 19:40:18 - INFO - Pipeline final entrenado con scale_pos_weight=1.00
2025-01-29 19:40:18 - INFO - Pipeline completo guardado en: .ML/results/XGBoost_Binario_trained_pipeline.joblib
2025-01-29 19:40:18 - INFO - Parámetros guardados en: .ML/results/XGBoost_Binario_model_params.txt
2025-01-29 19:40:18 - INFO - Lista de features guardada en: .ML/results/XGBoost_Binario_feature_cols.txt
2025-01-29 19:40:18 - INFO - Columnas de indicadores existentes eliminadas: ['RSI', 'MACD', 'MACDs', 'MACDh', 'OBV', 'BBL', 'BBM', 'BBU', 'STOCHk', 'STOCHd', 'CCI', 'SMA_10', 'SMA_50', 'SMA_200', 'EMA_10', 'EMA_50']
2025-01-29 19:40:18 - INFO - Indicadores técnicos agregados. Filas antes: 650, después: 451 (descartadas: 199)
2025-01-29 19:40:18 - INFO - Columnas renombradas: {'RSI_14': 'RSI', 'MACD_12_26_9': 'MACD', 'MACDs_12_26_9': 'MACDs', 'MACDh_12_26_9': 'MACDh', 'BBL_20_2.0': 'BBL', 'BBM_20_2.0': 'BBM', 'BBU_20_2.0': 'BBU', 'STOCHk_14_3_3': 'STOCHk', 'STOCHd_14_3_3': 'STOCHd', 'CCI_14_0.015': 'CCI', 'SMA_10': 'SMA_10', 'SMA_50': 'SMA_50', 'SMA_200': 'SMA_200', 'EMA_10': 'EMA_10', 'EMA_50': 'EMA_50'}
2025-01-29 19:40:18 - INFO - Target binario con look_ahead=3, min_change=0.031
2025-01-29 19:40:18 - INFO - Distribución de clases (0=Vender, 1=Comprar):
target
0.0    169
1.0    168
Name: count, dtype: int64
2025-01-29 19:40:18 - INFO - Muestra de datos con target:
                        close  future_close  change_pct  target
open_time                                                      
2024-08-05 13:00:00  49992.01      52633.64    0.052841     1.0
2023-01-14 00:00:00  20256.26      23418.50    0.156112     1.0
2022-06-06 23:45:00  31373.10      28339.61   -0.096691     0.0
2021-05-12 21:15:00  54716.86      52942.79   -0.032423     0.0
2021-01-21 23:45:00  30850.13      29501.42   -0.043718     0.0
2024-04-02 02:00:00  69240.01      66791.20   -0.035367     0.0
2021-05-19 12:15:00  38314.39      32300.46   -0.156963     0.0
2021-03-04 23:30:00  48500.01      57757.70    0.190880     1.0
2022-06-07 00:00:00  31237.25      23617.62   -0.243928     0.0
2022-09-06 16:45:00  19747.25      22713.69    0.150220     1.0
2025-01-29 19:40:18 - INFO - Columnas extra eliminadas: ['change_pct', 'future_close']
2025-01-29 19:40:18 - INFO - Dataset preparado: 337 filas, 21 features (después de imputación).
2025-01-29 19:40:18 - INFO - === Evaluación en Test ===
2025-01-29 19:40:18 - INFO - Matriz de confusión [0=Vender, 1=Comprar]:
[[94 75]
 [71 97]]
2025-01-29 19:40:18 - INFO - Reporte de Clasificación:
              precision    recall  f1-score   support

      Vender       0.57      0.56      0.56       169
     Comprar       0.56      0.58      0.57       168

    accuracy                           0.57       337
   macro avg       0.57      0.57      0.57       337
weighted avg       0.57      0.57      0.57       337

2025-01-29 19:40:18 - INFO - Precision (clase=1): 0.5640
2025-01-29 19:40:18 - INFO - F1 (clase=1): 0.5706
2025-01-29 19:40:18 - INFO - Recall (clase=1): 0.5774
2025-01-29 19:40:18 - INFO - Balanced Accuracy: 0.5668
2025-01-29 19:40:18 - INFO - MCC: 0.1336
2025-01-29 19:40:18 - INFO - AUC: 0.5515
2025-01-29 19:40:19 - INFO - Precisión final en Test (clase=1): 0.5640
2025-01-29 19:40:19 - INFO - Importancia de características guardada en .ML/results/feature_importances_binary.csv.
2025-01-29 19:40:19 - INFO - Gráfico de importancia de características guardado.
2025-01-29 19:40:20 - INFO - Calculando valores SHAP...
2025-01-29 19:40:21 - INFO - SHAP analysis completado y guardado.
2025-01-29 19:40:21 - INFO - Señales generadas con umbral=0.6
2025-01-29 19:40:21 - INFO - Señales filtradas por tendencia.
2025-01-29 19:40:21 - INFO - Señales guardadas en: .ML/results/signals_binary.csv
2025-01-29 19:40:21 - INFO - === Proceso Completado con Éxito ===
