2025-01-28 20:09:37 - INFO - Datos cargados desde ML/data/processed/BTCUSDT_15m_processed.csv, filas: 257756
2025-01-28 20:09:38 - INFO - Columnas de indicadores existentes eliminadas: ['RSI', 'MACD', 'MACDs', 'MACDh', 'OBV', 'BBL', 'BBM', 'BBU', 'SMA_10', 'SMA_50', 'EMA_10', 'EMA_50']
2025-01-28 20:09:38 - INFO - Indicadores técnicos agregados. Filas antes: 257756, después: 257557 (descartadas: 199)
2025-01-28 20:09:38 - INFO - Columnas renombradas: {'RSI_14': 'RSI', 'MACD_12_26_9': 'MACD', 'MACDs_12_26_9': 'MACDs', 'MACDh_12_26_9': 'MACDh', 'BBL_20_2.0': 'BBL', 'BBM_20_2.0': 'BBM', 'BBU_20_2.0': 'BBU', 'STOCHk_14_3_3': 'STOCHk', 'STOCHd_14_3_3': 'STOCHd', 'CCI_14_0.015': 'CCI', 'SMA_10': 'SMA_10', 'SMA_50': 'SMA_50', 'SMA_200': 'SMA_200', 'EMA_10': 'EMA_10', 'EMA_50': 'EMA_50'}
2025-01-28 20:09:38 - INFO - Target binario con look_ahead=2, min_change=0.031
2025-01-28 20:09:38 - INFO - Distribución de clases (0=Vender, 1=Comprar):
target
0.0    579
1.0    509
Name: count, dtype: int64
2025-01-28 20:09:38 - INFO - Muestra de datos con target:
                        close  future_close  change_pct  target
open_time                                                      
2017-12-30 16:30:00  11820.02      12200.00    0.032147     1.0
2018-01-16 18:30:00  10809.89      11334.29    0.048511     1.0
2017-12-09 17:45:00  13322.00      13952.14    0.047301     1.0
2024-08-05 13:15:00  49732.57      51951.00    0.044607     1.0
2021-01-11 18:30:00  33189.86      31708.34   -0.044638     0.0
2018-02-06 04:30:00   6139.22       6380.00    0.039220     1.0
2017-12-22 02:15:00  14677.23      14098.98   -0.039398     0.0
2018-07-17 17:15:00   6778.43       7180.95    0.059382     1.0
2018-08-11 16:45:00   6110.05       6370.00    0.042545     1.0
2017-12-23 22:30:00  14825.20      14311.11   -0.034677     0.0
2025-01-28 20:09:38 - INFO - División de datos en Train/Test completada.
2025-01-28 20:09:38 - INFO - === Búsqueda de hiperparámetros (Optuna) en muestra de Training ===
2025-01-28 20:09:38 - INFO - No se han identificado características categóricas.
2025-01-28 20:09:38 - INFO - Columnas extra eliminadas: ['future_close', 'change_pct']
2025-01-28 20:09:38 - INFO - Dataset preparado: 636 filas, 21 features (después de imputación).
2025-01-28 20:09:38 - INFO - Iniciando optimización en Optuna (precisión clase=1)...
2025-01-28 20:09:38 - INFO - Balance de clases tras SMOTETomek:
target
0.0    229
1.0    229
Name: count, dtype: int64
2025-01-28 20:09:38 - INFO - Balance de clases tras SMOTETomek:
target
0.0    229
1.0    229
Name: count, dtype: int64
2025-01-28 20:09:39 - INFO - Balance de clases tras SMOTETomek:
target
0.0    230
1.0    230
Name: count, dtype: int64
2025-01-28 20:09:39 - INFO - Balance de clases tras SMOTETomek:
target
0.0    230
1.0    230
Name: count, dtype: int64
2025-01-28 20:09:40 - INFO - Balance de clases tras SMOTETomek:
target
0.0    236
1.0    236
Name: count, dtype: int64
2025-01-28 20:09:40 - INFO - Balance de clases tras SMOTETomek:
target
0.0    236
1.0    236
Name: count, dtype: int64
2025-01-28 20:09:41 - INFO - Balance de clases tras SMOTETomek:
target
0.0    234
1.0    234
Name: count, dtype: int64
2025-01-28 20:09:41 - INFO - Balance de clases tras SMOTETomek:
target
0.0    234
1.0    234
Name: count, dtype: int64
2025-01-28 20:09:42 - INFO - Balance de clases tras SMOTETomek:
target
0.0    229
1.0    229
Name: count, dtype: int64
2025-01-28 20:09:42 - INFO - Balance de clases tras SMOTETomek:
target
0.0    229
1.0    229
Name: count, dtype: int64
2025-01-28 20:09:42 - INFO - Balance de clases tras SMOTETomek:
target
0.0    229
1.0    229
Name: count, dtype: int64
2025-01-28 20:09:43 - INFO - Balance de clases tras SMOTETomek:
target
0.0    229
1.0    229
Name: count, dtype: int64
2025-01-28 20:09:44 - INFO - Balance de clases tras SMOTETomek:
target
0.0    230
1.0    230
Name: count, dtype: int64
2025-01-28 20:09:46 - INFO - Balance de clases tras SMOTETomek:
target
0.0    230
1.0    230
Name: count, dtype: int64
2025-01-28 20:09:46 - INFO - Balance de clases tras SMOTETomek:
target
0.0    236
1.0    236
Name: count, dtype: int64
2025-01-28 20:09:48 - INFO - Balance de clases tras SMOTETomek:
target
0.0    236
1.0    236
Name: count, dtype: int64
2025-01-28 20:09:49 - INFO - Balance de clases tras SMOTETomek:
target
0.0    234
1.0    234
Name: count, dtype: int64
2025-01-28 20:09:51 - INFO - Balance de clases tras SMOTETomek:
target
0.0    229
1.0    229
Name: count, dtype: int64
2025-01-28 20:09:51 - INFO - Balance de clases tras SMOTETomek:
target
0.0    234
1.0    234
Name: count, dtype: int64
2025-01-28 20:09:53 - INFO - Balance de clases tras SMOTETomek:
target
0.0    229
1.0    229
Name: count, dtype: int64
2025-01-28 20:09:54 - INFO - Balance de clases tras SMOTETomek:
target
0.0    229
1.0    229
Name: count, dtype: int64
2025-01-28 20:09:55 - INFO - Balance de clases tras SMOTETomek:
target
0.0    230
1.0    230
Name: count, dtype: int64
2025-01-28 20:09:56 - INFO - Balance de clases tras SMOTETomek:
target
0.0    236
1.0    236
Name: count, dtype: int64
2025-01-28 20:09:57 - INFO - Balance de clases tras SMOTETomek:
target
0.0    234
1.0    234
Name: count, dtype: int64
2025-01-28 20:09:58 - INFO - Balance de clases tras SMOTETomek:
target
0.0    229
1.0    229
Name: count, dtype: int64
2025-01-28 20:09:58 - INFO - Balance de clases tras SMOTETomek:
target
0.0    230
1.0    230
Name: count, dtype: int64
2025-01-28 20:09:59 - INFO - Balance de clases tras SMOTETomek:
target
0.0    229
1.0    229
Name: count, dtype: int64
2025-01-28 20:09:59 - INFO - Balance de clases tras SMOTETomek:
target
0.0    236
1.0    236
Name: count, dtype: int64
2025-01-28 20:09:59 - INFO - Balance de clases tras SMOTETomek:
target
0.0    234
1.0    234
Name: count, dtype: int64
2025-01-28 20:10:00 - INFO - Balance de clases tras SMOTETomek:
target
0.0    229
1.0    229
Name: count, dtype: int64
2025-01-28 20:10:00 - INFO - Balance de clases tras SMOTETomek:
target
0.0    229
1.0    229
Name: count, dtype: int64
2025-01-28 20:10:01 - INFO - Balance de clases tras SMOTETomek:
target
0.0    229
1.0    229
Name: count, dtype: int64
2025-01-28 20:10:01 - INFO - Balance de clases tras SMOTETomek:
target
0.0    230
1.0    230
Name: count, dtype: int64
2025-01-28 20:10:01 - INFO - Balance de clases tras SMOTETomek:
target
0.0    230
1.0    230
Name: count, dtype: int64
2025-01-28 20:10:02 - INFO - Balance de clases tras SMOTETomek:
target
0.0    236
1.0    236
Name: count, dtype: int64
2025-01-28 20:10:02 - INFO - Balance de clases tras SMOTETomek:
target
0.0    236
1.0    236
Name: count, dtype: int64
2025-01-28 20:10:03 - INFO - Balance de clases tras SMOTETomek:
target
0.0    234
1.0    234
Name: count, dtype: int64
2025-01-28 20:10:03 - INFO - Balance de clases tras SMOTETomek:
target
0.0    234
1.0    234
Name: count, dtype: int64
2025-01-28 20:10:04 - INFO - Balance de clases tras SMOTETomek:
target
0.0    229
1.0    229
Name: count, dtype: int64
2025-01-28 20:10:04 - INFO - Balance de clases tras SMOTETomek:
target
0.0    229
1.0    229
Name: count, dtype: int64
2025-01-28 20:10:05 - INFO - Balance de clases tras SMOTETomek:
target
0.0    229
1.0    229
Name: count, dtype: int64
2025-01-28 20:10:06 - INFO - Balance de clases tras SMOTETomek:
target
0.0    229
1.0    229
Name: count, dtype: int64
2025-01-28 20:10:06 - INFO - Balance de clases tras SMOTETomek:
target
0.0    230
1.0    230
Name: count, dtype: int64
2025-01-28 20:10:07 - INFO - Balance de clases tras SMOTETomek:
target
0.0    236
1.0    236
Name: count, dtype: int64
2025-01-28 20:10:07 - INFO - Balance de clases tras SMOTETomek:
target
0.0    230
1.0    230
Name: count, dtype: int64
2025-01-28 20:10:08 - INFO - Balance de clases tras SMOTETomek:
target
0.0    234
1.0    234
Name: count, dtype: int64
2025-01-28 20:10:08 - INFO - Balance de clases tras SMOTETomek:
target
0.0    236
1.0    236
Name: count, dtype: int64
2025-01-28 20:10:09 - INFO - Balance de clases tras SMOTETomek:
target
0.0    229
1.0    229
Name: count, dtype: int64
2025-01-28 20:10:10 - INFO - Balance de clases tras SMOTETomek:
target
0.0    234
1.0    234
Name: count, dtype: int64
2025-01-28 20:10:11 - INFO - Balance de clases tras SMOTETomek:
target
0.0    229
1.0    229
Name: count, dtype: int64
2025-01-28 20:10:12 - INFO - Mejor Precisión (clase=1): 0.6946
2025-01-28 20:10:12 - INFO - Mejores parámetros: {'max_depth': 28, 'learning_rate': 0.040814843507745176, 'n_estimators': 401, 'subsample': 0.728898859631447, 'colsample_bytree': 0.7011058381754813, 'gamma': 0.5032021369527366, 'reg_alpha': 0.33650913803498095, 'reg_lambda': 0.07993120858576075}
2025-01-28 20:10:12 - INFO - === Entrenando Pipeline Final con TODO el Training ===
2025-01-28 20:10:12 - INFO - Columnas extra eliminadas: ['future_close', 'change_pct']
2025-01-28 20:10:12 - INFO - Dataset preparado: 707 filas, 21 features (después de imputación).
2025-01-28 20:10:12 - INFO - Balance de clases tras SMOTETomek:
target
0.0    343
1.0    343
Name: count, dtype: int64
2025-01-28 20:10:13 - INFO - Pipeline final entrenado con scale_pos_weight=1.00
2025-01-28 20:10:13 - INFO - Pipeline completo guardado en: .ML/results/XGBoost_Binario_trained_pipeline.joblib
2025-01-28 20:10:13 - INFO - Parámetros guardados en: .ML/results/XGBoost_Binario_model_params.txt
2025-01-28 20:10:13 - INFO - Lista de features guardada en: .ML/results/XGBoost_Binario_feature_cols.txt
2025-01-28 20:10:13 - INFO - Columnas de indicadores existentes eliminadas: ['RSI', 'MACD', 'MACDs', 'MACDh', 'OBV', 'BBL', 'BBM', 'BBU', 'STOCHk', 'STOCHd', 'CCI', 'SMA_10', 'SMA_50', 'SMA_200', 'EMA_10', 'EMA_50']
2025-01-28 20:10:13 - INFO - Indicadores técnicos agregados. Filas antes: 381, después: 182 (descartadas: 199)
2025-01-28 20:10:13 - INFO - Columnas renombradas: {'RSI_14': 'RSI', 'MACD_12_26_9': 'MACD', 'MACDs_12_26_9': 'MACDs', 'MACDh_12_26_9': 'MACDh', 'BBL_20_2.0': 'BBL', 'BBM_20_2.0': 'BBM', 'BBU_20_2.0': 'BBU', 'STOCHk_14_3_3': 'STOCHk', 'STOCHd_14_3_3': 'STOCHd', 'CCI_14_0.015': 'CCI', 'SMA_10': 'SMA_10', 'SMA_50': 'SMA_50', 'SMA_200': 'SMA_200', 'EMA_10': 'EMA_10', 'EMA_50': 'EMA_50'}
2025-01-28 20:10:13 - INFO - Target binario con look_ahead=2, min_change=0.031
2025-01-28 20:10:13 - INFO - Distribución de clases (0=Vender, 1=Comprar):
target
1.0    69
0.0    66
Name: count, dtype: int64
2025-01-28 20:10:13 - INFO - Muestra de datos con target:
                        close  future_close  change_pct  target
open_time                                                      
2022-01-22 10:00:00  34456.37      37953.20    0.101486     1.0
2021-05-28 08:30:00  36896.95      35702.64   -0.032369     0.0
2021-05-20 03:45:00  38341.04      40299.10    0.051070     1.0
2022-06-08 03:00:00  30900.28      21977.83   -0.288750     0.0
2021-12-04 05:15:00  45559.47      34456.37   -0.243706     0.0
2021-05-23 12:00:00  35340.45      33318.09   -0.057225     0.0
2021-05-20 03:30:00  37979.70      40475.17    0.065705     1.0
2022-11-08 18:45:00  18600.51      16634.84   -0.105678     0.0
2022-11-14 06:00:00  15895.82      18250.91    0.148158     1.0
2021-10-28 18:00:00  61127.99      52306.87   -0.144306     0.0
2025-01-28 20:10:13 - INFO - Columnas extra eliminadas: ['change_pct', 'future_close']
2025-01-28 20:10:13 - INFO - Dataset preparado: 135 filas, 21 features (después de imputación).
2025-01-28 20:10:13 - INFO - === Evaluación en Test ===
2025-01-28 20:10:13 - INFO - Matriz de confusión [0=Vender, 1=Comprar]:
[[30 36]
 [32 37]]
2025-01-28 20:10:13 - INFO - Reporte de Clasificación:
              precision    recall  f1-score   support

      Vender       0.48      0.45      0.47        66
     Comprar       0.51      0.54      0.52        69

    accuracy                           0.50       135
   macro avg       0.50      0.50      0.49       135
weighted avg       0.50      0.50      0.50       135

2025-01-28 20:10:13 - INFO - Precision (clase=1): 0.5068
2025-01-28 20:10:13 - INFO - F1 (clase=1): 0.5211
2025-01-28 20:10:13 - INFO - Recall (clase=1): 0.5362
2025-01-28 20:10:13 - INFO - Balanced Accuracy: 0.4954
2025-01-28 20:10:13 - INFO - MCC: -0.0093
2025-01-28 20:10:13 - INFO - AUC: 0.4835
2025-01-28 20:10:17 - INFO - Precisión final en Test (clase=1): 0.5068
2025-01-28 20:10:17 - INFO - Importancia de características guardada en .ML/results/feature_importances_binary.csv.
2025-01-28 20:10:18 - INFO - Gráfico de importancia de características guardado.
2025-01-28 20:10:18 - INFO - Calculando valores SHAP...
2025-01-28 20:10:20 - INFO - SHAP analysis completado y guardado.
2025-01-28 20:10:20 - INFO - Señales generadas con umbral=0.61
2025-01-28 20:10:20 - INFO - Señales filtradas por tendencia.
2025-01-28 20:10:20 - INFO - Señales guardadas en: .ML/results/signals_binary.csv
2025-01-28 20:10:20 - INFO - === Proceso Completado con Éxito ===
