2025-01-29 19:00:36 - INFO - Datos cargados desde ML/data/processed/BTCUSDT_15m_processed.csv, filas: 257756
2025-01-29 19:00:36 - INFO - Columnas de indicadores existentes eliminadas: ['RSI', 'MACD', 'MACDs', 'MACDh', 'OBV', 'BBL', 'BBM', 'BBU', 'SMA_10', 'SMA_50', 'EMA_10', 'EMA_50']
2025-01-29 19:00:36 - INFO - Indicadores técnicos agregados. Filas antes: 257756, después: 257557 (descartadas: 199)
2025-01-29 19:00:36 - INFO - Columnas renombradas: {'RSI_14': 'RSI', 'MACD_12_26_9': 'MACD', 'MACDs_12_26_9': 'MACDs', 'MACDh_12_26_9': 'MACDh', 'BBL_20_2.0': 'BBL', 'BBM_20_2.0': 'BBM', 'BBU_20_2.0': 'BBU', 'STOCHk_14_3_3': 'STOCHk', 'STOCHd_14_3_3': 'STOCHd', 'CCI_14_0.015': 'CCI', 'SMA_10': 'SMA_10', 'SMA_50': 'SMA_50', 'SMA_200': 'SMA_200', 'EMA_10': 'EMA_10', 'EMA_50': 'EMA_50'}
2025-01-29 19:00:36 - INFO - Target binario con look_ahead=3, min_change=0.032
2025-01-29 19:00:36 - INFO - Distribución de clases (0=Vender, 1=Comprar):
target
0.0    908
1.0    801
Name: count, dtype: int64
2025-01-29 19:00:36 - INFO - Muestra de datos con target:
                        close  future_close  change_pct  target
open_time                                                      
2018-01-08 21:15:00  15042.57      14516.31   -0.034985     0.0
2022-11-10 13:00:00  16711.06      17650.93    0.056242     1.0
2023-04-26 18:45:00  29741.53      28272.38   -0.049397     0.0
2021-09-13 12:45:00  44629.42      46299.98    0.037432     1.0
2017-10-18 15:15:00   5159.98       5378.00    0.042252     1.0
2020-03-20 07:30:00   6327.61       6555.69    0.036045     1.0
2018-02-05 19:00:00   6947.45       6698.33   -0.035858     0.0
2017-12-23 23:15:00  14227.01      12900.00   -0.093274     0.0
2018-12-08 22:15:00   3307.28       3437.00    0.039223     1.0
2017-10-24 01:00:00   5899.98       5600.01   -0.050843     0.0
2025-01-29 19:00:36 - INFO - División de datos en Train/Test completada.
2025-01-29 19:00:36 - INFO - === Búsqueda de hiperparámetros (Optuna) en muestra de Training ===
2025-01-29 19:00:36 - INFO - No se han identificado características categóricas.
2025-01-29 19:00:36 - INFO - Columnas extra eliminadas: ['future_close', 'change_pct']
2025-01-29 19:00:36 - INFO - Dataset preparado: 999 filas, 21 features (después de imputación).
2025-01-29 19:00:36 - INFO - Iniciando optimización en Optuna (precisión clase=1)...
2025-01-29 19:00:36 - INFO - Balance de clases tras SMOTETomek:
target
0.0    391
1.0    391
Name: count, dtype: int64
2025-01-29 19:00:37 - INFO - Balance de clases tras SMOTETomek:
target
0.0    389
1.0    389
Name: count, dtype: int64
2025-01-29 19:00:37 - INFO - Balance de clases tras SMOTETomek:
target
0.0    380
1.0    380
Name: count, dtype: int64
2025-01-29 19:00:37 - INFO - Balance de clases tras SMOTETomek:
target
0.0    381
1.0    381
Name: count, dtype: int64
2025-01-29 19:00:37 - INFO - Balance de clases tras SMOTETomek:
target
0.0    385
1.0    385
Name: count, dtype: int64
2025-01-29 19:00:38 - INFO - Balance de clases tras SMOTETomek:
target
0.0    391
1.0    391
Name: count, dtype: int64
2025-01-29 19:00:39 - INFO - Balance de clases tras SMOTETomek:
target
0.0    389
1.0    389
Name: count, dtype: int64
2025-01-29 19:00:39 - INFO - Balance de clases tras SMOTETomek:
target
0.0    380
1.0    380
Name: count, dtype: int64
2025-01-29 19:00:40 - INFO - Balance de clases tras SMOTETomek:
target
0.0    381
1.0    381
Name: count, dtype: int64
2025-01-29 19:00:41 - INFO - Balance de clases tras SMOTETomek:
target
0.0    385
1.0    385
Name: count, dtype: int64
2025-01-29 19:00:42 - INFO - Balance de clases tras SMOTETomek:
target
0.0    391
1.0    391
Name: count, dtype: int64
2025-01-29 19:00:43 - INFO - Balance de clases tras SMOTETomek:
target
0.0    389
1.0    389
Name: count, dtype: int64
2025-01-29 19:00:44 - INFO - Balance de clases tras SMOTETomek:
target
0.0    380
1.0    380
Name: count, dtype: int64
2025-01-29 19:00:44 - INFO - Balance de clases tras SMOTETomek:
target
0.0    381
1.0    381
Name: count, dtype: int64
2025-01-29 19:00:45 - INFO - Balance de clases tras SMOTETomek:
target
0.0    385
1.0    385
Name: count, dtype: int64
2025-01-29 19:00:45 - INFO - Balance de clases tras SMOTETomek:
target
0.0    391
1.0    391
Name: count, dtype: int64
2025-01-29 19:00:46 - INFO - Balance de clases tras SMOTETomek:
target
0.0    389
1.0    389
Name: count, dtype: int64
2025-01-29 19:00:47 - INFO - Balance de clases tras SMOTETomek:
target
0.0    380
1.0    380
Name: count, dtype: int64
2025-01-29 19:00:47 - INFO - Balance de clases tras SMOTETomek:
target
0.0    381
1.0    381
Name: count, dtype: int64
2025-01-29 19:00:48 - INFO - Balance de clases tras SMOTETomek:
target
0.0    385
1.0    385
Name: count, dtype: int64
2025-01-29 19:00:49 - INFO - Balance de clases tras SMOTETomek:
target
0.0    391
1.0    391
Name: count, dtype: int64
2025-01-29 19:00:49 - INFO - Balance de clases tras SMOTETomek:
target
0.0    389
1.0    389
Name: count, dtype: int64
2025-01-29 19:00:49 - INFO - Balance de clases tras SMOTETomek:
target
0.0    380
1.0    380
Name: count, dtype: int64
2025-01-29 19:00:49 - INFO - Balance de clases tras SMOTETomek:
target
0.0    381
1.0    381
Name: count, dtype: int64
2025-01-29 19:00:49 - INFO - Balance de clases tras SMOTETomek:
target
0.0    385
1.0    385
Name: count, dtype: int64
2025-01-29 19:00:50 - INFO - Balance de clases tras SMOTETomek:
target
0.0    391
1.0    391
Name: count, dtype: int64
2025-01-29 19:00:50 - INFO - Balance de clases tras SMOTETomek:
target
0.0    389
1.0    389
Name: count, dtype: int64
2025-01-29 19:00:51 - INFO - Balance de clases tras SMOTETomek:
target
0.0    380
1.0    380
Name: count, dtype: int64
2025-01-29 19:00:52 - INFO - Balance de clases tras SMOTETomek:
target
0.0    381
1.0    381
Name: count, dtype: int64
2025-01-29 19:00:52 - INFO - Balance de clases tras SMOTETomek:
target
0.0    385
1.0    385
Name: count, dtype: int64
2025-01-29 19:00:53 - INFO - Balance de clases tras SMOTETomek:
target
0.0    391
1.0    391
Name: count, dtype: int64
2025-01-29 19:00:53 - INFO - Balance de clases tras SMOTETomek:
target
0.0    389
1.0    389
Name: count, dtype: int64
2025-01-29 19:00:54 - INFO - Balance de clases tras SMOTETomek:
target
0.0    380
1.0    380
Name: count, dtype: int64
2025-01-29 19:00:54 - INFO - Balance de clases tras SMOTETomek:
target
0.0    381
1.0    381
Name: count, dtype: int64
2025-01-29 19:00:54 - INFO - Balance de clases tras SMOTETomek:
target
0.0    385
1.0    385
Name: count, dtype: int64
2025-01-29 19:00:55 - INFO - Balance de clases tras SMOTETomek:
target
0.0    391
1.0    391
Name: count, dtype: int64
2025-01-29 19:00:56 - INFO - Balance de clases tras SMOTETomek:
target
0.0    389
1.0    389
Name: count, dtype: int64
2025-01-29 19:00:57 - INFO - Balance de clases tras SMOTETomek:
target
0.0    380
1.0    380
Name: count, dtype: int64
2025-01-29 19:00:58 - INFO - Balance de clases tras SMOTETomek:
target
0.0    381
1.0    381
Name: count, dtype: int64
2025-01-29 19:00:59 - INFO - Balance de clases tras SMOTETomek:
target
0.0    385
1.0    385
Name: count, dtype: int64
2025-01-29 19:01:00 - INFO - Balance de clases tras SMOTETomek:
target
0.0    391
1.0    391
Name: count, dtype: int64
2025-01-29 19:01:00 - INFO - Balance de clases tras SMOTETomek:
target
0.0    389
1.0    389
Name: count, dtype: int64
2025-01-29 19:01:01 - INFO - Balance de clases tras SMOTETomek:
target
0.0    380
1.0    380
Name: count, dtype: int64
2025-01-29 19:01:01 - INFO - Balance de clases tras SMOTETomek:
target
0.0    381
1.0    381
Name: count, dtype: int64
2025-01-29 19:01:01 - INFO - Balance de clases tras SMOTETomek:
target
0.0    385
1.0    385
Name: count, dtype: int64
2025-01-29 19:01:01 - INFO - Mejor Precisión (clase=1): 0.7224
2025-01-29 19:01:01 - INFO - Mejores parámetros: {'max_depth': 11, 'learning_rate': 0.020107531049695957, 'n_estimators': 671, 'subsample': 0.9510846054797798, 'colsample_bytree': 0.6659133520917333, 'gamma': 0.3377937105460287, 'reg_alpha': 0.09006696587638663, 'reg_lambda': 0.6928383321248949}
2025-01-29 19:01:01 - INFO - === Entrenando Pipeline Final con TODO el Training ===
2025-01-29 19:01:01 - INFO - Columnas extra eliminadas: ['future_close', 'change_pct']
2025-01-29 19:01:01 - INFO - Dataset preparado: 1110 filas, 21 features (después de imputación).
2025-01-29 19:01:01 - INFO - Balance de clases tras SMOTETomek:
target
0.0    558
1.0    558
Name: count, dtype: int64
2025-01-29 19:01:02 - INFO - Pipeline final entrenado con scale_pos_weight=1.00
2025-01-29 19:01:02 - INFO - Pipeline completo guardado en: .ML/results/XGBoost_Binario_trained_pipeline.joblib
2025-01-29 19:01:02 - INFO - Parámetros guardados en: .ML/results/XGBoost_Binario_model_params.txt
2025-01-29 19:01:02 - INFO - Lista de features guardada en: .ML/results/XGBoost_Binario_feature_cols.txt
2025-01-29 19:01:02 - INFO - Columnas de indicadores existentes eliminadas: ['RSI', 'MACD', 'MACDs', 'MACDh', 'OBV', 'BBL', 'BBM', 'BBU', 'STOCHk', 'STOCHd', 'CCI', 'SMA_10', 'SMA_50', 'SMA_200', 'EMA_10', 'EMA_50']
2025-01-29 19:01:02 - INFO - Indicadores técnicos agregados. Filas antes: 599, después: 400 (descartadas: 199)
2025-01-29 19:01:02 - INFO - Columnas renombradas: {'RSI_14': 'RSI', 'MACD_12_26_9': 'MACD', 'MACDs_12_26_9': 'MACDs', 'MACDh_12_26_9': 'MACDh', 'BBL_20_2.0': 'BBL', 'BBM_20_2.0': 'BBM', 'BBU_20_2.0': 'BBU', 'STOCHk_14_3_3': 'STOCHk', 'STOCHd_14_3_3': 'STOCHd', 'CCI_14_0.015': 'CCI', 'SMA_10': 'SMA_10', 'SMA_50': 'SMA_50', 'SMA_200': 'SMA_200', 'EMA_10': 'EMA_10', 'EMA_50': 'EMA_50'}
2025-01-29 19:01:02 - INFO - Target binario con look_ahead=3, min_change=0.032
2025-01-29 19:01:02 - INFO - Distribución de clases (0=Vender, 1=Comprar):
target
0.0    148
1.0    146
Name: count, dtype: int64
2025-01-29 19:01:02 - INFO - Muestra de datos con target:
                        close  future_close  change_pct  target
open_time                                                      
2022-06-30 23:30:00  19070.98      20055.09    0.051602     1.0
2021-05-23 12:15:00  35031.00      33318.09   -0.048897     0.0
2021-03-04 08:30:00  50431.68      58114.36    0.152338     1.0
2021-05-16 18:00:00  46913.24      42646.57   -0.090948     0.0
2024-08-05 13:15:00  49732.57      55300.00    0.111947     1.0
2021-12-15 18:15:00  47288.99      34646.53   -0.267345     0.0
2021-02-23 20:00:00  45866.17      50431.68    0.099540     1.0
2021-10-06 12:15:00  52277.06      61133.87    0.169421     1.0
2021-01-11 15:15:00  32654.17      30554.58   -0.064298     0.0
2022-11-10 13:15:00  16634.84      17303.82    0.040216     1.0
2025-01-29 19:01:02 - INFO - Columnas extra eliminadas: ['change_pct', 'future_close']
2025-01-29 19:01:02 - INFO - Dataset preparado: 294 filas, 21 features (después de imputación).
2025-01-29 19:01:02 - INFO - === Evaluación en Test ===
2025-01-29 19:01:02 - INFO - Matriz de confusión [0=Vender, 1=Comprar]:
[[96 52]
 [76 70]]
2025-01-29 19:01:02 - INFO - Reporte de Clasificación:
              precision    recall  f1-score   support

      Vender       0.56      0.65      0.60       148
     Comprar       0.57      0.48      0.52       146

    accuracy                           0.56       294
   macro avg       0.57      0.56      0.56       294
weighted avg       0.57      0.56      0.56       294

2025-01-29 19:01:02 - INFO - Precision (clase=1): 0.5738
2025-01-29 19:01:02 - INFO - F1 (clase=1): 0.5224
2025-01-29 19:01:02 - INFO - Recall (clase=1): 0.4795
2025-01-29 19:01:02 - INFO - Balanced Accuracy: 0.5641
2025-01-29 19:01:02 - INFO - MCC: 0.1300
2025-01-29 19:01:02 - INFO - AUC: 0.5423
2025-01-29 19:01:03 - INFO - Precisión final en Test (clase=1): 0.5738
2025-01-29 19:01:03 - INFO - Importancia de características guardada en .ML/results/feature_importances_binary.csv.
2025-01-29 19:01:04 - INFO - Gráfico de importancia de características guardado.
2025-01-29 19:01:04 - INFO - Calculando valores SHAP...
2025-01-29 19:01:06 - INFO - SHAP analysis completado y guardado.
2025-01-29 19:01:06 - INFO - Señales generadas con umbral=0.61
2025-01-29 19:01:06 - INFO - Señales filtradas por tendencia.
2025-01-29 19:01:06 - INFO - Señales guardadas en: .ML/results/signals_binary.csv
2025-01-29 19:01:06 - INFO - === Proceso Completado con Éxito ===
