2025-01-02 19:37:19 - INFO - Datos cargados desde /Users/oscarr/Desarrollo/Python0/ApiBinance/ML/data/processed/BTCUSDT_15m_processed.csv, filas: 251947
2025-01-02 19:37:19 - INFO - Indicadores técnicos agregados al DataFrame. Filas antes: 251947, después: 251898
2025-01-02 19:37:19 - INFO - feature_columns.pkl actualizado con nuevas características.
2025-01-02 19:37:19 - INFO - Target binario mejorado con look_ahead=8, min_change=0.005, max_change=0.02
2025-01-02 19:37:20 - INFO - Distribución de clases (0/1):
target
0    191956
1     43292
Name: count, dtype: int64
2025-01-02 19:37:20 - INFO - División de datos en train y test completada.
2025-01-02 19:37:20 - INFO - === Buscando hiperparámetros (Optuna) en una muestra del training ===
2025-01-02 19:37:20 - INFO - Características cargadas desde: /Users/oscarr/Desarrollo/Python0/ApiBinance/ML/data/processed/feature_columns.pkl
2025-01-02 19:37:20 - INFO - Cantidad de características antes de quitar problemáticas: 30
2025-01-02 19:37:20 - INFO - Cantidad de características después de quitar problemáticas: 30
2025-01-02 19:37:20 - INFO - Verificando tipo de la columna: open
2025-01-02 19:37:20 - INFO - Tipo de open: float64
2025-01-02 19:37:20 - INFO - Verificando tipo de la columna: high
2025-01-02 19:37:20 - INFO - Tipo de high: float64
2025-01-02 19:37:20 - INFO - Verificando tipo de la columna: low
2025-01-02 19:37:20 - INFO - Tipo de low: float64
2025-01-02 19:37:20 - INFO - Verificando tipo de la columna: close
2025-01-02 19:37:20 - INFO - Tipo de close: float64
2025-01-02 19:37:20 - INFO - Verificando tipo de la columna: volume
2025-01-02 19:37:20 - INFO - Tipo de volume: float64
2025-01-02 19:37:20 - INFO - Verificando tipo de la columna: close_time
2025-01-02 19:37:20 - INFO - Tipo de close_time: int64
2025-01-02 19:37:20 - INFO - Verificando tipo de la columna: quote_asset_volume
2025-01-02 19:37:20 - INFO - Tipo de quote_asset_volume: float64
2025-01-02 19:37:20 - INFO - Verificando tipo de la columna: number_of_trades
2025-01-02 19:37:20 - INFO - Tipo de number_of_trades: int64
2025-01-02 19:37:20 - INFO - Verificando tipo de la columna: taker_buy_base_asset_volume
2025-01-02 19:37:20 - INFO - Tipo de taker_buy_base_asset_volume: float64
2025-01-02 19:37:20 - INFO - Verificando tipo de la columna: taker_buy_quote_asset_volume
2025-01-02 19:37:20 - INFO - Tipo de taker_buy_quote_asset_volume: float64
2025-01-02 19:37:20 - INFO - Verificando tipo de la columna: ignore
2025-01-02 19:37:20 - INFO - Tipo de ignore: int64
2025-01-02 19:37:20 - INFO - Verificando tipo de la columna: RSI_14
2025-01-02 19:37:20 - INFO - Tipo de RSI_14: float64
2025-01-02 19:37:20 - INFO - Verificando tipo de la columna: MACD_12_26_9
2025-01-02 19:37:20 - INFO - Tipo de MACD_12_26_9: float64
2025-01-02 19:37:20 - INFO - Verificando tipo de la columna: MACDh_12_26_9
2025-01-02 19:37:20 - INFO - Tipo de MACDh_12_26_9: float64
2025-01-02 19:37:20 - INFO - Verificando tipo de la columna: MACDs_12_26_9
2025-01-02 19:37:20 - INFO - Tipo de MACDs_12_26_9: float64
2025-01-02 19:37:20 - INFO - Verificando tipo de la columna: SMA_10
2025-01-02 19:37:20 - INFO - Tipo de SMA_10: float64
2025-01-02 19:37:20 - INFO - Verificando tipo de la columna: SMA_50
2025-01-02 19:37:20 - INFO - Tipo de SMA_50: float64
2025-01-02 19:37:20 - INFO - Verificando tipo de la columna: EMA_10
2025-01-02 19:37:20 - INFO - Tipo de EMA_10: float64
2025-01-02 19:37:20 - INFO - Verificando tipo de la columna: EMA_50
2025-01-02 19:37:20 - INFO - Tipo de EMA_50: float64
2025-01-02 19:37:20 - INFO - Verificando tipo de la columna: VWAP_D
2025-01-02 19:37:20 - INFO - Tipo de VWAP_D: float64
2025-01-02 19:37:20 - INFO - Verificando tipo de la columna: OBV
2025-01-02 19:37:20 - INFO - Tipo de OBV: float64
2025-01-02 19:37:20 - INFO - Verificando tipo de la columna: BBL_20_2.0
2025-01-02 19:37:20 - INFO - Tipo de BBL_20_2.0: float64
2025-01-02 19:37:20 - INFO - Verificando tipo de la columna: BBM_20_2.0
2025-01-02 19:37:20 - INFO - Tipo de BBM_20_2.0: float64
2025-01-02 19:37:20 - INFO - Verificando tipo de la columna: BBU_20_2.0
2025-01-02 19:37:20 - INFO - Tipo de BBU_20_2.0: float64
2025-01-02 19:37:20 - INFO - Verificando tipo de la columna: BBB_20_2.0
2025-01-02 19:37:20 - INFO - Tipo de BBB_20_2.0: float64
2025-01-02 19:37:20 - INFO - Verificando tipo de la columna: BBP_20_2.0
2025-01-02 19:37:20 - INFO - Tipo de BBP_20_2.0: float64
2025-01-02 19:37:20 - INFO - Verificando tipo de la columna: ATRr_14
2025-01-02 19:37:20 - INFO - Tipo de ATRr_14: float64
2025-01-02 19:37:20 - INFO - Verificando tipo de la columna: STOCHk_14_3_3
2025-01-02 19:37:20 - INFO - Tipo de STOCHk_14_3_3: float64
2025-01-02 19:37:20 - INFO - Verificando tipo de la columna: STOCHd_14_3_3
2025-01-02 19:37:20 - INFO - Tipo de STOCHd_14_3_3: float64
2025-01-02 19:37:20 - INFO - Verificando tipo de la columna: CCI_14_0.015
2025-01-02 19:37:20 - INFO - Tipo de CCI_14_0.015: float64
2025-01-02 19:37:20 - INFO - No se han identificado características categóricas.
2025-01-02 19:37:20 - INFO - Tipo de y_train_sample: <class 'pandas.core.series.Series'>
2025-01-02 19:37:20 - INFO - Shape de y_train_sample: (41403,)
2025-01-02 19:37:20 - INFO - Después de undersampling: target
0    2171
1    2171
Name: count, dtype: int64
2025-01-02 19:37:20 - INFO - Fold 1:
2025-01-02 19:37:20 - INFO - Después de undersampling: target
0    2171
1    2171
Name: count, dtype: int64
2025-01-02 19:37:20 - INFO - Tipo de X_train_balanced: <class 'pandas.core.frame.DataFrame'>
2025-01-02 19:37:20 - INFO - Shape de X_train_balanced: (4342, 30)
2025-01-02 19:37:20 - INFO - Tipo de y_train_balanced: <class 'pandas.core.series.Series'>
2025-01-02 19:37:20 - INFO - Shape de y_train_balanced: (4342,)
2025-01-02 19:37:20 - INFO - Fold 1:
2025-01-02 19:37:20 - INFO - Tipo de X_train_balanced: <class 'pandas.core.frame.DataFrame'>
2025-01-02 19:37:20 - INFO - Shape de X_train_balanced: (4342, 30)
2025-01-02 19:37:20 - INFO - Tipo de y_train_balanced: <class 'pandas.core.series.Series'>
2025-01-02 19:37:20 - INFO - Shape de y_train_balanced: (4342,)
2025-01-02 19:37:22 - INFO - Después de undersampling: target
0    4751
1    4751
Name: count, dtype: int64
2025-01-02 19:37:22 - INFO - Fold 2:
2025-01-02 19:37:22 - INFO - Tipo de X_train_balanced: <class 'pandas.core.frame.DataFrame'>
2025-01-02 19:37:22 - INFO - Shape de X_train_balanced: (9502, 30)
2025-01-02 19:37:22 - INFO - Tipo de y_train_balanced: <class 'pandas.core.series.Series'>
2025-01-02 19:37:22 - INFO - Shape de y_train_balanced: (9502,)
2025-01-02 19:37:23 - INFO - Después de undersampling: target
0    4751
1    4751
Name: count, dtype: int64
2025-01-02 19:37:23 - INFO - Fold 2:
2025-01-02 19:37:23 - INFO - Tipo de X_train_balanced: <class 'pandas.core.frame.DataFrame'>
2025-01-02 19:37:23 - INFO - Shape de X_train_balanced: (9502, 30)
2025-01-02 19:37:23 - INFO - Tipo de y_train_balanced: <class 'pandas.core.series.Series'>
2025-01-02 19:37:23 - INFO - Shape de y_train_balanced: (9502,)
2025-01-02 19:37:24 - INFO - Después de undersampling: target
0    6645
1    6645
Name: count, dtype: int64
2025-01-02 19:37:24 - INFO - Fold 3:
2025-01-02 19:37:24 - INFO - Tipo de X_train_balanced: <class 'pandas.core.frame.DataFrame'>
2025-01-02 19:37:24 - INFO - Shape de X_train_balanced: (13290, 30)
2025-01-02 19:37:24 - INFO - Tipo de y_train_balanced: <class 'pandas.core.series.Series'>
2025-01-02 19:37:24 - INFO - Shape de y_train_balanced: (13290,)
2025-01-02 19:37:27 - INFO - Después de undersampling: target
0    7653
1    7653
Name: count, dtype: int64
2025-01-02 19:37:27 - INFO - Fold 4:
2025-01-02 19:37:27 - INFO - Tipo de X_train_balanced: <class 'pandas.core.frame.DataFrame'>
2025-01-02 19:37:27 - INFO - Shape de X_train_balanced: (15306, 30)
2025-01-02 19:37:27 - INFO - Tipo de y_train_balanced: <class 'pandas.core.series.Series'>
2025-01-02 19:37:27 - INFO - Shape de y_train_balanced: (15306,)
2025-01-02 19:37:28 - INFO - Después de undersampling: target
0    6645
1    6645
Name: count, dtype: int64
2025-01-02 19:37:29 - INFO - Fold 3:
2025-01-02 19:37:29 - INFO - Tipo de X_train_balanced: <class 'pandas.core.frame.DataFrame'>
2025-01-02 19:37:29 - INFO - Shape de X_train_balanced: (13290, 30)
2025-01-02 19:37:29 - INFO - Tipo de y_train_balanced: <class 'pandas.core.series.Series'>
2025-01-02 19:37:29 - INFO - Shape de y_train_balanced: (13290,)
2025-01-02 19:37:31 - INFO - Después de undersampling: target
0    8660
1    8660
Name: count, dtype: int64
2025-01-02 19:37:31 - INFO - Fold 5:
2025-01-02 19:37:31 - INFO - Tipo de X_train_balanced: <class 'pandas.core.frame.DataFrame'>
2025-01-02 19:37:31 - INFO - Shape de X_train_balanced: (17320, 30)
2025-01-02 19:37:31 - INFO - Tipo de y_train_balanced: <class 'pandas.core.series.Series'>
2025-01-02 19:37:31 - INFO - Shape de y_train_balanced: (17320,)
