2024-12-31 00:10:32 - INFO - Datos cargados desde /Users/oscarr/Desarrollo/Python0/ApiBinance/ML/data/processed/BTCUSDT_15m_processed.csv, filas: 251797
2024-12-31 00:10:33 - INFO - Indicadores técnicos agregados al DataFrame.
2024-12-31 00:10:33 - INFO - feature_columns.pkl actualizado con nuevas características.
2024-12-31 00:10:36 - INFO - Target con look_ahead=6, lower=28, upper=75, min_change=0.006
2024-12-31 00:10:36 - INFO - Umbral inferior=-0.002520, superior=0.003374
2024-12-31 00:10:36 - INFO - Distribución de clases:
target
0    178302
2     37920
1     35520
Name: count, dtype: int64
2024-12-31 00:10:36 - INFO - División de datos en train y test completada.
2024-12-31 00:10:36 - INFO - === Buscando hiperparámetros (Optuna) en una muestra del training ===
2024-12-31 00:10:36 - INFO - Características cargadas desde: /Users/oscarr/Desarrollo/Python0/ApiBinance/ML/data/processed/feature_columns.pkl
2024-12-31 00:10:36 - INFO - Balance de clases en muestra de entrenamiento:
target
0    16865
2     8563
1     7801
Name: count, dtype: int64
2024-12-31 00:10:36 - WARNING - early_stopping_rounds no soportado o error en entrenamiento. Entrenando sin early stopping.
2024-12-31 00:10:47 - WARNING - early_stopping_rounds no soportado o error en entrenamiento. Entrenando sin early stopping.
2024-12-31 00:11:03 - WARNING - early_stopping_rounds no soportado o error en entrenamiento. Entrenando sin early stopping.
2024-12-31 00:11:17 - WARNING - early_stopping_rounds no soportado o error en entrenamiento. Entrenando sin early stopping.
2024-12-31 00:11:33 - WARNING - early_stopping_rounds no soportado o error en entrenamiento. Entrenando sin early stopping.
2024-12-31 00:11:53 - WARNING - early_stopping_rounds no soportado o error en entrenamiento. Entrenando sin early stopping.
2024-12-31 00:12:05 - WARNING - early_stopping_rounds no soportado o error en entrenamiento. Entrenando sin early stopping.
2024-12-31 00:12:21 - WARNING - early_stopping_rounds no soportado o error en entrenamiento. Entrenando sin early stopping.
2024-12-31 00:12:37 - WARNING - early_stopping_rounds no soportado o error en entrenamiento. Entrenando sin early stopping.
2024-12-31 00:12:57 - WARNING - early_stopping_rounds no soportado o error en entrenamiento. Entrenando sin early stopping.
2024-12-31 00:13:11 - WARNING - early_stopping_rounds no soportado o error en entrenamiento. Entrenando sin early stopping.
2024-12-31 00:13:22 - WARNING - early_stopping_rounds no soportado o error en entrenamiento. Entrenando sin early stopping.
2024-12-31 00:13:33 - WARNING - early_stopping_rounds no soportado o error en entrenamiento. Entrenando sin early stopping.
2024-12-31 00:13:48 - WARNING - early_stopping_rounds no soportado o error en entrenamiento. Entrenando sin early stopping.
2024-12-31 00:14:02 - WARNING - early_stopping_rounds no soportado o error en entrenamiento. Entrenando sin early stopping.
2024-12-31 00:14:18 - WARNING - early_stopping_rounds no soportado o error en entrenamiento. Entrenando sin early stopping.
2024-12-31 00:14:29 - WARNING - early_stopping_rounds no soportado o error en entrenamiento. Entrenando sin early stopping.
2024-12-31 00:14:42 - WARNING - early_stopping_rounds no soportado o error en entrenamiento. Entrenando sin early stopping.
2024-12-31 00:14:56 - WARNING - early_stopping_rounds no soportado o error en entrenamiento. Entrenando sin early stopping.
2024-12-31 00:15:16 - WARNING - early_stopping_rounds no soportado o error en entrenamiento. Entrenando sin early stopping.
2024-12-31 00:15:33 - WARNING - early_stopping_rounds no soportado o error en entrenamiento. Entrenando sin early stopping.
2024-12-31 00:15:50 - WARNING - early_stopping_rounds no soportado o error en entrenamiento. Entrenando sin early stopping.
2024-12-31 00:16:13 - WARNING - early_stopping_rounds no soportado o error en entrenamiento. Entrenando sin early stopping.
