2024-12-31 19:19:46 - INFO - Datos cargados desde /Users/oscarr/Desarrollo/Python0/ApiBinance/ML/data/processed/BTCUSDT_15m_processed.csv, filas: 251797
2024-12-31 19:19:47 - INFO - Indicadores técnicos agregados al DataFrame.
2024-12-31 19:19:47 - INFO - feature_columns.pkl actualizado con nuevas características.
2024-12-31 19:19:52 - INFO - Target con look_ahead=6, lower=28, upper=75, min_change=0.001
2024-12-31 19:19:52 - INFO - Umbral inferior=-0.002520, superior=0.003374
2024-12-31 19:19:52 - INFO - Distribución de clases:
target
0    118318
1     70488
2     62936
Name: count, dtype: int64
2024-12-31 19:19:52 - INFO - División de datos en train y test completada.
2024-12-31 19:19:52 - INFO - === Buscando hiperparámetros (Optuna) en una muestra del training ===
2024-12-31 19:19:52 - INFO - Características cargadas desde: /Users/oscarr/Desarrollo/Python0/ApiBinance/ML/data/processed/feature_columns.pkl
2024-12-31 19:43:05 - INFO - Mejor valor de F1 macro: 0.35062744796216094
2024-12-31 19:43:05 - INFO - Mejores parámetros: {'max_depth': 10, 'learning_rate': 0.0013566285468930267, 'n_estimators': 475, 'subsample': 0.9985290184019612, 'colsample_bytree': 0.654034819967162, 'gamma': 0.03942161652341864, 'reg_alpha': 1.0327786062100844e-05, 'reg_lambda': 1.4995042608304657e-05}
2024-12-31 19:43:05 - INFO - === Entrenando Pipeline Final con TODO el training ===
2024-12-31 19:45:32 - INFO - Pipeline final entrenado con todos los datos de entrenamiento.
2024-12-31 19:45:33 - INFO - Modelo guardado en: /Users/oscarr/Desarrollo/Python0/ApiBinance/results/XGBoost_trained_pipeline.joblib
2024-12-31 19:45:33 - INFO - Parámetros guardados en: /Users/oscarr/Desarrollo/Python0/ApiBinance/results/XGBoost_model_params.txt
2024-12-31 19:45:33 - INFO - Lista de features guardada en: /Users/oscarr/Desarrollo/Python0/ApiBinance/results/XGBoost_feature_cols.txt
2024-12-31 19:45:33 - INFO - === Preparando Test ===
2024-12-31 19:45:33 - ERROR - El índice debe ser de tipo DatetimeIndex.
