2025-01-02 23:44:56 - INFO - Datos cargados desde ML/data/processed/BTCUSDT_15m_processed.csv, filas: 251947
2025-01-02 23:44:57 - INFO - Columnas de indicadores técnicos existentes eliminadas: ['OBV']
2025-01-02 23:44:57 - INFO - Indicadores técnicos agregados al DataFrame. Filas antes: 251947, después: 251898
2025-01-02 23:44:57 - INFO - Columnas después de agregar indicadores técnicos: ['open', 'high', 'low', 'close', 'volume', 'close_time', 'quote_asset_volume', 'number_of_trades', 'taker_buy_base_asset_volume', 'taker_buy_quote_asset_volume', 'ignore', 'RSI_14', 'MACD_12_26_9', 'MACDh_12_26_9', 'MACDs_12_26_9', 'SMA_10', 'SMA_50', 'EMA_10', 'EMA_50', 'VWAP_D', 'BBL_20_2.0', 'BBM_20_2.0', 'BBU_20_2.0', 'BBB_20_2.0', 'BBP_20_2.0', 'ATRr_14', 'STOCHk_14_3_3', 'STOCHd_14_3_3', 'CCI_14_0.015', 'hour_of_day', 'day_of_week', 'is_weekend', 'RSI_14_', 'MACD_12_26_9_', 'MACDh_12_26_9_', 'MACDs_12_26_9_', 'SMA_10_', 'SMA_50_', 'EMA_10_', 'EMA_50_', 'VWAP_D_', 'OBV_', 'BBL_20_2.0_', 'BBM_20_2.0_', 'BBU_20_2.0_', 'BBB_20_2.0_', 'BBP_20_2.0_', 'ATRr_14_', 'STOCHk_14_3_3_', 'STOCHd_14_3_3_', 'CCI_14_0.015_']
2025-01-02 23:44:57 - INFO - Columnas renombradas: {'RSI_14': 'RSI', 'RSI_14_': 'RSI_', 'MACD_12_26_9': 'MACD', 'MACD_12_26_9_': 'MACD_', 'MACDh_12_26_9': 'MACDh', 'MACDh_12_26_9_': 'MACDh_', 'MACDs_12_26_9': 'MACDs', 'MACDs_12_26_9_': 'MACDs_', 'VWAP_D': 'VWAP', 'VWAP_D_': 'VWAP_', 'BBL_20_2.0': 'BBL', 'BBL_20_2.0_': 'BBL_', 'BBM_20_2.0': 'BBM', 'BBM_20_2.0_': 'BBM_', 'BBU_20_2.0': 'BBU', 'BBU_20_2.0_': 'BBU_', 'ATRr_14': 'ATR', 'ATRr_14_': 'ATR_', 'STOCHk_14_3_3': 'STOCHk', 'STOCHk_14_3_3_': 'STOCHk_', 'STOCHd_14_3_3': 'STOCHd', 'STOCHd_14_3_3_': 'STOCHd_', 'CCI_14_0.015': 'CCI', 'CCI_14_0.015_': 'CCI_'}
2025-01-02 23:44:57 - INFO - Columnas duplicadas eliminadas: ['RSI_', 'MACD_', 'MACDh_', 'MACDs_', 'SMA_10_', 'SMA_50_', 'EMA_10_', 'EMA_50_', 'VWAP_', 'OBV_', 'BBL_', 'BBM_', 'BBU_', 'BBB_20_2.0_', 'BBP_20_2.0_', 'ATR_', 'STOCHk_', 'STOCHd_', 'CCI_']
2025-01-02 23:44:57 - WARNING - La columna 'OBV' no está presente después de agregar indicadores. Añadiendo 'OBV' con valor 0.
2025-01-02 23:44:58 - INFO - Target binario mejorado con look_ahead=44, min_change=0.01, max_change=0.19
2025-01-02 23:44:58 - INFO - Distribución de clases (0/1):
target
0    187798
1     63957
Name: count, dtype: int64
2025-01-02 23:44:58 - INFO - División de datos en train y test completada.
2025-01-02 23:44:58 - INFO - === Buscando hiperparámetros (Optuna) en una muestra del training ===
2025-01-02 23:44:58 - INFO - Características utilizadas: ['open', 'high', 'low', 'close', 'volume', 'hour_of_day', 'day_of_week', 'is_weekend', 'RSI', 'MACD', 'MACDs', 'MACDh', 'SMA_10', 'SMA_50', 'EMA_10', 'EMA_50', 'VWAP', 'OBV', 'BBL', 'BBM', 'BBU', 'ATR', 'STOCHk', 'STOCHd', 'CCI']
2025-01-02 23:44:58 - INFO - No se han identificado características categóricas.
2025-01-02 23:44:58 - INFO - Columnas presentes en el DataFrame: ['open', 'high', 'low', 'close', 'volume', 'close_time', 'quote_asset_volume', 'number_of_trades', 'taker_buy_base_asset_volume', 'taker_buy_quote_asset_volume', 'ignore', 'RSI', 'MACD', 'MACDh', 'MACDs', 'SMA_10', 'SMA_50', 'EMA_10', 'EMA_50', 'VWAP', 'BBL', 'BBM', 'BBU', 'BBB_20_2.0', 'BBP_20_2.0', 'ATR', 'STOCHk', 'STOCHd', 'CCI', 'hour_of_day', 'day_of_week', 'is_weekend', 'OBV', 'future_close', 'change_pct', 'target']
2025-01-02 23:44:58 - INFO - Columnas eliminadas durante la preparación: ['close_time', 'quote_asset_volume', 'number_of_trades', 'taker_buy_base_asset_volume', 'taker_buy_quote_asset_volume', 'ignore', 'BBB_20_2.0', 'BBP_20_2.0', 'future_close', 'change_pct']
2025-01-02 23:44:58 - INFO - Conjunto de datos preparado con 41539 filas y 25 características.
2025-01-02 23:44:58 - INFO - Tipo de y_train_sample: <class 'pandas.core.series.Series'>
2025-01-02 23:44:58 - INFO - Shape de y_train_sample: (41539,)
2025-01-02 23:44:58 - INFO - Después de SMOTE: target
0    4271
1    4271
Name: count, dtype: int64
2025-01-02 23:44:58 - INFO - Después de SMOTE: target
0    4271
1    4271
Name: count, dtype: int64
2025-01-02 23:44:59 - INFO - Después de SMOTE: target
0    7994
1    7994
Name: count, dtype: int64
2025-01-02 23:45:00 - INFO - Después de SMOTE: target
0    7994
1    7994
Name: count, dtype: int64
2025-01-02 23:45:00 - INFO - Después de SMOTE: target
0    12131
1    12131
Name: count, dtype: int64
2025-01-02 23:45:02 - INFO - Después de SMOTE: target
0    16943
1    16943
Name: count, dtype: int64
2025-01-02 23:45:03 - INFO - Después de SMOTE: target
0    12131
1    12131
Name: count, dtype: int64
2025-01-02 23:45:04 - INFO - Después de SMOTE: target
0    22239
1    22239
Name: count, dtype: int64
2025-01-02 23:45:05 - INFO - Después de SMOTE: target
0    4271
1    4271
Name: count, dtype: int64
2025-01-02 23:45:06 - INFO - Después de SMOTE: target
0    16943
1    16943
Name: count, dtype: int64
2025-01-02 23:45:07 - INFO - Después de SMOTE: target
0    7994
1    7994
Name: count, dtype: int64
2025-01-02 23:45:08 - INFO - Después de SMOTE: target
0    12131
1    12131
Name: count, dtype: int64
2025-01-02 23:45:10 - INFO - Después de SMOTE: target
0    16943
1    16943
Name: count, dtype: int64
2025-01-02 23:45:11 - INFO - Después de SMOTE: target
0    22239
1    22239
Name: count, dtype: int64
2025-01-02 23:45:12 - INFO - Después de SMOTE: target
0    22239
1    22239
Name: count, dtype: int64
2025-01-02 23:45:14 - INFO - Después de SMOTE: target
0    4271
1    4271
Name: count, dtype: int64
2025-01-02 23:45:14 - INFO - Después de SMOTE: target
0    7994
1    7994
Name: count, dtype: int64
2025-01-02 23:45:15 - INFO - Después de SMOTE: target
0    4271
1    4271
Name: count, dtype: int64
2025-01-02 23:45:15 - INFO - Después de SMOTE: target
0    12131
1    12131
Name: count, dtype: int64
2025-01-02 23:45:15 - INFO - Después de SMOTE: target
0    7994
1    7994
Name: count, dtype: int64
2025-01-02 23:45:16 - INFO - Después de SMOTE: target
0    12131
1    12131
Name: count, dtype: int64
2025-01-02 23:45:16 - INFO - Después de SMOTE: target
0    16943
1    16943
Name: count, dtype: int64
2025-01-02 23:45:17 - INFO - Después de SMOTE: target
0    16943
1    16943
Name: count, dtype: int64
2025-01-02 23:45:18 - INFO - Después de SMOTE: target
0    22239
1    22239
Name: count, dtype: int64
2025-01-02 23:45:19 - INFO - Después de SMOTE: target
0    22239
1    22239
Name: count, dtype: int64
2025-01-02 23:45:19 - INFO - Después de SMOTE: target
0    4271
1    4271
Name: count, dtype: int64
2025-01-02 23:45:19 - INFO - Después de SMOTE: target
0    7994
1    7994
Name: count, dtype: int64
2025-01-02 23:45:20 - INFO - Después de SMOTE: target
0    4271
1    4271
Name: count, dtype: int64
2025-01-02 23:45:20 - INFO - Después de SMOTE: target
0    12131
1    12131
Name: count, dtype: int64
2025-01-02 23:45:20 - INFO - Después de SMOTE: target
0    7994
1    7994
Name: count, dtype: int64
2025-01-02 23:45:21 - INFO - Después de SMOTE: target
0    16943
1    16943
Name: count, dtype: int64
2025-01-02 23:45:22 - INFO - Después de SMOTE: target
0    12131
1    12131
Name: count, dtype: int64
2025-01-02 23:45:23 - INFO - Después de SMOTE: target
0    22239
1    22239
Name: count, dtype: int64
2025-01-02 23:45:23 - INFO - Después de SMOTE: target
0    16943
1    16943
Name: count, dtype: int64
2025-01-02 23:45:24 - INFO - Después de SMOTE: target
0    4271
1    4271
Name: count, dtype: int64
2025-01-02 23:45:24 - INFO - Después de SMOTE: target
0    7994
1    7994
Name: count, dtype: int64
2025-01-02 23:45:25 - INFO - Después de SMOTE: target
0    22239
1    22239
Name: count, dtype: int64
2025-01-02 23:45:25 - INFO - Después de SMOTE: target
0    12131
1    12131
Name: count, dtype: int64
2025-01-02 23:45:26 - INFO - Después de SMOTE: target
0    4271
1    4271
Name: count, dtype: int64
2025-01-02 23:45:26 - INFO - Después de SMOTE: target
0    16943
1    16943
Name: count, dtype: int64
2025-01-02 23:45:27 - INFO - Después de SMOTE: target
0    7994
1    7994
Name: count, dtype: int64
2025-01-02 23:45:28 - INFO - Después de SMOTE: target
0    22239
1    22239
Name: count, dtype: int64
2025-01-02 23:45:28 - INFO - Después de SMOTE: target
0    12131
1    12131
Name: count, dtype: int64
2025-01-02 23:45:29 - INFO - Después de SMOTE: target
0    4271
1    4271
Name: count, dtype: int64
2025-01-02 23:45:30 - INFO - Después de SMOTE: target
0    16943
1    16943
Name: count, dtype: int64
2025-01-02 23:45:30 - INFO - Después de SMOTE: target
0    7994
1    7994
Name: count, dtype: int64
2025-01-02 23:45:32 - INFO - Después de SMOTE: target
0    22239
1    22239
Name: count, dtype: int64
2025-01-02 23:45:32 - INFO - Después de SMOTE: target
0    12131
1    12131
Name: count, dtype: int64
2025-01-02 23:45:33 - INFO - Después de SMOTE: target
0    4271
1    4271
Name: count, dtype: int64
2025-01-02 23:45:33 - INFO - Después de SMOTE: target
0    16943
1    16943
Name: count, dtype: int64
2025-01-02 23:45:35 - INFO - Después de SMOTE: target
0    7994
1    7994
Name: count, dtype: int64
2025-01-02 23:45:35 - INFO - Después de SMOTE: target
0    22239
1    22239
Name: count, dtype: int64
2025-01-02 23:45:37 - INFO - Después de SMOTE: target
0    4271
1    4271
Name: count, dtype: int64
2025-01-02 23:45:38 - INFO - Después de SMOTE: target
0    12131
1    12131
Name: count, dtype: int64
2025-01-02 23:45:38 - INFO - Después de SMOTE: target
0    7994
1    7994
Name: count, dtype: int64
2025-01-02 23:45:40 - INFO - Después de SMOTE: target
0    12131
1    12131
Name: count, dtype: int64
2025-01-02 23:45:41 - INFO - Después de SMOTE: target
0    16943
1    16943
Name: count, dtype: int64
2025-01-02 23:45:42 - INFO - Después de SMOTE: target
0    16943
1    16943
Name: count, dtype: int64
2025-01-02 23:45:45 - INFO - Después de SMOTE: target
0    22239
1    22239
Name: count, dtype: int64
2025-01-02 23:45:45 - INFO - Después de SMOTE: target
0    22239
1    22239
Name: count, dtype: int64
2025-01-02 23:45:47 - INFO - Después de SMOTE: target
0    4271
1    4271
Name: count, dtype: int64
2025-01-02 23:45:48 - INFO - Después de SMOTE: target
0    4271
1    4271
Name: count, dtype: int64
2025-01-02 23:45:48 - INFO - Después de SMOTE: target
0    7994
1    7994
Name: count, dtype: int64
2025-01-02 23:45:49 - INFO - Después de SMOTE: target
0    7994
1    7994
Name: count, dtype: int64
2025-01-02 23:45:49 - INFO - Después de SMOTE: target
0    12131
1    12131
Name: count, dtype: int64
2025-01-02 23:45:50 - INFO - Después de SMOTE: target
0    12131
1    12131
Name: count, dtype: int64
2025-01-02 23:45:51 - INFO - Después de SMOTE: target
0    16943
1    16943
Name: count, dtype: int64
2025-01-02 23:45:52 - INFO - Después de SMOTE: target
0    16943
1    16943
Name: count, dtype: int64
2025-01-02 23:45:53 - INFO - Después de SMOTE: target
0    22239
1    22239
Name: count, dtype: int64
2025-01-02 23:45:54 - INFO - Después de SMOTE: target
0    22239
1    22239
Name: count, dtype: int64
2025-01-02 23:45:55 - INFO - Después de SMOTE: target
0    4271
1    4271
Name: count, dtype: int64
2025-01-02 23:45:56 - INFO - Después de SMOTE: target
0    7994
1    7994
Name: count, dtype: int64
2025-01-02 23:45:56 - INFO - Después de SMOTE: target
0    4271
1    4271
Name: count, dtype: int64
2025-01-02 23:45:57 - INFO - Después de SMOTE: target
0    7994
1    7994
Name: count, dtype: int64
2025-01-02 23:45:57 - INFO - Después de SMOTE: target
0    12131
1    12131
Name: count, dtype: int64
2025-01-02 23:45:58 - INFO - Después de SMOTE: target
0    12131
1    12131
Name: count, dtype: int64
2025-01-02 23:45:59 - INFO - Después de SMOTE: target
0    16943
1    16943
Name: count, dtype: int64
2025-01-02 23:46:00 - INFO - Después de SMOTE: target
0    16943
1    16943
Name: count, dtype: int64
2025-01-02 23:46:01 - INFO - Después de SMOTE: target
0    22239
1    22239
Name: count, dtype: int64
2025-01-02 23:46:02 - INFO - Después de SMOTE: target
0    22239
1    22239
Name: count, dtype: int64
2025-01-02 23:46:04 - INFO - Mejor valor de F1: 0.4683
2025-01-02 23:46:04 - INFO - Mejores parámetros: {'max_depth': 4, 'learning_rate': 0.0011212753860528532, 'n_estimators': 300, 'subsample': 0.691275891537596, 'colsample_bytree': 0.8908867839802402, 'gamma': 0.4903300885472254, 'reg_alpha': 0.015851659324545922, 'reg_lambda': 0.0001139081567705473}
2025-01-02 23:46:04 - INFO - === Entrenando Pipeline Final con TODO el training ===
2025-01-02 23:46:04 - INFO - Columnas presentes en el DataFrame: ['open', 'high', 'low', 'close', 'volume', 'close_time', 'quote_asset_volume', 'number_of_trades', 'taker_buy_base_asset_volume', 'taker_buy_quote_asset_volume', 'ignore', 'RSI', 'MACD', 'MACDh', 'MACDs', 'SMA_10', 'SMA_50', 'EMA_10', 'EMA_50', 'VWAP', 'BBL', 'BBM', 'BBU', 'BBB_20_2.0', 'BBP_20_2.0', 'ATR', 'STOCHk', 'STOCHd', 'CCI', 'hour_of_day', 'day_of_week', 'is_weekend', 'OBV', 'future_close', 'change_pct', 'target']
2025-01-02 23:46:04 - INFO - Columnas eliminadas durante la preparación: ['close_time', 'quote_asset_volume', 'number_of_trades', 'taker_buy_base_asset_volume', 'taker_buy_quote_asset_volume', 'ignore', 'BBB_20_2.0', 'BBP_20_2.0', 'future_close', 'change_pct']
2025-01-02 23:46:04 - INFO - Conjunto de datos preparado con 138465 filas y 25 características.
2025-01-02 23:46:04 - INFO - Tipo de y_train_full: <class 'pandas.core.series.Series'>
2025-01-02 23:46:04 - INFO - Shape de y_train_full: (138465,)
2025-01-02 23:46:07 - INFO - Después de SMOTE: target
0    99293
1    99293
Name: count, dtype: int64
2025-01-02 23:46:07 - INFO - Balance de clases aplicado mediante SMOTE.
2025-01-02 23:46:11 - INFO - Pipeline final entrenado con todos los datos de entrenamiento (binario).
2025-01-02 23:46:11 - INFO - Pipeline completo guardado en: ./results/XGBoost_Binario_trained_pipeline.joblib
2025-01-02 23:46:11 - INFO - Parámetros guardados en: ./results/XGBoost_Binario_model_params.txt
2025-01-02 23:46:11 - INFO - Lista de features guardada en: ./results/XGBoost_Binario_feature_cols.txt
2025-01-02 23:46:11 - INFO - Columnas de indicadores técnicos existentes eliminadas: ['RSI', 'MACD', 'MACDs', 'MACDh', 'VWAP', 'OBV', 'BBL', 'BBM', 'BBU', 'ATR', 'STOCHk', 'STOCHd', 'CCI']
2025-01-02 23:46:12 - INFO - Indicadores técnicos agregados al DataFrame. Filas antes: 113290, después: 113241
2025-01-02 23:46:12 - INFO - Columnas después de agregar indicadores técnicos: ['open', 'high', 'low', 'close', 'volume', 'close_time', 'quote_asset_volume', 'number_of_trades', 'taker_buy_base_asset_volume', 'taker_buy_quote_asset_volume', 'ignore', 'SMA_10', 'SMA_50', 'EMA_10', 'EMA_50', 'BBB_20_2.0', 'BBP_20_2.0', 'hour_of_day', 'day_of_week', 'is_weekend', 'future_close', 'change_pct', 'target', 'RSI_14_', 'MACD_12_26_9_', 'MACDh_12_26_9_', 'MACDs_12_26_9_', 'SMA_10_', 'SMA_50_', 'EMA_10_', 'EMA_50_', 'VWAP_D_', 'OBV_', 'BBL_20_2.0_', 'BBM_20_2.0_', 'BBU_20_2.0_', 'BBB_20_2.0_', 'BBP_20_2.0_', 'ATRr_14_', 'STOCHk_14_3_3_', 'STOCHd_14_3_3_', 'CCI_14_0.015_']
2025-01-02 23:46:12 - INFO - Columnas renombradas: {'RSI_14_': 'RSI', 'MACD_12_26_9_': 'MACD', 'MACDh_12_26_9_': 'MACDh', 'MACDs_12_26_9_': 'MACDs', 'VWAP_D_': 'VWAP', 'BBL_20_2.0_': 'BBL', 'BBM_20_2.0_': 'BBM', 'BBU_20_2.0_': 'BBU', 'ATRr_14_': 'ATR', 'STOCHk_14_3_3_': 'STOCHk', 'STOCHd_14_3_3_': 'STOCHd', 'CCI_14_0.015_': 'CCI'}
2025-01-02 23:46:12 - INFO - Columnas duplicadas eliminadas: ['SMA_10_', 'SMA_50_', 'EMA_10_', 'EMA_50_', 'OBV_', 'BBB_20_2.0_', 'BBP_20_2.0_']
2025-01-02 23:46:12 - WARNING - La columna 'OBV' no está presente después de agregar indicadores. Añadiendo 'OBV' con valor 0.
2025-01-02 23:46:12 - INFO - Target binario mejorado con look_ahead=44, min_change=0.01, max_change=0.19
2025-01-02 23:46:12 - INFO - Distribución de clases (0/1):
target
0    88497
1    24700
Name: count, dtype: int64
2025-01-02 23:46:12 - INFO - Columnas presentes en el DataFrame: ['open', 'high', 'low', 'close', 'volume', 'close_time', 'quote_asset_volume', 'number_of_trades', 'taker_buy_base_asset_volume', 'taker_buy_quote_asset_volume', 'ignore', 'SMA_10', 'SMA_50', 'EMA_10', 'EMA_50', 'BBB_20_2.0', 'BBP_20_2.0', 'hour_of_day', 'day_of_week', 'is_weekend', 'future_close', 'change_pct', 'target', 'RSI', 'MACD', 'MACDh', 'MACDs', 'VWAP', 'BBL', 'BBM', 'BBU', 'ATR', 'STOCHk', 'STOCHd', 'CCI', 'OBV']
2025-01-02 23:46:12 - INFO - Columnas eliminadas durante la preparación: ['close_time', 'quote_asset_volume', 'number_of_trades', 'taker_buy_base_asset_volume', 'taker_buy_quote_asset_volume', 'ignore', 'BBB_20_2.0', 'BBP_20_2.0', 'future_close', 'change_pct']
2025-01-02 23:46:12 - INFO - Conjunto de datos preparado con 113197 filas y 25 características.
2025-01-02 23:46:12 - INFO - Características en X_test_final: ['open', 'high', 'low', 'close', 'volume', 'hour_of_day', 'day_of_week', 'is_weekend', 'RSI', 'MACD', 'MACDs', 'MACDh', 'SMA_10', 'SMA_50', 'EMA_10', 'EMA_50', 'VWAP', 'OBV', 'BBL', 'BBM', 'BBU', 'ATR', 'STOCHk', 'STOCHd', 'CCI']
2025-01-02 23:46:12 - INFO - Tipo de y_test_final: <class 'pandas.core.series.Series'>
2025-01-02 23:46:12 - INFO - Shape de y_test_final: (113197,)
2025-01-02 23:46:12 - INFO - Las características del test coinciden perfectamente con las del entrenamiento.
2025-01-02 23:46:12 - INFO - === Evaluación en Test ===
2025-01-02 23:46:13 - INFO - Matriz de confusión [1,0]:
[[17520  7180]
 [57597 30900]]
2025-01-02 23:46:13 - INFO - Reporte de Clasificación:
              precision    recall  f1-score   support

           1       0.23      0.71      0.35     24700
           0       0.81      0.35      0.49     88497

    accuracy                           0.43    113197
   macro avg       0.52      0.53      0.42    113197
weighted avg       0.69      0.43      0.46    113197

2025-01-02 23:46:13 - INFO - F1-score: 0.3510
2025-01-02 23:46:13 - INFO - Precisión: 0.2332
2025-01-02 23:46:13 - INFO - Recall: 0.7093
2025-01-02 23:46:13 - INFO - AUC Score: 0.5620
2025-01-02 23:46:14 - INFO - F1 final en Test (Binario): 0.3510
2025-01-02 23:46:14 - INFO - === Analizando importancia de características ===
2025-01-02 23:46:14 - INFO - Tabla de importancia de características guardada en ./results/feature_importances_binario.csv.
2025-01-02 23:46:15 - INFO - Gráfico de importancia de características guardado.
2025-01-02 23:46:15 - INFO - Señales generadas con umbrales high=0.72, low=0.3
2025-01-02 23:46:16 - INFO - Señales guardadas en: ./results/signals.csv
2025-01-02 23:46:16 - INFO - === Proceso Completado con Éxito ===
