2025-01-21 19:12:45 - INFO - Datos cargados desde ML/data/processed/BTCUSDT_15m_processed.csv, filas: 257756
2025-01-21 19:12:45 - INFO - Columnas de indicadores existentes eliminadas: ['RSI', 'MACD', 'MACDs', 'MACDh', 'OBV', 'BBL', 'BBM', 'BBU', 'SMA_10', 'SMA_50', 'EMA_10', 'EMA_50']
2025-01-21 19:12:45 - INFO - Indicadores técnicos agregados. Filas antes: 257756, después: 257557 (descartadas: 199)
2025-01-21 19:12:45 - INFO - Columnas renombradas: {'RSI_14': 'RSI', 'MACD_12_26_9': 'MACD', 'MACDs_12_26_9': 'MACDs', 'MACDh_12_26_9': 'MACDh', 'BBL_20_2.0': 'BBL', 'BBM_20_2.0': 'BBM', 'BBU_20_2.0': 'BBU', 'STOCHk_14_3_3': 'STOCHk', 'STOCHd_14_3_3': 'STOCHd', 'CCI_14_0.015': 'CCI', 'SMA_10': 'SMA_10', 'SMA_50': 'SMA_50', 'SMA_200': 'SMA_200', 'EMA_10': 'EMA_10', 'EMA_50': 'EMA_50'}
2025-01-21 19:12:45 - INFO - Target binario con look_ahead=4, min_change=0.031
2025-01-21 19:12:45 - INFO - Distribución de clases (0=Vender, 1=Comprar):
target
0.0    1462
1.0    1288
Name: count, dtype: int64
2025-01-21 19:12:45 - INFO - Muestra de datos con target:
                        close  future_close  change_pct  target
open_time                                                      
2019-10-26 00:30:00   9199.56      10307.96    0.120484     1.0
2018-01-18 03:15:00  11434.98      10949.95   -0.042416     0.0
2018-01-05 08:30:00  15188.98      15985.00    0.052408     1.0
2019-06-27 05:45:00  12931.20      12468.00   -0.035820     0.0
2018-01-18 10:30:00  11060.00      11420.00    0.032550     1.0
2018-02-24 09:30:00  10121.13       9770.00   -0.034693     0.0
2017-10-21 16:15:00   6160.96       5910.00   -0.040734     0.0
2024-04-02 01:30:00  69459.96      66696.00   -0.039792     0.0
2021-05-19 11:45:00  38700.00      35234.62   -0.089545     0.0
2023-02-15 19:45:00  23318.90      24145.04    0.035428     1.0
2025-01-21 19:12:45 - INFO - División de datos en Train/Test completada.
2025-01-21 19:12:45 - INFO - === Búsqueda de hiperparámetros (Optuna) en muestra de Training ===
2025-01-21 19:12:45 - INFO - No se han identificado características categóricas.
2025-01-21 19:12:45 - INFO - Columnas extra eliminadas: ['future_close', 'change_pct']
2025-01-21 19:12:45 - INFO - Dataset preparado: 1697 filas, 21 features (después de imputación).
2025-01-21 19:12:45 - INFO - Iniciando optimización en Optuna (precisión clase=1)...
2025-01-21 19:12:45 - INFO - Balance de clases tras SMOTETomek:
target
0.0    703
1.0    703
Name: count, dtype: int64
2025-01-21 19:12:45 - INFO - Balance de clases tras SMOTETomek:
target
0.0    703
1.0    703
Name: count, dtype: int64
2025-01-21 19:12:47 - INFO - Balance de clases tras SMOTETomek:
target
1.0    696
0.0    696
Name: count, dtype: int64
2025-01-21 19:12:47 - INFO - Balance de clases tras SMOTETomek:
target
1.0    696
0.0    696
Name: count, dtype: int64
2025-01-21 19:12:48 - INFO - Balance de clases tras SMOTETomek:
target
1.0    699
0.0    699
Name: count, dtype: int64
2025-01-21 19:12:49 - INFO - Balance de clases tras SMOTETomek:
target
1.0    703
0.0    703
Name: count, dtype: int64
2025-01-21 19:12:49 - INFO - Balance de clases tras SMOTETomek:
target
1.0    699
0.0    699
Name: count, dtype: int64
2025-01-21 19:12:50 - INFO - Balance de clases tras SMOTETomek:
target
1.0    700
0.0    700
Name: count, dtype: int64
2025-01-21 19:12:51 - INFO - Balance de clases tras SMOTETomek:
target
1.0    703
0.0    703
Name: count, dtype: int64
2025-01-21 19:12:51 - INFO - Balance de clases tras SMOTETomek:
target
0.0    703
1.0    703
Name: count, dtype: int64
2025-01-21 19:12:52 - INFO - Balance de clases tras SMOTETomek:
target
1.0    696
0.0    696
Name: count, dtype: int64
2025-01-21 19:12:52 - INFO - Balance de clases tras SMOTETomek:
target
1.0    699
0.0    699
Name: count, dtype: int64
2025-01-21 19:12:53 - INFO - Balance de clases tras SMOTETomek:
target
1.0    703
0.0    703
Name: count, dtype: int64
2025-01-21 19:12:53 - INFO - Balance de clases tras SMOTETomek:
target
1.0    700
0.0    700
Name: count, dtype: int64
2025-01-21 19:12:53 - INFO - Balance de clases tras SMOTETomek:
target
1.0    700
0.0    700
Name: count, dtype: int64
2025-01-21 19:12:54 - INFO - Balance de clases tras SMOTETomek:
target
0.0    703
1.0    703
Name: count, dtype: int64
2025-01-21 19:12:55 - INFO - Balance de clases tras SMOTETomek:
target
1.0    696
0.0    696
Name: count, dtype: int64
2025-01-21 19:12:55 - INFO - Balance de clases tras SMOTETomek:
target
0.0    703
1.0    703
Name: count, dtype: int64
2025-01-21 19:12:56 - INFO - Balance de clases tras SMOTETomek:
target
1.0    699
0.0    699
Name: count, dtype: int64
2025-01-21 19:12:56 - INFO - Balance de clases tras SMOTETomek:
target
1.0    696
0.0    696
Name: count, dtype: int64
2025-01-21 19:12:57 - INFO - Balance de clases tras SMOTETomek:
target
1.0    703
0.0    703
Name: count, dtype: int64
2025-01-21 19:12:57 - INFO - Balance de clases tras SMOTETomek:
target
1.0    699
0.0    699
Name: count, dtype: int64
2025-01-21 19:12:57 - INFO - Balance de clases tras SMOTETomek:
target
1.0    700
0.0    700
Name: count, dtype: int64
2025-01-21 19:12:58 - INFO - Balance de clases tras SMOTETomek:
target
1.0    703
0.0    703
Name: count, dtype: int64
2025-01-21 19:12:58 - INFO - Balance de clases tras SMOTETomek:
target
0.0    703
1.0    703
Name: count, dtype: int64
2025-01-21 19:12:59 - INFO - Balance de clases tras SMOTETomek:
target
1.0    700
0.0    700
Name: count, dtype: int64
2025-01-21 19:12:59 - INFO - Balance de clases tras SMOTETomek:
target
0.0    703
1.0    703
Name: count, dtype: int64
2025-01-21 19:13:00 - INFO - Balance de clases tras SMOTETomek:
target
1.0    696
0.0    696
Name: count, dtype: int64
2025-01-21 19:13:00 - INFO - Balance de clases tras SMOTETomek:
target
1.0    699
0.0    699
Name: count, dtype: int64
2025-01-21 19:13:01 - INFO - Balance de clases tras SMOTETomek:
target
1.0    696
0.0    696
Name: count, dtype: int64
2025-01-21 19:13:01 - INFO - Balance de clases tras SMOTETomek:
target
1.0    703
0.0    703
Name: count, dtype: int64
2025-01-21 19:13:01 - INFO - Balance de clases tras SMOTETomek:
target
1.0    700
0.0    700
Name: count, dtype: int64
2025-01-21 19:13:02 - INFO - Balance de clases tras SMOTETomek:
target
0.0    703
1.0    703
Name: count, dtype: int64
2025-01-21 19:13:03 - INFO - Balance de clases tras SMOTETomek:
target
1.0    699
0.0    699
Name: count, dtype: int64
2025-01-21 19:13:04 - INFO - Balance de clases tras SMOTETomek:
target
1.0    696
0.0    696
Name: count, dtype: int64
2025-01-21 19:13:05 - INFO - Balance de clases tras SMOTETomek:
target
1.0    703
0.0    703
Name: count, dtype: int64
2025-01-21 19:13:06 - INFO - Balance de clases tras SMOTETomek:
target
1.0    699
0.0    699
Name: count, dtype: int64
2025-01-21 19:13:08 - INFO - Balance de clases tras SMOTETomek:
target
1.0    700
0.0    700
Name: count, dtype: int64
2025-01-21 19:13:08 - INFO - Balance de clases tras SMOTETomek:
target
1.0    703
0.0    703
Name: count, dtype: int64
2025-01-21 19:13:10 - INFO - Balance de clases tras SMOTETomek:
target
1.0    700
0.0    700
Name: count, dtype: int64
2025-01-21 19:13:10 - INFO - Balance de clases tras SMOTETomek:
target
0.0    703
1.0    703
Name: count, dtype: int64
2025-01-21 19:13:11 - INFO - Balance de clases tras SMOTETomek:
target
1.0    696
0.0    696
Name: count, dtype: int64
2025-01-21 19:13:11 - INFO - Balance de clases tras SMOTETomek:
target
1.0    699
0.0    699
Name: count, dtype: int64
2025-01-21 19:13:12 - INFO - Balance de clases tras SMOTETomek:
target
0.0    703
1.0    703
Name: count, dtype: int64
2025-01-21 19:13:12 - INFO - Balance de clases tras SMOTETomek:
target
1.0    703
0.0    703
Name: count, dtype: int64
2025-01-21 19:13:12 - INFO - Balance de clases tras SMOTETomek:
target
1.0    700
0.0    700
Name: count, dtype: int64
2025-01-21 19:13:13 - INFO - Balance de clases tras SMOTETomek:
target
0.0    703
1.0    703
Name: count, dtype: int64
2025-01-21 19:13:13 - INFO - Balance de clases tras SMOTETomek:
target
1.0    696
0.0    696
Name: count, dtype: int64
2025-01-21 19:13:14 - INFO - Balance de clases tras SMOTETomek:
target
1.0    699
0.0    699
Name: count, dtype: int64
2025-01-21 19:13:15 - INFO - Balance de clases tras SMOTETomek:
target
1.0    696
0.0    696
Name: count, dtype: int64
2025-01-21 19:13:16 - INFO - Balance de clases tras SMOTETomek:
target
1.0    703
0.0    703
Name: count, dtype: int64
2025-01-21 19:13:16 - INFO - Balance de clases tras SMOTETomek:
target
1.0    699
0.0    699
Name: count, dtype: int64
2025-01-21 19:13:17 - INFO - Balance de clases tras SMOTETomek:
target
1.0    700
0.0    700
Name: count, dtype: int64
2025-01-21 19:13:18 - INFO - Balance de clases tras SMOTETomek:
target
1.0    703
0.0    703
Name: count, dtype: int64
2025-01-21 19:13:18 - INFO - Balance de clases tras SMOTETomek:
target
0.0    703
1.0    703
Name: count, dtype: int64
2025-01-21 19:13:20 - INFO - Balance de clases tras SMOTETomek:
target
1.0    700
0.0    700
Name: count, dtype: int64
2025-01-21 19:13:21 - INFO - Balance de clases tras SMOTETomek:
target
0.0    703
1.0    703
Name: count, dtype: int64
2025-01-21 19:13:22 - INFO - Balance de clases tras SMOTETomek:
target
1.0    696
0.0    696
Name: count, dtype: int64
2025-01-21 19:13:22 - INFO - Balance de clases tras SMOTETomek:
target
1.0    699
0.0    699
Name: count, dtype: int64
2025-01-21 19:13:23 - INFO - Balance de clases tras SMOTETomek:
target
1.0    696
0.0    696
Name: count, dtype: int64
2025-01-21 19:13:23 - INFO - Balance de clases tras SMOTETomek:
target
1.0    703
0.0    703
Name: count, dtype: int64
2025-01-21 19:13:23 - INFO - Balance de clases tras SMOTETomek:
target
1.0    700
0.0    700
Name: count, dtype: int64
2025-01-21 19:13:24 - INFO - Balance de clases tras SMOTETomek:
target
0.0    703
1.0    703
Name: count, dtype: int64
2025-01-21 19:13:25 - INFO - Balance de clases tras SMOTETomek:
target
1.0    696
0.0    696
Name: count, dtype: int64
2025-01-21 19:13:25 - INFO - Balance de clases tras SMOTETomek:
target
1.0    699
0.0    699
Name: count, dtype: int64
2025-01-21 19:13:26 - INFO - Balance de clases tras SMOTETomek:
target
1.0    703
0.0    703
Name: count, dtype: int64
2025-01-21 19:13:26 - INFO - Balance de clases tras SMOTETomek:
target
1.0    700
0.0    700
Name: count, dtype: int64
2025-01-21 19:13:27 - INFO - Balance de clases tras SMOTETomek:
target
0.0    703
1.0    703
Name: count, dtype: int64
2025-01-21 19:13:28 - INFO - Balance de clases tras SMOTETomek:
target
1.0    699
0.0    699
Name: count, dtype: int64
2025-01-21 19:13:29 - INFO - Balance de clases tras SMOTETomek:
target
1.0    696
0.0    696
Name: count, dtype: int64
2025-01-21 19:13:31 - INFO - Balance de clases tras SMOTETomek:
target
1.0    699
0.0    699
Name: count, dtype: int64
2025-01-21 19:13:32 - INFO - Balance de clases tras SMOTETomek:
target
1.0    703
0.0    703
Name: count, dtype: int64
2025-01-21 19:13:33 - INFO - Balance de clases tras SMOTETomek:
target
1.0    703
0.0    703
Name: count, dtype: int64
2025-01-21 19:13:35 - INFO - Balance de clases tras SMOTETomek:
target
1.0    700
0.0    700
Name: count, dtype: int64
2025-01-21 19:13:37 - INFO - Balance de clases tras SMOTETomek:
target
1.0    700
0.0    700
Name: count, dtype: int64
2025-01-21 19:13:38 - INFO - Balance de clases tras SMOTETomek:
target
0.0    703
1.0    703
Name: count, dtype: int64
2025-01-21 19:13:40 - INFO - Balance de clases tras SMOTETomek:
target
1.0    696
0.0    696
Name: count, dtype: int64
2025-01-21 19:13:42 - INFO - Balance de clases tras SMOTETomek:
target
0.0    703
1.0    703
Name: count, dtype: int64
2025-01-21 19:13:42 - INFO - Balance de clases tras SMOTETomek:
target
1.0    699
0.0    699
Name: count, dtype: int64
2025-01-21 19:13:43 - INFO - Balance de clases tras SMOTETomek:
target
1.0    696
0.0    696
Name: count, dtype: int64
2025-01-21 19:13:44 - INFO - Balance de clases tras SMOTETomek:
target
1.0    699
0.0    699
Name: count, dtype: int64
2025-01-21 19:13:44 - INFO - Balance de clases tras SMOTETomek:
target
1.0    703
0.0    703
Name: count, dtype: int64
2025-01-21 19:13:45 - INFO - Balance de clases tras SMOTETomek:
target
1.0    703
0.0    703
Name: count, dtype: int64
2025-01-21 19:13:46 - INFO - Balance de clases tras SMOTETomek:
target
1.0    700
0.0    700
Name: count, dtype: int64
2025-01-21 19:13:46 - INFO - Balance de clases tras SMOTETomek:
target
1.0    700
0.0    700
Name: count, dtype: int64
2025-01-21 19:13:47 - INFO - Balance de clases tras SMOTETomek:
target
0.0    703
1.0    703
Name: count, dtype: int64
2025-01-21 19:13:48 - INFO - Balance de clases tras SMOTETomek:
target
1.0    696
0.0    696
Name: count, dtype: int64
2025-01-21 19:13:49 - INFO - Balance de clases tras SMOTETomek:
target
1.0    699
0.0    699
Name: count, dtype: int64
2025-01-21 19:13:50 - INFO - Balance de clases tras SMOTETomek:
target
1.0    703
0.0    703
Name: count, dtype: int64
2025-01-21 19:13:51 - INFO - Balance de clases tras SMOTETomek:
target
1.0    700
0.0    700
Name: count, dtype: int64
2025-01-21 19:13:52 - INFO - Mejor Precisión (clase=1): 0.7791
2025-01-21 19:13:52 - INFO - Mejores parámetros: {'max_depth': 13, 'learning_rate': 0.041422119504225086, 'n_estimators': 319, 'subsample': 0.9423890558270995, 'colsample_bytree': 0.8472861086217442, 'gamma': 0.03588440943519667, 'reg_alpha': 0.25689050908991035, 'reg_lambda': 0.01717535209874181}
2025-01-21 19:13:52 - INFO - === Entrenando Pipeline Final con TODO el Training ===
2025-01-21 19:13:52 - INFO - Columnas extra eliminadas: ['future_close', 'change_pct']
2025-01-21 19:13:52 - INFO - Dataset preparado: 1787 filas, 21 features (después de imputación).
2025-01-21 19:13:52 - INFO - Balance de clases tras SMOTETomek:
target
1.0    935
0.0    935
Name: count, dtype: int64
2025-01-21 19:13:54 - INFO - Pipeline final entrenado con scale_pos_weight=1.00
2025-01-21 19:13:54 - INFO - Pipeline completo guardado en: ./results/XGBoost_Binario_trained_pipeline.joblib
2025-01-21 19:13:54 - INFO - Parámetros guardados en: ./results/XGBoost_Binario_model_params.txt
2025-01-21 19:13:54 - INFO - Lista de features guardada en: ./results/XGBoost_Binario_feature_cols.txt
2025-01-21 19:13:54 - INFO - Columnas de indicadores existentes eliminadas: ['RSI', 'MACD', 'MACDs', 'MACDh', 'OBV', 'BBL', 'BBM', 'BBU', 'STOCHk', 'STOCHd', 'CCI', 'SMA_10', 'SMA_50', 'SMA_200', 'EMA_10', 'EMA_50']
2025-01-21 19:13:54 - INFO - Indicadores técnicos agregados. Filas antes: 963, después: 764 (descartadas: 199)
2025-01-21 19:13:54 - INFO - Columnas renombradas: {'RSI_14': 'RSI', 'MACD_12_26_9': 'MACD', 'MACDs_12_26_9': 'MACDs', 'MACDh_12_26_9': 'MACDh', 'BBL_20_2.0': 'BBL', 'BBM_20_2.0': 'BBM', 'BBU_20_2.0': 'BBU', 'STOCHk_14_3_3': 'STOCHk', 'STOCHd_14_3_3': 'STOCHd', 'CCI_14_0.015': 'CCI', 'SMA_10': 'SMA_10', 'SMA_50': 'SMA_50', 'SMA_200': 'SMA_200', 'EMA_10': 'EMA_10', 'EMA_50': 'EMA_50'}
2025-01-21 19:13:54 - INFO - Target binario con look_ahead=4, min_change=0.031
2025-01-21 19:13:54 - INFO - Distribución de clases (0=Vender, 1=Comprar):
target
1.0    293
0.0    282
Name: count, dtype: int64
2025-01-21 19:13:54 - INFO - Muestra de datos con target:
                        close  future_close  change_pct  target
open_time                                                      
2021-05-13 16:30:00  49546.34      44800.73   -0.095781     0.0
2021-01-11 02:00:00  36819.57      35635.97   -0.032146     0.0
2021-05-23 11:30:00  35662.41      34313.48   -0.037825     0.0
2021-05-21 21:00:00  34112.99      36693.01    0.075632     1.0
2021-02-23 19:30:00  45668.94      47713.91    0.044778     1.0
2021-02-08 12:30:00  40370.99      45270.24    0.121356     1.0
2021-03-16 00:00:00  55954.24      52934.24   -0.053973     0.0
2021-03-15 08:15:00  58200.01      55521.19   -0.046028     0.0
2023-08-17 20:45:00  27679.57      26015.20   -0.060130     0.0
2021-02-24 01:00:00  48723.21      46340.30   -0.048907     0.0
2025-01-21 19:13:54 - INFO - Columnas extra eliminadas: ['change_pct', 'future_close']
2025-01-21 19:13:54 - INFO - Dataset preparado: 575 filas, 21 features (después de imputación).
2025-01-21 19:13:54 - INFO - === Evaluación en Test ===
2025-01-21 19:13:54 - INFO - Matriz de confusión [0=Vender, 1=Comprar]:
[[181 101]
 [167 126]]
2025-01-21 19:13:54 - INFO - Reporte de Clasificación:
              precision    recall  f1-score   support

      Vender       0.52      0.64      0.57       282
     Comprar       0.56      0.43      0.48       293

    accuracy                           0.53       575
   macro avg       0.54      0.54      0.53       575
weighted avg       0.54      0.53      0.53       575

2025-01-21 19:13:54 - INFO - Precision (clase=1): 0.5551
2025-01-21 19:13:54 - INFO - F1 (clase=1): 0.4846
2025-01-21 19:13:54 - INFO - Recall (clase=1): 0.4300
2025-01-21 19:13:54 - INFO - Balanced Accuracy: 0.5359
2025-01-21 19:13:54 - INFO - MCC: 0.0735
2025-01-21 19:13:54 - INFO - AUC: 0.4740
2025-01-21 19:13:56 - INFO - Precisión final en Test (clase=1): 0.5551
2025-01-21 19:13:56 - INFO - Importancia de características guardada en ./results/feature_importances_binary.csv.
2025-01-21 19:13:56 - INFO - Gráfico de importancia de características guardado.
2025-01-21 19:13:57 - INFO - Calculando valores SHAP...
2025-01-21 19:13:59 - INFO - SHAP analysis completado y guardado.
2025-01-21 19:13:59 - INFO - Señales generadas con umbral=0.62
2025-01-21 19:13:59 - INFO - Señales filtradas por tendencia.
2025-01-21 19:13:59 - INFO - Señales guardadas en: ./results/signals_binary.csv
2025-01-21 19:13:59 - INFO - === Proceso Completado con Éxito ===
