2025-01-28 19:41:56 - INFO - Datos cargados desde ML/data/processed/BTCUSDT_15m_processed.csv, filas: 257756
2025-01-28 19:41:56 - INFO - Columnas de indicadores existentes eliminadas: ['RSI', 'MACD', 'MACDs', 'MACDh', 'OBV', 'BBL', 'BBM', 'BBU', 'SMA_10', 'SMA_50', 'EMA_10', 'EMA_50']
2025-01-28 19:41:57 - INFO - Indicadores técnicos agregados. Filas antes: 257756, después: 257557 (descartadas: 199)
2025-01-28 19:41:57 - INFO - Columnas renombradas: {'RSI_14': 'RSI', 'MACD_12_26_9': 'MACD', 'MACDs_12_26_9': 'MACDs', 'MACDh_12_26_9': 'MACDh', 'BBL_20_2.0': 'BBL', 'BBM_20_2.0': 'BBM', 'BBU_20_2.0': 'BBU', 'STOCHk_14_3_3': 'STOCHk', 'STOCHd_14_3_3': 'STOCHd', 'CCI_14_0.015': 'CCI', 'SMA_10': 'SMA_10', 'SMA_50': 'SMA_50', 'SMA_200': 'SMA_200', 'EMA_10': 'EMA_10', 'EMA_50': 'EMA_50'}
2025-01-28 19:41:57 - INFO - Target binario con look_ahead=4, min_change=0.031
2025-01-28 19:41:57 - INFO - Distribución de clases (0=Vender, 1=Comprar):
target
0.0    1462
1.0    1288
Name: count, dtype: int64
2025-01-28 19:41:58 - INFO - Muestra de datos con target:
                        close  future_close  change_pct  target
open_time                                                      
2021-01-22 18:15:00  32498.19      33586.53    0.033489     1.0
2017-08-22 04:45:00   3500.80       3626.99    0.036046     1.0
2024-01-08 17:30:00  45402.00      46917.77    0.033386     1.0
2020-03-20 21:15:00   5981.04       6170.22    0.031630     1.0
2022-06-14 00:00:00  22699.73      21627.43   -0.047238     0.0
2018-01-18 05:00:00  10532.51      11029.90    0.047224     1.0
2017-11-30 05:30:00  10199.00       9872.22   -0.032040     0.0
2022-03-09 03:15:00  40256.12      41685.15    0.035498     1.0
2020-03-16 13:15:00   4581.16       4945.02    0.079425     1.0
2024-04-13 19:15:00  67048.81      62097.45   -0.073847     0.0
2025-01-28 19:41:58 - INFO - División de datos en Train/Test completada.
2025-01-28 19:41:58 - INFO - === Búsqueda de hiperparámetros (Optuna) en muestra de Training ===
2025-01-28 19:41:58 - INFO - No se han identificado características categóricas.
2025-01-28 19:41:58 - INFO - Columnas extra eliminadas: ['future_close', 'change_pct']
2025-01-28 19:41:58 - INFO - Dataset preparado: 1567 filas, 21 features (después de imputación).
2025-01-28 19:41:58 - INFO - Iniciando optimización en Optuna (precisión clase=1)...
2025-01-28 19:42:00 - INFO - Balance de clases tras SMOTETomek:
target
1.0    634
0.0    634
Name: count, dtype: int64
2025-01-28 19:42:00 - INFO - Balance de clases tras SMOTETomek:
target
1.0    634
0.0    634
Name: count, dtype: int64
2025-01-28 19:42:02 - INFO - Balance de clases tras SMOTETomek:
target
1.0    639
0.0    639
Name: count, dtype: int64
2025-01-28 19:42:03 - INFO - Balance de clases tras SMOTETomek:
target
1.0    639
0.0    639
Name: count, dtype: int64
2025-01-28 19:42:04 - INFO - Balance de clases tras SMOTETomek:
target
0.0    647
1.0    647
Name: count, dtype: int64
2025-01-28 19:42:05 - INFO - Balance de clases tras SMOTETomek:
target
0.0    647
1.0    647
Name: count, dtype: int64
2025-01-28 19:42:05 - INFO - Balance de clases tras SMOTETomek:
target
1.0    642
0.0    642
Name: count, dtype: int64
2025-01-28 19:42:07 - INFO - Balance de clases tras SMOTETomek:
target
1.0    642
0.0    642
Name: count, dtype: int64
2025-01-28 19:42:07 - INFO - Balance de clases tras SMOTETomek:
target
1.0    648
0.0    648
Name: count, dtype: int64
2025-01-28 19:42:10 - INFO - Balance de clases tras SMOTETomek:
target
1.0    634
0.0    634
Name: count, dtype: int64
2025-01-28 19:42:10 - INFO - Balance de clases tras SMOTETomek:
target
1.0    648
0.0    648
Name: count, dtype: int64
2025-01-28 19:42:13 - INFO - Balance de clases tras SMOTETomek:
target
1.0    634
0.0    634
Name: count, dtype: int64
2025-01-28 19:42:14 - INFO - Balance de clases tras SMOTETomek:
target
1.0    639
0.0    639
Name: count, dtype: int64
2025-01-28 19:42:15 - INFO - Balance de clases tras SMOTETomek:
target
1.0    639
0.0    639
Name: count, dtype: int64
2025-01-28 19:42:15 - INFO - Balance de clases tras SMOTETomek:
target
0.0    647
1.0    647
Name: count, dtype: int64
2025-01-28 19:42:16 - INFO - Balance de clases tras SMOTETomek:
target
1.0    642
0.0    642
Name: count, dtype: int64
2025-01-28 19:42:17 - INFO - Balance de clases tras SMOTETomek:
target
1.0    648
0.0    648
Name: count, dtype: int64
2025-01-28 19:42:18 - INFO - Balance de clases tras SMOTETomek:
target
1.0    634
0.0    634
Name: count, dtype: int64
2025-01-28 19:42:20 - INFO - Balance de clases tras SMOTETomek:
target
0.0    647
1.0    647
Name: count, dtype: int64
2025-01-28 19:42:21 - INFO - Balance de clases tras SMOTETomek:
target
1.0    639
0.0    639
Name: count, dtype: int64
2025-01-28 19:42:25 - INFO - Balance de clases tras SMOTETomek:
target
0.0    647
1.0    647
Name: count, dtype: int64
2025-01-28 19:42:26 - INFO - Balance de clases tras SMOTETomek:
target
1.0    642
0.0    642
Name: count, dtype: int64
2025-01-28 19:42:30 - INFO - Balance de clases tras SMOTETomek:
target
1.0    642
0.0    642
Name: count, dtype: int64
2025-01-28 19:42:32 - INFO - Balance de clases tras SMOTETomek:
target
1.0    648
0.0    648
Name: count, dtype: int64
2025-01-28 19:42:33 - INFO - Balance de clases tras SMOTETomek:
target
1.0    648
0.0    648
Name: count, dtype: int64
2025-01-28 19:42:37 - INFO - Balance de clases tras SMOTETomek:
target
1.0    634
0.0    634
Name: count, dtype: int64
2025-01-28 19:42:38 - INFO - Balance de clases tras SMOTETomek:
target
1.0    634
0.0    634
Name: count, dtype: int64
2025-01-28 19:42:39 - INFO - Balance de clases tras SMOTETomek:
target
1.0    639
0.0    639
Name: count, dtype: int64
2025-01-28 19:42:41 - INFO - Balance de clases tras SMOTETomek:
target
0.0    647
1.0    647
Name: count, dtype: int64
2025-01-28 19:42:43 - INFO - Balance de clases tras SMOTETomek:
target
1.0    639
0.0    639
Name: count, dtype: int64
2025-01-28 19:42:43 - INFO - Balance de clases tras SMOTETomek:
target
1.0    642
0.0    642
Name: count, dtype: int64
2025-01-28 19:42:47 - INFO - Balance de clases tras SMOTETomek:
target
1.0    648
0.0    648
Name: count, dtype: int64
2025-01-28 19:42:49 - INFO - Balance de clases tras SMOTETomek:
target
0.0    647
1.0    647
Name: count, dtype: int64
2025-01-28 19:42:50 - INFO - Balance de clases tras SMOTETomek:
target
1.0    634
0.0    634
Name: count, dtype: int64
2025-01-28 19:42:51 - INFO - Balance de clases tras SMOTETomek:
target
1.0    639
0.0    639
Name: count, dtype: int64
2025-01-28 19:42:53 - INFO - Balance de clases tras SMOTETomek:
target
0.0    647
1.0    647
Name: count, dtype: int64
2025-01-28 19:42:53 - INFO - Balance de clases tras SMOTETomek:
target
1.0    642
0.0    642
Name: count, dtype: int64
2025-01-28 19:42:54 - INFO - Balance de clases tras SMOTETomek:
target
1.0    642
0.0    642
Name: count, dtype: int64
2025-01-28 19:42:55 - INFO - Balance de clases tras SMOTETomek:
target
1.0    648
0.0    648
Name: count, dtype: int64
2025-01-28 19:42:57 - INFO - Balance de clases tras SMOTETomek:
target
1.0    634
0.0    634
Name: count, dtype: int64
2025-01-28 19:42:58 - INFO - Balance de clases tras SMOTETomek:
target
1.0    648
0.0    648
Name: count, dtype: int64
2025-01-28 19:42:59 - INFO - Balance de clases tras SMOTETomek:
target
1.0    639
0.0    639
Name: count, dtype: int64
2025-01-28 19:43:01 - INFO - Balance de clases tras SMOTETomek:
target
0.0    647
1.0    647
Name: count, dtype: int64
2025-01-28 19:43:02 - INFO - Balance de clases tras SMOTETomek:
target
1.0    634
0.0    634
Name: count, dtype: int64
2025-01-28 19:43:03 - INFO - Balance de clases tras SMOTETomek:
target
1.0    639
0.0    639
Name: count, dtype: int64
2025-01-28 19:43:03 - INFO - Balance de clases tras SMOTETomek:
target
1.0    642
0.0    642
Name: count, dtype: int64
2025-01-28 19:43:03 - INFO - Balance de clases tras SMOTETomek:
target
0.0    647
1.0    647
Name: count, dtype: int64
2025-01-28 19:43:04 - INFO - Balance de clases tras SMOTETomek:
target
1.0    642
0.0    642
Name: count, dtype: int64
2025-01-28 19:43:04 - INFO - Balance de clases tras SMOTETomek:
target
1.0    648
0.0    648
Name: count, dtype: int64
2025-01-28 19:43:05 - INFO - Balance de clases tras SMOTETomek:
target
1.0    634
0.0    634
Name: count, dtype: int64
2025-01-28 19:43:05 - INFO - Balance de clases tras SMOTETomek:
target
1.0    648
0.0    648
Name: count, dtype: int64
2025-01-28 19:43:07 - INFO - Balance de clases tras SMOTETomek:
target
1.0    634
0.0    634
Name: count, dtype: int64
2025-01-28 19:43:10 - INFO - Balance de clases tras SMOTETomek:
target
1.0    639
0.0    639
Name: count, dtype: int64
2025-01-28 19:43:10 - INFO - Balance de clases tras SMOTETomek:
target
1.0    639
0.0    639
Name: count, dtype: int64
2025-01-28 19:43:12 - INFO - Balance de clases tras SMOTETomek:
target
0.0    647
1.0    647
Name: count, dtype: int64
2025-01-28 19:43:17 - INFO - Balance de clases tras SMOTETomek:
target
1.0    642
0.0    642
Name: count, dtype: int64
2025-01-28 19:43:18 - INFO - Balance de clases tras SMOTETomek:
target
0.0    647
1.0    647
Name: count, dtype: int64
2025-01-28 19:43:21 - INFO - Balance de clases tras SMOTETomek:
target
1.0    648
0.0    648
Name: count, dtype: int64
2025-01-28 19:43:25 - INFO - Balance de clases tras SMOTETomek:
target
1.0    634
0.0    634
Name: count, dtype: int64
2025-01-28 19:43:27 - INFO - Balance de clases tras SMOTETomek:
target
1.0    642
0.0    642
Name: count, dtype: int64
2025-01-28 19:43:30 - INFO - Balance de clases tras SMOTETomek:
target
1.0    639
0.0    639
Name: count, dtype: int64
2025-01-28 19:43:34 - INFO - Balance de clases tras SMOTETomek:
target
1.0    648
0.0    648
Name: count, dtype: int64
2025-01-28 19:43:35 - INFO - Balance de clases tras SMOTETomek:
target
0.0    647
1.0    647
Name: count, dtype: int64
2025-01-28 19:43:39 - INFO - Balance de clases tras SMOTETomek:
target
1.0    642
0.0    642
Name: count, dtype: int64
2025-01-28 19:43:41 - INFO - Balance de clases tras SMOTETomek:
target
1.0    634
0.0    634
Name: count, dtype: int64
2025-01-28 19:43:44 - INFO - Balance de clases tras SMOTETomek:
target
1.0    648
0.0    648
Name: count, dtype: int64
2025-01-28 19:43:45 - INFO - Balance de clases tras SMOTETomek:
target
1.0    639
0.0    639
Name: count, dtype: int64
2025-01-28 19:43:49 - INFO - Balance de clases tras SMOTETomek:
target
1.0    634
0.0    634
Name: count, dtype: int64
2025-01-28 19:43:49 - INFO - Balance de clases tras SMOTETomek:
target
0.0    647
1.0    647
Name: count, dtype: int64
2025-01-28 19:43:49 - INFO - Balance de clases tras SMOTETomek:
target
1.0    639
0.0    639
Name: count, dtype: int64
2025-01-28 19:43:50 - INFO - Balance de clases tras SMOTETomek:
target
0.0    647
1.0    647
Name: count, dtype: int64
2025-01-28 19:43:50 - INFO - Balance de clases tras SMOTETomek:
target
1.0    642
0.0    642
Name: count, dtype: int64
2025-01-28 19:43:51 - INFO - Balance de clases tras SMOTETomek:
target
1.0    648
0.0    648
Name: count, dtype: int64
2025-01-28 19:43:52 - INFO - Balance de clases tras SMOTETomek:
target
1.0    634
0.0    634
Name: count, dtype: int64
2025-01-28 19:43:53 - INFO - Balance de clases tras SMOTETomek:
target
1.0    642
0.0    642
Name: count, dtype: int64
2025-01-28 19:43:55 - INFO - Balance de clases tras SMOTETomek:
target
1.0    639
0.0    639
Name: count, dtype: int64
2025-01-28 19:43:56 - INFO - Balance de clases tras SMOTETomek:
target
1.0    648
0.0    648
Name: count, dtype: int64
2025-01-28 19:43:59 - INFO - Balance de clases tras SMOTETomek:
target
0.0    647
1.0    647
Name: count, dtype: int64
2025-01-28 19:43:59 - INFO - Balance de clases tras SMOTETomek:
target
1.0    634
0.0    634
Name: count, dtype: int64
2025-01-28 19:44:04 - INFO - Balance de clases tras SMOTETomek:
target
1.0    642
0.0    642
Name: count, dtype: int64
2025-01-28 19:44:05 - INFO - Balance de clases tras SMOTETomek:
target
1.0    639
0.0    639
Name: count, dtype: int64
2025-01-28 19:44:07 - INFO - Balance de clases tras SMOTETomek:
target
1.0    648
0.0    648
Name: count, dtype: int64
2025-01-28 19:44:09 - INFO - Balance de clases tras SMOTETomek:
target
0.0    647
1.0    647
Name: count, dtype: int64
2025-01-28 19:44:11 - INFO - Balance de clases tras SMOTETomek:
target
1.0    634
0.0    634
Name: count, dtype: int64
2025-01-28 19:44:13 - INFO - Balance de clases tras SMOTETomek:
target
1.0    642
0.0    642
Name: count, dtype: int64
2025-01-28 19:44:14 - INFO - Balance de clases tras SMOTETomek:
target
1.0    639
0.0    639
Name: count, dtype: int64
2025-01-28 19:44:16 - INFO - Balance de clases tras SMOTETomek:
target
1.0    648
0.0    648
Name: count, dtype: int64
2025-01-28 19:44:19 - INFO - Balance de clases tras SMOTETomek:
target
0.0    647
1.0    647
Name: count, dtype: int64
2025-01-28 19:44:23 - INFO - Balance de clases tras SMOTETomek:
target
1.0    634
0.0    634
Name: count, dtype: int64
2025-01-28 19:44:24 - INFO - Balance de clases tras SMOTETomek:
target
1.0    642
0.0    642
Name: count, dtype: int64
2025-01-28 19:44:25 - INFO - Balance de clases tras SMOTETomek:
target
1.0    639
0.0    639
Name: count, dtype: int64
2025-01-28 19:44:27 - INFO - Balance de clases tras SMOTETomek:
target
0.0    647
1.0    647
Name: count, dtype: int64
2025-01-28 19:44:29 - INFO - Balance de clases tras SMOTETomek:
target
1.0    648
0.0    648
Name: count, dtype: int64
2025-01-28 19:44:30 - INFO - Balance de clases tras SMOTETomek:
target
1.0    642
0.0    642
Name: count, dtype: int64
2025-01-28 19:44:34 - INFO - Balance de clases tras SMOTETomek:
target
1.0    648
0.0    648
Name: count, dtype: int64
2025-01-28 19:44:35 - INFO - Balance de clases tras SMOTETomek:
target
1.0    634
0.0    634
Name: count, dtype: int64
2025-01-28 19:44:36 - INFO - Balance de clases tras SMOTETomek:
target
1.0    634
0.0    634
Name: count, dtype: int64
2025-01-28 19:44:37 - INFO - Balance de clases tras SMOTETomek:
target
1.0    639
0.0    639
Name: count, dtype: int64
2025-01-28 19:44:38 - INFO - Balance de clases tras SMOTETomek:
target
1.0    639
0.0    639
Name: count, dtype: int64
2025-01-28 19:44:39 - INFO - Balance de clases tras SMOTETomek:
target
0.0    647
1.0    647
Name: count, dtype: int64
2025-01-28 19:44:40 - INFO - Balance de clases tras SMOTETomek:
target
0.0    647
1.0    647
Name: count, dtype: int64
2025-01-28 19:44:41 - INFO - Balance de clases tras SMOTETomek:
target
1.0    642
0.0    642
Name: count, dtype: int64
2025-01-28 19:44:42 - INFO - Balance de clases tras SMOTETomek:
target
1.0    642
0.0    642
Name: count, dtype: int64
2025-01-28 19:44:43 - INFO - Balance de clases tras SMOTETomek:
target
1.0    648
0.0    648
Name: count, dtype: int64
2025-01-28 19:44:43 - INFO - Balance de clases tras SMOTETomek:
target
1.0    648
0.0    648
Name: count, dtype: int64
2025-01-28 19:44:46 - INFO - Balance de clases tras SMOTETomek:
target
1.0    634
0.0    634
Name: count, dtype: int64
2025-01-28 19:44:46 - INFO - Balance de clases tras SMOTETomek:
target
1.0    634
0.0    634
Name: count, dtype: int64
2025-01-28 19:44:48 - INFO - Balance de clases tras SMOTETomek:
target
1.0    639
0.0    639
Name: count, dtype: int64
2025-01-28 19:44:50 - INFO - Balance de clases tras SMOTETomek:
target
1.0    639
0.0    639
Name: count, dtype: int64
2025-01-28 19:44:51 - INFO - Balance de clases tras SMOTETomek:
target
0.0    647
1.0    647
Name: count, dtype: int64
2025-01-28 19:44:53 - INFO - Balance de clases tras SMOTETomek:
target
0.0    647
1.0    647
Name: count, dtype: int64
2025-01-28 19:44:54 - INFO - Balance de clases tras SMOTETomek:
target
1.0    642
0.0    642
Name: count, dtype: int64
2025-01-28 19:44:57 - INFO - Balance de clases tras SMOTETomek:
target
1.0    648
0.0    648
Name: count, dtype: int64
2025-01-28 19:44:58 - INFO - Balance de clases tras SMOTETomek:
target
1.0    642
0.0    642
Name: count, dtype: int64
2025-01-28 19:44:59 - INFO - Balance de clases tras SMOTETomek:
target
1.0    634
0.0    634
Name: count, dtype: int64
2025-01-28 19:45:00 - INFO - Balance de clases tras SMOTETomek:
target
1.0    648
0.0    648
Name: count, dtype: int64
2025-01-28 19:45:01 - INFO - Balance de clases tras SMOTETomek:
target
1.0    639
0.0    639
Name: count, dtype: int64
2025-01-28 19:45:02 - INFO - Balance de clases tras SMOTETomek:
target
0.0    647
1.0    647
Name: count, dtype: int64
2025-01-28 19:45:03 - INFO - Balance de clases tras SMOTETomek:
target
1.0    634
0.0    634
Name: count, dtype: int64
2025-01-28 19:45:04 - INFO - Balance de clases tras SMOTETomek:
target
1.0    642
0.0    642
Name: count, dtype: int64
2025-01-28 19:45:05 - INFO - Balance de clases tras SMOTETomek:
target
1.0    639
0.0    639
Name: count, dtype: int64
2025-01-28 19:45:06 - INFO - Balance de clases tras SMOTETomek:
target
1.0    648
0.0    648
Name: count, dtype: int64
2025-01-28 19:45:06 - INFO - Balance de clases tras SMOTETomek:
target
0.0    647
1.0    647
Name: count, dtype: int64
2025-01-28 19:45:08 - INFO - Balance de clases tras SMOTETomek:
target
1.0    634
0.0    634
Name: count, dtype: int64
2025-01-28 19:45:08 - INFO - Balance de clases tras SMOTETomek:
target
1.0    642
0.0    642
Name: count, dtype: int64
2025-01-28 19:45:09 - INFO - Balance de clases tras SMOTETomek:
target
1.0    639
0.0    639
Name: count, dtype: int64
2025-01-28 19:45:10 - INFO - Balance de clases tras SMOTETomek:
target
1.0    648
0.0    648
Name: count, dtype: int64
2025-01-28 19:45:11 - INFO - Balance de clases tras SMOTETomek:
target
1.0    634
0.0    634
Name: count, dtype: int64
2025-01-28 19:45:12 - INFO - Balance de clases tras SMOTETomek:
target
0.0    647
1.0    647
Name: count, dtype: int64
2025-01-28 19:45:13 - INFO - Balance de clases tras SMOTETomek:
target
1.0    639
0.0    639
Name: count, dtype: int64
2025-01-28 19:45:14 - INFO - Balance de clases tras SMOTETomek:
target
1.0    642
0.0    642
Name: count, dtype: int64
2025-01-28 19:45:15 - INFO - Balance de clases tras SMOTETomek:
target
0.0    647
1.0    647
Name: count, dtype: int64
2025-01-28 19:45:16 - INFO - Balance de clases tras SMOTETomek:
target
1.0    648
0.0    648
Name: count, dtype: int64
2025-01-28 19:45:17 - INFO - Balance de clases tras SMOTETomek:
target
1.0    642
0.0    642
Name: count, dtype: int64
2025-01-28 19:45:18 - INFO - Balance de clases tras SMOTETomek:
target
1.0    634
0.0    634
Name: count, dtype: int64
2025-01-28 19:45:19 - INFO - Balance de clases tras SMOTETomek:
target
1.0    648
0.0    648
Name: count, dtype: int64
2025-01-28 19:45:20 - INFO - Balance de clases tras SMOTETomek:
target
1.0    639
0.0    639
Name: count, dtype: int64
2025-01-28 19:45:21 - INFO - Balance de clases tras SMOTETomek:
target
1.0    634
0.0    634
Name: count, dtype: int64
2025-01-28 19:45:22 - INFO - Balance de clases tras SMOTETomek:
target
0.0    647
1.0    647
Name: count, dtype: int64
2025-01-28 19:45:24 - INFO - Balance de clases tras SMOTETomek:
target
1.0    639
0.0    639
Name: count, dtype: int64
2025-01-28 19:45:24 - INFO - Balance de clases tras SMOTETomek:
target
1.0    642
0.0    642
Name: count, dtype: int64
2025-01-28 19:45:26 - INFO - Balance de clases tras SMOTETomek:
target
1.0    648
0.0    648
Name: count, dtype: int64
2025-01-28 19:45:26 - INFO - Balance de clases tras SMOTETomek:
target
0.0    647
1.0    647
Name: count, dtype: int64
2025-01-28 19:45:28 - INFO - Balance de clases tras SMOTETomek:
target
1.0    634
0.0    634
Name: count, dtype: int64
2025-01-28 19:45:29 - INFO - Balance de clases tras SMOTETomek:
target
1.0    642
0.0    642
Name: count, dtype: int64
2025-01-28 19:45:30 - INFO - Balance de clases tras SMOTETomek:
target
1.0    639
0.0    639
Name: count, dtype: int64
2025-01-28 19:45:31 - INFO - Balance de clases tras SMOTETomek:
target
1.0    648
0.0    648
Name: count, dtype: int64
2025-01-28 19:45:32 - INFO - Balance de clases tras SMOTETomek:
target
0.0    647
1.0    647
Name: count, dtype: int64
2025-01-28 19:45:35 - INFO - Balance de clases tras SMOTETomek:
target
1.0    642
0.0    642
Name: count, dtype: int64
2025-01-28 19:45:38 - INFO - Balance de clases tras SMOTETomek:
target
1.0    648
0.0    648
Name: count, dtype: int64
2025-01-28 19:45:40 - INFO - Mejor Precisión (clase=1): 0.8020
2025-01-28 19:45:40 - INFO - Mejores parámetros: {'max_depth': 32, 'learning_rate': 0.03240073089024285, 'n_estimators': 389, 'subsample': 0.990781703586758, 'colsample_bytree': 0.6380132470718133, 'gamma': 0.38073676744269175, 'reg_alpha': 0.03805086664265578, 'reg_lambda': 0.9063197658214174}
2025-01-28 19:45:40 - INFO - === Entrenando Pipeline Final con TODO el Training ===
2025-01-28 19:45:40 - INFO - Columnas extra eliminadas: ['future_close', 'change_pct']
2025-01-28 19:45:40 - INFO - Dataset preparado: 1650 filas, 21 features (después de imputación).
2025-01-28 19:45:41 - INFO - Balance de clases tras SMOTETomek:
target
1.0    866
0.0    866
Name: count, dtype: int64
2025-01-28 19:45:43 - INFO - Pipeline final entrenado con scale_pos_weight=1.00
2025-01-28 19:45:43 - INFO - Pipeline completo guardado en: .ML/results/XGBoost_Binario_trained_pipeline.joblib
2025-01-28 19:45:43 - INFO - Parámetros guardados en: .ML/results/XGBoost_Binario_model_params.txt
2025-01-28 19:45:43 - INFO - Lista de features guardada en: .ML/results/XGBoost_Binario_feature_cols.txt
2025-01-28 19:45:43 - INFO - Columnas de indicadores existentes eliminadas: ['RSI', 'MACD', 'MACDs', 'MACDh', 'OBV', 'BBL', 'BBM', 'BBU', 'STOCHk', 'STOCHd', 'CCI', 'SMA_10', 'SMA_50', 'SMA_200', 'EMA_10', 'EMA_50']
2025-01-28 19:45:43 - INFO - Indicadores técnicos agregados. Filas antes: 1100, después: 901 (descartadas: 199)
2025-01-28 19:45:43 - INFO - Columnas renombradas: {'RSI_14': 'RSI', 'MACD_12_26_9': 'MACD', 'MACDs_12_26_9': 'MACDs', 'MACDh_12_26_9': 'MACDh', 'BBL_20_2.0': 'BBL', 'BBM_20_2.0': 'BBM', 'BBU_20_2.0': 'BBU', 'STOCHk_14_3_3': 'STOCHk', 'STOCHd_14_3_3': 'STOCHd', 'CCI_14_0.015': 'CCI', 'SMA_10': 'SMA_10', 'SMA_50': 'SMA_50', 'SMA_200': 'SMA_200', 'EMA_10': 'EMA_10', 'EMA_50': 'EMA_50'}
2025-01-28 19:45:43 - INFO - Target binario con look_ahead=4, min_change=0.031
2025-01-28 19:45:43 - INFO - Distribución de clases (0=Vender, 1=Comprar):
target
1.0    364
0.0    312
Name: count, dtype: int64
2025-01-28 19:45:43 - INFO - Muestra de datos con target:
                        close  future_close  change_pct  target
open_time                                                      
2021-07-26 00:45:00  36767.47      39365.15    0.070652     1.0
2021-01-25 12:15:00  33560.02      29800.00   -0.112039     0.0
2021-07-21 18:00:00  32735.91      35733.65    0.091573     1.0
2021-06-14 12:00:00  39106.80      34262.58   -0.123872     0.0
2024-05-03 12:00:00  59126.91      64638.00    0.093208     1.0
2021-05-19 10:15:00  39585.82      38314.39   -0.032118     0.0
2021-03-17 17:45:00  55542.50      59229.50    0.066382     1.0
2022-06-18 20:45:00  17809.00      18932.91    0.063109     1.0
2023-03-22 18:00:00  28358.57      27419.99   -0.033097     0.0
2022-11-10 13:00:00  16711.06      17455.62    0.044555     1.0
2025-01-28 19:45:43 - INFO - Columnas extra eliminadas: ['change_pct', 'future_close']
2025-01-28 19:45:43 - INFO - Dataset preparado: 676 filas, 21 features (después de imputación).
2025-01-28 19:45:43 - INFO - === Evaluación en Test ===
2025-01-28 19:45:43 - INFO - Matriz de confusión [0=Vender, 1=Comprar]:
[[189 123]
 [215 149]]
2025-01-28 19:45:43 - INFO - Reporte de Clasificación:
              precision    recall  f1-score   support

      Vender       0.47      0.61      0.53       312
     Comprar       0.55      0.41      0.47       364

    accuracy                           0.50       676
   macro avg       0.51      0.51      0.50       676
weighted avg       0.51      0.50      0.50       676

2025-01-28 19:45:43 - INFO - Precision (clase=1): 0.5478
2025-01-28 19:45:43 - INFO - F1 (clase=1): 0.4686
2025-01-28 19:45:43 - INFO - Recall (clase=1): 0.4093
2025-01-28 19:45:43 - INFO - Balanced Accuracy: 0.5076
2025-01-28 19:45:43 - INFO - MCC: 0.0154
2025-01-28 19:45:43 - INFO - AUC: 0.4945
2025-01-28 19:45:45 - INFO - Precisión final en Test (clase=1): 0.5478
2025-01-28 19:45:45 - INFO - Importancia de características guardada en .ML/results/feature_importances_binary.csv.
2025-01-28 19:45:46 - INFO - Gráfico de importancia de características guardado.
2025-01-28 19:45:49 - INFO - Calculando valores SHAP...
2025-01-28 19:45:51 - INFO - SHAP analysis completado y guardado.
2025-01-28 19:45:51 - INFO - Señales generadas con umbral=0.62
2025-01-28 19:45:51 - INFO - Señales filtradas por tendencia.
2025-01-28 19:45:51 - INFO - Señales guardadas en: .ML/results/signals_binary.csv
2025-01-28 19:45:51 - INFO - === Proceso Completado con Éxito ===
