2025-01-02 23:17:41 - INFO - Datos cargados desde ML/data/processed/BTCUSDT_15m_processed.csv, filas: 251947
2025-01-02 23:17:41 - INFO - Columnas de indicadores técnicos existentes eliminadas: ['OBV']
2025-01-02 23:17:41 - INFO - Indicadores técnicos agregados al DataFrame. Filas antes: 251947, después: 251898
2025-01-02 23:17:41 - INFO - Columnas después de agregar indicadores técnicos: ['open', 'high', 'low', 'close', 'volume', 'close_time', 'quote_asset_volume', 'number_of_trades', 'taker_buy_base_asset_volume', 'taker_buy_quote_asset_volume', 'ignore', 'RSI_14', 'MACD_12_26_9', 'MACDh_12_26_9', 'MACDs_12_26_9', 'SMA_10', 'SMA_50', 'EMA_10', 'EMA_50', 'VWAP_D', 'BBL_20_2.0', 'BBM_20_2.0', 'BBU_20_2.0', 'BBB_20_2.0', 'BBP_20_2.0', 'ATRr_14', 'STOCHk_14_3_3', 'STOCHd_14_3_3', 'CCI_14_0.015', 'hour_of_day', 'day_of_week', 'is_weekend', 'RSI_14_', 'MACD_12_26_9_', 'MACDh_12_26_9_', 'MACDs_12_26_9_', 'SMA_10_', 'SMA_50_', 'EMA_10_', 'EMA_50_', 'VWAP_D_', 'OBV_', 'BBL_20_2.0_', 'BBM_20_2.0_', 'BBU_20_2.0_', 'BBB_20_2.0_', 'BBP_20_2.0_', 'ATRr_14_', 'STOCHk_14_3_3_', 'STOCHd_14_3_3_', 'CCI_14_0.015_']
2025-01-02 23:17:41 - INFO - Columnas renombradas: {'RSI_14': 'RSI', 'RSI_14_': 'RSI_', 'MACD_12_26_9': 'MACD', 'MACD_12_26_9_': 'MACD_', 'MACDh_12_26_9': 'MACDh', 'MACDh_12_26_9_': 'MACDh_', 'MACDs_12_26_9': 'MACDs', 'MACDs_12_26_9_': 'MACDs_', 'VWAP_D': 'VWAP', 'VWAP_D_': 'VWAP_', 'BBL_20_2.0': 'BBL', 'BBL_20_2.0_': 'BBL_', 'BBM_20_2.0': 'BBM', 'BBM_20_2.0_': 'BBM_', 'BBU_20_2.0': 'BBU', 'BBU_20_2.0_': 'BBU_', 'ATRr_14': 'ATR', 'ATRr_14_': 'ATR_', 'STOCHk_14_3_3': 'STOCHk', 'STOCHk_14_3_3_': 'STOCHk_', 'STOCHd_14_3_3': 'STOCHd', 'STOCHd_14_3_3_': 'STOCHd_', 'CCI_14_0.015': 'CCI', 'CCI_14_0.015_': 'CCI_'}
2025-01-02 23:17:41 - INFO - Columnas duplicadas eliminadas: ['RSI_', 'MACD_', 'MACDh_', 'MACDs_', 'SMA_10_', 'SMA_50_', 'EMA_10_', 'EMA_50_', 'VWAP_', 'OBV_', 'BBL_', 'BBM_', 'BBU_', 'BBB_20_2.0_', 'BBP_20_2.0_', 'ATR_', 'STOCHk_', 'STOCHd_', 'CCI_']
2025-01-02 23:17:41 - WARNING - La columna 'OBV' no está presente después de agregar indicadores. Añadiendo 'OBV' con valor 0.
2025-01-02 23:17:42 - INFO - Target binario mejorado con look_ahead=20, min_change=0.004, max_change=0.13
2025-01-02 23:17:42 - INFO - Distribución de clases (0/1):
target
0    170191
1     81546
Name: count, dtype: int64
2025-01-02 23:17:42 - INFO - División de datos en train y test completada.
2025-01-02 23:17:42 - INFO - === Buscando hiperparámetros (Optuna) en una muestra del training ===
2025-01-02 23:17:42 - INFO - Características utilizadas: ['open', 'high', 'low', 'close', 'volume', 'hour_of_day', 'day_of_week', 'is_weekend', 'RSI', 'MACD', 'MACDs', 'MACDh', 'SMA_10', 'SMA_50', 'EMA_10', 'EMA_50', 'VWAP', 'OBV', 'BBL', 'BBM', 'BBU', 'ATR', 'STOCHk', 'STOCHd', 'CCI']
2025-01-02 23:17:42 - INFO - No se han identificado características categóricas.
2025-01-02 23:17:42 - INFO - Columnas presentes en el DataFrame: ['open', 'high', 'low', 'close', 'volume', 'close_time', 'quote_asset_volume', 'number_of_trades', 'taker_buy_base_asset_volume', 'taker_buy_quote_asset_volume', 'ignore', 'RSI', 'MACD', 'MACDh', 'MACDs', 'SMA_10', 'SMA_50', 'EMA_10', 'EMA_50', 'VWAP', 'BBL', 'BBM', 'BBU', 'BBB_20_2.0', 'BBP_20_2.0', 'ATR', 'STOCHk', 'STOCHd', 'CCI', 'hour_of_day', 'day_of_week', 'is_weekend', 'OBV', 'future_close', 'change_pct', 'target']
2025-01-02 23:17:42 - INFO - Columnas eliminadas durante la preparación: ['close_time', 'quote_asset_volume', 'number_of_trades', 'taker_buy_base_asset_volume', 'taker_buy_quote_asset_volume', 'ignore', 'BBB_20_2.0', 'BBP_20_2.0', 'future_close', 'change_pct']
2025-01-02 23:17:42 - INFO - Conjunto de datos preparado con 56388 filas y 25 características.
2025-01-02 23:17:42 - INFO - Tipo de y_train_sample: <class 'pandas.core.series.Series'>
2025-01-02 23:17:42 - INFO - Shape de y_train_sample: (56388,)
2025-01-02 23:17:42 - INFO - Después de SMOTE: target
1    5143
0    5143
Name: count, dtype: int64
2025-01-02 23:17:42 - INFO - Después de SMOTE: target
1    5143
0    5143
Name: count, dtype: int64
2025-01-02 23:17:43 - INFO - Después de SMOTE: target
1    10048
0    10048
Name: count, dtype: int64
2025-01-02 23:17:43 - INFO - Después de SMOTE: target
1    15970
0    15970
Name: count, dtype: int64
2025-01-02 23:17:45 - INFO - Después de SMOTE: target
1    10048
0    10048
Name: count, dtype: int64
2025-01-02 23:17:45 - INFO - Después de SMOTE: target
1    22372
0    22372
Name: count, dtype: int64
2025-01-02 23:17:47 - INFO - Después de SMOTE: target
1    29502
0    29502
Name: count, dtype: int64
2025-01-02 23:17:48 - INFO - Después de SMOTE: target
1    5143
0    5143
Name: count, dtype: int64
2025-01-02 23:17:49 - INFO - Después de SMOTE: target
1    15970
0    15970
Name: count, dtype: int64
2025-01-02 23:17:51 - INFO - Después de SMOTE: target
1    10048
0    10048
Name: count, dtype: int64
2025-01-02 23:17:53 - INFO - Después de SMOTE: target
1    22372
0    22372
Name: count, dtype: int64
2025-01-02 23:17:54 - INFO - Después de SMOTE: target
1    15970
0    15970
Name: count, dtype: int64
2025-01-02 23:17:57 - INFO - Después de SMOTE: target
1    29502
0    29502
Name: count, dtype: int64
2025-01-02 23:17:58 - INFO - Después de SMOTE: target
1    22372
0    22372
Name: count, dtype: int64
2025-01-02 23:18:01 - INFO - Después de SMOTE: target
1    5143
0    5143
Name: count, dtype: int64
2025-01-02 23:18:02 - INFO - Después de SMOTE: target
1    10048
0    10048
Name: count, dtype: int64
2025-01-02 23:18:03 - INFO - Después de SMOTE: target
1    15970
0    15970
Name: count, dtype: int64
2025-01-02 23:18:05 - INFO - Después de SMOTE: target
1    29502
0    29502
Name: count, dtype: int64
2025-01-02 23:18:05 - INFO - Después de SMOTE: target
1    22372
0    22372
Name: count, dtype: int64
2025-01-02 23:18:07 - INFO - Después de SMOTE: target
1    29502
0    29502
Name: count, dtype: int64
2025-01-02 23:18:08 - INFO - Después de SMOTE: target
1    5143
0    5143
Name: count, dtype: int64
2025-01-02 23:18:10 - INFO - Después de SMOTE: target
1    10048
0    10048
Name: count, dtype: int64
2025-01-02 23:18:11 - INFO - Después de SMOTE: target
1    5143
0    5143
Name: count, dtype: int64
2025-01-02 23:18:12 - INFO - Después de SMOTE: target
1    10048
0    10048
Name: count, dtype: int64
2025-01-02 23:18:12 - INFO - Después de SMOTE: target
1    15970
0    15970
Name: count, dtype: int64
2025-01-02 23:18:13 - INFO - Después de SMOTE: target
1    15970
0    15970
Name: count, dtype: int64
2025-01-02 23:18:15 - INFO - Después de SMOTE: target
1    22372
0    22372
Name: count, dtype: int64
2025-01-02 23:18:15 - INFO - Después de SMOTE: target
1    22372
0    22372
Name: count, dtype: int64
2025-01-02 23:18:17 - INFO - Después de SMOTE: target
1    29502
0    29502
Name: count, dtype: int64
2025-01-02 23:18:18 - INFO - Después de SMOTE: target
1    29502
0    29502
Name: count, dtype: int64
2025-01-02 23:18:19 - INFO - Después de SMOTE: target
1    5143
0    5143
Name: count, dtype: int64
2025-01-02 23:18:20 - INFO - Después de SMOTE: target
1    10048
0    10048
Name: count, dtype: int64
2025-01-02 23:18:22 - INFO - Después de SMOTE: target
1    15970
0    15970
Name: count, dtype: int64
2025-01-02 23:18:22 - INFO - Después de SMOTE: target
1    5143
0    5143
Name: count, dtype: int64
2025-01-02 23:18:23 - INFO - Después de SMOTE: target
1    10048
0    10048
Name: count, dtype: int64
2025-01-02 23:18:23 - INFO - Después de SMOTE: target
1    22372
0    22372
Name: count, dtype: int64
2025-01-02 23:18:25 - INFO - Después de SMOTE: target
1    15970
0    15970
Name: count, dtype: int64
2025-01-02 23:18:25 - INFO - Después de SMOTE: target
1    29502
0    29502
Name: count, dtype: int64
2025-01-02 23:18:26 - INFO - Después de SMOTE: target
1    5143
0    5143
Name: count, dtype: int64
2025-01-02 23:18:27 - INFO - Después de SMOTE: target
1    22372
0    22372
Name: count, dtype: int64
2025-01-02 23:18:28 - INFO - Después de SMOTE: target
1    10048
0    10048
Name: count, dtype: int64
2025-01-02 23:18:29 - INFO - Después de SMOTE: target
1    29502
0    29502
Name: count, dtype: int64
2025-01-02 23:18:30 - INFO - Después de SMOTE: target
1    15970
0    15970
Name: count, dtype: int64
2025-01-02 23:18:32 - INFO - Después de SMOTE: target
1    5143
0    5143
Name: count, dtype: int64
2025-01-02 23:18:32 - INFO - Después de SMOTE: target
1    22372
0    22372
Name: count, dtype: int64
2025-01-02 23:18:35 - INFO - Después de SMOTE: target
1    10048
0    10048
Name: count, dtype: int64
2025-01-02 23:18:35 - INFO - Después de SMOTE: target
1    29502
0    29502
Name: count, dtype: int64
2025-01-02 23:18:38 - INFO - Después de SMOTE: target
1    5143
0    5143
Name: count, dtype: int64
2025-01-02 23:18:38 - INFO - Después de SMOTE: target
1    15970
0    15970
Name: count, dtype: int64
2025-01-02 23:18:39 - INFO - Después de SMOTE: target
1    10048
0    10048
Name: count, dtype: int64
2025-01-02 23:18:41 - INFO - Después de SMOTE: target
1    15970
0    15970
Name: count, dtype: int64
2025-01-02 23:18:43 - INFO - Después de SMOTE: target
1    22372
0    22372
Name: count, dtype: int64
2025-01-02 23:18:43 - INFO - Después de SMOTE: target
1    22372
0    22372
Name: count, dtype: int64
2025-01-02 23:18:46 - INFO - Después de SMOTE: target
1    29502
0    29502
Name: count, dtype: int64
2025-01-02 23:18:48 - INFO - Después de SMOTE: target
1    29502
0    29502
Name: count, dtype: int64
2025-01-02 23:18:49 - INFO - Después de SMOTE: target
1    5143
0    5143
Name: count, dtype: int64
2025-01-02 23:18:52 - INFO - Después de SMOTE: target
1    10048
0    10048
Name: count, dtype: int64
2025-01-02 23:18:54 - INFO - Después de SMOTE: target
1    5143
0    5143
Name: count, dtype: int64
2025-01-02 23:18:55 - INFO - Después de SMOTE: target
1    10048
0    10048
Name: count, dtype: int64
2025-01-02 23:18:55 - INFO - Después de SMOTE: target
1    15970
0    15970
Name: count, dtype: int64
2025-01-02 23:18:56 - INFO - Después de SMOTE: target
1    15970
0    15970
Name: count, dtype: int64
2025-01-02 23:18:58 - INFO - Después de SMOTE: target
1    22372
0    22372
Name: count, dtype: int64
2025-01-02 23:18:59 - INFO - Después de SMOTE: target
1    22372
0    22372
Name: count, dtype: int64
2025-01-02 23:19:00 - INFO - Después de SMOTE: target
1    29502
0    29502
Name: count, dtype: int64
2025-01-02 23:19:01 - INFO - Después de SMOTE: target
1    5143
0    5143
Name: count, dtype: int64
2025-01-02 23:19:03 - INFO - Después de SMOTE: target
1    10048
0    10048
Name: count, dtype: int64
2025-01-02 23:19:03 - INFO - Después de SMOTE: target
1    29502
0    29502
Name: count, dtype: int64
2025-01-02 23:19:05 - INFO - Después de SMOTE: target
1    15970
0    15970
Name: count, dtype: int64
2025-01-02 23:19:07 - INFO - Después de SMOTE: target
1    5143
0    5143
Name: count, dtype: int64
2025-01-02 23:19:07 - INFO - Después de SMOTE: target
1    22372
0    22372
Name: count, dtype: int64
2025-01-02 23:19:09 - INFO - Después de SMOTE: target
1    10048
0    10048
Name: count, dtype: int64
2025-01-02 23:19:11 - INFO - Después de SMOTE: target
1    29502
0    29502
Name: count, dtype: int64
2025-01-02 23:19:13 - INFO - Después de SMOTE: target
1    15970
0    15970
Name: count, dtype: int64
2025-01-02 23:19:13 - INFO - Después de SMOTE: target
1    5143
0    5143
Name: count, dtype: int64
2025-01-02 23:19:15 - INFO - Después de SMOTE: target
1    10048
0    10048
Name: count, dtype: int64
2025-01-02 23:19:16 - INFO - Después de SMOTE: target
1    22372
0    22372
Name: count, dtype: int64
2025-01-02 23:19:18 - INFO - Después de SMOTE: target
1    15970
0    15970
Name: count, dtype: int64
2025-01-02 23:19:19 - INFO - Después de SMOTE: target
1    29502
0    29502
Name: count, dtype: int64
2025-01-02 23:19:22 - INFO - Después de SMOTE: target
1    22372
0    22372
Name: count, dtype: int64
2025-01-02 23:19:25 - INFO - Después de SMOTE: target
1    29502
0    29502
Name: count, dtype: int64
2025-01-02 23:19:28 - INFO - Mejor valor de F1: 0.4826
2025-01-02 23:19:28 - INFO - Mejores parámetros: {'max_depth': 8, 'learning_rate': 0.001120866899031151, 'n_estimators': 110, 'subsample': 0.7140761522230831, 'colsample_bytree': 0.725012460659729, 'gamma': 0.07231837899959487, 'reg_alpha': 0.032878689810070104, 'reg_lambda': 0.042484022885116754}
2025-01-02 23:19:28 - INFO - === Entrenando Pipeline Final con TODO el training ===
2025-01-02 23:19:28 - INFO - Columnas presentes en el DataFrame: ['open', 'high', 'low', 'close', 'volume', 'close_time', 'quote_asset_volume', 'number_of_trades', 'taker_buy_base_asset_volume', 'taker_buy_quote_asset_volume', 'ignore', 'RSI', 'MACD', 'MACDh', 'MACDs', 'SMA_10', 'SMA_50', 'EMA_10', 'EMA_50', 'VWAP', 'BBL', 'BBM', 'BBU', 'BBB_20_2.0', 'BBP_20_2.0', 'ATR', 'STOCHk', 'STOCHd', 'CCI', 'hour_of_day', 'day_of_week', 'is_weekend', 'OBV', 'future_close', 'change_pct', 'target']
2025-01-02 23:19:28 - INFO - Columnas eliminadas durante la preparación: ['close_time', 'quote_asset_volume', 'number_of_trades', 'taker_buy_base_asset_volume', 'taker_buy_quote_asset_volume', 'ignore', 'BBB_20_2.0', 'BBP_20_2.0', 'future_close', 'change_pct']
2025-01-02 23:19:28 - INFO - Conjunto de datos preparado con 176215 filas y 25 características.
2025-01-02 23:19:28 - INFO - Tipo de y_train_full: <class 'pandas.core.series.Series'>
2025-01-02 23:19:28 - INFO - Shape de y_train_full: (176215,)
2025-01-02 23:19:34 - INFO - Después de SMOTE: target
1    114831
0    114831
Name: count, dtype: int64
2025-01-02 23:19:34 - INFO - Balance de clases aplicado mediante SMOTE.
2025-01-02 23:19:38 - INFO - Pipeline final entrenado con todos los datos de entrenamiento (binario).
2025-01-02 23:19:38 - INFO - Pipeline completo guardado en: ./results/XGBoost_Binario_trained_pipeline.joblib
2025-01-02 23:19:38 - INFO - Parámetros guardados en: ./results/XGBoost_Binario_model_params.txt
2025-01-02 23:19:38 - INFO - Lista de features guardada en: ./results/XGBoost_Binario_feature_cols.txt
2025-01-02 23:19:38 - INFO - Columnas de indicadores técnicos existentes eliminadas: ['RSI', 'MACD', 'MACDs', 'MACDh', 'VWAP', 'OBV', 'BBL', 'BBM', 'BBU', 'ATR', 'STOCHk', 'STOCHd', 'CCI']
2025-01-02 23:19:38 - INFO - Indicadores técnicos agregados al DataFrame. Filas antes: 75522, después: 75473
2025-01-02 23:19:38 - INFO - Columnas después de agregar indicadores técnicos: ['open', 'high', 'low', 'close', 'volume', 'close_time', 'quote_asset_volume', 'number_of_trades', 'taker_buy_base_asset_volume', 'taker_buy_quote_asset_volume', 'ignore', 'SMA_10', 'SMA_50', 'EMA_10', 'EMA_50', 'BBB_20_2.0', 'BBP_20_2.0', 'hour_of_day', 'day_of_week', 'is_weekend', 'future_close', 'change_pct', 'target', 'RSI_14_', 'MACD_12_26_9_', 'MACDh_12_26_9_', 'MACDs_12_26_9_', 'SMA_10_', 'SMA_50_', 'EMA_10_', 'EMA_50_', 'VWAP_D_', 'OBV_', 'BBL_20_2.0_', 'BBM_20_2.0_', 'BBU_20_2.0_', 'BBB_20_2.0_', 'BBP_20_2.0_', 'ATRr_14_', 'STOCHk_14_3_3_', 'STOCHd_14_3_3_', 'CCI_14_0.015_']
2025-01-02 23:19:38 - INFO - Columnas renombradas: {'RSI_14_': 'RSI', 'MACD_12_26_9_': 'MACD', 'MACDh_12_26_9_': 'MACDh', 'MACDs_12_26_9_': 'MACDs', 'VWAP_D_': 'VWAP', 'BBL_20_2.0_': 'BBL', 'BBM_20_2.0_': 'BBM', 'BBU_20_2.0_': 'BBU', 'ATRr_14_': 'ATR', 'STOCHk_14_3_3_': 'STOCHk', 'STOCHd_14_3_3_': 'STOCHd', 'CCI_14_0.015_': 'CCI'}
2025-01-02 23:19:38 - INFO - Columnas duplicadas eliminadas: ['SMA_10_', 'SMA_50_', 'EMA_10_', 'EMA_50_', 'OBV_', 'BBB_20_2.0_', 'BBP_20_2.0_']
2025-01-02 23:19:38 - WARNING - La columna 'OBV' no está presente después de agregar indicadores. Añadiendo 'OBV' con valor 0.
2025-01-02 23:19:38 - INFO - Target binario mejorado con look_ahead=20, min_change=0.004, max_change=0.13
2025-01-02 23:19:38 - INFO - Distribución de clases (0/1):
target
0    55303
1    20150
Name: count, dtype: int64
2025-01-02 23:19:38 - INFO - Columnas presentes en el DataFrame: ['open', 'high', 'low', 'close', 'volume', 'close_time', 'quote_asset_volume', 'number_of_trades', 'taker_buy_base_asset_volume', 'taker_buy_quote_asset_volume', 'ignore', 'SMA_10', 'SMA_50', 'EMA_10', 'EMA_50', 'BBB_20_2.0', 'BBP_20_2.0', 'hour_of_day', 'day_of_week', 'is_weekend', 'future_close', 'change_pct', 'target', 'RSI', 'MACD', 'MACDh', 'MACDs', 'VWAP', 'BBL', 'BBM', 'BBU', 'ATR', 'STOCHk', 'STOCHd', 'CCI', 'OBV']
2025-01-02 23:19:38 - INFO - Columnas eliminadas durante la preparación: ['close_time', 'quote_asset_volume', 'number_of_trades', 'taker_buy_base_asset_volume', 'taker_buy_quote_asset_volume', 'ignore', 'BBB_20_2.0', 'BBP_20_2.0', 'future_close', 'change_pct']
2025-01-02 23:19:38 - INFO - Conjunto de datos preparado con 75453 filas y 25 características.
2025-01-02 23:19:38 - INFO - Características en X_test_final: ['open', 'high', 'low', 'close', 'volume', 'hour_of_day', 'day_of_week', 'is_weekend', 'RSI', 'MACD', 'MACDs', 'MACDh', 'SMA_10', 'SMA_50', 'EMA_10', 'EMA_50', 'VWAP', 'OBV', 'BBL', 'BBM', 'BBU', 'ATR', 'STOCHk', 'STOCHd', 'CCI']
2025-01-02 23:19:38 - INFO - Tipo de y_test_final: <class 'pandas.core.series.Series'>
2025-01-02 23:19:38 - INFO - Shape de y_test_final: (75453,)
2025-01-02 23:19:38 - INFO - Las características del test coinciden perfectamente con las del entrenamiento.
2025-01-02 23:19:38 - INFO - === Evaluación en Test ===
2025-01-02 23:19:39 - INFO - Matriz de confusión [1,0]:
[[11671  8479]
 [27949 27354]]
2025-01-02 23:19:39 - INFO - Reporte de Clasificación:
              precision    recall  f1-score   support

           1       0.29      0.58      0.39     20150
           0       0.76      0.49      0.60     55303

    accuracy                           0.52     75453
   macro avg       0.53      0.54      0.50     75453
weighted avg       0.64      0.52      0.54     75453

2025-01-02 23:19:39 - INFO - F1-score: 0.3905
2025-01-02 23:19:39 - INFO - Precisión: 0.2946
2025-01-02 23:19:39 - INFO - Recall: 0.5792
2025-01-02 23:19:39 - INFO - AUC Score: 0.5573
2025-01-02 23:19:41 - INFO - F1 final en Test (Binario): 0.3905
2025-01-02 23:19:41 - INFO - === Analizando importancia de características ===
2025-01-02 23:19:41 - INFO - Tabla de importancia de características guardada en ./results/feature_importances_binario.csv.
2025-01-02 23:19:41 - INFO - Gráfico de importancia de características guardado.
2025-01-02 23:19:41 - INFO - Señales generadas con umbrales high=0.7, low=0.3
2025-01-02 23:19:42 - INFO - Señales guardadas en: ./results/signals.csv
2025-01-02 23:19:42 - INFO - === Proceso Completado con Éxito ===
