2024-12-21 14:33:00 - INFO - Datos cargados correctamente desde ML/data/processed/BTCUSDT_15m_processed.csv, filas: 245845
2024-12-21 14:33:00 - INFO - Eliminados 199 registros con valores faltantes.
2024-12-21 14:33:00 - INFO - Indicadores calculados y filas NaN eliminadas.
2024-12-21 14:33:03 - INFO - Variable objetivo generada con look_ahead: 1, lower_percentile: 20, upper_percentile: 80
2024-12-21 14:33:03 - INFO - Umbrales calculados - lower: -0.001838, upper: 0.001900
2024-12-21 14:33:03 - INFO - Distribución de clases:
target
0    147387
2     49129
1     49129
Name: count, dtype: int64
2024-12-21 14:33:03 - INFO - No se eliminaron columnas por correlación > 0.85
2024-12-21 14:33:03 - INFO - Distribución de clases en todo el conjunto: 
target
0    147387
2     49129
1     49129
Name: count, dtype: int64
2024-12-21 14:33:03 - INFO - Tamaño train: (157212, 12), valid: (39304, 12), test: (49129, 12)
2024-12-21 14:33:03 - INFO - Distribución de clases en train: 
target
0    85432
2    35994
1    35786
Name: count, dtype: int64
2024-12-21 14:33:03 - INFO - Distribución de clases en validación: 
target
0    25999
1     6744
2     6561
Name: count, dtype: int64
2024-12-21 14:33:03 - INFO - Distribución de clases en test: 
target
0    35956
1     6599
2     6574
Name: count, dtype: int64
2024-12-21 14:33:03 - INFO - Pesos de clases: {0: 0.6134001310984174, 1: 1.4643715419437768, 2: 1.4559093182197034}
