2025-01-29 19:29:37 - INFO - Datos cargados desde ML/data/processed/BTCUSDT_15m_processed.csv, filas: 257756
2025-01-29 19:29:37 - INFO - Columnas de indicadores existentes eliminadas: ['RSI', 'MACD', 'MACDs', 'MACDh', 'OBV', 'BBL', 'BBM', 'BBU', 'SMA_10', 'SMA_50', 'EMA_10', 'EMA_50']
2025-01-29 19:29:38 - INFO - Indicadores técnicos agregados. Filas antes: 257756, después: 257557 (descartadas: 199)
2025-01-29 19:29:38 - INFO - Columnas renombradas: {'RSI_14': 'RSI', 'MACD_12_26_9': 'MACD', 'MACDs_12_26_9': 'MACDs', 'MACDh_12_26_9': 'MACDh', 'BBL_20_2.0': 'BBL', 'BBM_20_2.0': 'BBM', 'BBU_20_2.0': 'BBU', 'STOCHk_14_3_3': 'STOCHk', 'STOCHd_14_3_3': 'STOCHd', 'CCI_14_0.015': 'CCI', 'SMA_10': 'SMA_10', 'SMA_50': 'SMA_50', 'SMA_200': 'SMA_200', 'EMA_10': 'EMA_10', 'EMA_50': 'EMA_50'}
2025-01-29 19:29:38 - INFO - Target binario con look_ahead=3, min_change=0.018
2025-01-29 19:29:38 - INFO - Distribución de clases (0=Vender, 1=Comprar):
target
0.0    3775
1.0    3613
Name: count, dtype: int64
2025-01-29 19:29:38 - INFO - Muestra de datos con target:
                        close  future_close  change_pct  target
open_time                                                      
2017-12-07 13:45:00  14826.00      15129.63    0.020480     1.0
2019-07-01 18:30:00  10305.44      10111.00   -0.018868     0.0
2021-12-08 10:15:00  50183.32      49160.26   -0.020386     0.0
2020-04-03 06:45:00   6797.87       6928.65    0.019238     1.0
2020-03-16 09:30:00   4854.66       4560.81   -0.060529     0.0
2020-04-02 16:30:00   6867.97       7122.32    0.037034     1.0
2021-01-10 21:30:00  37833.30      38808.42    0.025774     1.0
2021-09-24 06:45:00  44118.14      44993.69    0.019846     1.0
2018-04-04 13:15:00   7085.00       6909.07   -0.024831     0.0
2018-11-20 07:15:00   4680.72       4576.27   -0.022315     0.0
2025-01-29 19:29:38 - INFO - División de datos en Train/Test completada.
2025-01-29 19:29:38 - INFO - === Búsqueda de hiperparámetros (Optuna) en muestra de Training ===
2025-01-29 19:29:38 - INFO - No se han identificado características categóricas.
2025-01-29 19:29:38 - INFO - Columnas extra eliminadas: ['future_close', 'change_pct']
2025-01-29 19:29:38 - INFO - Dataset preparado: 4321 filas, 21 features (después de imputación).
2025-01-29 19:29:38 - INFO - Iniciando optimización en Optuna (precisión clase=1)...
2025-01-29 19:29:38 - INFO - Balance de clases tras SMOTETomek:
target
0.0    1643
1.0    1643
Name: count, dtype: int64
2025-01-29 19:29:38 - INFO - Balance de clases tras SMOTETomek:
target
0.0    1646
1.0    1646
Name: count, dtype: int64
2025-01-29 19:29:39 - INFO - Balance de clases tras SMOTETomek:
target
0.0    1642
1.0    1642
Name: count, dtype: int64
2025-01-29 19:29:39 - INFO - Balance de clases tras SMOTETomek:
target
0.0    1638
1.0    1638
Name: count, dtype: int64
2025-01-29 19:29:39 - INFO - Balance de clases tras SMOTETomek:
target
0.0    1644
1.0    1644
Name: count, dtype: int64
2025-01-29 19:29:40 - INFO - Balance de clases tras SMOTETomek:
target
0.0    1643
1.0    1643
Name: count, dtype: int64
2025-01-29 19:29:41 - INFO - Balance de clases tras SMOTETomek:
target
0.0    1646
1.0    1646
Name: count, dtype: int64
2025-01-29 19:29:42 - INFO - Balance de clases tras SMOTETomek:
target
0.0    1642
1.0    1642
Name: count, dtype: int64
2025-01-29 19:29:43 - INFO - Balance de clases tras SMOTETomek:
target
0.0    1638
1.0    1638
Name: count, dtype: int64
2025-01-29 19:29:45 - INFO - Balance de clases tras SMOTETomek:
target
0.0    1644
1.0    1644
Name: count, dtype: int64
2025-01-29 19:29:46 - INFO - Balance de clases tras SMOTETomek:
target
0.0    1643
1.0    1643
Name: count, dtype: int64
2025-01-29 19:29:47 - INFO - Balance de clases tras SMOTETomek:
target
0.0    1646
1.0    1646
Name: count, dtype: int64
2025-01-29 19:29:49 - INFO - Balance de clases tras SMOTETomek:
target
0.0    1642
1.0    1642
Name: count, dtype: int64
2025-01-29 19:29:50 - INFO - Balance de clases tras SMOTETomek:
target
0.0    1638
1.0    1638
Name: count, dtype: int64
2025-01-29 19:29:51 - INFO - Balance de clases tras SMOTETomek:
target
0.0    1644
1.0    1644
Name: count, dtype: int64
2025-01-29 19:29:52 - INFO - Balance de clases tras SMOTETomek:
target
0.0    1643
1.0    1643
Name: count, dtype: int64
2025-01-29 19:29:55 - INFO - Balance de clases tras SMOTETomek:
target
0.0    1646
1.0    1646
Name: count, dtype: int64
2025-01-29 19:29:57 - INFO - Balance de clases tras SMOTETomek:
target
0.0    1642
1.0    1642
Name: count, dtype: int64
2025-01-29 19:30:00 - INFO - Balance de clases tras SMOTETomek:
target
0.0    1638
1.0    1638
Name: count, dtype: int64
2025-01-29 19:30:02 - INFO - Balance de clases tras SMOTETomek:
target
0.0    1644
1.0    1644
Name: count, dtype: int64
2025-01-29 19:30:05 - INFO - Balance de clases tras SMOTETomek:
target
0.0    1643
1.0    1643
Name: count, dtype: int64
2025-01-29 19:30:05 - INFO - Balance de clases tras SMOTETomek:
target
0.0    1646
1.0    1646
Name: count, dtype: int64
2025-01-29 19:30:06 - INFO - Balance de clases tras SMOTETomek:
target
0.0    1642
1.0    1642
Name: count, dtype: int64
2025-01-29 19:30:06 - INFO - Balance de clases tras SMOTETomek:
target
0.0    1638
1.0    1638
Name: count, dtype: int64
2025-01-29 19:30:06 - INFO - Balance de clases tras SMOTETomek:
target
0.0    1644
1.0    1644
Name: count, dtype: int64
2025-01-29 19:30:07 - INFO - Mejor Precisión (clase=1): 0.6994
2025-01-29 19:30:07 - INFO - Mejores parámetros: {'max_depth': 20, 'learning_rate': 0.02042361883931737, 'n_estimators': 453, 'subsample': 0.7449901522906055, 'colsample_bytree': 0.7338741270742777, 'gamma': 0.38057243869694113, 'reg_alpha': 0.4016406919272847, 'reg_lambda': 0.6793248321388419}
2025-01-29 19:30:07 - INFO - === Entrenando Pipeline Final con TODO el Training ===
2025-01-29 19:30:07 - INFO - Columnas extra eliminadas: ['future_close', 'change_pct']
2025-01-29 19:30:07 - INFO - Dataset preparado: 4802 filas, 21 features (después de imputación).
2025-01-29 19:30:07 - INFO - Balance de clases tras SMOTETomek:
target
0.0    2288
1.0    2288
Name: count, dtype: int64
2025-01-29 19:30:10 - INFO - Pipeline final entrenado con scale_pos_weight=1.00
2025-01-29 19:30:10 - INFO - Pipeline completo guardado en: .ML/results/XGBoost_Binario_trained_pipeline.joblib
2025-01-29 19:30:10 - INFO - Parámetros guardados en: .ML/results/XGBoost_Binario_model_params.txt
2025-01-29 19:30:10 - INFO - Lista de features guardada en: .ML/results/XGBoost_Binario_feature_cols.txt
2025-01-29 19:30:10 - INFO - Columnas de indicadores existentes eliminadas: ['RSI', 'MACD', 'MACDs', 'MACDh', 'OBV', 'BBL', 'BBM', 'BBU', 'STOCHk', 'STOCHd', 'CCI', 'SMA_10', 'SMA_50', 'SMA_200', 'EMA_10', 'EMA_50']
2025-01-29 19:30:10 - INFO - Indicadores técnicos agregados. Filas antes: 2586, después: 2387 (descartadas: 199)
2025-01-29 19:30:10 - INFO - Columnas renombradas: {'RSI_14': 'RSI', 'MACD_12_26_9': 'MACD', 'MACDs_12_26_9': 'MACDs', 'MACDh_12_26_9': 'MACDh', 'BBL_20_2.0': 'BBL', 'BBM_20_2.0': 'BBM', 'BBU_20_2.0': 'BBU', 'STOCHk_14_3_3': 'STOCHk', 'STOCHd_14_3_3': 'STOCHd', 'CCI_14_0.015': 'CCI', 'SMA_10': 'SMA_10', 'SMA_50': 'SMA_50', 'SMA_200': 'SMA_200', 'EMA_10': 'EMA_10', 'EMA_50': 'EMA_50'}
2025-01-29 19:30:10 - INFO - Target binario con look_ahead=3, min_change=0.018
2025-01-29 19:30:10 - INFO - Distribución de clases (0=Vender, 1=Comprar):
target
1.0    854
0.0    816
Name: count, dtype: int64
2025-01-29 19:30:10 - INFO - Muestra de datos con target:
                        close  future_close  change_pct  target
open_time                                                      
2024-09-13 15:00:00  58469.99      62646.12    0.071423     1.0
2023-02-15 19:45:00  23318.90      24494.38    0.050409     1.0
2022-01-24 15:00:00  33457.53      34646.53    0.035538     1.0
2021-01-30 07:30:00  33518.95      32546.27   -0.029019     0.0
2022-09-09 02:45:00  19398.31      19818.00    0.021635     1.0
2021-08-09 08:45:00  43717.14      44857.65    0.026088     1.0
2022-11-08 03:45:00  20148.66      19520.97   -0.031153     0.0
2021-06-22 14:45:00  30567.93      31487.86    0.030095     1.0
2021-05-19 17:45:00  39370.61      38636.98   -0.018634     0.0
2021-07-14 02:30:00  32498.55      31751.48   -0.022988     0.0
2025-01-29 19:30:10 - INFO - Columnas extra eliminadas: ['change_pct', 'future_close']
2025-01-29 19:30:10 - INFO - Dataset preparado: 1670 filas, 21 features (después de imputación).
2025-01-29 19:30:10 - INFO - === Evaluación en Test ===
2025-01-29 19:30:10 - INFO - Matriz de confusión [0=Vender, 1=Comprar]:
[[245 571]
 [293 561]]
2025-01-29 19:30:10 - INFO - Reporte de Clasificación:
              precision    recall  f1-score   support

      Vender       0.46      0.30      0.36       816
     Comprar       0.50      0.66      0.56       854

    accuracy                           0.48      1670
   macro avg       0.48      0.48      0.46      1670
weighted avg       0.48      0.48      0.47      1670

2025-01-29 19:30:10 - INFO - Precision (clase=1): 0.4956
2025-01-29 19:30:10 - INFO - F1 (clase=1): 0.5650
2025-01-29 19:30:10 - INFO - Recall (clase=1): 0.6569
2025-01-29 19:30:10 - INFO - Balanced Accuracy: 0.4786
2025-01-29 19:30:10 - INFO - MCC: -0.0458
2025-01-29 19:30:10 - INFO - AUC: 0.4746
2025-01-29 19:30:11 - INFO - Precisión final en Test (clase=1): 0.4956
2025-01-29 19:30:11 - INFO - Importancia de características guardada en .ML/results/feature_importances_binary.csv.
2025-01-29 19:30:12 - INFO - Gráfico de importancia de características guardado.
2025-01-29 19:30:12 - INFO - Calculando valores SHAP...
2025-01-29 19:30:23 - INFO - SHAP analysis completado y guardado.
2025-01-29 19:30:23 - INFO - Señales generadas con umbral=0.62
2025-01-29 19:30:23 - INFO - Señales filtradas por tendencia.
2025-01-29 19:30:23 - INFO - Señales guardadas en: .ML/results/signals_binary.csv
2025-01-29 19:30:23 - INFO - === Proceso Completado con Éxito ===
