2025-01-21 19:48:19 - INFO - Datos cargados desde ML/data/processed/BTCUSDT_15m_processed.csv, filas: 257756
2025-01-21 19:48:19 - INFO - Columnas de indicadores existentes eliminadas: ['RSI', 'MACD', 'MACDs', 'MACDh', 'OBV', 'BBL', 'BBM', 'BBU', 'SMA_10', 'SMA_50', 'EMA_10', 'EMA_50']
2025-01-21 19:48:20 - INFO - Indicadores técnicos agregados. Filas antes: 257756, después: 257557 (descartadas: 199)
2025-01-21 19:48:20 - INFO - Columnas renombradas: {'RSI_14': 'RSI', 'MACD_12_26_9': 'MACD', 'MACDs_12_26_9': 'MACDs', 'MACDh_12_26_9': 'MACDh', 'BBL_20_2.0': 'BBL', 'BBM_20_2.0': 'BBM', 'BBU_20_2.0': 'BBU', 'STOCHk_14_3_3': 'STOCHk', 'STOCHd_14_3_3': 'STOCHd', 'CCI_14_0.015': 'CCI', 'SMA_10': 'SMA_10', 'SMA_50': 'SMA_50', 'SMA_200': 'SMA_200', 'EMA_10': 'EMA_10', 'EMA_50': 'EMA_50'}
2025-01-21 19:48:20 - INFO - Target binario con look_ahead=2, min_change=0.031
2025-01-21 19:48:20 - INFO - Distribución de clases (0=Vender, 1=Comprar):
target
0.0    579
1.0    509
Name: count, dtype: int64
2025-01-21 19:48:20 - INFO - Muestra de datos con target:
                        close  future_close  change_pct  target
open_time                                                      
2017-09-04 08:00:00   4176.00       4372.20    0.046983     1.0
2018-11-15 09:45:00   5761.79       5558.90   -0.035213     0.0
2018-01-17 09:45:00  10250.00       9802.84   -0.043625     0.0
2019-07-04 22:30:00  11621.01      11192.55   -0.036869     0.0
2019-05-12 21:45:00   7153.36       6929.09   -0.031352     0.0
2021-05-20 15:45:00  41432.88      39840.41   -0.038435     0.0
2019-08-28 17:30:00  10250.06       9882.53   -0.035856     0.0
2021-05-19 21:00:00  37667.04      38878.94    0.032174     1.0
2021-01-11 18:45:00  32562.10      31382.06   -0.036240     0.0
2018-01-30 17:30:00  10444.88      10020.40   -0.040640     0.0
2025-01-21 19:48:20 - INFO - División de datos en Train/Test completada.
2025-01-21 19:48:20 - INFO - === Búsqueda de hiperparámetros (Optuna) en muestra de Training ===
2025-01-21 19:48:20 - INFO - No se han identificado características categóricas.
2025-01-21 19:48:20 - INFO - Columnas extra eliminadas: ['future_close', 'change_pct']
2025-01-21 19:48:20 - INFO - Dataset preparado: 636 filas, 21 features (después de imputación).
2025-01-21 19:48:20 - INFO - Iniciando optimización en Optuna (precisión clase=1)...
2025-01-21 19:48:20 - INFO - Balance de clases tras SMOTETomek:
target
0.0    230
1.0    230
Name: count, dtype: int64
2025-01-21 19:48:20 - INFO - Balance de clases tras SMOTETomek:
target
0.0    230
1.0    230
Name: count, dtype: int64
2025-01-21 19:48:21 - INFO - Balance de clases tras SMOTETomek:
target
0.0    232
1.0    232
Name: count, dtype: int64
2025-01-21 19:48:21 - INFO - Balance de clases tras SMOTETomek:
target
0.0    232
1.0    232
Name: count, dtype: int64
2025-01-21 19:48:21 - INFO - Balance de clases tras SMOTETomek:
target
0.0    232
1.0    232
Name: count, dtype: int64
2025-01-21 19:48:22 - INFO - Balance de clases tras SMOTETomek:
target
0.0    226
1.0    226
Name: count, dtype: int64
2025-01-21 19:48:22 - INFO - Balance de clases tras SMOTETomek:
target
0.0    232
1.0    232
Name: count, dtype: int64
2025-01-21 19:48:22 - INFO - Balance de clases tras SMOTETomek:
target
0.0    235
1.0    235
Name: count, dtype: int64
2025-01-21 19:48:23 - INFO - Balance de clases tras SMOTETomek:
target
0.0    230
1.0    230
Name: count, dtype: int64
2025-01-21 19:48:23 - INFO - Balance de clases tras SMOTETomek:
target
0.0    226
1.0    226
Name: count, dtype: int64
2025-01-21 19:48:24 - INFO - Balance de clases tras SMOTETomek:
target
0.0    235
1.0    235
Name: count, dtype: int64
2025-01-21 19:48:24 - INFO - Balance de clases tras SMOTETomek:
target
0.0    232
1.0    232
Name: count, dtype: int64
2025-01-21 19:48:25 - INFO - Balance de clases tras SMOTETomek:
target
0.0    230
1.0    230
Name: count, dtype: int64
2025-01-21 19:48:25 - INFO - Balance de clases tras SMOTETomek:
target
0.0    232
1.0    232
Name: count, dtype: int64
2025-01-21 19:48:25 - INFO - Balance de clases tras SMOTETomek:
target
0.0    232
1.0    232
Name: count, dtype: int64
2025-01-21 19:48:26 - INFO - Balance de clases tras SMOTETomek:
target
0.0    232
1.0    232
Name: count, dtype: int64
2025-01-21 19:48:26 - INFO - Balance de clases tras SMOTETomek:
target
0.0    226
1.0    226
Name: count, dtype: int64
2025-01-21 19:48:26 - INFO - Balance de clases tras SMOTETomek:
target
0.0    226
1.0    226
Name: count, dtype: int64
2025-01-21 19:48:27 - INFO - Balance de clases tras SMOTETomek:
target
0.0    235
1.0    235
Name: count, dtype: int64
2025-01-21 19:48:27 - INFO - Balance de clases tras SMOTETomek:
target
0.0    235
1.0    235
Name: count, dtype: int64
2025-01-21 19:48:27 - INFO - Balance de clases tras SMOTETomek:
target
0.0    230
1.0    230
Name: count, dtype: int64
2025-01-21 19:48:28 - INFO - Balance de clases tras SMOTETomek:
target
0.0    232
1.0    232
Name: count, dtype: int64
2025-01-21 19:48:28 - INFO - Balance de clases tras SMOTETomek:
target
0.0    230
1.0    230
Name: count, dtype: int64
2025-01-21 19:48:28 - INFO - Balance de clases tras SMOTETomek:
target
0.0    232
1.0    232
Name: count, dtype: int64
2025-01-21 19:48:29 - INFO - Balance de clases tras SMOTETomek:
target
0.0    226
1.0    226
Name: count, dtype: int64
2025-01-21 19:48:29 - INFO - Balance de clases tras SMOTETomek:
target
0.0    232
1.0    232
Name: count, dtype: int64
2025-01-21 19:48:29 - INFO - Balance de clases tras SMOTETomek:
target
0.0    235
1.0    235
Name: count, dtype: int64
2025-01-21 19:48:29 - INFO - Balance de clases tras SMOTETomek:
target
0.0    232
1.0    232
Name: count, dtype: int64
2025-01-21 19:48:30 - INFO - Balance de clases tras SMOTETomek:
target
0.0    230
1.0    230
Name: count, dtype: int64
2025-01-21 19:48:30 - INFO - Balance de clases tras SMOTETomek:
target
0.0    226
1.0    226
Name: count, dtype: int64
2025-01-21 19:48:31 - INFO - Balance de clases tras SMOTETomek:
target
0.0    235
1.0    235
Name: count, dtype: int64
2025-01-21 19:48:31 - INFO - Balance de clases tras SMOTETomek:
target
0.0    230
1.0    230
Name: count, dtype: int64
2025-01-21 19:48:31 - INFO - Balance de clases tras SMOTETomek:
target
0.0    232
1.0    232
Name: count, dtype: int64
2025-01-21 19:48:32 - INFO - Balance de clases tras SMOTETomek:
target
0.0    232
1.0    232
Name: count, dtype: int64
2025-01-21 19:48:33 - INFO - Balance de clases tras SMOTETomek:
target
0.0    232
1.0    232
Name: count, dtype: int64
2025-01-21 19:48:33 - INFO - Balance de clases tras SMOTETomek:
target
0.0    232
1.0    232
Name: count, dtype: int64
2025-01-21 19:48:34 - INFO - Balance de clases tras SMOTETomek:
target
0.0    226
1.0    226
Name: count, dtype: int64
2025-01-21 19:48:35 - INFO - Balance de clases tras SMOTETomek:
target
0.0    226
1.0    226
Name: count, dtype: int64
2025-01-21 19:48:35 - INFO - Balance de clases tras SMOTETomek:
target
0.0    235
1.0    235
Name: count, dtype: int64
2025-01-21 19:48:36 - INFO - Balance de clases tras SMOTETomek:
target
0.0    230
1.0    230
Name: count, dtype: int64
2025-01-21 19:48:36 - INFO - Balance de clases tras SMOTETomek:
target
0.0    235
1.0    235
Name: count, dtype: int64
2025-01-21 19:48:36 - INFO - Balance de clases tras SMOTETomek:
target
0.0    232
1.0    232
Name: count, dtype: int64
2025-01-21 19:48:37 - INFO - Balance de clases tras SMOTETomek:
target
0.0    232
1.0    232
Name: count, dtype: int64
2025-01-21 19:48:37 - INFO - Balance de clases tras SMOTETomek:
target
0.0    226
1.0    226
Name: count, dtype: int64
2025-01-21 19:48:38 - INFO - Balance de clases tras SMOTETomek:
target
0.0    230
1.0    230
Name: count, dtype: int64
2025-01-21 19:48:38 - INFO - Balance de clases tras SMOTETomek:
target
0.0    235
1.0    235
Name: count, dtype: int64
2025-01-21 19:48:38 - INFO - Balance de clases tras SMOTETomek:
target
0.0    232
1.0    232
Name: count, dtype: int64
2025-01-21 19:48:39 - INFO - Balance de clases tras SMOTETomek:
target
0.0    230
1.0    230
Name: count, dtype: int64
2025-01-21 19:48:39 - INFO - Balance de clases tras SMOTETomek:
target
0.0    232
1.0    232
Name: count, dtype: int64
2025-01-21 19:48:39 - INFO - Balance de clases tras SMOTETomek:
target
0.0    232
1.0    232
Name: count, dtype: int64
2025-01-21 19:48:40 - INFO - Balance de clases tras SMOTETomek:
target
0.0    232
1.0    232
Name: count, dtype: int64
2025-01-21 19:48:40 - INFO - Balance de clases tras SMOTETomek:
target
0.0    226
1.0    226
Name: count, dtype: int64
2025-01-21 19:48:40 - INFO - Balance de clases tras SMOTETomek:
target
0.0    226
1.0    226
Name: count, dtype: int64
2025-01-21 19:48:41 - INFO - Balance de clases tras SMOTETomek:
target
0.0    235
1.0    235
Name: count, dtype: int64
2025-01-21 19:48:41 - INFO - Balance de clases tras SMOTETomek:
target
0.0    235
1.0    235
Name: count, dtype: int64
2025-01-21 19:48:42 - INFO - Balance de clases tras SMOTETomek:
target
0.0    230
1.0    230
Name: count, dtype: int64
2025-01-21 19:48:42 - INFO - Balance de clases tras SMOTETomek:
target
0.0    232
1.0    232
Name: count, dtype: int64
2025-01-21 19:48:42 - INFO - Balance de clases tras SMOTETomek:
target
0.0    230
1.0    230
Name: count, dtype: int64
2025-01-21 19:48:42 - INFO - Balance de clases tras SMOTETomek:
target
0.0    232
1.0    232
Name: count, dtype: int64
2025-01-21 19:48:42 - INFO - Balance de clases tras SMOTETomek:
target
0.0    232
1.0    232
Name: count, dtype: int64
2025-01-21 19:48:42 - INFO - Balance de clases tras SMOTETomek:
target
0.0    232
1.0    232
Name: count, dtype: int64
2025-01-21 19:48:42 - INFO - Balance de clases tras SMOTETomek:
target
0.0    226
1.0    226
Name: count, dtype: int64
2025-01-21 19:48:43 - INFO - Balance de clases tras SMOTETomek:
target
0.0    226
1.0    226
Name: count, dtype: int64
2025-01-21 19:48:43 - INFO - Balance de clases tras SMOTETomek:
target
0.0    235
1.0    235
Name: count, dtype: int64
2025-01-21 19:48:43 - INFO - Balance de clases tras SMOTETomek:
target
0.0    235
1.0    235
Name: count, dtype: int64
2025-01-21 19:48:43 - INFO - Balance de clases tras SMOTETomek:
target
0.0    230
1.0    230
Name: count, dtype: int64
2025-01-21 19:48:43 - INFO - Balance de clases tras SMOTETomek:
target
0.0    230
1.0    230
Name: count, dtype: int64
2025-01-21 19:48:43 - INFO - Balance de clases tras SMOTETomek:
target
0.0    232
1.0    232
Name: count, dtype: int64
2025-01-21 19:48:43 - INFO - Balance de clases tras SMOTETomek:
target
0.0    232
1.0    232
Name: count, dtype: int64
2025-01-21 19:48:43 - INFO - Balance de clases tras SMOTETomek:
target
0.0    232
1.0    232
Name: count, dtype: int64
2025-01-21 19:48:44 - INFO - Balance de clases tras SMOTETomek:
target
0.0    226
1.0    226
Name: count, dtype: int64
2025-01-21 19:48:44 - INFO - Balance de clases tras SMOTETomek:
target
0.0    232
1.0    232
Name: count, dtype: int64
2025-01-21 19:48:44 - INFO - Balance de clases tras SMOTETomek:
target
0.0    235
1.0    235
Name: count, dtype: int64
2025-01-21 19:48:44 - INFO - Balance de clases tras SMOTETomek:
target
0.0    230
1.0    230
Name: count, dtype: int64
2025-01-21 19:48:44 - INFO - Balance de clases tras SMOTETomek:
target
0.0    226
1.0    226
Name: count, dtype: int64
2025-01-21 19:48:45 - INFO - Balance de clases tras SMOTETomek:
target
0.0    235
1.0    235
Name: count, dtype: int64
2025-01-21 19:48:45 - INFO - Balance de clases tras SMOTETomek:
target
0.0    230
1.0    230
Name: count, dtype: int64
2025-01-21 19:48:45 - INFO - Balance de clases tras SMOTETomek:
target
0.0    232
1.0    232
Name: count, dtype: int64
2025-01-21 19:48:46 - INFO - Balance de clases tras SMOTETomek:
target
0.0    232
1.0    232
Name: count, dtype: int64
2025-01-21 19:48:47 - INFO - Balance de clases tras SMOTETomek:
target
0.0    232
1.0    232
Name: count, dtype: int64
2025-01-21 19:48:47 - INFO - Balance de clases tras SMOTETomek:
target
0.0    226
1.0    226
Name: count, dtype: int64
2025-01-21 19:48:48 - INFO - Balance de clases tras SMOTETomek:
target
0.0    235
1.0    235
Name: count, dtype: int64
2025-01-21 19:48:49 - INFO - Balance de clases tras SMOTETomek:
target
0.0    232
1.0    232
Name: count, dtype: int64
2025-01-21 19:48:50 - INFO - Balance de clases tras SMOTETomek:
target
0.0    230
1.0    230
Name: count, dtype: int64
2025-01-21 19:48:50 - INFO - Balance de clases tras SMOTETomek:
target
0.0    232
1.0    232
Name: count, dtype: int64
2025-01-21 19:48:51 - INFO - Balance de clases tras SMOTETomek:
target
0.0    226
1.0    226
Name: count, dtype: int64
2025-01-21 19:48:51 - INFO - Balance de clases tras SMOTETomek:
target
0.0    232
1.0    232
Name: count, dtype: int64
2025-01-21 19:48:52 - INFO - Balance de clases tras SMOTETomek:
target
0.0    226
1.0    226
Name: count, dtype: int64
2025-01-21 19:48:52 - INFO - Balance de clases tras SMOTETomek:
target
0.0    235
1.0    235
Name: count, dtype: int64
2025-01-21 19:48:53 - INFO - Balance de clases tras SMOTETomek:
target
0.0    235
1.0    235
Name: count, dtype: int64
2025-01-21 19:48:54 - INFO - Balance de clases tras SMOTETomek:
target
0.0    230
1.0    230
Name: count, dtype: int64
2025-01-21 19:48:54 - INFO - Balance de clases tras SMOTETomek:
target
0.0    230
1.0    230
Name: count, dtype: int64
2025-01-21 19:48:55 - INFO - Balance de clases tras SMOTETomek:
target
0.0    232
1.0    232
Name: count, dtype: int64
2025-01-21 19:48:55 - INFO - Balance de clases tras SMOTETomek:
target
0.0    232
1.0    232
Name: count, dtype: int64
2025-01-21 19:48:55 - INFO - Balance de clases tras SMOTETomek:
target
0.0    226
1.0    226
Name: count, dtype: int64
2025-01-21 19:48:56 - INFO - Balance de clases tras SMOTETomek:
target
0.0    235
1.0    235
Name: count, dtype: int64
2025-01-21 19:48:56 - INFO - Balance de clases tras SMOTETomek:
target
0.0    232
1.0    232
Name: count, dtype: int64
2025-01-21 19:48:56 - INFO - Balance de clases tras SMOTETomek:
target
0.0    230
1.0    230
Name: count, dtype: int64
2025-01-21 19:48:57 - INFO - Balance de clases tras SMOTETomek:
target
0.0    232
1.0    232
Name: count, dtype: int64
2025-01-21 19:48:57 - INFO - Balance de clases tras SMOTETomek:
target
0.0    232
1.0    232
Name: count, dtype: int64
2025-01-21 19:48:58 - INFO - Balance de clases tras SMOTETomek:
target
0.0    226
1.0    226
Name: count, dtype: int64
2025-01-21 19:48:58 - INFO - Balance de clases tras SMOTETomek:
target
0.0    232
1.0    232
Name: count, dtype: int64
2025-01-21 19:48:59 - INFO - Balance de clases tras SMOTETomek:
target
0.0    235
1.0    235
Name: count, dtype: int64
2025-01-21 19:48:59 - INFO - Balance de clases tras SMOTETomek:
target
0.0    230
1.0    230
Name: count, dtype: int64
2025-01-21 19:49:00 - INFO - Balance de clases tras SMOTETomek:
target
0.0    232
1.0    232
Name: count, dtype: int64
2025-01-21 19:49:00 - INFO - Balance de clases tras SMOTETomek:
target
0.0    232
1.0    232
Name: count, dtype: int64
2025-01-21 19:49:00 - INFO - Balance de clases tras SMOTETomek:
target
0.0    226
1.0    226
Name: count, dtype: int64
2025-01-21 19:49:00 - INFO - Balance de clases tras SMOTETomek:
target
0.0    226
1.0    226
Name: count, dtype: int64
2025-01-21 19:49:01 - INFO - Balance de clases tras SMOTETomek:
target
0.0    235
1.0    235
Name: count, dtype: int64
2025-01-21 19:49:01 - INFO - Balance de clases tras SMOTETomek:
target
0.0    230
1.0    230
Name: count, dtype: int64
2025-01-21 19:49:02 - INFO - Balance de clases tras SMOTETomek:
target
0.0    232
1.0    232
Name: count, dtype: int64
2025-01-21 19:49:02 - INFO - Balance de clases tras SMOTETomek:
target
0.0    235
1.0    235
Name: count, dtype: int64
2025-01-21 19:49:02 - INFO - Balance de clases tras SMOTETomek:
target
0.0    232
1.0    232
Name: count, dtype: int64
2025-01-21 19:49:03 - INFO - Balance de clases tras SMOTETomek:
target
0.0    226
1.0    226
Name: count, dtype: int64
2025-01-21 19:49:03 - INFO - Balance de clases tras SMOTETomek:
target
0.0    235
1.0    235
Name: count, dtype: int64
2025-01-21 19:49:04 - INFO - Balance de clases tras SMOTETomek:
target
0.0    230
1.0    230
Name: count, dtype: int64
2025-01-21 19:49:04 - INFO - Balance de clases tras SMOTETomek:
target
0.0    230
1.0    230
Name: count, dtype: int64
2025-01-21 19:49:04 - INFO - Balance de clases tras SMOTETomek:
target
0.0    232
1.0    232
Name: count, dtype: int64
2025-01-21 19:49:05 - INFO - Balance de clases tras SMOTETomek:
target
0.0    232
1.0    232
Name: count, dtype: int64
2025-01-21 19:49:05 - INFO - Balance de clases tras SMOTETomek:
target
0.0    232
1.0    232
Name: count, dtype: int64
2025-01-21 19:49:05 - INFO - Balance de clases tras SMOTETomek:
target
0.0    232
1.0    232
Name: count, dtype: int64
2025-01-21 19:49:05 - INFO - Balance de clases tras SMOTETomek:
target
0.0    226
1.0    226
Name: count, dtype: int64
2025-01-21 19:49:06 - INFO - Balance de clases tras SMOTETomek:
target
0.0    235
1.0    235
Name: count, dtype: int64
2025-01-21 19:49:06 - INFO - Balance de clases tras SMOTETomek:
target
0.0    226
1.0    226
Name: count, dtype: int64
2025-01-21 19:49:06 - INFO - Balance de clases tras SMOTETomek:
target
0.0    230
1.0    230
Name: count, dtype: int64
2025-01-21 19:49:07 - INFO - Balance de clases tras SMOTETomek:
target
0.0    235
1.0    235
Name: count, dtype: int64
2025-01-21 19:49:07 - INFO - Balance de clases tras SMOTETomek:
target
0.0    232
1.0    232
Name: count, dtype: int64
2025-01-21 19:49:07 - INFO - Balance de clases tras SMOTETomek:
target
0.0    230
1.0    230
Name: count, dtype: int64
2025-01-21 19:49:08 - INFO - Balance de clases tras SMOTETomek:
target
0.0    232
1.0    232
Name: count, dtype: int64
2025-01-21 19:49:08 - INFO - Balance de clases tras SMOTETomek:
target
0.0    232
1.0    232
Name: count, dtype: int64
2025-01-21 19:49:08 - INFO - Balance de clases tras SMOTETomek:
target
0.0    226
1.0    226
Name: count, dtype: int64
2025-01-21 19:49:08 - INFO - Balance de clases tras SMOTETomek:
target
0.0    232
1.0    232
Name: count, dtype: int64
2025-01-21 19:49:09 - INFO - Balance de clases tras SMOTETomek:
target
0.0    235
1.0    235
Name: count, dtype: int64
2025-01-21 19:49:09 - INFO - Balance de clases tras SMOTETomek:
target
0.0    226
1.0    226
Name: count, dtype: int64
2025-01-21 19:49:10 - INFO - Balance de clases tras SMOTETomek:
target
0.0    230
1.0    230
Name: count, dtype: int64
2025-01-21 19:49:10 - INFO - Balance de clases tras SMOTETomek:
target
0.0    235
1.0    235
Name: count, dtype: int64
2025-01-21 19:49:10 - INFO - Balance de clases tras SMOTETomek:
target
0.0    232
1.0    232
Name: count, dtype: int64
2025-01-21 19:49:10 - INFO - Balance de clases tras SMOTETomek:
target
0.0    230
1.0    230
Name: count, dtype: int64
2025-01-21 19:49:11 - INFO - Balance de clases tras SMOTETomek:
target
0.0    232
1.0    232
Name: count, dtype: int64
2025-01-21 19:49:11 - INFO - Balance de clases tras SMOTETomek:
target
0.0    232
1.0    232
Name: count, dtype: int64
2025-01-21 19:49:11 - INFO - Balance de clases tras SMOTETomek:
target
0.0    226
1.0    226
Name: count, dtype: int64
2025-01-21 19:49:11 - INFO - Balance de clases tras SMOTETomek:
target
0.0    232
1.0    232
Name: count, dtype: int64
2025-01-21 19:49:12 - INFO - Balance de clases tras SMOTETomek:
target
0.0    235
1.0    235
Name: count, dtype: int64
2025-01-21 19:49:12 - INFO - Balance de clases tras SMOTETomek:
target
0.0    226
1.0    226
Name: count, dtype: int64
2025-01-21 19:49:12 - INFO - Balance de clases tras SMOTETomek:
target
0.0    230
1.0    230
Name: count, dtype: int64
2025-01-21 19:49:12 - INFO - Balance de clases tras SMOTETomek:
target
0.0    235
1.0    235
Name: count, dtype: int64
2025-01-21 19:49:13 - INFO - Balance de clases tras SMOTETomek:
target
0.0    232
1.0    232
Name: count, dtype: int64
2025-01-21 19:49:13 - INFO - Balance de clases tras SMOTETomek:
target
0.0    230
1.0    230
Name: count, dtype: int64
2025-01-21 19:49:13 - INFO - Balance de clases tras SMOTETomek:
target
0.0    232
1.0    232
Name: count, dtype: int64
2025-01-21 19:49:14 - INFO - Balance de clases tras SMOTETomek:
target
0.0    232
1.0    232
Name: count, dtype: int64
2025-01-21 19:49:14 - INFO - Balance de clases tras SMOTETomek:
target
0.0    226
1.0    226
Name: count, dtype: int64
2025-01-21 19:49:14 - INFO - Balance de clases tras SMOTETomek:
target
0.0    232
1.0    232
Name: count, dtype: int64
2025-01-21 19:49:14 - INFO - Balance de clases tras SMOTETomek:
target
0.0    235
1.0    235
Name: count, dtype: int64
2025-01-21 19:49:14 - INFO - Balance de clases tras SMOTETomek:
target
0.0    226
1.0    226
Name: count, dtype: int64
2025-01-21 19:49:15 - INFO - Balance de clases tras SMOTETomek:
target
0.0    235
1.0    235
Name: count, dtype: int64
2025-01-21 19:49:15 - INFO - Balance de clases tras SMOTETomek:
target
0.0    230
1.0    230
Name: count, dtype: int64
2025-01-21 19:49:15 - INFO - Balance de clases tras SMOTETomek:
target
0.0    230
1.0    230
Name: count, dtype: int64
2025-01-21 19:49:15 - INFO - Balance de clases tras SMOTETomek:
target
0.0    232
1.0    232
Name: count, dtype: int64
2025-01-21 19:49:16 - INFO - Balance de clases tras SMOTETomek:
target
0.0    232
1.0    232
Name: count, dtype: int64
2025-01-21 19:49:16 - INFO - Balance de clases tras SMOTETomek:
target
0.0    232
1.0    232
Name: count, dtype: int64
2025-01-21 19:49:16 - INFO - Balance de clases tras SMOTETomek:
target
0.0    226
1.0    226
Name: count, dtype: int64
2025-01-21 19:49:17 - INFO - Balance de clases tras SMOTETomek:
target
0.0    232
1.0    232
Name: count, dtype: int64
2025-01-21 19:49:17 - INFO - Balance de clases tras SMOTETomek:
target
0.0    235
1.0    235
Name: count, dtype: int64
2025-01-21 19:49:17 - INFO - Balance de clases tras SMOTETomek:
target
0.0    226
1.0    226
Name: count, dtype: int64
2025-01-21 19:49:17 - INFO - Balance de clases tras SMOTETomek:
target
0.0    230
1.0    230
Name: count, dtype: int64
2025-01-21 19:49:18 - INFO - Balance de clases tras SMOTETomek:
target
0.0    235
1.0    235
Name: count, dtype: int64
2025-01-21 19:49:18 - INFO - Balance de clases tras SMOTETomek:
target
0.0    232
1.0    232
Name: count, dtype: int64
2025-01-21 19:49:18 - INFO - Balance de clases tras SMOTETomek:
target
0.0    230
1.0    230
Name: count, dtype: int64
2025-01-21 19:49:19 - INFO - Balance de clases tras SMOTETomek:
target
0.0    232
1.0    232
Name: count, dtype: int64
2025-01-21 19:49:19 - INFO - Balance de clases tras SMOTETomek:
target
0.0    232
1.0    232
Name: count, dtype: int64
2025-01-21 19:49:19 - INFO - Balance de clases tras SMOTETomek:
target
0.0    226
1.0    226
Name: count, dtype: int64
2025-01-21 19:49:20 - INFO - Balance de clases tras SMOTETomek:
target
0.0    232
1.0    232
Name: count, dtype: int64
2025-01-21 19:49:20 - INFO - Balance de clases tras SMOTETomek:
target
0.0    235
1.0    235
Name: count, dtype: int64
2025-01-21 19:49:21 - INFO - Balance de clases tras SMOTETomek:
target
0.0    226
1.0    226
Name: count, dtype: int64
2025-01-21 19:49:21 - INFO - Balance de clases tras SMOTETomek:
target
0.0    235
1.0    235
Name: count, dtype: int64
2025-01-21 19:49:22 - INFO - Mejor Precisión (clase=1): 0.6822
2025-01-21 19:49:22 - INFO - Mejores parámetros: {'max_depth': 9, 'learning_rate': 0.060098203210565825, 'n_estimators': 213, 'subsample': 0.730666074363338, 'colsample_bytree': 0.9156606728923475, 'gamma': 0.29792354397669807, 'reg_alpha': 0.816167674561282, 'reg_lambda': 0.647179652156038}
2025-01-21 19:49:22 - INFO - === Entrenando Pipeline Final con TODO el Training ===
2025-01-21 19:49:22 - INFO - Columnas extra eliminadas: ['future_close', 'change_pct']
2025-01-21 19:49:22 - INFO - Dataset preparado: 707 filas, 21 features (después de imputación).
2025-01-21 19:49:22 - INFO - Balance de clases tras SMOTETomek:
target
0.0    341
1.0    341
Name: count, dtype: int64
2025-01-21 19:49:23 - INFO - Pipeline final entrenado con scale_pos_weight=1.00
2025-01-21 19:49:23 - INFO - Pipeline completo guardado en: ./results/XGBoost_Binario_trained_pipeline.joblib
2025-01-21 19:49:23 - INFO - Parámetros guardados en: ./results/XGBoost_Binario_model_params.txt
2025-01-21 19:49:23 - INFO - Lista de features guardada en: ./results/XGBoost_Binario_feature_cols.txt
2025-01-21 19:49:23 - INFO - Columnas de indicadores existentes eliminadas: ['RSI', 'MACD', 'MACDs', 'MACDh', 'OBV', 'BBL', 'BBM', 'BBU', 'STOCHk', 'STOCHd', 'CCI', 'SMA_10', 'SMA_50', 'SMA_200', 'EMA_10', 'EMA_50']
2025-01-21 19:49:23 - INFO - Indicadores técnicos agregados. Filas antes: 381, después: 182 (descartadas: 199)
2025-01-21 19:49:23 - INFO - Columnas renombradas: {'RSI_14': 'RSI', 'MACD_12_26_9': 'MACD', 'MACDs_12_26_9': 'MACDs', 'MACDh_12_26_9': 'MACDh', 'BBL_20_2.0': 'BBL', 'BBM_20_2.0': 'BBM', 'BBU_20_2.0': 'BBU', 'STOCHk_14_3_3': 'STOCHk', 'STOCHd_14_3_3': 'STOCHd', 'CCI_14_0.015': 'CCI', 'SMA_10': 'SMA_10', 'SMA_50': 'SMA_50', 'SMA_200': 'SMA_200', 'EMA_10': 'EMA_10', 'EMA_50': 'EMA_50'}
2025-01-21 19:49:23 - INFO - Target binario con look_ahead=2, min_change=0.031
2025-01-21 19:49:23 - INFO - Distribución de clases (0=Vender, 1=Comprar):
target
1.0    69
0.0    66
Name: count, dtype: int64
2025-01-21 19:49:23 - INFO - Muestra de datos con target:
                        close  future_close  change_pct  target
open_time                                                      
2021-11-22 13:00:00  56865.39      51874.03   -0.087775     0.0
2024-08-05 00:30:00  56722.00      52718.00   -0.070590     0.0
2022-05-11 13:15:00  29859.87      27951.69   -0.063904     0.0
2022-05-12 06:45:00  27114.84      30900.28    0.139608     1.0
2021-12-04 05:00:00  48861.51      38022.84   -0.221824     0.0
2022-02-28 22:00:00  41709.02      39512.48   -0.052663     0.0
2024-02-28 17:00:00  63690.12      69240.01    0.087139     1.0
2022-09-13 12:15:00  22713.69      19415.78   -0.145195     0.0
2021-05-20 03:30:00  37979.70      40475.17    0.065705     1.0
2021-05-23 12:15:00  35031.00      31326.56   -0.105747     0.0
2025-01-21 19:49:23 - INFO - Columnas extra eliminadas: ['change_pct', 'future_close']
2025-01-21 19:49:23 - INFO - Dataset preparado: 135 filas, 21 features (después de imputación).
2025-01-21 19:49:23 - INFO - === Evaluación en Test ===
2025-01-21 19:49:23 - INFO - Matriz de confusión [0=Vender, 1=Comprar]:
[[36 30]
 [38 31]]
2025-01-21 19:49:23 - INFO - Reporte de Clasificación:
              precision    recall  f1-score   support

      Vender       0.49      0.55      0.51        66
     Comprar       0.51      0.45      0.48        69

    accuracy                           0.50       135
   macro avg       0.50      0.50      0.50       135
weighted avg       0.50      0.50      0.50       135

2025-01-21 19:49:23 - INFO - Precision (clase=1): 0.5082
2025-01-21 19:49:23 - INFO - F1 (clase=1): 0.4769
2025-01-21 19:49:23 - INFO - Recall (clase=1): 0.4493
2025-01-21 19:49:23 - INFO - Balanced Accuracy: 0.4974
2025-01-21 19:49:23 - INFO - MCC: -0.0053
2025-01-21 19:49:23 - INFO - AUC: 0.4774
2025-01-21 19:49:24 - INFO - Precisión final en Test (clase=1): 0.5082
2025-01-21 19:49:24 - INFO - Importancia de características guardada en ./results/feature_importances_binary.csv.
2025-01-21 19:49:24 - INFO - Gráfico de importancia de características guardado.
2025-01-21 19:49:25 - INFO - Calculando valores SHAP...
2025-01-21 19:49:26 - INFO - SHAP analysis completado y guardado.
2025-01-21 19:49:26 - INFO - Señales generadas con umbral=0.62
2025-01-21 19:49:26 - INFO - Señales filtradas por tendencia.
2025-01-21 19:49:26 - INFO - Señales guardadas en: ./results/signals_binary.csv
2025-01-21 19:49:26 - INFO - === Proceso Completado con Éxito ===
