2025-01-02 01:42:59 - INFO - Datos cargados desde /Users/oscarr/Desarrollo/Python0/ApiBinance/ML/data/processed/BTCUSDT_15m_processed.csv, filas: 251947
2025-01-02 01:42:59 - INFO - Indicadores técnicos agregados al DataFrame.
2025-01-02 01:42:59 - INFO - feature_columns.pkl actualizado con nuevas características.
2025-01-02 01:43:00 - INFO - Target binario con look_ahead=8, min_change=0.005
2025-01-02 01:43:00 - INFO - Distribución de clases (0/1):
target
0    200196
1     51694
Name: count, dtype: int64
2025-01-02 01:43:00 - INFO - División de datos en train y test completada.
2025-01-02 01:43:00 - INFO - === Buscando hiperparámetros (Optuna) en una muestra del training ===
2025-01-02 01:43:00 - INFO - Características cargadas desde: /Users/oscarr/Desarrollo/Python0/ApiBinance/ML/data/processed/feature_columns.pkl
2025-01-02 01:43:00 - INFO - Cantidad de características antes de quitar problemáticas: 30
2025-01-02 01:43:00 - INFO - Cantidad de características después de quitar problemáticas: 30
2025-01-02 01:43:00 - INFO - Verificando tipo de la columna: open
2025-01-02 01:43:00 - INFO - Tipo de open: float64
2025-01-02 01:43:00 - INFO - Verificando tipo de la columna: high
2025-01-02 01:43:00 - INFO - Tipo de high: float64
2025-01-02 01:43:00 - INFO - Verificando tipo de la columna: low
2025-01-02 01:43:00 - INFO - Tipo de low: float64
2025-01-02 01:43:00 - INFO - Verificando tipo de la columna: close
2025-01-02 01:43:00 - INFO - Tipo de close: float64
2025-01-02 01:43:00 - INFO - Verificando tipo de la columna: volume
2025-01-02 01:43:00 - INFO - Tipo de volume: float64
2025-01-02 01:43:00 - INFO - Verificando tipo de la columna: close_time
2025-01-02 01:43:00 - INFO - Tipo de close_time: int64
2025-01-02 01:43:00 - INFO - Verificando tipo de la columna: quote_asset_volume
2025-01-02 01:43:00 - INFO - Tipo de quote_asset_volume: float64
2025-01-02 01:43:00 - INFO - Verificando tipo de la columna: number_of_trades
2025-01-02 01:43:00 - INFO - Tipo de number_of_trades: int64
2025-01-02 01:43:00 - INFO - Verificando tipo de la columna: taker_buy_base_asset_volume
2025-01-02 01:43:00 - INFO - Tipo de taker_buy_base_asset_volume: float64
2025-01-02 01:43:00 - INFO - Verificando tipo de la columna: taker_buy_quote_asset_volume
2025-01-02 01:43:00 - INFO - Tipo de taker_buy_quote_asset_volume: float64
2025-01-02 01:43:00 - INFO - Verificando tipo de la columna: ignore
2025-01-02 01:43:00 - INFO - Tipo de ignore: int64
2025-01-02 01:43:00 - INFO - Verificando tipo de la columna: RSI_14
2025-01-02 01:43:00 - INFO - Tipo de RSI_14: float64
2025-01-02 01:43:00 - INFO - Verificando tipo de la columna: MACD_12_26_9
2025-01-02 01:43:00 - INFO - Tipo de MACD_12_26_9: float64
2025-01-02 01:43:00 - INFO - Verificando tipo de la columna: MACDh_12_26_9
2025-01-02 01:43:00 - INFO - Tipo de MACDh_12_26_9: float64
2025-01-02 01:43:00 - INFO - Verificando tipo de la columna: MACDs_12_26_9
2025-01-02 01:43:00 - INFO - Tipo de MACDs_12_26_9: float64
2025-01-02 01:43:00 - INFO - Verificando tipo de la columna: SMA_10
2025-01-02 01:43:00 - INFO - Tipo de SMA_10: float64
2025-01-02 01:43:00 - INFO - Verificando tipo de la columna: SMA_50
2025-01-02 01:43:00 - INFO - Tipo de SMA_50: float64
2025-01-02 01:43:00 - INFO - Verificando tipo de la columna: EMA_10
2025-01-02 01:43:00 - INFO - Tipo de EMA_10: float64
2025-01-02 01:43:00 - INFO - Verificando tipo de la columna: EMA_50
2025-01-02 01:43:00 - INFO - Tipo de EMA_50: float64
2025-01-02 01:43:00 - INFO - Verificando tipo de la columna: VWAP_D
2025-01-02 01:43:00 - INFO - Tipo de VWAP_D: float64
2025-01-02 01:43:00 - INFO - Verificando tipo de la columna: OBV
2025-01-02 01:43:00 - INFO - Tipo de OBV: float64
2025-01-02 01:43:00 - INFO - Verificando tipo de la columna: BBL_20_2.0
2025-01-02 01:43:00 - INFO - Tipo de BBL_20_2.0: float64
2025-01-02 01:43:00 - INFO - Verificando tipo de la columna: BBM_20_2.0
2025-01-02 01:43:00 - INFO - Tipo de BBM_20_2.0: float64
2025-01-02 01:43:00 - INFO - Verificando tipo de la columna: BBU_20_2.0
2025-01-02 01:43:00 - INFO - Tipo de BBU_20_2.0: float64
2025-01-02 01:43:00 - INFO - Verificando tipo de la columna: BBB_20_2.0
2025-01-02 01:43:00 - INFO - Tipo de BBB_20_2.0: float64
2025-01-02 01:43:00 - INFO - Verificando tipo de la columna: BBP_20_2.0
2025-01-02 01:43:00 - INFO - Tipo de BBP_20_2.0: float64
2025-01-02 01:43:00 - INFO - Verificando tipo de la columna: ATRr_14
2025-01-02 01:43:00 - INFO - Tipo de ATRr_14: float64
2025-01-02 01:43:00 - INFO - Verificando tipo de la columna: STOCHk_14_3_3
2025-01-02 01:43:00 - INFO - Tipo de STOCHk_14_3_3: float64
2025-01-02 01:43:00 - INFO - Verificando tipo de la columna: STOCHd_14_3_3
2025-01-02 01:43:00 - INFO - Tipo de STOCHd_14_3_3: float64
2025-01-02 01:43:00 - INFO - Verificando tipo de la columna: CCI_14_0.015
2025-01-02 01:43:00 - INFO - Tipo de CCI_14_0.015: float64
2025-01-02 01:43:00 - INFO - No se han identificado características categóricas.
2025-01-02 01:43:00 - INFO - Tipo de y_train_sample: <class 'pandas.core.series.Series'>
2025-01-02 01:43:00 - INFO - Shape de y_train_sample: (44332,)
2025-01-02 01:43:00 - INFO - Fold 1:
2025-01-02 01:43:00 - INFO - Fold 1:
2025-01-02 01:43:00 - INFO - Tipo de X_train_balanced: <class 'pandas.core.frame.DataFrame'>
2025-01-02 01:43:00 - INFO - Tipo de X_train_balanced: <class 'pandas.core.frame.DataFrame'>
2025-01-02 01:43:00 - INFO - Shape de X_train_balanced: (9658, 30)
2025-01-02 01:43:00 - INFO - Shape de X_train_balanced: (9658, 30)
2025-01-02 01:43:00 - INFO - Tipo de y_train_balanced: <class 'pandas.core.series.Series'>
2025-01-02 01:43:00 - INFO - Tipo de y_train_balanced: <class 'pandas.core.series.Series'>
2025-01-02 01:43:00 - INFO - Shape de y_train_balanced: (9658,)
2025-01-02 01:43:00 - INFO - Shape de y_train_balanced: (9658,)
2025-01-02 01:43:02 - INFO - Fold 2:
2025-01-02 01:43:02 - INFO - Tipo de X_train_balanced: <class 'pandas.core.frame.DataFrame'>
2025-01-02 01:43:02 - INFO - Shape de X_train_balanced: (18276, 30)
2025-01-02 01:43:02 - INFO - Tipo de y_train_balanced: <class 'pandas.core.series.Series'>
2025-01-02 01:43:02 - INFO - Shape de y_train_balanced: (18276,)
2025-01-02 01:43:05 - INFO - Fold 3:
2025-01-02 01:43:05 - INFO - Tipo de X_train_balanced: <class 'pandas.core.frame.DataFrame'>
2025-01-02 01:43:05 - INFO - Shape de X_train_balanced: (27744, 30)
2025-01-02 01:43:05 - INFO - Tipo de y_train_balanced: <class 'pandas.core.series.Series'>
2025-01-02 01:43:05 - INFO - Shape de y_train_balanced: (27744,)
2025-01-02 01:43:06 - INFO - Fold 2:
2025-01-02 01:43:06 - INFO - Tipo de X_train_balanced: <class 'pandas.core.frame.DataFrame'>
2025-01-02 01:43:06 - INFO - Shape de X_train_balanced: (18276, 30)
2025-01-02 01:43:06 - INFO - Tipo de y_train_balanced: <class 'pandas.core.series.Series'>
2025-01-02 01:43:06 - INFO - Shape de y_train_balanced: (18276,)
2025-01-02 01:43:08 - INFO - Fold 4:
2025-01-02 01:43:08 - INFO - Tipo de X_train_balanced: <class 'pandas.core.frame.DataFrame'>
2025-01-02 01:43:08 - INFO - Shape de X_train_balanced: (39406, 30)
2025-01-02 01:43:08 - INFO - Tipo de y_train_balanced: <class 'pandas.core.series.Series'>
2025-01-02 01:43:08 - INFO - Shape de y_train_balanced: (39406,)
2025-01-02 01:43:12 - INFO - Fold 5:
2025-01-02 01:43:12 - INFO - Tipo de X_train_balanced: <class 'pandas.core.frame.DataFrame'>
2025-01-02 01:43:12 - INFO - Shape de X_train_balanced: (51504, 30)
2025-01-02 01:43:12 - INFO - Tipo de y_train_balanced: <class 'pandas.core.series.Series'>
2025-01-02 01:43:12 - INFO - Shape de y_train_balanced: (51504,)
2025-01-02 01:43:15 - INFO - Fold 3:
2025-01-02 01:43:15 - INFO - Tipo de X_train_balanced: <class 'pandas.core.frame.DataFrame'>
2025-01-02 01:43:15 - INFO - Shape de X_train_balanced: (27744, 30)
2025-01-02 01:43:15 - INFO - Tipo de y_train_balanced: <class 'pandas.core.series.Series'>
2025-01-02 01:43:15 - INFO - Shape de y_train_balanced: (27744,)
2025-01-02 01:43:16 - INFO - Fold 1:
2025-01-02 01:43:16 - INFO - Tipo de X_train_balanced: <class 'pandas.core.frame.DataFrame'>
2025-01-02 01:43:16 - INFO - Shape de X_train_balanced: (9658, 30)
2025-01-02 01:43:16 - INFO - Tipo de y_train_balanced: <class 'pandas.core.series.Series'>
2025-01-02 01:43:16 - INFO - Shape de y_train_balanced: (9658,)
2025-01-02 01:43:22 - INFO - Fold 2:
2025-01-02 01:43:22 - INFO - Tipo de X_train_balanced: <class 'pandas.core.frame.DataFrame'>
2025-01-02 01:43:22 - INFO - Shape de X_train_balanced: (18276, 30)
2025-01-02 01:43:22 - INFO - Tipo de y_train_balanced: <class 'pandas.core.series.Series'>
2025-01-02 01:43:22 - INFO - Shape de y_train_balanced: (18276,)
2025-01-02 01:43:25 - INFO - Fold 4:
2025-01-02 01:43:25 - INFO - Tipo de X_train_balanced: <class 'pandas.core.frame.DataFrame'>
2025-01-02 01:43:25 - INFO - Shape de X_train_balanced: (39406, 30)
2025-01-02 01:43:25 - INFO - Tipo de y_train_balanced: <class 'pandas.core.series.Series'>
2025-01-02 01:43:25 - INFO - Shape de y_train_balanced: (39406,)
2025-01-02 01:43:28 - INFO - Fold 3:
2025-01-02 01:43:28 - INFO - Tipo de X_train_balanced: <class 'pandas.core.frame.DataFrame'>
2025-01-02 01:43:28 - INFO - Shape de X_train_balanced: (27744, 30)
2025-01-02 01:43:28 - INFO - Tipo de y_train_balanced: <class 'pandas.core.series.Series'>
2025-01-02 01:43:28 - INFO - Shape de y_train_balanced: (27744,)
2025-01-02 01:43:35 - INFO - Fold 4:
2025-01-02 01:43:35 - INFO - Tipo de X_train_balanced: <class 'pandas.core.frame.DataFrame'>
2025-01-02 01:43:35 - INFO - Shape de X_train_balanced: (39406, 30)
2025-01-02 01:43:35 - INFO - Tipo de y_train_balanced: <class 'pandas.core.series.Series'>
2025-01-02 01:43:35 - INFO - Shape de y_train_balanced: (39406,)
2025-01-02 01:43:37 - INFO - Fold 5:
2025-01-02 01:43:37 - INFO - Tipo de X_train_balanced: <class 'pandas.core.frame.DataFrame'>
2025-01-02 01:43:37 - INFO - Shape de X_train_balanced: (51504, 30)
2025-01-02 01:43:37 - INFO - Tipo de y_train_balanced: <class 'pandas.core.series.Series'>
2025-01-02 01:43:37 - INFO - Shape de y_train_balanced: (51504,)
2025-01-02 01:43:45 - INFO - Fold 5:
2025-01-02 01:43:45 - INFO - Tipo de X_train_balanced: <class 'pandas.core.frame.DataFrame'>
2025-01-02 01:43:45 - INFO - Shape de X_train_balanced: (51504, 30)
2025-01-02 01:43:45 - INFO - Tipo de y_train_balanced: <class 'pandas.core.series.Series'>
2025-01-02 01:43:45 - INFO - Shape de y_train_balanced: (51504,)
2025-01-02 01:43:54 - INFO - Fold 1:
2025-01-02 01:43:54 - INFO - Tipo de X_train_balanced: <class 'pandas.core.frame.DataFrame'>
2025-01-02 01:43:54 - INFO - Shape de X_train_balanced: (9658, 30)
2025-01-02 01:43:54 - INFO - Tipo de y_train_balanced: <class 'pandas.core.series.Series'>
2025-01-02 01:43:54 - INFO - Shape de y_train_balanced: (9658,)
2025-01-02 01:43:56 - INFO - Fold 2:
2025-01-02 01:43:56 - INFO - Fold 1:
2025-01-02 01:43:56 - INFO - Tipo de X_train_balanced: <class 'pandas.core.frame.DataFrame'>
2025-01-02 01:43:56 - INFO - Tipo de X_train_balanced: <class 'pandas.core.frame.DataFrame'>
2025-01-02 01:43:56 - INFO - Shape de X_train_balanced: (18276, 30)
2025-01-02 01:43:56 - INFO - Shape de X_train_balanced: (9658, 30)
2025-01-02 01:43:56 - INFO - Tipo de y_train_balanced: <class 'pandas.core.series.Series'>
2025-01-02 01:43:56 - INFO - Tipo de y_train_balanced: <class 'pandas.core.series.Series'>
2025-01-02 01:43:56 - INFO - Shape de y_train_balanced: (18276,)
2025-01-02 01:43:56 - INFO - Shape de y_train_balanced: (9658,)
2025-01-02 01:43:57 - INFO - Fold 2:
2025-01-02 01:43:57 - INFO - Tipo de X_train_balanced: <class 'pandas.core.frame.DataFrame'>
2025-01-02 01:43:57 - INFO - Shape de X_train_balanced: (18276, 30)
2025-01-02 01:43:57 - INFO - Tipo de y_train_balanced: <class 'pandas.core.series.Series'>
2025-01-02 01:43:57 - INFO - Shape de y_train_balanced: (18276,)
2025-01-02 01:43:58 - INFO - Fold 3:
2025-01-02 01:43:58 - INFO - Tipo de X_train_balanced: <class 'pandas.core.frame.DataFrame'>
2025-01-02 01:43:58 - INFO - Shape de X_train_balanced: (27744, 30)
2025-01-02 01:43:58 - INFO - Tipo de y_train_balanced: <class 'pandas.core.series.Series'>
2025-01-02 01:43:58 - INFO - Shape de y_train_balanced: (27744,)
2025-01-02 01:43:58 - INFO - Fold 3:
2025-01-02 01:43:58 - INFO - Tipo de X_train_balanced: <class 'pandas.core.frame.DataFrame'>
2025-01-02 01:43:58 - INFO - Shape de X_train_balanced: (27744, 30)
2025-01-02 01:43:58 - INFO - Tipo de y_train_balanced: <class 'pandas.core.series.Series'>
2025-01-02 01:43:58 - INFO - Shape de y_train_balanced: (27744,)
2025-01-02 01:43:59 - INFO - Fold 4:
2025-01-02 01:43:59 - INFO - Tipo de X_train_balanced: <class 'pandas.core.frame.DataFrame'>
2025-01-02 01:43:59 - INFO - Shape de X_train_balanced: (39406, 30)
2025-01-02 01:43:59 - INFO - Tipo de y_train_balanced: <class 'pandas.core.series.Series'>
2025-01-02 01:43:59 - INFO - Shape de y_train_balanced: (39406,)
2025-01-02 01:44:01 - INFO - Fold 4:
2025-01-02 01:44:01 - INFO - Tipo de X_train_balanced: <class 'pandas.core.frame.DataFrame'>
2025-01-02 01:44:01 - INFO - Shape de X_train_balanced: (39406, 30)
2025-01-02 01:44:01 - INFO - Tipo de y_train_balanced: <class 'pandas.core.series.Series'>
2025-01-02 01:44:01 - INFO - Shape de y_train_balanced: (39406,)
2025-01-02 01:44:01 - INFO - Fold 5:
2025-01-02 01:44:01 - INFO - Tipo de X_train_balanced: <class 'pandas.core.frame.DataFrame'>
2025-01-02 01:44:01 - INFO - Shape de X_train_balanced: (51504, 30)
2025-01-02 01:44:01 - INFO - Tipo de y_train_balanced: <class 'pandas.core.series.Series'>
2025-01-02 01:44:01 - INFO - Shape de y_train_balanced: (51504,)
2025-01-02 01:44:02 - INFO - Fold 1:
2025-01-02 01:44:02 - INFO - Tipo de X_train_balanced: <class 'pandas.core.frame.DataFrame'>
2025-01-02 01:44:02 - INFO - Shape de X_train_balanced: (9658, 30)
2025-01-02 01:44:02 - INFO - Tipo de y_train_balanced: <class 'pandas.core.series.Series'>
2025-01-02 01:44:02 - INFO - Shape de y_train_balanced: (9658,)
2025-01-02 01:44:04 - INFO - Fold 2:
2025-01-02 01:44:04 - INFO - Tipo de X_train_balanced: <class 'pandas.core.frame.DataFrame'>
2025-01-02 01:44:04 - INFO - Shape de X_train_balanced: (18276, 30)
2025-01-02 01:44:04 - INFO - Tipo de y_train_balanced: <class 'pandas.core.series.Series'>
2025-01-02 01:44:04 - INFO - Shape de y_train_balanced: (18276,)
2025-01-02 01:44:04 - INFO - Fold 5:
2025-01-02 01:44:04 - INFO - Tipo de X_train_balanced: <class 'pandas.core.frame.DataFrame'>
2025-01-02 01:44:04 - INFO - Shape de X_train_balanced: (51504, 30)
2025-01-02 01:44:04 - INFO - Tipo de y_train_balanced: <class 'pandas.core.series.Series'>
2025-01-02 01:44:04 - INFO - Shape de y_train_balanced: (51504,)
2025-01-02 01:44:06 - INFO - Fold 3:
2025-01-02 01:44:06 - INFO - Tipo de X_train_balanced: <class 'pandas.core.frame.DataFrame'>
2025-01-02 01:44:06 - INFO - Shape de X_train_balanced: (27744, 30)
2025-01-02 01:44:06 - INFO - Tipo de y_train_balanced: <class 'pandas.core.series.Series'>
2025-01-02 01:44:06 - INFO - Shape de y_train_balanced: (27744,)
2025-01-02 01:44:07 - INFO - Fold 1:
2025-01-02 01:44:07 - INFO - Tipo de X_train_balanced: <class 'pandas.core.frame.DataFrame'>
2025-01-02 01:44:07 - INFO - Shape de X_train_balanced: (9658, 30)
2025-01-02 01:44:07 - INFO - Tipo de y_train_balanced: <class 'pandas.core.series.Series'>
2025-01-02 01:44:07 - INFO - Shape de y_train_balanced: (9658,)
2025-01-02 01:44:08 - INFO - Fold 4:
2025-01-02 01:44:08 - INFO - Tipo de X_train_balanced: <class 'pandas.core.frame.DataFrame'>
2025-01-02 01:44:08 - INFO - Shape de X_train_balanced: (39406, 30)
2025-01-02 01:44:08 - INFO - Tipo de y_train_balanced: <class 'pandas.core.series.Series'>
2025-01-02 01:44:08 - INFO - Shape de y_train_balanced: (39406,)
2025-01-02 01:44:10 - INFO - Fold 2:
2025-01-02 01:44:10 - INFO - Tipo de X_train_balanced: <class 'pandas.core.frame.DataFrame'>
2025-01-02 01:44:10 - INFO - Shape de X_train_balanced: (18276, 30)
2025-01-02 01:44:10 - INFO - Tipo de y_train_balanced: <class 'pandas.core.series.Series'>
2025-01-02 01:44:10 - INFO - Shape de y_train_balanced: (18276,)
2025-01-02 01:44:11 - INFO - Fold 5:
2025-01-02 01:44:11 - INFO - Tipo de X_train_balanced: <class 'pandas.core.frame.DataFrame'>
2025-01-02 01:44:11 - INFO - Shape de X_train_balanced: (51504, 30)
2025-01-02 01:44:11 - INFO - Tipo de y_train_balanced: <class 'pandas.core.series.Series'>
2025-01-02 01:44:11 - INFO - Shape de y_train_balanced: (51504,)
2025-01-02 01:44:12 - INFO - Fold 3:
2025-01-02 01:44:12 - INFO - Tipo de X_train_balanced: <class 'pandas.core.frame.DataFrame'>
2025-01-02 01:44:12 - INFO - Shape de X_train_balanced: (27744, 30)
2025-01-02 01:44:12 - INFO - Tipo de y_train_balanced: <class 'pandas.core.series.Series'>
2025-01-02 01:44:12 - INFO - Shape de y_train_balanced: (27744,)
2025-01-02 01:44:14 - INFO - Fold 1:
2025-01-02 01:44:14 - INFO - Tipo de X_train_balanced: <class 'pandas.core.frame.DataFrame'>
2025-01-02 01:44:14 - INFO - Shape de X_train_balanced: (9658, 30)
2025-01-02 01:44:14 - INFO - Tipo de y_train_balanced: <class 'pandas.core.series.Series'>
2025-01-02 01:44:14 - INFO - Shape de y_train_balanced: (9658,)
2025-01-02 01:44:16 - INFO - Fold 4:
2025-01-02 01:44:16 - INFO - Tipo de X_train_balanced: <class 'pandas.core.frame.DataFrame'>
2025-01-02 01:44:16 - INFO - Shape de X_train_balanced: (39406, 30)
2025-01-02 01:44:16 - INFO - Tipo de y_train_balanced: <class 'pandas.core.series.Series'>
2025-01-02 01:44:16 - INFO - Shape de y_train_balanced: (39406,)
2025-01-02 01:44:16 - INFO - Fold 2:
2025-01-02 01:44:16 - INFO - Tipo de X_train_balanced: <class 'pandas.core.frame.DataFrame'>
2025-01-02 01:44:16 - INFO - Shape de X_train_balanced: (18276, 30)
2025-01-02 01:44:16 - INFO - Tipo de y_train_balanced: <class 'pandas.core.series.Series'>
2025-01-02 01:44:16 - INFO - Shape de y_train_balanced: (18276,)
2025-01-02 01:44:20 - INFO - Fold 3:
2025-01-02 01:44:20 - INFO - Tipo de X_train_balanced: <class 'pandas.core.frame.DataFrame'>
2025-01-02 01:44:20 - INFO - Shape de X_train_balanced: (27744, 30)
2025-01-02 01:44:20 - INFO - Tipo de y_train_balanced: <class 'pandas.core.series.Series'>
2025-01-02 01:44:20 - INFO - Shape de y_train_balanced: (27744,)
2025-01-02 01:44:22 - INFO - Fold 5:
2025-01-02 01:44:22 - INFO - Tipo de X_train_balanced: <class 'pandas.core.frame.DataFrame'>
2025-01-02 01:44:22 - INFO - Shape de X_train_balanced: (51504, 30)
2025-01-02 01:44:22 - INFO - Tipo de y_train_balanced: <class 'pandas.core.series.Series'>
2025-01-02 01:44:22 - INFO - Shape de y_train_balanced: (51504,)
2025-01-02 01:44:26 - INFO - Fold 4:
2025-01-02 01:44:26 - INFO - Tipo de X_train_balanced: <class 'pandas.core.frame.DataFrame'>
2025-01-02 01:44:26 - INFO - Shape de X_train_balanced: (39406, 30)
2025-01-02 01:44:26 - INFO - Tipo de y_train_balanced: <class 'pandas.core.series.Series'>
2025-01-02 01:44:26 - INFO - Shape de y_train_balanced: (39406,)
2025-01-02 01:44:29 - INFO - Fold 1:
2025-01-02 01:44:29 - INFO - Tipo de X_train_balanced: <class 'pandas.core.frame.DataFrame'>
2025-01-02 01:44:29 - INFO - Shape de X_train_balanced: (9658, 30)
2025-01-02 01:44:29 - INFO - Tipo de y_train_balanced: <class 'pandas.core.series.Series'>
2025-01-02 01:44:29 - INFO - Shape de y_train_balanced: (9658,)
2025-01-02 01:44:31 - INFO - Fold 5:
2025-01-02 01:44:31 - INFO - Tipo de X_train_balanced: <class 'pandas.core.frame.DataFrame'>
2025-01-02 01:44:31 - INFO - Shape de X_train_balanced: (51504, 30)
2025-01-02 01:44:31 - INFO - Tipo de y_train_balanced: <class 'pandas.core.series.Series'>
2025-01-02 01:44:31 - INFO - Shape de y_train_balanced: (51504,)
2025-01-02 01:44:33 - INFO - Fold 2:
2025-01-02 01:44:33 - INFO - Tipo de X_train_balanced: <class 'pandas.core.frame.DataFrame'>
2025-01-02 01:44:33 - INFO - Shape de X_train_balanced: (18276, 30)
2025-01-02 01:44:33 - INFO - Tipo de y_train_balanced: <class 'pandas.core.series.Series'>
2025-01-02 01:44:33 - INFO - Shape de y_train_balanced: (18276,)
2025-01-02 01:44:35 - INFO - Fold 1:
2025-01-02 01:44:35 - INFO - Tipo de X_train_balanced: <class 'pandas.core.frame.DataFrame'>
2025-01-02 01:44:35 - INFO - Shape de X_train_balanced: (9658, 30)
2025-01-02 01:44:35 - INFO - Tipo de y_train_balanced: <class 'pandas.core.series.Series'>
2025-01-02 01:44:35 - INFO - Shape de y_train_balanced: (9658,)
2025-01-02 01:44:36 - INFO - Fold 3:
2025-01-02 01:44:36 - INFO - Tipo de X_train_balanced: <class 'pandas.core.frame.DataFrame'>
2025-01-02 01:44:36 - INFO - Shape de X_train_balanced: (27744, 30)
2025-01-02 01:44:36 - INFO - Tipo de y_train_balanced: <class 'pandas.core.series.Series'>
2025-01-02 01:44:36 - INFO - Shape de y_train_balanced: (27744,)
2025-01-02 01:44:36 - INFO - Fold 2:
2025-01-02 01:44:36 - INFO - Tipo de X_train_balanced: <class 'pandas.core.frame.DataFrame'>
2025-01-02 01:44:36 - INFO - Shape de X_train_balanced: (18276, 30)
2025-01-02 01:44:36 - INFO - Tipo de y_train_balanced: <class 'pandas.core.series.Series'>
2025-01-02 01:44:36 - INFO - Shape de y_train_balanced: (18276,)
2025-01-02 01:44:38 - INFO - Fold 3:
2025-01-02 01:44:38 - INFO - Tipo de X_train_balanced: <class 'pandas.core.frame.DataFrame'>
2025-01-02 01:44:38 - INFO - Shape de X_train_balanced: (27744, 30)
2025-01-02 01:44:38 - INFO - Tipo de y_train_balanced: <class 'pandas.core.series.Series'>
2025-01-02 01:44:38 - INFO - Shape de y_train_balanced: (27744,)
2025-01-02 01:44:40 - INFO - Fold 4:
2025-01-02 01:44:40 - INFO - Tipo de X_train_balanced: <class 'pandas.core.frame.DataFrame'>
2025-01-02 01:44:40 - INFO - Shape de X_train_balanced: (39406, 30)
2025-01-02 01:44:40 - INFO - Tipo de y_train_balanced: <class 'pandas.core.series.Series'>
2025-01-02 01:44:40 - INFO - Shape de y_train_balanced: (39406,)
2025-01-02 01:44:40 - INFO - Fold 4:
2025-01-02 01:44:40 - INFO - Tipo de X_train_balanced: <class 'pandas.core.frame.DataFrame'>
2025-01-02 01:44:40 - INFO - Shape de X_train_balanced: (39406, 30)
2025-01-02 01:44:40 - INFO - Tipo de y_train_balanced: <class 'pandas.core.series.Series'>
2025-01-02 01:44:40 - INFO - Shape de y_train_balanced: (39406,)
2025-01-02 01:44:43 - INFO - Fold 5:
2025-01-02 01:44:43 - INFO - Tipo de X_train_balanced: <class 'pandas.core.frame.DataFrame'>
2025-01-02 01:44:43 - INFO - Shape de X_train_balanced: (51504, 30)
2025-01-02 01:44:43 - INFO - Tipo de y_train_balanced: <class 'pandas.core.series.Series'>
2025-01-02 01:44:43 - INFO - Shape de y_train_balanced: (51504,)
2025-01-02 01:44:44 - INFO - Fold 5:
2025-01-02 01:44:44 - INFO - Tipo de X_train_balanced: <class 'pandas.core.frame.DataFrame'>
2025-01-02 01:44:44 - INFO - Shape de X_train_balanced: (51504, 30)
2025-01-02 01:44:44 - INFO - Tipo de y_train_balanced: <class 'pandas.core.series.Series'>
2025-01-02 01:44:44 - INFO - Shape de y_train_balanced: (51504,)
2025-01-02 01:44:47 - INFO - Mejor valor de F1: 0.3940
2025-01-02 01:44:47 - INFO - Mejores parámetros: {'max_depth': 4, 'learning_rate': 0.004109142115678937, 'n_estimators': 331, 'subsample': 0.5283374107201302, 'colsample_bytree': 0.745961170320625, 'gamma': 0.0005085489278582579, 'reg_alpha': 0.0023417616433214633, 'reg_lambda': 0.0025600610068312554}
2025-01-02 01:44:47 - INFO - === Entrenando Pipeline Final con TODO el training ===
2025-01-02 01:44:48 - INFO - Tipo de y_train_full: <class 'pandas.core.series.Series'>
2025-01-02 01:44:48 - INFO - Shape de y_train_full: (201512,)
2025-01-02 01:44:54 - INFO - Balance de clases aplicado mediante SMOTE.
2025-01-02 01:44:54 - INFO - Tipo de X_train_full balanceado: <class 'pandas.core.frame.DataFrame'>
2025-01-02 01:44:54 - INFO - Shape de X_train_full balanceado: (314112, 30)
2025-01-02 01:44:54 - INFO - Tipo de y_train_full balanceado: <class 'pandas.core.series.Series'>
2025-01-02 01:44:54 - INFO - Shape de y_train_full balanceado: (314112,)
2025-01-02 01:45:03 - INFO - Pipeline final entrenado con todos los datos de entrenamiento (binario).
2025-01-02 01:45:03 - INFO - Modelo guardado en: /Users/oscarr/Desarrollo/Python0/ApiBinance/results/XGBoost_Binario_trained_pipeline.joblib
2025-01-02 01:45:03 - INFO - Parámetros guardados en: /Users/oscarr/Desarrollo/Python0/ApiBinance/results/XGBoost_Binario_model_params.txt
2025-01-02 01:45:03 - INFO - Lista de features guardada en: /Users/oscarr/Desarrollo/Python0/ApiBinance/results/XGBoost_Binario_feature_cols.txt
2025-01-02 01:45:03 - INFO - Indicadores técnicos agregados al DataFrame.
2025-01-02 01:45:03 - INFO - Target binario con look_ahead=8, min_change=0.005
2025-01-02 01:45:03 - INFO - Distribución de clases (0/1):
target
0    43087
1     7234
Name: count, dtype: int64
2025-01-02 01:45:03 - INFO - Tipo de y_test_final: <class 'pandas.core.series.Series'>
2025-01-02 01:45:03 - INFO - Shape de y_test_final: (50321,)
2025-01-02 01:45:03 - INFO - === Evaluación en Test ===
2025-01-02 01:45:03 - INFO - Matriz de confusión [1,0]:
[[ 2206  5028]
 [ 6159 36928]]
2025-01-02 01:45:03 - INFO - Reporte de Clasificación:
              precision    recall  f1-score   support

           1       0.26      0.30      0.28      7234
           0       0.88      0.86      0.87     43087

    accuracy                           0.78     50321
   macro avg       0.57      0.58      0.58     50321
weighted avg       0.79      0.78      0.78     50321

2025-01-02 01:45:03 - INFO - F1-score: 0.2828
2025-01-02 01:45:03 - INFO - Precisión: 0.2637
2025-01-02 01:45:03 - INFO - Recall: 0.3049
2025-01-02 01:45:03 - INFO - AUC Score: 0.6642
2025-01-02 01:45:05 - INFO - F1 final en Test (Binario): 0.2828
2025-01-02 01:45:05 - INFO - === Analizando importancia de características ===
2025-01-02 01:45:05 - INFO - Tabla de importancia de características guardada en /Users/oscarr/Desarrollo/Python0/ApiBinance/results/feature_importances_binario.csv.
2025-01-02 01:45:06 - INFO - Gráfico de importancia de características guardado.
2025-01-02 01:45:06 - INFO - === Ejecutando Backtest sin Costos de Transacción ===
2025-01-02 01:45:06 - INFO - [Backtest sin Costos] Retorno final: -37.95%
2025-01-02 01:45:06 - INFO - [Backtest sin Costos] Sharpe ratio: -0.145
2025-01-02 01:45:06 - INFO - === Proceso Completado con Éxito ===
