2024-12-30 21:27:32 - INFO - Datos cargados desde /Users/oscarr/Desarrollo/Python0/ApiBinance/ML/data/processed/BTCUSDT_15m_processed.csv, filas: 245845
2024-12-30 21:27:38 - INFO - Target con look_ahead=3, lower=24, upper=78, min_change=0.0078
2024-12-30 21:27:38 - INFO - Umbral inferior=-0.002373, superior=0.002854
2024-12-30 21:27:38 - INFO - Distribución de clases:
target
0    212582
2     16820
1     16440
Name: count, dtype: int64
2024-12-30 21:27:38 - INFO - División de datos en train y test completada.
2024-12-30 21:27:38 - INFO - === Buscando hiperparámetros (Optuna) en una muestra del training ===
2024-12-30 21:27:41 - INFO - Target con look_ahead=3, lower=24, upper=78, min_change=0.0078
2024-12-30 21:27:41 - INFO - Target con look_ahead=3, lower=24, upper=78, min_change=0.0078
2024-12-30 21:27:41 - INFO - Target con look_ahead=3, lower=24, upper=78, min_change=0.0078
2024-12-30 21:27:41 - INFO - Umbral inferior=-0.607703, superior=1.774990
2024-12-30 21:27:41 - INFO - Umbral inferior=-0.607703, superior=1.774990
2024-12-30 21:27:41 - INFO - Umbral inferior=-0.607703, superior=1.774990
2024-12-30 21:27:41 - INFO - Distribución de clases:
target
0    28672
1    12744
2    11682
Name: count, dtype: int64
2024-12-30 21:27:41 - INFO - Distribución de clases:
target
0    28672
1    12744
2    11682
Name: count, dtype: int64
2024-12-30 21:27:41 - INFO - Distribución de clases:
target
0    28672
1    12744
2    11682
Name: count, dtype: int64
2024-12-30 21:27:41 - ERROR - Error preparando pipeline Optuna: "['SMA_19', 'STDDEV_19', 'min_19', 'max_19', 'SMA_60', 'STDDEV_60', 'min_60', 'max_60', 'SMA_65', 'STDDEV_65', 'min_65', 'max_65'] not in index"
2024-12-30 21:27:41 - ERROR - Error preparando pipeline Optuna: "['SMA_19', 'STDDEV_19', 'min_19', 'max_19', 'SMA_60', 'STDDEV_60', 'min_60', 'max_60', 'SMA_65', 'STDDEV_65', 'min_65', 'max_65'] not in index"
2024-12-30 21:27:41 - ERROR - Error preparando pipeline Optuna: "['SMA_19', 'STDDEV_19', 'min_19', 'max_19', 'SMA_60', 'STDDEV_60', 'min_60', 'max_60', 'SMA_65', 'STDDEV_65', 'min_65', 'max_65'] not in index"
2024-12-30 21:27:43 - INFO - Target con look_ahead=3, lower=24, upper=78, min_change=0.0078
2024-12-30 21:27:43 - INFO - Umbral inferior=-0.607703, superior=1.774990
2024-12-30 21:27:43 - INFO - Distribución de clases:
target
0    28672
1    12744
2    11682
Name: count, dtype: int64
2024-12-30 21:27:43 - ERROR - Error preparando pipeline Optuna: "['SMA_19', 'STDDEV_19', 'min_19', 'max_19', 'SMA_60', 'STDDEV_60', 'min_60', 'max_60', 'SMA_65', 'STDDEV_65', 'min_65', 'max_65'] not in index"
2024-12-30 21:27:43 - INFO - Target con look_ahead=3, lower=24, upper=78, min_change=0.0078
2024-12-30 21:27:43 - INFO - Umbral inferior=-0.607703, superior=1.774990
2024-12-30 21:27:43 - INFO - Target con look_ahead=3, lower=24, upper=78, min_change=0.0078
2024-12-30 21:27:43 - INFO - Distribución de clases:
target
0    28672
1    12744
2    11682
Name: count, dtype: int64
2024-12-30 21:27:43 - INFO - Umbral inferior=-0.607703, superior=1.774990
2024-12-30 21:27:43 - ERROR - Error preparando pipeline Optuna: "['SMA_19', 'STDDEV_19', 'min_19', 'max_19', 'SMA_60', 'STDDEV_60', 'min_60', 'max_60', 'SMA_65', 'STDDEV_65', 'min_65', 'max_65'] not in index"
2024-12-30 21:27:43 - INFO - Distribución de clases:
target
0    28672
1    12744
2    11682
Name: count, dtype: int64
2024-12-30 21:27:43 - ERROR - Error preparando pipeline Optuna: "['SMA_19', 'STDDEV_19', 'min_19', 'max_19', 'SMA_60', 'STDDEV_60', 'min_60', 'max_60', 'SMA_65', 'STDDEV_65', 'min_65', 'max_65'] not in index"
2024-12-30 21:27:46 - INFO - Target con look_ahead=3, lower=24, upper=78, min_change=0.0078
2024-12-30 21:27:46 - INFO - Umbral inferior=-0.607703, superior=1.774990
2024-12-30 21:27:46 - INFO - Distribución de clases:
target
0    28672
1    12744
2    11682
Name: count, dtype: int64
2024-12-30 21:27:46 - ERROR - Error preparando pipeline Optuna: "['SMA_19', 'STDDEV_19', 'min_19', 'max_19', 'SMA_60', 'STDDEV_60', 'min_60', 'max_60', 'SMA_65', 'STDDEV_65', 'min_65', 'max_65'] not in index"
2024-12-30 21:27:46 - INFO - Target con look_ahead=3, lower=24, upper=78, min_change=0.0078
2024-12-30 21:27:46 - INFO - Umbral inferior=-0.607703, superior=1.774990
2024-12-30 21:27:46 - INFO - Distribución de clases:
target
0    28672
1    12744
2    11682
Name: count, dtype: int64
2024-12-30 21:27:46 - ERROR - Error preparando pipeline Optuna: "['SMA_19', 'STDDEV_19', 'min_19', 'max_19', 'SMA_60', 'STDDEV_60', 'min_60', 'max_60', 'SMA_65', 'STDDEV_65', 'min_65', 'max_65'] not in index"
2024-12-30 21:27:46 - INFO - Target con look_ahead=3, lower=24, upper=78, min_change=0.0078
2024-12-30 21:27:46 - INFO - Umbral inferior=-0.607703, superior=1.774990
2024-12-30 21:27:46 - INFO - Distribución de clases:
target
0    28672
1    12744
2    11682
Name: count, dtype: int64
2024-12-30 21:27:46 - ERROR - Error preparando pipeline Optuna: "['SMA_19', 'STDDEV_19', 'min_19', 'max_19', 'SMA_60', 'STDDEV_60', 'min_60', 'max_60', 'SMA_65', 'STDDEV_65', 'min_65', 'max_65'] not in index"
2024-12-30 21:27:48 - INFO - Target con look_ahead=3, lower=24, upper=78, min_change=0.0078
2024-12-30 21:27:48 - INFO - Umbral inferior=-0.607703, superior=1.774990
2024-12-30 21:27:48 - INFO - Distribución de clases:
target
0    28672
1    12744
2    11682
Name: count, dtype: int64
2024-12-30 21:27:48 - ERROR - Error preparando pipeline Optuna: "['SMA_19', 'STDDEV_19', 'min_19', 'max_19', 'SMA_60', 'STDDEV_60', 'min_60', 'max_60', 'SMA_65', 'STDDEV_65', 'min_65', 'max_65'] not in index"
2024-12-30 21:27:48 - INFO - Target con look_ahead=3, lower=24, upper=78, min_change=0.0078
2024-12-30 21:27:48 - INFO - Target con look_ahead=3, lower=24, upper=78, min_change=0.0078
2024-12-30 21:27:48 - INFO - Umbral inferior=-0.607703, superior=1.774990
2024-12-30 21:27:48 - INFO - Umbral inferior=-0.607703, superior=1.774990
2024-12-30 21:27:48 - INFO - Distribución de clases:
target
0    28672
1    12744
2    11682
Name: count, dtype: int64
2024-12-30 21:27:48 - INFO - Distribución de clases:
target
0    28672
1    12744
2    11682
Name: count, dtype: int64
2024-12-30 21:27:48 - ERROR - Error preparando pipeline Optuna: "['SMA_19', 'STDDEV_19', 'min_19', 'max_19', 'SMA_60', 'STDDEV_60', 'min_60', 'max_60', 'SMA_65', 'STDDEV_65', 'min_65', 'max_65'] not in index"
2024-12-30 21:27:48 - ERROR - Error preparando pipeline Optuna: "['SMA_19', 'STDDEV_19', 'min_19', 'max_19', 'SMA_60', 'STDDEV_60', 'min_60', 'max_60', 'SMA_65', 'STDDEV_65', 'min_65', 'max_65'] not in index"
2024-12-30 21:27:50 - INFO - Target con look_ahead=3, lower=24, upper=78, min_change=0.0078
2024-12-30 21:27:50 - INFO - Umbral inferior=-0.607703, superior=1.774990
2024-12-30 21:27:50 - INFO - Distribución de clases:
target
0    28672
1    12744
2    11682
Name: count, dtype: int64
2024-12-30 21:27:50 - ERROR - Error preparando pipeline Optuna: "['SMA_19', 'STDDEV_19', 'min_19', 'max_19', 'SMA_60', 'STDDEV_60', 'min_60', 'max_60', 'SMA_65', 'STDDEV_65', 'min_65', 'max_65'] not in index"
2024-12-30 21:27:50 - INFO - Target con look_ahead=3, lower=24, upper=78, min_change=0.0078
2024-12-30 21:27:50 - INFO - Umbral inferior=-0.607703, superior=1.774990
2024-12-30 21:27:50 - INFO - Distribución de clases:
target
0    28672
1    12744
2    11682
Name: count, dtype: int64
2024-12-30 21:27:50 - ERROR - Error preparando pipeline Optuna: "['SMA_19', 'STDDEV_19', 'min_19', 'max_19', 'SMA_60', 'STDDEV_60', 'min_60', 'max_60', 'SMA_65', 'STDDEV_65', 'min_65', 'max_65'] not in index"
2024-12-30 21:27:50 - INFO - Target con look_ahead=3, lower=24, upper=78, min_change=0.0078
2024-12-30 21:27:51 - INFO - Umbral inferior=-0.607703, superior=1.774990
2024-12-30 21:27:51 - INFO - Distribución de clases:
target
0    28672
1    12744
2    11682
Name: count, dtype: int64
2024-12-30 21:27:51 - ERROR - Error preparando pipeline Optuna: "['SMA_19', 'STDDEV_19', 'min_19', 'max_19', 'SMA_60', 'STDDEV_60', 'min_60', 'max_60', 'SMA_65', 'STDDEV_65', 'min_65', 'max_65'] not in index"
2024-12-30 21:27:53 - INFO - Target con look_ahead=3, lower=24, upper=78, min_change=0.0078
2024-12-30 21:27:53 - INFO - Umbral inferior=-0.607703, superior=1.774990
2024-12-30 21:27:53 - INFO - Distribución de clases:
target
0    28672
1    12744
2    11682
Name: count, dtype: int64
2024-12-30 21:27:53 - ERROR - Error preparando pipeline Optuna: "['SMA_19', 'STDDEV_19', 'min_19', 'max_19', 'SMA_60', 'STDDEV_60', 'min_60', 'max_60', 'SMA_65', 'STDDEV_65', 'min_65', 'max_65'] not in index"
2024-12-30 21:27:53 - INFO - Target con look_ahead=3, lower=24, upper=78, min_change=0.0078
2024-12-30 21:27:53 - INFO - Umbral inferior=-0.607703, superior=1.774990
2024-12-30 21:27:53 - INFO - Distribución de clases:
target
0    28672
1    12744
2    11682
Name: count, dtype: int64
2024-12-30 21:27:53 - ERROR - Error preparando pipeline Optuna: "['SMA_19', 'STDDEV_19', 'min_19', 'max_19', 'SMA_60', 'STDDEV_60', 'min_60', 'max_60', 'SMA_65', 'STDDEV_65', 'min_65', 'max_65'] not in index"
2024-12-30 21:27:53 - INFO - Target con look_ahead=3, lower=24, upper=78, min_change=0.0078
2024-12-30 21:27:53 - INFO - Umbral inferior=-0.607703, superior=1.774990
2024-12-30 21:27:53 - INFO - Distribución de clases:
target
0    28672
1    12744
2    11682
Name: count, dtype: int64
2024-12-30 21:27:53 - ERROR - Error preparando pipeline Optuna: "['SMA_19', 'STDDEV_19', 'min_19', 'max_19', 'SMA_60', 'STDDEV_60', 'min_60', 'max_60', 'SMA_65', 'STDDEV_65', 'min_65', 'max_65'] not in index"
2024-12-30 21:27:55 - INFO - Target con look_ahead=3, lower=24, upper=78, min_change=0.0078
2024-12-30 21:27:55 - INFO - Umbral inferior=-0.607703, superior=1.774990
2024-12-30 21:27:55 - INFO - Distribución de clases:
target
0    28672
1    12744
2    11682
Name: count, dtype: int64
2024-12-30 21:27:55 - ERROR - Error preparando pipeline Optuna: "['SMA_19', 'STDDEV_19', 'min_19', 'max_19', 'SMA_60', 'STDDEV_60', 'min_60', 'max_60', 'SMA_65', 'STDDEV_65', 'min_65', 'max_65'] not in index"
2024-12-30 21:27:55 - INFO - Target con look_ahead=3, lower=24, upper=78, min_change=0.0078
2024-12-30 21:27:55 - INFO - Umbral inferior=-0.607703, superior=1.774990
2024-12-30 21:27:55 - INFO - Distribución de clases:
target
0    28672
1    12744
2    11682
Name: count, dtype: int64
2024-12-30 21:27:55 - ERROR - Error preparando pipeline Optuna: "['SMA_19', 'STDDEV_19', 'min_19', 'max_19', 'SMA_60', 'STDDEV_60', 'min_60', 'max_60', 'SMA_65', 'STDDEV_65', 'min_65', 'max_65'] not in index"
2024-12-30 21:27:55 - INFO - Target con look_ahead=3, lower=24, upper=78, min_change=0.0078
2024-12-30 21:27:55 - INFO - Umbral inferior=-0.607703, superior=1.774990
2024-12-30 21:27:55 - INFO - Distribución de clases:
target
0    28672
1    12744
2    11682
Name: count, dtype: int64
2024-12-30 21:27:55 - ERROR - Error preparando pipeline Optuna: "['SMA_19', 'STDDEV_19', 'min_19', 'max_19', 'SMA_60', 'STDDEV_60', 'min_60', 'max_60', 'SMA_65', 'STDDEV_65', 'min_65', 'max_65'] not in index"
2024-12-30 21:27:57 - INFO - Target con look_ahead=3, lower=24, upper=78, min_change=0.0078
2024-12-30 21:27:57 - INFO - Umbral inferior=-0.607703, superior=1.774990
2024-12-30 21:27:57 - INFO - Distribución de clases:
target
0    28672
1    12744
2    11682
Name: count, dtype: int64
2024-12-30 21:27:57 - ERROR - Error preparando pipeline Optuna: "['SMA_19', 'STDDEV_19', 'min_19', 'max_19', 'SMA_60', 'STDDEV_60', 'min_60', 'max_60', 'SMA_65', 'STDDEV_65', 'min_65', 'max_65'] not in index"
2024-12-30 21:27:57 - INFO - Target con look_ahead=3, lower=24, upper=78, min_change=0.0078
2024-12-30 21:27:57 - INFO - Umbral inferior=-0.607703, superior=1.774990
2024-12-30 21:27:57 - INFO - Distribución de clases:
target
0    28672
1    12744
2    11682
Name: count, dtype: int64
2024-12-30 21:27:57 - ERROR - Error preparando pipeline Optuna: "['SMA_19', 'STDDEV_19', 'min_19', 'max_19', 'SMA_60', 'STDDEV_60', 'min_60', 'max_60', 'SMA_65', 'STDDEV_65', 'min_65', 'max_65'] not in index"
2024-12-30 21:27:58 - INFO - Target con look_ahead=3, lower=24, upper=78, min_change=0.0078
2024-12-30 21:27:58 - INFO - Umbral inferior=-0.607703, superior=1.774990
2024-12-30 21:27:58 - INFO - Distribución de clases:
target
0    28672
1    12744
2    11682
Name: count, dtype: int64
2024-12-30 21:27:58 - ERROR - Error preparando pipeline Optuna: "['SMA_19', 'STDDEV_19', 'min_19', 'max_19', 'SMA_60', 'STDDEV_60', 'min_60', 'max_60', 'SMA_65', 'STDDEV_65', 'min_65', 'max_65'] not in index"
2024-12-30 21:28:00 - INFO - Target con look_ahead=3, lower=24, upper=78, min_change=0.0078
2024-12-30 21:28:00 - INFO - Umbral inferior=-0.607703, superior=1.774990
2024-12-30 21:28:00 - INFO - Distribución de clases:
target
0    28672
1    12744
2    11682
Name: count, dtype: int64
2024-12-30 21:28:00 - ERROR - Error preparando pipeline Optuna: "['SMA_19', 'STDDEV_19', 'min_19', 'max_19', 'SMA_60', 'STDDEV_60', 'min_60', 'max_60', 'SMA_65', 'STDDEV_65', 'min_65', 'max_65'] not in index"
2024-12-30 21:28:00 - INFO - Target con look_ahead=3, lower=24, upper=78, min_change=0.0078
2024-12-30 21:28:00 - INFO - Umbral inferior=-0.607703, superior=1.774990
2024-12-30 21:28:00 - INFO - Distribución de clases:
target
0    28672
1    12744
2    11682
Name: count, dtype: int64
2024-12-30 21:28:00 - ERROR - Error preparando pipeline Optuna: "['SMA_19', 'STDDEV_19', 'min_19', 'max_19', 'SMA_60', 'STDDEV_60', 'min_60', 'max_60', 'SMA_65', 'STDDEV_65', 'min_65', 'max_65'] not in index"
2024-12-30 21:28:00 - INFO - Target con look_ahead=3, lower=24, upper=78, min_change=0.0078
2024-12-30 21:28:00 - INFO - Umbral inferior=-0.607703, superior=1.774990
2024-12-30 21:28:00 - INFO - Distribución de clases:
target
0    28672
1    12744
2    11682
Name: count, dtype: int64
2024-12-30 21:28:00 - ERROR - Error preparando pipeline Optuna: "['SMA_19', 'STDDEV_19', 'min_19', 'max_19', 'SMA_60', 'STDDEV_60', 'min_60', 'max_60', 'SMA_65', 'STDDEV_65', 'min_65', 'max_65'] not in index"
2024-12-30 21:28:02 - INFO - Target con look_ahead=3, lower=24, upper=78, min_change=0.0078
2024-12-30 21:28:02 - INFO - Umbral inferior=-0.607703, superior=1.774990
2024-12-30 21:28:02 - INFO - Distribución de clases:
target
0    28672
1    12744
2    11682
Name: count, dtype: int64
2024-12-30 21:28:02 - ERROR - Error preparando pipeline Optuna: "['SMA_19', 'STDDEV_19', 'min_19', 'max_19', 'SMA_60', 'STDDEV_60', 'min_60', 'max_60', 'SMA_65', 'STDDEV_65', 'min_65', 'max_65'] not in index"
2024-12-30 21:28:02 - INFO - Target con look_ahead=3, lower=24, upper=78, min_change=0.0078
2024-12-30 21:28:02 - INFO - Umbral inferior=-0.607703, superior=1.774990
2024-12-30 21:28:02 - INFO - Distribución de clases:
target
0    28672
1    12744
2    11682
Name: count, dtype: int64
2024-12-30 21:28:02 - ERROR - Error preparando pipeline Optuna: "['SMA_19', 'STDDEV_19', 'min_19', 'max_19', 'SMA_60', 'STDDEV_60', 'min_60', 'max_60', 'SMA_65', 'STDDEV_65', 'min_65', 'max_65'] not in index"
2024-12-30 21:28:03 - INFO - Target con look_ahead=3, lower=24, upper=78, min_change=0.0078
2024-12-30 21:28:03 - INFO - Umbral inferior=-0.607703, superior=1.774990
2024-12-30 21:28:03 - INFO - Distribución de clases:
target
0    28672
1    12744
2    11682
Name: count, dtype: int64
2024-12-30 21:28:03 - ERROR - Error preparando pipeline Optuna: "['SMA_19', 'STDDEV_19', 'min_19', 'max_19', 'SMA_60', 'STDDEV_60', 'min_60', 'max_60', 'SMA_65', 'STDDEV_65', 'min_65', 'max_65'] not in index"
2024-12-30 21:28:05 - INFO - Target con look_ahead=3, lower=24, upper=78, min_change=0.0078
2024-12-30 21:28:05 - INFO - Umbral inferior=-0.607703, superior=1.774990
2024-12-30 21:28:05 - INFO - Target con look_ahead=3, lower=24, upper=78, min_change=0.0078
2024-12-30 21:28:05 - INFO - Distribución de clases:
target
0    28672
1    12744
2    11682
Name: count, dtype: int64
2024-12-30 21:28:05 - INFO - Umbral inferior=-0.607703, superior=1.774990
2024-12-30 21:28:05 - ERROR - Error preparando pipeline Optuna: "['SMA_19', 'STDDEV_19', 'min_19', 'max_19', 'SMA_60', 'STDDEV_60', 'min_60', 'max_60', 'SMA_65', 'STDDEV_65', 'min_65', 'max_65'] not in index"
2024-12-30 21:28:05 - INFO - Distribución de clases:
target
0    28672
1    12744
2    11682
Name: count, dtype: int64
2024-12-30 21:28:05 - ERROR - Error preparando pipeline Optuna: "['SMA_19', 'STDDEV_19', 'min_19', 'max_19', 'SMA_60', 'STDDEV_60', 'min_60', 'max_60', 'SMA_65', 'STDDEV_65', 'min_65', 'max_65'] not in index"
2024-12-30 21:28:06 - INFO - Target con look_ahead=3, lower=24, upper=78, min_change=0.0078
2024-12-30 21:28:06 - INFO - Umbral inferior=-0.607703, superior=1.774990
2024-12-30 21:28:06 - INFO - Distribución de clases:
target
0    28672
1    12744
2    11682
Name: count, dtype: int64
2024-12-30 21:28:06 - ERROR - Error preparando pipeline Optuna: "['SMA_19', 'STDDEV_19', 'min_19', 'max_19', 'SMA_60', 'STDDEV_60', 'min_60', 'max_60', 'SMA_65', 'STDDEV_65', 'min_65', 'max_65'] not in index"
2024-12-30 21:28:07 - INFO - Target con look_ahead=3, lower=24, upper=78, min_change=0.0078
2024-12-30 21:28:07 - INFO - Umbral inferior=-0.607703, superior=1.774990
2024-12-30 21:28:07 - INFO - Distribución de clases:
target
0    28672
1    12744
2    11682
Name: count, dtype: int64
2024-12-30 21:28:07 - ERROR - Error preparando pipeline Optuna: "['SMA_19', 'STDDEV_19', 'min_19', 'max_19', 'SMA_60', 'STDDEV_60', 'min_60', 'max_60', 'SMA_65', 'STDDEV_65', 'min_65', 'max_65'] not in index"
2024-12-30 21:28:07 - INFO - Target con look_ahead=3, lower=24, upper=78, min_change=0.0078
2024-12-30 21:28:07 - INFO - Umbral inferior=-0.607703, superior=1.774990
2024-12-30 21:28:07 - INFO - Distribución de clases:
target
0    28672
1    12744
2    11682
Name: count, dtype: int64
2024-12-30 21:28:07 - ERROR - Error preparando pipeline Optuna: "['SMA_19', 'STDDEV_19', 'min_19', 'max_19', 'SMA_60', 'STDDEV_60', 'min_60', 'max_60', 'SMA_65', 'STDDEV_65', 'min_65', 'max_65'] not in index"
2024-12-30 21:28:07 - INFO - Mejores parámetros encontrados (SAMPLE): {'model__max_depth': 6, 'model__learning_rate': 0.041571462119771856, 'model__n_estimators': 203, 'model__subsample': 0.8567846663093419, 'model__colsample_bytree': 0.7302985808094604, 'model__gamma': 0.0308539239565726, 'model__reg_alpha': 4.181736628344201e-05, 'model__reg_lambda': 0.0001669861405753385}
2024-12-30 21:28:07 - INFO - === Entrenando Pipeline Final con TODO el training ===
2024-12-30 21:28:10 - INFO - Target con look_ahead=3, lower=24, upper=78, min_change=0.0078
2024-12-30 21:28:10 - INFO - Umbral inferior=-0.602739, superior=1.763937
2024-12-30 21:28:10 - INFO - Distribución de clases:
target
0    79650
1    35401
2    32451
Name: count, dtype: int64
2024-12-30 21:28:10 - ERROR - Error al entrenar el pipeline final: "['SMA_19', 'STDDEV_19', 'min_19', 'max_19', 'SMA_60', 'STDDEV_60', 'min_60', 'max_60', 'SMA_65', 'STDDEV_65', 'min_65', 'max_65'] not in index"
