2025-01-21 00:39:56 - INFO - Datos cargados desde ML/data/processed/BTCUSDT_15m_processed.csv, filas: 257756
2025-01-21 00:39:56 - INFO - Columnas de indicadores existentes eliminadas: ['RSI', 'MACD', 'MACDs', 'MACDh', 'OBV', 'BBL', 'BBM', 'BBU', 'SMA_10', 'SMA_50', 'EMA_10', 'EMA_50']
2025-01-21 00:39:57 - INFO - Indicadores técnicos agregados. Filas antes: 257756, después: 257557 (descartadas: 199)
2025-01-21 00:39:57 - INFO - Columnas renombradas: {'RSI_14': 'RSI', 'MACD_12_26_9': 'MACD', 'MACDs_12_26_9': 'MACDs', 'MACDh_12_26_9': 'MACDh', 'BBL_20_2.0': 'BBL', 'BBM_20_2.0': 'BBM', 'BBU_20_2.0': 'BBU', 'STOCHk_14_3_3': 'STOCHk', 'STOCHd_14_3_3': 'STOCHd', 'CCI_14_0.015': 'CCI', 'SMA_10': 'SMA_10', 'SMA_50': 'SMA_50', 'SMA_200': 'SMA_200', 'EMA_10': 'EMA_10', 'EMA_50': 'EMA_50'}
2025-01-21 00:39:57 - INFO - Target binario con look_ahead=3, min_change=0.031
2025-01-21 00:39:57 - INFO - Distribución de clases (0=Vender, 1=Comprar):
target
0.0    986
1.0    871
Name: count, dtype: int64
2025-01-21 00:39:57 - INFO - Muestra de datos con target:
                        close  future_close  change_pct  target
open_time                                                      
2017-12-28 10:00:00  14086.06      13242.71   -0.059871     0.0
2017-12-22 20:00:00  13250.00      14086.95    0.063166     1.0
2018-01-11 03:30:00  13028.01      11952.20   -0.082577     0.0
2017-12-30 19:45:00  13040.00      12590.00   -0.034509     0.0
2017-09-15 05:45:00   3300.00       3111.01   -0.057270     0.0
2021-05-28 11:45:00  35351.65      36553.20    0.033989     1.0
2018-01-12 03:00:00  13362.70      13850.00    0.036467     1.0
2018-02-02 16:00:00   8885.00       9180.00    0.033202     1.0
2020-03-18 13:00:00   5074.28       5340.82    0.052528     1.0
2017-09-15 10:15:00   2998.97       2900.02   -0.032995     0.0
2025-01-21 00:39:57 - INFO - División de datos en Train/Test completada.
2025-01-21 00:39:57 - INFO - === Búsqueda de hiperparámetros (Optuna) en muestra de Training ===
2025-01-21 00:39:57 - INFO - No se han identificado características categóricas.
2025-01-21 00:39:57 - INFO - Columnas extra eliminadas: ['future_close', 'change_pct']
2025-01-21 00:39:57 - INFO - Dataset preparado: 1086 filas, 21 features (después de imputación).
2025-01-21 00:39:57 - INFO - Iniciando optimización en Optuna (precisión clase=1)...
2025-01-21 00:39:57 - INFO - Balance de clases tras SMOTETomek:
target
1.0    426
0.0    426
Name: count, dtype: int64
2025-01-21 00:39:57 - INFO - Balance de clases tras SMOTETomek:
target
1.0    426
0.0    426
Name: count, dtype: int64
2025-01-21 00:39:58 - INFO - Balance de clases tras SMOTETomek:
target
1.0    420
0.0    420
Name: count, dtype: int64
2025-01-21 00:39:59 - INFO - Balance de clases tras SMOTETomek:
target
1.0    427
0.0    427
Name: count, dtype: int64
2025-01-21 00:39:59 - INFO - Balance de clases tras SMOTETomek:
target
1.0    420
0.0    420
Name: count, dtype: int64
2025-01-21 00:39:59 - INFO - Balance de clases tras SMOTETomek:
target
0.0    415
1.0    415
Name: count, dtype: int64
2025-01-21 00:40:00 - INFO - Balance de clases tras SMOTETomek:
target
1.0    419
0.0    419
Name: count, dtype: int64
2025-01-21 00:40:00 - INFO - Balance de clases tras SMOTETomek:
target
1.0    427
0.0    427
Name: count, dtype: int64
2025-01-21 00:40:01 - INFO - Balance de clases tras SMOTETomek:
target
1.0    426
0.0    426
Name: count, dtype: int64
2025-01-21 00:40:02 - INFO - Balance de clases tras SMOTETomek:
target
0.0    415
1.0    415
Name: count, dtype: int64
2025-01-21 00:40:02 - INFO - Balance de clases tras SMOTETomek:
target
1.0    420
0.0    420
Name: count, dtype: int64
2025-01-21 00:40:03 - INFO - Balance de clases tras SMOTETomek:
target
1.0    419
0.0    419
Name: count, dtype: int64
2025-01-21 00:40:04 - INFO - Balance de clases tras SMOTETomek:
target
1.0    427
0.0    427
Name: count, dtype: int64
2025-01-21 00:40:05 - INFO - Balance de clases tras SMOTETomek:
target
1.0    426
0.0    426
Name: count, dtype: int64
2025-01-21 00:40:06 - INFO - Balance de clases tras SMOTETomek:
target
0.0    415
1.0    415
Name: count, dtype: int64
2025-01-21 00:40:06 - INFO - Balance de clases tras SMOTETomek:
target
1.0    420
0.0    420
Name: count, dtype: int64
2025-01-21 00:40:07 - INFO - Balance de clases tras SMOTETomek:
target
1.0    427
0.0    427
Name: count, dtype: int64
2025-01-21 00:40:07 - INFO - Balance de clases tras SMOTETomek:
target
1.0    419
0.0    419
Name: count, dtype: int64
2025-01-21 00:40:09 - INFO - Balance de clases tras SMOTETomek:
target
0.0    415
1.0    415
Name: count, dtype: int64
2025-01-21 00:40:09 - INFO - Balance de clases tras SMOTETomek:
target
1.0    426
0.0    426
Name: count, dtype: int64
2025-01-21 00:40:10 - INFO - Balance de clases tras SMOTETomek:
target
1.0    419
0.0    419
Name: count, dtype: int64
2025-01-21 00:40:10 - INFO - Balance de clases tras SMOTETomek:
target
1.0    420
0.0    420
Name: count, dtype: int64
2025-01-21 00:40:11 - INFO - Balance de clases tras SMOTETomek:
target
1.0    427
0.0    427
Name: count, dtype: int64
2025-01-21 00:40:11 - INFO - Balance de clases tras SMOTETomek:
target
1.0    426
0.0    426
Name: count, dtype: int64
2025-01-21 00:40:11 - INFO - Balance de clases tras SMOTETomek:
target
1.0    420
0.0    420
Name: count, dtype: int64
2025-01-21 00:40:12 - INFO - Balance de clases tras SMOTETomek:
target
0.0    415
1.0    415
Name: count, dtype: int64
2025-01-21 00:40:12 - INFO - Balance de clases tras SMOTETomek:
target
1.0    427
0.0    427
Name: count, dtype: int64
2025-01-21 00:40:12 - INFO - Balance de clases tras SMOTETomek:
target
0.0    415
1.0    415
Name: count, dtype: int64
2025-01-21 00:40:13 - INFO - Balance de clases tras SMOTETomek:
target
1.0    419
0.0    419
Name: count, dtype: int64
2025-01-21 00:40:13 - INFO - Balance de clases tras SMOTETomek:
target
1.0    419
0.0    419
Name: count, dtype: int64
2025-01-21 00:40:13 - INFO - Balance de clases tras SMOTETomek:
target
1.0    426
0.0    426
Name: count, dtype: int64
2025-01-21 00:40:13 - INFO - Balance de clases tras SMOTETomek:
target
1.0    426
0.0    426
Name: count, dtype: int64
2025-01-21 00:40:14 - INFO - Balance de clases tras SMOTETomek:
target
1.0    420
0.0    420
Name: count, dtype: int64
2025-01-21 00:40:15 - INFO - Balance de clases tras SMOTETomek:
target
1.0    420
0.0    420
Name: count, dtype: int64
2025-01-21 00:40:15 - INFO - Balance de clases tras SMOTETomek:
target
1.0    427
0.0    427
Name: count, dtype: int64
2025-01-21 00:40:15 - INFO - Balance de clases tras SMOTETomek:
target
0.0    415
1.0    415
Name: count, dtype: int64
2025-01-21 00:40:16 - INFO - Balance de clases tras SMOTETomek:
target
1.0    427
0.0    427
Name: count, dtype: int64
2025-01-21 00:40:16 - INFO - Balance de clases tras SMOTETomek:
target
1.0    419
0.0    419
Name: count, dtype: int64
2025-01-21 00:40:17 - INFO - Balance de clases tras SMOTETomek:
target
1.0    426
0.0    426
Name: count, dtype: int64
2025-01-21 00:40:17 - INFO - Balance de clases tras SMOTETomek:
target
0.0    415
1.0    415
Name: count, dtype: int64
2025-01-21 00:40:18 - INFO - Balance de clases tras SMOTETomek:
target
1.0    420
0.0    420
Name: count, dtype: int64
2025-01-21 00:40:18 - INFO - Balance de clases tras SMOTETomek:
target
1.0    427
0.0    427
Name: count, dtype: int64
2025-01-21 00:40:18 - INFO - Balance de clases tras SMOTETomek:
target
1.0    419
0.0    419
Name: count, dtype: int64
2025-01-21 00:40:19 - INFO - Balance de clases tras SMOTETomek:
target
0.0    415
1.0    415
Name: count, dtype: int64
2025-01-21 00:40:20 - INFO - Balance de clases tras SMOTETomek:
target
1.0    426
0.0    426
Name: count, dtype: int64
2025-01-21 00:40:20 - INFO - Balance de clases tras SMOTETomek:
target
1.0    419
0.0    419
Name: count, dtype: int64
2025-01-21 00:40:21 - INFO - Balance de clases tras SMOTETomek:
target
1.0    426
0.0    426
Name: count, dtype: int64
2025-01-21 00:40:21 - INFO - Balance de clases tras SMOTETomek:
target
1.0    420
0.0    420
Name: count, dtype: int64
2025-01-21 00:40:23 - INFO - Balance de clases tras SMOTETomek:
target
1.0    427
0.0    427
Name: count, dtype: int64
2025-01-21 00:40:23 - INFO - Balance de clases tras SMOTETomek:
target
1.0    420
0.0    420
Name: count, dtype: int64
2025-01-21 00:40:24 - INFO - Balance de clases tras SMOTETomek:
target
0.0    415
1.0    415
Name: count, dtype: int64
2025-01-21 00:40:24 - INFO - Balance de clases tras SMOTETomek:
target
1.0    427
0.0    427
Name: count, dtype: int64
2025-01-21 00:40:26 - INFO - Balance de clases tras SMOTETomek:
target
1.0    419
0.0    419
Name: count, dtype: int64
2025-01-21 00:40:26 - INFO - Balance de clases tras SMOTETomek:
target
0.0    415
1.0    415
Name: count, dtype: int64
2025-01-21 00:40:27 - INFO - Balance de clases tras SMOTETomek:
target
1.0    426
0.0    426
Name: count, dtype: int64
2025-01-21 00:40:28 - INFO - Balance de clases tras SMOTETomek:
target
1.0    419
0.0    419
Name: count, dtype: int64
2025-01-21 00:40:28 - INFO - Balance de clases tras SMOTETomek:
target
1.0    420
0.0    420
Name: count, dtype: int64
2025-01-21 00:40:29 - INFO - Balance de clases tras SMOTETomek:
target
1.0    427
0.0    427
Name: count, dtype: int64
2025-01-21 00:40:29 - INFO - Balance de clases tras SMOTETomek:
target
1.0    426
0.0    426
Name: count, dtype: int64
2025-01-21 00:40:30 - INFO - Balance de clases tras SMOTETomek:
target
0.0    415
1.0    415
Name: count, dtype: int64
2025-01-21 00:40:30 - INFO - Balance de clases tras SMOTETomek:
target
1.0    420
0.0    420
Name: count, dtype: int64
2025-01-21 00:40:30 - INFO - Balance de clases tras SMOTETomek:
target
1.0    419
0.0    419
Name: count, dtype: int64
2025-01-21 00:40:31 - INFO - Balance de clases tras SMOTETomek:
target
1.0    426
0.0    426
Name: count, dtype: int64
2025-01-21 00:40:31 - INFO - Balance de clases tras SMOTETomek:
target
1.0    427
0.0    427
Name: count, dtype: int64
2025-01-21 00:40:32 - INFO - Balance de clases tras SMOTETomek:
target
0.0    415
1.0    415
Name: count, dtype: int64
2025-01-21 00:40:33 - INFO - Balance de clases tras SMOTETomek:
target
1.0    420
0.0    420
Name: count, dtype: int64
2025-01-21 00:40:33 - INFO - Balance de clases tras SMOTETomek:
target
1.0    419
0.0    419
Name: count, dtype: int64
2025-01-21 00:40:34 - INFO - Balance de clases tras SMOTETomek:
target
1.0    426
0.0    426
Name: count, dtype: int64
2025-01-21 00:40:35 - INFO - Balance de clases tras SMOTETomek:
target
1.0    427
0.0    427
Name: count, dtype: int64
2025-01-21 00:40:36 - INFO - Balance de clases tras SMOTETomek:
target
1.0    420
0.0    420
Name: count, dtype: int64
2025-01-21 00:40:36 - INFO - Balance de clases tras SMOTETomek:
target
0.0    415
1.0    415
Name: count, dtype: int64
2025-01-21 00:40:37 - INFO - Balance de clases tras SMOTETomek:
target
1.0    427
0.0    427
Name: count, dtype: int64
2025-01-21 00:40:38 - INFO - Balance de clases tras SMOTETomek:
target
1.0    419
0.0    419
Name: count, dtype: int64
2025-01-21 00:40:38 - INFO - Balance de clases tras SMOTETomek:
target
0.0    415
1.0    415
Name: count, dtype: int64
2025-01-21 00:40:40 - INFO - Balance de clases tras SMOTETomek:
target
1.0    426
0.0    426
Name: count, dtype: int64
2025-01-21 00:40:40 - INFO - Balance de clases tras SMOTETomek:
target
1.0    419
0.0    419
Name: count, dtype: int64
2025-01-21 00:40:41 - INFO - Balance de clases tras SMOTETomek:
target
1.0    420
0.0    420
Name: count, dtype: int64
2025-01-21 00:40:41 - INFO - Balance de clases tras SMOTETomek:
target
1.0    426
0.0    426
Name: count, dtype: int64
2025-01-21 00:40:42 - INFO - Balance de clases tras SMOTETomek:
target
1.0    420
0.0    420
Name: count, dtype: int64
2025-01-21 00:40:42 - INFO - Balance de clases tras SMOTETomek:
target
1.0    427
0.0    427
Name: count, dtype: int64
2025-01-21 00:40:43 - INFO - Balance de clases tras SMOTETomek:
target
1.0    427
0.0    427
Name: count, dtype: int64
2025-01-21 00:40:44 - INFO - Balance de clases tras SMOTETomek:
target
0.0    415
1.0    415
Name: count, dtype: int64
2025-01-21 00:40:44 - INFO - Balance de clases tras SMOTETomek:
target
0.0    415
1.0    415
Name: count, dtype: int64
2025-01-21 00:40:45 - INFO - Balance de clases tras SMOTETomek:
target
1.0    419
0.0    419
Name: count, dtype: int64
2025-01-21 00:40:45 - INFO - Balance de clases tras SMOTETomek:
target
1.0    419
0.0    419
Name: count, dtype: int64
2025-01-21 00:40:46 - INFO - Balance de clases tras SMOTETomek:
target
1.0    426
0.0    426
Name: count, dtype: int64
2025-01-21 00:40:47 - INFO - Balance de clases tras SMOTETomek:
target
1.0    420
0.0    420
Name: count, dtype: int64
2025-01-21 00:40:47 - INFO - Balance de clases tras SMOTETomek:
target
1.0    426
0.0    426
Name: count, dtype: int64
2025-01-21 00:40:47 - INFO - Balance de clases tras SMOTETomek:
target
1.0    427
0.0    427
Name: count, dtype: int64
2025-01-21 00:40:47 - INFO - Balance de clases tras SMOTETomek:
target
1.0    420
0.0    420
Name: count, dtype: int64
2025-01-21 00:40:48 - INFO - Balance de clases tras SMOTETomek:
target
0.0    415
1.0    415
Name: count, dtype: int64
2025-01-21 00:40:48 - INFO - Balance de clases tras SMOTETomek:
target
1.0    427
0.0    427
Name: count, dtype: int64
2025-01-21 00:40:48 - INFO - Balance de clases tras SMOTETomek:
target
1.0    419
0.0    419
Name: count, dtype: int64
2025-01-21 00:40:48 - INFO - Balance de clases tras SMOTETomek:
target
0.0    415
1.0    415
Name: count, dtype: int64
2025-01-21 00:40:48 - INFO - Balance de clases tras SMOTETomek:
target
1.0    426
0.0    426
Name: count, dtype: int64
2025-01-21 00:40:49 - INFO - Balance de clases tras SMOTETomek:
target
1.0    419
0.0    419
Name: count, dtype: int64
2025-01-21 00:40:49 - INFO - Balance de clases tras SMOTETomek:
target
1.0    426
0.0    426
Name: count, dtype: int64
2025-01-21 00:40:49 - INFO - Balance de clases tras SMOTETomek:
target
1.0    420
0.0    420
Name: count, dtype: int64
2025-01-21 00:40:50 - INFO - Balance de clases tras SMOTETomek:
target
1.0    420
0.0    420
Name: count, dtype: int64
2025-01-21 00:40:50 - INFO - Balance de clases tras SMOTETomek:
target
1.0    427
0.0    427
Name: count, dtype: int64
2025-01-21 00:40:51 - INFO - Balance de clases tras SMOTETomek:
target
1.0    427
0.0    427
Name: count, dtype: int64
2025-01-21 00:40:51 - INFO - Balance de clases tras SMOTETomek:
target
0.0    415
1.0    415
Name: count, dtype: int64
2025-01-21 00:40:51 - INFO - Balance de clases tras SMOTETomek:
target
0.0    415
1.0    415
Name: count, dtype: int64
2025-01-21 00:40:52 - INFO - Balance de clases tras SMOTETomek:
target
1.0    419
0.0    419
Name: count, dtype: int64
2025-01-21 00:40:52 - INFO - Balance de clases tras SMOTETomek:
target
1.0    419
0.0    419
Name: count, dtype: int64
2025-01-21 00:40:52 - INFO - Balance de clases tras SMOTETomek:
target
1.0    426
0.0    426
Name: count, dtype: int64
2025-01-21 00:40:53 - INFO - Balance de clases tras SMOTETomek:
target
1.0    420
0.0    420
Name: count, dtype: int64
2025-01-21 00:40:54 - INFO - Balance de clases tras SMOTETomek:
target
1.0    427
0.0    427
Name: count, dtype: int64
2025-01-21 00:40:54 - INFO - Balance de clases tras SMOTETomek:
target
0.0    415
1.0    415
Name: count, dtype: int64
2025-01-21 00:40:55 - INFO - Balance de clases tras SMOTETomek:
target
1.0    419
0.0    419
Name: count, dtype: int64
2025-01-21 00:40:56 - INFO - Mejor Precisión (clase=1): 0.7477
2025-01-21 00:40:56 - INFO - Mejores parámetros: {'max_depth': 10, 'learning_rate': 0.05905364742162129, 'n_estimators': 272, 'subsample': 0.8718465545111799, 'colsample_bytree': 0.6448107277680951, 'gamma': 0.33906105395040476, 'reg_alpha': 0.10336503557783452, 'reg_lambda': 0.45338274422524033}
2025-01-21 00:40:56 - INFO - === Entrenando Pipeline Final con TODO el Training ===
2025-01-21 00:40:56 - INFO - Columnas extra eliminadas: ['future_close', 'change_pct']
2025-01-21 00:40:56 - INFO - Dataset preparado: 1207 filas, 21 features (después de imputación).
2025-01-21 00:40:56 - INFO - Balance de clases tras SMOTETomek:
target
1.0    609
0.0    609
Name: count, dtype: int64
2025-01-21 00:40:57 - INFO - Pipeline final entrenado con scale_pos_weight=1.00
2025-01-21 00:40:57 - INFO - Pipeline completo guardado en: ./results/XGBoost_Binario_trained_pipeline.joblib
2025-01-21 00:40:57 - INFO - Parámetros guardados en: ./results/XGBoost_Binario_model_params.txt
2025-01-21 00:40:57 - INFO - Lista de features guardada en: ./results/XGBoost_Binario_feature_cols.txt
2025-01-21 00:40:57 - INFO - Columnas de indicadores existentes eliminadas: ['RSI', 'MACD', 'MACDs', 'MACDh', 'OBV', 'BBL', 'BBM', 'BBU', 'STOCHk', 'STOCHd', 'CCI', 'SMA_10', 'SMA_50', 'SMA_200', 'EMA_10', 'EMA_50']
2025-01-21 00:40:57 - INFO - Indicadores técnicos agregados. Filas antes: 650, después: 451 (descartadas: 199)
2025-01-21 00:40:57 - INFO - Columnas renombradas: {'RSI_14': 'RSI', 'MACD_12_26_9': 'MACD', 'MACDs_12_26_9': 'MACDs', 'MACDh_12_26_9': 'MACDh', 'BBL_20_2.0': 'BBL', 'BBM_20_2.0': 'BBM', 'BBU_20_2.0': 'BBU', 'STOCHk_14_3_3': 'STOCHk', 'STOCHd_14_3_3': 'STOCHd', 'CCI_14_0.015': 'CCI', 'SMA_10': 'SMA_10', 'SMA_50': 'SMA_50', 'SMA_200': 'SMA_200', 'EMA_10': 'EMA_10', 'EMA_50': 'EMA_50'}
2025-01-21 00:40:57 - INFO - Target binario con look_ahead=3, min_change=0.031
2025-01-21 00:40:57 - INFO - Distribución de clases (0=Vender, 1=Comprar):
target
0.0    169
1.0    168
Name: count, dtype: int64
2025-01-21 00:40:57 - INFO - Muestra de datos con target:
                        close  future_close  change_pct  target
open_time                                                      
2022-02-28 22:15:00  41876.56      40256.12   -0.038696     0.0
2021-05-19 01:00:00  42168.16      38734.99   -0.081416     0.0
2021-05-12 23:15:00  51591.42      46913.24   -0.090677     0.0
2021-06-27 21:15:00  32571.22      35733.65    0.097093     1.0
2024-05-03 12:15:00  59166.73      56722.00   -0.041319     0.0
2022-09-06 16:45:00  19747.25      22713.69    0.150220     1.0
2024-08-27 21:30:00  61093.20      98995.34    0.620399     1.0
2021-03-17 17:45:00  55542.50      58459.08    0.052511     1.0
2021-06-07 20:00:00  35608.00      33774.83   -0.051482     0.0
2023-04-26 19:00:00  29600.94      28194.87   -0.047501     0.0
2025-01-21 00:40:57 - INFO - Columnas extra eliminadas: ['change_pct', 'future_close']
2025-01-21 00:40:57 - INFO - Dataset preparado: 337 filas, 21 features (después de imputación).
2025-01-21 00:40:57 - INFO - === Evaluación en Test ===
2025-01-21 00:40:57 - INFO - Matriz de confusión [0=Vender, 1=Comprar]:
[[112  57]
 [ 90  78]]
2025-01-21 00:40:57 - INFO - Reporte de Clasificación:
              precision    recall  f1-score   support

      Vender       0.55      0.66      0.60       169
     Comprar       0.58      0.46      0.51       168

    accuracy                           0.56       337
   macro avg       0.57      0.56      0.56       337
weighted avg       0.57      0.56      0.56       337

2025-01-21 00:40:57 - INFO - Precision (clase=1): 0.5778
2025-01-21 00:40:57 - INFO - F1 (clase=1): 0.5149
2025-01-21 00:40:57 - INFO - Recall (clase=1): 0.4643
2025-01-21 00:40:57 - INFO - Balanced Accuracy: 0.5635
2025-01-21 00:40:57 - INFO - MCC: 0.1296
2025-01-21 00:40:57 - INFO - AUC: 0.5365
2025-01-21 00:40:58 - INFO - Precisión final en Test (clase=1): 0.5778
2025-01-21 00:40:58 - INFO - Importancia de características guardada en ./results/feature_importances_binary.csv.
2025-01-21 00:40:58 - INFO - Gráfico de importancia de características guardado.
2025-01-21 00:40:59 - INFO - Calculando valores SHAP...
2025-01-21 00:41:00 - INFO - SHAP analysis completado y guardado.
2025-01-21 00:41:00 - INFO - Señales generadas con umbral=0.61
2025-01-21 00:41:00 - INFO - Señales filtradas por tendencia.
2025-01-21 00:41:00 - INFO - Señales guardadas en: ./results/signals_binary.csv
2025-01-21 00:41:00 - INFO - === Proceso Completado con Éxito ===
