2025-01-29 19:31:08 - INFO - Datos cargados desde ML/data/processed/BTCUSDT_15m_processed.csv, filas: 257756
2025-01-29 19:31:08 - INFO - Columnas de indicadores existentes eliminadas: ['RSI', 'MACD', 'MACDs', 'MACDh', 'OBV', 'BBL', 'BBM', 'BBU', 'SMA_10', 'SMA_50', 'EMA_10', 'EMA_50']
2025-01-29 19:31:08 - INFO - Indicadores técnicos agregados. Filas antes: 257756, después: 257557 (descartadas: 199)
2025-01-29 19:31:08 - INFO - Columnas renombradas: {'RSI_14': 'RSI', 'MACD_12_26_9': 'MACD', 'MACDs_12_26_9': 'MACDs', 'MACDh_12_26_9': 'MACDh', 'BBL_20_2.0': 'BBL', 'BBM_20_2.0': 'BBM', 'BBU_20_2.0': 'BBU', 'STOCHk_14_3_3': 'STOCHk', 'STOCHd_14_3_3': 'STOCHd', 'CCI_14_0.015': 'CCI', 'SMA_10': 'SMA_10', 'SMA_50': 'SMA_50', 'SMA_200': 'SMA_200', 'EMA_10': 'EMA_10', 'EMA_50': 'EMA_50'}
2025-01-29 19:31:08 - INFO - Target binario con look_ahead=3, min_change=0.018
2025-01-29 19:31:08 - INFO - Distribución de clases (0=Vender, 1=Comprar):
target
0.0    3775
1.0    3613
Name: count, dtype: int64
2025-01-29 19:31:08 - INFO - Muestra de datos con target:
                        close  future_close  change_pct  target
open_time                                                      
2022-06-07 19:15:00  30411.76      31262.69    0.027980     1.0
2021-06-22 18:30:00  33288.85      32496.43   -0.023804     0.0
2019-07-16 16:30:00   9969.67       9656.85   -0.031377     0.0
2021-02-25 16:45:00  50630.66      49633.59   -0.019693     0.0
2018-02-28 02:45:00  10687.00      10970.00    0.026481     1.0
2022-11-11 13:45:00  17303.82      16590.47   -0.041225     0.0
2017-09-02 23:45:00   4472.14       4578.32    0.023743     1.0
2021-05-21 21:00:00  34112.99      36588.77    0.072576     1.0
2020-04-02 17:15:00   7122.32       6893.35   -0.032148     0.0
2018-01-21 07:30:00  11360.00      11864.99    0.044453     1.0
2025-01-29 19:31:08 - INFO - División de datos en Train/Test completada.
2025-01-29 19:31:08 - INFO - === Búsqueda de hiperparámetros (Optuna) en muestra de Training ===
2025-01-29 19:31:08 - INFO - No se han identificado características categóricas.
2025-01-29 19:31:08 - INFO - Columnas extra eliminadas: ['future_close', 'change_pct']
2025-01-29 19:31:08 - INFO - Dataset preparado: 4321 filas, 21 features (después de imputación).
2025-01-29 19:31:08 - INFO - Iniciando optimización en Optuna (precisión clase=1)...
2025-01-29 19:31:08 - INFO - Balance de clases tras SMOTETomek:
target
0.0    1643
1.0    1643
Name: count, dtype: int64
2025-01-29 19:31:08 - INFO - Balance de clases tras SMOTETomek:
target
0.0    1646
1.0    1646
Name: count, dtype: int64
2025-01-29 19:31:08 - INFO - Balance de clases tras SMOTETomek:
target
0.0    1642
1.0    1642
Name: count, dtype: int64
2025-01-29 19:31:09 - INFO - Balance de clases tras SMOTETomek:
target
0.0    1638
1.0    1638
Name: count, dtype: int64
2025-01-29 19:31:09 - INFO - Balance de clases tras SMOTETomek:
target
0.0    1644
1.0    1644
Name: count, dtype: int64
2025-01-29 19:31:09 - INFO - Balance de clases tras SMOTETomek:
target
0.0    1643
1.0    1643
Name: count, dtype: int64
2025-01-29 19:31:10 - INFO - Balance de clases tras SMOTETomek:
target
0.0    1646
1.0    1646
Name: count, dtype: int64
2025-01-29 19:31:11 - INFO - Balance de clases tras SMOTETomek:
target
0.0    1642
1.0    1642
Name: count, dtype: int64
2025-01-29 19:31:12 - INFO - Balance de clases tras SMOTETomek:
target
0.0    1638
1.0    1638
Name: count, dtype: int64
2025-01-29 19:31:12 - INFO - Balance de clases tras SMOTETomek:
target
0.0    1644
1.0    1644
Name: count, dtype: int64
2025-01-29 19:31:13 - INFO - Balance de clases tras SMOTETomek:
target
0.0    1643
1.0    1643
Name: count, dtype: int64
2025-01-29 19:31:14 - INFO - Balance de clases tras SMOTETomek:
target
0.0    1646
1.0    1646
Name: count, dtype: int64
2025-01-29 19:31:16 - INFO - Balance de clases tras SMOTETomek:
target
0.0    1642
1.0    1642
Name: count, dtype: int64
2025-01-29 19:31:17 - INFO - Balance de clases tras SMOTETomek:
target
0.0    1638
1.0    1638
Name: count, dtype: int64
2025-01-29 19:31:18 - INFO - Balance de clases tras SMOTETomek:
target
0.0    1644
1.0    1644
Name: count, dtype: int64
2025-01-29 19:31:19 - INFO - Balance de clases tras SMOTETomek:
target
0.0    1643
1.0    1643
Name: count, dtype: int64
2025-01-29 19:31:21 - INFO - Balance de clases tras SMOTETomek:
target
0.0    1646
1.0    1646
Name: count, dtype: int64
2025-01-29 19:31:23 - INFO - Balance de clases tras SMOTETomek:
target
0.0    1642
1.0    1642
Name: count, dtype: int64
2025-01-29 19:31:25 - INFO - Balance de clases tras SMOTETomek:
target
0.0    1638
1.0    1638
Name: count, dtype: int64
2025-01-29 19:31:27 - INFO - Balance de clases tras SMOTETomek:
target
0.0    1644
1.0    1644
Name: count, dtype: int64
2025-01-29 19:31:30 - INFO - Balance de clases tras SMOTETomek:
target
0.0    1643
1.0    1643
Name: count, dtype: int64
2025-01-29 19:31:30 - INFO - Balance de clases tras SMOTETomek:
target
0.0    1646
1.0    1646
Name: count, dtype: int64
2025-01-29 19:31:30 - INFO - Balance de clases tras SMOTETomek:
target
0.0    1642
1.0    1642
Name: count, dtype: int64
2025-01-29 19:31:31 - INFO - Balance de clases tras SMOTETomek:
target
0.0    1638
1.0    1638
Name: count, dtype: int64
2025-01-29 19:31:31 - INFO - Balance de clases tras SMOTETomek:
target
0.0    1644
1.0    1644
Name: count, dtype: int64
2025-01-29 19:31:31 - INFO - Balance de clases tras SMOTETomek:
target
0.0    1643
1.0    1643
Name: count, dtype: int64
2025-01-29 19:31:33 - INFO - Balance de clases tras SMOTETomek:
target
0.0    1646
1.0    1646
Name: count, dtype: int64
2025-01-29 19:31:36 - INFO - Balance de clases tras SMOTETomek:
target
0.0    1642
1.0    1642
Name: count, dtype: int64
2025-01-29 19:31:38 - INFO - Balance de clases tras SMOTETomek:
target
0.0    1638
1.0    1638
Name: count, dtype: int64
2025-01-29 19:31:40 - INFO - Balance de clases tras SMOTETomek:
target
0.0    1644
1.0    1644
Name: count, dtype: int64
2025-01-29 19:31:42 - INFO - Mejor Precisión (clase=1): 0.7091
2025-01-29 19:31:42 - INFO - Mejores parámetros: {'max_depth': 11, 'learning_rate': 0.020107531049695957, 'n_estimators': 671, 'subsample': 0.9510846054797798, 'colsample_bytree': 0.6659133520917333, 'gamma': 0.3377937105460287, 'reg_alpha': 0.09006696587638663, 'reg_lambda': 0.6928383321248949}
2025-01-29 19:31:42 - INFO - === Entrenando Pipeline Final con TODO el Training ===
2025-01-29 19:31:42 - INFO - Columnas extra eliminadas: ['future_close', 'change_pct']
2025-01-29 19:31:42 - INFO - Dataset preparado: 4802 filas, 21 features (después de imputación).
2025-01-29 19:31:42 - INFO - Balance de clases tras SMOTETomek:
target
0.0    2288
1.0    2288
Name: count, dtype: int64
2025-01-29 19:31:44 - INFO - Pipeline final entrenado con scale_pos_weight=1.00
2025-01-29 19:31:44 - INFO - Pipeline completo guardado en: .ML/results/XGBoost_Binario_trained_pipeline.joblib
2025-01-29 19:31:44 - INFO - Parámetros guardados en: .ML/results/XGBoost_Binario_model_params.txt
2025-01-29 19:31:44 - INFO - Lista de features guardada en: .ML/results/XGBoost_Binario_feature_cols.txt
2025-01-29 19:31:44 - INFO - Columnas de indicadores existentes eliminadas: ['RSI', 'MACD', 'MACDs', 'MACDh', 'OBV', 'BBL', 'BBM', 'BBU', 'STOCHk', 'STOCHd', 'CCI', 'SMA_10', 'SMA_50', 'SMA_200', 'EMA_10', 'EMA_50']
2025-01-29 19:31:44 - INFO - Indicadores técnicos agregados. Filas antes: 2586, después: 2387 (descartadas: 199)
2025-01-29 19:31:44 - INFO - Columnas renombradas: {'RSI_14': 'RSI', 'MACD_12_26_9': 'MACD', 'MACDs_12_26_9': 'MACDs', 'MACDh_12_26_9': 'MACDh', 'BBL_20_2.0': 'BBL', 'BBM_20_2.0': 'BBM', 'BBU_20_2.0': 'BBU', 'STOCHk_14_3_3': 'STOCHk', 'STOCHd_14_3_3': 'STOCHd', 'CCI_14_0.015': 'CCI', 'SMA_10': 'SMA_10', 'SMA_50': 'SMA_50', 'SMA_200': 'SMA_200', 'EMA_10': 'EMA_10', 'EMA_50': 'EMA_50'}
2025-01-29 19:31:44 - INFO - Target binario con look_ahead=3, min_change=0.018
2025-01-29 19:31:44 - INFO - Distribución de clases (0=Vender, 1=Comprar):
target
1.0    854
0.0    816
Name: count, dtype: int64
2025-01-29 19:31:44 - INFO - Muestra de datos con target:
                        close  future_close  change_pct  target
open_time                                                      
2021-05-19 17:15:00  40030.07      37961.02   -0.051687     0.0
2021-05-17 05:30:00  42646.57      44986.63    0.054871     1.0
2021-01-30 02:15:00  34366.36      33518.95   -0.024658     0.0
2022-07-08 14:00:00  21326.62      19798.86   -0.071636     0.0
2021-07-25 23:00:00  34652.56      35733.65    0.031198     1.0
2021-03-25 16:15:00  50774.42      58049.34    0.143279     1.0
2021-05-17 05:00:00  43295.15      44539.00    0.028730     1.0
2021-02-25 16:15:00  51074.80      49043.93   -0.039763     0.0
2024-11-14 14:00:00  90927.15      97244.00    0.069472     1.0
2022-02-24 07:15:00  34624.09      36626.21    0.057824     1.0
2025-01-29 19:31:44 - INFO - Columnas extra eliminadas: ['change_pct', 'future_close']
2025-01-29 19:31:44 - INFO - Dataset preparado: 1670 filas, 21 features (después de imputación).
2025-01-29 19:31:44 - INFO - === Evaluación en Test ===
2025-01-29 19:31:44 - INFO - Matriz de confusión [0=Vender, 1=Comprar]:
[[206 610]
 [251 603]]
2025-01-29 19:31:44 - INFO - Reporte de Clasificación:
              precision    recall  f1-score   support

      Vender       0.45      0.25      0.32       816
     Comprar       0.50      0.71      0.58       854

    accuracy                           0.48      1670
   macro avg       0.47      0.48      0.45      1670
weighted avg       0.47      0.48      0.46      1670

2025-01-29 19:31:44 - INFO - Precision (clase=1): 0.4971
2025-01-29 19:31:44 - INFO - F1 (clase=1): 0.5835
2025-01-29 19:31:44 - INFO - Recall (clase=1): 0.7061
2025-01-29 19:31:44 - INFO - Balanced Accuracy: 0.4793
2025-01-29 19:31:44 - INFO - MCC: -0.0465
2025-01-29 19:31:44 - INFO - AUC: 0.4773
2025-01-29 19:31:46 - INFO - Precisión final en Test (clase=1): 0.4971
2025-01-29 19:31:46 - INFO - Importancia de características guardada en .ML/results/feature_importances_binary.csv.
2025-01-29 19:31:46 - INFO - Gráfico de importancia de características guardado.
2025-01-29 19:31:46 - INFO - Calculando valores SHAP...
2025-01-29 19:31:54 - INFO - SHAP analysis completado y guardado.
2025-01-29 19:31:54 - INFO - Señales generadas con umbral=0.67
2025-01-29 19:31:54 - INFO - Señales filtradas por tendencia.
2025-01-29 19:31:54 - INFO - Señales guardadas en: .ML/results/signals_binary.csv
2025-01-29 19:31:54 - INFO - === Proceso Completado con Éxito ===
