2025-01-09 23:30:43 - INFO - Datos cargados desde ML/data/processed/BTCUSDT_15m_processed.csv, filas: 251947
2025-01-09 23:30:43 - INFO - Columnas de indicadores existentes eliminadas: ['RSI', 'MACD', 'MACDs', 'MACDh', 'OBV', 'BBL', 'BBM', 'BBU', 'SMA_10', 'SMA_50', 'EMA_10', 'EMA_50']
2025-01-09 23:30:43 - INFO - Indicadores técnicos agregados. Filas antes: 251947, después: 251748 (descartadas: 199)
2025-01-09 23:30:43 - INFO - Columnas renombradas: {'RSI_14': 'RSI', 'MACD_12_26_9': 'MACD', 'MACDs_12_26_9': 'MACDs', 'MACDh_12_26_9': 'MACDh', 'VWAP': 'VWAP', 'BBL_20_2.0': 'BBL', 'BBM_20_2.0': 'BBM', 'BBU_20_2.0': 'BBU', 'ATR_14': 'ATR', 'STOCHk_14_3_3': 'STOCHk', 'STOCHd_14_3_3': 'STOCHd', 'CCI_14_0.015': 'CCI', 'SMA_10': 'SMA_10', 'SMA_50': 'SMA_50', 'SMA_200': 'SMA_200', 'EMA_10': 'EMA_10', 'EMA_50': 'EMA_50'}
2025-01-09 23:30:43 - WARNING - Columna faltante 'VWAP' añadida con NaN.
2025-01-09 23:30:43 - WARNING - Columna faltante 'ATR' añadida con NaN.
2025-01-09 23:30:43 - INFO - Target binario con look_ahead=4, min_change=0.032
2025-01-09 23:30:43 - INFO - Distribución de clases (0=Vender, 1=Comprar):
target
0.0    1329
1.0    1184
Name: count, dtype: int64
2025-01-09 23:30:43 - INFO - Muestra de datos con target:
                        close  future_close  change_pct  target
open_time                                                      
2024-04-13 22:00:00  62372.02      65019.19    0.042442     1.0
2020-08-02 03:30:00  11952.41      11020.69   -0.077952     0.0
2020-03-21 11:15:00   5983.64       6175.86    0.032124     1.0
2017-12-10 00:00:00  14343.93      13840.02   -0.035131     0.0
2023-10-16 12:15:00  27790.02      29330.53    0.055434     1.0
2017-12-08 11:00:00  14408.36      14882.00    0.032873     1.0
2024-10-15 13:45:00  67658.00      65376.00   -0.033728     0.0
2021-12-15 18:00:00  47137.69      48964.27    0.038750     1.0
2018-01-30 17:15:00  10509.01      10035.08   -0.045097     0.0
2019-06-27 21:30:00  10900.53      11294.84    0.036173     1.0
2025-01-09 23:30:43 - INFO - División de datos en Train/Test completada.
2025-01-09 23:30:43 - INFO - === Búsqueda de hiperparámetros (Optuna) en muestra de Training ===
2025-01-09 23:30:43 - INFO - No se han identificado características categóricas.
2025-01-09 23:30:43 - INFO - Columnas extra eliminadas: ['future_close', 'change_pct']
2025-01-09 23:30:43 - WARNING - Estas columnas están 100% NaN y se eliminarán antes de imputar: ['VWAP', 'ATR']
2025-01-09 23:30:43 - INFO - Dataset preparado: 804 filas, 21 features (después de imputación).
2025-01-09 23:30:44 - INFO - Balance de clases tras SMOTETomek:
target
0.0    335
1.0    335
Name: count, dtype: int64
2025-01-09 23:30:44 - INFO - Balance de clases tras SMOTETomek:
target
0.0    335
1.0    335
Name: count, dtype: int64
2025-01-09 23:30:44 - INFO - Balance de clases tras SMOTETomek:
target
0.0    335
1.0    335
Name: count, dtype: int64
2025-01-09 23:30:44 - INFO - Balance de clases tras SMOTETomek:
target
0.0    335
1.0    335
Name: count, dtype: int64
2025-01-09 23:30:45 - INFO - Balance de clases tras SMOTETomek:
target
0.0    335
1.0    335
Name: count, dtype: int64
2025-01-09 23:30:45 - INFO - Balance de clases tras SMOTETomek:
target
0.0    335
1.0    335
Name: count, dtype: int64
2025-01-09 23:30:46 - INFO - Balance de clases tras SMOTETomek:
target
0.0    334
1.0    334
Name: count, dtype: int64
2025-01-09 23:30:46 - INFO - Balance de clases tras SMOTETomek:
target
0.0    334
1.0    334
Name: count, dtype: int64
2025-01-09 23:30:46 - INFO - Balance de clases tras SMOTETomek:
target
0.0    334
1.0    334
Name: count, dtype: int64
2025-01-09 23:30:46 - INFO - Balance de clases tras SMOTETomek:
target
0.0    334
1.0    334
Name: count, dtype: int64
2025-01-09 23:30:47 - INFO - Balance de clases tras SMOTETomek:
target
0.0    335
1.0    335
Name: count, dtype: int64
2025-01-09 23:30:47 - INFO - Balance de clases tras SMOTETomek:
target
0.0    335
1.0    335
Name: count, dtype: int64
2025-01-09 23:30:48 - INFO - Balance de clases tras SMOTETomek:
target
0.0    335
1.0    335
Name: count, dtype: int64
2025-01-09 23:30:49 - INFO - Balance de clases tras SMOTETomek:
target
0.0    335
1.0    335
Name: count, dtype: int64
2025-01-09 23:30:49 - INFO - Balance de clases tras SMOTETomek:
target
0.0    335
1.0    335
Name: count, dtype: int64
2025-01-09 23:30:50 - INFO - Balance de clases tras SMOTETomek:
target
0.0    335
1.0    335
Name: count, dtype: int64
2025-01-09 23:30:50 - INFO - Balance de clases tras SMOTETomek:
target
0.0    334
1.0    334
Name: count, dtype: int64
2025-01-09 23:30:51 - INFO - Balance de clases tras SMOTETomek:
target
0.0    334
1.0    334
Name: count, dtype: int64
2025-01-09 23:30:52 - INFO - Balance de clases tras SMOTETomek:
target
0.0    334
1.0    334
Name: count, dtype: int64
2025-01-09 23:30:53 - INFO - Balance de clases tras SMOTETomek:
target
0.0    335
1.0    335
Name: count, dtype: int64
2025-01-09 23:30:53 - INFO - Balance de clases tras SMOTETomek:
target
0.0    335
1.0    335
Name: count, dtype: int64
2025-01-09 23:30:53 - INFO - Balance de clases tras SMOTETomek:
target
0.0    335
1.0    335
Name: count, dtype: int64
2025-01-09 23:30:54 - INFO - Balance de clases tras SMOTETomek:
target
0.0    334
1.0    334
Name: count, dtype: int64
2025-01-09 23:30:54 - INFO - Balance de clases tras SMOTETomek:
target
0.0    334
1.0    334
Name: count, dtype: int64
2025-01-09 23:30:54 - INFO - Balance de clases tras SMOTETomek:
target
0.0    334
1.0    334
Name: count, dtype: int64
2025-01-09 23:30:54 - INFO - Balance de clases tras SMOTETomek:
target
0.0    335
1.0    335
Name: count, dtype: int64
2025-01-09 23:30:55 - INFO - Balance de clases tras SMOTETomek:
target
0.0    335
1.0    335
Name: count, dtype: int64
2025-01-09 23:30:56 - INFO - Balance de clases tras SMOTETomek:
target
0.0    335
1.0    335
Name: count, dtype: int64
2025-01-09 23:30:56 - INFO - Balance de clases tras SMOTETomek:
target
0.0    335
1.0    335
Name: count, dtype: int64
2025-01-09 23:30:57 - INFO - Balance de clases tras SMOTETomek:
target
0.0    335
1.0    335
Name: count, dtype: int64
2025-01-09 23:30:57 - INFO - Balance de clases tras SMOTETomek:
target
0.0    335
1.0    335
Name: count, dtype: int64
2025-01-09 23:30:58 - INFO - Balance de clases tras SMOTETomek:
target
0.0    334
1.0    334
Name: count, dtype: int64
2025-01-09 23:30:58 - INFO - Balance de clases tras SMOTETomek:
target
0.0    334
1.0    334
Name: count, dtype: int64
2025-01-09 23:30:59 - INFO - Balance de clases tras SMOTETomek:
target
0.0    334
1.0    334
Name: count, dtype: int64
2025-01-09 23:30:59 - INFO - Balance de clases tras SMOTETomek:
target
0.0    334
1.0    334
Name: count, dtype: int64
2025-01-09 23:31:00 - INFO - Balance de clases tras SMOTETomek:
target
0.0    335
1.0    335
Name: count, dtype: int64
2025-01-09 23:31:01 - INFO - Balance de clases tras SMOTETomek:
target
0.0    335
1.0    335
Name: count, dtype: int64
2025-01-09 23:31:01 - INFO - Balance de clases tras SMOTETomek:
target
0.0    335
1.0    335
Name: count, dtype: int64
2025-01-09 23:31:01 - INFO - Balance de clases tras SMOTETomek:
target
0.0    335
1.0    335
Name: count, dtype: int64
2025-01-09 23:31:02 - INFO - Balance de clases tras SMOTETomek:
target
0.0    334
1.0    334
Name: count, dtype: int64
2025-01-09 23:31:03 - INFO - Balance de clases tras SMOTETomek:
target
0.0    335
1.0    335
Name: count, dtype: int64
2025-01-09 23:31:03 - INFO - Balance de clases tras SMOTETomek:
target
0.0    334
1.0    334
Name: count, dtype: int64
2025-01-09 23:31:04 - INFO - Balance de clases tras SMOTETomek:
target
0.0    335
1.0    335
Name: count, dtype: int64
2025-01-09 23:31:04 - INFO - Balance de clases tras SMOTETomek:
target
0.0    335
1.0    335
Name: count, dtype: int64
2025-01-09 23:31:04 - INFO - Balance de clases tras SMOTETomek:
target
0.0    335
1.0    335
Name: count, dtype: int64
2025-01-09 23:31:05 - INFO - Balance de clases tras SMOTETomek:
target
0.0    335
1.0    335
Name: count, dtype: int64
2025-01-09 23:31:05 - INFO - Balance de clases tras SMOTETomek:
target
0.0    334
1.0    334
Name: count, dtype: int64
2025-01-09 23:31:05 - INFO - Balance de clases tras SMOTETomek:
target
0.0    334
1.0    334
Name: count, dtype: int64
2025-01-09 23:31:06 - INFO - Balance de clases tras SMOTETomek:
target
0.0    335
1.0    335
Name: count, dtype: int64
2025-01-09 23:31:06 - INFO - Balance de clases tras SMOTETomek:
target
0.0    335
1.0    335
Name: count, dtype: int64
2025-01-09 23:31:06 - INFO - Balance de clases tras SMOTETomek:
target
0.0    334
1.0    334
Name: count, dtype: int64
2025-01-09 23:31:07 - INFO - Balance de clases tras SMOTETomek:
target
0.0    335
1.0    335
Name: count, dtype: int64
2025-01-09 23:31:08 - INFO - Balance de clases tras SMOTETomek:
target
0.0    334
1.0    334
Name: count, dtype: int64
2025-01-09 23:31:08 - INFO - Balance de clases tras SMOTETomek:
target
0.0    334
1.0    334
Name: count, dtype: int64
2025-01-09 23:31:09 - INFO - Balance de clases tras SMOTETomek:
target
0.0    334
1.0    334
Name: count, dtype: int64
2025-01-09 23:31:10 - INFO - Balance de clases tras SMOTETomek:
target
0.0    335
1.0    335
Name: count, dtype: int64
2025-01-09 23:31:10 - INFO - Balance de clases tras SMOTETomek:
target
0.0    335
1.0    335
Name: count, dtype: int64
2025-01-09 23:31:10 - INFO - Balance de clases tras SMOTETomek:
target
0.0    335
1.0    335
Name: count, dtype: int64
2025-01-09 23:31:11 - INFO - Balance de clases tras SMOTETomek:
target
0.0    335
1.0    335
Name: count, dtype: int64
2025-01-09 23:31:11 - INFO - Balance de clases tras SMOTETomek:
target
0.0    335
1.0    335
Name: count, dtype: int64
2025-01-09 23:31:12 - INFO - Balance de clases tras SMOTETomek:
target
0.0    334
1.0    334
Name: count, dtype: int64
2025-01-09 23:31:12 - INFO - Balance de clases tras SMOTETomek:
target
0.0    335
1.0    335
Name: count, dtype: int64
2025-01-09 23:31:13 - INFO - Balance de clases tras SMOTETomek:
target
0.0    334
1.0    334
Name: count, dtype: int64
2025-01-09 23:31:13 - INFO - Balance de clases tras SMOTETomek:
target
0.0    334
1.0    334
Name: count, dtype: int64
2025-01-09 23:31:14 - INFO - Balance de clases tras SMOTETomek:
target
0.0    335
1.0    335
Name: count, dtype: int64
2025-01-09 23:31:14 - INFO - Balance de clases tras SMOTETomek:
target
0.0    334
1.0    334
Name: count, dtype: int64
2025-01-09 23:31:15 - INFO - Balance de clases tras SMOTETomek:
target
0.0    335
1.0    335
Name: count, dtype: int64
2025-01-09 23:31:15 - INFO - Balance de clases tras SMOTETomek:
target
0.0    335
1.0    335
Name: count, dtype: int64
2025-01-09 23:31:15 - INFO - Balance de clases tras SMOTETomek:
target
0.0    335
1.0    335
Name: count, dtype: int64
2025-01-09 23:31:16 - INFO - Balance de clases tras SMOTETomek:
target
0.0    335
1.0    335
Name: count, dtype: int64
2025-01-09 23:31:16 - INFO - Balance de clases tras SMOTETomek:
target
0.0    334
1.0    334
Name: count, dtype: int64
2025-01-09 23:31:16 - INFO - Balance de clases tras SMOTETomek:
target
0.0    335
1.0    335
Name: count, dtype: int64
2025-01-09 23:31:17 - INFO - Balance de clases tras SMOTETomek:
target
0.0    334
1.0    334
Name: count, dtype: int64
2025-01-09 23:31:17 - INFO - Balance de clases tras SMOTETomek:
target
0.0    334
1.0    334
Name: count, dtype: int64
2025-01-09 23:31:17 - INFO - Balance de clases tras SMOTETomek:
target
0.0    334
1.0    334
Name: count, dtype: int64
2025-01-09 23:31:18 - INFO - Mejor Precision: 0.7564
2025-01-09 23:31:18 - INFO - Mejores parámetros: {'max_depth': 9, 'learning_rate': 0.05986230706322837, 'n_estimators': 383, 'subsample': 0.993882609577161, 'colsample_bytree': 0.8731027233397772, 'gamma': 0.01569722475700605, 'reg_alpha': 0.7058524741682931, 'reg_lambda': 0.6767525288781298}
2025-01-09 23:31:18 - INFO - === Entrenando Pipeline Final con TODO el Training ===
2025-01-09 23:31:18 - INFO - Columnas extra eliminadas: ['future_close', 'change_pct']
2025-01-09 23:31:18 - WARNING - Estas columnas están 100% NaN y se eliminarán antes de imputar: ['VWAP', 'ATR']
2025-01-09 23:31:18 - INFO - Dataset preparado: 2010 filas, 21 features (después de imputación).
2025-01-09 23:31:18 - INFO - Balance de clases tras SMOTETomek:
target
0.0    1035
1.0    1035
Name: count, dtype: int64
2025-01-09 23:31:19 - INFO - Pipeline final entrenado con TODOS los datos de entrenamiento.
2025-01-09 23:31:19 - INFO - Pipeline completo guardado en: ./results/XGBoost_Binario_trained_pipeline.joblib
2025-01-09 23:31:19 - INFO - Parámetros guardados en: ./results/XGBoost_Binario_model_params.txt
2025-01-09 23:31:19 - INFO - Lista de features guardada en: ./results/XGBoost_Binario_feature_cols.txt
2025-01-09 23:31:19 - INFO - Columnas de indicadores existentes eliminadas: ['RSI', 'MACD', 'MACDs', 'MACDh', 'VWAP', 'OBV', 'BBL', 'BBM', 'BBU', 'ATR', 'STOCHk', 'STOCHd', 'CCI', 'SMA_10', 'SMA_50', 'SMA_200', 'EMA_10', 'EMA_50']
2025-01-09 23:31:19 - INFO - Indicadores técnicos agregados. Filas antes: 503, después: 304 (descartadas: 199)
2025-01-09 23:31:19 - INFO - Columnas renombradas: {'RSI_14': 'RSI', 'MACD_12_26_9': 'MACD', 'MACDs_12_26_9': 'MACDs', 'MACDh_12_26_9': 'MACDh', 'VWAP': 'VWAP', 'BBL_20_2.0': 'BBL', 'BBM_20_2.0': 'BBM', 'BBU_20_2.0': 'BBU', 'ATR_14': 'ATR', 'STOCHk_14_3_3': 'STOCHk', 'STOCHd_14_3_3': 'STOCHd', 'CCI_14_0.015': 'CCI', 'SMA_10': 'SMA_10', 'SMA_50': 'SMA_50', 'SMA_200': 'SMA_200', 'EMA_10': 'EMA_10', 'EMA_50': 'EMA_50'}
2025-01-09 23:31:19 - WARNING - Columna faltante 'VWAP' añadida con NaN.
2025-01-09 23:31:19 - WARNING - Columna faltante 'ATR' añadida con NaN.
2025-01-09 23:31:19 - INFO - Target binario con look_ahead=4, min_change=0.032
2025-01-09 23:31:19 - INFO - Distribución de clases (0=Vender, 1=Comprar):
target
1.0    120
0.0    102
Name: count, dtype: int64
2025-01-09 23:31:19 - INFO - Muestra de datos con target:
                        close  future_close  change_pct  target
open_time                                                      
2022-06-14 01:45:00  20855.00      21977.83    0.053840     1.0
2023-01-12 16:45:00  18134.55      20256.26    0.116998     1.0
2023-03-13 13:30:00  22345.05      24743.04    0.107316     1.0
2023-01-20 19:45:00  21496.67      23414.05    0.089194     1.0
2022-09-06 16:45:00  19747.25      22522.74    0.140551     1.0
2022-02-28 13:30:00  38013.04      41554.54    0.093165     1.0
2023-08-29 13:45:00  26052.00      31613.31    0.213470     1.0
2024-04-13 19:30:00  66791.20      62076.00   -0.070596     0.0
2022-03-16 02:00:00  41403.68      38872.41   -0.061136     0.0
2024-08-05 00:00:00  57471.99      50012.02   -0.129802     0.0
2025-01-09 23:31:19 - INFO - Columnas extra eliminadas: ['change_pct', 'future_close']
2025-01-09 23:31:19 - WARNING - Estas columnas están 100% NaN y se eliminarán antes de imputar: ['VWAP', 'ATR']
2025-01-09 23:31:19 - INFO - Dataset preparado: 222 filas, 21 features (después de imputación).
2025-01-09 23:31:19 - INFO - === Evaluación en Test ===
2025-01-09 23:31:19 - INFO - Matriz de confusión [0=Vender, 1=Comprar]:
[[60 42]
 [68 52]]
2025-01-09 23:31:19 - INFO - Reporte de Clasificación:
              precision    recall  f1-score   support

      Vender       0.47      0.59      0.52       102
     Comprar       0.55      0.43      0.49       120

    accuracy                           0.50       222
   macro avg       0.51      0.51      0.50       222
weighted avg       0.51      0.50      0.50       222

2025-01-09 23:31:19 - INFO - Precision: 0.5532
2025-01-09 23:31:19 - INFO - F1-score: 0.4860
2025-01-09 23:31:19 - INFO - Recall: 0.4333
2025-01-09 23:31:19 - INFO - Balanced Accuracy: 0.5108
2025-01-09 23:31:19 - INFO - MCC: 0.0218
2025-01-09 23:31:19 - INFO - AUC: 0.4808
2025-01-09 23:31:20 - INFO - Precision final en Test: 0.5532
2025-01-09 23:31:20 - INFO - Importancia de características guardada en ./results/feature_importances_binary.csv.
2025-01-09 23:31:21 - INFO - Gráfico de importancia de características guardado.
2025-01-09 23:31:21 - INFO - Calculando valores SHAP...
2025-01-09 23:31:23 - INFO - SHAP analysis completado y guardado.
2025-01-09 23:31:23 - INFO - Señales generadas con umbral=0.74
2025-01-09 23:31:23 - INFO - Señales filtradas por tendencia.
2025-01-09 23:31:23 - INFO - Señales guardadas en: ./results/signals_binary.csv
2025-01-09 23:31:23 - INFO - === Proceso Completado con Éxito ===
