2025-01-02 23:48:31 - INFO - Datos cargados desde ML/data/processed/BTCUSDT_15m_processed.csv, filas: 251947
2025-01-02 23:48:31 - INFO - Columnas de indicadores técnicos existentes eliminadas: ['OBV']
2025-01-02 23:48:32 - INFO - Indicadores técnicos agregados al DataFrame. Filas antes: 251947, después: 251898
2025-01-02 23:48:32 - INFO - Columnas después de agregar indicadores técnicos: ['open', 'high', 'low', 'close', 'volume', 'close_time', 'quote_asset_volume', 'number_of_trades', 'taker_buy_base_asset_volume', 'taker_buy_quote_asset_volume', 'ignore', 'RSI_14', 'MACD_12_26_9', 'MACDh_12_26_9', 'MACDs_12_26_9', 'SMA_10', 'SMA_50', 'EMA_10', 'EMA_50', 'VWAP_D', 'BBL_20_2.0', 'BBM_20_2.0', 'BBU_20_2.0', 'BBB_20_2.0', 'BBP_20_2.0', 'ATRr_14', 'STOCHk_14_3_3', 'STOCHd_14_3_3', 'CCI_14_0.015', 'hour_of_day', 'day_of_week', 'is_weekend', 'RSI_14_', 'MACD_12_26_9_', 'MACDh_12_26_9_', 'MACDs_12_26_9_', 'SMA_10_', 'SMA_50_', 'EMA_10_', 'EMA_50_', 'VWAP_D_', 'OBV_', 'BBL_20_2.0_', 'BBM_20_2.0_', 'BBU_20_2.0_', 'BBB_20_2.0_', 'BBP_20_2.0_', 'ATRr_14_', 'STOCHk_14_3_3_', 'STOCHd_14_3_3_', 'CCI_14_0.015_']
2025-01-02 23:48:32 - INFO - Columnas renombradas: {'RSI_14': 'RSI', 'RSI_14_': 'RSI_', 'MACD_12_26_9': 'MACD', 'MACD_12_26_9_': 'MACD_', 'MACDh_12_26_9': 'MACDh', 'MACDh_12_26_9_': 'MACDh_', 'MACDs_12_26_9': 'MACDs', 'MACDs_12_26_9_': 'MACDs_', 'VWAP_D': 'VWAP', 'VWAP_D_': 'VWAP_', 'BBL_20_2.0': 'BBL', 'BBL_20_2.0_': 'BBL_', 'BBM_20_2.0': 'BBM', 'BBM_20_2.0_': 'BBM_', 'BBU_20_2.0': 'BBU', 'BBU_20_2.0_': 'BBU_', 'ATRr_14': 'ATR', 'ATRr_14_': 'ATR_', 'STOCHk_14_3_3': 'STOCHk', 'STOCHk_14_3_3_': 'STOCHk_', 'STOCHd_14_3_3': 'STOCHd', 'STOCHd_14_3_3_': 'STOCHd_', 'CCI_14_0.015': 'CCI', 'CCI_14_0.015_': 'CCI_'}
2025-01-02 23:48:32 - INFO - Columnas duplicadas eliminadas: ['RSI_', 'MACD_', 'MACDh_', 'MACDs_', 'SMA_10_', 'SMA_50_', 'EMA_10_', 'EMA_50_', 'VWAP_', 'OBV_', 'BBL_', 'BBM_', 'BBU_', 'BBB_20_2.0_', 'BBP_20_2.0_', 'ATR_', 'STOCHk_', 'STOCHd_', 'CCI_']
2025-01-02 23:48:32 - WARNING - La columna 'OBV' no está presente después de agregar indicadores. Añadiendo 'OBV' con valor 0.
2025-01-02 23:48:32 - INFO - Target binario mejorado con look_ahead=44, min_change=0.01, max_change=0.2
2025-01-02 23:48:32 - INFO - Distribución de clases (0/1):
target
0    187807
1     63966
Name: count, dtype: int64
2025-01-02 23:48:32 - INFO - División de datos en train y test completada.
2025-01-02 23:48:32 - INFO - === Buscando hiperparámetros (Optuna) en una muestra del training ===
2025-01-02 23:48:32 - INFO - Características utilizadas: ['open', 'high', 'low', 'close', 'volume', 'hour_of_day', 'day_of_week', 'is_weekend', 'RSI', 'MACD', 'MACDs', 'MACDh', 'SMA_10', 'SMA_50', 'EMA_10', 'EMA_50', 'VWAP', 'OBV', 'BBL', 'BBM', 'BBU', 'ATR', 'STOCHk', 'STOCHd', 'CCI']
2025-01-02 23:48:32 - INFO - No se han identificado características categóricas.
2025-01-02 23:48:32 - INFO - Columnas presentes en el DataFrame: ['open', 'high', 'low', 'close', 'volume', 'close_time', 'quote_asset_volume', 'number_of_trades', 'taker_buy_base_asset_volume', 'taker_buy_quote_asset_volume', 'ignore', 'RSI', 'MACD', 'MACDh', 'MACDs', 'SMA_10', 'SMA_50', 'EMA_10', 'EMA_50', 'VWAP', 'BBL', 'BBM', 'BBU', 'BBB_20_2.0', 'BBP_20_2.0', 'ATR', 'STOCHk', 'STOCHd', 'CCI', 'hour_of_day', 'day_of_week', 'is_weekend', 'OBV', 'future_close', 'change_pct', 'target']
2025-01-02 23:48:32 - INFO - Columnas eliminadas durante la preparación: ['close_time', 'quote_asset_volume', 'number_of_trades', 'taker_buy_base_asset_volume', 'taker_buy_quote_asset_volume', 'ignore', 'BBB_20_2.0', 'BBP_20_2.0', 'future_close', 'change_pct']
2025-01-02 23:48:32 - INFO - Conjunto de datos preparado con 41542 filas y 25 características.
2025-01-02 23:48:32 - INFO - Tipo de y_train_sample: <class 'pandas.core.series.Series'>
2025-01-02 23:48:32 - INFO - Shape de y_train_sample: (41542,)
2025-01-02 23:48:32 - INFO - Después de SMOTE: target
0    4271
1    4271
Name: count, dtype: int64
2025-01-02 23:48:32 - INFO - Después de SMOTE: target
0    4271
1    4271
Name: count, dtype: int64
2025-01-02 23:48:33 - INFO - Después de SMOTE: target
0    7994
1    7994
Name: count, dtype: int64
2025-01-02 23:48:33 - INFO - Después de SMOTE: target
0    7994
1    7994
Name: count, dtype: int64
2025-01-02 23:48:34 - INFO - Después de SMOTE: target
0    12127
1    12127
Name: count, dtype: int64
2025-01-02 23:48:35 - INFO - Después de SMOTE: target
0    12127
1    12127
Name: count, dtype: int64
2025-01-02 23:48:36 - INFO - Después de SMOTE: target
0    16939
1    16939
Name: count, dtype: int64
2025-01-02 23:48:37 - INFO - Después de SMOTE: target
0    16939
1    16939
Name: count, dtype: int64
2025-01-02 23:48:38 - INFO - Después de SMOTE: target
0    22236
1    22236
Name: count, dtype: int64
2025-01-02 23:48:39 - INFO - Después de SMOTE: target
0    22236
1    22236
Name: count, dtype: int64
2025-01-02 23:48:40 - INFO - Después de SMOTE: target
0    4271
1    4271
Name: count, dtype: int64
2025-01-02 23:48:41 - INFO - Después de SMOTE: target
0    7994
1    7994
Name: count, dtype: int64
2025-01-02 23:48:41 - INFO - Después de SMOTE: target
0    4271
1    4271
Name: count, dtype: int64
2025-01-02 23:48:42 - INFO - Después de SMOTE: target
0    12127
1    12127
Name: count, dtype: int64
2025-01-02 23:48:42 - INFO - Después de SMOTE: target
0    7994
1    7994
Name: count, dtype: int64
2025-01-02 23:48:42 - INFO - Después de SMOTE: target
0    16939
1    16939
Name: count, dtype: int64
2025-01-02 23:48:44 - INFO - Después de SMOTE: target
0    22236
1    22236
Name: count, dtype: int64
2025-01-02 23:48:44 - INFO - Después de SMOTE: target
0    12127
1    12127
Name: count, dtype: int64
2025-01-02 23:48:45 - INFO - Después de SMOTE: target
0    4271
1    4271
Name: count, dtype: int64
2025-01-02 23:48:45 - INFO - Después de SMOTE: target
0    16939
1    16939
Name: count, dtype: int64
2025-01-02 23:48:46 - INFO - Después de SMOTE: target
0    7994
1    7994
Name: count, dtype: int64
2025-01-02 23:48:47 - INFO - Después de SMOTE: target
0    12127
1    12127
Name: count, dtype: int64
2025-01-02 23:48:47 - INFO - Después de SMOTE: target
0    22236
1    22236
Name: count, dtype: int64
2025-01-02 23:48:48 - INFO - Después de SMOTE: target
0    16939
1    16939
Name: count, dtype: int64
2025-01-02 23:48:49 - INFO - Después de SMOTE: target
0    4271
1    4271
Name: count, dtype: int64
2025-01-02 23:48:50 - INFO - Después de SMOTE: target
0    22236
1    22236
Name: count, dtype: int64
2025-01-02 23:48:51 - INFO - Después de SMOTE: target
0    7994
1    7994
Name: count, dtype: int64
2025-01-02 23:48:52 - INFO - Después de SMOTE: target
0    4271
1    4271
Name: count, dtype: int64
2025-01-02 23:48:53 - INFO - Después de SMOTE: target
0    12127
1    12127
Name: count, dtype: int64
2025-01-02 23:48:53 - INFO - Después de SMOTE: target
0    7994
1    7994
Name: count, dtype: int64
2025-01-02 23:48:54 - INFO - Después de SMOTE: target
0    12127
1    12127
Name: count, dtype: int64
2025-01-02 23:48:55 - INFO - Después de SMOTE: target
0    16939
1    16939
Name: count, dtype: int64
2025-01-02 23:48:55 - INFO - Después de SMOTE: target
0    16939
1    16939
Name: count, dtype: int64
2025-01-02 23:48:57 - INFO - Después de SMOTE: target
0    22236
1    22236
Name: count, dtype: int64
2025-01-02 23:48:57 - INFO - Después de SMOTE: target
0    22236
1    22236
Name: count, dtype: int64
2025-01-02 23:48:58 - INFO - Después de SMOTE: target
0    4271
1    4271
Name: count, dtype: int64
2025-01-02 23:48:59 - INFO - Después de SMOTE: target
0    4271
1    4271
Name: count, dtype: int64
2025-01-02 23:48:59 - INFO - Después de SMOTE: target
0    7994
1    7994
Name: count, dtype: int64
2025-01-02 23:49:00 - INFO - Después de SMOTE: target
0    7994
1    7994
Name: count, dtype: int64
2025-01-02 23:49:00 - INFO - Después de SMOTE: target
0    12127
1    12127
Name: count, dtype: int64
2025-01-02 23:49:01 - INFO - Después de SMOTE: target
0    12127
1    12127
Name: count, dtype: int64
2025-01-02 23:49:01 - INFO - Después de SMOTE: target
0    16939
1    16939
Name: count, dtype: int64
2025-01-02 23:49:03 - INFO - Después de SMOTE: target
0    16939
1    16939
Name: count, dtype: int64
2025-01-02 23:49:03 - INFO - Después de SMOTE: target
0    22236
1    22236
Name: count, dtype: int64
2025-01-02 23:49:04 - INFO - Después de SMOTE: target
0    4271
1    4271
Name: count, dtype: int64
2025-01-02 23:49:05 - INFO - Después de SMOTE: target
0    22236
1    22236
Name: count, dtype: int64
2025-01-02 23:49:06 - INFO - Después de SMOTE: target
0    7994
1    7994
Name: count, dtype: int64
2025-01-02 23:49:06 - INFO - Después de SMOTE: target
0    4271
1    4271
Name: count, dtype: int64
2025-01-02 23:49:08 - INFO - Después de SMOTE: target
0    12127
1    12127
Name: count, dtype: int64
2025-01-02 23:49:08 - INFO - Después de SMOTE: target
0    7994
1    7994
Name: count, dtype: int64
2025-01-02 23:49:10 - INFO - Después de SMOTE: target
0    12127
1    12127
Name: count, dtype: int64
2025-01-02 23:49:10 - INFO - Después de SMOTE: target
0    16939
1    16939
Name: count, dtype: int64
2025-01-02 23:49:12 - INFO - Después de SMOTE: target
0    16939
1    16939
Name: count, dtype: int64
2025-01-02 23:49:13 - INFO - Después de SMOTE: target
0    22236
1    22236
Name: count, dtype: int64
2025-01-02 23:49:14 - INFO - Después de SMOTE: target
0    22236
1    22236
Name: count, dtype: int64
2025-01-02 23:49:15 - INFO - Después de SMOTE: target
0    4271
1    4271
Name: count, dtype: int64
2025-01-02 23:49:18 - INFO - Después de SMOTE: target
0    4271
1    4271
Name: count, dtype: int64
2025-01-02 23:49:18 - INFO - Después de SMOTE: target
0    7994
1    7994
Name: count, dtype: int64
2025-01-02 23:49:20 - INFO - Después de SMOTE: target
0    7994
1    7994
Name: count, dtype: int64
2025-01-02 23:49:20 - INFO - Después de SMOTE: target
0    12127
1    12127
Name: count, dtype: int64
2025-01-02 23:49:22 - INFO - Después de SMOTE: target
0    12127
1    12127
Name: count, dtype: int64
2025-01-02 23:49:23 - INFO - Después de SMOTE: target
0    16939
1    16939
Name: count, dtype: int64
2025-01-02 23:49:24 - INFO - Después de SMOTE: target
0    16939
1    16939
Name: count, dtype: int64
2025-01-02 23:49:26 - INFO - Después de SMOTE: target
0    22236
1    22236
Name: count, dtype: int64
2025-01-02 23:49:27 - INFO - Después de SMOTE: target
0    22236
1    22236
Name: count, dtype: int64
2025-01-02 23:49:29 - INFO - Después de SMOTE: target
0    4271
1    4271
Name: count, dtype: int64
2025-01-02 23:49:30 - INFO - Después de SMOTE: target
0    4271
1    4271
Name: count, dtype: int64
2025-01-02 23:49:30 - INFO - Después de SMOTE: target
0    7994
1    7994
Name: count, dtype: int64
2025-01-02 23:49:32 - INFO - Después de SMOTE: target
0    12127
1    12127
Name: count, dtype: int64
2025-01-02 23:49:32 - INFO - Después de SMOTE: target
0    7994
1    7994
Name: count, dtype: int64
2025-01-02 23:49:33 - INFO - Después de SMOTE: target
0    16939
1    16939
Name: count, dtype: int64
2025-01-02 23:49:35 - INFO - Después de SMOTE: target
0    22236
1    22236
Name: count, dtype: int64
2025-01-02 23:49:35 - INFO - Después de SMOTE: target
0    12127
1    12127
Name: count, dtype: int64
2025-01-02 23:49:37 - INFO - Después de SMOTE: target
0    4271
1    4271
Name: count, dtype: int64
2025-01-02 23:49:39 - INFO - Después de SMOTE: target
0    16939
1    16939
Name: count, dtype: int64
2025-01-02 23:49:39 - INFO - Después de SMOTE: target
0    7994
1    7994
Name: count, dtype: int64
2025-01-02 23:49:42 - INFO - Después de SMOTE: target
0    12127
1    12127
Name: count, dtype: int64
2025-01-02 23:49:43 - INFO - Después de SMOTE: target
0    22236
1    22236
Name: count, dtype: int64
2025-01-02 23:49:46 - INFO - Después de SMOTE: target
0    16939
1    16939
Name: count, dtype: int64
2025-01-02 23:49:49 - INFO - Después de SMOTE: target
0    22236
1    22236
Name: count, dtype: int64
2025-01-02 23:49:52 - INFO - Mejor valor de F1: 0.4685
2025-01-02 23:49:52 - INFO - Mejores parámetros: {'max_depth': 7, 'learning_rate': 0.0010481720079994648, 'n_estimators': 149, 'subsample': 0.8190327933386938, 'colsample_bytree': 0.8774780155332869, 'gamma': 0.38994192498496266, 'reg_alpha': 0.02800528386987249, 'reg_lambda': 0.005146404929429155}
2025-01-02 23:49:52 - INFO - === Entrenando Pipeline Final con TODO el training ===
2025-01-02 23:49:52 - INFO - Columnas presentes en el DataFrame: ['open', 'high', 'low', 'close', 'volume', 'close_time', 'quote_asset_volume', 'number_of_trades', 'taker_buy_base_asset_volume', 'taker_buy_quote_asset_volume', 'ignore', 'RSI', 'MACD', 'MACDh', 'MACDs', 'SMA_10', 'SMA_50', 'EMA_10', 'EMA_50', 'VWAP', 'BBL', 'BBM', 'BBU', 'BBB_20_2.0', 'BBP_20_2.0', 'ATR', 'STOCHk', 'STOCHd', 'CCI', 'hour_of_day', 'day_of_week', 'is_weekend', 'OBV', 'future_close', 'change_pct', 'target']
2025-01-02 23:49:52 - INFO - Columnas eliminadas durante la preparación: ['close_time', 'quote_asset_volume', 'number_of_trades', 'taker_buy_base_asset_volume', 'taker_buy_quote_asset_volume', 'ignore', 'BBB_20_2.0', 'BBP_20_2.0', 'future_close', 'change_pct']
2025-01-02 23:49:52 - INFO - Conjunto de datos preparado con 138475 filas y 25 características.
2025-01-02 23:49:52 - INFO - Tipo de y_train_full: <class 'pandas.core.series.Series'>
2025-01-02 23:49:52 - INFO - Shape de y_train_full: (138475,)
2025-01-02 23:49:55 - INFO - Después de SMOTE: target
0    99300
1    99300
Name: count, dtype: int64
2025-01-02 23:49:55 - INFO - Balance de clases aplicado mediante SMOTE.
2025-01-02 23:49:58 - INFO - Pipeline final entrenado con todos los datos de entrenamiento (binario).
2025-01-02 23:49:58 - INFO - Pipeline completo guardado en: ./results/XGBoost_Binario_trained_pipeline.joblib
2025-01-02 23:49:58 - INFO - Parámetros guardados en: ./results/XGBoost_Binario_model_params.txt
2025-01-02 23:49:58 - INFO - Lista de features guardada en: ./results/XGBoost_Binario_feature_cols.txt
2025-01-02 23:49:58 - INFO - Columnas de indicadores técnicos existentes eliminadas: ['RSI', 'MACD', 'MACDs', 'MACDh', 'VWAP', 'OBV', 'BBL', 'BBM', 'BBU', 'ATR', 'STOCHk', 'STOCHd', 'CCI']
2025-01-02 23:49:59 - INFO - Indicadores técnicos agregados al DataFrame. Filas antes: 113298, después: 113249
2025-01-02 23:49:59 - INFO - Columnas después de agregar indicadores técnicos: ['open', 'high', 'low', 'close', 'volume', 'close_time', 'quote_asset_volume', 'number_of_trades', 'taker_buy_base_asset_volume', 'taker_buy_quote_asset_volume', 'ignore', 'SMA_10', 'SMA_50', 'EMA_10', 'EMA_50', 'BBB_20_2.0', 'BBP_20_2.0', 'hour_of_day', 'day_of_week', 'is_weekend', 'future_close', 'change_pct', 'target', 'RSI_14_', 'MACD_12_26_9_', 'MACDh_12_26_9_', 'MACDs_12_26_9_', 'SMA_10_', 'SMA_50_', 'EMA_10_', 'EMA_50_', 'VWAP_D_', 'OBV_', 'BBL_20_2.0_', 'BBM_20_2.0_', 'BBU_20_2.0_', 'BBB_20_2.0_', 'BBP_20_2.0_', 'ATRr_14_', 'STOCHk_14_3_3_', 'STOCHd_14_3_3_', 'CCI_14_0.015_']
2025-01-02 23:49:59 - INFO - Columnas renombradas: {'RSI_14_': 'RSI', 'MACD_12_26_9_': 'MACD', 'MACDh_12_26_9_': 'MACDh', 'MACDs_12_26_9_': 'MACDs', 'VWAP_D_': 'VWAP', 'BBL_20_2.0_': 'BBL', 'BBM_20_2.0_': 'BBM', 'BBU_20_2.0_': 'BBU', 'ATRr_14_': 'ATR', 'STOCHk_14_3_3_': 'STOCHk', 'STOCHd_14_3_3_': 'STOCHd', 'CCI_14_0.015_': 'CCI'}
2025-01-02 23:49:59 - INFO - Columnas duplicadas eliminadas: ['SMA_10_', 'SMA_50_', 'EMA_10_', 'EMA_50_', 'OBV_', 'BBB_20_2.0_', 'BBP_20_2.0_']
2025-01-02 23:49:59 - WARNING - La columna 'OBV' no está presente después de agregar indicadores. Añadiendo 'OBV' con valor 0.
2025-01-02 23:49:59 - INFO - Target binario mejorado con look_ahead=44, min_change=0.01, max_change=0.2
2025-01-02 23:49:59 - INFO - Distribución de clases (0/1):
target
0    88497
1    24708
Name: count, dtype: int64
2025-01-02 23:49:59 - INFO - Columnas presentes en el DataFrame: ['open', 'high', 'low', 'close', 'volume', 'close_time', 'quote_asset_volume', 'number_of_trades', 'taker_buy_base_asset_volume', 'taker_buy_quote_asset_volume', 'ignore', 'SMA_10', 'SMA_50', 'EMA_10', 'EMA_50', 'BBB_20_2.0', 'BBP_20_2.0', 'hour_of_day', 'day_of_week', 'is_weekend', 'future_close', 'change_pct', 'target', 'RSI', 'MACD', 'MACDh', 'MACDs', 'VWAP', 'BBL', 'BBM', 'BBU', 'ATR', 'STOCHk', 'STOCHd', 'CCI', 'OBV']
2025-01-02 23:49:59 - INFO - Columnas eliminadas durante la preparación: ['close_time', 'quote_asset_volume', 'number_of_trades', 'taker_buy_base_asset_volume', 'taker_buy_quote_asset_volume', 'ignore', 'BBB_20_2.0', 'BBP_20_2.0', 'future_close', 'change_pct']
2025-01-02 23:49:59 - INFO - Conjunto de datos preparado con 113205 filas y 25 características.
2025-01-02 23:49:59 - INFO - Características en X_test_final: ['open', 'high', 'low', 'close', 'volume', 'hour_of_day', 'day_of_week', 'is_weekend', 'RSI', 'MACD', 'MACDs', 'MACDh', 'SMA_10', 'SMA_50', 'EMA_10', 'EMA_50', 'VWAP', 'OBV', 'BBL', 'BBM', 'BBU', 'ATR', 'STOCHk', 'STOCHd', 'CCI']
2025-01-02 23:49:59 - INFO - Tipo de y_test_final: <class 'pandas.core.series.Series'>
2025-01-02 23:49:59 - INFO - Shape de y_test_final: (113205,)
2025-01-02 23:49:59 - INFO - Las características del test coinciden perfectamente con las del entrenamiento.
2025-01-02 23:49:59 - INFO - === Evaluación en Test ===
2025-01-02 23:50:00 - INFO - Matriz de confusión [1,0]:
[[17854  6854]
 [56887 31610]]
2025-01-02 23:50:00 - INFO - Reporte de Clasificación:
              precision    recall  f1-score   support

           1       0.24      0.72      0.36     24708
           0       0.82      0.36      0.50     88497

    accuracy                           0.44    113205
   macro avg       0.53      0.54      0.43    113205
weighted avg       0.69      0.44      0.47    113205

2025-01-02 23:50:00 - INFO - F1-score: 0.3591
2025-01-02 23:50:00 - INFO - Precisión: 0.2389
2025-01-02 23:50:00 - INFO - Recall: 0.7226
2025-01-02 23:50:00 - INFO - AUC Score: 0.5494
2025-01-02 23:50:01 - INFO - F1 final en Test (Binario): 0.3591
2025-01-02 23:50:01 - INFO - === Analizando importancia de características ===
2025-01-02 23:50:01 - INFO - Tabla de importancia de características guardada en ./results/feature_importances_binario.csv.
2025-01-02 23:50:01 - INFO - Gráfico de importancia de características guardado.
2025-01-02 23:50:02 - INFO - Señales generadas con umbrales high=0.75, low=0.3
2025-01-02 23:50:02 - INFO - Señales guardadas en: ./results/signals.csv
2025-01-02 23:50:02 - INFO - === Proceso Completado con Éxito ===
