2025-01-20 21:57:22 - INFO - Datos cargados desde ML/data/processed/BTCUSDT_15m_processed.csv, filas: 254923
2025-01-20 21:57:22 - INFO - Columnas de indicadores existentes eliminadas: ['RSI', 'MACD', 'MACDs', 'MACDh', 'OBV', 'BBL', 'BBM', 'BBU', 'SMA_10', 'SMA_50', 'EMA_10', 'EMA_50']
2025-01-20 21:57:23 - INFO - Indicadores técnicos agregados. Filas antes: 254923, después: 254724 (descartadas: 199)
2025-01-20 21:57:23 - INFO - Columnas renombradas: {'RSI_14': 'RSI', 'MACD_12_26_9': 'MACD', 'MACDs_12_26_9': 'MACDs', 'MACDh_12_26_9': 'MACDh', 'VWAP': 'VWAP', 'BBL_20_2.0': 'BBL', 'BBM_20_2.0': 'BBM', 'BBU_20_2.0': 'BBU', 'ATR_14': 'ATR', 'STOCHk_14_3_3': 'STOCHk', 'STOCHd_14_3_3': 'STOCHd', 'CCI_14_0.015': 'CCI', 'SMA_10': 'SMA_10', 'SMA_50': 'SMA_50', 'SMA_200': 'SMA_200', 'EMA_10': 'EMA_10', 'EMA_50': 'EMA_50'}
2025-01-20 21:57:23 - WARNING - Columna faltante 'VWAP' añadida con NaN.
2025-01-20 21:57:23 - WARNING - Columna faltante 'ATR' añadida con NaN.
2025-01-20 21:57:23 - INFO - Target binario con look_ahead=4, min_change=0.03
2025-01-20 21:57:23 - INFO - Distribución de clases (0=Vender, 1=Comprar):
target
0.0    1594
1.0    1399
Name: count, dtype: int64
2025-01-20 21:57:23 - INFO - Muestra de datos con target:
                        close  future_close  change_pct  target
open_time                                                      
2019-07-10 21:15:00  11710.40      12080.00    0.031562     1.0
2020-01-19 10:45:00   9038.69       8681.44   -0.039525     0.0
2022-11-14 13:15:00  17148.37      16608.40   -0.031488     0.0
2017-12-08 08:30:00  15900.00      14824.48   -0.067643     0.0
2018-01-04 01:15:00  14731.00      15251.92    0.035362     1.0
2021-02-25 23:15:00  48265.50      46752.35   -0.031351     0.0
2020-01-07 23:45:00   8145.28       8431.82    0.035179     1.0
2019-06-28 05:30:00  11149.54      11506.05    0.031975     1.0
2018-01-16 08:30:00  11850.01      11280.87   -0.048029     0.0
2021-05-23 16:00:00  32282.51      33393.01    0.034399     1.0
2025-01-20 21:57:23 - INFO - División de datos en Train/Test completada.
2025-01-20 21:57:23 - INFO - === Búsqueda de hiperparámetros (Optuna) en muestra de Training ===
2025-01-20 21:57:23 - INFO - No se han identificado características categóricas.
2025-01-20 21:57:23 - INFO - Columnas extra eliminadas: ['future_close', 'change_pct']
2025-01-20 21:57:23 - WARNING - Estas columnas están 100% NaN y se eliminarán antes de imputar: ['VWAP', 'ATR']
2025-01-20 21:57:23 - INFO - Dataset preparado: 1847 filas, 21 features (después de imputación).
2025-01-20 21:57:23 - INFO - Balance de clases tras SMOTETomek:
target
0.0    177
1.0    177
Name: count, dtype: int64
2025-01-20 21:57:23 - INFO - Balance de clases tras SMOTETomek:
target
0.0    177
1.0    177
Name: count, dtype: int64
2025-01-20 21:57:23 - INFO - Balance de clases tras SMOTETomek:
target
0.0    321
1.0    321
Name: count, dtype: int64
2025-01-20 21:57:24 - INFO - Balance de clases tras SMOTETomek:
target
0.0    321
1.0    321
Name: count, dtype: int64
2025-01-20 21:57:24 - INFO - Balance de clases tras SMOTETomek:
target
0.0    481
1.0    481
Name: count, dtype: int64
2025-01-20 21:57:25 - INFO - Balance de clases tras SMOTETomek:
target
0.0    648
1.0    648
Name: count, dtype: int64
2025-01-20 21:57:25 - INFO - Balance de clases tras SMOTETomek:
target
0.0    481
1.0    481
Name: count, dtype: int64
2025-01-20 21:57:25 - INFO - Balance de clases tras SMOTETomek:
target
0.0    793
1.0    793
Name: count, dtype: int64
2025-01-20 21:57:26 - INFO - Balance de clases tras SMOTETomek:
target
0.0    648
1.0    648
Name: count, dtype: int64
2025-01-20 21:57:26 - INFO - Balance de clases tras SMOTETomek:
target
0.0    177
1.0    177
Name: count, dtype: int64
2025-01-20 21:57:27 - INFO - Balance de clases tras SMOTETomek:
target
0.0    321
1.0    321
Name: count, dtype: int64
2025-01-20 21:57:27 - INFO - Balance de clases tras SMOTETomek:
target
0.0    793
1.0    793
Name: count, dtype: int64
2025-01-20 21:57:28 - INFO - Balance de clases tras SMOTETomek:
target
0.0    481
1.0    481
Name: count, dtype: int64
2025-01-20 21:57:28 - INFO - Balance de clases tras SMOTETomek:
target
0.0    177
1.0    177
Name: count, dtype: int64
2025-01-20 21:57:28 - INFO - Balance de clases tras SMOTETomek:
target
0.0    321
1.0    321
Name: count, dtype: int64
2025-01-20 21:57:29 - INFO - Balance de clases tras SMOTETomek:
target
0.0    648
1.0    648
Name: count, dtype: int64
2025-01-20 21:57:29 - INFO - Balance de clases tras SMOTETomek:
target
0.0    481
1.0    481
Name: count, dtype: int64
2025-01-20 21:57:29 - INFO - Balance de clases tras SMOTETomek:
target
0.0    648
1.0    648
Name: count, dtype: int64
2025-01-20 21:57:30 - INFO - Balance de clases tras SMOTETomek:
target
0.0    793
1.0    793
Name: count, dtype: int64
2025-01-20 21:57:30 - INFO - Balance de clases tras SMOTETomek:
target
0.0    793
1.0    793
Name: count, dtype: int64
2025-01-20 21:57:31 - INFO - Balance de clases tras SMOTETomek:
target
0.0    177
1.0    177
Name: count, dtype: int64
2025-01-20 21:57:31 - INFO - Balance de clases tras SMOTETomek:
target
0.0    177
1.0    177
Name: count, dtype: int64
2025-01-20 21:57:31 - INFO - Balance de clases tras SMOTETomek:
target
0.0    321
1.0    321
Name: count, dtype: int64
2025-01-20 21:57:31 - INFO - Balance de clases tras SMOTETomek:
target
0.0    321
1.0    321
Name: count, dtype: int64
2025-01-20 21:57:32 - INFO - Balance de clases tras SMOTETomek:
target
0.0    481
1.0    481
Name: count, dtype: int64
2025-01-20 21:57:32 - INFO - Balance de clases tras SMOTETomek:
target
0.0    648
1.0    648
Name: count, dtype: int64
2025-01-20 21:57:32 - INFO - Balance de clases tras SMOTETomek:
target
0.0    793
1.0    793
Name: count, dtype: int64
2025-01-20 21:57:32 - INFO - Balance de clases tras SMOTETomek:
target
0.0    481
1.0    481
Name: count, dtype: int64
2025-01-20 21:57:33 - INFO - Balance de clases tras SMOTETomek:
target
0.0    177
1.0    177
Name: count, dtype: int64
2025-01-20 21:57:33 - INFO - Balance de clases tras SMOTETomek:
target
0.0    648
1.0    648
Name: count, dtype: int64
2025-01-20 21:57:33 - INFO - Balance de clases tras SMOTETomek:
target
0.0    321
1.0    321
Name: count, dtype: int64
2025-01-20 21:57:34 - INFO - Balance de clases tras SMOTETomek:
target
0.0    793
1.0    793
Name: count, dtype: int64
2025-01-20 21:57:35 - INFO - Balance de clases tras SMOTETomek:
target
0.0    481
1.0    481
Name: count, dtype: int64
2025-01-20 21:57:35 - INFO - Balance de clases tras SMOTETomek:
target
0.0    177
1.0    177
Name: count, dtype: int64
2025-01-20 21:57:36 - INFO - Balance de clases tras SMOTETomek:
target
0.0    321
1.0    321
Name: count, dtype: int64
2025-01-20 21:57:36 - INFO - Balance de clases tras SMOTETomek:
target
0.0    648
1.0    648
Name: count, dtype: int64
2025-01-20 21:57:37 - INFO - Balance de clases tras SMOTETomek:
target
0.0    481
1.0    481
Name: count, dtype: int64
2025-01-20 21:57:37 - INFO - Balance de clases tras SMOTETomek:
target
0.0    648
1.0    648
Name: count, dtype: int64
2025-01-20 21:57:38 - INFO - Balance de clases tras SMOTETomek:
target
0.0    793
1.0    793
Name: count, dtype: int64
2025-01-20 21:57:38 - INFO - Balance de clases tras SMOTETomek:
target
0.0    793
1.0    793
Name: count, dtype: int64
2025-01-20 21:57:39 - INFO - Balance de clases tras SMOTETomek:
target
0.0    177
1.0    177
Name: count, dtype: int64
2025-01-20 21:57:39 - INFO - Balance de clases tras SMOTETomek:
target
0.0    321
1.0    321
Name: count, dtype: int64
2025-01-20 21:57:40 - INFO - Balance de clases tras SMOTETomek:
target
0.0    177
1.0    177
Name: count, dtype: int64
2025-01-20 21:57:40 - INFO - Balance de clases tras SMOTETomek:
target
0.0    481
1.0    481
Name: count, dtype: int64
2025-01-20 21:57:41 - INFO - Balance de clases tras SMOTETomek:
target
0.0    321
1.0    321
Name: count, dtype: int64
2025-01-20 21:57:41 - INFO - Balance de clases tras SMOTETomek:
target
0.0    648
1.0    648
Name: count, dtype: int64
2025-01-20 21:57:42 - INFO - Balance de clases tras SMOTETomek:
target
0.0    793
1.0    793
Name: count, dtype: int64
2025-01-20 21:57:42 - INFO - Balance de clases tras SMOTETomek:
target
0.0    481
1.0    481
Name: count, dtype: int64
2025-01-20 21:57:42 - INFO - Balance de clases tras SMOTETomek:
target
0.0    177
1.0    177
Name: count, dtype: int64
2025-01-20 21:57:43 - INFO - Balance de clases tras SMOTETomek:
target
0.0    321
1.0    321
Name: count, dtype: int64
2025-01-20 21:57:43 - INFO - Balance de clases tras SMOTETomek:
target
0.0    648
1.0    648
Name: count, dtype: int64
2025-01-20 21:57:43 - INFO - Balance de clases tras SMOTETomek:
target
0.0    481
1.0    481
Name: count, dtype: int64
2025-01-20 21:57:44 - INFO - Balance de clases tras SMOTETomek:
target
0.0    648
1.0    648
Name: count, dtype: int64
2025-01-20 21:57:44 - INFO - Balance de clases tras SMOTETomek:
target
0.0    793
1.0    793
Name: count, dtype: int64
2025-01-20 21:57:44 - INFO - Balance de clases tras SMOTETomek:
target
0.0    793
1.0    793
Name: count, dtype: int64
2025-01-20 21:57:45 - INFO - Balance de clases tras SMOTETomek:
target
0.0    177
1.0    177
Name: count, dtype: int64
2025-01-20 21:57:46 - INFO - Balance de clases tras SMOTETomek:
target
0.0    177
1.0    177
Name: count, dtype: int64
2025-01-20 21:57:46 - INFO - Balance de clases tras SMOTETomek:
target
0.0    321
1.0    321
Name: count, dtype: int64
2025-01-20 21:57:47 - INFO - Balance de clases tras SMOTETomek:
target
0.0    481
1.0    481
Name: count, dtype: int64
2025-01-20 21:57:47 - INFO - Balance de clases tras SMOTETomek:
target
0.0    321
1.0    321
Name: count, dtype: int64
2025-01-20 21:57:47 - INFO - Balance de clases tras SMOTETomek:
target
0.0    648
1.0    648
Name: count, dtype: int64
2025-01-20 21:57:48 - INFO - Balance de clases tras SMOTETomek:
target
0.0    793
1.0    793
Name: count, dtype: int64
2025-01-20 21:57:48 - INFO - Balance de clases tras SMOTETomek:
target
0.0    177
1.0    177
Name: count, dtype: int64
2025-01-20 21:57:49 - INFO - Balance de clases tras SMOTETomek:
target
0.0    481
1.0    481
Name: count, dtype: int64
2025-01-20 21:57:50 - INFO - Balance de clases tras SMOTETomek:
target
0.0    321
1.0    321
Name: count, dtype: int64
2025-01-20 21:57:51 - INFO - Balance de clases tras SMOTETomek:
target
0.0    481
1.0    481
Name: count, dtype: int64
2025-01-20 21:57:52 - INFO - Balance de clases tras SMOTETomek:
target
0.0    648
1.0    648
Name: count, dtype: int64
2025-01-20 21:57:53 - INFO - Balance de clases tras SMOTETomek:
target
0.0    648
1.0    648
Name: count, dtype: int64
2025-01-20 21:57:54 - INFO - Balance de clases tras SMOTETomek:
target
0.0    793
1.0    793
Name: count, dtype: int64
2025-01-20 21:57:55 - INFO - Balance de clases tras SMOTETomek:
target
0.0    793
1.0    793
Name: count, dtype: int64
2025-01-20 21:57:57 - INFO - Balance de clases tras SMOTETomek:
target
0.0    177
1.0    177
Name: count, dtype: int64
2025-01-20 21:57:57 - INFO - Balance de clases tras SMOTETomek:
target
0.0    321
1.0    321
Name: count, dtype: int64
2025-01-20 21:57:58 - INFO - Balance de clases tras SMOTETomek:
target
0.0    481
1.0    481
Name: count, dtype: int64
2025-01-20 21:57:59 - INFO - Balance de clases tras SMOTETomek:
target
0.0    177
1.0    177
Name: count, dtype: int64
2025-01-20 21:57:59 - INFO - Balance de clases tras SMOTETomek:
target
0.0    648
1.0    648
Name: count, dtype: int64
2025-01-20 21:58:00 - INFO - Balance de clases tras SMOTETomek:
target
0.0    321
1.0    321
Name: count, dtype: int64
2025-01-20 21:58:00 - INFO - Balance de clases tras SMOTETomek:
target
0.0    793
1.0    793
Name: count, dtype: int64
2025-01-20 21:58:00 - INFO - Balance de clases tras SMOTETomek:
target
0.0    481
1.0    481
Name: count, dtype: int64
2025-01-20 21:58:01 - INFO - Balance de clases tras SMOTETomek:
target
0.0    177
1.0    177
Name: count, dtype: int64
2025-01-20 21:58:01 - INFO - Balance de clases tras SMOTETomek:
target
0.0    648
1.0    648
Name: count, dtype: int64
2025-01-20 21:58:01 - INFO - Balance de clases tras SMOTETomek:
target
0.0    321
1.0    321
Name: count, dtype: int64
2025-01-20 21:58:02 - INFO - Balance de clases tras SMOTETomek:
target
0.0    793
1.0    793
Name: count, dtype: int64
2025-01-20 21:58:02 - INFO - Balance de clases tras SMOTETomek:
target
0.0    481
1.0    481
Name: count, dtype: int64
2025-01-20 21:58:02 - INFO - Balance de clases tras SMOTETomek:
target
0.0    177
1.0    177
Name: count, dtype: int64
2025-01-20 21:58:03 - INFO - Balance de clases tras SMOTETomek:
target
0.0    648
1.0    648
Name: count, dtype: int64
2025-01-20 21:58:03 - INFO - Balance de clases tras SMOTETomek:
target
0.0    321
1.0    321
Name: count, dtype: int64
2025-01-20 21:58:03 - INFO - Balance de clases tras SMOTETomek:
target
0.0    793
1.0    793
Name: count, dtype: int64
2025-01-20 21:58:04 - INFO - Balance de clases tras SMOTETomek:
target
0.0    481
1.0    481
Name: count, dtype: int64
2025-01-20 21:58:04 - INFO - Balance de clases tras SMOTETomek:
target
0.0    177
1.0    177
Name: count, dtype: int64
2025-01-20 21:58:05 - INFO - Balance de clases tras SMOTETomek:
target
0.0    648
1.0    648
Name: count, dtype: int64
2025-01-20 21:58:05 - INFO - Balance de clases tras SMOTETomek:
target
0.0    793
1.0    793
Name: count, dtype: int64
2025-01-20 21:58:05 - INFO - Balance de clases tras SMOTETomek:
target
0.0    321
1.0    321
Name: count, dtype: int64
2025-01-20 21:58:06 - INFO - Balance de clases tras SMOTETomek:
target
0.0    177
1.0    177
Name: count, dtype: int64
2025-01-20 21:58:06 - INFO - Balance de clases tras SMOTETomek:
target
0.0    321
1.0    321
Name: count, dtype: int64
2025-01-20 21:58:07 - INFO - Balance de clases tras SMOTETomek:
target
0.0    481
1.0    481
Name: count, dtype: int64
2025-01-20 21:58:07 - INFO - Balance de clases tras SMOTETomek:
target
0.0    481
1.0    481
Name: count, dtype: int64
2025-01-20 21:58:07 - INFO - Balance de clases tras SMOTETomek:
target
0.0    648
1.0    648
Name: count, dtype: int64
2025-01-20 21:58:08 - INFO - Balance de clases tras SMOTETomek:
target
0.0    793
1.0    793
Name: count, dtype: int64
2025-01-20 21:58:08 - INFO - Balance de clases tras SMOTETomek:
target
0.0    648
1.0    648
Name: count, dtype: int64
2025-01-20 21:58:08 - INFO - Balance de clases tras SMOTETomek:
target
0.0    177
1.0    177
Name: count, dtype: int64
2025-01-20 21:58:09 - INFO - Balance de clases tras SMOTETomek:
target
0.0    321
1.0    321
Name: count, dtype: int64
