2025-01-11 19:29:09 - INFO - Datos cargados desde ML/data/processed/BTCUSDT_15m_processed.csv, filas: 254923
2025-01-11 19:29:09 - INFO - Columnas de indicadores existentes eliminadas: ['RSI', 'MACD', 'MACDs', 'MACDh', 'OBV', 'BBL', 'BBM', 'BBU', 'SMA_10', 'SMA_50', 'EMA_10', 'EMA_50']
2025-01-11 19:29:09 - INFO - Indicadores técnicos agregados. Filas antes: 254923, después: 254724 (descartadas: 199)
2025-01-11 19:29:09 - INFO - Columnas renombradas: {'RSI_14': 'RSI', 'MACD_12_26_9': 'MACD', 'MACDs_12_26_9': 'MACDs', 'MACDh_12_26_9': 'MACDh', 'VWAP': 'VWAP', 'BBL_20_2.0': 'BBL', 'BBM_20_2.0': 'BBM', 'BBU_20_2.0': 'BBU', 'ATR_14': 'ATR', 'STOCHk_14_3_3': 'STOCHk', 'STOCHd_14_3_3': 'STOCHd', 'CCI_14_0.015': 'CCI', 'SMA_10': 'SMA_10', 'SMA_50': 'SMA_50', 'SMA_200': 'SMA_200', 'EMA_10': 'EMA_10', 'EMA_50': 'EMA_50'}
2025-01-11 19:29:09 - WARNING - Columna faltante 'VWAP' añadida con NaN.
2025-01-11 19:29:09 - WARNING - Columna faltante 'ATR' añadida con NaN.
2025-01-11 19:29:10 - INFO - Target binario con look_ahead=6, min_change=0.031
2025-01-11 19:29:10 - INFO - Distribución de clases (0=Vender, 1=Comprar):
target
0.0    2372
1.0    2190
Name: count, dtype: int64
2025-01-11 19:29:10 - INFO - Muestra de datos con target:
                        close  future_close  change_pct  target
open_time                                                      
2019-09-24 19:00:00   8680.62       8390.13   -0.033464     0.0
2018-01-12 18:45:00  13405.28      13834.95    0.032052     1.0
2019-07-03 07:15:00  11427.73      10996.15   -0.037766     0.0
2022-07-07 18:15:00  21100.60      21812.47    0.033737     1.0
2017-12-24 08:30:00  13399.00      12449.98   -0.070828     0.0
2019-06-28 08:30:00  11580.87      11995.43    0.035797     1.0
2024-09-06 12:45:00  56873.99      54819.65   -0.036121     0.0
2018-04-12 11:00:00   7290.00       7685.00    0.054184     1.0
2017-11-12 04:30:00   5960.00       5519.00   -0.073993     0.0
2019-07-03 22:00:00  11435.48      11931.39    0.043366     1.0
2025-01-11 19:29:10 - INFO - División de datos en Train/Test completada.
2025-01-11 19:29:10 - INFO - === Búsqueda de hiperparámetros (Optuna) en muestra de Training ===
2025-01-11 19:29:10 - INFO - No se han identificado características categóricas.
2025-01-11 19:29:10 - INFO - Columnas extra eliminadas: ['future_close', 'change_pct']
2025-01-11 19:29:10 - WARNING - Estas columnas están 100% NaN y se eliminarán antes de imputar: ['VWAP', 'ATR']
2025-01-11 19:29:10 - INFO - Dataset preparado: 2668 filas, 21 features (después de imputación).
2025-01-11 19:29:10 - INFO - Balance de clases tras SMOTETomek:
target
0.0    1104
1.0    1104
Name: count, dtype: int64
2025-01-11 19:29:10 - INFO - Balance de clases tras SMOTETomek:
target
0.0    1104
1.0    1104
Name: count, dtype: int64
2025-01-11 19:29:11 - INFO - Balance de clases tras SMOTETomek:
target
0.0    1107
1.0    1107
Name: count, dtype: int64
2025-01-11 19:29:11 - INFO - Balance de clases tras SMOTETomek:
target
0.0    1107
1.0    1107
Name: count, dtype: int64
2025-01-11 19:29:12 - INFO - Balance de clases tras SMOTETomek:
target
0.0    1102
1.0    1102
Name: count, dtype: int64
2025-01-11 19:29:13 - INFO - Balance de clases tras SMOTETomek:
target
0.0    1100
1.0    1100
Name: count, dtype: int64
2025-01-11 19:29:13 - INFO - Balance de clases tras SMOTETomek:
target
0.0    1102
1.0    1102
Name: count, dtype: int64
2025-01-11 19:29:13 - INFO - Balance de clases tras SMOTETomek:
target
0.0    1099
1.0    1099
Name: count, dtype: int64
2025-01-11 19:29:15 - INFO - Balance de clases tras SMOTETomek:
target
0.0    1100
1.0    1100
Name: count, dtype: int64
2025-01-11 19:29:17 - INFO - Balance de clases tras SMOTETomek:
target
0.0    1099
1.0    1099
Name: count, dtype: int64
2025-01-11 19:29:18 - INFO - Mejor Precision: 0.8141
2025-01-11 19:29:18 - INFO - Mejores parámetros: {'max_depth': 6, 'learning_rate': 0.023259563525720898, 'n_estimators': 460, 'subsample': 0.9713981706589513, 'colsample_bytree': 0.8844125489335813, 'gamma': 0.28069800352962826, 'reg_alpha': 0.7514133931807156, 'reg_lambda': 0.01700291394140696}
2025-01-11 19:29:18 - INFO - === Entrenando Pipeline Final con TODO el Training ===
2025-01-11 19:29:18 - INFO - Columnas extra eliminadas: ['future_close', 'change_pct']
2025-01-11 19:29:18 - WARNING - Estas columnas están 100% NaN y se eliminarán antes de imputar: ['VWAP', 'ATR']
2025-01-11 19:29:18 - INFO - Dataset preparado: 2965 filas, 21 features (después de imputación).
2025-01-11 19:29:18 - INFO - Balance de clases tras SMOTETomek:
target
0.0    1508
1.0    1508
Name: count, dtype: int64
2025-01-11 19:29:20 - INFO - Pipeline final entrenado con TODOS los datos de entrenamiento.
2025-01-11 19:29:20 - INFO - Pipeline completo guardado en: ./results/XGBoost_Binario_trained_pipeline.joblib
2025-01-11 19:29:20 - INFO - Parámetros guardados en: ./results/XGBoost_Binario_model_params.txt
2025-01-11 19:29:20 - INFO - Lista de features guardada en: ./results/XGBoost_Binario_feature_cols.txt
2025-01-11 19:29:20 - INFO - Columnas de indicadores existentes eliminadas: ['RSI', 'MACD', 'MACDs', 'MACDh', 'VWAP', 'OBV', 'BBL', 'BBM', 'BBU', 'ATR', 'STOCHk', 'STOCHd', 'CCI', 'SMA_10', 'SMA_50', 'SMA_200', 'EMA_10', 'EMA_50']
2025-01-11 19:29:20 - INFO - Indicadores técnicos agregados. Filas antes: 1597, después: 1398 (descartadas: 199)
2025-01-11 19:29:20 - INFO - Columnas renombradas: {'RSI_14': 'RSI', 'MACD_12_26_9': 'MACD', 'MACDs_12_26_9': 'MACDs', 'MACDh_12_26_9': 'MACDh', 'VWAP': 'VWAP', 'BBL_20_2.0': 'BBL', 'BBM_20_2.0': 'BBM', 'BBU_20_2.0': 'BBU', 'ATR_14': 'ATR', 'STOCHk_14_3_3': 'STOCHk', 'STOCHd_14_3_3': 'STOCHd', 'CCI_14_0.015': 'CCI', 'SMA_10': 'SMA_10', 'SMA_50': 'SMA_50', 'SMA_200': 'SMA_200', 'EMA_10': 'EMA_10', 'EMA_50': 'EMA_50'}
2025-01-11 19:29:20 - WARNING - Columna faltante 'VWAP' añadida con NaN.
2025-01-11 19:29:20 - WARNING - Columna faltante 'ATR' añadida con NaN.
2025-01-11 19:29:20 - INFO - Target binario con look_ahead=6, min_change=0.031
2025-01-11 19:29:20 - INFO - Distribución de clases (0=Vender, 1=Comprar):
target
1.0    522
0.0    520
Name: count, dtype: int64
2025-01-11 19:29:20 - INFO - Muestra de datos con target:
                        close  future_close  change_pct  target
open_time                                                      
2021-01-13 06:15:00  33821.87      37210.31    0.100185     1.0
2021-06-13 15:00:00  35924.63      37369.63    0.040223     1.0
2021-02-23 06:45:00  49547.02      46830.24   -0.054832     0.0
2022-02-10 14:15:00  43522.99      36885.82   -0.152498     0.0
2024-01-11 15:15:00  47796.14      49761.11    0.041111     1.0
2021-11-07 23:00:00  62762.71      57709.87   -0.080507     0.0
2024-03-06 04:00:00  63497.99      69319.79    0.091685     1.0
2021-01-11 07:00:00  33025.36      35413.48    0.072312     1.0
2021-02-28 19:15:00  43503.95      50933.12    0.170770     1.0
2021-01-06 20:00:00  34335.63      38515.95    0.121749     1.0
2025-01-11 19:29:20 - INFO - Columnas extra eliminadas: ['change_pct', 'future_close']
2025-01-11 19:29:20 - WARNING - Estas columnas están 100% NaN y se eliminarán antes de imputar: ['VWAP', 'ATR']
2025-01-11 19:29:20 - INFO - Dataset preparado: 1042 filas, 21 features (después de imputación).
2025-01-11 19:29:20 - INFO - === Evaluación en Test ===
2025-01-11 19:29:20 - INFO - Matriz de confusión [0=Vender, 1=Comprar]:
[[464  56]
 [456  66]]
2025-01-11 19:29:20 - INFO - Reporte de Clasificación:
              precision    recall  f1-score   support

      Vender       0.50      0.89      0.64       520
     Comprar       0.54      0.13      0.20       522

    accuracy                           0.51      1042
   macro avg       0.52      0.51      0.42      1042
weighted avg       0.52      0.51      0.42      1042

2025-01-11 19:29:20 - INFO - Precision: 0.5410
2025-01-11 19:29:20 - INFO - F1-score: 0.2050
2025-01-11 19:29:20 - INFO - Recall: 0.1264
2025-01-11 19:29:20 - INFO - Balanced Accuracy: 0.5094
2025-01-11 19:29:20 - INFO - MCC: 0.0291
2025-01-11 19:29:20 - INFO - AUC: 0.5126
2025-01-11 19:29:21 - INFO - Precision final en Test: 0.5410
2025-01-11 19:29:21 - INFO - Importancia de características guardada en ./results/feature_importances_binary.csv.
2025-01-11 19:29:22 - INFO - Gráfico de importancia de características guardado.
2025-01-11 19:29:22 - INFO - Calculando valores SHAP...
2025-01-11 19:29:24 - INFO - SHAP analysis completado y guardado.
2025-01-11 19:29:24 - INFO - Señales generadas con umbral=0.55
2025-01-11 19:29:24 - INFO - Señales filtradas por tendencia.
2025-01-11 19:29:24 - INFO - Señales guardadas en: ./results/signals_binary.csv
2025-01-11 19:29:24 - INFO - === Proceso Completado con Éxito ===
