2025-01-09 23:15:25 - INFO - Datos cargados desde ML/data/processed/BTCUSDT_15m_processed.csv, filas: 251947
2025-01-09 23:15:25 - INFO - Columnas de indicadores existentes eliminadas: ['RSI', 'MACD', 'MACDs', 'MACDh', 'OBV', 'BBL', 'BBM', 'BBU', 'SMA_10', 'SMA_50', 'EMA_10', 'EMA_50']
2025-01-09 23:15:25 - INFO - Indicadores técnicos agregados. Filas antes: 251947, después: 251748 (descartadas: 199)
2025-01-09 23:15:25 - INFO - Columnas renombradas: {'RSI_14': 'RSI', 'MACD_12_26_9': 'MACD', 'MACDs_12_26_9': 'MACDs', 'MACDh_12_26_9': 'MACDh', 'VWAP': 'VWAP', 'BBL_20_2.0': 'BBL', 'BBM_20_2.0': 'BBM', 'BBU_20_2.0': 'BBU', 'ATR_14': 'ATR', 'STOCHk_14_3_3': 'STOCHk', 'STOCHd_14_3_3': 'STOCHd', 'CCI_14_0.015': 'CCI', 'SMA_10': 'SMA_10', 'SMA_50': 'SMA_50', 'SMA_200': 'SMA_200', 'EMA_10': 'EMA_10', 'EMA_50': 'EMA_50'}
2025-01-09 23:15:25 - WARNING - Columna faltante 'VWAP' añadida con NaN.
2025-01-09 23:15:25 - WARNING - Columna faltante 'ATR' añadida con NaN.
2025-01-09 23:15:26 - INFO - Target binario con look_ahead=4, min_change=0.038
2025-01-09 23:15:26 - INFO - Distribución de clases (0=Vender, 1=Comprar):
target
0.0    816
1.0    718
Name: count, dtype: int64
2025-01-09 23:15:26 - INFO - Muestra de datos con target:
                        close  future_close  change_pct  target
open_time                                                      
2018-04-01 15:45:00   6445.00       6783.71    0.052554     1.0
2019-01-10 15:45:00   3726.39       3583.21   -0.038423     0.0
2017-12-22 00:30:00  15256.11      14399.98   -0.056117     0.0
2017-12-22 15:15:00  12858.99      11950.02   -0.070688     0.0
2022-06-08 02:30:00  31078.07      29883.33   -0.038443     0.0
2017-12-18 12:00:00  19212.23      18340.85   -0.045355     0.0
2017-09-15 13:00:00   3280.00       3650.01    0.112808     1.0
2017-12-24 01:30:00  13096.90      12499.98   -0.045577     0.0
2018-01-18 17:45:00  10910.33      11465.00    0.050839     1.0
2017-12-10 20:45:00  15215.01      14294.50   -0.060500     0.0
2025-01-09 23:15:26 - INFO - División de datos en Train/Test completada.
2025-01-09 23:15:26 - INFO - === Búsqueda de hiperparámetros (Optuna) en muestra de Training ===
2025-01-09 23:15:26 - INFO - No se han identificado características categóricas.
2025-01-09 23:15:26 - INFO - Columnas extra eliminadas: ['future_close', 'change_pct']
2025-01-09 23:15:26 - WARNING - Estas columnas están 100% NaN y se eliminarán antes de imputar: ['VWAP', 'ATR']
2025-01-09 23:15:26 - INFO - Dataset preparado: 490 filas, 21 features (después de imputación).
2025-01-09 23:15:26 - INFO - Balance de clases tras SMOTETomek:
target
0.0    213
1.0    213
Name: count, dtype: int64
2025-01-09 23:15:26 - INFO - Balance de clases tras SMOTETomek:
target
0.0    213
1.0    213
Name: count, dtype: int64
2025-01-09 23:15:26 - INFO - Balance de clases tras SMOTETomek:
target
0.0    210
1.0    210
Name: count, dtype: int64
2025-01-09 23:15:26 - INFO - Balance de clases tras SMOTETomek:
target
0.0    210
1.0    210
Name: count, dtype: int64
2025-01-09 23:15:27 - INFO - Balance de clases tras SMOTETomek:
target
0.0    210
1.0    210
Name: count, dtype: int64
2025-01-09 23:15:27 - INFO - Balance de clases tras SMOTETomek:
target
0.0    210
1.0    210
Name: count, dtype: int64
2025-01-09 23:15:27 - INFO - Balance de clases tras SMOTETomek:
target
0.0    209
1.0    209
Name: count, dtype: int64
2025-01-09 23:15:28 - INFO - Balance de clases tras SMOTETomek:
target
0.0    215
1.0    215
Name: count, dtype: int64
2025-01-09 23:15:28 - INFO - Balance de clases tras SMOTETomek:
target
0.0    209
1.0    209
Name: count, dtype: int64
2025-01-09 23:15:28 - INFO - Balance de clases tras SMOTETomek:
target
0.0    213
1.0    213
Name: count, dtype: int64
2025-01-09 23:15:28 - INFO - Balance de clases tras SMOTETomek:
target
0.0    215
1.0    215
Name: count, dtype: int64
2025-01-09 23:15:29 - INFO - Balance de clases tras SMOTETomek:
target
0.0    210
1.0    210
Name: count, dtype: int64
2025-01-09 23:15:29 - INFO - Balance de clases tras SMOTETomek:
target
0.0    210
1.0    210
Name: count, dtype: int64
2025-01-09 23:15:29 - INFO - Balance de clases tras SMOTETomek:
target
0.0    213
1.0    213
Name: count, dtype: int64
2025-01-09 23:15:30 - INFO - Balance de clases tras SMOTETomek:
target
0.0    209
1.0    209
Name: count, dtype: int64
2025-01-09 23:15:30 - INFO - Balance de clases tras SMOTETomek:
target
0.0    210
1.0    210
Name: count, dtype: int64
2025-01-09 23:15:31 - INFO - Balance de clases tras SMOTETomek:
target
0.0    215
1.0    215
Name: count, dtype: int64
2025-01-09 23:15:31 - INFO - Balance de clases tras SMOTETomek:
target
0.0    210
1.0    210
Name: count, dtype: int64
2025-01-09 23:15:31 - INFO - Balance de clases tras SMOTETomek:
target
0.0    213
1.0    213
Name: count, dtype: int64
2025-01-09 23:15:32 - INFO - Balance de clases tras SMOTETomek:
target
0.0    209
1.0    209
Name: count, dtype: int64
2025-01-09 23:15:33 - INFO - Balance de clases tras SMOTETomek:
target
0.0    210
1.0    210
Name: count, dtype: int64
2025-01-09 23:15:33 - INFO - Balance de clases tras SMOTETomek:
target
0.0    215
1.0    215
Name: count, dtype: int64
2025-01-09 23:15:33 - INFO - Balance de clases tras SMOTETomek:
target
0.0    210
1.0    210
Name: count, dtype: int64
2025-01-09 23:15:34 - INFO - Balance de clases tras SMOTETomek:
target
0.0    213
1.0    213
Name: count, dtype: int64
2025-01-09 23:15:34 - INFO - Balance de clases tras SMOTETomek:
target
0.0    210
1.0    210
Name: count, dtype: int64
2025-01-09 23:15:34 - INFO - Balance de clases tras SMOTETomek:
target
0.0    209
1.0    209
Name: count, dtype: int64
2025-01-09 23:15:35 - INFO - Balance de clases tras SMOTETomek:
target
0.0    210
1.0    210
Name: count, dtype: int64
2025-01-09 23:15:35 - INFO - Balance de clases tras SMOTETomek:
target
0.0    209
1.0    209
Name: count, dtype: int64
2025-01-09 23:15:35 - INFO - Balance de clases tras SMOTETomek:
target
0.0    215
1.0    215
Name: count, dtype: int64
2025-01-09 23:15:36 - INFO - Balance de clases tras SMOTETomek:
target
0.0    215
1.0    215
Name: count, dtype: int64
2025-01-09 23:15:36 - INFO - Balance de clases tras SMOTETomek:
target
0.0    213
1.0    213
Name: count, dtype: int64
2025-01-09 23:15:36 - INFO - Balance de clases tras SMOTETomek:
target
0.0    213
1.0    213
Name: count, dtype: int64
2025-01-09 23:15:37 - INFO - Balance de clases tras SMOTETomek:
target
0.0    210
1.0    210
Name: count, dtype: int64
2025-01-09 23:15:37 - INFO - Balance de clases tras SMOTETomek:
target
0.0    210
1.0    210
Name: count, dtype: int64
2025-01-09 23:15:38 - INFO - Balance de clases tras SMOTETomek:
target
0.0    210
1.0    210
Name: count, dtype: int64
2025-01-09 23:15:38 - INFO - Balance de clases tras SMOTETomek:
target
0.0    209
1.0    209
Name: count, dtype: int64
2025-01-09 23:15:38 - INFO - Balance de clases tras SMOTETomek:
target
0.0    210
1.0    210
Name: count, dtype: int64
2025-01-09 23:15:39 - INFO - Balance de clases tras SMOTETomek:
target
0.0    215
1.0    215
Name: count, dtype: int64
2025-01-09 23:15:39 - INFO - Balance de clases tras SMOTETomek:
target
0.0    213
1.0    213
Name: count, dtype: int64
2025-01-09 23:15:39 - INFO - Balance de clases tras SMOTETomek:
target
0.0    209
1.0    209
Name: count, dtype: int64
2025-01-09 23:15:40 - INFO - Balance de clases tras SMOTETomek:
target
0.0    210
1.0    210
Name: count, dtype: int64
2025-01-09 23:15:40 - INFO - Balance de clases tras SMOTETomek:
target
0.0    210
1.0    210
Name: count, dtype: int64
2025-01-09 23:15:40 - INFO - Balance de clases tras SMOTETomek:
target
0.0    215
1.0    215
Name: count, dtype: int64
2025-01-09 23:15:40 - INFO - Balance de clases tras SMOTETomek:
target
0.0    209
1.0    209
Name: count, dtype: int64
2025-01-09 23:15:41 - INFO - Balance de clases tras SMOTETomek:
target
0.0    215
1.0    215
Name: count, dtype: int64
2025-01-09 23:15:41 - INFO - Balance de clases tras SMOTETomek:
target
0.0    213
1.0    213
Name: count, dtype: int64
2025-01-09 23:15:41 - INFO - Balance de clases tras SMOTETomek:
target
0.0    213
1.0    213
Name: count, dtype: int64
2025-01-09 23:15:42 - INFO - Balance de clases tras SMOTETomek:
target
0.0    210
1.0    210
Name: count, dtype: int64
2025-01-09 23:15:43 - INFO - Balance de clases tras SMOTETomek:
target
0.0    210
1.0    210
Name: count, dtype: int64
2025-01-09 23:15:43 - INFO - Balance de clases tras SMOTETomek:
target
0.0    210
1.0    210
Name: count, dtype: int64
2025-01-09 23:15:44 - INFO - Balance de clases tras SMOTETomek:
target
0.0    209
1.0    209
Name: count, dtype: int64
2025-01-09 23:15:45 - INFO - Balance de clases tras SMOTETomek:
target
0.0    215
1.0    215
Name: count, dtype: int64
2025-01-09 23:15:45 - INFO - Balance de clases tras SMOTETomek:
target
0.0    210
1.0    210
Name: count, dtype: int64
2025-01-09 23:15:46 - INFO - Balance de clases tras SMOTETomek:
target
0.0    213
1.0    213
Name: count, dtype: int64
2025-01-09 23:15:46 - INFO - Balance de clases tras SMOTETomek:
target
0.0    210
1.0    210
Name: count, dtype: int64
2025-01-09 23:15:47 - INFO - Balance de clases tras SMOTETomek:
target
0.0    210
1.0    210
Name: count, dtype: int64
2025-01-09 23:15:47 - INFO - Balance de clases tras SMOTETomek:
target
0.0    209
1.0    209
Name: count, dtype: int64
2025-01-09 23:15:47 - INFO - Balance de clases tras SMOTETomek:
target
0.0    209
1.0    209
Name: count, dtype: int64
2025-01-09 23:15:48 - INFO - Balance de clases tras SMOTETomek:
target
0.0    215
1.0    215
Name: count, dtype: int64
2025-01-09 23:15:48 - INFO - Balance de clases tras SMOTETomek:
target
0.0    213
1.0    213
Name: count, dtype: int64
2025-01-09 23:15:49 - INFO - Balance de clases tras SMOTETomek:
target
0.0    210
1.0    210
Name: count, dtype: int64
2025-01-09 23:15:49 - INFO - Balance de clases tras SMOTETomek:
target
0.0    215
1.0    215
Name: count, dtype: int64
2025-01-09 23:15:49 - INFO - Balance de clases tras SMOTETomek:
target
0.0    210
1.0    210
Name: count, dtype: int64
2025-01-09 23:15:50 - INFO - Balance de clases tras SMOTETomek:
target
0.0    209
1.0    209
Name: count, dtype: int64
2025-01-09 23:15:50 - INFO - Balance de clases tras SMOTETomek:
target
0.0    215
1.0    215
Name: count, dtype: int64
2025-01-09 23:15:51 - INFO - Balance de clases tras SMOTETomek:
target
0.0    213
1.0    213
Name: count, dtype: int64
2025-01-09 23:15:51 - INFO - Balance de clases tras SMOTETomek:
target
0.0    213
1.0    213
Name: count, dtype: int64
2025-01-09 23:15:52 - INFO - Balance de clases tras SMOTETomek:
target
0.0    210
1.0    210
Name: count, dtype: int64
2025-01-09 23:15:52 - INFO - Balance de clases tras SMOTETomek:
target
0.0    210
1.0    210
Name: count, dtype: int64
2025-01-09 23:15:52 - INFO - Balance de clases tras SMOTETomek:
target
0.0    210
1.0    210
Name: count, dtype: int64
2025-01-09 23:15:53 - INFO - Balance de clases tras SMOTETomek:
target
0.0    209
1.0    209
Name: count, dtype: int64
2025-01-09 23:15:53 - INFO - Balance de clases tras SMOTETomek:
target
0.0    215
1.0    215
Name: count, dtype: int64
2025-01-09 23:15:53 - INFO - Balance de clases tras SMOTETomek:
target
0.0    210
1.0    210
Name: count, dtype: int64
2025-01-09 23:15:54 - INFO - Balance de clases tras SMOTETomek:
target
0.0    213
1.0    213
Name: count, dtype: int64
2025-01-09 23:15:54 - INFO - Balance de clases tras SMOTETomek:
target
0.0    210
1.0    210
Name: count, dtype: int64
2025-01-09 23:15:54 - INFO - Balance de clases tras SMOTETomek:
target
0.0    209
1.0    209
Name: count, dtype: int64
2025-01-09 23:15:55 - INFO - Balance de clases tras SMOTETomek:
target
0.0    210
1.0    210
Name: count, dtype: int64
2025-01-09 23:15:55 - INFO - Balance de clases tras SMOTETomek:
target
0.0    209
1.0    209
Name: count, dtype: int64
2025-01-09 23:15:55 - INFO - Balance de clases tras SMOTETomek:
target
0.0    215
1.0    215
Name: count, dtype: int64
2025-01-09 23:15:56 - INFO - Balance de clases tras SMOTETomek:
target
0.0    215
1.0    215
Name: count, dtype: int64
2025-01-09 23:15:56 - INFO - Balance de clases tras SMOTETomek:
target
0.0    213
1.0    213
Name: count, dtype: int64
2025-01-09 23:15:57 - INFO - Balance de clases tras SMOTETomek:
target
0.0    213
1.0    213
Name: count, dtype: int64
2025-01-09 23:15:57 - INFO - Balance de clases tras SMOTETomek:
target
0.0    210
1.0    210
Name: count, dtype: int64
2025-01-09 23:15:57 - INFO - Balance de clases tras SMOTETomek:
target
0.0    210
1.0    210
Name: count, dtype: int64
2025-01-09 23:15:57 - INFO - Balance de clases tras SMOTETomek:
target
0.0    210
1.0    210
Name: count, dtype: int64
2025-01-09 23:15:58 - INFO - Balance de clases tras SMOTETomek:
target
0.0    209
1.0    209
Name: count, dtype: int64
2025-01-09 23:15:58 - INFO - Balance de clases tras SMOTETomek:
target
0.0    210
1.0    210
Name: count, dtype: int64
2025-01-09 23:15:58 - INFO - Balance de clases tras SMOTETomek:
target
0.0    215
1.0    215
Name: count, dtype: int64
2025-01-09 23:15:59 - INFO - Balance de clases tras SMOTETomek:
target
0.0    209
1.0    209
Name: count, dtype: int64
2025-01-09 23:16:00 - INFO - Balance de clases tras SMOTETomek:
target
0.0    215
1.0    215
Name: count, dtype: int64
2025-01-09 23:16:00 - INFO - Mejor Precision: 0.7792
2025-01-09 23:16:00 - INFO - Mejores parámetros: {'max_depth': 5, 'learning_rate': 0.08769767829280414, 'n_estimators': 307, 'subsample': 0.9430986601301523, 'colsample_bytree': 0.9550947603951927, 'gamma': 0.4390258632323717, 'reg_alpha': 0.2042340169244622, 'reg_lambda': 0.6096720805491178}
2025-01-09 23:16:00 - INFO - === Entrenando Pipeline Final con TODO el Training ===
2025-01-09 23:16:00 - INFO - Columnas extra eliminadas: ['future_close', 'change_pct']
2025-01-09 23:16:00 - WARNING - Estas columnas están 100% NaN y se eliminarán antes de imputar: ['VWAP', 'ATR']
2025-01-09 23:16:00 - INFO - Dataset preparado: 1227 filas, 21 features (después de imputación).
2025-01-09 23:16:00 - INFO - Balance de clases tras SMOTETomek:
target
0.0    629
1.0    629
Name: count, dtype: int64
2025-01-09 23:16:01 - INFO - Pipeline final entrenado con TODOS los datos de entrenamiento.
2025-01-09 23:16:01 - INFO - Pipeline completo guardado en: ./results/XGBoost_Binario_trained_pipeline.joblib
2025-01-09 23:16:01 - INFO - Parámetros guardados en: ./results/XGBoost_Binario_model_params.txt
2025-01-09 23:16:01 - INFO - Lista de features guardada en: ./results/XGBoost_Binario_feature_cols.txt
2025-01-09 23:16:01 - INFO - Columnas de indicadores existentes eliminadas: ['RSI', 'MACD', 'MACDs', 'MACDh', 'VWAP', 'OBV', 'BBL', 'BBM', 'BBU', 'ATR', 'STOCHk', 'STOCHd', 'CCI', 'SMA_10', 'SMA_50', 'SMA_200', 'EMA_10', 'EMA_50']
2025-01-09 23:16:01 - INFO - Indicadores técnicos agregados. Filas antes: 307, después: 108 (descartadas: 199)
2025-01-09 23:16:01 - INFO - Columnas renombradas: {'RSI_14': 'RSI', 'MACD_12_26_9': 'MACD', 'MACDs_12_26_9': 'MACDs', 'MACDh_12_26_9': 'MACDh', 'VWAP': 'VWAP', 'BBL_20_2.0': 'BBL', 'BBM_20_2.0': 'BBM', 'BBU_20_2.0': 'BBU', 'ATR_14': 'ATR', 'STOCHk_14_3_3': 'STOCHk', 'STOCHd_14_3_3': 'STOCHd', 'CCI_14_0.015': 'CCI', 'SMA_10': 'SMA_10', 'SMA_50': 'SMA_50', 'SMA_200': 'SMA_200', 'EMA_10': 'EMA_10', 'EMA_50': 'EMA_50'}
2025-01-09 23:16:01 - WARNING - Columna faltante 'VWAP' añadida con NaN.
2025-01-09 23:16:01 - WARNING - Columna faltante 'ATR' añadida con NaN.
2025-01-09 23:16:01 - INFO - Target binario con look_ahead=4, min_change=0.038
2025-01-09 23:16:01 - INFO - Distribución de clases (0=Vender, 1=Comprar):
target
1.0    50
0.0    37
Name: count, dtype: int64
2025-01-09 23:16:01 - INFO - Muestra de datos con target:
                        close  future_close  change_pct  target
open_time                                                      
2023-03-14 12:15:00  24639.76      27410.00    0.112430     1.0
2024-08-05 05:15:00  53437.04      49804.00   -0.067987     0.0
2024-04-13 19:45:00  64788.01      62073.38   -0.041900     0.0
2023-08-29 13:45:00  26052.00      31613.31    0.213470     1.0
2023-03-13 13:45:00  22479.64      24702.98    0.098905     1.0
2023-01-12 16:45:00  18134.55      23418.50    0.291375     1.0
2023-03-14 11:45:00  24743.04      28027.99    0.132763     1.0
2023-03-13 13:30:00  22345.05      24743.04    0.107316     1.0
2023-08-17 20:30:00  27734.52      25188.01   -0.091817     0.0
2022-11-10 13:00:00  16711.06      15863.31   -0.050730     0.0
2025-01-09 23:16:01 - INFO - Columnas extra eliminadas: ['change_pct', 'future_close']
2025-01-09 23:16:01 - WARNING - Estas columnas están 100% NaN y se eliminarán antes de imputar: ['VWAP', 'ATR']
2025-01-09 23:16:01 - INFO - Dataset preparado: 87 filas, 21 features (después de imputación).
2025-01-09 23:16:01 - INFO - === Evaluación en Test ===
2025-01-09 23:16:01 - INFO - Matriz de confusión [0=Vender, 1=Comprar]:
[[24 13]
 [34 16]]
2025-01-09 23:16:01 - INFO - Reporte de Clasificación:
              precision    recall  f1-score   support

      Vender       0.41      0.65      0.51        37
     Comprar       0.55      0.32      0.41        50

    accuracy                           0.46        87
   macro avg       0.48      0.48      0.46        87
weighted avg       0.49      0.46      0.45        87

2025-01-09 23:16:01 - INFO - Precision: 0.5517
2025-01-09 23:16:01 - INFO - F1-score: 0.4051
2025-01-09 23:16:01 - INFO - Recall: 0.3200
2025-01-09 23:16:01 - INFO - Balanced Accuracy: 0.4843
2025-01-09 23:16:01 - INFO - MCC: -0.0329
2025-01-09 23:16:01 - INFO - AUC: 0.4276
2025-01-09 23:16:03 - INFO - Precision final en Test: 0.5517
2025-01-09 23:16:03 - INFO - Importancia de características guardada en ./results/feature_importances_binary.csv.
2025-01-09 23:16:03 - INFO - Gráfico de importancia de características guardado.
2025-01-09 23:16:04 - INFO - Calculando valores SHAP...
2025-01-09 23:16:05 - INFO - SHAP analysis completado y guardado.
2025-01-09 23:16:05 - INFO - Señales generadas con umbral=0.7
2025-01-09 23:16:05 - INFO - Señales filtradas por tendencia.
2025-01-09 23:16:05 - INFO - Señales guardadas en: ./results/signals_binary.csv
2025-01-09 23:16:05 - INFO - === Proceso Completado con Éxito ===
