2025-01-03 00:18:33 - INFO - Datos cargados desde ML/data/processed/BTCUSDT_15m_processed.csv, filas: 251947
2025-01-03 00:18:33 - INFO - Columnas de indicadores técnicos existentes eliminadas: ['OBV']
2025-01-03 00:18:34 - INFO - Indicadores técnicos agregados al DataFrame. Filas antes: 251947, después: 251898
2025-01-03 00:18:34 - INFO - Columnas después de agregar indicadores técnicos: ['open', 'high', 'low', 'close', 'volume', 'close_time', 'quote_asset_volume', 'number_of_trades', 'taker_buy_base_asset_volume', 'taker_buy_quote_asset_volume', 'ignore', 'RSI_14', 'MACD_12_26_9', 'MACDh_12_26_9', 'MACDs_12_26_9', 'SMA_10', 'SMA_50', 'EMA_10', 'EMA_50', 'VWAP_D', 'BBL_20_2.0', 'BBM_20_2.0', 'BBU_20_2.0', 'BBB_20_2.0', 'BBP_20_2.0', 'ATRr_14', 'STOCHk_14_3_3', 'STOCHd_14_3_3', 'CCI_14_0.015', 'hour_of_day', 'day_of_week', 'is_weekend', 'RSI_14_', 'MACD_12_26_9_', 'MACDh_12_26_9_', 'MACDs_12_26_9_', 'SMA_10_', 'SMA_50_', 'EMA_10_', 'EMA_50_', 'VWAP_D_', 'OBV_', 'BBL_20_2.0_', 'BBM_20_2.0_', 'BBU_20_2.0_', 'BBB_20_2.0_', 'BBP_20_2.0_', 'ATRr_14_', 'STOCHk_14_3_3_', 'STOCHd_14_3_3_', 'CCI_14_0.015_']
2025-01-03 00:18:34 - INFO - Columnas renombradas: {'RSI_14': 'RSI', 'RSI_14_': 'RSI_', 'MACD_12_26_9': 'MACD', 'MACD_12_26_9_': 'MACD_', 'MACDh_12_26_9': 'MACDh', 'MACDh_12_26_9_': 'MACDh_', 'MACDs_12_26_9': 'MACDs', 'MACDs_12_26_9_': 'MACDs_', 'VWAP_D': 'VWAP', 'VWAP_D_': 'VWAP_', 'BBL_20_2.0': 'BBL', 'BBL_20_2.0_': 'BBL_', 'BBM_20_2.0': 'BBM', 'BBM_20_2.0_': 'BBM_', 'BBU_20_2.0': 'BBU', 'BBU_20_2.0_': 'BBU_', 'ATRr_14': 'ATR', 'ATRr_14_': 'ATR_', 'STOCHk_14_3_3': 'STOCHk', 'STOCHk_14_3_3_': 'STOCHk_', 'STOCHd_14_3_3': 'STOCHd', 'STOCHd_14_3_3_': 'STOCHd_', 'CCI_14_0.015': 'CCI', 'CCI_14_0.015_': 'CCI_'}
2025-01-03 00:18:34 - INFO - Columnas duplicadas eliminadas: ['RSI_', 'MACD_', 'MACDh_', 'MACDs_', 'SMA_10_', 'SMA_50_', 'EMA_10_', 'EMA_50_', 'VWAP_', 'OBV_', 'BBL_', 'BBM_', 'BBU_', 'BBB_20_2.0_', 'BBP_20_2.0_', 'ATR_', 'STOCHk_', 'STOCHd_', 'CCI_']
2025-01-03 00:18:34 - WARNING - La columna 'OBV' no está presente después de agregar indicadores. Añadiendo 'OBV' con valor 0.
2025-01-03 00:18:34 - INFO - Target binario mejorado con look_ahead=46, min_change=0.03, max_change=0.17
2025-01-03 00:18:34 - INFO - Distribución de clases (0/1):
target
0    230134
1     21559
Name: count, dtype: int64
2025-01-03 00:18:34 - INFO - División de datos en train y test completada.
2025-01-03 00:18:34 - INFO - === Buscando hiperparámetros (Optuna) en una muestra del training ===
2025-01-03 00:18:34 - INFO - Características utilizadas: ['open', 'high', 'low', 'close', 'volume', 'hour_of_day', 'day_of_week', 'is_weekend', 'RSI', 'MACD', 'MACDs', 'MACDh', 'SMA_10', 'SMA_50', 'EMA_10', 'EMA_50', 'VWAP', 'OBV', 'BBL', 'BBM', 'BBU', 'ATR', 'STOCHk', 'STOCHd', 'CCI']
2025-01-03 00:18:34 - INFO - No se han identificado características categóricas.
2025-01-03 00:18:34 - INFO - Columnas presentes en el DataFrame: ['open', 'high', 'low', 'close', 'volume', 'close_time', 'quote_asset_volume', 'number_of_trades', 'taker_buy_base_asset_volume', 'taker_buy_quote_asset_volume', 'ignore', 'RSI', 'MACD', 'MACDh', 'MACDs', 'SMA_10', 'SMA_50', 'EMA_10', 'EMA_50', 'VWAP', 'BBL', 'BBM', 'BBU', 'BBB_20_2.0', 'BBP_20_2.0', 'ATR', 'STOCHk', 'STOCHd', 'CCI', 'hour_of_day', 'day_of_week', 'is_weekend', 'OBV', 'future_close', 'change_pct', 'target']
2025-01-03 00:18:34 - INFO - Columnas eliminadas durante la preparación: ['close_time', 'quote_asset_volume', 'number_of_trades', 'taker_buy_base_asset_volume', 'taker_buy_quote_asset_volume', 'ignore', 'BBB_20_2.0', 'BBP_20_2.0', 'future_close', 'change_pct']
2025-01-03 00:18:34 - INFO - Conjunto de datos preparado con 44046 filas y 25 características.
2025-01-03 00:18:34 - INFO - Tipo de y_train_sample: <class 'pandas.core.series.Series'>
2025-01-03 00:18:34 - INFO - Shape de y_train_sample: (44046,)
2025-01-03 00:18:34 - INFO - Después de SMOTE: target
0    6020
1    6020
Name: count, dtype: int64
2025-01-03 00:18:34 - INFO - Después de SMOTE: target
0    6020
1    6020
Name: count, dtype: int64
2025-01-03 00:18:35 - INFO - Después de SMOTE: target
0    11402
1    11402
Name: count, dtype: int64
2025-01-03 00:18:36 - INFO - Después de SMOTE: target
0    11402
1    11402
Name: count, dtype: int64
2025-01-03 00:18:36 - INFO - Después de SMOTE: target
0    17189
1    17189
Name: count, dtype: int64
2025-01-03 00:18:37 - INFO - Después de SMOTE: target
0    24032
1    24032
Name: count, dtype: int64
2025-01-03 00:18:37 - INFO - Después de SMOTE: target
0    17189
1    17189
Name: count, dtype: int64
2025-01-03 00:18:38 - INFO - Después de SMOTE: target
0    30857
1    30857
Name: count, dtype: int64
2025-01-03 00:18:39 - INFO - Después de SMOTE: target
0    24032
1    24032
Name: count, dtype: int64
2025-01-03 00:18:40 - INFO - Después de SMOTE: target
0    6020
1    6020
Name: count, dtype: int64
2025-01-03 00:18:40 - INFO - Después de SMOTE: target
0    11402
1    11402
Name: count, dtype: int64
2025-01-03 00:18:41 - INFO - Después de SMOTE: target
0    17189
1    17189
Name: count, dtype: int64
2025-01-03 00:18:42 - INFO - Después de SMOTE: target
0    30857
1    30857
Name: count, dtype: int64
2025-01-03 00:18:42 - INFO - Después de SMOTE: target
0    24032
1    24032
Name: count, dtype: int64
2025-01-03 00:18:43 - INFO - Después de SMOTE: target
0    30857
1    30857
Name: count, dtype: int64
2025-01-03 00:18:44 - INFO - Después de SMOTE: target
0    6020
1    6020
Name: count, dtype: int64
2025-01-03 00:18:45 - INFO - Después de SMOTE: target
0    6020
1    6020
Name: count, dtype: int64
2025-01-03 00:18:45 - INFO - Después de SMOTE: target
0    11402
1    11402
Name: count, dtype: int64
2025-01-03 00:18:46 - INFO - Después de SMOTE: target
0    17189
1    17189
Name: count, dtype: int64
2025-01-03 00:18:47 - INFO - Después de SMOTE: target
0    24032
1    24032
Name: count, dtype: int64
2025-01-03 00:18:47 - INFO - Después de SMOTE: target
0    11402
1    11402
Name: count, dtype: int64
2025-01-03 00:18:48 - INFO - Después de SMOTE: target
0    30857
1    30857
Name: count, dtype: int64
2025-01-03 00:18:49 - INFO - Después de SMOTE: target
0    6020
1    6020
Name: count, dtype: int64
2025-01-03 00:18:49 - INFO - Después de SMOTE: target
0    11402
1    11402
Name: count, dtype: int64
2025-01-03 00:18:50 - INFO - Después de SMOTE: target
0    17189
1    17189
Name: count, dtype: int64
2025-01-03 00:18:50 - INFO - Después de SMOTE: target
0    17189
1    17189
Name: count, dtype: int64
2025-01-03 00:18:51 - INFO - Después de SMOTE: target
0    24032
1    24032
Name: count, dtype: int64
2025-01-03 00:18:52 - INFO - Después de SMOTE: target
0    30857
1    30857
Name: count, dtype: int64
2025-01-03 00:18:53 - INFO - Después de SMOTE: target
0    6020
1    6020
Name: count, dtype: int64
2025-01-03 00:18:53 - INFO - Después de SMOTE: target
0    11402
1    11402
Name: count, dtype: int64
2025-01-03 00:18:54 - INFO - Después de SMOTE: target
0    24032
1    24032
Name: count, dtype: int64
2025-01-03 00:18:54 - INFO - Después de SMOTE: target
0    17189
1    17189
Name: count, dtype: int64
2025-01-03 00:18:55 - INFO - Después de SMOTE: target
0    24032
1    24032
Name: count, dtype: int64
2025-01-03 00:18:56 - INFO - Después de SMOTE: target
0    30857
1    30857
Name: count, dtype: int64
2025-01-03 00:18:57 - INFO - Después de SMOTE: target
0    6020
1    6020
Name: count, dtype: int64
2025-01-03 00:18:58 - INFO - Después de SMOTE: target
0    30857
1    30857
Name: count, dtype: int64
2025-01-03 00:18:58 - INFO - Después de SMOTE: target
0    11402
1    11402
Name: count, dtype: int64
2025-01-03 00:18:59 - INFO - Después de SMOTE: target
0    17189
1    17189
Name: count, dtype: int64
2025-01-03 00:19:01 - INFO - Después de SMOTE: target
0    24032
1    24032
Name: count, dtype: int64
2025-01-03 00:19:02 - INFO - Después de SMOTE: target
0    6020
1    6020
Name: count, dtype: int64
2025-01-03 00:19:03 - INFO - Después de SMOTE: target
0    30857
1    30857
Name: count, dtype: int64
2025-01-03 00:19:03 - INFO - Después de SMOTE: target
0    11402
1    11402
Name: count, dtype: int64
2025-01-03 00:19:04 - INFO - Después de SMOTE: target
0    6020
1    6020
Name: count, dtype: int64
2025-01-03 00:19:04 - INFO - Después de SMOTE: target
0    17189
1    17189
Name: count, dtype: int64
2025-01-03 00:19:06 - INFO - Después de SMOTE: target
0    24032
1    24032
Name: count, dtype: int64
2025-01-03 00:19:06 - INFO - Después de SMOTE: target
0    11402
1    11402
Name: count, dtype: int64
2025-01-03 00:19:07 - INFO - Después de SMOTE: target
0    30857
1    30857
Name: count, dtype: int64
2025-01-03 00:19:07 - INFO - Después de SMOTE: target
0    17189
1    17189
Name: count, dtype: int64
2025-01-03 00:19:09 - INFO - Después de SMOTE: target
0    6020
1    6020
Name: count, dtype: int64
2025-01-03 00:19:09 - INFO - Después de SMOTE: target
0    24032
1    24032
Name: count, dtype: int64
2025-01-03 00:19:10 - INFO - Después de SMOTE: target
0    11402
1    11402
Name: count, dtype: int64
2025-01-03 00:19:11 - INFO - Después de SMOTE: target
0    17189
1    17189
Name: count, dtype: int64
2025-01-03 00:19:12 - INFO - Después de SMOTE: target
0    30857
1    30857
Name: count, dtype: int64
2025-01-03 00:19:13 - INFO - Después de SMOTE: target
0    24032
1    24032
Name: count, dtype: int64
2025-01-03 00:19:14 - INFO - Después de SMOTE: target
0    6020
1    6020
Name: count, dtype: int64
2025-01-03 00:19:14 - INFO - Después de SMOTE: target
0    11402
1    11402
Name: count, dtype: int64
2025-01-03 00:19:15 - INFO - Después de SMOTE: target
0    30857
1    30857
Name: count, dtype: int64
2025-01-03 00:19:15 - INFO - Después de SMOTE: target
0    17189
1    17189
Name: count, dtype: int64
2025-01-03 00:19:16 - INFO - Después de SMOTE: target
0    24032
1    24032
Name: count, dtype: int64
2025-01-03 00:19:17 - INFO - Después de SMOTE: target
0    30857
1    30857
Name: count, dtype: int64
2025-01-03 00:19:17 - INFO - Después de SMOTE: target
0    6020
1    6020
Name: count, dtype: int64
2025-01-03 00:19:18 - INFO - Después de SMOTE: target
0    6020
1    6020
Name: count, dtype: int64
2025-01-03 00:19:18 - INFO - Después de SMOTE: target
0    11402
1    11402
Name: count, dtype: int64
2025-01-03 00:19:19 - INFO - Después de SMOTE: target
0    11402
1    11402
Name: count, dtype: int64
2025-01-03 00:19:20 - INFO - Después de SMOTE: target
0    17189
1    17189
Name: count, dtype: int64
2025-01-03 00:19:20 - INFO - Después de SMOTE: target
0    17189
1    17189
Name: count, dtype: int64
2025-01-03 00:19:21 - INFO - Después de SMOTE: target
0    24032
1    24032
Name: count, dtype: int64
2025-01-03 00:19:21 - INFO - Después de SMOTE: target
0    24032
1    24032
Name: count, dtype: int64
2025-01-03 00:19:23 - INFO - Después de SMOTE: target
0    30857
1    30857
Name: count, dtype: int64
2025-01-03 00:19:23 - INFO - Después de SMOTE: target
0    30857
1    30857
Name: count, dtype: int64
2025-01-03 00:19:25 - INFO - Después de SMOTE: target
0    6020
1    6020
Name: count, dtype: int64
2025-01-03 00:19:25 - INFO - Después de SMOTE: target
0    6020
1    6020
Name: count, dtype: int64
2025-01-03 00:19:26 - INFO - Después de SMOTE: target
0    11402
1    11402
Name: count, dtype: int64
2025-01-03 00:19:26 - INFO - Después de SMOTE: target
0    11402
1    11402
Name: count, dtype: int64
2025-01-03 00:19:28 - INFO - Después de SMOTE: target
0    17189
1    17189
Name: count, dtype: int64
2025-01-03 00:19:28 - INFO - Después de SMOTE: target
0    17189
1    17189
Name: count, dtype: int64
2025-01-03 00:19:30 - INFO - Después de SMOTE: target
0    24032
1    24032
Name: count, dtype: int64
2025-01-03 00:19:30 - INFO - Después de SMOTE: target
0    24032
1    24032
Name: count, dtype: int64
2025-01-03 00:19:32 - INFO - Después de SMOTE: target
0    30857
1    30857
Name: count, dtype: int64
2025-01-03 00:19:33 - INFO - Después de SMOTE: target
0    30857
1    30857
Name: count, dtype: int64
2025-01-03 00:19:34 - INFO - Después de SMOTE: target
0    6020
1    6020
Name: count, dtype: int64
2025-01-03 00:19:36 - INFO - Después de SMOTE: target
0    6020
1    6020
Name: count, dtype: int64
2025-01-03 00:19:36 - INFO - Después de SMOTE: target
0    11402
1    11402
Name: count, dtype: int64
2025-01-03 00:19:36 - INFO - Después de SMOTE: target
0    11402
1    11402
Name: count, dtype: int64
2025-01-03 00:19:38 - INFO - Después de SMOTE: target
0    17189
1    17189
Name: count, dtype: int64
2025-01-03 00:19:38 - INFO - Después de SMOTE: target
0    17189
1    17189
Name: count, dtype: int64
2025-01-03 00:19:39 - INFO - Después de SMOTE: target
0    24032
1    24032
Name: count, dtype: int64
2025-01-03 00:19:40 - INFO - Después de SMOTE: target
0    24032
1    24032
Name: count, dtype: int64
2025-01-03 00:19:40 - INFO - Después de SMOTE: target
0    30857
1    30857
Name: count, dtype: int64
2025-01-03 00:19:42 - INFO - Después de SMOTE: target
0    30857
1    30857
Name: count, dtype: int64
2025-01-03 00:19:42 - INFO - Después de SMOTE: target
0    6020
1    6020
Name: count, dtype: int64
2025-01-03 00:19:43 - INFO - Después de SMOTE: target
0    11402
1    11402
Name: count, dtype: int64
2025-01-03 00:19:44 - INFO - Después de SMOTE: target
0    17189
1    17189
Name: count, dtype: int64
2025-01-03 00:19:45 - INFO - Después de SMOTE: target
0    6020
1    6020
Name: count, dtype: int64
2025-01-03 00:19:46 - INFO - Después de SMOTE: target
0    11402
1    11402
Name: count, dtype: int64
2025-01-03 00:19:46 - INFO - Después de SMOTE: target
0    24032
1    24032
Name: count, dtype: int64
2025-01-03 00:19:47 - INFO - Después de SMOTE: target
0    17189
1    17189
Name: count, dtype: int64
2025-01-03 00:19:47 - INFO - Después de SMOTE: target
0    30857
1    30857
Name: count, dtype: int64
2025-01-03 00:19:48 - INFO - Después de SMOTE: target
0    24032
1    24032
Name: count, dtype: int64
2025-01-03 00:19:49 - INFO - Después de SMOTE: target
0    6020
1    6020
Name: count, dtype: int64
2025-01-03 00:19:50 - INFO - Después de SMOTE: target
0    30857
1    30857
Name: count, dtype: int64
2025-01-03 00:19:51 - INFO - Después de SMOTE: target
0    11402
1    11402
Name: count, dtype: int64
2025-01-03 00:19:52 - INFO - Después de SMOTE: target
0    6020
1    6020
Name: count, dtype: int64
2025-01-03 00:19:53 - INFO - Después de SMOTE: target
0    17189
1    17189
Name: count, dtype: int64
2025-01-03 00:19:53 - INFO - Después de SMOTE: target
0    11402
1    11402
Name: count, dtype: int64
2025-01-03 00:19:56 - INFO - Después de SMOTE: target
0    17189
1    17189
Name: count, dtype: int64
2025-01-03 00:19:56 - INFO - Después de SMOTE: target
0    24032
1    24032
Name: count, dtype: int64
2025-01-03 00:19:58 - INFO - Después de SMOTE: target
0    24032
1    24032
Name: count, dtype: int64
2025-01-03 00:19:59 - INFO - Después de SMOTE: target
0    30857
1    30857
Name: count, dtype: int64
2025-01-03 00:20:01 - INFO - Después de SMOTE: target
0    30857
1    30857
Name: count, dtype: int64
2025-01-03 00:20:02 - INFO - Después de SMOTE: target
0    6020
1    6020
Name: count, dtype: int64
2025-01-03 00:20:03 - INFO - Después de SMOTE: target
0    11402
1    11402
Name: count, dtype: int64
2025-01-03 00:20:03 - INFO - Después de SMOTE: target
0    6020
1    6020
Name: count, dtype: int64
2025-01-03 00:20:04 - INFO - Después de SMOTE: target
0    17189
1    17189
Name: count, dtype: int64
2025-01-03 00:20:05 - INFO - Después de SMOTE: target
0    11402
1    11402
Name: count, dtype: int64
2025-01-03 00:20:06 - INFO - Después de SMOTE: target
0    24032
1    24032
Name: count, dtype: int64
2025-01-03 00:20:06 - INFO - Después de SMOTE: target
0    17189
1    17189
Name: count, dtype: int64
2025-01-03 00:20:07 - INFO - Después de SMOTE: target
0    30857
1    30857
Name: count, dtype: int64
2025-01-03 00:20:08 - INFO - Después de SMOTE: target
0    24032
1    24032
Name: count, dtype: int64
2025-01-03 00:20:09 - INFO - Después de SMOTE: target
0    6020
1    6020
Name: count, dtype: int64
2025-01-03 00:20:10 - INFO - Después de SMOTE: target
0    30857
1    30857
Name: count, dtype: int64
2025-01-03 00:20:10 - INFO - Después de SMOTE: target
0    11402
1    11402
Name: count, dtype: int64
2025-01-03 00:20:11 - INFO - Después de SMOTE: target
0    17189
1    17189
Name: count, dtype: int64
2025-01-03 00:20:12 - INFO - Después de SMOTE: target
0    6020
1    6020
Name: count, dtype: int64
2025-01-03 00:20:12 - INFO - Después de SMOTE: target
0    24032
1    24032
Name: count, dtype: int64
2025-01-03 00:20:13 - INFO - Después de SMOTE: target
0    11402
1    11402
Name: count, dtype: int64
2025-01-03 00:20:14 - INFO - Después de SMOTE: target
0    30857
1    30857
Name: count, dtype: int64
2025-01-03 00:20:14 - INFO - Después de SMOTE: target
0    17189
1    17189
Name: count, dtype: int64
2025-01-03 00:20:16 - INFO - Después de SMOTE: target
0    6020
1    6020
Name: count, dtype: int64
2025-01-03 00:20:16 - INFO - Después de SMOTE: target
0    24032
1    24032
Name: count, dtype: int64
2025-01-03 00:20:17 - INFO - Después de SMOTE: target
0    11402
1    11402
Name: count, dtype: int64
2025-01-03 00:20:18 - INFO - Después de SMOTE: target
0    30857
1    30857
Name: count, dtype: int64
2025-01-03 00:20:18 - INFO - Después de SMOTE: target
0    17189
1    17189
Name: count, dtype: int64
2025-01-03 00:20:19 - INFO - Después de SMOTE: target
0    24032
1    24032
Name: count, dtype: int64
2025-01-03 00:20:20 - INFO - Después de SMOTE: target
0    6020
1    6020
Name: count, dtype: int64
2025-01-03 00:20:21 - INFO - Después de SMOTE: target
0    11402
1    11402
Name: count, dtype: int64
2025-01-03 00:20:21 - INFO - Después de SMOTE: target
0    30857
1    30857
Name: count, dtype: int64
2025-01-03 00:20:22 - INFO - Después de SMOTE: target
0    17189
1    17189
Name: count, dtype: int64
2025-01-03 00:20:23 - INFO - Después de SMOTE: target
0    6020
1    6020
Name: count, dtype: int64
2025-01-03 00:20:23 - INFO - Después de SMOTE: target
0    24032
1    24032
Name: count, dtype: int64
2025-01-03 00:20:23 - INFO - Después de SMOTE: target
0    11402
1    11402
Name: count, dtype: int64
2025-01-03 00:20:24 - INFO - Después de SMOTE: target
0    17189
1    17189
Name: count, dtype: int64
2025-01-03 00:20:25 - INFO - Después de SMOTE: target
0    30857
1    30857
Name: count, dtype: int64
2025-01-03 00:20:26 - INFO - Después de SMOTE: target
0    24032
1    24032
Name: count, dtype: int64
2025-01-03 00:20:26 - INFO - Después de SMOTE: target
0    6020
1    6020
Name: count, dtype: int64
2025-01-03 00:20:27 - INFO - Después de SMOTE: target
0    30857
1    30857
Name: count, dtype: int64
2025-01-03 00:20:27 - INFO - Después de SMOTE: target
0    11402
1    11402
Name: count, dtype: int64
2025-01-03 00:20:29 - INFO - Después de SMOTE: target
0    17189
1    17189
Name: count, dtype: int64
2025-01-03 00:20:30 - INFO - Después de SMOTE: target
0    24032
1    24032
Name: count, dtype: int64
2025-01-03 00:20:31 - INFO - Después de SMOTE: target
0    30857
1    30857
Name: count, dtype: int64
2025-01-03 00:20:32 - INFO - Mejor valor de F1: 0.2205
2025-01-03 00:20:32 - INFO - Mejores parámetros: {'max_depth': 5, 'learning_rate': 0.00994454443819325, 'n_estimators': 178, 'subsample': 0.6483616250698986, 'colsample_bytree': 0.6792185266158733, 'gamma': 0.21364393045874575, 'reg_alpha': 0.00790253747354961, 'reg_lambda': 0.004955095376160987}
2025-01-03 00:20:32 - INFO - === Entrenando Pipeline Final con TODO el training ===
2025-01-03 00:20:32 - INFO - Columnas presentes en el DataFrame: ['open', 'high', 'low', 'close', 'volume', 'close_time', 'quote_asset_volume', 'number_of_trades', 'taker_buy_base_asset_volume', 'taker_buy_quote_asset_volume', 'ignore', 'RSI', 'MACD', 'MACDh', 'MACDs', 'SMA_10', 'SMA_50', 'EMA_10', 'EMA_50', 'VWAP', 'BBL', 'BBM', 'BBU', 'BBB_20_2.0', 'BBP_20_2.0', 'ATR', 'STOCHk', 'STOCHd', 'CCI', 'hour_of_day', 'day_of_week', 'is_weekend', 'OBV', 'future_close', 'change_pct', 'target']
2025-01-03 00:20:33 - INFO - Columnas eliminadas durante la preparación: ['close_time', 'quote_asset_volume', 'number_of_trades', 'taker_buy_base_asset_volume', 'taker_buy_quote_asset_volume', 'ignore', 'BBB_20_2.0', 'BBP_20_2.0', 'future_close', 'change_pct']
2025-01-03 00:20:33 - INFO - Conjunto de datos preparado con 176185 filas y 25 características.
2025-01-03 00:20:33 - INFO - Tipo de y_train_full: <class 'pandas.core.series.Series'>
2025-01-03 00:20:33 - INFO - Shape de y_train_full: (176185,)
2025-01-03 00:20:34 - INFO - Después de SMOTE: target
0    158150
1    158150
Name: count, dtype: int64
2025-01-03 00:20:34 - INFO - Balance de clases aplicado mediante SMOTE.
2025-01-03 00:20:38 - INFO - Pipeline final entrenado con todos los datos de entrenamiento (binario).
2025-01-03 00:20:38 - INFO - Pipeline completo guardado en: ./results/XGBoost_Binario_trained_pipeline.joblib
2025-01-03 00:20:38 - INFO - Parámetros guardados en: ./results/XGBoost_Binario_model_params.txt
2025-01-03 00:20:38 - INFO - Lista de features guardada en: ./results/XGBoost_Binario_feature_cols.txt
2025-01-03 00:20:39 - INFO - Columnas de indicadores técnicos existentes eliminadas: ['RSI', 'MACD', 'MACDs', 'MACDh', 'VWAP', 'OBV', 'BBL', 'BBM', 'BBU', 'ATR', 'STOCHk', 'STOCHd', 'CCI']
2025-01-03 00:20:39 - INFO - Indicadores técnicos agregados al DataFrame. Filas antes: 75508, después: 75459
2025-01-03 00:20:39 - INFO - Columnas después de agregar indicadores técnicos: ['open', 'high', 'low', 'close', 'volume', 'close_time', 'quote_asset_volume', 'number_of_trades', 'taker_buy_base_asset_volume', 'taker_buy_quote_asset_volume', 'ignore', 'SMA_10', 'SMA_50', 'EMA_10', 'EMA_50', 'BBB_20_2.0', 'BBP_20_2.0', 'hour_of_day', 'day_of_week', 'is_weekend', 'future_close', 'change_pct', 'target', 'RSI_14_', 'MACD_12_26_9_', 'MACDh_12_26_9_', 'MACDs_12_26_9_', 'SMA_10_', 'SMA_50_', 'EMA_10_', 'EMA_50_', 'VWAP_D_', 'OBV_', 'BBL_20_2.0_', 'BBM_20_2.0_', 'BBU_20_2.0_', 'BBB_20_2.0_', 'BBP_20_2.0_', 'ATRr_14_', 'STOCHk_14_3_3_', 'STOCHd_14_3_3_', 'CCI_14_0.015_']
2025-01-03 00:20:39 - INFO - Columnas renombradas: {'RSI_14_': 'RSI', 'MACD_12_26_9_': 'MACD', 'MACDh_12_26_9_': 'MACDh', 'MACDs_12_26_9_': 'MACDs', 'VWAP_D_': 'VWAP', 'BBL_20_2.0_': 'BBL', 'BBM_20_2.0_': 'BBM', 'BBU_20_2.0_': 'BBU', 'ATRr_14_': 'ATR', 'STOCHk_14_3_3_': 'STOCHk', 'STOCHd_14_3_3_': 'STOCHd', 'CCI_14_0.015_': 'CCI'}
2025-01-03 00:20:39 - INFO - Columnas duplicadas eliminadas: ['SMA_10_', 'SMA_50_', 'EMA_10_', 'EMA_50_', 'OBV_', 'BBB_20_2.0_', 'BBP_20_2.0_']
2025-01-03 00:20:39 - WARNING - La columna 'OBV' no está presente después de agregar indicadores. Añadiendo 'OBV' con valor 0.
2025-01-03 00:20:39 - INFO - Target binario mejorado con look_ahead=46, min_change=0.03, max_change=0.17
2025-01-03 00:20:39 - INFO - Distribución de clases (0/1):
target
0    71891
1     3522
Name: count, dtype: int64
2025-01-03 00:20:39 - INFO - Columnas presentes en el DataFrame: ['open', 'high', 'low', 'close', 'volume', 'close_time', 'quote_asset_volume', 'number_of_trades', 'taker_buy_base_asset_volume', 'taker_buy_quote_asset_volume', 'ignore', 'SMA_10', 'SMA_50', 'EMA_10', 'EMA_50', 'BBB_20_2.0', 'BBP_20_2.0', 'hour_of_day', 'day_of_week', 'is_weekend', 'future_close', 'change_pct', 'target', 'RSI', 'MACD', 'MACDh', 'MACDs', 'VWAP', 'BBL', 'BBM', 'BBU', 'ATR', 'STOCHk', 'STOCHd', 'CCI', 'OBV']
2025-01-03 00:20:39 - INFO - Columnas eliminadas durante la preparación: ['close_time', 'quote_asset_volume', 'number_of_trades', 'taker_buy_base_asset_volume', 'taker_buy_quote_asset_volume', 'ignore', 'BBB_20_2.0', 'BBP_20_2.0', 'future_close', 'change_pct']
2025-01-03 00:20:39 - INFO - Conjunto de datos preparado con 75413 filas y 25 características.
2025-01-03 00:20:39 - INFO - Características en X_test_final: ['open', 'high', 'low', 'close', 'volume', 'hour_of_day', 'day_of_week', 'is_weekend', 'RSI', 'MACD', 'MACDs', 'MACDh', 'SMA_10', 'SMA_50', 'EMA_10', 'EMA_50', 'VWAP', 'OBV', 'BBL', 'BBM', 'BBU', 'ATR', 'STOCHk', 'STOCHd', 'CCI']
2025-01-03 00:20:39 - INFO - Tipo de y_test_final: <class 'pandas.core.series.Series'>
2025-01-03 00:20:39 - INFO - Shape de y_test_final: (75413,)
2025-01-03 00:20:39 - INFO - Las características del test coinciden perfectamente con las del entrenamiento.
2025-01-03 00:20:39 - INFO - === Evaluación en Test ===
2025-01-03 00:20:39 - INFO - Matriz de confusión [1,0]:
[[ 1337  2185]
 [20780 51111]]
2025-01-03 00:20:39 - INFO - Reporte de Clasificación:
              precision    recall  f1-score   support

           1       0.06      0.38      0.10      3522
           0       0.96      0.71      0.82     71891

    accuracy                           0.70     75413
   macro avg       0.51      0.55      0.46     75413
weighted avg       0.92      0.70      0.78     75413

2025-01-03 00:20:39 - INFO - F1-score: 0.1043
2025-01-03 00:20:39 - INFO - Precisión: 0.0605
2025-01-03 00:20:39 - INFO - Recall: 0.3796
2025-01-03 00:20:39 - INFO - AUC Score: 0.6046
2025-01-03 00:20:41 - INFO - F1 final en Test (Binario): 0.1043
2025-01-03 00:20:41 - INFO - === Analizando importancia de características ===
2025-01-03 00:20:41 - INFO - Tabla de importancia de características guardada en ./results/feature_importances_binario.csv.
2025-01-03 00:20:41 - INFO - Gráfico de importancia de características guardado.
2025-01-03 00:20:41 - INFO - Señales generadas con umbrales high=0.7, low=0.2
2025-01-03 00:20:42 - INFO - Señales guardadas en: ./results/signals.csv
2025-01-03 00:20:42 - INFO - === Proceso Completado con Éxito ===
