2025-01-29 18:17:48 - INFO - Datos cargados desde ML/data/processed/BTCUSDT_15m_processed.csv, filas: 257756
2025-01-29 18:17:48 - INFO - Columnas de indicadores existentes eliminadas: ['RSI', 'MACD', 'MACDs', 'MACDh', 'OBV', 'BBL', 'BBM', 'BBU', 'SMA_10', 'SMA_50', 'EMA_10', 'EMA_50']
2025-01-29 18:17:48 - INFO - Indicadores técnicos agregados. Filas antes: 257756, después: 257557 (descartadas: 199)
2025-01-29 18:17:48 - INFO - Columnas renombradas: {'RSI_14': 'RSI', 'MACD_12_26_9': 'MACD', 'MACDs_12_26_9': 'MACDs', 'MACDh_12_26_9': 'MACDh', 'BBL_20_2.0': 'BBL', 'BBM_20_2.0': 'BBM', 'BBU_20_2.0': 'BBU', 'STOCHk_14_3_3': 'STOCHk', 'STOCHd_14_3_3': 'STOCHd', 'CCI_14_0.015': 'CCI', 'SMA_10': 'SMA_10', 'SMA_50': 'SMA_50', 'SMA_200': 'SMA_200', 'EMA_10': 'EMA_10', 'EMA_50': 'EMA_50'}
2025-01-29 18:17:49 - INFO - Target binario con look_ahead=3, min_change=0.016
2025-01-29 18:17:49 - INFO - Distribución de clases (0=Vender, 1=Comprar):
target
0.0    4838
1.0    4733
Name: count, dtype: int64
2025-01-29 18:17:49 - INFO - Muestra de datos con target:
                        close  future_close  change_pct  target
open_time                                                      
2020-11-18 08:30:00  18253.70      17935.34   -0.017441     0.0
2021-09-13 13:30:00  46299.98      44132.08   -0.046823     0.0
2022-06-19 18:30:00  19592.60      20031.21    0.022387     1.0
2022-02-27 19:15:00  38605.24      37595.90   -0.026145     0.0
2024-03-14 19:30:00  68990.01      70545.68    0.022549     1.0
2024-01-29 15:30:00  42104.09      42950.88    0.020112     1.0
2018-12-29 23:00:00   3853.85       3695.32   -0.041135     0.0
2022-06-14 07:00:00  22257.64      22877.52    0.027850     1.0
2022-11-09 21:00:00  16201.00      15751.13   -0.027768     0.0
2018-03-28 13:45:00   8029.18       7890.14   -0.017317     0.0
2025-01-29 18:17:49 - INFO - División de datos en Train/Test completada.
2025-01-29 18:17:49 - INFO - === Búsqueda de hiperparámetros (Optuna) en muestra de Training ===
2025-01-29 18:17:49 - INFO - No se han identificado características categóricas.
2025-01-29 18:17:49 - INFO - Columnas extra eliminadas: ['future_close', 'change_pct']
2025-01-29 18:17:49 - INFO - Dataset preparado: 5598 filas, 21 features (después de imputación).
2025-01-29 18:17:49 - INFO - Iniciando optimización en Optuna (precisión clase=1)...
2025-01-29 18:17:49 - INFO - Balance de clases tras SMOTETomek:
target
1.0    2094
0.0    2094
Name: count, dtype: int64
2025-01-29 18:17:49 - INFO - Balance de clases tras SMOTETomek:
target
0.0    2091
1.0    2091
Name: count, dtype: int64
2025-01-29 18:17:49 - INFO - Balance de clases tras SMOTETomek:
target
0.0    2083
1.0    2083
Name: count, dtype: int64
2025-01-29 18:17:49 - INFO - Balance de clases tras SMOTETomek:
target
0.0    2085
1.0    2085
Name: count, dtype: int64
2025-01-29 18:17:49 - INFO - Balance de clases tras SMOTETomek:
target
1.0    2092
0.0    2092
Name: count, dtype: int64
2025-01-29 18:17:50 - INFO - Balance de clases tras SMOTETomek:
target
1.0    2094
0.0    2094
Name: count, dtype: int64
2025-01-29 18:17:51 - INFO - Balance de clases tras SMOTETomek:
target
0.0    2091
1.0    2091
Name: count, dtype: int64
2025-01-29 18:17:52 - INFO - Balance de clases tras SMOTETomek:
target
0.0    2083
1.0    2083
Name: count, dtype: int64
2025-01-29 18:17:53 - INFO - Balance de clases tras SMOTETomek:
target
0.0    2085
1.0    2085
Name: count, dtype: int64
2025-01-29 18:17:54 - INFO - Balance de clases tras SMOTETomek:
target
1.0    2092
0.0    2092
Name: count, dtype: int64
2025-01-29 18:17:56 - INFO - Balance de clases tras SMOTETomek:
target
1.0    2094
0.0    2094
Name: count, dtype: int64
2025-01-29 18:17:57 - INFO - Balance de clases tras SMOTETomek:
target
0.0    2091
1.0    2091
Name: count, dtype: int64
2025-01-29 18:17:59 - INFO - Balance de clases tras SMOTETomek:
target
0.0    2083
1.0    2083
Name: count, dtype: int64
2025-01-29 18:18:00 - INFO - Balance de clases tras SMOTETomek:
target
0.0    2085
1.0    2085
Name: count, dtype: int64
2025-01-29 18:18:01 - INFO - Balance de clases tras SMOTETomek:
target
1.0    2092
0.0    2092
Name: count, dtype: int64
2025-01-29 18:18:03 - INFO - Balance de clases tras SMOTETomek:
target
1.0    2094
0.0    2094
Name: count, dtype: int64
2025-01-29 18:18:05 - INFO - Balance de clases tras SMOTETomek:
target
0.0    2091
1.0    2091
Name: count, dtype: int64
2025-01-29 18:18:08 - INFO - Balance de clases tras SMOTETomek:
target
0.0    2083
1.0    2083
Name: count, dtype: int64
2025-01-29 18:18:10 - INFO - Balance de clases tras SMOTETomek:
target
0.0    2085
1.0    2085
Name: count, dtype: int64
2025-01-29 18:18:13 - INFO - Balance de clases tras SMOTETomek:
target
1.0    2092
0.0    2092
Name: count, dtype: int64
2025-01-29 18:18:16 - INFO - Balance de clases tras SMOTETomek:
target
1.0    2094
0.0    2094
Name: count, dtype: int64
2025-01-29 18:18:17 - INFO - Balance de clases tras SMOTETomek:
target
0.0    2091
1.0    2091
Name: count, dtype: int64
2025-01-29 18:18:17 - INFO - Balance de clases tras SMOTETomek:
target
0.0    2083
1.0    2083
Name: count, dtype: int64
2025-01-29 18:18:17 - INFO - Balance de clases tras SMOTETomek:
target
0.0    2085
1.0    2085
Name: count, dtype: int64
2025-01-29 18:18:18 - INFO - Balance de clases tras SMOTETomek:
target
1.0    2092
0.0    2092
Name: count, dtype: int64
2025-01-29 18:18:18 - INFO - Balance de clases tras SMOTETomek:
target
1.0    2094
0.0    2094
Name: count, dtype: int64
2025-01-29 18:18:20 - INFO - Balance de clases tras SMOTETomek:
target
0.0    2091
1.0    2091
Name: count, dtype: int64
2025-01-29 18:18:22 - INFO - Balance de clases tras SMOTETomek:
target
0.0    2083
1.0    2083
Name: count, dtype: int64
2025-01-29 18:18:25 - INFO - Balance de clases tras SMOTETomek:
target
0.0    2085
1.0    2085
Name: count, dtype: int64
2025-01-29 18:18:27 - INFO - Balance de clases tras SMOTETomek:
target
1.0    2092
0.0    2092
Name: count, dtype: int64
2025-01-29 18:18:29 - INFO - Balance de clases tras SMOTETomek:
target
1.0    2094
0.0    2094
Name: count, dtype: int64
2025-01-29 18:18:30 - INFO - Balance de clases tras SMOTETomek:
target
0.0    2091
1.0    2091
Name: count, dtype: int64
2025-01-29 18:18:31 - INFO - Balance de clases tras SMOTETomek:
target
0.0    2083
1.0    2083
Name: count, dtype: int64
2025-01-29 18:18:32 - INFO - Balance de clases tras SMOTETomek:
target
0.0    2085
1.0    2085
Name: count, dtype: int64
2025-01-29 18:18:33 - INFO - Balance de clases tras SMOTETomek:
target
1.0    2092
0.0    2092
Name: count, dtype: int64
2025-01-29 18:18:34 - INFO - Balance de clases tras SMOTETomek:
target
1.0    2094
0.0    2094
Name: count, dtype: int64
2025-01-29 18:18:39 - INFO - Balance de clases tras SMOTETomek:
target
0.0    2091
1.0    2091
Name: count, dtype: int64
2025-01-29 18:18:43 - INFO - Balance de clases tras SMOTETomek:
target
0.0    2083
1.0    2083
Name: count, dtype: int64
2025-01-29 18:18:48 - INFO - Balance de clases tras SMOTETomek:
target
0.0    2085
1.0    2085
Name: count, dtype: int64
2025-01-29 18:18:53 - INFO - Balance de clases tras SMOTETomek:
target
1.0    2092
0.0    2092
Name: count, dtype: int64
2025-01-29 18:18:58 - INFO - Balance de clases tras SMOTETomek:
target
1.0    2094
0.0    2094
Name: count, dtype: int64
2025-01-29 18:18:59 - INFO - Balance de clases tras SMOTETomek:
target
0.0    2091
1.0    2091
Name: count, dtype: int64
2025-01-29 18:18:59 - INFO - Balance de clases tras SMOTETomek:
target
0.0    2083
1.0    2083
Name: count, dtype: int64
2025-01-29 18:19:00 - INFO - Balance de clases tras SMOTETomek:
target
0.0    2085
1.0    2085
Name: count, dtype: int64
2025-01-29 18:19:00 - INFO - Balance de clases tras SMOTETomek:
target
1.0    2092
0.0    2092
Name: count, dtype: int64
2025-01-29 18:19:01 - INFO - Balance de clases tras SMOTETomek:
target
1.0    2094
0.0    2094
Name: count, dtype: int64
2025-01-29 18:19:06 - INFO - Balance de clases tras SMOTETomek:
target
0.0    2091
1.0    2091
Name: count, dtype: int64
2025-01-29 18:19:12 - INFO - Balance de clases tras SMOTETomek:
target
0.0    2083
1.0    2083
Name: count, dtype: int64
2025-01-29 18:19:17 - INFO - Balance de clases tras SMOTETomek:
target
0.0    2085
1.0    2085
Name: count, dtype: int64
2025-01-29 18:19:23 - INFO - Balance de clases tras SMOTETomek:
target
1.0    2092
0.0    2092
Name: count, dtype: int64
2025-01-29 18:19:28 - INFO - Balance de clases tras SMOTETomek:
target
1.0    2094
0.0    2094
Name: count, dtype: int64
2025-01-29 18:19:36 - INFO - Balance de clases tras SMOTETomek:
target
0.0    2091
1.0    2091
Name: count, dtype: int64
2025-01-29 18:19:44 - INFO - Balance de clases tras SMOTETomek:
target
0.0    2083
1.0    2083
Name: count, dtype: int64
2025-01-29 18:20:00 - INFO - Balance de clases tras SMOTETomek:
target
0.0    2085
1.0    2085
Name: count, dtype: int64
2025-01-29 18:20:09 - INFO - Balance de clases tras SMOTETomek:
target
1.0    2092
0.0    2092
Name: count, dtype: int64
2025-01-29 18:20:18 - INFO - Mejor Precisión (clase=1): 0.7194
2025-01-29 18:20:18 - INFO - Mejores parámetros: {'max_depth': 20, 'learning_rate': 0.02042361883931737, 'n_estimators': 453, 'subsample': 0.7449901522906055, 'colsample_bytree': 0.7338741270742777, 'gamma': 0.38057243869694113, 'reg_alpha': 0.4016406919272847, 'reg_lambda': 0.6793248321388419}
2025-01-29 18:20:18 - INFO - === Entrenando Pipeline Final con TODO el Training ===
2025-01-29 18:20:18 - INFO - Columnas extra eliminadas: ['future_close', 'change_pct']
2025-01-29 18:20:18 - INFO - Dataset preparado: 6221 filas, 21 features (después de imputación).
2025-01-29 18:20:18 - INFO - Balance de clases tras SMOTETomek:
target
0.0    2903
1.0    2903
Name: count, dtype: int64
2025-01-29 18:20:22 - INFO - Pipeline final entrenado con scale_pos_weight=1.00
2025-01-29 18:20:22 - INFO - Pipeline completo guardado en: .ML/results/XGBoost_Binario_trained_pipeline.joblib
2025-01-29 18:20:22 - INFO - Parámetros guardados en: .ML/results/XGBoost_Binario_model_params.txt
2025-01-29 18:20:22 - INFO - Lista de features guardada en: .ML/results/XGBoost_Binario_feature_cols.txt
2025-01-29 18:20:22 - INFO - Columnas de indicadores existentes eliminadas: ['RSI', 'MACD', 'MACDs', 'MACDh', 'OBV', 'BBL', 'BBM', 'BBU', 'STOCHk', 'STOCHd', 'CCI', 'SMA_10', 'SMA_50', 'SMA_200', 'EMA_10', 'EMA_50']
2025-01-29 18:20:22 - INFO - Indicadores técnicos agregados. Filas antes: 3350, después: 3151 (descartadas: 199)
2025-01-29 18:20:22 - INFO - Columnas renombradas: {'RSI_14': 'RSI', 'MACD_12_26_9': 'MACD', 'MACDs_12_26_9': 'MACDs', 'MACDh_12_26_9': 'MACDh', 'BBL_20_2.0': 'BBL', 'BBM_20_2.0': 'BBM', 'BBU_20_2.0': 'BBU', 'STOCHk_14_3_3': 'STOCHk', 'STOCHd_14_3_3': 'STOCHd', 'CCI_14_0.015': 'CCI', 'SMA_10': 'SMA_10', 'SMA_50': 'SMA_50', 'SMA_200': 'SMA_200', 'EMA_10': 'EMA_10', 'EMA_50': 'EMA_50'}
2025-01-29 18:20:22 - INFO - Target binario con look_ahead=3, min_change=0.016
2025-01-29 18:20:22 - INFO - Distribución de clases (0=Vender, 1=Comprar):
target
1.0    1153
0.0    1120
Name: count, dtype: int64
2025-01-29 18:20:22 - INFO - Muestra de datos con target:
                        close  future_close  change_pct  target
open_time                                                      
2022-05-20 14:00:00  30118.50      29592.13   -0.017477     0.0
2023-08-17 15:15:00  28401.43      27672.95   -0.025649     0.0
2024-03-05 17:45:00  65575.20      64501.11   -0.016380     0.0
2022-03-27 20:15:00  44758.04      45716.85    0.021422     1.0
2021-06-25 17:30:00  31526.01      32315.68    0.025048     1.0
2022-03-09 03:00:00  39606.13      41790.01    0.055140     1.0
2021-06-18 17:30:00  36322.96      35599.99   -0.019904     0.0
2021-12-08 10:00:00  50261.75      49047.53   -0.024158     0.0
2021-05-12 23:00:00  52663.16      48281.59   -0.083200     0.0
2022-05-11 18:45:00  29915.90      29242.66   -0.022504     0.0
2025-01-29 18:20:22 - INFO - Columnas extra eliminadas: ['change_pct', 'future_close']
2025-01-29 18:20:22 - INFO - Dataset preparado: 2273 filas, 21 features (después de imputación).
2025-01-29 18:20:22 - INFO - === Evaluación en Test ===
2025-01-29 18:20:22 - INFO - Matriz de confusión [0=Vender, 1=Comprar]:
[[587 533]
 [597 556]]
2025-01-29 18:20:22 - INFO - Reporte de Clasificación:
              precision    recall  f1-score   support

      Vender       0.50      0.52      0.51      1120
     Comprar       0.51      0.48      0.50      1153

    accuracy                           0.50      2273
   macro avg       0.50      0.50      0.50      2273
weighted avg       0.50      0.50      0.50      2273

2025-01-29 18:20:22 - INFO - Precision (clase=1): 0.5106
2025-01-29 18:20:22 - INFO - F1 (clase=1): 0.4960
2025-01-29 18:20:22 - INFO - Recall (clase=1): 0.4822
2025-01-29 18:20:22 - INFO - Balanced Accuracy: 0.5032
2025-01-29 18:20:22 - INFO - MCC: 0.0063
2025-01-29 18:20:22 - INFO - AUC: 0.5062
2025-01-29 18:20:23 - INFO - Precisión final en Test (clase=1): 0.5106
2025-01-29 18:20:23 - INFO - Importancia de características guardada en .ML/results/feature_importances_binary.csv.
2025-01-29 18:20:24 - INFO - Gráfico de importancia de características guardado.
2025-01-29 18:20:24 - INFO - Calculando valores SHAP...
2025-01-29 18:20:41 - INFO - SHAP analysis completado y guardado.
2025-01-29 18:20:41 - INFO - Señales generadas con umbral=0.66
2025-01-29 18:20:41 - INFO - Señales filtradas por tendencia.
2025-01-29 18:20:41 - INFO - Señales guardadas en: .ML/results/signals_binary.csv
2025-01-29 18:20:41 - INFO - === Proceso Completado con Éxito ===
