2025-01-09 23:38:29 - INFO - Datos cargados desde ML/data/processed/BTCUSDT_15m_processed.csv, filas: 251947
2025-01-09 23:38:29 - INFO - Columnas de indicadores existentes eliminadas: ['RSI', 'MACD', 'MACDs', 'MACDh', 'OBV', 'BBL', 'BBM', 'BBU', 'SMA_10', 'SMA_50', 'EMA_10', 'EMA_50']
2025-01-09 23:38:29 - INFO - Indicadores técnicos agregados. Filas antes: 251947, después: 251748 (descartadas: 199)
2025-01-09 23:38:29 - INFO - Columnas renombradas: {'RSI_14': 'RSI', 'MACD_12_26_9': 'MACD', 'MACDs_12_26_9': 'MACDs', 'MACDh_12_26_9': 'MACDh', 'VWAP': 'VWAP', 'BBL_20_2.0': 'BBL', 'BBM_20_2.0': 'BBM', 'BBU_20_2.0': 'BBU', 'ATR_14': 'ATR', 'STOCHk_14_3_3': 'STOCHk', 'STOCHd_14_3_3': 'STOCHd', 'CCI_14_0.015': 'CCI', 'SMA_10': 'SMA_10', 'SMA_50': 'SMA_50', 'SMA_200': 'SMA_200', 'EMA_10': 'EMA_10', 'EMA_50': 'EMA_50'}
2025-01-09 23:38:29 - WARNING - Columna faltante 'VWAP' añadida con NaN.
2025-01-09 23:38:29 - WARNING - Columna faltante 'ATR' añadida con NaN.
2025-01-09 23:38:29 - INFO - Target binario con look_ahead=4, min_change=0.032
2025-01-09 23:38:29 - INFO - Distribución de clases (0=Vender, 1=Comprar):
target
0.0    1329
1.0    1184
Name: count, dtype: int64
2025-01-09 23:38:29 - INFO - Muestra de datos con target:
                        close  future_close  change_pct  target
open_time                                                      
2017-12-28 02:15:00  15165.71      14120.83   -0.068898     0.0
2019-07-02 14:00:00  10086.15      10449.00    0.035975     1.0
2019-12-04 20:00:00   7478.07       7222.49   -0.034177     0.0
2018-02-05 13:45:00   7636.18       7310.16   -0.042694     0.0
2021-05-19 18:45:00  37961.02      39342.93    0.036403     1.0
2021-05-21 21:00:00  34112.99      36364.66    0.066006     1.0
2017-09-14 20:15:00   3443.96       3319.96   -0.036005     0.0
2021-05-21 20:00:00  35577.65      34112.99   -0.041168     0.0
2021-01-04 09:15:00  31583.14      29071.89   -0.079512     0.0
2017-12-31 05:15:00  13058.11      12600.00   -0.035082     0.0
2025-01-09 23:38:29 - INFO - División de datos en Train/Test completada.
2025-01-09 23:38:29 - INFO - === Búsqueda de hiperparámetros (Optuna) en muestra de Training ===
2025-01-09 23:38:29 - INFO - No se han identificado características categóricas.
2025-01-09 23:38:29 - INFO - Columnas extra eliminadas: ['future_close', 'change_pct']
2025-01-09 23:38:29 - WARNING - Estas columnas están 100% NaN y se eliminarán antes de imputar: ['VWAP', 'ATR']
2025-01-09 23:38:29 - INFO - Dataset preparado: 753 filas, 21 features (después de imputación).
2025-01-09 23:38:30 - INFO - Balance de clases tras SMOTETomek:
target
0.0    318
1.0    318
Name: count, dtype: int64
2025-01-09 23:38:30 - INFO - Balance de clases tras SMOTETomek:
target
0.0    318
1.0    318
Name: count, dtype: int64
2025-01-09 23:38:30 - INFO - Balance de clases tras SMOTETomek:
target
0.0    319
1.0    319
Name: count, dtype: int64
2025-01-09 23:38:30 - INFO - Balance de clases tras SMOTETomek:
target
0.0    324
1.0    324
Name: count, dtype: int64
2025-01-09 23:38:31 - INFO - Balance de clases tras SMOTETomek:
target
0.0    319
1.0    319
Name: count, dtype: int64
2025-01-09 23:38:31 - INFO - Balance de clases tras SMOTETomek:
target
0.0    318
1.0    318
Name: count, dtype: int64
2025-01-09 23:38:31 - INFO - Balance de clases tras SMOTETomek:
target
0.0    319
1.0    319
Name: count, dtype: int64
2025-01-09 23:38:31 - INFO - Balance de clases tras SMOTETomek:
target
0.0    318
1.0    318
Name: count, dtype: int64
2025-01-09 23:38:32 - INFO - Balance de clases tras SMOTETomek:
target
0.0    324
1.0    324
Name: count, dtype: int64
2025-01-09 23:38:32 - INFO - Balance de clases tras SMOTETomek:
target
0.0    319
1.0    319
Name: count, dtype: int64
2025-01-09 23:38:33 - INFO - Balance de clases tras SMOTETomek:
target
0.0    318
1.0    318
Name: count, dtype: int64
2025-01-09 23:38:33 - INFO - Balance de clases tras SMOTETomek:
target
0.0    324
1.0    324
Name: count, dtype: int64
2025-01-09 23:38:33 - INFO - Balance de clases tras SMOTETomek:
target
0.0    319
1.0    319
Name: count, dtype: int64
2025-01-09 23:38:34 - INFO - Balance de clases tras SMOTETomek:
target
0.0    318
1.0    318
Name: count, dtype: int64
2025-01-09 23:38:34 - INFO - Balance de clases tras SMOTETomek:
target
0.0    318
1.0    318
Name: count, dtype: int64
2025-01-09 23:38:35 - INFO - Balance de clases tras SMOTETomek:
target
0.0    319
1.0    319
Name: count, dtype: int64
2025-01-09 23:38:35 - INFO - Balance de clases tras SMOTETomek:
target
0.0    319
1.0    319
Name: count, dtype: int64
2025-01-09 23:38:35 - INFO - Balance de clases tras SMOTETomek:
target
0.0    318
1.0    318
Name: count, dtype: int64
2025-01-09 23:38:36 - INFO - Balance de clases tras SMOTETomek:
target
0.0    319
1.0    319
Name: count, dtype: int64
2025-01-09 23:38:36 - INFO - Balance de clases tras SMOTETomek:
target
0.0    324
1.0    324
Name: count, dtype: int64
2025-01-09 23:38:36 - INFO - Balance de clases tras SMOTETomek:
target
0.0    324
1.0    324
Name: count, dtype: int64
2025-01-09 23:38:37 - INFO - Balance de clases tras SMOTETomek:
target
0.0    318
1.0    318
Name: count, dtype: int64
2025-01-09 23:38:38 - INFO - Balance de clases tras SMOTETomek:
target
0.0    318
1.0    318
Name: count, dtype: int64
2025-01-09 23:38:38 - INFO - Balance de clases tras SMOTETomek:
target
0.0    319
1.0    319
Name: count, dtype: int64
2025-01-09 23:38:38 - INFO - Balance de clases tras SMOTETomek:
target
0.0    318
1.0    318
Name: count, dtype: int64
2025-01-09 23:38:39 - INFO - Balance de clases tras SMOTETomek:
target
0.0    319
1.0    319
Name: count, dtype: int64
2025-01-09 23:38:39 - INFO - Balance de clases tras SMOTETomek:
target
0.0    319
1.0    319
Name: count, dtype: int64
2025-01-09 23:38:40 - INFO - Balance de clases tras SMOTETomek:
target
0.0    318
1.0    318
Name: count, dtype: int64
2025-01-09 23:38:41 - INFO - Balance de clases tras SMOTETomek:
target
0.0    324
1.0    324
Name: count, dtype: int64
2025-01-09 23:38:41 - INFO - Balance de clases tras SMOTETomek:
target
0.0    319
1.0    319
Name: count, dtype: int64
2025-01-09 23:38:42 - INFO - Balance de clases tras SMOTETomek:
target
0.0    318
1.0    318
Name: count, dtype: int64
2025-01-09 23:38:42 - INFO - Balance de clases tras SMOTETomek:
target
0.0    324
1.0    324
Name: count, dtype: int64
2025-01-09 23:38:43 - INFO - Balance de clases tras SMOTETomek:
target
0.0    319
1.0    319
Name: count, dtype: int64
2025-01-09 23:38:43 - INFO - Balance de clases tras SMOTETomek:
target
0.0    318
1.0    318
Name: count, dtype: int64
2025-01-09 23:38:44 - INFO - Balance de clases tras SMOTETomek:
target
0.0    319
1.0    319
Name: count, dtype: int64
2025-01-09 23:38:44 - INFO - Balance de clases tras SMOTETomek:
target
0.0    318
1.0    318
Name: count, dtype: int64
2025-01-09 23:38:45 - INFO - Balance de clases tras SMOTETomek:
target
0.0    318
1.0    318
Name: count, dtype: int64
2025-01-09 23:38:45 - INFO - Balance de clases tras SMOTETomek:
target
0.0    319
1.0    319
Name: count, dtype: int64
2025-01-09 23:38:45 - INFO - Balance de clases tras SMOTETomek:
target
0.0    319
1.0    319
Name: count, dtype: int64
2025-01-09 23:38:46 - INFO - Balance de clases tras SMOTETomek:
target
0.0    324
1.0    324
Name: count, dtype: int64
2025-01-09 23:38:46 - INFO - Balance de clases tras SMOTETomek:
target
0.0    324
1.0    324
Name: count, dtype: int64
2025-01-09 23:38:47 - INFO - Balance de clases tras SMOTETomek:
target
0.0    318
1.0    318
Name: count, dtype: int64
2025-01-09 23:38:47 - INFO - Balance de clases tras SMOTETomek:
target
0.0    318
1.0    318
Name: count, dtype: int64
2025-01-09 23:38:48 - INFO - Balance de clases tras SMOTETomek:
target
0.0    319
1.0    319
Name: count, dtype: int64
2025-01-09 23:38:48 - INFO - Balance de clases tras SMOTETomek:
target
0.0    319
1.0    319
Name: count, dtype: int64
2025-01-09 23:38:48 - INFO - Balance de clases tras SMOTETomek:
target
0.0    318
1.0    318
Name: count, dtype: int64
2025-01-09 23:38:49 - INFO - Balance de clases tras SMOTETomek:
target
0.0    318
1.0    318
Name: count, dtype: int64
2025-01-09 23:38:49 - INFO - Balance de clases tras SMOTETomek:
target
0.0    319
1.0    319
Name: count, dtype: int64
2025-01-09 23:38:50 - INFO - Balance de clases tras SMOTETomek:
target
0.0    319
1.0    319
Name: count, dtype: int64
2025-01-09 23:38:50 - INFO - Balance de clases tras SMOTETomek:
target
0.0    324
1.0    324
Name: count, dtype: int64
2025-01-09 23:38:50 - INFO - Balance de clases tras SMOTETomek:
target
0.0    324
1.0    324
Name: count, dtype: int64
2025-01-09 23:38:51 - INFO - Balance de clases tras SMOTETomek:
target
0.0    318
1.0    318
Name: count, dtype: int64
2025-01-09 23:38:51 - INFO - Balance de clases tras SMOTETomek:
target
0.0    318
1.0    318
Name: count, dtype: int64
2025-01-09 23:38:52 - INFO - Balance de clases tras SMOTETomek:
target
0.0    319
1.0    319
Name: count, dtype: int64
2025-01-09 23:38:52 - INFO - Balance de clases tras SMOTETomek:
target
0.0    319
1.0    319
Name: count, dtype: int64
2025-01-09 23:38:53 - INFO - Balance de clases tras SMOTETomek:
target
0.0    318
1.0    318
Name: count, dtype: int64
2025-01-09 23:38:53 - INFO - Balance de clases tras SMOTETomek:
target
0.0    318
1.0    318
Name: count, dtype: int64
2025-01-09 23:38:54 - INFO - Balance de clases tras SMOTETomek:
target
0.0    319
1.0    319
Name: count, dtype: int64
2025-01-09 23:38:54 - INFO - Balance de clases tras SMOTETomek:
target
0.0    319
1.0    319
Name: count, dtype: int64
2025-01-09 23:38:54 - INFO - Balance de clases tras SMOTETomek:
target
0.0    324
1.0    324
Name: count, dtype: int64
2025-01-09 23:38:55 - INFO - Balance de clases tras SMOTETomek:
target
0.0    324
1.0    324
Name: count, dtype: int64
2025-01-09 23:38:55 - INFO - Balance de clases tras SMOTETomek:
target
0.0    318
1.0    318
Name: count, dtype: int64
2025-01-09 23:38:56 - INFO - Balance de clases tras SMOTETomek:
target
0.0    319
1.0    319
Name: count, dtype: int64
2025-01-09 23:38:56 - INFO - Balance de clases tras SMOTETomek:
target
0.0    318
1.0    318
Name: count, dtype: int64
2025-01-09 23:38:57 - INFO - Balance de clases tras SMOTETomek:
target
0.0    318
1.0    318
Name: count, dtype: int64
2025-01-09 23:38:57 - INFO - Balance de clases tras SMOTETomek:
target
0.0    319
1.0    319
Name: count, dtype: int64
2025-01-09 23:38:58 - INFO - Balance de clases tras SMOTETomek:
target
0.0    319
1.0    319
Name: count, dtype: int64
2025-01-09 23:38:58 - INFO - Balance de clases tras SMOTETomek:
target
0.0    324
1.0    324
Name: count, dtype: int64
2025-01-09 23:38:59 - INFO - Balance de clases tras SMOTETomek:
target
0.0    318
1.0    318
Name: count, dtype: int64
2025-01-09 23:38:59 - INFO - Balance de clases tras SMOTETomek:
target
0.0    318
1.0    318
Name: count, dtype: int64
2025-01-09 23:38:59 - INFO - Balance de clases tras SMOTETomek:
target
0.0    319
1.0    319
Name: count, dtype: int64
2025-01-09 23:39:00 - INFO - Balance de clases tras SMOTETomek:
target
0.0    324
1.0    324
Name: count, dtype: int64
2025-01-09 23:39:00 - INFO - Balance de clases tras SMOTETomek:
target
0.0    319
1.0    319
Name: count, dtype: int64
2025-01-09 23:39:00 - INFO - Balance de clases tras SMOTETomek:
target
0.0    318
1.0    318
Name: count, dtype: int64
2025-01-09 23:39:01 - INFO - Balance de clases tras SMOTETomek:
target
0.0    318
1.0    318
Name: count, dtype: int64
2025-01-09 23:39:01 - INFO - Balance de clases tras SMOTETomek:
target
0.0    319
1.0    319
Name: count, dtype: int64
2025-01-09 23:39:01 - INFO - Balance de clases tras SMOTETomek:
target
0.0    319
1.0    319
Name: count, dtype: int64
2025-01-09 23:39:02 - INFO - Balance de clases tras SMOTETomek:
target
0.0    318
1.0    318
Name: count, dtype: int64
2025-01-09 23:39:02 - INFO - Balance de clases tras SMOTETomek:
target
0.0    324
1.0    324
Name: count, dtype: int64
2025-01-09 23:39:02 - INFO - Balance de clases tras SMOTETomek:
target
0.0    319
1.0    319
Name: count, dtype: int64
2025-01-09 23:39:03 - INFO - Balance de clases tras SMOTETomek:
target
0.0    318
1.0    318
Name: count, dtype: int64
2025-01-09 23:39:03 - INFO - Balance de clases tras SMOTETomek:
target
0.0    324
1.0    324
Name: count, dtype: int64
2025-01-09 23:39:03 - INFO - Balance de clases tras SMOTETomek:
target
0.0    319
1.0    319
Name: count, dtype: int64
2025-01-09 23:39:04 - INFO - Balance de clases tras SMOTETomek:
target
0.0    318
1.0    318
Name: count, dtype: int64
2025-01-09 23:39:04 - INFO - Balance de clases tras SMOTETomek:
target
0.0    318
1.0    318
Name: count, dtype: int64
2025-01-09 23:39:04 - INFO - Balance de clases tras SMOTETomek:
target
0.0    319
1.0    319
Name: count, dtype: int64
2025-01-09 23:39:04 - INFO - Balance de clases tras SMOTETomek:
target
0.0    319
1.0    319
Name: count, dtype: int64
2025-01-09 23:39:05 - INFO - Balance de clases tras SMOTETomek:
target
0.0    318
1.0    318
Name: count, dtype: int64
2025-01-09 23:39:05 - INFO - Balance de clases tras SMOTETomek:
target
0.0    324
1.0    324
Name: count, dtype: int64
2025-01-09 23:39:06 - INFO - Balance de clases tras SMOTETomek:
target
0.0    319
1.0    319
Name: count, dtype: int64
2025-01-09 23:39:06 - INFO - Balance de clases tras SMOTETomek:
target
0.0    318
1.0    318
Name: count, dtype: int64
2025-01-09 23:39:07 - INFO - Balance de clases tras SMOTETomek:
target
0.0    319
1.0    319
Name: count, dtype: int64
2025-01-09 23:39:07 - INFO - Balance de clases tras SMOTETomek:
target
0.0    324
1.0    324
Name: count, dtype: int64
2025-01-09 23:39:07 - INFO - Balance de clases tras SMOTETomek:
target
0.0    318
1.0    318
Name: count, dtype: int64
2025-01-09 23:39:07 - INFO - Balance de clases tras SMOTETomek:
target
0.0    318
1.0    318
Name: count, dtype: int64
2025-01-09 23:39:08 - INFO - Balance de clases tras SMOTETomek:
target
0.0    319
1.0    319
Name: count, dtype: int64
2025-01-09 23:39:08 - INFO - Balance de clases tras SMOTETomek:
target
0.0    324
1.0    324
Name: count, dtype: int64
2025-01-09 23:39:08 - INFO - Balance de clases tras SMOTETomek:
target
0.0    318
1.0    318
Name: count, dtype: int64
2025-01-09 23:39:08 - INFO - Balance de clases tras SMOTETomek:
target
0.0    319
1.0    319
Name: count, dtype: int64
2025-01-09 23:39:08 - INFO - Balance de clases tras SMOTETomek:
target
0.0    319
1.0    319
Name: count, dtype: int64
2025-01-09 23:39:09 - INFO - Balance de clases tras SMOTETomek:
target
0.0    318
1.0    318
Name: count, dtype: int64
2025-01-09 23:39:09 - INFO - Balance de clases tras SMOTETomek:
target
0.0    318
1.0    318
Name: count, dtype: int64
2025-01-09 23:39:09 - INFO - Balance de clases tras SMOTETomek:
target
0.0    319
1.0    319
Name: count, dtype: int64
2025-01-09 23:39:10 - INFO - Balance de clases tras SMOTETomek:
target
0.0    319
1.0    319
Name: count, dtype: int64
2025-01-09 23:39:10 - INFO - Balance de clases tras SMOTETomek:
target
0.0    324
1.0    324
Name: count, dtype: int64
2025-01-09 23:39:10 - INFO - Balance de clases tras SMOTETomek:
target
0.0    324
1.0    324
Name: count, dtype: int64
2025-01-09 23:39:10 - INFO - Balance de clases tras SMOTETomek:
target
0.0    318
1.0    318
Name: count, dtype: int64
2025-01-09 23:39:11 - INFO - Balance de clases tras SMOTETomek:
target
0.0    318
1.0    318
Name: count, dtype: int64
2025-01-09 23:39:11 - INFO - Balance de clases tras SMOTETomek:
target
0.0    319
1.0    319
Name: count, dtype: int64
2025-01-09 23:39:12 - INFO - Balance de clases tras SMOTETomek:
target
0.0    319
1.0    319
Name: count, dtype: int64
2025-01-09 23:39:12 - INFO - Balance de clases tras SMOTETomek:
target
0.0    318
1.0    318
Name: count, dtype: int64
2025-01-09 23:39:12 - INFO - Balance de clases tras SMOTETomek:
target
0.0    318
1.0    318
Name: count, dtype: int64
2025-01-09 23:39:13 - INFO - Balance de clases tras SMOTETomek:
target
0.0    319
1.0    319
Name: count, dtype: int64
2025-01-09 23:39:13 - INFO - Balance de clases tras SMOTETomek:
target
0.0    319
1.0    319
Name: count, dtype: int64
2025-01-09 23:39:14 - INFO - Balance de clases tras SMOTETomek:
target
0.0    324
1.0    324
Name: count, dtype: int64
2025-01-09 23:39:14 - INFO - Balance de clases tras SMOTETomek:
target
0.0    324
1.0    324
Name: count, dtype: int64
2025-01-09 23:39:15 - INFO - Balance de clases tras SMOTETomek:
target
0.0    318
1.0    318
Name: count, dtype: int64
2025-01-09 23:39:15 - INFO - Balance de clases tras SMOTETomek:
target
0.0    318
1.0    318
Name: count, dtype: int64
2025-01-09 23:39:16 - INFO - Balance de clases tras SMOTETomek:
target
0.0    319
1.0    319
Name: count, dtype: int64
2025-01-09 23:39:16 - INFO - Balance de clases tras SMOTETomek:
target
0.0    319
1.0    319
Name: count, dtype: int64
2025-01-09 23:39:17 - INFO - Balance de clases tras SMOTETomek:
target
0.0    318
1.0    318
Name: count, dtype: int64
2025-01-09 23:39:17 - INFO - Balance de clases tras SMOTETomek:
target
0.0    318
1.0    318
Name: count, dtype: int64
2025-01-09 23:39:17 - INFO - Balance de clases tras SMOTETomek:
target
0.0    319
1.0    319
Name: count, dtype: int64
2025-01-09 23:39:18 - INFO - Balance de clases tras SMOTETomek:
target
0.0    319
1.0    319
Name: count, dtype: int64
2025-01-09 23:39:18 - INFO - Balance de clases tras SMOTETomek:
target
0.0    324
1.0    324
Name: count, dtype: int64
2025-01-09 23:39:18 - INFO - Balance de clases tras SMOTETomek:
target
0.0    324
1.0    324
Name: count, dtype: int64
2025-01-09 23:39:18 - INFO - Balance de clases tras SMOTETomek:
target
0.0    318
1.0    318
Name: count, dtype: int64
2025-01-09 23:39:19 - INFO - Balance de clases tras SMOTETomek:
target
0.0    319
1.0    319
Name: count, dtype: int64
2025-01-09 23:39:19 - INFO - Balance de clases tras SMOTETomek:
target
0.0    318
1.0    318
Name: count, dtype: int64
2025-01-09 23:39:20 - INFO - Balance de clases tras SMOTETomek:
target
0.0    318
1.0    318
Name: count, dtype: int64
2025-01-09 23:39:20 - INFO - Balance de clases tras SMOTETomek:
target
0.0    319
1.0    319
Name: count, dtype: int64
2025-01-09 23:39:20 - INFO - Balance de clases tras SMOTETomek:
target
0.0    319
1.0    319
Name: count, dtype: int64
2025-01-09 23:39:20 - INFO - Balance de clases tras SMOTETomek:
target
0.0    324
1.0    324
Name: count, dtype: int64
2025-01-09 23:39:21 - INFO - Balance de clases tras SMOTETomek:
target
0.0    318
1.0    318
Name: count, dtype: int64
2025-01-09 23:39:21 - INFO - Balance de clases tras SMOTETomek:
target
0.0    318
1.0    318
Name: count, dtype: int64
2025-01-09 23:39:21 - INFO - Balance de clases tras SMOTETomek:
target
0.0    319
1.0    319
Name: count, dtype: int64
2025-01-09 23:39:21 - INFO - Balance de clases tras SMOTETomek:
target
0.0    318
1.0    318
Name: count, dtype: int64
2025-01-09 23:39:22 - INFO - Balance de clases tras SMOTETomek:
target
0.0    319
1.0    319
Name: count, dtype: int64
2025-01-09 23:39:22 - INFO - Balance de clases tras SMOTETomek:
target
0.0    319
1.0    319
Name: count, dtype: int64
2025-01-09 23:39:22 - INFO - Balance de clases tras SMOTETomek:
target
0.0    324
1.0    324
Name: count, dtype: int64
2025-01-09 23:39:22 - INFO - Balance de clases tras SMOTETomek:
target
0.0    324
1.0    324
Name: count, dtype: int64
2025-01-09 23:39:23 - INFO - Balance de clases tras SMOTETomek:
target
0.0    318
1.0    318
Name: count, dtype: int64
2025-01-09 23:39:23 - INFO - Balance de clases tras SMOTETomek:
target
0.0    319
1.0    319
Name: count, dtype: int64
2025-01-09 23:39:23 - INFO - Balance de clases tras SMOTETomek:
target
0.0    318
1.0    318
Name: count, dtype: int64
2025-01-09 23:39:23 - INFO - Balance de clases tras SMOTETomek:
target
0.0    318
1.0    318
Name: count, dtype: int64
2025-01-09 23:39:24 - INFO - Balance de clases tras SMOTETomek:
target
0.0    319
1.0    319
Name: count, dtype: int64
2025-01-09 23:39:24 - INFO - Balance de clases tras SMOTETomek:
target
0.0    319
1.0    319
Name: count, dtype: int64
2025-01-09 23:39:24 - INFO - Balance de clases tras SMOTETomek:
target
0.0    324
1.0    324
Name: count, dtype: int64
2025-01-09 23:39:25 - INFO - Balance de clases tras SMOTETomek:
target
0.0    318
1.0    318
Name: count, dtype: int64
2025-01-09 23:39:25 - INFO - Balance de clases tras SMOTETomek:
target
0.0    318
1.0    318
Name: count, dtype: int64
2025-01-09 23:39:25 - INFO - Balance de clases tras SMOTETomek:
target
0.0    319
1.0    319
Name: count, dtype: int64
2025-01-09 23:39:25 - INFO - Balance de clases tras SMOTETomek:
target
0.0    324
1.0    324
Name: count, dtype: int64
2025-01-09 23:39:25 - INFO - Balance de clases tras SMOTETomek:
target
0.0    319
1.0    319
Name: count, dtype: int64
2025-01-09 23:39:26 - INFO - Balance de clases tras SMOTETomek:
target
0.0    318
1.0    318
Name: count, dtype: int64
2025-01-09 23:39:26 - INFO - Balance de clases tras SMOTETomek:
target
0.0    318
1.0    318
Name: count, dtype: int64
2025-01-09 23:39:26 - INFO - Balance de clases tras SMOTETomek:
target
0.0    319
1.0    319
Name: count, dtype: int64
2025-01-09 23:39:26 - INFO - Balance de clases tras SMOTETomek:
target
0.0    318
1.0    318
Name: count, dtype: int64
2025-01-09 23:39:27 - INFO - Balance de clases tras SMOTETomek:
target
0.0    319
1.0    319
Name: count, dtype: int64
2025-01-09 23:39:27 - INFO - Balance de clases tras SMOTETomek:
target
0.0    324
1.0    324
Name: count, dtype: int64
2025-01-09 23:39:27 - INFO - Balance de clases tras SMOTETomek:
target
0.0    319
1.0    319
Name: count, dtype: int64
2025-01-09 23:39:28 - INFO - Balance de clases tras SMOTETomek:
target
0.0    318
1.0    318
Name: count, dtype: int64
2025-01-09 23:39:28 - INFO - Balance de clases tras SMOTETomek:
target
0.0    324
1.0    324
Name: count, dtype: int64
2025-01-09 23:39:28 - INFO - Balance de clases tras SMOTETomek:
target
0.0    319
1.0    319
Name: count, dtype: int64
2025-01-09 23:39:29 - INFO - Balance de clases tras SMOTETomek:
target
0.0    318
1.0    318
Name: count, dtype: int64
2025-01-09 23:39:29 - INFO - Balance de clases tras SMOTETomek:
target
0.0    318
1.0    318
Name: count, dtype: int64
2025-01-09 23:39:30 - INFO - Balance de clases tras SMOTETomek:
target
0.0    319
1.0    319
Name: count, dtype: int64
2025-01-09 23:39:30 - INFO - Balance de clases tras SMOTETomek:
target
0.0    319
1.0    319
Name: count, dtype: int64
2025-01-09 23:39:31 - INFO - Balance de clases tras SMOTETomek:
target
0.0    318
1.0    318
Name: count, dtype: int64
2025-01-09 23:39:31 - INFO - Balance de clases tras SMOTETomek:
target
0.0    324
1.0    324
Name: count, dtype: int64
2025-01-09 23:39:31 - INFO - Balance de clases tras SMOTETomek:
target
0.0    319
1.0    319
Name: count, dtype: int64
2025-01-09 23:39:32 - INFO - Balance de clases tras SMOTETomek:
target
0.0    318
1.0    318
Name: count, dtype: int64
2025-01-09 23:39:32 - INFO - Balance de clases tras SMOTETomek:
target
0.0    324
1.0    324
Name: count, dtype: int64
2025-01-09 23:39:33 - INFO - Balance de clases tras SMOTETomek:
target
0.0    318
1.0    318
Name: count, dtype: int64
2025-01-09 23:39:33 - INFO - Balance de clases tras SMOTETomek:
target
0.0    319
1.0    319
Name: count, dtype: int64
2025-01-09 23:39:33 - INFO - Balance de clases tras SMOTETomek:
target
0.0    319
1.0    319
Name: count, dtype: int64
2025-01-09 23:39:34 - INFO - Balance de clases tras SMOTETomek:
target
0.0    318
1.0    318
Name: count, dtype: int64
2025-01-09 23:39:34 - INFO - Balance de clases tras SMOTETomek:
target
0.0    318
1.0    318
Name: count, dtype: int64
2025-01-09 23:39:35 - INFO - Balance de clases tras SMOTETomek:
target
0.0    319
1.0    319
Name: count, dtype: int64
2025-01-09 23:39:35 - INFO - Balance de clases tras SMOTETomek:
target
0.0    324
1.0    324
Name: count, dtype: int64
2025-01-09 23:39:35 - INFO - Balance de clases tras SMOTETomek:
target
0.0    319
1.0    319
Name: count, dtype: int64
2025-01-09 23:39:36 - INFO - Balance de clases tras SMOTETomek:
target
0.0    318
1.0    318
Name: count, dtype: int64
2025-01-09 23:39:36 - INFO - Balance de clases tras SMOTETomek:
target
0.0    324
1.0    324
Name: count, dtype: int64
2025-01-09 23:39:36 - INFO - Balance de clases tras SMOTETomek:
target
0.0    319
1.0    319
Name: count, dtype: int64
2025-01-09 23:39:37 - INFO - Balance de clases tras SMOTETomek:
target
0.0    318
1.0    318
Name: count, dtype: int64
2025-01-09 23:39:38 - INFO - Balance de clases tras SMOTETomek:
target
0.0    318
1.0    318
Name: count, dtype: int64
2025-01-09 23:39:39 - INFO - Balance de clases tras SMOTETomek:
target
0.0    319
1.0    319
Name: count, dtype: int64
2025-01-09 23:39:39 - INFO - Balance de clases tras SMOTETomek:
target
0.0    319
1.0    319
Name: count, dtype: int64
2025-01-09 23:39:40 - INFO - Balance de clases tras SMOTETomek:
target
0.0    324
1.0    324
Name: count, dtype: int64
2025-01-09 23:39:40 - INFO - Balance de clases tras SMOTETomek:
target
0.0    318
1.0    318
Name: count, dtype: int64
2025-01-09 23:39:41 - INFO - Balance de clases tras SMOTETomek:
target
0.0    319
1.0    319
Name: count, dtype: int64
2025-01-09 23:39:41 - INFO - Balance de clases tras SMOTETomek:
target
0.0    318
1.0    318
Name: count, dtype: int64
2025-01-09 23:39:42 - INFO - Balance de clases tras SMOTETomek:
target
0.0    324
1.0    324
Name: count, dtype: int64
2025-01-09 23:39:43 - INFO - Balance de clases tras SMOTETomek:
target
0.0    318
1.0    318
Name: count, dtype: int64
2025-01-09 23:39:43 - INFO - Balance de clases tras SMOTETomek:
target
0.0    319
1.0    319
Name: count, dtype: int64
2025-01-09 23:39:43 - INFO - Balance de clases tras SMOTETomek:
target
0.0    319
1.0    319
Name: count, dtype: int64
2025-01-09 23:39:44 - INFO - Balance de clases tras SMOTETomek:
target
0.0    318
1.0    318
Name: count, dtype: int64
2025-01-09 23:39:44 - INFO - Balance de clases tras SMOTETomek:
target
0.0    318
1.0    318
Name: count, dtype: int64
2025-01-09 23:39:45 - INFO - Balance de clases tras SMOTETomek:
target
0.0    319
1.0    319
Name: count, dtype: int64
2025-01-09 23:39:46 - INFO - Balance de clases tras SMOTETomek:
target
0.0    324
1.0    324
Name: count, dtype: int64
2025-01-09 23:39:46 - INFO - Balance de clases tras SMOTETomek:
target
0.0    319
1.0    319
Name: count, dtype: int64
2025-01-09 23:39:46 - INFO - Balance de clases tras SMOTETomek:
target
0.0    318
1.0    318
Name: count, dtype: int64
2025-01-09 23:39:47 - INFO - Balance de clases tras SMOTETomek:
target
0.0    319
1.0    319
Name: count, dtype: int64
2025-01-09 23:39:47 - INFO - Balance de clases tras SMOTETomek:
target
0.0    324
1.0    324
Name: count, dtype: int64
2025-01-09 23:39:47 - INFO - Balance de clases tras SMOTETomek:
target
0.0    318
1.0    318
Name: count, dtype: int64
2025-01-09 23:39:48 - INFO - Balance de clases tras SMOTETomek:
target
0.0    319
1.0    319
Name: count, dtype: int64
2025-01-09 23:39:48 - INFO - Balance de clases tras SMOTETomek:
target
0.0    318
1.0    318
Name: count, dtype: int64
2025-01-09 23:39:48 - INFO - Balance de clases tras SMOTETomek:
target
0.0    324
1.0    324
Name: count, dtype: int64
2025-01-09 23:39:49 - INFO - Balance de clases tras SMOTETomek:
target
0.0    318
1.0    318
Name: count, dtype: int64
2025-01-09 23:39:49 - INFO - Balance de clases tras SMOTETomek:
target
0.0    319
1.0    319
Name: count, dtype: int64
2025-01-09 23:39:49 - INFO - Balance de clases tras SMOTETomek:
target
0.0    319
1.0    319
Name: count, dtype: int64
2025-01-09 23:39:50 - INFO - Balance de clases tras SMOTETomek:
target
0.0    318
1.0    318
Name: count, dtype: int64
2025-01-09 23:39:50 - INFO - Balance de clases tras SMOTETomek:
target
0.0    319
1.0    319
Name: count, dtype: int64
2025-01-09 23:39:51 - INFO - Balance de clases tras SMOTETomek:
target
0.0    318
1.0    318
Name: count, dtype: int64
2025-01-09 23:39:51 - INFO - Balance de clases tras SMOTETomek:
target
0.0    324
1.0    324
Name: count, dtype: int64
2025-01-09 23:39:51 - INFO - Balance de clases tras SMOTETomek:
target
0.0    319
1.0    319
Name: count, dtype: int64
2025-01-09 23:39:52 - INFO - Balance de clases tras SMOTETomek:
target
0.0    318
1.0    318
Name: count, dtype: int64
2025-01-09 23:39:52 - INFO - Balance de clases tras SMOTETomek:
target
0.0    324
1.0    324
Name: count, dtype: int64
2025-01-09 23:39:52 - INFO - Balance de clases tras SMOTETomek:
target
0.0    319
1.0    319
Name: count, dtype: int64
2025-01-09 23:39:53 - INFO - Balance de clases tras SMOTETomek:
target
0.0    318
1.0    318
Name: count, dtype: int64
2025-01-09 23:39:53 - INFO - Balance de clases tras SMOTETomek:
target
0.0    318
1.0    318
Name: count, dtype: int64
2025-01-09 23:39:53 - INFO - Balance de clases tras SMOTETomek:
target
0.0    319
1.0    319
Name: count, dtype: int64
2025-01-09 23:39:54 - INFO - Balance de clases tras SMOTETomek:
target
0.0    319
1.0    319
Name: count, dtype: int64
2025-01-09 23:39:54 - INFO - Balance de clases tras SMOTETomek:
target
0.0    324
1.0    324
Name: count, dtype: int64
2025-01-09 23:39:54 - INFO - Balance de clases tras SMOTETomek:
target
0.0    318
1.0    318
Name: count, dtype: int64
2025-01-09 23:39:55 - INFO - Balance de clases tras SMOTETomek:
target
0.0    319
1.0    319
Name: count, dtype: int64
2025-01-09 23:39:55 - INFO - Balance de clases tras SMOTETomek:
target
0.0    318
1.0    318
Name: count, dtype: int64
2025-01-09 23:39:55 - INFO - Balance de clases tras SMOTETomek:
target
0.0    324
1.0    324
Name: count, dtype: int64
2025-01-09 23:39:55 - INFO - Balance de clases tras SMOTETomek:
target
0.0    319
1.0    319
Name: count, dtype: int64
2025-01-09 23:39:56 - INFO - Balance de clases tras SMOTETomek:
target
0.0    318
1.0    318
Name: count, dtype: int64
2025-01-09 23:39:56 - INFO - Balance de clases tras SMOTETomek:
target
0.0    318
1.0    318
Name: count, dtype: int64
2025-01-09 23:39:56 - INFO - Balance de clases tras SMOTETomek:
target
0.0    319
1.0    319
Name: count, dtype: int64
2025-01-09 23:39:57 - INFO - Balance de clases tras SMOTETomek:
target
0.0    318
1.0    318
Name: count, dtype: int64
2025-01-09 23:39:57 - INFO - Balance de clases tras SMOTETomek:
target
0.0    319
1.0    319
Name: count, dtype: int64
2025-01-09 23:39:57 - INFO - Balance de clases tras SMOTETomek:
target
0.0    319
1.0    319
Name: count, dtype: int64
2025-01-09 23:39:57 - INFO - Balance de clases tras SMOTETomek:
target
0.0    324
1.0    324
Name: count, dtype: int64
2025-01-09 23:39:58 - INFO - Balance de clases tras SMOTETomek:
target
0.0    324
1.0    324
Name: count, dtype: int64
2025-01-09 23:39:58 - INFO - Balance de clases tras SMOTETomek:
target
0.0    318
1.0    318
Name: count, dtype: int64
2025-01-09 23:39:58 - INFO - Balance de clases tras SMOTETomek:
target
0.0    318
1.0    318
Name: count, dtype: int64
2025-01-09 23:39:59 - INFO - Balance de clases tras SMOTETomek:
target
0.0    319
1.0    319
Name: count, dtype: int64
2025-01-09 23:39:59 - INFO - Balance de clases tras SMOTETomek:
target
0.0    319
1.0    319
Name: count, dtype: int64
2025-01-09 23:39:59 - INFO - Balance de clases tras SMOTETomek:
target
0.0    318
1.0    318
Name: count, dtype: int64
2025-01-09 23:40:00 - INFO - Balance de clases tras SMOTETomek:
target
0.0    318
1.0    318
Name: count, dtype: int64
2025-01-09 23:40:00 - INFO - Balance de clases tras SMOTETomek:
target
0.0    319
1.0    319
Name: count, dtype: int64
2025-01-09 23:40:00 - INFO - Balance de clases tras SMOTETomek:
target
0.0    324
1.0    324
Name: count, dtype: int64
2025-01-09 23:40:00 - INFO - Balance de clases tras SMOTETomek:
target
0.0    319
1.0    319
Name: count, dtype: int64
2025-01-09 23:40:01 - INFO - Balance de clases tras SMOTETomek:
target
0.0    318
1.0    318
Name: count, dtype: int64
2025-01-09 23:40:01 - INFO - Balance de clases tras SMOTETomek:
target
0.0    324
1.0    324
Name: count, dtype: int64
2025-01-09 23:40:01 - INFO - Balance de clases tras SMOTETomek:
target
0.0    319
1.0    319
Name: count, dtype: int64
2025-01-09 23:40:01 - INFO - Balance de clases tras SMOTETomek:
target
0.0    318
1.0    318
Name: count, dtype: int64
2025-01-09 23:40:01 - INFO - Balance de clases tras SMOTETomek:
target
0.0    318
1.0    318
Name: count, dtype: int64
2025-01-09 23:40:02 - INFO - Balance de clases tras SMOTETomek:
target
0.0    319
1.0    319
Name: count, dtype: int64
2025-01-09 23:40:02 - INFO - Balance de clases tras SMOTETomek:
target
0.0    319
1.0    319
Name: count, dtype: int64
2025-01-09 23:40:02 - INFO - Balance de clases tras SMOTETomek:
target
0.0    318
1.0    318
Name: count, dtype: int64
2025-01-09 23:40:02 - INFO - Balance de clases tras SMOTETomek:
target
0.0    324
1.0    324
Name: count, dtype: int64
2025-01-09 23:40:03 - INFO - Balance de clases tras SMOTETomek:
target
0.0    318
1.0    318
Name: count, dtype: int64
2025-01-09 23:40:03 - INFO - Balance de clases tras SMOTETomek:
target
0.0    319
1.0    319
Name: count, dtype: int64
2025-01-09 23:40:03 - INFO - Balance de clases tras SMOTETomek:
target
0.0    319
1.0    319
Name: count, dtype: int64
2025-01-09 23:40:04 - INFO - Balance de clases tras SMOTETomek:
target
0.0    318
1.0    318
Name: count, dtype: int64
2025-01-09 23:40:04 - INFO - Balance de clases tras SMOTETomek:
target
0.0    319
1.0    319
Name: count, dtype: int64
2025-01-09 23:40:04 - INFO - Balance de clases tras SMOTETomek:
target
0.0    324
1.0    324
Name: count, dtype: int64
2025-01-09 23:40:05 - INFO - Balance de clases tras SMOTETomek:
target
0.0    324
1.0    324
Name: count, dtype: int64
2025-01-09 23:40:05 - INFO - Balance de clases tras SMOTETomek:
target
0.0    318
1.0    318
Name: count, dtype: int64
2025-01-09 23:40:05 - INFO - Balance de clases tras SMOTETomek:
target
0.0    318
1.0    318
Name: count, dtype: int64
2025-01-09 23:40:05 - INFO - Balance de clases tras SMOTETomek:
target
0.0    319
1.0    319
Name: count, dtype: int64
2025-01-09 23:40:06 - INFO - Balance de clases tras SMOTETomek:
target
0.0    318
1.0    318
Name: count, dtype: int64
2025-01-09 23:40:06 - INFO - Balance de clases tras SMOTETomek:
target
0.0    319
1.0    319
Name: count, dtype: int64
2025-01-09 23:40:06 - INFO - Balance de clases tras SMOTETomek:
target
0.0    319
1.0    319
Name: count, dtype: int64
2025-01-09 23:40:07 - INFO - Balance de clases tras SMOTETomek:
target
0.0    324
1.0    324
Name: count, dtype: int64
2025-01-09 23:40:07 - INFO - Balance de clases tras SMOTETomek:
target
0.0    318
1.0    318
Name: count, dtype: int64
2025-01-09 23:40:07 - INFO - Balance de clases tras SMOTETomek:
target
0.0    319
1.0    319
Name: count, dtype: int64
2025-01-09 23:40:07 - INFO - Balance de clases tras SMOTETomek:
target
0.0    318
1.0    318
Name: count, dtype: int64
2025-01-09 23:40:08 - INFO - Balance de clases tras SMOTETomek:
target
0.0    318
1.0    318
Name: count, dtype: int64
2025-01-09 23:40:08 - INFO - Balance de clases tras SMOTETomek:
target
0.0    319
1.0    319
Name: count, dtype: int64
2025-01-09 23:40:08 - INFO - Balance de clases tras SMOTETomek:
target
0.0    324
1.0    324
Name: count, dtype: int64
2025-01-09 23:40:08 - INFO - Balance de clases tras SMOTETomek:
target
0.0    319
1.0    319
Name: count, dtype: int64
2025-01-09 23:40:09 - INFO - Balance de clases tras SMOTETomek:
target
0.0    318
1.0    318
Name: count, dtype: int64
2025-01-09 23:40:09 - INFO - Balance de clases tras SMOTETomek:
target
0.0    319
1.0    319
Name: count, dtype: int64
2025-01-09 23:40:09 - INFO - Balance de clases tras SMOTETomek:
target
0.0    324
1.0    324
Name: count, dtype: int64
2025-01-09 23:40:09 - INFO - Balance de clases tras SMOTETomek:
target
0.0    318
1.0    318
Name: count, dtype: int64
2025-01-09 23:40:10 - INFO - Balance de clases tras SMOTETomek:
target
0.0    318
1.0    318
Name: count, dtype: int64
2025-01-09 23:40:10 - INFO - Balance de clases tras SMOTETomek:
target
0.0    319
1.0    319
Name: count, dtype: int64
2025-01-09 23:40:10 - INFO - Balance de clases tras SMOTETomek:
target
0.0    324
1.0    324
Name: count, dtype: int64
2025-01-09 23:40:10 - INFO - Balance de clases tras SMOTETomek:
target
0.0    319
1.0    319
Name: count, dtype: int64
2025-01-09 23:40:10 - INFO - Balance de clases tras SMOTETomek:
target
0.0    318
1.0    318
Name: count, dtype: int64
2025-01-09 23:40:11 - INFO - Balance de clases tras SMOTETomek:
target
0.0    319
1.0    319
Name: count, dtype: int64
2025-01-09 23:40:11 - INFO - Balance de clases tras SMOTETomek:
target
0.0    318
1.0    318
Name: count, dtype: int64
2025-01-09 23:40:11 - INFO - Balance de clases tras SMOTETomek:
target
0.0    318
1.0    318
Name: count, dtype: int64
2025-01-09 23:40:11 - INFO - Balance de clases tras SMOTETomek:
target
0.0    319
1.0    319
Name: count, dtype: int64
2025-01-09 23:40:12 - INFO - Balance de clases tras SMOTETomek:
target
0.0    324
1.0    324
Name: count, dtype: int64
2025-01-09 23:40:12 - INFO - Balance de clases tras SMOTETomek:
target
0.0    319
1.0    319
Name: count, dtype: int64
2025-01-09 23:40:12 - INFO - Balance de clases tras SMOTETomek:
target
0.0    318
1.0    318
Name: count, dtype: int64
2025-01-09 23:40:12 - INFO - Balance de clases tras SMOTETomek:
target
0.0    324
1.0    324
Name: count, dtype: int64
2025-01-09 23:40:12 - INFO - Balance de clases tras SMOTETomek:
target
0.0    319
1.0    319
Name: count, dtype: int64
2025-01-09 23:40:13 - INFO - Balance de clases tras SMOTETomek:
target
0.0    318
1.0    318
Name: count, dtype: int64
2025-01-09 23:40:13 - INFO - Balance de clases tras SMOTETomek:
target
0.0    318
1.0    318
Name: count, dtype: int64
2025-01-09 23:40:13 - INFO - Balance de clases tras SMOTETomek:
target
0.0    319
1.0    319
Name: count, dtype: int64
2025-01-09 23:40:13 - INFO - Balance de clases tras SMOTETomek:
target
0.0    319
1.0    319
Name: count, dtype: int64
2025-01-09 23:40:14 - INFO - Balance de clases tras SMOTETomek:
target
0.0    318
1.0    318
Name: count, dtype: int64
2025-01-09 23:40:14 - INFO - Balance de clases tras SMOTETomek:
target
0.0    324
1.0    324
Name: count, dtype: int64
2025-01-09 23:40:14 - INFO - Balance de clases tras SMOTETomek:
target
0.0    319
1.0    319
Name: count, dtype: int64
2025-01-09 23:40:14 - INFO - Balance de clases tras SMOTETomek:
target
0.0    318
1.0    318
Name: count, dtype: int64
2025-01-09 23:40:15 - INFO - Balance de clases tras SMOTETomek:
target
0.0    324
1.0    324
Name: count, dtype: int64
2025-01-09 23:40:15 - INFO - Balance de clases tras SMOTETomek:
target
0.0    319
1.0    319
Name: count, dtype: int64
2025-01-09 23:40:15 - INFO - Balance de clases tras SMOTETomek:
target
0.0    318
1.0    318
Name: count, dtype: int64
2025-01-09 23:40:16 - INFO - Balance de clases tras SMOTETomek:
target
0.0    318
1.0    318
Name: count, dtype: int64
2025-01-09 23:40:16 - INFO - Balance de clases tras SMOTETomek:
target
0.0    319
1.0    319
Name: count, dtype: int64
2025-01-09 23:40:16 - INFO - Balance de clases tras SMOTETomek:
target
0.0    319
1.0    319
Name: count, dtype: int64
2025-01-09 23:40:17 - INFO - Balance de clases tras SMOTETomek:
target
0.0    318
1.0    318
Name: count, dtype: int64
2025-01-09 23:40:17 - INFO - Balance de clases tras SMOTETomek:
target
0.0    324
1.0    324
Name: count, dtype: int64
2025-01-09 23:40:17 - INFO - Balance de clases tras SMOTETomek:
target
0.0    319
1.0    319
Name: count, dtype: int64
2025-01-09 23:40:17 - INFO - Balance de clases tras SMOTETomek:
target
0.0    318
1.0    318
Name: count, dtype: int64
2025-01-09 23:40:18 - INFO - Balance de clases tras SMOTETomek:
target
0.0    324
1.0    324
Name: count, dtype: int64
2025-01-09 23:40:18 - INFO - Balance de clases tras SMOTETomek:
target
0.0    319
1.0    319
Name: count, dtype: int64
2025-01-09 23:40:18 - INFO - Balance de clases tras SMOTETomek:
target
0.0    318
1.0    318
Name: count, dtype: int64
2025-01-09 23:40:18 - INFO - Balance de clases tras SMOTETomek:
target
0.0    318
1.0    318
Name: count, dtype: int64
2025-01-09 23:40:18 - INFO - Balance de clases tras SMOTETomek:
target
0.0    319
1.0    319
Name: count, dtype: int64
2025-01-09 23:40:19 - INFO - Balance de clases tras SMOTETomek:
target
0.0    318
1.0    318
Name: count, dtype: int64
2025-01-09 23:40:19 - INFO - Balance de clases tras SMOTETomek:
target
0.0    319
1.0    319
Name: count, dtype: int64
2025-01-09 23:40:19 - INFO - Balance de clases tras SMOTETomek:
target
0.0    319
1.0    319
Name: count, dtype: int64
2025-01-09 23:40:20 - INFO - Balance de clases tras SMOTETomek:
target
0.0    324
1.0    324
Name: count, dtype: int64
2025-01-09 23:40:20 - INFO - Balance de clases tras SMOTETomek:
target
0.0    324
1.0    324
Name: count, dtype: int64
2025-01-09 23:40:20 - INFO - Balance de clases tras SMOTETomek:
target
0.0    318
1.0    318
Name: count, dtype: int64
2025-01-09 23:40:20 - INFO - Balance de clases tras SMOTETomek:
target
0.0    318
1.0    318
Name: count, dtype: int64
2025-01-09 23:40:21 - INFO - Balance de clases tras SMOTETomek:
target
0.0    319
1.0    319
Name: count, dtype: int64
2025-01-09 23:40:21 - INFO - Balance de clases tras SMOTETomek:
target
0.0    318
1.0    318
Name: count, dtype: int64
2025-01-09 23:40:21 - INFO - Balance de clases tras SMOTETomek:
target
0.0    319
1.0    319
Name: count, dtype: int64
2025-01-09 23:40:22 - INFO - Balance de clases tras SMOTETomek:
target
0.0    319
1.0    319
Name: count, dtype: int64
2025-01-09 23:40:22 - INFO - Balance de clases tras SMOTETomek:
target
0.0    318
1.0    318
Name: count, dtype: int64
2025-01-09 23:40:22 - INFO - Balance de clases tras SMOTETomek:
target
0.0    324
1.0    324
Name: count, dtype: int64
2025-01-09 23:40:22 - INFO - Balance de clases tras SMOTETomek:
target
0.0    319
1.0    319
Name: count, dtype: int64
2025-01-09 23:40:23 - INFO - Balance de clases tras SMOTETomek:
target
0.0    318
1.0    318
Name: count, dtype: int64
2025-01-09 23:40:23 - INFO - Balance de clases tras SMOTETomek:
target
0.0    324
1.0    324
Name: count, dtype: int64
2025-01-09 23:40:23 - INFO - Balance de clases tras SMOTETomek:
target
0.0    319
1.0    319
Name: count, dtype: int64
2025-01-09 23:40:23 - INFO - Balance de clases tras SMOTETomek:
target
0.0    318
1.0    318
Name: count, dtype: int64
2025-01-09 23:40:24 - INFO - Balance de clases tras SMOTETomek:
target
0.0    319
1.0    319
Name: count, dtype: int64
2025-01-09 23:40:24 - INFO - Balance de clases tras SMOTETomek:
target
0.0    318
1.0    318
Name: count, dtype: int64
2025-01-09 23:40:24 - INFO - Balance de clases tras SMOTETomek:
target
0.0    318
1.0    318
Name: count, dtype: int64
2025-01-09 23:40:25 - INFO - Balance de clases tras SMOTETomek:
target
0.0    319
1.0    319
Name: count, dtype: int64
2025-01-09 23:40:25 - INFO - Balance de clases tras SMOTETomek:
target
0.0    319
1.0    319
Name: count, dtype: int64
2025-01-09 23:40:25 - INFO - Balance de clases tras SMOTETomek:
target
0.0    324
1.0    324
Name: count, dtype: int64
2025-01-09 23:40:25 - INFO - Balance de clases tras SMOTETomek:
target
0.0    324
1.0    324
Name: count, dtype: int64
2025-01-09 23:40:25 - INFO - Balance de clases tras SMOTETomek:
target
0.0    318
1.0    318
Name: count, dtype: int64
2025-01-09 23:40:26 - INFO - Balance de clases tras SMOTETomek:
target
0.0    319
1.0    319
Name: count, dtype: int64
2025-01-09 23:40:26 - INFO - Balance de clases tras SMOTETomek:
target
0.0    318
1.0    318
Name: count, dtype: int64
2025-01-09 23:40:26 - INFO - Balance de clases tras SMOTETomek:
target
0.0    318
1.0    318
Name: count, dtype: int64
2025-01-09 23:40:27 - INFO - Balance de clases tras SMOTETomek:
target
0.0    319
1.0    319
Name: count, dtype: int64
2025-01-09 23:40:27 - INFO - Balance de clases tras SMOTETomek:
target
0.0    319
1.0    319
Name: count, dtype: int64
2025-01-09 23:40:27 - INFO - Balance de clases tras SMOTETomek:
target
0.0    324
1.0    324
Name: count, dtype: int64
2025-01-09 23:40:27 - INFO - Balance de clases tras SMOTETomek:
target
0.0    318
1.0    318
Name: count, dtype: int64
2025-01-09 23:40:27 - INFO - Balance de clases tras SMOTETomek:
target
0.0    318
1.0    318
Name: count, dtype: int64
2025-01-09 23:40:28 - INFO - Balance de clases tras SMOTETomek:
target
0.0    319
1.0    319
Name: count, dtype: int64
2025-01-09 23:40:28 - INFO - Balance de clases tras SMOTETomek:
target
0.0    319
1.0    319
Name: count, dtype: int64
2025-01-09 23:40:28 - INFO - Balance de clases tras SMOTETomek:
target
0.0    318
1.0    318
Name: count, dtype: int64
2025-01-09 23:40:28 - INFO - Balance de clases tras SMOTETomek:
target
0.0    324
1.0    324
Name: count, dtype: int64
2025-01-09 23:40:28 - INFO - Balance de clases tras SMOTETomek:
target
0.0    318
1.0    318
Name: count, dtype: int64
2025-01-09 23:40:29 - INFO - Balance de clases tras SMOTETomek:
target
0.0    319
1.0    319
Name: count, dtype: int64
2025-01-09 23:40:29 - INFO - Balance de clases tras SMOTETomek:
target
0.0    319
1.0    319
Name: count, dtype: int64
2025-01-09 23:40:29 - INFO - Balance de clases tras SMOTETomek:
target
0.0    318
1.0    318
Name: count, dtype: int64
2025-01-09 23:40:29 - INFO - Balance de clases tras SMOTETomek:
target
0.0    324
1.0    324
Name: count, dtype: int64
2025-01-09 23:40:30 - INFO - Balance de clases tras SMOTETomek:
target
0.0    319
1.0    319
Name: count, dtype: int64
2025-01-09 23:40:30 - INFO - Balance de clases tras SMOTETomek:
target
0.0    318
1.0    318
Name: count, dtype: int64
2025-01-09 23:40:31 - INFO - Balance de clases tras SMOTETomek:
target
0.0    324
1.0    324
Name: count, dtype: int64
2025-01-09 23:40:31 - INFO - Balance de clases tras SMOTETomek:
target
0.0    319
1.0    319
Name: count, dtype: int64
2025-01-09 23:40:31 - INFO - Balance de clases tras SMOTETomek:
target
0.0    318
1.0    318
Name: count, dtype: int64
2025-01-09 23:40:31 - INFO - Balance de clases tras SMOTETomek:
target
0.0    318
1.0    318
Name: count, dtype: int64
2025-01-09 23:40:32 - INFO - Balance de clases tras SMOTETomek:
target
0.0    319
1.0    319
Name: count, dtype: int64
2025-01-09 23:40:32 - INFO - Balance de clases tras SMOTETomek:
target
0.0    319
1.0    319
Name: count, dtype: int64
2025-01-09 23:40:33 - INFO - Balance de clases tras SMOTETomek:
target
0.0    318
1.0    318
Name: count, dtype: int64
2025-01-09 23:40:33 - INFO - Balance de clases tras SMOTETomek:
target
0.0    324
1.0    324
Name: count, dtype: int64
2025-01-09 23:40:34 - INFO - Balance de clases tras SMOTETomek:
target
0.0    319
1.0    319
Name: count, dtype: int64
2025-01-09 23:40:34 - INFO - Balance de clases tras SMOTETomek:
target
0.0    318
1.0    318
Name: count, dtype: int64
2025-01-09 23:40:35 - INFO - Balance de clases tras SMOTETomek:
target
0.0    324
1.0    324
Name: count, dtype: int64
2025-01-09 23:40:35 - INFO - Balance de clases tras SMOTETomek:
target
0.0    319
1.0    319
Name: count, dtype: int64
2025-01-09 23:40:35 - INFO - Balance de clases tras SMOTETomek:
target
0.0    318
1.0    318
Name: count, dtype: int64
2025-01-09 23:40:36 - INFO - Balance de clases tras SMOTETomek:
target
0.0    319
1.0    319
Name: count, dtype: int64
2025-01-09 23:40:36 - INFO - Balance de clases tras SMOTETomek:
target
0.0    318
1.0    318
Name: count, dtype: int64
2025-01-09 23:40:37 - INFO - Balance de clases tras SMOTETomek:
target
0.0    319
1.0    319
Name: count, dtype: int64
2025-01-09 23:40:37 - INFO - Balance de clases tras SMOTETomek:
target
0.0    318
1.0    318
Name: count, dtype: int64
2025-01-09 23:40:38 - INFO - Balance de clases tras SMOTETomek:
target
0.0    324
1.0    324
Name: count, dtype: int64
2025-01-09 23:40:38 - INFO - Balance de clases tras SMOTETomek:
target
0.0    319
1.0    319
Name: count, dtype: int64
2025-01-09 23:40:38 - INFO - Balance de clases tras SMOTETomek:
target
0.0    318
1.0    318
Name: count, dtype: int64
2025-01-09 23:40:38 - INFO - Balance de clases tras SMOTETomek:
target
0.0    324
1.0    324
Name: count, dtype: int64
2025-01-09 23:40:39 - INFO - Balance de clases tras SMOTETomek:
target
0.0    319
1.0    319
Name: count, dtype: int64
2025-01-09 23:40:39 - INFO - Balance de clases tras SMOTETomek:
target
0.0    318
1.0    318
Name: count, dtype: int64
2025-01-09 23:40:39 - INFO - Balance de clases tras SMOTETomek:
target
0.0    318
1.0    318
Name: count, dtype: int64
2025-01-09 23:40:39 - INFO - Balance de clases tras SMOTETomek:
target
0.0    319
1.0    319
Name: count, dtype: int64
2025-01-09 23:40:40 - INFO - Balance de clases tras SMOTETomek:
target
0.0    319
1.0    319
Name: count, dtype: int64
2025-01-09 23:40:40 - INFO - Balance de clases tras SMOTETomek:
target
0.0    318
1.0    318
Name: count, dtype: int64
2025-01-09 23:40:40 - INFO - Balance de clases tras SMOTETomek:
target
0.0    324
1.0    324
Name: count, dtype: int64
2025-01-09 23:40:41 - INFO - Balance de clases tras SMOTETomek:
target
0.0    319
1.0    319
Name: count, dtype: int64
2025-01-09 23:40:41 - INFO - Balance de clases tras SMOTETomek:
target
0.0    318
1.0    318
Name: count, dtype: int64
2025-01-09 23:40:41 - INFO - Balance de clases tras SMOTETomek:
target
0.0    324
1.0    324
Name: count, dtype: int64
2025-01-09 23:40:42 - INFO - Balance de clases tras SMOTETomek:
target
0.0    319
1.0    319
Name: count, dtype: int64
2025-01-09 23:40:42 - INFO - Balance de clases tras SMOTETomek:
target
0.0    318
1.0    318
Name: count, dtype: int64
2025-01-09 23:40:42 - INFO - Balance de clases tras SMOTETomek:
target
0.0    318
1.0    318
Name: count, dtype: int64
2025-01-09 23:40:42 - INFO - Balance de clases tras SMOTETomek:
target
0.0    319
1.0    319
Name: count, dtype: int64
2025-01-09 23:40:43 - INFO - Balance de clases tras SMOTETomek:
target
0.0    319
1.0    319
Name: count, dtype: int64
2025-01-09 23:40:43 - INFO - Balance de clases tras SMOTETomek:
target
0.0    318
1.0    318
Name: count, dtype: int64
2025-01-09 23:40:43 - INFO - Balance de clases tras SMOTETomek:
target
0.0    319
1.0    319
Name: count, dtype: int64
2025-01-09 23:40:44 - INFO - Balance de clases tras SMOTETomek:
target
0.0    324
1.0    324
Name: count, dtype: int64
2025-01-09 23:40:44 - INFO - Balance de clases tras SMOTETomek:
target
0.0    324
1.0    324
Name: count, dtype: int64
2025-01-09 23:40:44 - INFO - Balance de clases tras SMOTETomek:
target
0.0    318
1.0    318
Name: count, dtype: int64
2025-01-09 23:40:45 - INFO - Balance de clases tras SMOTETomek:
target
0.0    318
1.0    318
Name: count, dtype: int64
2025-01-09 23:40:45 - INFO - Balance de clases tras SMOTETomek:
target
0.0    319
1.0    319
Name: count, dtype: int64
2025-01-09 23:40:45 - INFO - Balance de clases tras SMOTETomek:
target
0.0    319
1.0    319
Name: count, dtype: int64
2025-01-09 23:40:46 - INFO - Balance de clases tras SMOTETomek:
target
0.0    318
1.0    318
Name: count, dtype: int64
2025-01-09 23:40:46 - INFO - Balance de clases tras SMOTETomek:
target
0.0    318
1.0    318
Name: count, dtype: int64
2025-01-09 23:40:46 - INFO - Balance de clases tras SMOTETomek:
target
0.0    319
1.0    319
Name: count, dtype: int64
2025-01-09 23:40:47 - INFO - Balance de clases tras SMOTETomek:
target
0.0    319
1.0    319
Name: count, dtype: int64
2025-01-09 23:40:47 - INFO - Balance de clases tras SMOTETomek:
target
0.0    324
1.0    324
Name: count, dtype: int64
2025-01-09 23:40:47 - INFO - Balance de clases tras SMOTETomek:
target
0.0    324
1.0    324
Name: count, dtype: int64
2025-01-09 23:40:47 - INFO - Balance de clases tras SMOTETomek:
target
0.0    318
1.0    318
Name: count, dtype: int64
2025-01-09 23:40:48 - INFO - Balance de clases tras SMOTETomek:
target
0.0    318
1.0    318
Name: count, dtype: int64
2025-01-09 23:40:48 - INFO - Balance de clases tras SMOTETomek:
target
0.0    319
1.0    319
Name: count, dtype: int64
2025-01-09 23:40:48 - INFO - Balance de clases tras SMOTETomek:
target
0.0    319
1.0    319
Name: count, dtype: int64
2025-01-09 23:40:49 - INFO - Balance de clases tras SMOTETomek:
target
0.0    318
1.0    318
Name: count, dtype: int64
2025-01-09 23:40:49 - INFO - Balance de clases tras SMOTETomek:
target
0.0    318
1.0    318
Name: count, dtype: int64
2025-01-09 23:40:49 - INFO - Balance de clases tras SMOTETomek:
target
0.0    319
1.0    319
Name: count, dtype: int64
2025-01-09 23:40:50 - INFO - Balance de clases tras SMOTETomek:
target
0.0    319
1.0    319
Name: count, dtype: int64
2025-01-09 23:40:50 - INFO - Balance de clases tras SMOTETomek:
target
0.0    324
1.0    324
Name: count, dtype: int64
2025-01-09 23:40:50 - INFO - Balance de clases tras SMOTETomek:
target
0.0    324
1.0    324
Name: count, dtype: int64
2025-01-09 23:40:51 - INFO - Balance de clases tras SMOTETomek:
target
0.0    318
1.0    318
Name: count, dtype: int64
2025-01-09 23:40:51 - INFO - Balance de clases tras SMOTETomek:
target
0.0    318
1.0    318
Name: count, dtype: int64
2025-01-09 23:40:51 - INFO - Balance de clases tras SMOTETomek:
target
0.0    319
1.0    319
Name: count, dtype: int64
2025-01-09 23:40:51 - INFO - Balance de clases tras SMOTETomek:
target
0.0    319
1.0    319
Name: count, dtype: int64
2025-01-09 23:40:52 - INFO - Balance de clases tras SMOTETomek:
target
0.0    318
1.0    318
Name: count, dtype: int64
2025-01-09 23:40:52 - INFO - Balance de clases tras SMOTETomek:
target
0.0    318
1.0    318
Name: count, dtype: int64
2025-01-09 23:40:52 - INFO - Balance de clases tras SMOTETomek:
target
0.0    319
1.0    319
Name: count, dtype: int64
2025-01-09 23:40:53 - INFO - Balance de clases tras SMOTETomek:
target
0.0    319
1.0    319
Name: count, dtype: int64
2025-01-09 23:40:53 - INFO - Balance de clases tras SMOTETomek:
target
0.0    324
1.0    324
Name: count, dtype: int64
2025-01-09 23:40:54 - INFO - Balance de clases tras SMOTETomek:
target
0.0    324
1.0    324
Name: count, dtype: int64
2025-01-09 23:40:54 - INFO - Balance de clases tras SMOTETomek:
target
0.0    318
1.0    318
Name: count, dtype: int64
2025-01-09 23:40:54 - INFO - Balance de clases tras SMOTETomek:
target
0.0    319
1.0    319
Name: count, dtype: int64
2025-01-09 23:40:54 - INFO - Balance de clases tras SMOTETomek:
target
0.0    318
1.0    318
Name: count, dtype: int64
2025-01-09 23:40:55 - INFO - Balance de clases tras SMOTETomek:
target
0.0    318
1.0    318
Name: count, dtype: int64
2025-01-09 23:40:55 - INFO - Balance de clases tras SMOTETomek:
target
0.0    319
1.0    319
Name: count, dtype: int64
2025-01-09 23:40:55 - INFO - Balance de clases tras SMOTETomek:
target
0.0    319
1.0    319
Name: count, dtype: int64
2025-01-09 23:40:55 - INFO - Balance de clases tras SMOTETomek:
target
0.0    318
1.0    318
Name: count, dtype: int64
2025-01-09 23:40:56 - INFO - Balance de clases tras SMOTETomek:
target
0.0    324
1.0    324
Name: count, dtype: int64
2025-01-09 23:40:56 - INFO - Balance de clases tras SMOTETomek:
target
0.0    319
1.0    319
Name: count, dtype: int64
2025-01-09 23:40:57 - INFO - Balance de clases tras SMOTETomek:
target
0.0    318
1.0    318
Name: count, dtype: int64
2025-01-09 23:40:57 - INFO - Balance de clases tras SMOTETomek:
target
0.0    324
1.0    324
Name: count, dtype: int64
2025-01-09 23:40:57 - INFO - Balance de clases tras SMOTETomek:
target
0.0    319
1.0    319
Name: count, dtype: int64
2025-01-09 23:40:58 - INFO - Balance de clases tras SMOTETomek:
target
0.0    318
1.0    318
Name: count, dtype: int64
2025-01-09 23:40:58 - INFO - Balance de clases tras SMOTETomek:
target
0.0    318
1.0    318
Name: count, dtype: int64
2025-01-09 23:40:59 - INFO - Balance de clases tras SMOTETomek:
target
0.0    319
1.0    319
Name: count, dtype: int64
2025-01-09 23:40:59 - INFO - Balance de clases tras SMOTETomek:
target
0.0    319
1.0    319
Name: count, dtype: int64
2025-01-09 23:40:59 - INFO - Balance de clases tras SMOTETomek:
target
0.0    324
1.0    324
Name: count, dtype: int64
2025-01-09 23:41:00 - INFO - Balance de clases tras SMOTETomek:
target
0.0    318
1.0    318
Name: count, dtype: int64
2025-01-09 23:41:00 - INFO - Balance de clases tras SMOTETomek:
target
0.0    318
1.0    318
Name: count, dtype: int64
2025-01-09 23:41:01 - INFO - Balance de clases tras SMOTETomek:
target
0.0    319
1.0    319
Name: count, dtype: int64
2025-01-09 23:41:01 - INFO - Balance de clases tras SMOTETomek:
target
0.0    319
1.0    319
Name: count, dtype: int64
2025-01-09 23:41:01 - INFO - Balance de clases tras SMOTETomek:
target
0.0    324
1.0    324
Name: count, dtype: int64
2025-01-09 23:41:02 - INFO - Balance de clases tras SMOTETomek:
target
0.0    318
1.0    318
Name: count, dtype: int64
2025-01-09 23:41:02 - INFO - Balance de clases tras SMOTETomek:
target
0.0    319
1.0    319
Name: count, dtype: int64
2025-01-09 23:41:02 - INFO - Balance de clases tras SMOTETomek:
target
0.0    318
1.0    318
Name: count, dtype: int64
2025-01-09 23:41:03 - INFO - Balance de clases tras SMOTETomek:
target
0.0    324
1.0    324
Name: count, dtype: int64
2025-01-09 23:41:03 - INFO - Balance de clases tras SMOTETomek:
target
0.0    319
1.0    319
Name: count, dtype: int64
2025-01-09 23:41:03 - INFO - Balance de clases tras SMOTETomek:
target
0.0    318
1.0    318
Name: count, dtype: int64
2025-01-09 23:41:04 - INFO - Balance de clases tras SMOTETomek:
target
0.0    319
1.0    319
Name: count, dtype: int64
2025-01-09 23:41:04 - INFO - Balance de clases tras SMOTETomek:
target
0.0    318
1.0    318
Name: count, dtype: int64
2025-01-09 23:41:04 - INFO - Balance de clases tras SMOTETomek:
target
0.0    318
1.0    318
Name: count, dtype: int64
2025-01-09 23:41:05 - INFO - Balance de clases tras SMOTETomek:
target
0.0    319
1.0    319
Name: count, dtype: int64
2025-01-09 23:41:05 - INFO - Balance de clases tras SMOTETomek:
target
0.0    319
1.0    319
Name: count, dtype: int64
2025-01-09 23:41:05 - INFO - Balance de clases tras SMOTETomek:
target
0.0    324
1.0    324
Name: count, dtype: int64
2025-01-09 23:41:06 - INFO - Balance de clases tras SMOTETomek:
target
0.0    324
1.0    324
Name: count, dtype: int64
2025-01-09 23:41:06 - INFO - Balance de clases tras SMOTETomek:
target
0.0    318
1.0    318
Name: count, dtype: int64
2025-01-09 23:41:07 - INFO - Balance de clases tras SMOTETomek:
target
0.0    318
1.0    318
Name: count, dtype: int64
2025-01-09 23:41:07 - INFO - Balance de clases tras SMOTETomek:
target
0.0    319
1.0    319
Name: count, dtype: int64
2025-01-09 23:41:08 - INFO - Balance de clases tras SMOTETomek:
target
0.0    319
1.0    319
Name: count, dtype: int64
2025-01-09 23:41:08 - INFO - Balance de clases tras SMOTETomek:
target
0.0    318
1.0    318
Name: count, dtype: int64
2025-01-09 23:41:09 - INFO - Balance de clases tras SMOTETomek:
target
0.0    318
1.0    318
Name: count, dtype: int64
2025-01-09 23:41:09 - INFO - Balance de clases tras SMOTETomek:
target
0.0    319
1.0    319
Name: count, dtype: int64
2025-01-09 23:41:09 - INFO - Balance de clases tras SMOTETomek:
target
0.0    319
1.0    319
Name: count, dtype: int64
2025-01-09 23:41:10 - INFO - Balance de clases tras SMOTETomek:
target
0.0    324
1.0    324
Name: count, dtype: int64
2025-01-09 23:41:10 - INFO - Balance de clases tras SMOTETomek:
target
0.0    324
1.0    324
Name: count, dtype: int64
2025-01-09 23:41:10 - INFO - Balance de clases tras SMOTETomek:
target
0.0    318
1.0    318
Name: count, dtype: int64
2025-01-09 23:41:11 - INFO - Balance de clases tras SMOTETomek:
target
0.0    318
1.0    318
Name: count, dtype: int64
2025-01-09 23:41:11 - INFO - Balance de clases tras SMOTETomek:
target
0.0    319
1.0    319
Name: count, dtype: int64
2025-01-09 23:41:11 - INFO - Balance de clases tras SMOTETomek:
target
0.0    319
1.0    319
Name: count, dtype: int64
2025-01-09 23:41:12 - INFO - Balance de clases tras SMOTETomek:
target
0.0    318
1.0    318
Name: count, dtype: int64
2025-01-09 23:41:12 - INFO - Balance de clases tras SMOTETomek:
target
0.0    318
1.0    318
Name: count, dtype: int64
2025-01-09 23:41:13 - INFO - Balance de clases tras SMOTETomek:
target
0.0    319
1.0    319
Name: count, dtype: int64
2025-01-09 23:41:13 - INFO - Balance de clases tras SMOTETomek:
target
0.0    319
1.0    319
Name: count, dtype: int64
2025-01-09 23:41:13 - INFO - Balance de clases tras SMOTETomek:
target
0.0    324
1.0    324
Name: count, dtype: int64
2025-01-09 23:41:14 - INFO - Balance de clases tras SMOTETomek:
target
0.0    324
1.0    324
Name: count, dtype: int64
2025-01-09 23:41:14 - INFO - Balance de clases tras SMOTETomek:
target
0.0    318
1.0    318
Name: count, dtype: int64
2025-01-09 23:41:14 - INFO - Balance de clases tras SMOTETomek:
target
0.0    318
1.0    318
Name: count, dtype: int64
2025-01-09 23:41:15 - INFO - Balance de clases tras SMOTETomek:
target
0.0    319
1.0    319
Name: count, dtype: int64
2025-01-09 23:41:15 - INFO - Balance de clases tras SMOTETomek:
target
0.0    319
1.0    319
Name: count, dtype: int64
2025-01-09 23:41:16 - INFO - Balance de clases tras SMOTETomek:
target
0.0    318
1.0    318
Name: count, dtype: int64
2025-01-09 23:41:16 - INFO - Balance de clases tras SMOTETomek:
target
0.0    318
1.0    318
Name: count, dtype: int64
2025-01-09 23:41:16 - INFO - Balance de clases tras SMOTETomek:
target
0.0    319
1.0    319
Name: count, dtype: int64
2025-01-09 23:41:17 - INFO - Balance de clases tras SMOTETomek:
target
0.0    319
1.0    319
Name: count, dtype: int64
2025-01-09 23:41:17 - INFO - Balance de clases tras SMOTETomek:
target
0.0    324
1.0    324
Name: count, dtype: int64
2025-01-09 23:41:18 - INFO - Balance de clases tras SMOTETomek:
target
0.0    324
1.0    324
Name: count, dtype: int64
2025-01-09 23:41:18 - INFO - Balance de clases tras SMOTETomek:
target
0.0    318
1.0    318
Name: count, dtype: int64
2025-01-09 23:41:19 - INFO - Balance de clases tras SMOTETomek:
target
0.0    319
1.0    319
Name: count, dtype: int64
2025-01-09 23:41:19 - INFO - Balance de clases tras SMOTETomek:
target
0.0    318
1.0    318
Name: count, dtype: int64
2025-01-09 23:41:20 - INFO - Balance de clases tras SMOTETomek:
target
0.0    318
1.0    318
Name: count, dtype: int64
2025-01-09 23:41:20 - INFO - Balance de clases tras SMOTETomek:
target
0.0    319
1.0    319
Name: count, dtype: int64
2025-01-09 23:41:20 - INFO - Balance de clases tras SMOTETomek:
target
0.0    319
1.0    319
Name: count, dtype: int64
2025-01-09 23:41:21 - INFO - Balance de clases tras SMOTETomek:
target
0.0    318
1.0    318
Name: count, dtype: int64
2025-01-09 23:41:21 - INFO - Balance de clases tras SMOTETomek:
target
0.0    324
1.0    324
Name: count, dtype: int64
2025-01-09 23:41:22 - INFO - Balance de clases tras SMOTETomek:
target
0.0    318
1.0    318
Name: count, dtype: int64
2025-01-09 23:41:22 - INFO - Balance de clases tras SMOTETomek:
target
0.0    319
1.0    319
Name: count, dtype: int64
2025-01-09 23:41:22 - INFO - Balance de clases tras SMOTETomek:
target
0.0    319
1.0    319
Name: count, dtype: int64
2025-01-09 23:41:23 - INFO - Balance de clases tras SMOTETomek:
target
0.0    324
1.0    324
Name: count, dtype: int64
2025-01-09 23:41:23 - INFO - Balance de clases tras SMOTETomek:
target
0.0    318
1.0    318
Name: count, dtype: int64
2025-01-09 23:41:24 - INFO - Balance de clases tras SMOTETomek:
target
0.0    319
1.0    319
Name: count, dtype: int64
2025-01-09 23:41:24 - INFO - Balance de clases tras SMOTETomek:
target
0.0    318
1.0    318
Name: count, dtype: int64
2025-01-09 23:41:25 - INFO - Balance de clases tras SMOTETomek:
target
0.0    324
1.0    324
Name: count, dtype: int64
2025-01-09 23:41:25 - INFO - Balance de clases tras SMOTETomek:
target
0.0    319
1.0    319
Name: count, dtype: int64
2025-01-09 23:41:25 - INFO - Balance de clases tras SMOTETomek:
target
0.0    318
1.0    318
Name: count, dtype: int64
2025-01-09 23:41:26 - INFO - Balance de clases tras SMOTETomek:
target
0.0    319
1.0    319
Name: count, dtype: int64
2025-01-09 23:41:26 - INFO - Balance de clases tras SMOTETomek:
target
0.0    318
1.0    318
Name: count, dtype: int64
2025-01-09 23:41:27 - INFO - Balance de clases tras SMOTETomek:
target
0.0    318
1.0    318
Name: count, dtype: int64
2025-01-09 23:41:27 - INFO - Balance de clases tras SMOTETomek:
target
0.0    319
1.0    319
Name: count, dtype: int64
2025-01-09 23:41:27 - INFO - Balance de clases tras SMOTETomek:
target
0.0    319
1.0    319
Name: count, dtype: int64
2025-01-09 23:41:28 - INFO - Balance de clases tras SMOTETomek:
target
0.0    324
1.0    324
Name: count, dtype: int64
2025-01-09 23:41:28 - INFO - Balance de clases tras SMOTETomek:
target
0.0    324
1.0    324
Name: count, dtype: int64
2025-01-09 23:41:29 - INFO - Balance de clases tras SMOTETomek:
target
0.0    318
1.0    318
Name: count, dtype: int64
2025-01-09 23:41:29 - INFO - Balance de clases tras SMOTETomek:
target
0.0    318
1.0    318
Name: count, dtype: int64
2025-01-09 23:41:29 - INFO - Balance de clases tras SMOTETomek:
target
0.0    319
1.0    319
Name: count, dtype: int64
2025-01-09 23:41:30 - INFO - Balance de clases tras SMOTETomek:
target
0.0    319
1.0    319
Name: count, dtype: int64
2025-01-09 23:41:30 - INFO - Balance de clases tras SMOTETomek:
target
0.0    318
1.0    318
Name: count, dtype: int64
2025-01-09 23:41:31 - INFO - Balance de clases tras SMOTETomek:
target
0.0    318
1.0    318
Name: count, dtype: int64
2025-01-09 23:41:32 - INFO - Balance de clases tras SMOTETomek:
target
0.0    319
1.0    319
Name: count, dtype: int64
2025-01-09 23:41:32 - INFO - Balance de clases tras SMOTETomek:
target
0.0    319
1.0    319
Name: count, dtype: int64
2025-01-09 23:41:34 - INFO - Balance de clases tras SMOTETomek:
target
0.0    324
1.0    324
Name: count, dtype: int64
2025-01-09 23:41:34 - INFO - Balance de clases tras SMOTETomek:
target
0.0    324
1.0    324
Name: count, dtype: int64
2025-01-09 23:41:35 - INFO - Balance de clases tras SMOTETomek:
target
0.0    318
1.0    318
Name: count, dtype: int64
2025-01-09 23:41:35 - INFO - Balance de clases tras SMOTETomek:
target
0.0    318
1.0    318
Name: count, dtype: int64
2025-01-09 23:41:37 - INFO - Balance de clases tras SMOTETomek:
target
0.0    319
1.0    319
Name: count, dtype: int64
2025-01-09 23:41:37 - INFO - Balance de clases tras SMOTETomek:
target
0.0    319
1.0    319
Name: count, dtype: int64
2025-01-09 23:41:38 - INFO - Balance de clases tras SMOTETomek:
target
0.0    318
1.0    318
Name: count, dtype: int64
2025-01-09 23:41:39 - INFO - Balance de clases tras SMOTETomek:
target
0.0    318
1.0    318
Name: count, dtype: int64
2025-01-09 23:41:39 - INFO - Balance de clases tras SMOTETomek:
target
0.0    319
1.0    319
Name: count, dtype: int64
2025-01-09 23:41:40 - INFO - Balance de clases tras SMOTETomek:
target
0.0    319
1.0    319
Name: count, dtype: int64
2025-01-09 23:41:40 - INFO - Balance de clases tras SMOTETomek:
target
0.0    324
1.0    324
Name: count, dtype: int64
2025-01-09 23:41:40 - INFO - Balance de clases tras SMOTETomek:
target
0.0    324
1.0    324
Name: count, dtype: int64
2025-01-09 23:41:41 - INFO - Balance de clases tras SMOTETomek:
target
0.0    318
1.0    318
Name: count, dtype: int64
2025-01-09 23:41:41 - INFO - Balance de clases tras SMOTETomek:
target
0.0    318
1.0    318
Name: count, dtype: int64
2025-01-09 23:41:42 - INFO - Balance de clases tras SMOTETomek:
target
0.0    319
1.0    319
Name: count, dtype: int64
2025-01-09 23:41:42 - INFO - Balance de clases tras SMOTETomek:
target
0.0    319
1.0    319
Name: count, dtype: int64
2025-01-09 23:41:43 - INFO - Balance de clases tras SMOTETomek:
target
0.0    318
1.0    318
Name: count, dtype: int64
2025-01-09 23:41:43 - INFO - Balance de clases tras SMOTETomek:
target
0.0    318
1.0    318
Name: count, dtype: int64
2025-01-09 23:41:43 - INFO - Balance de clases tras SMOTETomek:
target
0.0    319
1.0    319
Name: count, dtype: int64
2025-01-09 23:41:44 - INFO - Balance de clases tras SMOTETomek:
target
0.0    324
1.0    324
Name: count, dtype: int64
2025-01-09 23:41:45 - INFO - Balance de clases tras SMOTETomek:
target
0.0    319
1.0    319
Name: count, dtype: int64
2025-01-09 23:41:45 - INFO - Balance de clases tras SMOTETomek:
target
0.0    318
1.0    318
Name: count, dtype: int64
2025-01-09 23:41:46 - INFO - Balance de clases tras SMOTETomek:
target
0.0    319
1.0    319
Name: count, dtype: int64
2025-01-09 23:41:46 - INFO - Balance de clases tras SMOTETomek:
target
0.0    318
1.0    318
Name: count, dtype: int64
2025-01-09 23:41:46 - INFO - Balance de clases tras SMOTETomek:
target
0.0    324
1.0    324
Name: count, dtype: int64
2025-01-09 23:41:47 - INFO - Balance de clases tras SMOTETomek:
target
0.0    319
1.0    319
Name: count, dtype: int64
2025-01-09 23:41:48 - INFO - Balance de clases tras SMOTETomek:
target
0.0    324
1.0    324
Name: count, dtype: int64
2025-01-09 23:41:48 - INFO - Balance de clases tras SMOTETomek:
target
0.0    318
1.0    318
Name: count, dtype: int64
2025-01-09 23:41:48 - INFO - Balance de clases tras SMOTETomek:
target
0.0    318
1.0    318
Name: count, dtype: int64
2025-01-09 23:41:49 - INFO - Balance de clases tras SMOTETomek:
target
0.0    319
1.0    319
Name: count, dtype: int64
2025-01-09 23:41:49 - INFO - Balance de clases tras SMOTETomek:
target
0.0    318
1.0    318
Name: count, dtype: int64
2025-01-09 23:41:50 - INFO - Balance de clases tras SMOTETomek:
target
0.0    319
1.0    319
Name: count, dtype: int64
2025-01-09 23:41:50 - INFO - Balance de clases tras SMOTETomek:
target
0.0    319
1.0    319
Name: count, dtype: int64
2025-01-09 23:41:51 - INFO - Balance de clases tras SMOTETomek:
target
0.0    324
1.0    324
Name: count, dtype: int64
2025-01-09 23:41:51 - INFO - Balance de clases tras SMOTETomek:
target
0.0    318
1.0    318
Name: count, dtype: int64
2025-01-09 23:41:52 - INFO - Balance de clases tras SMOTETomek:
target
0.0    318
1.0    318
Name: count, dtype: int64
2025-01-09 23:41:52 - INFO - Balance de clases tras SMOTETomek:
target
0.0    319
1.0    319
Name: count, dtype: int64
2025-01-09 23:41:52 - INFO - Balance de clases tras SMOTETomek:
target
0.0    319
1.0    319
Name: count, dtype: int64
2025-01-09 23:41:53 - INFO - Balance de clases tras SMOTETomek:
target
0.0    318
1.0    318
Name: count, dtype: int64
2025-01-09 23:41:53 - INFO - Balance de clases tras SMOTETomek:
target
0.0    324
1.0    324
Name: count, dtype: int64
2025-01-09 23:41:54 - INFO - Balance de clases tras SMOTETomek:
target
0.0    319
1.0    319
Name: count, dtype: int64
2025-01-09 23:41:54 - INFO - Balance de clases tras SMOTETomek:
target
0.0    318
1.0    318
Name: count, dtype: int64
2025-01-09 23:41:54 - INFO - Balance de clases tras SMOTETomek:
target
0.0    324
1.0    324
Name: count, dtype: int64
2025-01-09 23:41:54 - INFO - Balance de clases tras SMOTETomek:
target
0.0    319
1.0    319
Name: count, dtype: int64
2025-01-09 23:41:55 - INFO - Balance de clases tras SMOTETomek:
target
0.0    318
1.0    318
Name: count, dtype: int64
2025-01-09 23:41:55 - INFO - Balance de clases tras SMOTETomek:
target
0.0    318
1.0    318
Name: count, dtype: int64
2025-01-09 23:41:56 - INFO - Balance de clases tras SMOTETomek:
target
0.0    319
1.0    319
Name: count, dtype: int64
2025-01-09 23:41:56 - INFO - Balance de clases tras SMOTETomek:
target
0.0    319
1.0    319
Name: count, dtype: int64
2025-01-09 23:41:57 - INFO - Balance de clases tras SMOTETomek:
target
0.0    318
1.0    318
Name: count, dtype: int64
2025-01-09 23:41:57 - INFO - Balance de clases tras SMOTETomek:
target
0.0    324
1.0    324
Name: count, dtype: int64
2025-01-09 23:41:57 - INFO - Balance de clases tras SMOTETomek:
target
0.0    319
1.0    319
Name: count, dtype: int64
2025-01-09 23:41:58 - INFO - Balance de clases tras SMOTETomek:
target
0.0    318
1.0    318
Name: count, dtype: int64
2025-01-09 23:41:58 - INFO - Balance de clases tras SMOTETomek:
target
0.0    324
1.0    324
Name: count, dtype: int64
2025-01-09 23:41:58 - INFO - Balance de clases tras SMOTETomek:
target
0.0    319
1.0    319
Name: count, dtype: int64
2025-01-09 23:41:58 - INFO - Balance de clases tras SMOTETomek:
target
0.0    318
1.0    318
Name: count, dtype: int64
2025-01-09 23:41:59 - INFO - Balance de clases tras SMOTETomek:
target
0.0    318
1.0    318
Name: count, dtype: int64
2025-01-09 23:41:59 - INFO - Balance de clases tras SMOTETomek:
target
0.0    319
1.0    319
Name: count, dtype: int64
2025-01-09 23:42:00 - INFO - Balance de clases tras SMOTETomek:
target
0.0    319
1.0    319
Name: count, dtype: int64
2025-01-09 23:42:00 - INFO - Balance de clases tras SMOTETomek:
target
0.0    318
1.0    318
Name: count, dtype: int64
2025-01-09 23:42:00 - INFO - Balance de clases tras SMOTETomek:
target
0.0    324
1.0    324
Name: count, dtype: int64
2025-01-09 23:42:01 - INFO - Balance de clases tras SMOTETomek:
target
0.0    319
1.0    319
Name: count, dtype: int64
2025-01-09 23:42:01 - INFO - Balance de clases tras SMOTETomek:
target
0.0    318
1.0    318
Name: count, dtype: int64
2025-01-09 23:42:01 - INFO - Balance de clases tras SMOTETomek:
target
0.0    319
1.0    319
Name: count, dtype: int64
2025-01-09 23:42:01 - INFO - Balance de clases tras SMOTETomek:
target
0.0    324
1.0    324
Name: count, dtype: int64
2025-01-09 23:42:02 - INFO - Balance de clases tras SMOTETomek:
target
0.0    318
1.0    318
Name: count, dtype: int64
2025-01-09 23:42:02 - INFO - Balance de clases tras SMOTETomek:
target
0.0    318
1.0    318
Name: count, dtype: int64
2025-01-09 23:42:03 - INFO - Balance de clases tras SMOTETomek:
target
0.0    319
1.0    319
Name: count, dtype: int64
2025-01-09 23:42:03 - INFO - Balance de clases tras SMOTETomek:
target
0.0    319
1.0    319
Name: count, dtype: int64
2025-01-09 23:42:03 - INFO - Balance de clases tras SMOTETomek:
target
0.0    324
1.0    324
Name: count, dtype: int64
2025-01-09 23:42:04 - INFO - Balance de clases tras SMOTETomek:
target
0.0    318
1.0    318
Name: count, dtype: int64
2025-01-09 23:42:04 - INFO - Balance de clases tras SMOTETomek:
target
0.0    318
1.0    318
Name: count, dtype: int64
2025-01-09 23:42:05 - INFO - Balance de clases tras SMOTETomek:
target
0.0    319
1.0    319
Name: count, dtype: int64
2025-01-09 23:42:05 - INFO - Balance de clases tras SMOTETomek:
target
0.0    319
1.0    319
Name: count, dtype: int64
2025-01-09 23:42:06 - INFO - Balance de clases tras SMOTETomek:
target
0.0    324
1.0    324
Name: count, dtype: int64
2025-01-09 23:42:06 - INFO - Balance de clases tras SMOTETomek:
target
0.0    318
1.0    318
Name: count, dtype: int64
2025-01-09 23:42:06 - INFO - Balance de clases tras SMOTETomek:
target
0.0    318
1.0    318
Name: count, dtype: int64
2025-01-09 23:42:07 - INFO - Balance de clases tras SMOTETomek:
target
0.0    319
1.0    319
Name: count, dtype: int64
2025-01-09 23:42:08 - INFO - Balance de clases tras SMOTETomek:
target
0.0    319
1.0    319
Name: count, dtype: int64
2025-01-09 23:42:08 - INFO - Balance de clases tras SMOTETomek:
target
0.0    324
1.0    324
Name: count, dtype: int64
2025-01-09 23:42:09 - INFO - Balance de clases tras SMOTETomek:
target
0.0    318
1.0    318
Name: count, dtype: int64
2025-01-09 23:42:09 - INFO - Balance de clases tras SMOTETomek:
target
0.0    319
1.0    319
Name: count, dtype: int64
2025-01-09 23:42:10 - INFO - Balance de clases tras SMOTETomek:
target
0.0    318
1.0    318
Name: count, dtype: int64
2025-01-09 23:42:10 - INFO - Balance de clases tras SMOTETomek:
target
0.0    324
1.0    324
Name: count, dtype: int64
2025-01-09 23:42:11 - INFO - Balance de clases tras SMOTETomek:
target
0.0    318
1.0    318
Name: count, dtype: int64
2025-01-09 23:42:11 - INFO - Balance de clases tras SMOTETomek:
target
0.0    319
1.0    319
Name: count, dtype: int64
2025-01-09 23:42:11 - INFO - Balance de clases tras SMOTETomek:
target
0.0    319
1.0    319
Name: count, dtype: int64
2025-01-09 23:42:12 - INFO - Balance de clases tras SMOTETomek:
target
0.0    318
1.0    318
Name: count, dtype: int64
2025-01-09 23:42:13 - INFO - Balance de clases tras SMOTETomek:
target
0.0    318
1.0    318
Name: count, dtype: int64
2025-01-09 23:42:13 - INFO - Balance de clases tras SMOTETomek:
target
0.0    319
1.0    319
Name: count, dtype: int64
2025-01-09 23:42:14 - INFO - Balance de clases tras SMOTETomek:
target
0.0    319
1.0    319
Name: count, dtype: int64
2025-01-09 23:42:14 - INFO - Balance de clases tras SMOTETomek:
target
0.0    324
1.0    324
Name: count, dtype: int64
2025-01-09 23:42:15 - INFO - Balance de clases tras SMOTETomek:
target
0.0    318
1.0    318
Name: count, dtype: int64
2025-01-09 23:42:16 - INFO - Balance de clases tras SMOTETomek:
target
0.0    324
1.0    324
Name: count, dtype: int64
2025-01-09 23:42:16 - INFO - Balance de clases tras SMOTETomek:
target
0.0    319
1.0    319
Name: count, dtype: int64
2025-01-09 23:42:17 - INFO - Balance de clases tras SMOTETomek:
target
0.0    318
1.0    318
Name: count, dtype: int64
2025-01-09 23:42:17 - INFO - Balance de clases tras SMOTETomek:
target
0.0    318
1.0    318
Name: count, dtype: int64
2025-01-09 23:42:18 - INFO - Balance de clases tras SMOTETomek:
target
0.0    319
1.0    319
Name: count, dtype: int64
2025-01-09 23:42:19 - INFO - Balance de clases tras SMOTETomek:
target
0.0    324
1.0    324
Name: count, dtype: int64
2025-01-09 23:42:19 - INFO - Balance de clases tras SMOTETomek:
target
0.0    319
1.0    319
Name: count, dtype: int64
2025-01-09 23:42:20 - INFO - Balance de clases tras SMOTETomek:
target
0.0    318
1.0    318
Name: count, dtype: int64
2025-01-09 23:42:20 - INFO - Balance de clases tras SMOTETomek:
target
0.0    319
1.0    319
Name: count, dtype: int64
2025-01-09 23:42:21 - INFO - Balance de clases tras SMOTETomek:
target
0.0    318
1.0    318
Name: count, dtype: int64
2025-01-09 23:42:21 - INFO - Balance de clases tras SMOTETomek:
target
0.0    318
1.0    318
Name: count, dtype: int64
2025-01-09 23:42:21 - INFO - Balance de clases tras SMOTETomek:
target
0.0    319
1.0    319
Name: count, dtype: int64
2025-01-09 23:42:22 - INFO - Balance de clases tras SMOTETomek:
target
0.0    324
1.0    324
Name: count, dtype: int64
2025-01-09 23:42:22 - INFO - Balance de clases tras SMOTETomek:
target
0.0    319
1.0    319
Name: count, dtype: int64
2025-01-09 23:42:23 - INFO - Balance de clases tras SMOTETomek:
target
0.0    318
1.0    318
Name: count, dtype: int64
2025-01-09 23:42:23 - INFO - Balance de clases tras SMOTETomek:
target
0.0    319
1.0    319
Name: count, dtype: int64
2025-01-09 23:42:23 - INFO - Balance de clases tras SMOTETomek:
target
0.0    324
1.0    324
Name: count, dtype: int64
2025-01-09 23:42:24 - INFO - Balance de clases tras SMOTETomek:
target
0.0    318
1.0    318
Name: count, dtype: int64
2025-01-09 23:42:24 - INFO - Balance de clases tras SMOTETomek:
target
0.0    318
1.0    318
Name: count, dtype: int64
2025-01-09 23:42:24 - INFO - Balance de clases tras SMOTETomek:
target
0.0    319
1.0    319
Name: count, dtype: int64
2025-01-09 23:42:25 - INFO - Balance de clases tras SMOTETomek:
target
0.0    324
1.0    324
Name: count, dtype: int64
2025-01-09 23:42:25 - INFO - Balance de clases tras SMOTETomek:
target
0.0    319
1.0    319
Name: count, dtype: int64
2025-01-09 23:42:26 - INFO - Balance de clases tras SMOTETomek:
target
0.0    318
1.0    318
Name: count, dtype: int64
2025-01-09 23:42:26 - INFO - Balance de clases tras SMOTETomek:
target
0.0    318
1.0    318
Name: count, dtype: int64
2025-01-09 23:42:26 - INFO - Balance de clases tras SMOTETomek:
target
0.0    319
1.0    319
Name: count, dtype: int64
2025-01-09 23:42:27 - INFO - Balance de clases tras SMOTETomek:
target
0.0    319
1.0    319
Name: count, dtype: int64
2025-01-09 23:42:27 - INFO - Balance de clases tras SMOTETomek:
target
0.0    318
1.0    318
Name: count, dtype: int64
2025-01-09 23:42:27 - INFO - Balance de clases tras SMOTETomek:
target
0.0    324
1.0    324
Name: count, dtype: int64
2025-01-09 23:42:28 - INFO - Balance de clases tras SMOTETomek:
target
0.0    319
1.0    319
Name: count, dtype: int64
2025-01-09 23:42:28 - INFO - Balance de clases tras SMOTETomek:
target
0.0    318
1.0    318
Name: count, dtype: int64
2025-01-09 23:42:28 - INFO - Balance de clases tras SMOTETomek:
target
0.0    324
1.0    324
Name: count, dtype: int64
2025-01-09 23:42:29 - INFO - Balance de clases tras SMOTETomek:
target
0.0    319
1.0    319
Name: count, dtype: int64
2025-01-09 23:42:29 - INFO - Balance de clases tras SMOTETomek:
target
0.0    318
1.0    318
Name: count, dtype: int64
2025-01-09 23:42:30 - INFO - Balance de clases tras SMOTETomek:
target
0.0    318
1.0    318
Name: count, dtype: int64
2025-01-09 23:42:30 - INFO - Balance de clases tras SMOTETomek:
target
0.0    319
1.0    319
Name: count, dtype: int64
2025-01-09 23:42:30 - INFO - Balance de clases tras SMOTETomek:
target
0.0    319
1.0    319
Name: count, dtype: int64
2025-01-09 23:42:31 - INFO - Balance de clases tras SMOTETomek:
target
0.0    318
1.0    318
Name: count, dtype: int64
2025-01-09 23:42:31 - INFO - Balance de clases tras SMOTETomek:
target
0.0    324
1.0    324
Name: count, dtype: int64
2025-01-09 23:42:31 - INFO - Balance de clases tras SMOTETomek:
target
0.0    319
1.0    319
Name: count, dtype: int64
2025-01-09 23:42:32 - INFO - Balance de clases tras SMOTETomek:
target
0.0    318
1.0    318
Name: count, dtype: int64
2025-01-09 23:42:32 - INFO - Balance de clases tras SMOTETomek:
target
0.0    324
1.0    324
Name: count, dtype: int64
2025-01-09 23:42:32 - INFO - Balance de clases tras SMOTETomek:
target
0.0    319
1.0    319
Name: count, dtype: int64
2025-01-09 23:42:33 - INFO - Balance de clases tras SMOTETomek:
target
0.0    318
1.0    318
Name: count, dtype: int64
2025-01-09 23:42:33 - INFO - Balance de clases tras SMOTETomek:
target
0.0    318
1.0    318
Name: count, dtype: int64
2025-01-09 23:42:34 - INFO - Balance de clases tras SMOTETomek:
target
0.0    319
1.0    319
Name: count, dtype: int64
2025-01-09 23:42:34 - INFO - Balance de clases tras SMOTETomek:
target
0.0    319
1.0    319
Name: count, dtype: int64
2025-01-09 23:42:35 - INFO - Balance de clases tras SMOTETomek:
target
0.0    318
1.0    318
Name: count, dtype: int64
2025-01-09 23:42:35 - INFO - Balance de clases tras SMOTETomek:
target
0.0    324
1.0    324
Name: count, dtype: int64
2025-01-09 23:42:35 - INFO - Balance de clases tras SMOTETomek:
target
0.0    319
1.0    319
Name: count, dtype: int64
2025-01-09 23:42:36 - INFO - Balance de clases tras SMOTETomek:
target
0.0    318
1.0    318
Name: count, dtype: int64
2025-01-09 23:42:36 - INFO - Balance de clases tras SMOTETomek:
target
0.0    324
1.0    324
Name: count, dtype: int64
2025-01-09 23:42:36 - INFO - Balance de clases tras SMOTETomek:
target
0.0    318
1.0    318
Name: count, dtype: int64
2025-01-09 23:42:36 - INFO - Balance de clases tras SMOTETomek:
target
0.0    319
1.0    319
Name: count, dtype: int64
2025-01-09 23:42:37 - INFO - Balance de clases tras SMOTETomek:
target
0.0    319
1.0    319
Name: count, dtype: int64
2025-01-09 23:42:37 - INFO - Balance de clases tras SMOTETomek:
target
0.0    318
1.0    318
Name: count, dtype: int64
2025-01-09 23:42:38 - INFO - Balance de clases tras SMOTETomek:
target
0.0    318
1.0    318
Name: count, dtype: int64
2025-01-09 23:42:38 - INFO - Balance de clases tras SMOTETomek:
target
0.0    319
1.0    319
Name: count, dtype: int64
2025-01-09 23:42:38 - INFO - Balance de clases tras SMOTETomek:
target
0.0    319
1.0    319
Name: count, dtype: int64
2025-01-09 23:42:39 - INFO - Balance de clases tras SMOTETomek:
target
0.0    324
1.0    324
Name: count, dtype: int64
2025-01-09 23:42:39 - INFO - Balance de clases tras SMOTETomek:
target
0.0    324
1.0    324
Name: count, dtype: int64
2025-01-09 23:42:39 - INFO - Balance de clases tras SMOTETomek:
target
0.0    318
1.0    318
Name: count, dtype: int64
2025-01-09 23:42:40 - INFO - Balance de clases tras SMOTETomek:
target
0.0    319
1.0    319
Name: count, dtype: int64
2025-01-09 23:42:40 - INFO - Balance de clases tras SMOTETomek:
target
0.0    318
1.0    318
Name: count, dtype: int64
2025-01-09 23:42:40 - INFO - Balance de clases tras SMOTETomek:
target
0.0    318
1.0    318
Name: count, dtype: int64
2025-01-09 23:42:41 - INFO - Balance de clases tras SMOTETomek:
target
0.0    319
1.0    319
Name: count, dtype: int64
2025-01-09 23:42:41 - INFO - Balance de clases tras SMOTETomek:
target
0.0    319
1.0    319
Name: count, dtype: int64
2025-01-09 23:42:41 - INFO - Balance de clases tras SMOTETomek:
target
0.0    324
1.0    324
Name: count, dtype: int64
2025-01-09 23:42:42 - INFO - Balance de clases tras SMOTETomek:
target
0.0    318
1.0    318
Name: count, dtype: int64
2025-01-09 23:42:42 - INFO - Balance de clases tras SMOTETomek:
target
0.0    318
1.0    318
Name: count, dtype: int64
2025-01-09 23:42:43 - INFO - Balance de clases tras SMOTETomek:
target
0.0    319
1.0    319
Name: count, dtype: int64
2025-01-09 23:42:43 - INFO - Balance de clases tras SMOTETomek:
target
0.0    319
1.0    319
Name: count, dtype: int64
2025-01-09 23:42:43 - INFO - Balance de clases tras SMOTETomek:
target
0.0    318
1.0    318
Name: count, dtype: int64
2025-01-09 23:42:43 - INFO - Balance de clases tras SMOTETomek:
target
0.0    324
1.0    324
Name: count, dtype: int64
2025-01-09 23:42:44 - INFO - Balance de clases tras SMOTETomek:
target
0.0    319
1.0    319
Name: count, dtype: int64
2025-01-09 23:42:44 - INFO - Balance de clases tras SMOTETomek:
target
0.0    318
1.0    318
Name: count, dtype: int64
2025-01-09 23:42:45 - INFO - Balance de clases tras SMOTETomek:
target
0.0    324
1.0    324
Name: count, dtype: int64
2025-01-09 23:42:45 - INFO - Balance de clases tras SMOTETomek:
target
0.0    319
1.0    319
Name: count, dtype: int64
2025-01-09 23:42:45 - INFO - Balance de clases tras SMOTETomek:
target
0.0    318
1.0    318
Name: count, dtype: int64
2025-01-09 23:42:46 - INFO - Balance de clases tras SMOTETomek:
target
0.0    318
1.0    318
Name: count, dtype: int64
2025-01-09 23:42:46 - INFO - Balance de clases tras SMOTETomek:
target
0.0    319
1.0    319
Name: count, dtype: int64
2025-01-09 23:42:46 - INFO - Balance de clases tras SMOTETomek:
target
0.0    319
1.0    319
Name: count, dtype: int64
2025-01-09 23:42:47 - INFO - Balance de clases tras SMOTETomek:
target
0.0    318
1.0    318
Name: count, dtype: int64
2025-01-09 23:42:47 - INFO - Balance de clases tras SMOTETomek:
target
0.0    324
1.0    324
Name: count, dtype: int64
2025-01-09 23:42:47 - INFO - Balance de clases tras SMOTETomek:
target
0.0    319
1.0    319
Name: count, dtype: int64
2025-01-09 23:42:48 - INFO - Balance de clases tras SMOTETomek:
target
0.0    318
1.0    318
Name: count, dtype: int64
2025-01-09 23:42:48 - INFO - Balance de clases tras SMOTETomek:
target
0.0    324
1.0    324
Name: count, dtype: int64
2025-01-09 23:42:48 - INFO - Balance de clases tras SMOTETomek:
target
0.0    319
1.0    319
Name: count, dtype: int64
2025-01-09 23:42:48 - INFO - Balance de clases tras SMOTETomek:
target
0.0    318
1.0    318
Name: count, dtype: int64
2025-01-09 23:42:49 - INFO - Balance de clases tras SMOTETomek:
target
0.0    318
1.0    318
Name: count, dtype: int64
2025-01-09 23:42:49 - INFO - Balance de clases tras SMOTETomek:
target
0.0    319
1.0    319
Name: count, dtype: int64
2025-01-09 23:42:50 - INFO - Balance de clases tras SMOTETomek:
target
0.0    318
1.0    318
Name: count, dtype: int64
2025-01-09 23:42:50 - INFO - Balance de clases tras SMOTETomek:
target
0.0    319
1.0    319
Name: count, dtype: int64
2025-01-09 23:42:50 - INFO - Balance de clases tras SMOTETomek:
target
0.0    324
1.0    324
Name: count, dtype: int64
2025-01-09 23:42:51 - INFO - Balance de clases tras SMOTETomek:
target
0.0    319
1.0    319
Name: count, dtype: int64
2025-01-09 23:42:51 - INFO - Balance de clases tras SMOTETomek:
target
0.0    318
1.0    318
Name: count, dtype: int64
2025-01-09 23:42:52 - INFO - Balance de clases tras SMOTETomek:
target
0.0    324
1.0    324
Name: count, dtype: int64
2025-01-09 23:42:52 - INFO - Balance de clases tras SMOTETomek:
target
0.0    319
1.0    319
Name: count, dtype: int64
2025-01-09 23:42:53 - INFO - Balance de clases tras SMOTETomek:
target
0.0    318
1.0    318
Name: count, dtype: int64
2025-01-09 23:42:53 - INFO - Balance de clases tras SMOTETomek:
target
0.0    318
1.0    318
Name: count, dtype: int64
2025-01-09 23:42:53 - INFO - Balance de clases tras SMOTETomek:
target
0.0    319
1.0    319
Name: count, dtype: int64
2025-01-09 23:42:54 - INFO - Balance de clases tras SMOTETomek:
target
0.0    319
1.0    319
Name: count, dtype: int64
2025-01-09 23:42:54 - INFO - Balance de clases tras SMOTETomek:
target
0.0    324
1.0    324
Name: count, dtype: int64
2025-01-09 23:42:55 - INFO - Balance de clases tras SMOTETomek:
target
0.0    318
1.0    318
Name: count, dtype: int64
2025-01-09 23:42:55 - INFO - Balance de clases tras SMOTETomek:
target
0.0    318
1.0    318
Name: count, dtype: int64
2025-01-09 23:42:56 - INFO - Balance de clases tras SMOTETomek:
target
0.0    319
1.0    319
Name: count, dtype: int64
2025-01-09 23:42:56 - INFO - Balance de clases tras SMOTETomek:
target
0.0    319
1.0    319
Name: count, dtype: int64
2025-01-09 23:42:56 - INFO - Balance de clases tras SMOTETomek:
target
0.0    318
1.0    318
Name: count, dtype: int64
2025-01-09 23:42:57 - INFO - Balance de clases tras SMOTETomek:
target
0.0    319
1.0    319
Name: count, dtype: int64
2025-01-09 23:42:57 - INFO - Balance de clases tras SMOTETomek:
target
0.0    324
1.0    324
Name: count, dtype: int64
2025-01-09 23:42:58 - INFO - Balance de clases tras SMOTETomek:
target
0.0    324
1.0    324
Name: count, dtype: int64
2025-01-09 23:42:58 - INFO - Balance de clases tras SMOTETomek:
target
0.0    318
1.0    318
Name: count, dtype: int64
2025-01-09 23:42:58 - INFO - Balance de clases tras SMOTETomek:
target
0.0    318
1.0    318
Name: count, dtype: int64
2025-01-09 23:42:59 - INFO - Balance de clases tras SMOTETomek:
target
0.0    319
1.0    319
Name: count, dtype: int64
2025-01-09 23:42:59 - INFO - Balance de clases tras SMOTETomek:
target
0.0    319
1.0    319
Name: count, dtype: int64
2025-01-09 23:42:59 - INFO - Balance de clases tras SMOTETomek:
target
0.0    318
1.0    318
Name: count, dtype: int64
2025-01-09 23:43:00 - INFO - Balance de clases tras SMOTETomek:
target
0.0    319
1.0    319
Name: count, dtype: int64
2025-01-09 23:43:00 - INFO - Balance de clases tras SMOTETomek:
target
0.0    318
1.0    318
Name: count, dtype: int64
2025-01-09 23:43:01 - INFO - Balance de clases tras SMOTETomek:
target
0.0    324
1.0    324
Name: count, dtype: int64
2025-01-09 23:43:01 - INFO - Balance de clases tras SMOTETomek:
target
0.0    319
1.0    319
Name: count, dtype: int64
2025-01-09 23:43:02 - INFO - Balance de clases tras SMOTETomek:
target
0.0    318
1.0    318
Name: count, dtype: int64
2025-01-09 23:43:02 - INFO - Balance de clases tras SMOTETomek:
target
0.0    324
1.0    324
Name: count, dtype: int64
2025-01-09 23:43:02 - INFO - Balance de clases tras SMOTETomek:
target
0.0    319
1.0    319
Name: count, dtype: int64
2025-01-09 23:43:02 - INFO - Balance de clases tras SMOTETomek:
target
0.0    318
1.0    318
Name: count, dtype: int64
2025-01-09 23:43:03 - INFO - Balance de clases tras SMOTETomek:
target
0.0    319
1.0    319
Name: count, dtype: int64
2025-01-09 23:43:03 - INFO - Balance de clases tras SMOTETomek:
target
0.0    318
1.0    318
Name: count, dtype: int64
2025-01-09 23:43:04 - INFO - Balance de clases tras SMOTETomek:
target
0.0    319
1.0    319
Name: count, dtype: int64
2025-01-09 23:43:04 - INFO - Balance de clases tras SMOTETomek:
target
0.0    324
1.0    324
Name: count, dtype: int64
2025-01-09 23:43:05 - INFO - Balance de clases tras SMOTETomek:
target
0.0    318
1.0    318
Name: count, dtype: int64
2025-01-09 23:43:05 - INFO - Balance de clases tras SMOTETomek:
target
0.0    319
1.0    319
Name: count, dtype: int64
2025-01-09 23:43:06 - INFO - Mejor Precision: 0.7971
2025-01-09 23:43:06 - INFO - Mejores parámetros: {'max_depth': 9, 'learning_rate': 0.053920967287023974, 'n_estimators': 390, 'subsample': 0.9339199155571426, 'colsample_bytree': 0.6100032872184471, 'gamma': 0.2772332681054159, 'reg_alpha': 0.4128816388650828, 'reg_lambda': 0.17147770252359934}
2025-01-09 23:43:06 - INFO - === Entrenando Pipeline Final con TODO el Training ===
2025-01-09 23:43:06 - INFO - Columnas extra eliminadas: ['future_close', 'change_pct']
2025-01-09 23:43:06 - WARNING - Estas columnas están 100% NaN y se eliminarán antes de imputar: ['VWAP', 'ATR']
2025-01-09 23:43:06 - INFO - Dataset preparado: 1884 filas, 21 features (después de imputación).
2025-01-09 23:43:06 - INFO - Balance de clases tras SMOTETomek:
target
0.0    971
1.0    971
Name: count, dtype: int64
2025-01-09 23:43:07 - INFO - Pipeline final entrenado con TODOS los datos de entrenamiento.
2025-01-09 23:43:07 - INFO - Pipeline completo guardado en: ./results/XGBoost_Binario_trained_pipeline.joblib
2025-01-09 23:43:07 - INFO - Parámetros guardados en: ./results/XGBoost_Binario_model_params.txt
2025-01-09 23:43:07 - INFO - Lista de features guardada en: ./results/XGBoost_Binario_feature_cols.txt
2025-01-09 23:43:07 - INFO - Columnas de indicadores existentes eliminadas: ['RSI', 'MACD', 'MACDs', 'MACDh', 'VWAP', 'OBV', 'BBL', 'BBM', 'BBU', 'ATR', 'STOCHk', 'STOCHd', 'CCI', 'SMA_10', 'SMA_50', 'SMA_200', 'EMA_10', 'EMA_50']
2025-01-09 23:43:07 - INFO - Indicadores técnicos agregados. Filas antes: 629, después: 430 (descartadas: 199)
2025-01-09 23:43:07 - INFO - Columnas renombradas: {'RSI_14': 'RSI', 'MACD_12_26_9': 'MACD', 'MACDs_12_26_9': 'MACDs', 'MACDh_12_26_9': 'MACDh', 'VWAP': 'VWAP', 'BBL_20_2.0': 'BBL', 'BBM_20_2.0': 'BBM', 'BBU_20_2.0': 'BBU', 'ATR_14': 'ATR', 'STOCHk_14_3_3': 'STOCHk', 'STOCHd_14_3_3': 'STOCHd', 'CCI_14_0.015': 'CCI', 'SMA_10': 'SMA_10', 'SMA_50': 'SMA_50', 'SMA_200': 'SMA_200', 'EMA_10': 'EMA_10', 'EMA_50': 'EMA_50'}
2025-01-09 23:43:07 - WARNING - Columna faltante 'VWAP' añadida con NaN.
2025-01-09 23:43:07 - WARNING - Columna faltante 'ATR' añadida con NaN.
2025-01-09 23:43:07 - INFO - Target binario con look_ahead=4, min_change=0.032
2025-01-09 23:43:07 - INFO - Distribución de clases (0=Vender, 1=Comprar):
target
1.0    173
0.0    152
Name: count, dtype: int64
2025-01-09 23:43:07 - INFO - Muestra de datos con target:
                        close  future_close  change_pct  target
open_time                                                      
2021-07-25 23:00:00  34652.56      35813.43    0.033500     1.0
2024-08-08 00:30:00  55036.17      61422.44    0.116038     1.0
2021-07-28 17:45:00  38961.00      50590.54    0.298492     1.0
2021-07-25 23:45:00  35381.02      36767.47    0.039186     1.0
2022-09-21 16:45:00  19235.21      19887.73    0.033923     1.0
2022-11-08 17:15:00  19839.12      17990.32   -0.093190     0.0
2021-05-29 04:45:00  35702.64      37744.72    0.057197     1.0
2023-03-23 14:15:00  27358.05      29741.53    0.087122     1.0
2021-11-30 15:00:00  58790.06      51874.03   -0.117639     0.0
2022-06-14 00:00:00  22699.73      20855.00   -0.081267     0.0
2025-01-09 23:43:07 - INFO - Columnas extra eliminadas: ['change_pct', 'future_close']
2025-01-09 23:43:07 - WARNING - Estas columnas están 100% NaN y se eliminarán antes de imputar: ['VWAP', 'ATR']
2025-01-09 23:43:07 - INFO - Dataset preparado: 325 filas, 21 features (después de imputación).
2025-01-09 23:43:07 - INFO - === Evaluación en Test ===
2025-01-09 23:43:07 - INFO - Matriz de confusión [0=Vender, 1=Comprar]:
[[ 85  67]
 [100  73]]
2025-01-09 23:43:07 - INFO - Reporte de Clasificación:
              precision    recall  f1-score   support

      Vender       0.46      0.56      0.50       152
     Comprar       0.52      0.42      0.47       173

    accuracy                           0.49       325
   macro avg       0.49      0.49      0.49       325
weighted avg       0.49      0.49      0.48       325

2025-01-09 23:43:07 - INFO - Precision: 0.5214
2025-01-09 23:43:07 - INFO - F1-score: 0.4665
2025-01-09 23:43:07 - INFO - Recall: 0.4220
2025-01-09 23:43:07 - INFO - Balanced Accuracy: 0.4906
2025-01-09 23:43:07 - INFO - MCC: -0.0190
2025-01-09 23:43:07 - INFO - AUC: 0.4875
2025-01-09 23:43:10 - INFO - Precision final en Test: 0.5214
2025-01-09 23:43:10 - INFO - Importancia de características guardada en ./results/feature_importances_binary.csv.
2025-01-09 23:43:11 - INFO - Gráfico de importancia de características guardado.
2025-01-09 23:43:12 - INFO - Calculando valores SHAP...
2025-01-09 23:43:13 - INFO - SHAP analysis completado y guardado.
2025-01-09 23:43:13 - INFO - Señales generadas con umbral=0.74
2025-01-09 23:43:13 - INFO - Señales filtradas por tendencia.
2025-01-09 23:43:13 - INFO - Señales guardadas en: ./results/signals_binary.csv
2025-01-09 23:43:13 - INFO - === Proceso Completado con Éxito ===
