2025-01-20 21:43:43 - INFO - Datos cargados desde ML/data/processed/BTCUSDT_15m_processed.csv, filas: 254923
2025-01-20 21:43:43 - INFO - Columnas de indicadores existentes eliminadas: ['RSI', 'MACD', 'MACDs', 'MACDh', 'OBV', 'BBL', 'BBM', 'BBU', 'SMA_10', 'SMA_50', 'EMA_10', 'EMA_50']
2025-01-20 21:43:44 - INFO - Indicadores técnicos agregados. Filas antes: 254923, después: 254724 (descartadas: 199)
2025-01-20 21:43:44 - INFO - Columnas renombradas: {'RSI_14': 'RSI', 'MACD_12_26_9': 'MACD', 'MACDs_12_26_9': 'MACDs', 'MACDh_12_26_9': 'MACDh', 'VWAP': 'VWAP', 'BBL_20_2.0': 'BBL', 'BBM_20_2.0': 'BBM', 'BBU_20_2.0': 'BBU', 'ATR_14': 'ATR', 'STOCHk_14_3_3': 'STOCHk', 'STOCHd_14_3_3': 'STOCHd', 'CCI_14_0.015': 'CCI', 'SMA_10': 'SMA_10', 'SMA_50': 'SMA_50', 'SMA_200': 'SMA_200', 'EMA_10': 'EMA_10', 'EMA_50': 'EMA_50'}
2025-01-20 21:43:44 - WARNING - Columna faltante 'VWAP' añadida con NaN.
2025-01-20 21:43:44 - WARNING - Columna faltante 'ATR' añadida con NaN.
2025-01-20 21:43:44 - INFO - Target binario con look_ahead=4, min_change=0.026
2025-01-20 21:43:44 - INFO - Distribución de clases (0=Vender, 1=Comprar):
target
0.0    2229
1.0    2079
Name: count, dtype: int64
2025-01-20 21:43:44 - INFO - Muestra de datos con target:
                        close  future_close  change_pct  target
open_time                                                      
2020-01-03 03:45:00   6952.04       7210.19    0.037133     1.0
2019-12-04 19:45:00   7479.55       7193.16   -0.038290     0.0
2022-06-15 11:00:00  20619.17      21362.83    0.036066     1.0
2020-11-26 07:45:00  17619.90      16878.80   -0.042060     0.0
2020-03-16 15:45:00   5151.39       5011.13   -0.027228     0.0
2019-07-11 19:15:00  11611.99      11174.45   -0.037680     0.0
2024-05-10 13:45:00  63004.00      61063.87   -0.030794     0.0
2019-06-27 16:15:00  11234.31      10896.44   -0.030075     0.0
2017-12-22 10:00:00  13399.98      13800.00    0.029852     1.0
2020-03-13 17:45:00   5183.87       4985.34   -0.038298     0.0
2025-01-20 21:43:44 - INFO - División de datos en Train/Test completada.
2025-01-20 21:43:44 - INFO - === Búsqueda de hiperparámetros (Optuna) en muestra de Training ===
2025-01-20 21:43:44 - INFO - No se han identificado características categóricas.
2025-01-20 21:43:44 - INFO - Columnas extra eliminadas: ['future_close', 'change_pct']
2025-01-20 21:43:44 - WARNING - Estas columnas están 100% NaN y se eliminarán antes de imputar: ['VWAP', 'ATR']
2025-01-20 21:43:44 - INFO - Dataset preparado: 2660 filas, 21 features (después de imputación).
2025-01-20 21:43:44 - INFO - Balance de clases tras SMOTETomek:
target
0.0    229
1.0    229
Name: count, dtype: int64
2025-01-20 21:43:44 - INFO - Balance de clases tras SMOTETomek:
target
0.0    229
1.0    229
Name: count, dtype: int64
2025-01-20 21:43:45 - INFO - Balance de clases tras SMOTETomek:
target
0.0    443
1.0    443
Name: count, dtype: int64
2025-01-20 21:43:45 - INFO - Balance de clases tras SMOTETomek:
target
0.0    443
1.0    443
Name: count, dtype: int64
2025-01-20 21:43:45 - INFO - Balance de clases tras SMOTETomek:
target
0.0    648
1.0    648
Name: count, dtype: int64
2025-01-20 21:43:45 - INFO - Balance de clases tras SMOTETomek:
target
0.0    648
1.0    648
Name: count, dtype: int64
2025-01-20 21:43:46 - INFO - Balance de clases tras SMOTETomek:
target
0.0    880
1.0    880
Name: count, dtype: int64
2025-01-20 21:43:46 - INFO - Balance de clases tras SMOTETomek:
target
0.0    880
1.0    880
Name: count, dtype: int64
2025-01-20 21:43:46 - INFO - Balance de clases tras SMOTETomek:
target
0.0    1106
1.0    1106
Name: count, dtype: int64
2025-01-20 21:43:47 - INFO - Balance de clases tras SMOTETomek:
target
0.0    1106
1.0    1106
Name: count, dtype: int64
2025-01-20 21:43:47 - INFO - Balance de clases tras SMOTETomek:
target
0.0    229
1.0    229
Name: count, dtype: int64
2025-01-20 21:43:47 - INFO - Balance de clases tras SMOTETomek:
target
0.0    443
1.0    443
Name: count, dtype: int64
2025-01-20 21:43:47 - INFO - Balance de clases tras SMOTETomek:
target
0.0    229
1.0    229
Name: count, dtype: int64
2025-01-20 21:43:48 - INFO - Balance de clases tras SMOTETomek:
target
0.0    648
1.0    648
Name: count, dtype: int64
2025-01-20 21:43:48 - INFO - Balance de clases tras SMOTETomek:
target
0.0    880
1.0    880
Name: count, dtype: int64
2025-01-20 21:43:48 - INFO - Balance de clases tras SMOTETomek:
target
0.0    443
1.0    443
Name: count, dtype: int64
2025-01-20 21:43:49 - INFO - Balance de clases tras SMOTETomek:
target
0.0    1106
1.0    1106
Name: count, dtype: int64
2025-01-20 21:43:49 - INFO - Balance de clases tras SMOTETomek:
target
0.0    648
1.0    648
Name: count, dtype: int64
2025-01-20 21:43:50 - INFO - Balance de clases tras SMOTETomek:
target
0.0    229
1.0    229
Name: count, dtype: int64
2025-01-20 21:43:50 - INFO - Balance de clases tras SMOTETomek:
target
0.0    880
1.0    880
Name: count, dtype: int64
2025-01-20 21:43:51 - INFO - Balance de clases tras SMOTETomek:
target
0.0    443
1.0    443
Name: count, dtype: int64
2025-01-20 21:43:51 - INFO - Balance de clases tras SMOTETomek:
target
0.0    1106
1.0    1106
Name: count, dtype: int64
2025-01-20 21:43:52 - INFO - Balance de clases tras SMOTETomek:
target
0.0    648
1.0    648
Name: count, dtype: int64
2025-01-20 21:43:53 - INFO - Balance de clases tras SMOTETomek:
target
0.0    229
1.0    229
Name: count, dtype: int64
2025-01-20 21:43:53 - INFO - Balance de clases tras SMOTETomek:
target
0.0    443
1.0    443
Name: count, dtype: int64
2025-01-20 21:43:53 - INFO - Balance de clases tras SMOTETomek:
target
0.0    880
1.0    880
Name: count, dtype: int64
2025-01-20 21:43:54 - INFO - Balance de clases tras SMOTETomek:
target
0.0    648
1.0    648
Name: count, dtype: int64
2025-01-20 21:43:55 - INFO - Balance de clases tras SMOTETomek:
target
0.0    1106
1.0    1106
Name: count, dtype: int64
2025-01-20 21:43:55 - INFO - Balance de clases tras SMOTETomek:
target
0.0    880
1.0    880
Name: count, dtype: int64
2025-01-20 21:43:56 - INFO - Balance de clases tras SMOTETomek:
target
0.0    1106
1.0    1106
Name: count, dtype: int64
2025-01-20 21:43:56 - INFO - Balance de clases tras SMOTETomek:
target
0.0    229
1.0    229
Name: count, dtype: int64
2025-01-20 21:43:57 - INFO - Balance de clases tras SMOTETomek:
target
0.0    229
1.0    229
Name: count, dtype: int64
2025-01-20 21:43:58 - INFO - Balance de clases tras SMOTETomek:
target
0.0    443
1.0    443
Name: count, dtype: int64
2025-01-20 21:43:58 - INFO - Balance de clases tras SMOTETomek:
target
0.0    443
1.0    443
Name: count, dtype: int64
2025-01-20 21:43:59 - INFO - Balance de clases tras SMOTETomek:
target
0.0    648
1.0    648
Name: count, dtype: int64
2025-01-20 21:43:59 - INFO - Balance de clases tras SMOTETomek:
target
0.0    648
1.0    648
Name: count, dtype: int64
2025-01-20 21:43:59 - INFO - Balance de clases tras SMOTETomek:
target
0.0    880
1.0    880
Name: count, dtype: int64
2025-01-20 21:44:00 - INFO - Balance de clases tras SMOTETomek:
target
0.0    1106
1.0    1106
Name: count, dtype: int64
2025-01-20 21:44:00 - INFO - Balance de clases tras SMOTETomek:
target
0.0    880
1.0    880
Name: count, dtype: int64
2025-01-20 21:44:01 - INFO - Balance de clases tras SMOTETomek:
target
0.0    229
1.0    229
Name: count, dtype: int64
2025-01-20 21:44:02 - INFO - Balance de clases tras SMOTETomek:
target
0.0    443
1.0    443
Name: count, dtype: int64
2025-01-20 21:44:02 - INFO - Balance de clases tras SMOTETomek:
target
0.0    1106
1.0    1106
Name: count, dtype: int64
2025-01-20 21:44:03 - INFO - Balance de clases tras SMOTETomek:
target
0.0    648
1.0    648
Name: count, dtype: int64
2025-01-20 21:44:03 - INFO - Balance de clases tras SMOTETomek:
target
0.0    229
1.0    229
Name: count, dtype: int64
2025-01-20 21:44:04 - INFO - Balance de clases tras SMOTETomek:
target
0.0    443
1.0    443
Name: count, dtype: int64
2025-01-20 21:44:04 - INFO - Balance de clases tras SMOTETomek:
target
0.0    880
1.0    880
Name: count, dtype: int64
2025-01-20 21:44:05 - INFO - Balance de clases tras SMOTETomek:
target
0.0    648
1.0    648
Name: count, dtype: int64
2025-01-20 21:44:05 - INFO - Balance de clases tras SMOTETomek:
target
0.0    880
1.0    880
Name: count, dtype: int64
2025-01-20 21:44:06 - INFO - Balance de clases tras SMOTETomek:
target
0.0    1106
1.0    1106
Name: count, dtype: int64
2025-01-20 21:44:06 - INFO - Balance de clases tras SMOTETomek:
target
0.0    1106
1.0    1106
Name: count, dtype: int64
2025-01-20 21:44:07 - INFO - Balance de clases tras SMOTETomek:
target
0.0    229
1.0    229
Name: count, dtype: int64
2025-01-20 21:44:07 - INFO - Balance de clases tras SMOTETomek:
target
0.0    229
1.0    229
Name: count, dtype: int64
2025-01-20 21:44:08 - INFO - Balance de clases tras SMOTETomek:
target
0.0    443
1.0    443
Name: count, dtype: int64
2025-01-20 21:44:08 - INFO - Balance de clases tras SMOTETomek:
target
0.0    648
1.0    648
Name: count, dtype: int64
2025-01-20 21:44:09 - INFO - Balance de clases tras SMOTETomek:
target
0.0    443
1.0    443
Name: count, dtype: int64
2025-01-20 21:44:10 - INFO - Balance de clases tras SMOTETomek:
target
0.0    880
1.0    880
Name: count, dtype: int64
2025-01-20 21:44:13 - INFO - Balance de clases tras SMOTETomek:
target
0.0    1106
1.0    1106
Name: count, dtype: int64
2025-01-20 21:44:14 - INFO - Balance de clases tras SMOTETomek:
target
0.0    229
1.0    229
Name: count, dtype: int64
2025-01-20 21:44:15 - INFO - Balance de clases tras SMOTETomek:
target
0.0    648
1.0    648
Name: count, dtype: int64
2025-01-20 21:44:15 - INFO - Balance de clases tras SMOTETomek:
target
0.0    443
1.0    443
Name: count, dtype: int64
2025-01-20 21:44:16 - INFO - Balance de clases tras SMOTETomek:
target
0.0    648
1.0    648
Name: count, dtype: int64
2025-01-20 21:44:17 - INFO - Balance de clases tras SMOTETomek:
target
0.0    880
1.0    880
Name: count, dtype: int64
2025-01-20 21:44:18 - INFO - Balance de clases tras SMOTETomek:
target
0.0    880
1.0    880
Name: count, dtype: int64
2025-01-20 21:44:20 - INFO - Balance de clases tras SMOTETomek:
target
0.0    1106
1.0    1106
Name: count, dtype: int64
2025-01-20 21:44:21 - INFO - Balance de clases tras SMOTETomek:
target
0.0    1106
1.0    1106
Name: count, dtype: int64
2025-01-20 21:44:22 - INFO - Balance de clases tras SMOTETomek:
target
0.0    229
1.0    229
Name: count, dtype: int64
2025-01-20 21:44:22 - INFO - Balance de clases tras SMOTETomek:
target
0.0    443
1.0    443
Name: count, dtype: int64
2025-01-20 21:44:23 - INFO - Balance de clases tras SMOTETomek:
target
0.0    648
1.0    648
Name: count, dtype: int64
2025-01-20 21:44:24 - INFO - Balance de clases tras SMOTETomek:
target
0.0    229
1.0    229
Name: count, dtype: int64
2025-01-20 21:44:24 - INFO - Balance de clases tras SMOTETomek:
target
0.0    880
1.0    880
Name: count, dtype: int64
2025-01-20 21:44:25 - INFO - Balance de clases tras SMOTETomek:
target
0.0    443
1.0    443
Name: count, dtype: int64
2025-01-20 21:44:26 - INFO - Balance de clases tras SMOTETomek:
target
0.0    1106
1.0    1106
Name: count, dtype: int64
2025-01-20 21:44:26 - INFO - Balance de clases tras SMOTETomek:
target
0.0    648
1.0    648
Name: count, dtype: int64
2025-01-20 21:44:27 - INFO - Balance de clases tras SMOTETomek:
target
0.0    229
1.0    229
Name: count, dtype: int64
2025-01-20 21:44:27 - INFO - Balance de clases tras SMOTETomek:
target
0.0    880
1.0    880
Name: count, dtype: int64
2025-01-20 21:44:27 - INFO - Balance de clases tras SMOTETomek:
target
0.0    443
1.0    443
Name: count, dtype: int64
2025-01-20 21:44:28 - INFO - Balance de clases tras SMOTETomek:
target
0.0    1106
1.0    1106
Name: count, dtype: int64
2025-01-20 21:44:28 - INFO - Balance de clases tras SMOTETomek:
target
0.0    648
1.0    648
Name: count, dtype: int64
2025-01-20 21:44:29 - INFO - Balance de clases tras SMOTETomek:
target
0.0    229
1.0    229
Name: count, dtype: int64
2025-01-20 21:44:30 - INFO - Balance de clases tras SMOTETomek:
target
0.0    880
1.0    880
Name: count, dtype: int64
2025-01-20 21:44:30 - INFO - Balance de clases tras SMOTETomek:
target
0.0    443
1.0    443
Name: count, dtype: int64
2025-01-20 21:44:31 - INFO - Balance de clases tras SMOTETomek:
target
0.0    1106
1.0    1106
Name: count, dtype: int64
2025-01-20 21:44:31 - INFO - Balance de clases tras SMOTETomek:
target
0.0    648
1.0    648
Name: count, dtype: int64
2025-01-20 21:44:32 - INFO - Balance de clases tras SMOTETomek:
target
0.0    229
1.0    229
Name: count, dtype: int64
2025-01-20 21:44:33 - INFO - Balance de clases tras SMOTETomek:
target
0.0    880
1.0    880
Name: count, dtype: int64
2025-01-20 21:44:34 - INFO - Balance de clases tras SMOTETomek:
target
0.0    443
1.0    443
Name: count, dtype: int64
2025-01-20 21:44:35 - INFO - Balance de clases tras SMOTETomek:
target
0.0    1106
1.0    1106
Name: count, dtype: int64
2025-01-20 21:44:36 - INFO - Balance de clases tras SMOTETomek:
target
0.0    648
1.0    648
Name: count, dtype: int64
2025-01-20 21:44:36 - INFO - Balance de clases tras SMOTETomek:
target
0.0    229
1.0    229
Name: count, dtype: int64
2025-01-20 21:44:38 - INFO - Balance de clases tras SMOTETomek:
target
0.0    880
1.0    880
Name: count, dtype: int64
2025-01-20 21:44:38 - INFO - Balance de clases tras SMOTETomek:
target
0.0    443
1.0    443
Name: count, dtype: int64
2025-01-20 21:44:40 - INFO - Balance de clases tras SMOTETomek:
target
0.0    1106
1.0    1106
Name: count, dtype: int64
2025-01-20 21:44:40 - INFO - Balance de clases tras SMOTETomek:
target
0.0    648
1.0    648
Name: count, dtype: int64
2025-01-20 21:44:41 - INFO - Balance de clases tras SMOTETomek:
target
0.0    880
1.0    880
Name: count, dtype: int64
2025-01-20 21:44:42 - INFO - Balance de clases tras SMOTETomek:
target
0.0    229
1.0    229
Name: count, dtype: int64
2025-01-20 21:44:43 - INFO - Balance de clases tras SMOTETomek:
target
0.0    443
1.0    443
Name: count, dtype: int64
2025-01-20 21:44:43 - INFO - Balance de clases tras SMOTETomek:
target
0.0    1106
1.0    1106
Name: count, dtype: int64
2025-01-20 21:44:45 - INFO - Balance de clases tras SMOTETomek:
target
0.0    648
1.0    648
Name: count, dtype: int64
2025-01-20 21:44:46 - INFO - Balance de clases tras SMOTETomek:
target
0.0    229
1.0    229
Name: count, dtype: int64
2025-01-20 21:44:47 - INFO - Balance de clases tras SMOTETomek:
target
0.0    443
1.0    443
Name: count, dtype: int64
2025-01-20 21:44:48 - INFO - Balance de clases tras SMOTETomek:
target
0.0    880
1.0    880
Name: count, dtype: int64
2025-01-20 21:44:49 - INFO - Balance de clases tras SMOTETomek:
target
0.0    648
1.0    648
Name: count, dtype: int64
2025-01-20 21:44:49 - INFO - Balance de clases tras SMOTETomek:
target
0.0    1106
1.0    1106
Name: count, dtype: int64
2025-01-20 21:44:50 - INFO - Balance de clases tras SMOTETomek:
target
0.0    880
1.0    880
Name: count, dtype: int64
2025-01-20 21:44:51 - INFO - Balance de clases tras SMOTETomek:
target
0.0    229
1.0    229
Name: count, dtype: int64
2025-01-20 21:44:51 - INFO - Balance de clases tras SMOTETomek:
target
0.0    1106
1.0    1106
Name: count, dtype: int64
2025-01-20 21:44:52 - INFO - Balance de clases tras SMOTETomek:
target
0.0    443
1.0    443
Name: count, dtype: int64
2025-01-20 21:44:53 - INFO - Balance de clases tras SMOTETomek:
target
0.0    648
1.0    648
Name: count, dtype: int64
2025-01-20 21:44:54 - INFO - Balance de clases tras SMOTETomek:
target
0.0    880
1.0    880
Name: count, dtype: int64
2025-01-20 21:44:56 - INFO - Balance de clases tras SMOTETomek:
target
0.0    1106
1.0    1106
Name: count, dtype: int64
2025-01-20 21:44:58 - INFO - Mejor Precision: 0.5659
2025-01-20 21:44:58 - INFO - Mejores parámetros: {'max_depth': 6, 'learning_rate': 0.04769233882244046, 'n_estimators': 497, 'subsample': 0.6441795305541168, 'colsample_bytree': 0.7116328000648855, 'gamma': 0.6552769182634894, 'reg_alpha': 0.3175242783128561, 'reg_lambda': 0.5882893888811727}
2025-01-20 21:44:58 - INFO - === Entrenando Pipeline Final con TODO el Training ===
2025-01-20 21:44:58 - INFO - Columnas extra eliminadas: ['future_close', 'change_pct']
2025-01-20 21:44:58 - WARNING - Estas columnas están 100% NaN y se eliminarán antes de imputar: ['VWAP', 'ATR']
2025-01-20 21:44:58 - INFO - Dataset preparado: 2800 filas, 21 features (después de imputación).
2025-01-20 21:44:58 - INFO - Balance de clases tras SMOTETomek:
target
0.0    1382
1.0    1382
Name: count, dtype: int64
2025-01-20 21:44:59 - INFO - Pipeline final entrenado con TODOS los datos de entrenamiento.
2025-01-20 21:44:59 - INFO - Pipeline completo guardado en: ./results/XGBoost_Binario_trained_pipeline.joblib
2025-01-20 21:44:59 - INFO - Parámetros guardados en: ./results/XGBoost_Binario_model_params.txt
2025-01-20 21:44:59 - INFO - Lista de features guardada en: ./results/XGBoost_Binario_feature_cols.txt
2025-01-20 21:44:59 - INFO - Columnas de indicadores existentes eliminadas: ['RSI', 'MACD', 'MACDs', 'MACDh', 'VWAP', 'OBV', 'BBL', 'BBM', 'BBU', 'ATR', 'STOCHk', 'STOCHd', 'CCI', 'SMA_10', 'SMA_50', 'SMA_200', 'EMA_10', 'EMA_50']
2025-01-20 21:45:00 - INFO - Indicadores técnicos agregados. Filas antes: 1508, después: 1309 (descartadas: 199)
2025-01-20 21:45:00 - INFO - Columnas renombradas: {'RSI_14': 'RSI', 'MACD_12_26_9': 'MACD', 'MACDs_12_26_9': 'MACDs', 'MACDh_12_26_9': 'MACDh', 'VWAP': 'VWAP', 'BBL_20_2.0': 'BBL', 'BBM_20_2.0': 'BBM', 'BBU_20_2.0': 'BBU', 'ATR_14': 'ATR', 'STOCHk_14_3_3': 'STOCHk', 'STOCHd_14_3_3': 'STOCHd', 'CCI_14_0.015': 'CCI', 'SMA_10': 'SMA_10', 'SMA_50': 'SMA_50', 'SMA_200': 'SMA_200', 'EMA_10': 'EMA_10', 'EMA_50': 'EMA_50'}
2025-01-20 21:45:00 - WARNING - Columna faltante 'VWAP' añadida con NaN.
2025-01-20 21:45:00 - WARNING - Columna faltante 'ATR' añadida con NaN.
2025-01-20 21:45:00 - INFO - Target binario con look_ahead=4, min_change=0.026
2025-01-20 21:45:00 - INFO - Distribución de clases (0=Vender, 1=Comprar):
target
0.0    481
1.0    477
Name: count, dtype: int64
2025-01-20 21:45:00 - INFO - Muestra de datos con target:
                        close  future_close  change_pct  target
open_time                                                      
2021-06-07 20:30:00  35406.28      32790.52   -0.073878     0.0
2024-03-27 13:00:00  71238.79      69240.01   -0.028057     0.0
2021-01-11 12:15:00  34873.98      31131.36   -0.107318     0.0
2022-01-21 20:45:00  38355.16      35516.81   -0.074002     0.0
2021-06-25 15:30:00  32916.54      31731.25   -0.036009     0.0
2022-09-30 14:00:00  19539.96      18415.00   -0.057572     0.0
2022-06-18 06:30:00  20400.00      17761.47   -0.129340     0.0
2022-02-21 20:45:00  38249.99      36866.00   -0.036183     0.0
2023-06-23 15:00:00  30419.91      27679.57   -0.090084     0.0
2021-08-13 01:45:00  44847.26      50590.54    0.128063     1.0
2025-01-20 21:45:00 - INFO - Columnas extra eliminadas: ['change_pct', 'future_close']
2025-01-20 21:45:00 - WARNING - Estas columnas están 100% NaN y se eliminarán antes de imputar: ['VWAP', 'ATR']
2025-01-20 21:45:00 - INFO - Dataset preparado: 958 filas, 21 features (después de imputación).
2025-01-20 21:45:00 - INFO - === Evaluación en Test ===
2025-01-20 21:45:00 - INFO - Matriz de confusión [0=Vender, 1=Comprar]:
[[302 179]
 [296 181]]
2025-01-20 21:45:00 - INFO - Reporte de Clasificación:
              precision    recall  f1-score   support

      Vender       0.51      0.63      0.56       481
     Comprar       0.50      0.38      0.43       477

    accuracy                           0.50       958
   macro avg       0.50      0.50      0.50       958
weighted avg       0.50      0.50      0.50       958

2025-01-20 21:45:00 - INFO - Precision: 0.5028
2025-01-20 21:45:00 - INFO - F1-score: 0.4325
2025-01-20 21:45:00 - INFO - Recall: 0.3795
2025-01-20 21:45:00 - INFO - Balanced Accuracy: 0.5037
2025-01-20 21:45:00 - INFO - MCC: 0.0076
2025-01-20 21:45:00 - INFO - AUC: 0.5064
2025-01-20 21:45:02 - INFO - Precision final en Test: 0.5028
2025-01-20 21:45:02 - INFO - Importancia de características guardada en ./results/feature_importances_binary.csv.
2025-01-20 21:45:03 - INFO - Gráfico de importancia de características guardado.
2025-01-20 21:45:04 - INFO - Calculando valores SHAP...
2025-01-20 21:45:06 - INFO - SHAP analysis completado y guardado.
2025-01-20 21:45:06 - INFO - Señales generadas con umbral=0.58
2025-01-20 21:45:06 - INFO - Señales filtradas por tendencia.
2025-01-20 21:45:06 - INFO - Señales guardadas en: ./results/signals_binary.csv
2025-01-20 21:45:06 - INFO - === Proceso Completado con Éxito ===
