2024-12-21 14:29:45 - INFO - Datos cargados correctamente desde ML/data/processed/BTCUSDT_15m_processed.csv, filas: 245845
2024-12-21 14:29:45 - INFO - Eliminados 199 registros con valores faltantes.
2024-12-21 14:29:45 - INFO - Indicadores calculados y filas NaN eliminadas.
2024-12-21 14:29:48 - INFO - Variable objetivo generada con look_ahead: 1, lower_percentile: 20, upper_percentile: 80
2024-12-21 14:29:48 - INFO - Umbrales calculados - lower: -0.001838, upper: 0.001900
2024-12-21 14:29:48 - INFO - Distribución de clases:
target
-1    147387
 1     49129
 0     49129
Name: count, dtype: int64
2024-12-21 14:29:48 - INFO - No se eliminaron columnas por correlación > 0.85
2024-12-21 14:29:48 - INFO - Distribución de clases en todo el conjunto: 
target
-1    147387
 1     49129
 0     49129
Name: count, dtype: int64
2024-12-21 14:29:48 - INFO - Tamaño train: (157212, 12), valid: (39304, 12), test: (49129, 12)
2024-12-21 14:29:48 - INFO - Distribución de clases en train: 
target
-1    85432
 1    35994
 0    35786
Name: count, dtype: int64
2024-12-21 14:29:48 - INFO - Distribución de clases en validación: 
target
-1    25999
 0     6744
 1     6561
Name: count, dtype: int64
2024-12-21 14:29:48 - INFO - Distribución de clases en test: 
target
-1    35956
 0     6599
 1     6574
Name: count, dtype: int64
2024-12-21 14:29:48 - INFO - Pesos de clases: {-1: 0.6134001310984174, 0: 1.4643715419437768, 1: 1.4559093182197034}
2024-12-21 14:29:55 - ERROR - Error durante el ajuste de RandomizedSearchCV: Invalid classes inferred from unique values of `y`.  Expected: [0 1 2], got [-1  0  1]
