2025-01-21 20:02:33 - INFO - Datos cargados desde ML/data/processed/BTCUSDT_15m_processed.csv, filas: 257756
2025-01-21 20:02:33 - INFO - Columnas de indicadores existentes eliminadas: ['RSI', 'MACD', 'MACDs', 'MACDh', 'OBV', 'BBL', 'BBM', 'BBU', 'SMA_10', 'SMA_50', 'EMA_10', 'EMA_50']
2025-01-21 20:02:34 - INFO - Indicadores técnicos agregados. Filas antes: 257756, después: 257557 (descartadas: 199)
2025-01-21 20:02:34 - INFO - Columnas renombradas: {'RSI_14': 'RSI', 'MACD_12_26_9': 'MACD', 'MACDs_12_26_9': 'MACDs', 'MACDh_12_26_9': 'MACDh', 'BBL_20_2.0': 'BBL', 'BBM_20_2.0': 'BBM', 'BBU_20_2.0': 'BBU', 'STOCHk_14_3_3': 'STOCHk', 'STOCHd_14_3_3': 'STOCHd', 'CCI_14_0.015': 'CCI', 'SMA_10': 'SMA_10', 'SMA_50': 'SMA_50', 'SMA_200': 'SMA_200', 'EMA_10': 'EMA_10', 'EMA_50': 'EMA_50'}
2025-01-21 20:02:34 - INFO - Target binario con look_ahead=2, min_change=0.031
2025-01-21 20:02:34 - INFO - Distribución de clases (0=Vender, 1=Comprar):
target
0.0    579
1.0    509
Name: count, dtype: int64
2025-01-21 20:02:34 - INFO - Muestra de datos con target:
                        close  future_close  change_pct  target
open_time                                                      
2019-11-22 09:45:00   7402.73       7159.17   -0.032901     0.0
2017-12-24 09:30:00  13100.00      12449.98   -0.049620     0.0
2017-12-24 03:15:00  12743.75      13271.05    0.041377     1.0
2018-02-03 13:00:00   8978.57       9267.01    0.032125     1.0
2021-09-07 14:15:00  49977.32      47374.10   -0.052088     0.0
2022-06-18 06:15:00  20399.69      19439.26   -0.047081     0.0
2020-03-15 22:00:00   5647.53       5377.19   -0.047869     0.0
2020-03-16 14:45:00   4938.68       5112.21    0.035137     1.0
2021-05-19 10:45:00  39432.27      38128.79   -0.033056     0.0
2017-12-03 22:00:00  10778.76      11130.03    0.032589     1.0
2025-01-21 20:02:34 - INFO - División de datos en Train/Test completada.
2025-01-21 20:02:34 - INFO - === Búsqueda de hiperparámetros (Optuna) en muestra de Training ===
2025-01-21 20:02:34 - INFO - No se han identificado características categóricas.
2025-01-21 20:02:34 - INFO - Columnas extra eliminadas: ['future_close', 'change_pct']
2025-01-21 20:02:34 - INFO - Dataset preparado: 636 filas, 21 features (después de imputación).
2025-01-21 20:02:34 - INFO - Iniciando optimización en Optuna (precisión clase=1)...
2025-01-21 20:02:34 - INFO - Balance de clases tras SMOTETomek:
target
0.0    229
1.0    229
Name: count, dtype: int64
2025-01-21 20:02:34 - INFO - Balance de clases tras SMOTETomek:
target
0.0    229
1.0    229
Name: count, dtype: int64
2025-01-21 20:02:34 - INFO - Balance de clases tras SMOTETomek:
target
0.0    230
1.0    230
Name: count, dtype: int64
2025-01-21 20:02:35 - INFO - Balance de clases tras SMOTETomek:
target
0.0    236
1.0    236
Name: count, dtype: int64
2025-01-21 20:02:35 - INFO - Balance de clases tras SMOTETomek:
target
0.0    230
1.0    230
Name: count, dtype: int64
2025-01-21 20:02:35 - INFO - Balance de clases tras SMOTETomek:
target
0.0    234
1.0    234
Name: count, dtype: int64
2025-01-21 20:02:36 - INFO - Balance de clases tras SMOTETomek:
target
0.0    229
1.0    229
Name: count, dtype: int64
2025-01-21 20:02:36 - INFO - Balance de clases tras SMOTETomek:
target
0.0    229
1.0    229
Name: count, dtype: int64
2025-01-21 20:02:37 - INFO - Balance de clases tras SMOTETomek:
target
0.0    236
1.0    236
Name: count, dtype: int64
2025-01-21 20:02:39 - INFO - Balance de clases tras SMOTETomek:
target
0.0    230
1.0    230
Name: count, dtype: int64
2025-01-21 20:02:39 - INFO - Balance de clases tras SMOTETomek:
target
0.0    234
1.0    234
Name: count, dtype: int64
2025-01-21 20:02:40 - INFO - Balance de clases tras SMOTETomek:
target
0.0    229
1.0    229
Name: count, dtype: int64
2025-01-21 20:02:40 - INFO - Balance de clases tras SMOTETomek:
target
0.0    236
1.0    236
Name: count, dtype: int64
2025-01-21 20:02:41 - INFO - Balance de clases tras SMOTETomek:
target
0.0    229
1.0    229
Name: count, dtype: int64
2025-01-21 20:02:41 - INFO - Balance de clases tras SMOTETomek:
target
0.0    234
1.0    234
Name: count, dtype: int64
2025-01-21 20:02:42 - INFO - Balance de clases tras SMOTETomek:
target
0.0    230
1.0    230
Name: count, dtype: int64
2025-01-21 20:02:42 - INFO - Balance de clases tras SMOTETomek:
target
0.0    229
1.0    229
Name: count, dtype: int64
2025-01-21 20:02:43 - INFO - Balance de clases tras SMOTETomek:
target
0.0    236
1.0    236
Name: count, dtype: int64
2025-01-21 20:02:43 - INFO - Balance de clases tras SMOTETomek:
target
0.0    234
1.0    234
Name: count, dtype: int64
2025-01-21 20:02:44 - INFO - Balance de clases tras SMOTETomek:
target
0.0    229
1.0    229
Name: count, dtype: int64
2025-01-21 20:02:44 - INFO - Balance de clases tras SMOTETomek:
target
0.0    229
1.0    229
Name: count, dtype: int64
2025-01-21 20:02:45 - INFO - Balance de clases tras SMOTETomek:
target
0.0    229
1.0    229
Name: count, dtype: int64
2025-01-21 20:02:45 - INFO - Balance de clases tras SMOTETomek:
target
0.0    230
1.0    230
Name: count, dtype: int64
2025-01-21 20:02:47 - INFO - Balance de clases tras SMOTETomek:
target
0.0    230
1.0    230
Name: count, dtype: int64
2025-01-21 20:02:48 - INFO - Balance de clases tras SMOTETomek:
target
0.0    236
1.0    236
Name: count, dtype: int64
2025-01-21 20:02:48 - INFO - Balance de clases tras SMOTETomek:
target
0.0    236
1.0    236
Name: count, dtype: int64
2025-01-21 20:02:49 - INFO - Balance de clases tras SMOTETomek:
target
0.0    234
1.0    234
Name: count, dtype: int64
2025-01-21 20:02:49 - INFO - Balance de clases tras SMOTETomek:
target
0.0    234
1.0    234
Name: count, dtype: int64
2025-01-21 20:02:50 - INFO - Balance de clases tras SMOTETomek:
target
0.0    229
1.0    229
Name: count, dtype: int64
2025-01-21 20:02:50 - INFO - Balance de clases tras SMOTETomek:
target
0.0    229
1.0    229
Name: count, dtype: int64
2025-01-21 20:02:51 - INFO - Balance de clases tras SMOTETomek:
target
0.0    229
1.0    229
Name: count, dtype: int64
2025-01-21 20:02:52 - INFO - Balance de clases tras SMOTETomek:
target
0.0    229
1.0    229
Name: count, dtype: int64
2025-01-21 20:02:52 - INFO - Balance de clases tras SMOTETomek:
target
0.0    230
1.0    230
Name: count, dtype: int64
2025-01-21 20:02:52 - INFO - Balance de clases tras SMOTETomek:
target
0.0    230
1.0    230
Name: count, dtype: int64
2025-01-21 20:02:52 - INFO - Balance de clases tras SMOTETomek:
target
0.0    236
1.0    236
Name: count, dtype: int64
2025-01-21 20:02:53 - INFO - Balance de clases tras SMOTETomek:
target
0.0    234
1.0    234
Name: count, dtype: int64
2025-01-21 20:02:53 - INFO - Balance de clases tras SMOTETomek:
target
0.0    229
1.0    229
Name: count, dtype: int64
2025-01-21 20:02:53 - INFO - Balance de clases tras SMOTETomek:
target
0.0    236
1.0    236
Name: count, dtype: int64
2025-01-21 20:02:53 - INFO - Balance de clases tras SMOTETomek:
target
0.0    229
1.0    229
Name: count, dtype: int64
2025-01-21 20:02:54 - INFO - Balance de clases tras SMOTETomek:
target
0.0    234
1.0    234
Name: count, dtype: int64
2025-01-21 20:02:54 - INFO - Balance de clases tras SMOTETomek:
target
0.0    229
1.0    229
Name: count, dtype: int64
2025-01-21 20:02:55 - INFO - Balance de clases tras SMOTETomek:
target
0.0    230
1.0    230
Name: count, dtype: int64
2025-01-21 20:02:55 - INFO - Balance de clases tras SMOTETomek:
target
0.0    229
1.0    229
Name: count, dtype: int64
2025-01-21 20:02:56 - INFO - Balance de clases tras SMOTETomek:
target
0.0    236
1.0    236
Name: count, dtype: int64
2025-01-21 20:02:56 - INFO - Balance de clases tras SMOTETomek:
target
0.0    230
1.0    230
Name: count, dtype: int64
2025-01-21 20:02:58 - INFO - Balance de clases tras SMOTETomek:
target
0.0    234
1.0    234
Name: count, dtype: int64
2025-01-21 20:02:58 - INFO - Balance de clases tras SMOTETomek:
target
0.0    236
1.0    236
Name: count, dtype: int64
2025-01-21 20:02:59 - INFO - Balance de clases tras SMOTETomek:
target
0.0    229
1.0    229
Name: count, dtype: int64
2025-01-21 20:02:59 - INFO - Balance de clases tras SMOTETomek:
target
0.0    234
1.0    234
Name: count, dtype: int64
2025-01-21 20:03:00 - INFO - Balance de clases tras SMOTETomek:
target
0.0    229
1.0    229
Name: count, dtype: int64
2025-01-21 20:03:00 - INFO - Balance de clases tras SMOTETomek:
target
0.0    229
1.0    229
Name: count, dtype: int64
2025-01-21 20:03:02 - INFO - Balance de clases tras SMOTETomek:
target
0.0    229
1.0    229
Name: count, dtype: int64
2025-01-21 20:03:02 - INFO - Balance de clases tras SMOTETomek:
target
0.0    230
1.0    230
Name: count, dtype: int64
2025-01-21 20:03:02 - INFO - Balance de clases tras SMOTETomek:
target
0.0    230
1.0    230
Name: count, dtype: int64
2025-01-21 20:03:03 - INFO - Balance de clases tras SMOTETomek:
target
0.0    236
1.0    236
Name: count, dtype: int64
2025-01-21 20:03:03 - INFO - Balance de clases tras SMOTETomek:
target
0.0    234
1.0    234
Name: count, dtype: int64
2025-01-21 20:03:04 - INFO - Balance de clases tras SMOTETomek:
target
0.0    236
1.0    236
Name: count, dtype: int64
2025-01-21 20:03:04 - INFO - Balance de clases tras SMOTETomek:
target
0.0    229
1.0    229
Name: count, dtype: int64
2025-01-21 20:03:05 - INFO - Balance de clases tras SMOTETomek:
target
0.0    234
1.0    234
Name: count, dtype: int64
2025-01-21 20:03:07 - INFO - Balance de clases tras SMOTETomek:
target
0.0    229
1.0    229
Name: count, dtype: int64
2025-01-21 20:03:08 - INFO - Mejor Precisión (clase=1): 0.7010
2025-01-21 20:03:08 - INFO - Mejores parámetros: {'max_depth': 8, 'learning_rate': 0.06434328156896071, 'n_estimators': 184, 'subsample': 0.9035006910458326, 'colsample_bytree': 0.8270065176163748, 'gamma': 0.024506057667809666, 'reg_alpha': 0.8140165276473372, 'reg_lambda': 0.7758620966531655}
2025-01-21 20:03:08 - INFO - === Entrenando Pipeline Final con TODO el Training ===
2025-01-21 20:03:08 - INFO - Columnas extra eliminadas: ['future_close', 'change_pct']
2025-01-21 20:03:08 - INFO - Dataset preparado: 707 filas, 21 features (después de imputación).
2025-01-21 20:03:08 - INFO - Balance de clases tras SMOTETomek:
target
0.0    343
1.0    343
Name: count, dtype: int64
2025-01-21 20:03:09 - INFO - Pipeline final entrenado con scale_pos_weight=1.00
2025-01-21 20:03:09 - INFO - Pipeline completo guardado en: ./results/XGBoost_Binario_trained_pipeline.joblib
2025-01-21 20:03:09 - INFO - Parámetros guardados en: ./results/XGBoost_Binario_model_params.txt
2025-01-21 20:03:09 - INFO - Lista de features guardada en: ./results/XGBoost_Binario_feature_cols.txt
2025-01-21 20:03:09 - INFO - Columnas de indicadores existentes eliminadas: ['RSI', 'MACD', 'MACDs', 'MACDh', 'OBV', 'BBL', 'BBM', 'BBU', 'STOCHk', 'STOCHd', 'CCI', 'SMA_10', 'SMA_50', 'SMA_200', 'EMA_10', 'EMA_50']
2025-01-21 20:03:09 - INFO - Indicadores técnicos agregados. Filas antes: 381, después: 182 (descartadas: 199)
2025-01-21 20:03:09 - INFO - Columnas renombradas: {'RSI_14': 'RSI', 'MACD_12_26_9': 'MACD', 'MACDs_12_26_9': 'MACDs', 'MACDh_12_26_9': 'MACDh', 'BBL_20_2.0': 'BBL', 'BBM_20_2.0': 'BBM', 'BBU_20_2.0': 'BBU', 'STOCHk_14_3_3': 'STOCHk', 'STOCHd_14_3_3': 'STOCHd', 'CCI_14_0.015': 'CCI', 'SMA_10': 'SMA_10', 'SMA_50': 'SMA_50', 'SMA_200': 'SMA_200', 'EMA_10': 'EMA_10', 'EMA_50': 'EMA_50'}
2025-01-21 20:03:09 - INFO - Target binario con look_ahead=2, min_change=0.031
2025-01-21 20:03:09 - INFO - Distribución de clases (0=Vender, 1=Comprar):
target
1.0    69
0.0    66
Name: count, dtype: int64
2025-01-21 20:03:09 - INFO - Muestra de datos con target:
                        close  future_close  change_pct  target
open_time                                                      
2021-06-27 21:30:00  32642.09      35813.43    0.097155     1.0
2021-12-04 04:15:00  52306.87      50256.61   -0.039197     0.0
2021-05-19 13:30:00  37406.48      35307.65   -0.056109     0.0
2024-04-13 19:45:00  64788.01      62007.34   -0.042920     0.0
2021-09-07 14:15:00  49977.32      45859.85   -0.082387     0.0
2021-05-21 20:30:00  35971.87      37212.52    0.034489     1.0
2021-09-13 13:30:00  46299.98      43015.62   -0.070937     0.0
2024-04-13 19:30:00  66791.20      62372.02   -0.066164     0.0
2021-05-29 04:45:00  35702.64      37649.35    0.054526     1.0
2023-03-13 13:45:00  22479.64      24639.76    0.096092     1.0
2025-01-21 20:03:09 - INFO - Columnas extra eliminadas: ['change_pct', 'future_close']
2025-01-21 20:03:09 - INFO - Dataset preparado: 135 filas, 21 features (después de imputación).
2025-01-21 20:03:09 - INFO - === Evaluación en Test ===
2025-01-21 20:03:09 - INFO - Matriz de confusión [0=Vender, 1=Comprar]:
[[25 41]
 [29 40]]
2025-01-21 20:03:09 - INFO - Reporte de Clasificación:
              precision    recall  f1-score   support

      Vender       0.46      0.38      0.42        66
     Comprar       0.49      0.58      0.53        69

    accuracy                           0.48       135
   macro avg       0.48      0.48      0.47       135
weighted avg       0.48      0.48      0.48       135

2025-01-21 20:03:09 - INFO - Precision (clase=1): 0.4938
2025-01-21 20:03:09 - INFO - F1 (clase=1): 0.5333
2025-01-21 20:03:09 - INFO - Recall (clase=1): 0.5797
2025-01-21 20:03:09 - INFO - Balanced Accuracy: 0.4792
2025-01-21 20:03:09 - INFO - MCC: -0.0423
2025-01-21 20:03:09 - INFO - AUC: 0.4864
2025-01-21 20:03:10 - INFO - Precisión final en Test (clase=1): 0.4938
2025-01-21 20:03:10 - INFO - Importancia de características guardada en ./results/feature_importances_binary.csv.
2025-01-21 20:03:11 - INFO - Gráfico de importancia de características guardado.
2025-01-21 20:03:14 - INFO - Calculando valores SHAP...
2025-01-21 20:03:15 - INFO - SHAP analysis completado y guardado.
2025-01-21 20:03:15 - INFO - Señales generadas con umbral=0.62
2025-01-21 20:03:15 - INFO - Señales filtradas por tendencia.
2025-01-21 20:03:15 - INFO - Señales guardadas en: ./results/signals_binary.csv
2025-01-21 20:03:15 - INFO - === Proceso Completado con Éxito ===
