2025-01-10 00:13:43 - INFO - Datos cargados desde ML/data/processed/BTCUSDT_15m_processed.csv, filas: 254923
2025-01-10 00:13:43 - INFO - Columnas de indicadores existentes eliminadas: ['RSI', 'MACD', 'MACDs', 'MACDh', 'OBV', 'BBL', 'BBM', 'BBU', 'SMA_10', 'SMA_50', 'EMA_10', 'EMA_50']
2025-01-10 00:13:43 - INFO - Indicadores técnicos agregados. Filas antes: 254923, después: 254724 (descartadas: 199)
2025-01-10 00:13:43 - INFO - Columnas renombradas: {'RSI_14': 'RSI', 'MACD_12_26_9': 'MACD', 'MACDs_12_26_9': 'MACDs', 'MACDh_12_26_9': 'MACDh', 'VWAP': 'VWAP', 'BBL_20_2.0': 'BBL', 'BBM_20_2.0': 'BBM', 'BBU_20_2.0': 'BBU', 'ATR_14': 'ATR', 'STOCHk_14_3_3': 'STOCHk', 'STOCHd_14_3_3': 'STOCHd', 'CCI_14_0.015': 'CCI', 'SMA_10': 'SMA_10', 'SMA_50': 'SMA_50', 'SMA_200': 'SMA_200', 'EMA_10': 'EMA_10', 'EMA_50': 'EMA_50'}
2025-01-10 00:13:43 - WARNING - Columna faltante 'VWAP' añadida con NaN.
2025-01-10 00:13:43 - WARNING - Columna faltante 'ATR' añadida con NaN.
2025-01-10 00:13:43 - INFO - Target binario con look_ahead=4, min_change=0.028
2025-01-10 00:13:43 - INFO - Distribución de clases (0=Vender, 1=Comprar):
target
0.0    1875
1.0    1700
Name: count, dtype: int64
2025-01-10 00:13:43 - INFO - Muestra de datos con target:
                        close  future_close  change_pct  target
open_time                                                      
2021-09-24 08:00:00  44946.46      43496.89   -0.032251     0.0
2022-08-19 05:30:00  22791.30      22040.05   -0.032962     0.0
2018-02-02 13:00:00   8620.00       8992.50    0.043213     1.0
2018-12-29 23:15:00   3863.29       3692.78   -0.044136     0.0
2021-05-20 03:30:00  37979.70      39304.16    0.034873     1.0
2020-03-18 13:30:00   5216.00       5363.11    0.028204     1.0
2024-08-05 13:00:00  49992.01      53001.79    0.060205     1.0
2017-12-31 15:45:00  13212.68      13836.00    0.047176     1.0
2021-01-04 11:30:00  30254.26      31253.73    0.033036     1.0
2020-04-16 06:30:00   6677.74       6912.93    0.035220     1.0
2025-01-10 00:13:43 - INFO - División de datos en Train/Test completada.
2025-01-10 00:13:43 - INFO - === Búsqueda de hiperparámetros (Optuna) en muestra de Training ===
2025-01-10 00:13:43 - INFO - No se han identificado características categóricas.
2025-01-10 00:13:43 - INFO - Columnas extra eliminadas: ['future_close', 'change_pct']
2025-01-10 00:13:43 - WARNING - Estas columnas están 100% NaN y se eliminarán antes de imputar: ['VWAP', 'ATR']
2025-01-10 00:13:43 - INFO - Dataset preparado: 1000 filas, 21 features (después de imputación).
2025-01-10 00:13:43 - INFO - Balance de clases tras SMOTETomek:
target
0.0    402
1.0    402
Name: count, dtype: int64
2025-01-10 00:13:43 - INFO - Balance de clases tras SMOTETomek:
target
0.0    402
1.0    402
Name: count, dtype: int64
2025-01-10 00:13:44 - INFO - Balance de clases tras SMOTETomek:
target
0.0    402
1.0    402
Name: count, dtype: int64
2025-01-10 00:13:44 - INFO - Balance de clases tras SMOTETomek:
target
0.0    402
1.0    402
Name: count, dtype: int64
2025-01-10 00:13:44 - INFO - Balance de clases tras SMOTETomek:
target
0.0    401
1.0    401
Name: count, dtype: int64
2025-01-10 00:13:45 - INFO - Balance de clases tras SMOTETomek:
target
0.0    401
1.0    401
Name: count, dtype: int64
2025-01-10 00:13:45 - INFO - Balance de clases tras SMOTETomek:
target
0.0    401
1.0    401
Name: count, dtype: int64
2025-01-10 00:13:45 - INFO - Balance de clases tras SMOTETomek:
target
0.0    401
1.0    401
Name: count, dtype: int64
2025-01-10 00:13:45 - INFO - Balance de clases tras SMOTETomek:
target
0.0    400
1.0    400
Name: count, dtype: int64
2025-01-10 00:13:46 - INFO - Balance de clases tras SMOTETomek:
target
0.0    400
1.0    400
Name: count, dtype: int64
2025-01-10 00:13:46 - INFO - Balance de clases tras SMOTETomek:
target
0.0    402
1.0    402
Name: count, dtype: int64
2025-01-10 00:13:46 - INFO - Balance de clases tras SMOTETomek:
target
0.0    402
1.0    402
Name: count, dtype: int64
2025-01-10 00:13:46 - INFO - Balance de clases tras SMOTETomek:
target
0.0    402
1.0    402
Name: count, dtype: int64
2025-01-10 00:13:46 - INFO - Balance de clases tras SMOTETomek:
target
0.0    401
1.0    401
Name: count, dtype: int64
2025-01-10 00:13:47 - INFO - Balance de clases tras SMOTETomek:
target
0.0    402
1.0    402
Name: count, dtype: int64
2025-01-10 00:13:47 - INFO - Balance de clases tras SMOTETomek:
target
0.0    401
1.0    401
Name: count, dtype: int64
2025-01-10 00:13:47 - INFO - Balance de clases tras SMOTETomek:
target
0.0    400
1.0    400
Name: count, dtype: int64
2025-01-10 00:13:47 - INFO - Balance de clases tras SMOTETomek:
target
0.0    401
1.0    401
Name: count, dtype: int64
2025-01-10 00:13:48 - INFO - Balance de clases tras SMOTETomek:
target
0.0    402
1.0    402
Name: count, dtype: int64
2025-01-10 00:13:48 - INFO - Balance de clases tras SMOTETomek:
target
0.0    401
1.0    401
Name: count, dtype: int64
2025-01-10 00:13:49 - INFO - Balance de clases tras SMOTETomek:
target
0.0    402
1.0    402
Name: count, dtype: int64
2025-01-10 00:13:49 - INFO - Balance de clases tras SMOTETomek:
target
0.0    400
1.0    400
Name: count, dtype: int64
2025-01-10 00:13:49 - INFO - Balance de clases tras SMOTETomek:
target
0.0    401
1.0    401
Name: count, dtype: int64
2025-01-10 00:13:49 - INFO - Balance de clases tras SMOTETomek:
target
0.0    402
1.0    402
Name: count, dtype: int64
2025-01-10 00:13:50 - INFO - Balance de clases tras SMOTETomek:
target
0.0    401
1.0    401
Name: count, dtype: int64
2025-01-10 00:13:51 - INFO - Balance de clases tras SMOTETomek:
target
0.0    400
1.0    400
Name: count, dtype: int64
2025-01-10 00:13:51 - INFO - Balance de clases tras SMOTETomek:
target
0.0    402
1.0    402
Name: count, dtype: int64
2025-01-10 00:13:51 - INFO - Balance de clases tras SMOTETomek:
target
0.0    402
1.0    402
Name: count, dtype: int64
2025-01-10 00:13:52 - INFO - Balance de clases tras SMOTETomek:
target
0.0    401
1.0    401
Name: count, dtype: int64
2025-01-10 00:13:52 - INFO - Balance de clases tras SMOTETomek:
target
0.0    402
1.0    402
Name: count, dtype: int64
2025-01-10 00:13:53 - INFO - Balance de clases tras SMOTETomek:
target
0.0    401
1.0    401
Name: count, dtype: int64
2025-01-10 00:13:54 - INFO - Balance de clases tras SMOTETomek:
target
0.0    401
1.0    401
Name: count, dtype: int64
2025-01-10 00:13:54 - INFO - Balance de clases tras SMOTETomek:
target
0.0    401
1.0    401
Name: count, dtype: int64
2025-01-10 00:13:55 - INFO - Balance de clases tras SMOTETomek:
target
0.0    400
1.0    400
Name: count, dtype: int64
2025-01-10 00:13:55 - INFO - Balance de clases tras SMOTETomek:
target
0.0    400
1.0    400
Name: count, dtype: int64
2025-01-10 00:13:56 - INFO - Balance de clases tras SMOTETomek:
target
0.0    402
1.0    402
Name: count, dtype: int64
2025-01-10 00:13:57 - INFO - Balance de clases tras SMOTETomek:
target
0.0    402
1.0    402
Name: count, dtype: int64
2025-01-10 00:13:57 - INFO - Balance de clases tras SMOTETomek:
target
0.0    402
1.0    402
Name: count, dtype: int64
2025-01-10 00:13:58 - INFO - Balance de clases tras SMOTETomek:
target
0.0    402
1.0    402
Name: count, dtype: int64
2025-01-10 00:13:58 - INFO - Balance de clases tras SMOTETomek:
target
0.0    401
1.0    401
Name: count, dtype: int64
2025-01-10 00:13:59 - INFO - Balance de clases tras SMOTETomek:
target
0.0    401
1.0    401
Name: count, dtype: int64
2025-01-10 00:13:59 - INFO - Balance de clases tras SMOTETomek:
target
0.0    401
1.0    401
Name: count, dtype: int64
2025-01-10 00:14:00 - INFO - Balance de clases tras SMOTETomek:
target
0.0    401
1.0    401
Name: count, dtype: int64
2025-01-10 00:14:00 - INFO - Balance de clases tras SMOTETomek:
target
0.0    400
1.0    400
Name: count, dtype: int64
2025-01-10 00:14:00 - INFO - Balance de clases tras SMOTETomek:
target
0.0    400
1.0    400
Name: count, dtype: int64
2025-01-10 00:14:01 - INFO - Balance de clases tras SMOTETomek:
target
0.0    402
1.0    402
Name: count, dtype: int64
2025-01-10 00:14:02 - INFO - Balance de clases tras SMOTETomek:
target
0.0    402
1.0    402
Name: count, dtype: int64
2025-01-10 00:14:02 - INFO - Balance de clases tras SMOTETomek:
target
0.0    402
1.0    402
Name: count, dtype: int64
2025-01-10 00:14:02 - INFO - Balance de clases tras SMOTETomek:
target
0.0    402
1.0    402
Name: count, dtype: int64
2025-01-10 00:14:02 - INFO - Balance de clases tras SMOTETomek:
target
0.0    401
1.0    401
Name: count, dtype: int64
2025-01-10 00:14:02 - INFO - Balance de clases tras SMOTETomek:
target
0.0    401
1.0    401
Name: count, dtype: int64
2025-01-10 00:14:03 - INFO - Balance de clases tras SMOTETomek:
target
0.0    401
1.0    401
Name: count, dtype: int64
2025-01-10 00:14:03 - INFO - Balance de clases tras SMOTETomek:
target
0.0    401
1.0    401
Name: count, dtype: int64
2025-01-10 00:14:03 - INFO - Balance de clases tras SMOTETomek:
target
0.0    400
1.0    400
Name: count, dtype: int64
2025-01-10 00:14:03 - INFO - Balance de clases tras SMOTETomek:
target
0.0    400
1.0    400
Name: count, dtype: int64
2025-01-10 00:14:04 - INFO - Balance de clases tras SMOTETomek:
target
0.0    402
1.0    402
Name: count, dtype: int64
2025-01-10 00:14:04 - INFO - Balance de clases tras SMOTETomek:
target
0.0    402
1.0    402
Name: count, dtype: int64
2025-01-10 00:14:05 - INFO - Balance de clases tras SMOTETomek:
target
0.0    402
1.0    402
Name: count, dtype: int64
2025-01-10 00:14:05 - INFO - Balance de clases tras SMOTETomek:
target
0.0    402
1.0    402
Name: count, dtype: int64
2025-01-10 00:14:06 - INFO - Balance de clases tras SMOTETomek:
target
0.0    401
1.0    401
Name: count, dtype: int64
2025-01-10 00:14:07 - INFO - Balance de clases tras SMOTETomek:
target
0.0    401
1.0    401
Name: count, dtype: int64
2025-01-10 00:14:07 - INFO - Balance de clases tras SMOTETomek:
target
0.0    401
1.0    401
Name: count, dtype: int64
2025-01-10 00:14:09 - INFO - Balance de clases tras SMOTETomek:
target
0.0    400
1.0    400
Name: count, dtype: int64
2025-01-10 00:14:09 - INFO - Balance de clases tras SMOTETomek:
target
0.0    401
1.0    401
Name: count, dtype: int64
2025-01-10 00:14:10 - INFO - Balance de clases tras SMOTETomek:
target
0.0    402
1.0    402
Name: count, dtype: int64
2025-01-10 00:14:11 - INFO - Balance de clases tras SMOTETomek:
target
0.0    400
1.0    400
Name: count, dtype: int64
2025-01-10 00:14:12 - INFO - Balance de clases tras SMOTETomek:
target
0.0    402
1.0    402
Name: count, dtype: int64
2025-01-10 00:14:12 - INFO - Balance de clases tras SMOTETomek:
target
0.0    402
1.0    402
Name: count, dtype: int64
2025-01-10 00:14:13 - INFO - Balance de clases tras SMOTETomek:
target
0.0    401
1.0    401
Name: count, dtype: int64
2025-01-10 00:14:14 - INFO - Balance de clases tras SMOTETomek:
target
0.0    402
1.0    402
Name: count, dtype: int64
2025-01-10 00:14:15 - INFO - Balance de clases tras SMOTETomek:
target
0.0    401
1.0    401
Name: count, dtype: int64
2025-01-10 00:14:15 - INFO - Balance de clases tras SMOTETomek:
target
0.0    401
1.0    401
Name: count, dtype: int64
2025-01-10 00:14:17 - INFO - Balance de clases tras SMOTETomek:
target
0.0    400
1.0    400
Name: count, dtype: int64
2025-01-10 00:14:17 - INFO - Balance de clases tras SMOTETomek:
target
0.0    401
1.0    401
Name: count, dtype: int64
2025-01-10 00:14:18 - INFO - Balance de clases tras SMOTETomek:
target
0.0    400
1.0    400
Name: count, dtype: int64
2025-01-10 00:14:20 - INFO - Mejor Precision: 0.7903
2025-01-10 00:14:20 - INFO - Mejores parámetros: {'max_depth': 10, 'learning_rate': 0.021663130231307965, 'n_estimators': 381, 'subsample': 0.959367569920722, 'colsample_bytree': 0.6212675887990552, 'gamma': 0.0707473798996211, 'reg_alpha': 0.013067432491559727, 'reg_lambda': 0.988595307949273}
2025-01-10 00:14:20 - INFO - === Entrenando Pipeline Final con TODO el Training ===
2025-01-10 00:14:20 - INFO - Columnas extra eliminadas: ['future_close', 'change_pct']
2025-01-10 00:14:20 - WARNING - Estas columnas están 100% NaN y se eliminarán antes de imputar: ['VWAP', 'ATR']
2025-01-10 00:14:20 - INFO - Dataset preparado: 2502 filas, 21 features (después de imputación).
2025-01-10 00:14:20 - INFO - Balance de clases tras SMOTETomek:
target
0.0    1262
1.0    1262
Name: count, dtype: int64
2025-01-10 00:14:22 - INFO - Pipeline final entrenado con TODOS los datos de entrenamiento.
2025-01-10 00:14:22 - INFO - Pipeline completo guardado en: ./results/XGBoost_Binario_trained_pipeline.joblib
2025-01-10 00:14:22 - INFO - Parámetros guardados en: ./results/XGBoost_Binario_model_params.txt
2025-01-10 00:14:22 - INFO - Lista de features guardada en: ./results/XGBoost_Binario_feature_cols.txt
2025-01-10 00:14:22 - INFO - Columnas de indicadores existentes eliminadas: ['RSI', 'MACD', 'MACDs', 'MACDh', 'VWAP', 'OBV', 'BBL', 'BBM', 'BBU', 'ATR', 'STOCHk', 'STOCHd', 'CCI', 'SMA_10', 'SMA_50', 'SMA_200', 'EMA_10', 'EMA_50']
2025-01-10 00:14:22 - INFO - Indicadores técnicos agregados. Filas antes: 1073, después: 874 (descartadas: 199)
2025-01-10 00:14:22 - INFO - Columnas renombradas: {'RSI_14': 'RSI', 'MACD_12_26_9': 'MACD', 'MACDs_12_26_9': 'MACDs', 'MACDh_12_26_9': 'MACDh', 'VWAP': 'VWAP', 'BBL_20_2.0': 'BBL', 'BBM_20_2.0': 'BBM', 'BBU_20_2.0': 'BBU', 'ATR_14': 'ATR', 'STOCHk_14_3_3': 'STOCHk', 'STOCHd_14_3_3': 'STOCHd', 'CCI_14_0.015': 'CCI', 'SMA_10': 'SMA_10', 'SMA_50': 'SMA_50', 'SMA_200': 'SMA_200', 'EMA_10': 'EMA_10', 'EMA_50': 'EMA_50'}
2025-01-10 00:14:22 - WARNING - Columna faltante 'VWAP' añadida con NaN.
2025-01-10 00:14:22 - WARNING - Columna faltante 'ATR' añadida con NaN.
2025-01-10 00:14:22 - INFO - Target binario con look_ahead=4, min_change=0.028
2025-01-10 00:14:22 - INFO - Distribución de clases (0=Vender, 1=Comprar):
target
0.0    335
1.0    335
Name: count, dtype: int64
2025-01-10 00:14:22 - INFO - Muestra de datos con target:
                        close  future_close  change_pct  target
open_time                                                      
2023-03-13 13:30:00  22345.05      23423.84    0.048279     1.0
2022-06-07 19:15:00  30411.76      28244.71   -0.071257     0.0
2021-09-13 13:45:00  46140.01      43015.62   -0.067715     0.0
2022-11-11 01:00:00  17639.78      15870.22   -0.100316     0.0
2021-05-19 13:45:00  35863.06      37531.46    0.046521     1.0
2021-06-08 02:00:00  33774.83      35134.82    0.040266     1.0
2021-05-26 05:45:00  39229.28      35581.96   -0.092974     0.0
2021-06-22 13:45:00  29238.99      30567.93    0.045451     1.0
2022-09-27 15:00:00  20191.82      19573.32   -0.030631     0.0
2021-06-09 14:45:00  34672.51      35899.98    0.035402     1.0
2025-01-10 00:14:22 - INFO - Columnas extra eliminadas: ['change_pct', 'future_close']
2025-01-10 00:14:22 - WARNING - Estas columnas están 100% NaN y se eliminarán antes de imputar: ['VWAP', 'ATR']
2025-01-10 00:14:22 - INFO - Dataset preparado: 670 filas, 21 features (después de imputación).
2025-01-10 00:14:22 - INFO - === Evaluación en Test ===
2025-01-10 00:14:22 - INFO - Matriz de confusión [0=Vender, 1=Comprar]:
[[159 176]
 [162 173]]
2025-01-10 00:14:22 - INFO - Reporte de Clasificación:
              precision    recall  f1-score   support

      Vender       0.50      0.47      0.48       335
     Comprar       0.50      0.52      0.51       335

    accuracy                           0.50       670
   macro avg       0.50      0.50      0.50       670
weighted avg       0.50      0.50      0.50       670

2025-01-10 00:14:22 - INFO - Precision: 0.4957
2025-01-10 00:14:22 - INFO - F1-score: 0.5058
2025-01-10 00:14:22 - INFO - Recall: 0.5164
2025-01-10 00:14:22 - INFO - Balanced Accuracy: 0.4955
2025-01-10 00:14:22 - INFO - MCC: -0.0090
2025-01-10 00:14:22 - INFO - AUC: 0.4807
2025-01-10 00:14:23 - INFO - Precision final en Test: 0.4957
2025-01-10 00:14:23 - INFO - Importancia de características guardada en ./results/feature_importances_binary.csv.
2025-01-10 00:14:24 - INFO - Gráfico de importancia de características guardado.
2025-01-10 00:14:24 - INFO - Calculando valores SHAP...
2025-01-10 00:14:27 - INFO - SHAP analysis completado y guardado.
2025-01-10 00:14:27 - INFO - Señales generadas con umbral=0.76
2025-01-10 00:14:27 - INFO - Señales filtradas por tendencia.
2025-01-10 00:14:27 - INFO - Señales guardadas en: ./results/signals_binary.csv
2025-01-10 00:14:27 - INFO - === Proceso Completado con Éxito ===
