2025-01-29 18:48:47 - INFO - Datos cargados desde ML/data/processed/BTCUSDT_15m_processed.csv, filas: 257756
2025-01-29 18:48:47 - INFO - Columnas de indicadores existentes eliminadas: ['RSI', 'MACD', 'MACDs', 'MACDh', 'OBV', 'BBL', 'BBM', 'BBU', 'SMA_10', 'SMA_50', 'EMA_10', 'EMA_50']
2025-01-29 18:48:47 - INFO - Indicadores técnicos agregados. Filas antes: 257756, después: 257557 (descartadas: 199)
2025-01-29 18:48:47 - INFO - Columnas renombradas: {'RSI_14': 'RSI', 'MACD_12_26_9': 'MACD', 'MACDs_12_26_9': 'MACDs', 'MACDh_12_26_9': 'MACDh', 'BBL_20_2.0': 'BBL', 'BBM_20_2.0': 'BBM', 'BBU_20_2.0': 'BBU', 'STOCHk_14_3_3': 'STOCHk', 'STOCHd_14_3_3': 'STOCHd', 'CCI_14_0.015': 'CCI', 'SMA_10': 'SMA_10', 'SMA_50': 'SMA_50', 'SMA_200': 'SMA_200', 'EMA_10': 'EMA_10', 'EMA_50': 'EMA_50'}
2025-01-29 18:48:47 - INFO - Target binario con look_ahead=3, min_change=0.031
2025-01-29 18:48:47 - INFO - Distribución de clases (0=Vender, 1=Comprar):
target
0.0    986
1.0    871
Name: count, dtype: int64
2025-01-29 18:48:47 - INFO - Muestra de datos con target:
                        close  future_close  change_pct  target
open_time                                                      
2018-07-27 14:45:00   7833.56       8151.03    0.040527     1.0
2017-12-10 04:15:00  12536.00      13199.91    0.052960     1.0
2021-01-08 10:15:00  39939.66      41310.15    0.034314     1.0
2018-02-05 06:15:00   8253.13       7973.00   -0.033942     0.0
2018-01-08 12:45:00  15348.00      14621.88   -0.047310     0.0
2018-03-09 20:30:00   8764.26       9050.00    0.032603     1.0
2021-05-19 13:15:00  33601.85      35086.00    0.044169     1.0
2017-12-08 02:45:00  16639.99      15900.00   -0.044471     0.0
2018-10-15 05:30:00   6630.00       6945.01    0.047513     1.0
2020-03-16 13:30:00   4642.95       4945.02    0.065060     1.0
2025-01-29 18:48:47 - INFO - División de datos en Train/Test completada.
2025-01-29 18:48:47 - INFO - === Búsqueda de hiperparámetros (Optuna) en muestra de Training ===
2025-01-29 18:48:47 - INFO - No se han identificado características categóricas.
2025-01-29 18:48:47 - INFO - Columnas extra eliminadas: ['future_close', 'change_pct']
2025-01-29 18:48:47 - INFO - Dataset preparado: 1086 filas, 21 features (después de imputación).
2025-01-29 18:48:47 - INFO - Iniciando optimización en Optuna (precisión clase=1)...
2025-01-29 18:48:47 - INFO - Balance de clases tras SMOTETomek:
target
1.0    422
0.0    422
Name: count, dtype: int64
2025-01-29 18:48:47 - INFO - Balance de clases tras SMOTETomek:
target
1.0    419
0.0    419
Name: count, dtype: int64
2025-01-29 18:48:47 - INFO - Balance de clases tras SMOTETomek:
target
1.0    421
0.0    421
Name: count, dtype: int64
2025-01-29 18:48:48 - INFO - Balance de clases tras SMOTETomek:
target
1.0    419
0.0    419
Name: count, dtype: int64
2025-01-29 18:48:48 - INFO - Balance de clases tras SMOTETomek:
target
1.0    414
0.0    414
Name: count, dtype: int64
2025-01-29 18:48:48 - INFO - Balance de clases tras SMOTETomek:
target
1.0    422
0.0    422
Name: count, dtype: int64
2025-01-29 18:48:48 - INFO - Balance de clases tras SMOTETomek:
target
1.0    419
0.0    419
Name: count, dtype: int64
2025-01-29 18:48:48 - INFO - Balance de clases tras SMOTETomek:
target
1.0    421
0.0    421
Name: count, dtype: int64
2025-01-29 18:48:49 - INFO - Balance de clases tras SMOTETomek:
target
1.0    419
0.0    419
Name: count, dtype: int64
2025-01-29 18:48:49 - INFO - Balance de clases tras SMOTETomek:
target
1.0    414
0.0    414
Name: count, dtype: int64
2025-01-29 18:48:50 - INFO - Balance de clases tras SMOTETomek:
target
1.0    422
0.0    422
Name: count, dtype: int64
2025-01-29 18:48:50 - INFO - Balance de clases tras SMOTETomek:
target
1.0    419
0.0    419
Name: count, dtype: int64
2025-01-29 18:48:51 - INFO - Balance de clases tras SMOTETomek:
target
1.0    421
0.0    421
Name: count, dtype: int64
2025-01-29 18:48:51 - INFO - Balance de clases tras SMOTETomek:
target
1.0    419
0.0    419
Name: count, dtype: int64
2025-01-29 18:48:52 - INFO - Balance de clases tras SMOTETomek:
target
1.0    414
0.0    414
Name: count, dtype: int64
2025-01-29 18:48:52 - INFO - Balance de clases tras SMOTETomek:
target
1.0    422
0.0    422
Name: count, dtype: int64
2025-01-29 18:48:53 - INFO - Balance de clases tras SMOTETomek:
target
1.0    419
0.0    419
Name: count, dtype: int64
2025-01-29 18:48:53 - INFO - Balance de clases tras SMOTETomek:
target
1.0    421
0.0    421
Name: count, dtype: int64
2025-01-29 18:48:54 - INFO - Balance de clases tras SMOTETomek:
target
1.0    419
0.0    419
Name: count, dtype: int64
2025-01-29 18:48:55 - INFO - Balance de clases tras SMOTETomek:
target
1.0    414
0.0    414
Name: count, dtype: int64
2025-01-29 18:48:55 - INFO - Balance de clases tras SMOTETomek:
target
1.0    422
0.0    422
Name: count, dtype: int64
2025-01-29 18:48:56 - INFO - Balance de clases tras SMOTETomek:
target
1.0    419
0.0    419
Name: count, dtype: int64
2025-01-29 18:48:56 - INFO - Balance de clases tras SMOTETomek:
target
1.0    421
0.0    421
Name: count, dtype: int64
2025-01-29 18:48:56 - INFO - Balance de clases tras SMOTETomek:
target
1.0    419
0.0    419
Name: count, dtype: int64
2025-01-29 18:48:56 - INFO - Balance de clases tras SMOTETomek:
target
1.0    414
0.0    414
Name: count, dtype: int64
2025-01-29 18:48:56 - INFO - Balance de clases tras SMOTETomek:
target
1.0    422
0.0    422
Name: count, dtype: int64
2025-01-29 18:48:57 - INFO - Balance de clases tras SMOTETomek:
target
1.0    419
0.0    419
Name: count, dtype: int64
2025-01-29 18:48:58 - INFO - Balance de clases tras SMOTETomek:
target
1.0    421
0.0    421
Name: count, dtype: int64
2025-01-29 18:48:59 - INFO - Balance de clases tras SMOTETomek:
target
1.0    419
0.0    419
Name: count, dtype: int64
2025-01-29 18:48:59 - INFO - Balance de clases tras SMOTETomek:
target
1.0    414
0.0    414
Name: count, dtype: int64
2025-01-29 18:49:00 - INFO - Balance de clases tras SMOTETomek:
target
1.0    422
0.0    422
Name: count, dtype: int64
2025-01-29 18:49:00 - INFO - Balance de clases tras SMOTETomek:
target
1.0    419
0.0    419
Name: count, dtype: int64
2025-01-29 18:49:01 - INFO - Balance de clases tras SMOTETomek:
target
1.0    421
0.0    421
Name: count, dtype: int64
2025-01-29 18:49:01 - INFO - Balance de clases tras SMOTETomek:
target
1.0    419
0.0    419
Name: count, dtype: int64
2025-01-29 18:49:01 - INFO - Balance de clases tras SMOTETomek:
target
1.0    414
0.0    414
Name: count, dtype: int64
2025-01-29 18:49:02 - INFO - Balance de clases tras SMOTETomek:
target
1.0    422
0.0    422
Name: count, dtype: int64
2025-01-29 18:49:03 - INFO - Balance de clases tras SMOTETomek:
target
1.0    419
0.0    419
Name: count, dtype: int64
2025-01-29 18:49:04 - INFO - Balance de clases tras SMOTETomek:
target
1.0    421
0.0    421
Name: count, dtype: int64
2025-01-29 18:49:05 - INFO - Balance de clases tras SMOTETomek:
target
1.0    419
0.0    419
Name: count, dtype: int64
2025-01-29 18:49:06 - INFO - Balance de clases tras SMOTETomek:
target
1.0    414
0.0    414
Name: count, dtype: int64
2025-01-29 18:49:07 - INFO - Balance de clases tras SMOTETomek:
target
1.0    422
0.0    422
Name: count, dtype: int64
2025-01-29 18:49:08 - INFO - Balance de clases tras SMOTETomek:
target
1.0    419
0.0    419
Name: count, dtype: int64
2025-01-29 18:49:08 - INFO - Balance de clases tras SMOTETomek:
target
1.0    421
0.0    421
Name: count, dtype: int64
2025-01-29 18:49:08 - INFO - Balance de clases tras SMOTETomek:
target
1.0    419
0.0    419
Name: count, dtype: int64
2025-01-29 18:49:08 - INFO - Balance de clases tras SMOTETomek:
target
1.0    414
0.0    414
Name: count, dtype: int64
2025-01-29 18:49:09 - INFO - Mejor Precisión (clase=1): 0.7244
2025-01-29 18:49:09 - INFO - Mejores parámetros: {'max_depth': 12, 'learning_rate': 0.008106915413271288, 'n_estimators': 212, 'subsample': 0.6453011279660263, 'colsample_bytree': 0.6528408159783664, 'gamma': 0.03711031498483863, 'reg_alpha': 0.08198783075111105, 'reg_lambda': 0.2134399510803413}
2025-01-29 18:49:09 - INFO - === Entrenando Pipeline Final con TODO el Training ===
2025-01-29 18:49:09 - INFO - Columnas extra eliminadas: ['future_close', 'change_pct']
2025-01-29 18:49:09 - INFO - Dataset preparado: 1207 filas, 21 features (después de imputación).
2025-01-29 18:49:09 - INFO - Balance de clases tras SMOTETomek:
target
1.0    609
0.0    609
Name: count, dtype: int64
2025-01-29 18:49:09 - INFO - Pipeline final entrenado con scale_pos_weight=1.00
2025-01-29 18:49:09 - INFO - Pipeline completo guardado en: .ML/results/XGBoost_Binario_trained_pipeline.joblib
2025-01-29 18:49:09 - INFO - Parámetros guardados en: .ML/results/XGBoost_Binario_model_params.txt
2025-01-29 18:49:09 - INFO - Lista de features guardada en: .ML/results/XGBoost_Binario_feature_cols.txt
2025-01-29 18:49:09 - INFO - Columnas de indicadores existentes eliminadas: ['RSI', 'MACD', 'MACDs', 'MACDh', 'OBV', 'BBL', 'BBM', 'BBU', 'STOCHk', 'STOCHd', 'CCI', 'SMA_10', 'SMA_50', 'SMA_200', 'EMA_10', 'EMA_50']
2025-01-29 18:49:09 - INFO - Indicadores técnicos agregados. Filas antes: 650, después: 451 (descartadas: 199)
2025-01-29 18:49:09 - INFO - Columnas renombradas: {'RSI_14': 'RSI', 'MACD_12_26_9': 'MACD', 'MACDs_12_26_9': 'MACDs', 'MACDh_12_26_9': 'MACDh', 'BBL_20_2.0': 'BBL', 'BBM_20_2.0': 'BBM', 'BBU_20_2.0': 'BBU', 'STOCHk_14_3_3': 'STOCHk', 'STOCHd_14_3_3': 'STOCHd', 'CCI_14_0.015': 'CCI', 'SMA_10': 'SMA_10', 'SMA_50': 'SMA_50', 'SMA_200': 'SMA_200', 'EMA_10': 'EMA_10', 'EMA_50': 'EMA_50'}
2025-01-29 18:49:09 - INFO - Target binario con look_ahead=3, min_change=0.031
2025-01-29 18:49:09 - INFO - Distribución de clases (0=Vender, 1=Comprar):
target
0.0    169
1.0    168
Name: count, dtype: int64
2025-01-29 18:49:09 - INFO - Muestra de datos con target:
                        close  future_close  change_pct  target
open_time                                                      
2021-05-19 22:30:00  39350.00      36690.09   -0.067596     0.0
2021-06-07 20:00:00  35608.00      33774.83   -0.051482     0.0
2021-05-23 16:15:00  31963.83      37911.79    0.186084     1.0
2022-06-18 06:30:00  20400.00      18517.72   -0.092269     0.0
2021-01-27 18:30:00  29672.18      32456.42    0.093833     1.0
2021-03-16 00:00:00  55954.24      58804.21    0.050934     1.0
2021-11-22 12:45:00  57159.42      52425.35   -0.082822     0.0
2021-06-20 09:30:00  35245.00      31397.56   -0.109163     0.0
2021-05-20 00:00:00  37814.04      40475.17    0.070374     1.0
2021-12-04 04:45:00  50256.61      45903.12   -0.086625     0.0
2025-01-29 18:49:09 - INFO - Columnas extra eliminadas: ['change_pct', 'future_close']
2025-01-29 18:49:09 - INFO - Dataset preparado: 337 filas, 21 features (después de imputación).
2025-01-29 18:49:09 - INFO - === Evaluación en Test ===
2025-01-29 18:49:09 - INFO - Matriz de confusión [0=Vender, 1=Comprar]:
[[91 78]
 [74 94]]
2025-01-29 18:49:09 - INFO - Reporte de Clasificación:
              precision    recall  f1-score   support

      Vender       0.55      0.54      0.54       169
     Comprar       0.55      0.56      0.55       168

    accuracy                           0.55       337
   macro avg       0.55      0.55      0.55       337
weighted avg       0.55      0.55      0.55       337

2025-01-29 18:49:09 - INFO - Precision (clase=1): 0.5465
2025-01-29 18:49:09 - INFO - F1 (clase=1): 0.5529
2025-01-29 18:49:09 - INFO - Recall (clase=1): 0.5595
2025-01-29 18:49:09 - INFO - Balanced Accuracy: 0.5490
2025-01-29 18:49:09 - INFO - MCC: 0.0980
2025-01-29 18:49:09 - INFO - AUC: 0.5475
2025-01-29 18:49:10 - INFO - Precisión final en Test (clase=1): 0.5465
2025-01-29 18:49:10 - INFO - Importancia de características guardada en .ML/results/feature_importances_binary.csv.
2025-01-29 18:49:11 - INFO - Gráfico de importancia de características guardado.
2025-01-29 18:49:11 - INFO - Calculando valores SHAP...
2025-01-29 18:49:13 - INFO - SHAP analysis completado y guardado.
2025-01-29 18:49:13 - INFO - Señales generadas con umbral=0.61
2025-01-29 18:49:13 - INFO - Señales filtradas por tendencia.
2025-01-29 18:49:13 - INFO - Señales guardadas en: .ML/results/signals_binary.csv
2025-01-29 18:49:13 - INFO - === Proceso Completado con Éxito ===
