2025-01-29 19:17:59 - INFO - Datos cargados desde ML/data/processed/BTCUSDT_15m_processed.csv, filas: 257756
2025-01-29 19:17:59 - INFO - Columnas de indicadores existentes eliminadas: ['RSI', 'MACD', 'MACDs', 'MACDh', 'OBV', 'BBL', 'BBM', 'BBU', 'SMA_10', 'SMA_50', 'EMA_10', 'EMA_50']
2025-01-29 19:18:00 - INFO - Indicadores técnicos agregados. Filas antes: 257756, después: 257557 (descartadas: 199)
2025-01-29 19:18:00 - INFO - Columnas renombradas: {'RSI_14': 'RSI', 'MACD_12_26_9': 'MACD', 'MACDs_12_26_9': 'MACDs', 'MACDh_12_26_9': 'MACDh', 'BBL_20_2.0': 'BBL', 'BBM_20_2.0': 'BBM', 'BBU_20_2.0': 'BBU', 'STOCHk_14_3_3': 'STOCHk', 'STOCHd_14_3_3': 'STOCHd', 'CCI_14_0.015': 'CCI', 'SMA_10': 'SMA_10', 'SMA_50': 'SMA_50', 'SMA_200': 'SMA_200', 'EMA_10': 'EMA_10', 'EMA_50': 'EMA_50'}
2025-01-29 19:18:00 - INFO - Target binario con look_ahead=220, min_change=0.031
2025-01-29 19:18:00 - INFO - Distribución de clases (0=Vender, 1=Comprar):
target
1.0    62575
0.0    49895
Name: count, dtype: int64
2025-01-29 19:18:00 - INFO - Muestra de datos con target:
                        close  future_close  change_pct  target
open_time                                                      
2019-04-10 06:30:00   5204.84       5033.81   -0.032860     0.0
2021-06-06 09:00:00  36258.01      32155.91   -0.113136     0.0
2021-09-18 01:30:00  47628.33      45116.48   -0.052739     0.0
2024-08-01 00:45:00  64645.90      61662.01   -0.046157     0.0
2019-11-17 09:00:00   8524.12       8137.42   -0.045365     0.0
2024-05-07 05:45:00  63563.48      61516.66   -0.032201     0.0
2019-08-21 15:30:00   9996.05      10378.20    0.038230     1.0
2018-01-08 20:15:00  14806.73      13555.31   -0.084517     0.0
2021-11-28 16:30:00  53979.18      57121.35    0.058211     1.0
2024-01-18 07:45:00  42915.33      41542.99   -0.031978     0.0
2025-01-29 19:18:00 - INFO - División de datos en Train/Test completada.
2025-01-29 19:18:00 - INFO - === Búsqueda de hiperparámetros (Optuna) en muestra de Training ===
2025-01-29 19:18:00 - INFO - No se han identificado características categóricas.
2025-01-29 19:18:00 - INFO - Columnas extra eliminadas: ['future_close', 'change_pct']
2025-01-29 19:18:00 - INFO - Dataset preparado: 65794 filas, 21 features (después de imputación).
2025-01-29 19:18:00 - INFO - Iniciando optimización en Optuna (precisión clase=1)...
2025-01-29 19:18:05 - INFO - Balance de clases tras SMOTETomek:
target
0.0    29548
1.0    29548
Name: count, dtype: int64
2025-01-29 19:18:12 - INFO - Balance de clases tras SMOTETomek:
target
0.0    29573
1.0    29573
Name: count, dtype: int64
2025-01-29 19:18:19 - INFO - Balance de clases tras SMOTETomek:
target
0.0    29553
1.0    29553
Name: count, dtype: int64
2025-01-29 19:18:27 - INFO - Balance de clases tras SMOTETomek:
target
0.0    29578
1.0    29578
Name: count, dtype: int64
2025-01-29 19:18:34 - INFO - Balance de clases tras SMOTETomek:
target
0.0    29554
1.0    29554
Name: count, dtype: int64
2025-01-29 19:18:40 - INFO - Balance de clases tras SMOTETomek:
target
0.0    29548
1.0    29548
Name: count, dtype: int64
2025-01-29 19:18:51 - INFO - Balance de clases tras SMOTETomek:
target
0.0    29573
1.0    29573
Name: count, dtype: int64
2025-01-29 19:19:02 - INFO - Balance de clases tras SMOTETomek:
target
0.0    29553
1.0    29553
Name: count, dtype: int64
2025-01-29 19:19:13 - INFO - Balance de clases tras SMOTETomek:
target
0.0    29578
1.0    29578
Name: count, dtype: int64
2025-01-29 19:19:24 - INFO - Balance de clases tras SMOTETomek:
target
0.0    29554
1.0    29554
Name: count, dtype: int64
2025-01-29 19:19:35 - INFO - Balance de clases tras SMOTETomek:
target
0.0    29548
1.0    29548
Name: count, dtype: int64
2025-01-29 19:19:45 - INFO - Balance de clases tras SMOTETomek:
target
0.0    29573
1.0    29573
Name: count, dtype: int64
2025-01-29 19:19:54 - INFO - Balance de clases tras SMOTETomek:
target
0.0    29553
1.0    29553
Name: count, dtype: int64
2025-01-29 19:20:04 - INFO - Balance de clases tras SMOTETomek:
target
0.0    29578
1.0    29578
Name: count, dtype: int64
2025-01-29 19:20:14 - INFO - Balance de clases tras SMOTETomek:
target
0.0    29554
1.0    29554
Name: count, dtype: int64
2025-01-29 19:20:18 - INFO - Mejor Precisión (clase=1): 0.9852
2025-01-29 19:20:18 - INFO - Mejores parámetros: {'max_depth': 20, 'learning_rate': 0.00518016972853458, 'n_estimators': 167, 'subsample': 0.4851382929089783, 'colsample_bytree': 0.777983630684874, 'gamma': 0.7319802251869119, 'reg_alpha': 0.46010122819627153, 'reg_lambda': 0.5927444089753724}
2025-01-29 19:20:18 - INFO - === Entrenando Pipeline Final con TODO el Training ===
2025-01-29 19:20:18 - INFO - Columnas extra eliminadas: ['future_close', 'change_pct']
2025-01-29 19:20:18 - INFO - Dataset preparado: 73105 filas, 21 features (después de imputación).
2025-01-29 19:20:30 - INFO - Balance de clases tras SMOTETomek:
target
0.0    41292
1.0    41292
Name: count, dtype: int64
2025-01-29 19:20:37 - INFO - Pipeline final entrenado con scale_pos_weight=1.00
2025-01-29 19:20:37 - INFO - Pipeline completo guardado en: .ML/results/XGBoost_Binario_trained_pipeline.joblib
2025-01-29 19:20:37 - INFO - Parámetros guardados en: .ML/results/XGBoost_Binario_model_params.txt
2025-01-29 19:20:37 - INFO - Lista de features guardada en: .ML/results/XGBoost_Binario_feature_cols.txt
2025-01-29 19:20:37 - INFO - Columnas de indicadores existentes eliminadas: ['RSI', 'MACD', 'MACDs', 'MACDh', 'OBV', 'BBL', 'BBM', 'BBU', 'STOCHk', 'STOCHd', 'CCI', 'SMA_10', 'SMA_50', 'SMA_200', 'EMA_10', 'EMA_50']
2025-01-29 19:20:37 - INFO - Indicadores técnicos agregados. Filas antes: 39365, después: 39166 (descartadas: 199)
2025-01-29 19:20:37 - INFO - Columnas renombradas: {'RSI_14': 'RSI', 'MACD_12_26_9': 'MACD', 'MACDs_12_26_9': 'MACDs', 'MACDh_12_26_9': 'MACDh', 'BBL_20_2.0': 'BBL', 'BBM_20_2.0': 'BBM', 'BBU_20_2.0': 'BBU', 'STOCHk_14_3_3': 'STOCHk', 'STOCHd_14_3_3': 'STOCHd', 'CCI_14_0.015': 'CCI', 'SMA_10': 'SMA_10', 'SMA_50': 'SMA_50', 'SMA_200': 'SMA_200', 'EMA_10': 'EMA_10', 'EMA_50': 'EMA_50'}
2025-01-29 19:20:37 - INFO - Target binario con look_ahead=220, min_change=0.031
2025-01-29 19:20:37 - INFO - Distribución de clases (0=Vender, 1=Comprar):
target
1.0    16428
0.0    13874
Name: count, dtype: int64
2025-01-29 19:20:37 - INFO - Muestra de datos con target:
                        close  future_close  change_pct  target
open_time                                                      
2022-02-13 20:30:00  42283.52      43982.01    0.040169     1.0
2024-09-30 19:45:00  63488.00      60557.95   -0.046151     0.0
2024-02-08 10:30:00  44811.14      48114.01    0.073706     1.0
2023-04-19 11:15:00  29269.42      27402.81   -0.063773     0.0
2022-06-13 08:15:00  24742.22      21864.33   -0.116315     0.0
2021-12-07 07:45:00  50907.27      48702.91   -0.043301     0.0
2023-11-22 00:45:00  36108.17      38774.95    0.073855     1.0
2024-07-13 17:45:00  58708.00      64594.20    0.100262     1.0
2024-08-22 21:00:00  60525.99      63531.01    0.049648     1.0
2023-12-09 02:00:00  44152.06      41205.63   -0.066734     0.0
2025-01-29 19:20:37 - INFO - Columnas extra eliminadas: ['change_pct', 'future_close']
2025-01-29 19:20:37 - INFO - Dataset preparado: 30302 filas, 21 features (después de imputación).
2025-01-29 19:20:37 - INFO - === Evaluación en Test ===
2025-01-29 19:20:37 - INFO - Matriz de confusión [0=Vender, 1=Comprar]:
[[5962 7912]
 [8213 8215]]
2025-01-29 19:20:37 - INFO - Reporte de Clasificación:
              precision    recall  f1-score   support

      Vender       0.42      0.43      0.43     13874
     Comprar       0.51      0.50      0.50     16428

    accuracy                           0.47     30302
   macro avg       0.46      0.46      0.46     30302
weighted avg       0.47      0.47      0.47     30302

2025-01-29 19:20:37 - INFO - Precision (clase=1): 0.5094
2025-01-29 19:20:37 - INFO - F1 (clase=1): 0.5047
2025-01-29 19:20:37 - INFO - Recall (clase=1): 0.5001
2025-01-29 19:20:37 - INFO - Balanced Accuracy: 0.4649
2025-01-29 19:20:37 - INFO - MCC: -0.0701
2025-01-29 19:20:37 - INFO - AUC: 0.4697
2025-01-29 19:20:38 - INFO - Precisión final en Test (clase=1): 0.5094
2025-01-29 19:20:38 - INFO - Importancia de características guardada en .ML/results/feature_importances_binary.csv.
2025-01-29 19:20:39 - INFO - Gráfico de importancia de características guardado.
2025-01-29 19:20:39 - INFO - Calculando valores SHAP...
