2025-01-09 23:06:39 - INFO - Datos cargados desde ML/data/processed/BTCUSDT_15m_processed.csv, filas: 251947
2025-01-09 23:06:39 - INFO - Columnas de indicadores existentes eliminadas: ['RSI', 'MACD', 'MACDs', 'MACDh', 'OBV', 'BBL', 'BBM', 'BBU', 'SMA_10', 'SMA_50', 'EMA_10', 'EMA_50']
2025-01-09 23:06:39 - INFO - Indicadores técnicos agregados. Filas antes: 251947, después: 251748 (descartadas: 199)
2025-01-09 23:06:39 - INFO - Columnas renombradas: {'RSI_14': 'RSI', 'MACD_12_26_9': 'MACD', 'MACDs_12_26_9': 'MACDs', 'MACDh_12_26_9': 'MACDh', 'VWAP': 'VWAP', 'BBL_20_2.0': 'BBL', 'BBM_20_2.0': 'BBM', 'BBU_20_2.0': 'BBU', 'ATR_14': 'ATR', 'STOCHk_14_3_3': 'STOCHk', 'STOCHd_14_3_3': 'STOCHd', 'CCI_14_0.015': 'CCI', 'SMA_10': 'SMA_10', 'SMA_50': 'SMA_50', 'SMA_200': 'SMA_200', 'EMA_10': 'EMA_10', 'EMA_50': 'EMA_50'}
2025-01-09 23:06:39 - WARNING - Columna faltante 'VWAP' añadida con NaN.
2025-01-09 23:06:39 - WARNING - Columna faltante 'ATR' añadida con NaN.
2025-01-09 23:06:39 - INFO - Target binario con look_ahead=24, min_change=0.035
2025-01-09 23:06:39 - INFO - Distribución de clases (0=Vender, 1=Comprar):
target
1.0    8420
0.0    8165
Name: count, dtype: int64
2025-01-09 23:06:39 - INFO - Muestra de datos con target:
                        close  future_close  change_pct  target
open_time                                                      
2017-09-08 07:30:00   4630.70       4422.00   -0.045069     0.0
2019-06-26 19:15:00  13876.03      12936.14   -0.067735     0.0
2021-04-09 23:30:00  58065.45      60841.19    0.047804     1.0
2018-03-26 22:45:00   8195.65       7755.41   -0.053716     0.0
2022-06-18 22:45:00  19186.93      18504.96   -0.035543     0.0
2021-05-22 08:15:00  36592.73      38365.27    0.048440     1.0
2017-11-07 20:15:00   7004.07       7260.00    0.036540     1.0
2021-03-11 08:30:00  54795.80      56719.17    0.035101     1.0
2022-07-24 22:15:00  22825.00      21837.99   -0.043242     0.0
2020-03-20 11:45:00   6659.99       6415.90   -0.036650     0.0
2025-01-09 23:06:39 - INFO - División de datos en Train/Test completada.
2025-01-09 23:06:39 - INFO - === Búsqueda de hiperparámetros (Optuna) en muestra de Training ===
2025-01-09 23:06:39 - INFO - No se han identificado características categóricas.
2025-01-09 23:06:40 - INFO - Columnas extra eliminadas: ['future_close', 'change_pct']
2025-01-09 23:06:40 - WARNING - Estas columnas están 100% NaN y se eliminarán antes de imputar: ['VWAP', 'ATR']
2025-01-09 23:06:40 - INFO - Dataset preparado: 5307 filas, 21 features (después de imputación).
2025-01-09 23:06:40 - INFO - Balance de clases tras SMOTETomek:
target
0.0    2139
1.0    2139
Name: count, dtype: int64
2025-01-09 23:06:40 - INFO - Balance de clases tras SMOTETomek:
target
0.0    2139
1.0    2139
Name: count, dtype: int64
2025-01-09 23:06:40 - INFO - Balance de clases tras SMOTETomek:
target
0.0    2133
1.0    2133
Name: count, dtype: int64
2025-01-09 23:06:41 - INFO - Balance de clases tras SMOTETomek:
target
0.0    2133
1.0    2133
Name: count, dtype: int64
2025-01-09 23:06:41 - INFO - Balance de clases tras SMOTETomek:
target
0.0    2138
1.0    2138
Name: count, dtype: int64
2025-01-09 23:06:42 - INFO - Balance de clases tras SMOTETomek:
target
0.0    2138
1.0    2138
Name: count, dtype: int64
2025-01-09 23:06:42 - INFO - Balance de clases tras SMOTETomek:
target
0.0    2136
1.0    2136
Name: count, dtype: int64
2025-01-09 23:06:43 - INFO - Balance de clases tras SMOTETomek:
target
0.0    2136
1.0    2136
Name: count, dtype: int64
2025-01-09 23:06:43 - INFO - Balance de clases tras SMOTETomek:
target
0.0    2137
1.0    2137
Name: count, dtype: int64
2025-01-09 23:06:43 - INFO - Balance de clases tras SMOTETomek:
target
0.0    2139
1.0    2139
Name: count, dtype: int64
2025-01-09 23:06:44 - INFO - Balance de clases tras SMOTETomek:
target
0.0    2137
1.0    2137
Name: count, dtype: int64
2025-01-09 23:06:44 - INFO - Balance de clases tras SMOTETomek:
target
0.0    2133
1.0    2133
Name: count, dtype: int64
2025-01-09 23:06:44 - INFO - Balance de clases tras SMOTETomek:
target
0.0    2138
1.0    2138
Name: count, dtype: int64
2025-01-09 23:06:45 - INFO - Balance de clases tras SMOTETomek:
target
0.0    2136
1.0    2136
Name: count, dtype: int64
2025-01-09 23:06:45 - INFO - Balance de clases tras SMOTETomek:
target
0.0    2139
1.0    2139
Name: count, dtype: int64
2025-01-09 23:06:45 - INFO - Balance de clases tras SMOTETomek:
target
0.0    2137
1.0    2137
Name: count, dtype: int64
2025-01-09 23:06:45 - INFO - Balance de clases tras SMOTETomek:
target
0.0    2139
1.0    2139
Name: count, dtype: int64
2025-01-09 23:06:47 - INFO - Balance de clases tras SMOTETomek:
target
0.0    2133
1.0    2133
Name: count, dtype: int64
2025-01-09 23:06:48 - INFO - Balance de clases tras SMOTETomek:
target
0.0    2133
1.0    2133
Name: count, dtype: int64
2025-01-09 23:06:49 - INFO - Balance de clases tras SMOTETomek:
target
0.0    2138
1.0    2138
Name: count, dtype: int64
2025-01-09 23:06:50 - INFO - Balance de clases tras SMOTETomek:
target
0.0    2138
1.0    2138
Name: count, dtype: int64
2025-01-09 23:06:51 - INFO - Balance de clases tras SMOTETomek:
target
0.0    2136
1.0    2136
Name: count, dtype: int64
2025-01-09 23:06:52 - INFO - Balance de clases tras SMOTETomek:
target
0.0    2136
1.0    2136
Name: count, dtype: int64
2025-01-09 23:06:53 - INFO - Balance de clases tras SMOTETomek:
target
0.0    2137
1.0    2137
Name: count, dtype: int64
2025-01-09 23:06:54 - INFO - Balance de clases tras SMOTETomek:
target
0.0    2137
1.0    2137
Name: count, dtype: int64
2025-01-09 23:06:55 - INFO - Balance de clases tras SMOTETomek:
target
0.0    2139
1.0    2139
Name: count, dtype: int64
2025-01-09 23:06:56 - INFO - Balance de clases tras SMOTETomek:
target
0.0    2133
1.0    2133
Name: count, dtype: int64
2025-01-09 23:06:56 - INFO - Balance de clases tras SMOTETomek:
target
0.0    2139
1.0    2139
Name: count, dtype: int64
2025-01-09 23:06:57 - INFO - Balance de clases tras SMOTETomek:
target
0.0    2138
1.0    2138
Name: count, dtype: int64
2025-01-09 23:06:59 - INFO - Balance de clases tras SMOTETomek:
target
0.0    2136
1.0    2136
Name: count, dtype: int64
2025-01-09 23:06:59 - INFO - Balance de clases tras SMOTETomek:
target
0.0    2133
1.0    2133
Name: count, dtype: int64
2025-01-09 23:07:00 - INFO - Balance de clases tras SMOTETomek:
target
0.0    2137
1.0    2137
Name: count, dtype: int64
2025-01-09 23:07:01 - INFO - Balance de clases tras SMOTETomek:
target
0.0    2139
1.0    2139
Name: count, dtype: int64
2025-01-09 23:07:01 - INFO - Balance de clases tras SMOTETomek:
target
0.0    2138
1.0    2138
Name: count, dtype: int64
2025-01-09 23:07:02 - INFO - Balance de clases tras SMOTETomek:
target
0.0    2133
1.0    2133
Name: count, dtype: int64
2025-01-09 23:07:03 - INFO - Balance de clases tras SMOTETomek:
target
0.0    2138
1.0    2138
Name: count, dtype: int64
2025-01-09 23:07:04 - INFO - Balance de clases tras SMOTETomek:
target
0.0    2136
1.0    2136
Name: count, dtype: int64
2025-01-09 23:07:04 - INFO - Balance de clases tras SMOTETomek:
target
0.0    2136
1.0    2136
Name: count, dtype: int64
2025-01-09 23:07:04 - INFO - Balance de clases tras SMOTETomek:
target
0.0    2137
1.0    2137
Name: count, dtype: int64
2025-01-09 23:07:05 - INFO - Balance de clases tras SMOTETomek:
target
0.0    2139
1.0    2139
Name: count, dtype: int64
2025-01-09 23:07:06 - INFO - Balance de clases tras SMOTETomek:
target
0.0    2133
1.0    2133
Name: count, dtype: int64
2025-01-09 23:07:06 - INFO - Balance de clases tras SMOTETomek:
target
0.0    2137
1.0    2137
Name: count, dtype: int64
2025-01-09 23:07:06 - INFO - Balance de clases tras SMOTETomek:
target
0.0    2138
1.0    2138
Name: count, dtype: int64
2025-01-09 23:07:07 - INFO - Balance de clases tras SMOTETomek:
target
0.0    2136
1.0    2136
Name: count, dtype: int64
2025-01-09 23:07:08 - INFO - Balance de clases tras SMOTETomek:
target
0.0    2137
1.0    2137
Name: count, dtype: int64
2025-01-09 23:07:08 - INFO - Balance de clases tras SMOTETomek:
target
0.0    2139
1.0    2139
Name: count, dtype: int64
2025-01-09 23:07:08 - INFO - Balance de clases tras SMOTETomek:
target
0.0    2139
1.0    2139
Name: count, dtype: int64
2025-01-09 23:07:09 - INFO - Balance de clases tras SMOTETomek:
target
0.0    2133
1.0    2133
Name: count, dtype: int64
2025-01-09 23:07:09 - INFO - Balance de clases tras SMOTETomek:
target
0.0    2138
1.0    2138
Name: count, dtype: int64
2025-01-09 23:07:09 - INFO - Balance de clases tras SMOTETomek:
target
0.0    2133
1.0    2133
Name: count, dtype: int64
2025-01-09 23:07:10 - INFO - Balance de clases tras SMOTETomek:
target
0.0    2136
1.0    2136
Name: count, dtype: int64
2025-01-09 23:07:10 - INFO - Balance de clases tras SMOTETomek:
target
0.0    2137
1.0    2137
Name: count, dtype: int64
2025-01-09 23:07:10 - INFO - Balance de clases tras SMOTETomek:
target
0.0    2138
1.0    2138
Name: count, dtype: int64
2025-01-09 23:07:11 - INFO - Balance de clases tras SMOTETomek:
target
0.0    2139
1.0    2139
Name: count, dtype: int64
2025-01-09 23:07:11 - INFO - Balance de clases tras SMOTETomek:
target
0.0    2136
1.0    2136
Name: count, dtype: int64
2025-01-09 23:07:12 - INFO - Balance de clases tras SMOTETomek:
target
0.0    2133
1.0    2133
Name: count, dtype: int64
2025-01-09 23:07:12 - INFO - Balance de clases tras SMOTETomek:
target
0.0    2137
1.0    2137
Name: count, dtype: int64
2025-01-09 23:07:13 - INFO - Balance de clases tras SMOTETomek:
target
0.0    2138
1.0    2138
Name: count, dtype: int64
2025-01-09 23:07:13 - INFO - Balance de clases tras SMOTETomek:
target
0.0    2139
1.0    2139
Name: count, dtype: int64
2025-01-09 23:07:14 - INFO - Balance de clases tras SMOTETomek:
target
0.0    2136
1.0    2136
Name: count, dtype: int64
2025-01-09 23:07:15 - INFO - Balance de clases tras SMOTETomek:
target
0.0    2137
1.0    2137
Name: count, dtype: int64
2025-01-09 23:07:15 - INFO - Balance de clases tras SMOTETomek:
target
0.0    2133
1.0    2133
Name: count, dtype: int64
2025-01-09 23:07:16 - INFO - Balance de clases tras SMOTETomek:
target
0.0    2139
1.0    2139
Name: count, dtype: int64
2025-01-09 23:07:17 - INFO - Balance de clases tras SMOTETomek:
target
0.0    2138
1.0    2138
Name: count, dtype: int64
2025-01-09 23:07:17 - INFO - Balance de clases tras SMOTETomek:
target
0.0    2133
1.0    2133
Name: count, dtype: int64
2025-01-09 23:07:18 - INFO - Balance de clases tras SMOTETomek:
target
0.0    2138
1.0    2138
Name: count, dtype: int64
2025-01-09 23:07:19 - INFO - Balance de clases tras SMOTETomek:
target
0.0    2136
1.0    2136
Name: count, dtype: int64
2025-01-09 23:07:19 - INFO - Balance de clases tras SMOTETomek:
target
0.0    2136
1.0    2136
Name: count, dtype: int64
2025-01-09 23:07:20 - INFO - Balance de clases tras SMOTETomek:
target
0.0    2137
1.0    2137
Name: count, dtype: int64
2025-01-09 23:07:20 - INFO - Balance de clases tras SMOTETomek:
target
0.0    2137
1.0    2137
Name: count, dtype: int64
2025-01-09 23:07:21 - INFO - Balance de clases tras SMOTETomek:
target
0.0    2139
1.0    2139
Name: count, dtype: int64
2025-01-09 23:07:22 - INFO - Balance de clases tras SMOTETomek:
target
0.0    2133
1.0    2133
Name: count, dtype: int64
2025-01-09 23:07:23 - INFO - Balance de clases tras SMOTETomek:
target
0.0    2138
1.0    2138
Name: count, dtype: int64
2025-01-09 23:07:24 - INFO - Balance de clases tras SMOTETomek:
target
0.0    2136
1.0    2136
Name: count, dtype: int64
2025-01-09 23:07:25 - INFO - Balance de clases tras SMOTETomek:
target
0.0    2137
1.0    2137
Name: count, dtype: int64
2025-01-09 23:07:25 - INFO - Mejor Precision: 0.9540
2025-01-09 23:07:25 - INFO - Mejores parámetros: {'max_depth': 10, 'learning_rate': 0.048286282222898026, 'n_estimators': 271, 'subsample': 0.6959220925628039, 'colsample_bytree': 0.7674425433930069, 'gamma': 0.3938241267922628, 'reg_alpha': 0.6702555059568016, 'reg_lambda': 0.71326634909159}
2025-01-09 23:07:25 - INFO - === Entrenando Pipeline Final con TODO el Training ===
2025-01-09 23:07:25 - INFO - Columnas extra eliminadas: ['future_close', 'change_pct']
2025-01-09 23:07:25 - WARNING - Estas columnas están 100% NaN y se eliminarán antes de imputar: ['VWAP', 'ATR']
2025-01-09 23:07:25 - INFO - Dataset preparado: 13268 filas, 21 features (después de imputación).
2025-01-09 23:07:26 - INFO - Balance de clases tras SMOTETomek:
target
0.0    6712
1.0    6712
Name: count, dtype: int64
2025-01-09 23:07:28 - INFO - Pipeline final entrenado con TODOS los datos de entrenamiento.
2025-01-09 23:07:28 - INFO - Pipeline completo guardado en: ./results/XGBoost_Binario_trained_pipeline.joblib
2025-01-09 23:07:28 - INFO - Parámetros guardados en: ./results/XGBoost_Binario_model_params.txt
2025-01-09 23:07:28 - INFO - Lista de features guardada en: ./results/XGBoost_Binario_feature_cols.txt
2025-01-09 23:07:28 - INFO - Columnas de indicadores existentes eliminadas: ['RSI', 'MACD', 'MACDs', 'MACDh', 'VWAP', 'OBV', 'BBL', 'BBM', 'BBU', 'ATR', 'STOCHk', 'STOCHd', 'CCI', 'SMA_10', 'SMA_50', 'SMA_200', 'EMA_10', 'EMA_50']
2025-01-09 23:07:28 - INFO - Indicadores técnicos agregados. Filas antes: 3317, después: 3118 (descartadas: 199)
2025-01-09 23:07:28 - INFO - Columnas renombradas: {'RSI_14': 'RSI', 'MACD_12_26_9': 'MACD', 'MACDs_12_26_9': 'MACDs', 'MACDh_12_26_9': 'MACDh', 'VWAP': 'VWAP', 'BBL_20_2.0': 'BBL', 'BBM_20_2.0': 'BBM', 'BBU_20_2.0': 'BBU', 'ATR_14': 'ATR', 'STOCHk_14_3_3': 'STOCHk', 'STOCHd_14_3_3': 'STOCHd', 'CCI_14_0.015': 'CCI', 'SMA_10': 'SMA_10', 'SMA_50': 'SMA_50', 'SMA_200': 'SMA_200', 'EMA_10': 'EMA_10', 'EMA_50': 'EMA_50'}
2025-01-09 23:07:28 - WARNING - Columna faltante 'VWAP' añadida con NaN.
2025-01-09 23:07:28 - WARNING - Columna faltante 'ATR' añadida con NaN.
2025-01-09 23:07:28 - INFO - Target binario con look_ahead=24, min_change=0.035
2025-01-09 23:07:28 - INFO - Distribución de clases (0=Vender, 1=Comprar):
target
1.0    1153
0.0    1031
Name: count, dtype: int64
2025-01-09 23:07:28 - INFO - Muestra de datos con target:
                        close  future_close  change_pct  target
open_time                                                      
2023-03-22 17:00:00  28543.46      30219.79    0.058729     1.0
2022-02-28 13:00:00  38292.42      41600.89    0.086400     1.0
2024-08-01 18:30:00  62828.58      58688.33   -0.065898     0.0
2022-05-11 17:15:00  30022.69      27114.84   -0.096855     0.0
2022-06-05 21:30:00  29926.58      31514.29    0.053054     1.0
2022-09-09 00:30:00  19357.84      22274.22    0.150656     1.0
2022-02-07 13:30:00  42749.99      39974.63   -0.064921     0.0
2022-07-27 16:30:00  21642.88      24503.77    0.132186     1.0
2022-06-15 08:45:00  20265.06      22569.31    0.113706     1.0
2022-07-27 17:45:00  21620.55      23273.21    0.076439     1.0
2025-01-09 23:07:28 - INFO - Columnas extra eliminadas: ['change_pct', 'future_close']
2025-01-09 23:07:28 - WARNING - Estas columnas están 100% NaN y se eliminarán antes de imputar: ['VWAP', 'ATR']
2025-01-09 23:07:28 - INFO - Dataset preparado: 2184 filas, 21 features (después de imputación).
2025-01-09 23:07:28 - INFO - === Evaluación en Test ===
2025-01-09 23:07:28 - INFO - Matriz de confusión [0=Vender, 1=Comprar]:
[[306 725]
 [414 739]]
2025-01-09 23:07:28 - INFO - Reporte de Clasificación:
              precision    recall  f1-score   support

      Vender       0.42      0.30      0.35      1031
     Comprar       0.50      0.64      0.56      1153

    accuracy                           0.48      2184
   macro avg       0.46      0.47      0.46      2184
weighted avg       0.47      0.48      0.46      2184

2025-01-09 23:07:28 - INFO - Precision: 0.5048
2025-01-09 23:07:28 - INFO - F1-score: 0.5648
2025-01-09 23:07:28 - INFO - Recall: 0.6409
2025-01-09 23:07:28 - INFO - Balanced Accuracy: 0.4689
2025-01-09 23:07:28 - INFO - MCC: -0.0661
2025-01-09 23:07:28 - INFO - AUC: 0.4661
2025-01-09 23:07:30 - INFO - Precision final en Test: 0.5048
2025-01-09 23:07:30 - INFO - Importancia de características guardada en ./results/feature_importances_binary.csv.
2025-01-09 23:07:30 - INFO - Gráfico de importancia de características guardado.
2025-01-09 23:07:31 - INFO - Calculando valores SHAP...
2025-01-09 23:07:37 - INFO - SHAP analysis completado y guardado.
2025-01-09 23:07:37 - INFO - Señales generadas con umbral=0.7
2025-01-09 23:07:37 - INFO - Señales filtradas por tendencia.
2025-01-09 23:07:37 - INFO - Señales guardadas en: ./results/signals_binary.csv
2025-01-09 23:07:37 - INFO - === Proceso Completado con Éxito ===
