2025-01-29 18:54:39 - INFO - Datos cargados desde ML/data/processed/BTCUSDT_15m_processed.csv, filas: 257756
2025-01-29 18:54:39 - INFO - Columnas de indicadores existentes eliminadas: ['RSI', 'MACD', 'MACDs', 'MACDh', 'OBV', 'BBL', 'BBM', 'BBU', 'SMA_10', 'SMA_50', 'EMA_10', 'EMA_50']
2025-01-29 18:54:39 - INFO - Indicadores técnicos agregados. Filas antes: 257756, después: 257557 (descartadas: 199)
2025-01-29 18:54:39 - INFO - Columnas renombradas: {'RSI_14': 'RSI', 'MACD_12_26_9': 'MACD', 'MACDs_12_26_9': 'MACDs', 'MACDh_12_26_9': 'MACDh', 'BBL_20_2.0': 'BBL', 'BBM_20_2.0': 'BBM', 'BBU_20_2.0': 'BBU', 'STOCHk_14_3_3': 'STOCHk', 'STOCHd_14_3_3': 'STOCHd', 'CCI_14_0.015': 'CCI', 'SMA_10': 'SMA_10', 'SMA_50': 'SMA_50', 'SMA_200': 'SMA_200', 'EMA_10': 'EMA_10', 'EMA_50': 'EMA_50'}
2025-01-29 18:54:39 - INFO - Target binario con look_ahead=3, min_change=0.031
2025-01-29 18:54:39 - INFO - Distribución de clases (0=Vender, 1=Comprar):
target
0.0    986
1.0    871
Name: count, dtype: int64
2025-01-29 18:54:39 - INFO - Muestra de datos con target:
                        close  future_close  change_pct  target
open_time                                                      
2018-02-08 00:15:00   7784.02       8269.01    0.062306     1.0
2017-12-03 11:00:00  11137.08      11615.99    0.043001     1.0
2017-09-15 13:15:00   3289.00       3650.01    0.109763     1.0
2018-01-19 07:30:00  11040.02      11404.09    0.032977     1.0
2019-05-13 14:15:00   7350.81       7791.28    0.059921     1.0
2018-12-24 23:45:00   4008.01       3830.88   -0.044194     0.0
2018-11-14 15:45:00   6232.83       5982.73   -0.040126     0.0
2017-11-02 10:45:00   7127.01       6800.01   -0.045882     0.0
2018-01-11 03:00:00  13687.01      12920.00   -0.056039     0.0
2017-12-23 04:15:00  14200.00      13576.00   -0.043944     0.0
2025-01-29 18:54:39 - INFO - División de datos en Train/Test completada.
2025-01-29 18:54:39 - INFO - === Búsqueda de hiperparámetros (Optuna) en muestra de Training ===
2025-01-29 18:54:39 - INFO - No se han identificado características categóricas.
2025-01-29 18:54:39 - INFO - Columnas extra eliminadas: ['future_close', 'change_pct']
2025-01-29 18:54:39 - INFO - Dataset preparado: 1086 filas, 21 features (después de imputación).
2025-01-29 18:54:39 - INFO - Iniciando optimización en Optuna (precisión clase=1)...
2025-01-29 18:54:39 - INFO - Balance de clases tras SMOTETomek:
target
1.0    422
0.0    422
Name: count, dtype: int64
2025-01-29 18:54:39 - INFO - Balance de clases tras SMOTETomek:
target
1.0    419
0.0    419
Name: count, dtype: int64
2025-01-29 18:54:39 - INFO - Balance de clases tras SMOTETomek:
target
1.0    421
0.0    421
Name: count, dtype: int64
2025-01-29 18:54:39 - INFO - Balance de clases tras SMOTETomek:
target
1.0    419
0.0    419
Name: count, dtype: int64
2025-01-29 18:54:40 - INFO - Balance de clases tras SMOTETomek:
target
1.0    414
0.0    414
Name: count, dtype: int64
2025-01-29 18:54:40 - INFO - Balance de clases tras SMOTETomek:
target
1.0    422
0.0    422
Name: count, dtype: int64
2025-01-29 18:54:40 - INFO - Balance de clases tras SMOTETomek:
target
1.0    419
0.0    419
Name: count, dtype: int64
2025-01-29 18:54:40 - INFO - Balance de clases tras SMOTETomek:
target
1.0    421
0.0    421
Name: count, dtype: int64
2025-01-29 18:54:41 - INFO - Balance de clases tras SMOTETomek:
target
1.0    419
0.0    419
Name: count, dtype: int64
2025-01-29 18:54:41 - INFO - Balance de clases tras SMOTETomek:
target
1.0    414
0.0    414
Name: count, dtype: int64
2025-01-29 18:54:41 - INFO - Balance de clases tras SMOTETomek:
target
1.0    422
0.0    422
Name: count, dtype: int64
2025-01-29 18:54:42 - INFO - Balance de clases tras SMOTETomek:
target
1.0    419
0.0    419
Name: count, dtype: int64
2025-01-29 18:54:42 - INFO - Balance de clases tras SMOTETomek:
target
1.0    421
0.0    421
Name: count, dtype: int64
2025-01-29 18:54:43 - INFO - Balance de clases tras SMOTETomek:
target
1.0    419
0.0    419
Name: count, dtype: int64
2025-01-29 18:54:43 - INFO - Balance de clases tras SMOTETomek:
target
1.0    414
0.0    414
Name: count, dtype: int64
2025-01-29 18:54:44 - INFO - Balance de clases tras SMOTETomek:
target
1.0    422
0.0    422
Name: count, dtype: int64
2025-01-29 18:54:45 - INFO - Balance de clases tras SMOTETomek:
target
1.0    419
0.0    419
Name: count, dtype: int64
2025-01-29 18:54:45 - INFO - Balance de clases tras SMOTETomek:
target
1.0    421
0.0    421
Name: count, dtype: int64
2025-01-29 18:54:46 - INFO - Balance de clases tras SMOTETomek:
target
1.0    419
0.0    419
Name: count, dtype: int64
2025-01-29 18:54:47 - INFO - Balance de clases tras SMOTETomek:
target
1.0    414
0.0    414
Name: count, dtype: int64
2025-01-29 18:54:47 - INFO - Balance de clases tras SMOTETomek:
target
1.0    422
0.0    422
Name: count, dtype: int64
2025-01-29 18:54:48 - INFO - Balance de clases tras SMOTETomek:
target
1.0    419
0.0    419
Name: count, dtype: int64
2025-01-29 18:54:48 - INFO - Balance de clases tras SMOTETomek:
target
1.0    421
0.0    421
Name: count, dtype: int64
2025-01-29 18:54:48 - INFO - Balance de clases tras SMOTETomek:
target
1.0    419
0.0    419
Name: count, dtype: int64
2025-01-29 18:54:48 - INFO - Balance de clases tras SMOTETomek:
target
1.0    414
0.0    414
Name: count, dtype: int64
2025-01-29 18:54:48 - INFO - Balance de clases tras SMOTETomek:
target
1.0    422
0.0    422
Name: count, dtype: int64
2025-01-29 18:54:49 - INFO - Balance de clases tras SMOTETomek:
target
1.0    419
0.0    419
Name: count, dtype: int64
2025-01-29 18:54:50 - INFO - Balance de clases tras SMOTETomek:
target
1.0    421
0.0    421
Name: count, dtype: int64
2025-01-29 18:54:51 - INFO - Balance de clases tras SMOTETomek:
target
1.0    419
0.0    419
Name: count, dtype: int64
2025-01-29 18:54:51 - INFO - Balance de clases tras SMOTETomek:
target
1.0    414
0.0    414
Name: count, dtype: int64
2025-01-29 18:54:52 - INFO - Balance de clases tras SMOTETomek:
target
1.0    422
0.0    422
Name: count, dtype: int64
2025-01-29 18:54:52 - INFO - Balance de clases tras SMOTETomek:
target
1.0    419
0.0    419
Name: count, dtype: int64
2025-01-29 18:54:53 - INFO - Balance de clases tras SMOTETomek:
target
1.0    421
0.0    421
Name: count, dtype: int64
2025-01-29 18:54:53 - INFO - Balance de clases tras SMOTETomek:
target
1.0    419
0.0    419
Name: count, dtype: int64
2025-01-29 18:54:53 - INFO - Balance de clases tras SMOTETomek:
target
1.0    414
0.0    414
Name: count, dtype: int64
2025-01-29 18:54:54 - INFO - Balance de clases tras SMOTETomek:
target
1.0    422
0.0    422
Name: count, dtype: int64
2025-01-29 18:54:55 - INFO - Balance de clases tras SMOTETomek:
target
1.0    419
0.0    419
Name: count, dtype: int64
2025-01-29 18:54:56 - INFO - Balance de clases tras SMOTETomek:
target
1.0    421
0.0    421
Name: count, dtype: int64
2025-01-29 18:54:57 - INFO - Balance de clases tras SMOTETomek:
target
1.0    419
0.0    419
Name: count, dtype: int64
2025-01-29 18:54:58 - INFO - Balance de clases tras SMOTETomek:
target
1.0    414
0.0    414
Name: count, dtype: int64
2025-01-29 18:54:59 - INFO - Balance de clases tras SMOTETomek:
target
1.0    422
0.0    422
Name: count, dtype: int64
2025-01-29 18:55:00 - INFO - Balance de clases tras SMOTETomek:
target
1.0    419
0.0    419
Name: count, dtype: int64
2025-01-29 18:55:00 - INFO - Balance de clases tras SMOTETomek:
target
1.0    421
0.0    421
Name: count, dtype: int64
2025-01-29 18:55:00 - INFO - Balance de clases tras SMOTETomek:
target
1.0    419
0.0    419
Name: count, dtype: int64
2025-01-29 18:55:01 - INFO - Balance de clases tras SMOTETomek:
target
1.0    414
0.0    414
Name: count, dtype: int64
2025-01-29 18:55:01 - INFO - Mejor Precisión (clase=1): 0.7244
2025-01-29 18:55:01 - INFO - Mejores parámetros: {'max_depth': 12, 'learning_rate': 0.008106915413271288, 'n_estimators': 212, 'subsample': 0.6453011279660263, 'colsample_bytree': 0.6528408159783664, 'gamma': 0.03711031498483863, 'reg_alpha': 0.08198783075111105, 'reg_lambda': 0.2134399510803413}
2025-01-29 18:55:01 - INFO - === Entrenando Pipeline Final con TODO el Training ===
2025-01-29 18:55:01 - INFO - Columnas extra eliminadas: ['future_close', 'change_pct']
2025-01-29 18:55:01 - INFO - Dataset preparado: 1207 filas, 21 features (después de imputación).
2025-01-29 18:55:01 - INFO - Balance de clases tras SMOTETomek:
target
1.0    609
0.0    609
Name: count, dtype: int64
2025-01-29 18:55:01 - INFO - Pipeline final entrenado con scale_pos_weight=1.00
2025-01-29 18:55:01 - INFO - Pipeline completo guardado en: .ML/results/XGBoost_Binario_trained_pipeline.joblib
2025-01-29 18:55:01 - INFO - Parámetros guardados en: .ML/results/XGBoost_Binario_model_params.txt
2025-01-29 18:55:01 - INFO - Lista de features guardada en: .ML/results/XGBoost_Binario_feature_cols.txt
2025-01-29 18:55:01 - INFO - Columnas de indicadores existentes eliminadas: ['RSI', 'MACD', 'MACDs', 'MACDh', 'OBV', 'BBL', 'BBM', 'BBU', 'STOCHk', 'STOCHd', 'CCI', 'SMA_10', 'SMA_50', 'SMA_200', 'EMA_10', 'EMA_50']
2025-01-29 18:55:01 - INFO - Indicadores técnicos agregados. Filas antes: 650, después: 451 (descartadas: 199)
2025-01-29 18:55:01 - INFO - Columnas renombradas: {'RSI_14': 'RSI', 'MACD_12_26_9': 'MACD', 'MACDs_12_26_9': 'MACDs', 'MACDh_12_26_9': 'MACDh', 'BBL_20_2.0': 'BBL', 'BBM_20_2.0': 'BBM', 'BBU_20_2.0': 'BBU', 'STOCHk_14_3_3': 'STOCHk', 'STOCHd_14_3_3': 'STOCHd', 'CCI_14_0.015': 'CCI', 'SMA_10': 'SMA_10', 'SMA_50': 'SMA_50', 'SMA_200': 'SMA_200', 'EMA_10': 'EMA_10', 'EMA_50': 'EMA_50'}
2025-01-29 18:55:01 - INFO - Target binario con look_ahead=3, min_change=0.031
2025-01-29 18:55:01 - INFO - Distribución de clases (0=Vender, 1=Comprar):
target
0.0    169
1.0    168
Name: count, dtype: int64
2025-01-29 18:55:01 - INFO - Muestra de datos con target:
                        close  future_close  change_pct  target
open_time                                                      
2021-01-27 15:15:00  29800.00      32266.35    0.082763     1.0
2021-02-23 04:15:00  51506.98      48424.18   -0.059852     0.0
2024-04-13 19:00:00  67025.22      64788.01   -0.033379     0.0
2022-02-10 13:15:00  44942.34      36965.51   -0.177490     0.0
2021-05-19 15:45:00  37318.52      40030.07    0.072660     1.0
2022-06-18 21:45:00  18517.72      19592.32    0.058031     1.0
2021-02-08 12:15:00  39227.72      46586.56    0.187593     1.0
2021-05-19 14:30:00  35307.65      37456.85    0.060871     1.0
2024-04-13 19:45:00  64788.01      61922.74   -0.044225     0.0
2021-07-26 00:30:00  35813.43      39873.26    0.113361     1.0
2025-01-29 18:55:01 - INFO - Columnas extra eliminadas: ['change_pct', 'future_close']
2025-01-29 18:55:01 - INFO - Dataset preparado: 337 filas, 21 features (después de imputación).
2025-01-29 18:55:01 - INFO - === Evaluación en Test ===
2025-01-29 18:55:01 - INFO - Matriz de confusión [0=Vender, 1=Comprar]:
[[91 78]
 [74 94]]
2025-01-29 18:55:01 - INFO - Reporte de Clasificación:
              precision    recall  f1-score   support

      Vender       0.55      0.54      0.54       169
     Comprar       0.55      0.56      0.55       168

    accuracy                           0.55       337
   macro avg       0.55      0.55      0.55       337
weighted avg       0.55      0.55      0.55       337

2025-01-29 18:55:01 - INFO - Precision (clase=1): 0.5465
2025-01-29 18:55:01 - INFO - F1 (clase=1): 0.5529
2025-01-29 18:55:01 - INFO - Recall (clase=1): 0.5595
2025-01-29 18:55:01 - INFO - Balanced Accuracy: 0.5490
2025-01-29 18:55:01 - INFO - MCC: 0.0980
2025-01-29 18:55:01 - INFO - AUC: 0.5475
2025-01-29 18:55:02 - INFO - Precisión final en Test (clase=1): 0.5465
2025-01-29 18:55:02 - INFO - Importancia de características guardada en .ML/results/feature_importances_binary.csv.
2025-01-29 18:55:03 - INFO - Gráfico de importancia de características guardado.
2025-01-29 18:55:04 - INFO - Calculando valores SHAP...
2025-01-29 18:55:05 - INFO - SHAP analysis completado y guardado.
2025-01-29 18:55:05 - INFO - Señales generadas con umbral=0.56
2025-01-29 18:55:05 - INFO - Señales filtradas por tendencia.
2025-01-29 18:55:05 - INFO - Señales guardadas en: .ML/results/signals_binary.csv
2025-01-29 18:55:05 - INFO - === Proceso Completado con Éxito ===
