2025-01-11 17:48:28 - INFO - Datos cargados desde ML/data/processed/BTCUSDT_15m_processed.csv, filas: 254923
2025-01-11 17:48:28 - INFO - Columnas de indicadores existentes eliminadas: ['RSI', 'MACD', 'MACDs', 'MACDh', 'OBV', 'BBL', 'BBM', 'BBU', 'SMA_10', 'SMA_50', 'EMA_10', 'EMA_50']
2025-01-11 17:48:28 - INFO - Indicadores técnicos agregados. Filas antes: 254923, después: 254724 (descartadas: 199)
2025-01-11 17:48:28 - INFO - Columnas renombradas: {'RSI_14': 'RSI', 'MACD_12_26_9': 'MACD', 'MACDs_12_26_9': 'MACDs', 'MACDh_12_26_9': 'MACDh', 'VWAP': 'VWAP', 'BBL_20_2.0': 'BBL', 'BBM_20_2.0': 'BBM', 'BBU_20_2.0': 'BBU', 'ATR_14': 'ATR', 'STOCHk_14_3_3': 'STOCHk', 'STOCHd_14_3_3': 'STOCHd', 'CCI_14_0.015': 'CCI', 'SMA_10': 'SMA_10', 'SMA_50': 'SMA_50', 'SMA_200': 'SMA_200', 'EMA_10': 'EMA_10', 'EMA_50': 'EMA_50'}
2025-01-11 17:48:28 - WARNING - Columna faltante 'VWAP' añadida con NaN.
2025-01-11 17:48:28 - WARNING - Columna faltante 'ATR' añadida con NaN.
2025-01-11 17:48:28 - INFO - Target binario con look_ahead=6, min_change=0.05
2025-01-11 17:48:28 - INFO - Distribución de clases (0=Vender, 1=Comprar):
target
0.0    604
1.0    528
Name: count, dtype: int64
2025-01-11 17:48:28 - INFO - Muestra de datos con target:
                        close  future_close  change_pct  target
open_time                                                      
2017-12-10 02:15:00  13630.89      12647.07   -0.072176     0.0
2018-01-11 02:45:00  14137.32      11952.20   -0.154564     0.0
2017-12-21 13:15:00  16380.01      15474.97   -0.055253     0.0
2021-05-19 15:15:00  36790.17      39580.68    0.075849     1.0
2017-12-03 20:15:00  11786.66      10899.98   -0.075227     0.0
2017-12-03 19:45:00  11735.00      11113.48   -0.052963     0.0
2018-01-17 12:45:00  10030.01       9330.00   -0.069792     0.0
2017-09-15 13:15:00   3289.00       3780.00    0.149285     1.0
2018-02-06 18:45:00   7180.01       7670.02    0.068246     1.0
2017-12-10 13:00:00  14029.98      15071.06    0.074204     1.0
2025-01-11 17:48:28 - INFO - División de datos en Train/Test completada.
2025-01-11 17:48:28 - INFO - === Búsqueda de hiperparámetros (Optuna) en muestra de Training ===
2025-01-11 17:48:28 - INFO - No se han identificado características categóricas.
2025-01-11 17:48:28 - INFO - Columnas extra eliminadas: ['future_close', 'change_pct']
2025-01-11 17:48:28 - WARNING - Estas columnas están 100% NaN y se eliminarán antes de imputar: ['VWAP', 'ATR']
2025-01-11 17:48:28 - INFO - Dataset preparado: 661 filas, 21 features (después de imputación).
2025-01-11 17:48:29 - INFO - Balance de clases tras SMOTETomek:
target
0.0    265
1.0    265
Name: count, dtype: int64
2025-01-11 17:48:29 - INFO - Balance de clases tras SMOTETomek:
target
0.0    265
1.0    265
Name: count, dtype: int64
2025-01-11 17:48:29 - INFO - Balance de clases tras SMOTETomek:
target
0.0    265
1.0    265
Name: count, dtype: int64
2025-01-11 17:48:29 - INFO - Balance de clases tras SMOTETomek:
target
0.0    271
1.0    271
Name: count, dtype: int64
2025-01-11 17:48:30 - INFO - Balance de clases tras SMOTETomek:
target
0.0    265
1.0    265
Name: count, dtype: int64
2025-01-11 17:48:30 - INFO - Balance de clases tras SMOTETomek:
target
0.0    265
1.0    265
Name: count, dtype: int64
2025-01-11 17:48:30 - INFO - Balance de clases tras SMOTETomek:
target
0.0    268
1.0    268
Name: count, dtype: int64
2025-01-11 17:48:31 - INFO - Balance de clases tras SMOTETomek:
target
0.0    265
1.0    265
Name: count, dtype: int64
2025-01-11 17:48:31 - INFO - Balance de clases tras SMOTETomek:
target
0.0    271
1.0    271
Name: count, dtype: int64
2025-01-11 17:48:31 - INFO - Balance de clases tras SMOTETomek:
target
0.0    265
1.0    265
Name: count, dtype: int64
2025-01-11 17:48:31 - INFO - Balance de clases tras SMOTETomek:
target
0.0    271
1.0    271
Name: count, dtype: int64
2025-01-11 17:48:32 - INFO - Balance de clases tras SMOTETomek:
target
0.0    265
1.0    265
Name: count, dtype: int64
2025-01-11 17:48:32 - INFO - Balance de clases tras SMOTETomek:
target
0.0    265
1.0    265
Name: count, dtype: int64
2025-01-11 17:48:32 - INFO - Balance de clases tras SMOTETomek:
target
0.0    268
1.0    268
Name: count, dtype: int64
2025-01-11 17:48:32 - INFO - Balance de clases tras SMOTETomek:
target
0.0    268
1.0    268
Name: count, dtype: int64
2025-01-11 17:48:33 - INFO - Balance de clases tras SMOTETomek:
target
0.0    265
1.0    265
Name: count, dtype: int64
2025-01-11 17:48:33 - INFO - Balance de clases tras SMOTETomek:
target
0.0    265
1.0    265
Name: count, dtype: int64
2025-01-11 17:48:34 - INFO - Balance de clases tras SMOTETomek:
target
0.0    265
1.0    265
Name: count, dtype: int64
2025-01-11 17:48:34 - INFO - Balance de clases tras SMOTETomek:
target
0.0    265
1.0    265
Name: count, dtype: int64
2025-01-11 17:48:35 - INFO - Balance de clases tras SMOTETomek:
target
0.0    271
1.0    271
Name: count, dtype: int64
2025-01-11 17:48:36 - INFO - Balance de clases tras SMOTETomek:
target
0.0    271
1.0    271
Name: count, dtype: int64
2025-01-11 17:48:37 - INFO - Balance de clases tras SMOTETomek:
target
0.0    265
1.0    265
Name: count, dtype: int64
2025-01-11 17:48:38 - INFO - Balance de clases tras SMOTETomek:
target
0.0    265
1.0    265
Name: count, dtype: int64
2025-01-11 17:48:38 - INFO - Balance de clases tras SMOTETomek:
target
0.0    268
1.0    268
Name: count, dtype: int64
2025-01-11 17:48:39 - INFO - Balance de clases tras SMOTETomek:
target
0.0    265
1.0    265
Name: count, dtype: int64
2025-01-11 17:48:39 - INFO - Balance de clases tras SMOTETomek:
target
0.0    268
1.0    268
Name: count, dtype: int64
2025-01-11 17:48:40 - INFO - Balance de clases tras SMOTETomek:
target
0.0    265
1.0    265
Name: count, dtype: int64
2025-01-11 17:48:41 - INFO - Balance de clases tras SMOTETomek:
target
0.0    265
1.0    265
Name: count, dtype: int64
2025-01-11 17:48:41 - INFO - Balance de clases tras SMOTETomek:
target
0.0    271
1.0    271
Name: count, dtype: int64
2025-01-11 17:48:41 - INFO - Balance de clases tras SMOTETomek:
target
0.0    265
1.0    265
Name: count, dtype: int64
2025-01-11 17:48:42 - INFO - Balance de clases tras SMOTETomek:
target
0.0    271
1.0    271
Name: count, dtype: int64
2025-01-11 17:48:42 - INFO - Balance de clases tras SMOTETomek:
target
0.0    265
1.0    265
Name: count, dtype: int64
2025-01-11 17:48:42 - INFO - Balance de clases tras SMOTETomek:
target
0.0    265
1.0    265
Name: count, dtype: int64
2025-01-11 17:48:42 - INFO - Balance de clases tras SMOTETomek:
target
0.0    268
1.0    268
Name: count, dtype: int64
2025-01-11 17:48:43 - INFO - Balance de clases tras SMOTETomek:
target
0.0    265
1.0    265
Name: count, dtype: int64
2025-01-11 17:48:44 - INFO - Balance de clases tras SMOTETomek:
target
0.0    268
1.0    268
Name: count, dtype: int64
2025-01-11 17:48:44 - INFO - Balance de clases tras SMOTETomek:
target
0.0    265
1.0    265
Name: count, dtype: int64
2025-01-11 17:48:45 - INFO - Balance de clases tras SMOTETomek:
target
0.0    271
1.0    271
Name: count, dtype: int64
2025-01-11 17:48:45 - INFO - Balance de clases tras SMOTETomek:
target
0.0    265
1.0    265
Name: count, dtype: int64
2025-01-11 17:48:46 - INFO - Balance de clases tras SMOTETomek:
target
0.0    265
1.0    265
Name: count, dtype: int64
2025-01-11 17:48:47 - INFO - Balance de clases tras SMOTETomek:
target
0.0    265
1.0    265
Name: count, dtype: int64
2025-01-11 17:48:48 - INFO - Balance de clases tras SMOTETomek:
target
0.0    271
1.0    271
Name: count, dtype: int64
2025-01-11 17:48:48 - INFO - Balance de clases tras SMOTETomek:
target
0.0    268
1.0    268
Name: count, dtype: int64
2025-01-11 17:48:49 - INFO - Balance de clases tras SMOTETomek:
target
0.0    265
1.0    265
Name: count, dtype: int64
2025-01-11 17:48:49 - INFO - Balance de clases tras SMOTETomek:
target
0.0    265
1.0    265
Name: count, dtype: int64
2025-01-11 17:48:50 - INFO - Balance de clases tras SMOTETomek:
target
0.0    268
1.0    268
Name: count, dtype: int64
2025-01-11 17:48:50 - INFO - Balance de clases tras SMOTETomek:
target
0.0    265
1.0    265
Name: count, dtype: int64
2025-01-11 17:48:51 - INFO - Balance de clases tras SMOTETomek:
target
0.0    265
1.0    265
Name: count, dtype: int64
2025-01-11 17:48:51 - INFO - Balance de clases tras SMOTETomek:
target
0.0    271
1.0    271
Name: count, dtype: int64
2025-01-11 17:48:52 - INFO - Balance de clases tras SMOTETomek:
target
0.0    265
1.0    265
Name: count, dtype: int64
2025-01-11 17:48:52 - INFO - Balance de clases tras SMOTETomek:
target
0.0    265
1.0    265
Name: count, dtype: int64
2025-01-11 17:48:53 - INFO - Balance de clases tras SMOTETomek:
target
0.0    268
1.0    268
Name: count, dtype: int64
2025-01-11 17:48:53 - INFO - Balance de clases tras SMOTETomek:
target
0.0    265
1.0    265
Name: count, dtype: int64
2025-01-11 17:48:53 - INFO - Balance de clases tras SMOTETomek:
target
0.0    271
1.0    271
Name: count, dtype: int64
2025-01-11 17:48:54 - INFO - Balance de clases tras SMOTETomek:
target
0.0    265
1.0    265
Name: count, dtype: int64
2025-01-11 17:48:54 - INFO - Balance de clases tras SMOTETomek:
target
0.0    271
1.0    271
Name: count, dtype: int64
2025-01-11 17:48:54 - INFO - Balance de clases tras SMOTETomek:
target
0.0    265
1.0    265
Name: count, dtype: int64
2025-01-11 17:48:54 - INFO - Balance de clases tras SMOTETomek:
target
0.0    265
1.0    265
Name: count, dtype: int64
2025-01-11 17:48:55 - INFO - Balance de clases tras SMOTETomek:
target
0.0    268
1.0    268
Name: count, dtype: int64
2025-01-11 17:48:55 - INFO - Balance de clases tras SMOTETomek:
target
0.0    265
1.0    265
Name: count, dtype: int64
2025-01-11 17:48:55 - INFO - Balance de clases tras SMOTETomek:
target
0.0    268
1.0    268
Name: count, dtype: int64
2025-01-11 17:48:56 - INFO - Balance de clases tras SMOTETomek:
target
0.0    265
1.0    265
Name: count, dtype: int64
2025-01-11 17:48:56 - INFO - Balance de clases tras SMOTETomek:
target
0.0    271
1.0    271
Name: count, dtype: int64
2025-01-11 17:48:57 - INFO - Balance de clases tras SMOTETomek:
target
0.0    265
1.0    265
Name: count, dtype: int64
2025-01-11 17:48:57 - INFO - Balance de clases tras SMOTETomek:
target
0.0    265
1.0    265
Name: count, dtype: int64
2025-01-11 17:48:57 - INFO - Balance de clases tras SMOTETomek:
target
0.0    265
1.0    265
Name: count, dtype: int64
2025-01-11 17:48:57 - INFO - Balance de clases tras SMOTETomek:
target
0.0    268
1.0    268
Name: count, dtype: int64
2025-01-11 17:48:57 - INFO - Balance de clases tras SMOTETomek:
target
0.0    271
1.0    271
Name: count, dtype: int64
2025-01-11 17:48:58 - INFO - Balance de clases tras SMOTETomek:
target
0.0    265
1.0    265
Name: count, dtype: int64
2025-01-11 17:48:58 - INFO - Balance de clases tras SMOTETomek:
target
0.0    265
1.0    265
Name: count, dtype: int64
2025-01-11 17:48:58 - INFO - Balance de clases tras SMOTETomek:
target
0.0    265
1.0    265
Name: count, dtype: int64
2025-01-11 17:48:58 - INFO - Balance de clases tras SMOTETomek:
target
0.0    268
1.0    268
Name: count, dtype: int64
2025-01-11 17:48:59 - INFO - Balance de clases tras SMOTETomek:
target
0.0    271
1.0    271
Name: count, dtype: int64
2025-01-11 17:48:59 - INFO - Balance de clases tras SMOTETomek:
target
0.0    265
1.0    265
Name: count, dtype: int64
2025-01-11 17:49:00 - INFO - Balance de clases tras SMOTETomek:
target
0.0    268
1.0    268
Name: count, dtype: int64
2025-01-11 17:49:00 - INFO - Mejor Precision: 0.8693
2025-01-11 17:49:00 - INFO - Mejores parámetros: {'max_depth': 9, 'learning_rate': 0.05460288152912643, 'n_estimators': 198, 'subsample': 0.9353014851589365, 'colsample_bytree': 0.6112352144760957, 'gamma': 0.7402660338898136, 'reg_alpha': 0.12315883865440258, 'reg_lambda': 0.6531030052766916}
2025-01-11 17:49:00 - INFO - === Entrenando Pipeline Final con TODO el Training ===
2025-01-11 17:49:00 - INFO - Columnas extra eliminadas: ['future_close', 'change_pct']
2025-01-11 17:49:00 - WARNING - Estas columnas están 100% NaN y se eliminarán antes de imputar: ['VWAP', 'ATR']
2025-01-11 17:49:00 - INFO - Dataset preparado: 735 filas, 21 features (después de imputación).
2025-01-11 17:49:00 - INFO - Balance de clases tras SMOTETomek:
target
0.0    378
1.0    378
Name: count, dtype: int64
2025-01-11 17:49:01 - INFO - Pipeline final entrenado con TODOS los datos de entrenamiento.
2025-01-11 17:49:01 - INFO - Pipeline completo guardado en: ./results/XGBoost_Binario_trained_pipeline.joblib
2025-01-11 17:49:01 - INFO - Parámetros guardados en: ./results/XGBoost_Binario_model_params.txt
2025-01-11 17:49:01 - INFO - Lista de features guardada en: ./results/XGBoost_Binario_feature_cols.txt
2025-01-11 17:49:01 - INFO - Columnas de indicadores existentes eliminadas: ['RSI', 'MACD', 'MACDs', 'MACDh', 'VWAP', 'OBV', 'BBL', 'BBM', 'BBU', 'ATR', 'STOCHk', 'STOCHd', 'CCI', 'SMA_10', 'SMA_50', 'SMA_200', 'EMA_10', 'EMA_50']
2025-01-11 17:49:01 - INFO - Indicadores técnicos agregados. Filas antes: 397, después: 198 (descartadas: 199)
2025-01-11 17:49:01 - INFO - Columnas renombradas: {'RSI_14': 'RSI', 'MACD_12_26_9': 'MACD', 'MACDs_12_26_9': 'MACDs', 'MACDh_12_26_9': 'MACDh', 'VWAP': 'VWAP', 'BBL_20_2.0': 'BBL', 'BBM_20_2.0': 'BBM', 'BBU_20_2.0': 'BBU', 'ATR_14': 'ATR', 'STOCHk_14_3_3': 'STOCHk', 'STOCHd_14_3_3': 'STOCHd', 'CCI_14_0.015': 'CCI', 'SMA_10': 'SMA_10', 'SMA_50': 'SMA_50', 'SMA_200': 'SMA_200', 'EMA_10': 'EMA_10', 'EMA_50': 'EMA_50'}
2025-01-11 17:49:01 - WARNING - Columna faltante 'VWAP' añadida con NaN.
2025-01-11 17:49:01 - WARNING - Columna faltante 'ATR' añadida con NaN.
2025-01-11 17:49:01 - INFO - Target binario con look_ahead=6, min_change=0.05
2025-01-11 17:49:01 - INFO - Distribución de clases (0=Vender, 1=Comprar):
target
0.0    82
1.0    76
Name: count, dtype: int64
2025-01-11 17:49:01 - INFO - Muestra de datos con target:
                        close  future_close  change_pct  target
open_time                                                      
2021-05-20 00:30:00  35521.67      41432.88    0.166411     1.0
2021-05-21 13:00:00  40729.01      36287.30   -0.109055     0.0
2022-02-24 02:30:00  36965.51      39410.93    0.066154     1.0
2022-06-14 00:15:00  22313.49      20399.69   -0.085769     0.0
2024-01-03 10:30:00  45070.27      67144.00    0.489763     1.0
2022-06-30 23:15:00  19017.33      22522.74    0.184327     1.0
2022-09-13 12:15:00  22713.69      20371.06   -0.103137     0.0
2021-06-22 14:15:00  29730.77      32571.22    0.095539     1.0
2021-06-22 14:30:00  29939.77      34883.11    0.165109     1.0
2023-01-13 23:00:00  19821.08      22479.64    0.134128     1.0
2025-01-11 17:49:01 - INFO - Columnas extra eliminadas: ['change_pct', 'future_close']
2025-01-11 17:49:01 - WARNING - Estas columnas están 100% NaN y se eliminarán antes de imputar: ['VWAP', 'ATR']
2025-01-11 17:49:01 - INFO - Dataset preparado: 158 filas, 21 features (después de imputación).
2025-01-11 17:49:01 - INFO - === Evaluación en Test ===
2025-01-11 17:49:01 - INFO - Matriz de confusión [0=Vender, 1=Comprar]:
[[48 34]
 [49 27]]
2025-01-11 17:49:01 - INFO - Reporte de Clasificación:
              precision    recall  f1-score   support

      Vender       0.49      0.59      0.54        82
     Comprar       0.44      0.36      0.39        76

    accuracy                           0.47       158
   macro avg       0.47      0.47      0.47       158
weighted avg       0.47      0.47      0.47       158

2025-01-11 17:49:01 - INFO - Precision: 0.4426
2025-01-11 17:49:01 - INFO - F1-score: 0.3942
2025-01-11 17:49:01 - INFO - Recall: 0.3553
2025-01-11 17:49:01 - INFO - Balanced Accuracy: 0.4703
2025-01-11 17:49:01 - INFO - MCC: -0.0609
2025-01-11 17:49:01 - INFO - AUC: 0.4710
2025-01-11 17:49:03 - INFO - Precision final en Test: 0.4426
2025-01-11 17:49:03 - INFO - Importancia de características guardada en ./results/feature_importances_binary.csv.
2025-01-11 17:49:04 - INFO - Gráfico de importancia de características guardado.
2025-01-11 17:49:05 - INFO - Calculando valores SHAP...
2025-01-11 17:49:06 - INFO - SHAP analysis completado y guardado.
2025-01-11 17:49:06 - INFO - Señales generadas con umbral=0.6
2025-01-11 17:49:06 - INFO - Señales filtradas por tendencia.
2025-01-11 17:49:06 - INFO - Señales guardadas en: ./results/signals_binary.csv
2025-01-11 17:49:06 - INFO - === Proceso Completado con Éxito ===
