2024-12-28 00:44:46 - INFO - Datos cargados desde /Users/oscarr/Desarrollo/Python0/ApiBinance/ML/data/processed/BTCUSDT_15m_processed.csv, filas: 245845
2024-12-28 00:44:50 - INFO - Target con look_ahead=3, lower=25, upper=75, min_change=0.01
2024-12-28 00:44:50 - INFO - Umbral inferior=-0.002234, superior=0.002410
2024-12-28 00:44:50 - INFO - Distribución de clases:
target
0    223335
2     11276
1     11231
Name: count, dtype: int64
2024-12-28 00:44:50 - INFO - Eliminados 199 registros con NaNs.
2024-12-28 00:44:51 - INFO - División de datos en train y test completada.
2024-12-28 00:44:51 - INFO - === Buscando hiperparámetros (Optuna) en una muestra del training ===
2024-12-28 00:44:52 - INFO - Target con look_ahead=3, lower=25, upper=75, min_change=0.01
2024-12-28 00:44:52 - INFO - Umbral inferior=-0.585625, superior=1.423558
2024-12-28 00:44:52 - INFO - Distribución de clases:
target
0    19159
2     9579
1     9579
Name: count, dtype: int64
2024-12-28 00:44:52 - INFO - Target con look_ahead=3, lower=25, upper=75, min_change=0.01
2024-12-28 00:44:52 - INFO - Umbral inferior=-0.585625, superior=1.423558
2024-12-28 00:44:52 - INFO - Distribución de clases:
target
0    19159
2     9579
1     9579
Name: count, dtype: int64
2024-12-28 00:44:52 - INFO - Eliminados 199 registros con NaNs.
2024-12-28 00:44:52 - INFO - Eliminados 199 registros con NaNs.
2024-12-28 00:44:52 - INFO - Columnas a eliminar por correlación > 0.83: ['RSI_14', 'CCI_14', 'price_momentum_volatility', 'EMA_diff_5_20', 'SMA_65', 'STDDEV_65', 'min_65', 'max_65']
2024-12-28 00:44:52 - INFO - Eliminando columnas durante transform: ['RSI_14', 'CCI_14', 'price_momentum_volatility', 'EMA_diff_5_20', 'SMA_65', 'STDDEV_65', 'min_65', 'max_65']
2024-12-28 00:44:52 - INFO - Columnas a eliminar por correlación > 0.83: ['RSI_14', 'CCI_14', 'price_momentum_volatility', 'EMA_diff_5_20', 'SMA_65', 'STDDEV_65', 'min_65', 'max_65']
2024-12-28 00:44:52 - INFO - Eliminando columnas durante transform: ['RSI_14', 'CCI_14', 'price_momentum_volatility', 'EMA_diff_5_20', 'SMA_65', 'STDDEV_65', 'min_65', 'max_65']
2024-12-28 00:44:59 - INFO - Eliminando columnas durante transform: ['RSI_14', 'CCI_14', 'price_momentum_volatility', 'EMA_diff_5_20', 'SMA_65', 'STDDEV_65', 'min_65', 'max_65']
2024-12-28 00:44:59 - INFO - Columnas a eliminar por correlación > 0.83: ['RSI_14', 'CCI_14', 'price_momentum_volatility', 'EMA_diff_5_20', 'SMA_65', 'STDDEV_65', 'min_65', 'max_65']
2024-12-28 00:44:59 - INFO - Eliminando columnas durante transform: ['RSI_14', 'CCI_14', 'price_momentum_volatility', 'EMA_diff_5_20', 'SMA_65', 'STDDEV_65', 'min_65', 'max_65']
2024-12-28 00:45:00 - INFO - Eliminando columnas durante transform: ['RSI_14', 'CCI_14', 'price_momentum_volatility', 'EMA_diff_5_20', 'SMA_65', 'STDDEV_65', 'min_65', 'max_65']
2024-12-28 00:45:00 - INFO - Columnas a eliminar por correlación > 0.83: ['RSI_14', 'CCI_14', 'price_momentum_volatility', 'EMA_diff_5_20', 'SMA_65', 'STDDEV_65', 'min_65', 'max_65']
2024-12-28 00:45:00 - INFO - Eliminando columnas durante transform: ['RSI_14', 'CCI_14', 'price_momentum_volatility', 'EMA_diff_5_20', 'SMA_65', 'STDDEV_65', 'min_65', 'max_65']
2024-12-28 00:45:07 - INFO - Eliminando columnas durante transform: ['RSI_14', 'CCI_14', 'price_momentum_volatility', 'EMA_diff_5_20', 'SMA_65', 'STDDEV_65', 'min_65', 'max_65']
2024-12-28 00:45:07 - INFO - Columnas a eliminar por correlación > 0.83: ['RSI_14', 'CCI_14', 'price_momentum_volatility', 'EMA_diff_5_20', 'SMA_65', 'STDDEV_65', 'min_65', 'max_65']
2024-12-28 00:45:07 - INFO - Eliminando columnas durante transform: ['RSI_14', 'CCI_14', 'price_momentum_volatility', 'EMA_diff_5_20', 'SMA_65', 'STDDEV_65', 'min_65', 'max_65']
2024-12-28 00:45:09 - INFO - Eliminando columnas durante transform: ['RSI_14', 'CCI_14', 'price_momentum_volatility', 'EMA_diff_5_20', 'SMA_65', 'STDDEV_65', 'min_65', 'max_65']
2024-12-28 00:45:09 - INFO - Columnas a eliminar por correlación > 0.83: ['RSI_14', 'CCI_14', 'price_momentum_volatility', 'EMA_diff_5_20', 'SMA_65', 'STDDEV_65', 'min_65', 'max_65']
2024-12-28 00:45:09 - INFO - Eliminando columnas durante transform: ['RSI_14', 'CCI_14', 'price_momentum_volatility', 'EMA_diff_5_20', 'SMA_65', 'STDDEV_65', 'min_65', 'max_65']
2024-12-28 00:45:14 - INFO - Eliminando columnas durante transform: ['RSI_14', 'CCI_14', 'price_momentum_volatility', 'EMA_diff_5_20', 'SMA_65', 'STDDEV_65', 'min_65', 'max_65']
2024-12-28 00:45:14 - INFO - Columnas a eliminar por correlación > 0.83: ['RSI_14', 'CCI_14', 'price_momentum_volatility', 'EMA_diff_5_20', 'SMA_65', 'STDDEV_65', 'min_65', 'max_65']
2024-12-28 00:45:14 - INFO - Eliminando columnas durante transform: ['RSI_14', 'CCI_14', 'price_momentum_volatility', 'EMA_diff_5_20', 'SMA_65', 'STDDEV_65', 'min_65', 'max_65']
2024-12-28 00:45:17 - INFO - Eliminando columnas durante transform: ['RSI_14', 'CCI_14', 'price_momentum_volatility', 'EMA_diff_5_20', 'SMA_65', 'STDDEV_65', 'min_65', 'max_65']
2024-12-28 00:45:17 - INFO - Columnas a eliminar por correlación > 0.83: ['RSI_14', 'CCI_14', 'price_momentum_volatility', 'EMA_diff_5_20', 'SMA_65', 'STDDEV_65', 'min_65', 'max_65']
2024-12-28 00:45:17 - INFO - Eliminando columnas durante transform: ['RSI_14', 'CCI_14', 'price_momentum_volatility', 'EMA_diff_5_20', 'SMA_65', 'STDDEV_65', 'min_65', 'max_65']
2024-12-28 00:45:23 - INFO - Eliminando columnas durante transform: ['RSI_14', 'CCI_14', 'price_momentum_volatility', 'EMA_diff_5_20', 'SMA_65', 'STDDEV_65', 'min_65', 'max_65']
2024-12-28 00:45:23 - INFO - Columnas a eliminar por correlación > 0.83: ['RSI_14', 'CCI_14', 'price_momentum_volatility', 'EMA_diff_5_20', 'SMA_65', 'STDDEV_65', 'min_65', 'max_65']
2024-12-28 00:45:23 - INFO - Eliminando columnas durante transform: ['RSI_14', 'CCI_14', 'price_momentum_volatility', 'EMA_diff_5_20', 'SMA_65', 'STDDEV_65', 'min_65', 'max_65']
2024-12-28 00:45:25 - INFO - Eliminando columnas durante transform: ['RSI_14', 'CCI_14', 'price_momentum_volatility', 'EMA_diff_5_20', 'SMA_65', 'STDDEV_65', 'min_65', 'max_65']
2024-12-28 00:45:25 - INFO - Columnas a eliminar por correlación > 0.83: ['RSI_14', 'CCI_14', 'price_momentum_volatility', 'EMA_diff_5_20', 'SMA_65', 'STDDEV_65', 'min_65', 'max_65']
2024-12-28 00:45:25 - INFO - Eliminando columnas durante transform: ['RSI_14', 'CCI_14', 'price_momentum_volatility', 'EMA_diff_5_20', 'SMA_65', 'STDDEV_65', 'min_65', 'max_65']
2024-12-28 00:45:30 - INFO - Eliminando columnas durante transform: ['RSI_14', 'CCI_14', 'price_momentum_volatility', 'EMA_diff_5_20', 'SMA_65', 'STDDEV_65', 'min_65', 'max_65']
2024-12-28 00:45:31 - INFO - Target con look_ahead=3, lower=25, upper=75, min_change=0.01
2024-12-28 00:45:31 - INFO - Umbral inferior=-0.585625, superior=1.423558
2024-12-28 00:45:31 - INFO - Distribución de clases:
target
0    19159
2     9579
1     9579
Name: count, dtype: int64
2024-12-28 00:45:32 - INFO - Eliminados 199 registros con NaNs.
2024-12-28 00:45:32 - INFO - Columnas a eliminar por correlación > 0.83: ['RSI_14', 'CCI_14', 'price_momentum_volatility', 'EMA_diff_5_20', 'SMA_65', 'STDDEV_65', 'min_65', 'max_65']
2024-12-28 00:45:32 - INFO - Eliminando columnas durante transform: ['RSI_14', 'CCI_14', 'price_momentum_volatility', 'EMA_diff_5_20', 'SMA_65', 'STDDEV_65', 'min_65', 'max_65']
2024-12-28 00:45:34 - INFO - Eliminando columnas durante transform: ['RSI_14', 'CCI_14', 'price_momentum_volatility', 'EMA_diff_5_20', 'SMA_65', 'STDDEV_65', 'min_65', 'max_65']
2024-12-28 00:45:35 - INFO - Target con look_ahead=3, lower=25, upper=75, min_change=0.01
2024-12-28 00:45:35 - INFO - Umbral inferior=-0.585625, superior=1.423558
2024-12-28 00:45:35 - INFO - Distribución de clases:
target
0    19159
2     9579
1     9579
Name: count, dtype: int64
2024-12-28 00:45:35 - INFO - Eliminados 199 registros con NaNs.
2024-12-28 00:45:35 - INFO - Columnas a eliminar por correlación > 0.83: ['RSI_14', 'CCI_14', 'price_momentum_volatility', 'EMA_diff_5_20', 'SMA_65', 'STDDEV_65', 'min_65', 'max_65']
2024-12-28 00:45:35 - INFO - Eliminando columnas durante transform: ['RSI_14', 'CCI_14', 'price_momentum_volatility', 'EMA_diff_5_20', 'SMA_65', 'STDDEV_65', 'min_65', 'max_65']
2024-12-28 00:45:37 - INFO - Eliminando columnas durante transform: ['RSI_14', 'CCI_14', 'price_momentum_volatility', 'EMA_diff_5_20', 'SMA_65', 'STDDEV_65', 'min_65', 'max_65']
2024-12-28 00:45:37 - INFO - Columnas a eliminar por correlación > 0.83: ['RSI_14', 'CCI_14', 'price_momentum_volatility', 'EMA_diff_5_20', 'SMA_65', 'STDDEV_65', 'min_65', 'max_65']
2024-12-28 00:45:37 - INFO - Eliminando columnas durante transform: ['RSI_14', 'CCI_14', 'price_momentum_volatility', 'EMA_diff_5_20', 'SMA_65', 'STDDEV_65', 'min_65', 'max_65']
2024-12-28 00:45:42 - INFO - Eliminando columnas durante transform: ['RSI_14', 'CCI_14', 'price_momentum_volatility', 'EMA_diff_5_20', 'SMA_65', 'STDDEV_65', 'min_65', 'max_65']
2024-12-28 00:45:42 - INFO - Columnas a eliminar por correlación > 0.83: ['RSI_14', 'CCI_14', 'price_momentum_volatility', 'EMA_diff_5_20', 'SMA_65', 'STDDEV_65', 'min_65', 'max_65']
2024-12-28 00:45:42 - INFO - Eliminando columnas durante transform: ['RSI_14', 'CCI_14', 'price_momentum_volatility', 'EMA_diff_5_20', 'SMA_65', 'STDDEV_65', 'min_65', 'max_65']
2024-12-28 00:45:45 - INFO - Eliminando columnas durante transform: ['RSI_14', 'CCI_14', 'price_momentum_volatility', 'EMA_diff_5_20', 'SMA_65', 'STDDEV_65', 'min_65', 'max_65']
2024-12-28 00:45:45 - INFO - Columnas a eliminar por correlación > 0.83: ['RSI_14', 'CCI_14', 'price_momentum_volatility', 'EMA_diff_5_20', 'SMA_65', 'STDDEV_65', 'min_65', 'max_65']
2024-12-28 00:45:45 - INFO - Eliminando columnas durante transform: ['RSI_14', 'CCI_14', 'price_momentum_volatility', 'EMA_diff_5_20', 'SMA_65', 'STDDEV_65', 'min_65', 'max_65']
2024-12-28 00:45:48 - INFO - Eliminando columnas durante transform: ['RSI_14', 'CCI_14', 'price_momentum_volatility', 'EMA_diff_5_20', 'SMA_65', 'STDDEV_65', 'min_65', 'max_65']
2024-12-28 00:45:48 - INFO - Columnas a eliminar por correlación > 0.83: ['RSI_14', 'CCI_14', 'price_momentum_volatility', 'EMA_diff_5_20', 'SMA_65', 'STDDEV_65', 'min_65', 'max_65']
2024-12-28 00:45:48 - INFO - Eliminando columnas durante transform: ['RSI_14', 'CCI_14', 'price_momentum_volatility', 'EMA_diff_5_20', 'SMA_65', 'STDDEV_65', 'min_65', 'max_65']
2024-12-28 00:45:54 - INFO - Eliminando columnas durante transform: ['RSI_14', 'CCI_14', 'price_momentum_volatility', 'EMA_diff_5_20', 'SMA_65', 'STDDEV_65', 'min_65', 'max_65']
2024-12-28 00:45:54 - INFO - Columnas a eliminar por correlación > 0.83: ['RSI_14', 'CCI_14', 'price_momentum_volatility', 'EMA_diff_5_20', 'SMA_65', 'STDDEV_65', 'min_65', 'max_65']
2024-12-28 00:45:54 - INFO - Eliminando columnas durante transform: ['RSI_14', 'CCI_14', 'price_momentum_volatility', 'EMA_diff_5_20', 'SMA_65', 'STDDEV_65', 'min_65', 'max_65']
2024-12-28 00:45:57 - INFO - Eliminando columnas durante transform: ['RSI_14', 'CCI_14', 'price_momentum_volatility', 'EMA_diff_5_20', 'SMA_65', 'STDDEV_65', 'min_65', 'max_65']
2024-12-28 00:45:57 - INFO - Columnas a eliminar por correlación > 0.83: ['RSI_14', 'CCI_14', 'price_momentum_volatility', 'EMA_diff_5_20', 'SMA_65', 'STDDEV_65', 'min_65', 'max_65']
2024-12-28 00:45:57 - INFO - Eliminando columnas durante transform: ['RSI_14', 'CCI_14', 'price_momentum_volatility', 'EMA_diff_5_20', 'SMA_65', 'STDDEV_65', 'min_65', 'max_65']
2024-12-28 00:45:59 - INFO - Eliminando columnas durante transform: ['RSI_14', 'CCI_14', 'price_momentum_volatility', 'EMA_diff_5_20', 'SMA_65', 'STDDEV_65', 'min_65', 'max_65']
2024-12-28 00:46:00 - INFO - Target con look_ahead=3, lower=25, upper=75, min_change=0.01
2024-12-28 00:46:00 - INFO - Umbral inferior=-0.585625, superior=1.423558
2024-12-28 00:46:00 - INFO - Distribución de clases:
target
0    19159
2     9579
1     9579
Name: count, dtype: int64
2024-12-28 00:46:00 - INFO - Eliminados 199 registros con NaNs.
2024-12-28 00:46:01 - INFO - Columnas a eliminar por correlación > 0.83: ['RSI_14', 'CCI_14', 'price_momentum_volatility', 'EMA_diff_5_20', 'SMA_65', 'STDDEV_65', 'min_65', 'max_65']
2024-12-28 00:46:01 - INFO - Eliminando columnas durante transform: ['RSI_14', 'CCI_14', 'price_momentum_volatility', 'EMA_diff_5_20', 'SMA_65', 'STDDEV_65', 'min_65', 'max_65']
2024-12-28 00:46:06 - INFO - Eliminando columnas durante transform: ['RSI_14', 'CCI_14', 'price_momentum_volatility', 'EMA_diff_5_20', 'SMA_65', 'STDDEV_65', 'min_65', 'max_65']
2024-12-28 00:46:06 - INFO - Eliminando columnas durante transform: ['RSI_14', 'CCI_14', 'price_momentum_volatility', 'EMA_diff_5_20', 'SMA_65', 'STDDEV_65', 'min_65', 'max_65']
2024-12-28 00:46:06 - INFO - Columnas a eliminar por correlación > 0.83: ['RSI_14', 'CCI_14', 'price_momentum_volatility', 'EMA_diff_5_20', 'SMA_65', 'STDDEV_65', 'min_65', 'max_65']
2024-12-28 00:46:06 - INFO - Eliminando columnas durante transform: ['RSI_14', 'CCI_14', 'price_momentum_volatility', 'EMA_diff_5_20', 'SMA_65', 'STDDEV_65', 'min_65', 'max_65']
2024-12-28 00:46:06 - INFO - Columnas a eliminar por correlación > 0.83: ['RSI_14', 'CCI_14', 'price_momentum_volatility', 'EMA_diff_5_20', 'SMA_65', 'STDDEV_65', 'min_65', 'max_65']
2024-12-28 00:46:06 - INFO - Eliminando columnas durante transform: ['RSI_14', 'CCI_14', 'price_momentum_volatility', 'EMA_diff_5_20', 'SMA_65', 'STDDEV_65', 'min_65', 'max_65']
2024-12-28 00:46:13 - INFO - Eliminando columnas durante transform: ['RSI_14', 'CCI_14', 'price_momentum_volatility', 'EMA_diff_5_20', 'SMA_65', 'STDDEV_65', 'min_65', 'max_65']
2024-12-28 00:46:13 - INFO - Columnas a eliminar por correlación > 0.83: ['RSI_14', 'CCI_14', 'price_momentum_volatility', 'EMA_diff_5_20', 'SMA_65', 'STDDEV_65', 'min_65', 'max_65']
2024-12-28 00:46:13 - INFO - Eliminando columnas durante transform: ['RSI_14', 'CCI_14', 'price_momentum_volatility', 'EMA_diff_5_20', 'SMA_65', 'STDDEV_65', 'min_65', 'max_65']
2024-12-28 00:46:16 - INFO - Eliminando columnas durante transform: ['RSI_14', 'CCI_14', 'price_momentum_volatility', 'EMA_diff_5_20', 'SMA_65', 'STDDEV_65', 'min_65', 'max_65']
2024-12-28 00:46:17 - INFO - Columnas a eliminar por correlación > 0.83: ['RSI_14', 'CCI_14', 'price_momentum_volatility', 'EMA_diff_5_20', 'SMA_65', 'STDDEV_65', 'min_65', 'max_65']
2024-12-28 00:46:17 - INFO - Eliminando columnas durante transform: ['RSI_14', 'CCI_14', 'price_momentum_volatility', 'EMA_diff_5_20', 'SMA_65', 'STDDEV_65', 'min_65', 'max_65']
2024-12-28 00:46:19 - INFO - Eliminando columnas durante transform: ['RSI_14', 'CCI_14', 'price_momentum_volatility', 'EMA_diff_5_20', 'SMA_65', 'STDDEV_65', 'min_65', 'max_65']
2024-12-28 00:46:19 - INFO - Columnas a eliminar por correlación > 0.83: ['RSI_14', 'CCI_14', 'price_momentum_volatility', 'EMA_diff_5_20', 'SMA_65', 'STDDEV_65', 'min_65', 'max_65']
2024-12-28 00:46:19 - INFO - Eliminando columnas durante transform: ['RSI_14', 'CCI_14', 'price_momentum_volatility', 'EMA_diff_5_20', 'SMA_65', 'STDDEV_65', 'min_65', 'max_65']
2024-12-28 00:46:26 - INFO - Eliminando columnas durante transform: ['RSI_14', 'CCI_14', 'price_momentum_volatility', 'EMA_diff_5_20', 'SMA_65', 'STDDEV_65', 'min_65', 'max_65']
2024-12-28 00:46:27 - INFO - Columnas a eliminar por correlación > 0.83: ['RSI_14', 'CCI_14', 'price_momentum_volatility', 'EMA_diff_5_20', 'SMA_65', 'STDDEV_65', 'min_65', 'max_65']
2024-12-28 00:46:27 - INFO - Eliminando columnas durante transform: ['RSI_14', 'CCI_14', 'price_momentum_volatility', 'EMA_diff_5_20', 'SMA_65', 'STDDEV_65', 'min_65', 'max_65']
2024-12-28 00:46:28 - INFO - Eliminando columnas durante transform: ['RSI_14', 'CCI_14', 'price_momentum_volatility', 'EMA_diff_5_20', 'SMA_65', 'STDDEV_65', 'min_65', 'max_65']
2024-12-28 00:46:29 - INFO - Target con look_ahead=3, lower=25, upper=75, min_change=0.01
2024-12-28 00:46:29 - INFO - Umbral inferior=-0.585625, superior=1.423558
2024-12-28 00:46:29 - INFO - Distribución de clases:
target
0    19159
2     9579
1     9579
Name: count, dtype: int64
2024-12-28 00:46:29 - INFO - Eliminados 199 registros con NaNs.
2024-12-28 00:46:29 - INFO - Columnas a eliminar por correlación > 0.83: ['RSI_14', 'CCI_14', 'price_momentum_volatility', 'EMA_diff_5_20', 'SMA_65', 'STDDEV_65', 'min_65', 'max_65']
2024-12-28 00:46:29 - INFO - Eliminando columnas durante transform: ['RSI_14', 'CCI_14', 'price_momentum_volatility', 'EMA_diff_5_20', 'SMA_65', 'STDDEV_65', 'min_65', 'max_65']
2024-12-28 00:46:33 - INFO - Eliminando columnas durante transform: ['RSI_14', 'CCI_14', 'price_momentum_volatility', 'EMA_diff_5_20', 'SMA_65', 'STDDEV_65', 'min_65', 'max_65']
2024-12-28 00:46:34 - INFO - Target con look_ahead=3, lower=25, upper=75, min_change=0.01
2024-12-28 00:46:34 - INFO - Umbral inferior=-0.585625, superior=1.423558
2024-12-28 00:46:34 - INFO - Distribución de clases:
target
0    19159
2     9579
1     9579
Name: count, dtype: int64
2024-12-28 00:46:34 - INFO - Eliminados 199 registros con NaNs.
2024-12-28 00:46:34 - INFO - Columnas a eliminar por correlación > 0.83: ['RSI_14', 'CCI_14', 'price_momentum_volatility', 'EMA_diff_5_20', 'SMA_65', 'STDDEV_65', 'min_65', 'max_65']
2024-12-28 00:46:34 - INFO - Eliminando columnas durante transform: ['RSI_14', 'CCI_14', 'price_momentum_volatility', 'EMA_diff_5_20', 'SMA_65', 'STDDEV_65', 'min_65', 'max_65']
2024-12-28 00:46:40 - INFO - Eliminando columnas durante transform: ['RSI_14', 'CCI_14', 'price_momentum_volatility', 'EMA_diff_5_20', 'SMA_65', 'STDDEV_65', 'min_65', 'max_65']
2024-12-28 00:46:40 - INFO - Columnas a eliminar por correlación > 0.83: ['RSI_14', 'CCI_14', 'price_momentum_volatility', 'EMA_diff_5_20', 'SMA_65', 'STDDEV_65', 'min_65', 'max_65']
2024-12-28 00:46:40 - INFO - Eliminando columnas durante transform: ['RSI_14', 'CCI_14', 'price_momentum_volatility', 'EMA_diff_5_20', 'SMA_65', 'STDDEV_65', 'min_65', 'max_65']
2024-12-28 00:46:44 - INFO - Eliminando columnas durante transform: ['RSI_14', 'CCI_14', 'price_momentum_volatility', 'EMA_diff_5_20', 'SMA_65', 'STDDEV_65', 'min_65', 'max_65']
2024-12-28 00:46:45 - INFO - Columnas a eliminar por correlación > 0.83: ['RSI_14', 'CCI_14', 'price_momentum_volatility', 'EMA_diff_5_20', 'SMA_65', 'STDDEV_65', 'min_65', 'max_65']
2024-12-28 00:46:45 - INFO - Eliminando columnas durante transform: ['RSI_14', 'CCI_14', 'price_momentum_volatility', 'EMA_diff_5_20', 'SMA_65', 'STDDEV_65', 'min_65', 'max_65']
2024-12-28 00:46:51 - INFO - Eliminando columnas durante transform: ['RSI_14', 'CCI_14', 'price_momentum_volatility', 'EMA_diff_5_20', 'SMA_65', 'STDDEV_65', 'min_65', 'max_65']
2024-12-28 00:46:51 - INFO - Columnas a eliminar por correlación > 0.83: ['RSI_14', 'CCI_14', 'price_momentum_volatility', 'EMA_diff_5_20', 'SMA_65', 'STDDEV_65', 'min_65', 'max_65']
2024-12-28 00:46:51 - INFO - Eliminando columnas durante transform: ['RSI_14', 'CCI_14', 'price_momentum_volatility', 'EMA_diff_5_20', 'SMA_65', 'STDDEV_65', 'min_65', 'max_65']
2024-12-28 00:46:55 - INFO - Eliminando columnas durante transform: ['RSI_14', 'CCI_14', 'price_momentum_volatility', 'EMA_diff_5_20', 'SMA_65', 'STDDEV_65', 'min_65', 'max_65']
2024-12-28 00:46:55 - INFO - Columnas a eliminar por correlación > 0.83: ['RSI_14', 'CCI_14', 'price_momentum_volatility', 'EMA_diff_5_20', 'SMA_65', 'STDDEV_65', 'min_65', 'max_65']
2024-12-28 00:46:55 - INFO - Eliminando columnas durante transform: ['RSI_14', 'CCI_14', 'price_momentum_volatility', 'EMA_diff_5_20', 'SMA_65', 'STDDEV_65', 'min_65', 'max_65']
2024-12-28 00:47:04 - INFO - Eliminando columnas durante transform: ['RSI_14', 'CCI_14', 'price_momentum_volatility', 'EMA_diff_5_20', 'SMA_65', 'STDDEV_65', 'min_65', 'max_65']
2024-12-28 00:47:04 - INFO - Columnas a eliminar por correlación > 0.83: ['RSI_14', 'CCI_14', 'price_momentum_volatility', 'EMA_diff_5_20', 'SMA_65', 'STDDEV_65', 'min_65', 'max_65']
2024-12-28 00:47:04 - INFO - Eliminando columnas durante transform: ['RSI_14', 'CCI_14', 'price_momentum_volatility', 'EMA_diff_5_20', 'SMA_65', 'STDDEV_65', 'min_65', 'max_65']
2024-12-28 00:47:07 - INFO - Eliminando columnas durante transform: ['RSI_14', 'CCI_14', 'price_momentum_volatility', 'EMA_diff_5_20', 'SMA_65', 'STDDEV_65', 'min_65', 'max_65']
2024-12-28 00:47:07 - INFO - Columnas a eliminar por correlación > 0.83: ['RSI_14', 'CCI_14', 'price_momentum_volatility', 'EMA_diff_5_20', 'SMA_65', 'STDDEV_65', 'min_65', 'max_65']
2024-12-28 00:47:07 - INFO - Eliminando columnas durante transform: ['RSI_14', 'CCI_14', 'price_momentum_volatility', 'EMA_diff_5_20', 'SMA_65', 'STDDEV_65', 'min_65', 'max_65']
2024-12-28 00:47:15 - INFO - Eliminando columnas durante transform: ['RSI_14', 'CCI_14', 'price_momentum_volatility', 'EMA_diff_5_20', 'SMA_65', 'STDDEV_65', 'min_65', 'max_65']
2024-12-28 00:47:16 - INFO - Columnas a eliminar por correlación > 0.83: ['RSI_14', 'CCI_14', 'price_momentum_volatility', 'EMA_diff_5_20', 'SMA_65', 'STDDEV_65', 'min_65', 'max_65']
2024-12-28 00:47:16 - INFO - Eliminando columnas durante transform: ['RSI_14', 'CCI_14', 'price_momentum_volatility', 'EMA_diff_5_20', 'SMA_65', 'STDDEV_65', 'min_65', 'max_65']
2024-12-28 00:47:17 - INFO - Eliminando columnas durante transform: ['RSI_14', 'CCI_14', 'price_momentum_volatility', 'EMA_diff_5_20', 'SMA_65', 'STDDEV_65', 'min_65', 'max_65']
2024-12-28 00:47:18 - INFO - Columnas a eliminar por correlación > 0.83: ['RSI_14', 'CCI_14', 'price_momentum_volatility', 'EMA_diff_5_20', 'SMA_65', 'STDDEV_65', 'min_65', 'max_65']
2024-12-28 00:47:18 - INFO - Eliminando columnas durante transform: ['RSI_14', 'CCI_14', 'price_momentum_volatility', 'EMA_diff_5_20', 'SMA_65', 'STDDEV_65', 'min_65', 'max_65']
2024-12-28 00:47:29 - INFO - Eliminando columnas durante transform: ['RSI_14', 'CCI_14', 'price_momentum_volatility', 'EMA_diff_5_20', 'SMA_65', 'STDDEV_65', 'min_65', 'max_65']
2024-12-28 00:47:29 - INFO - Eliminando columnas durante transform: ['RSI_14', 'CCI_14', 'price_momentum_volatility', 'EMA_diff_5_20', 'SMA_65', 'STDDEV_65', 'min_65', 'max_65']
2024-12-28 00:47:30 - INFO - Target con look_ahead=3, lower=25, upper=75, min_change=0.01
2024-12-28 00:47:30 - INFO - Umbral inferior=-0.585625, superior=1.423558
2024-12-28 00:47:30 - INFO - Distribución de clases:
target
0    19159
2     9579
1     9579
Name: count, dtype: int64
2024-12-28 00:47:31 - INFO - Target con look_ahead=3, lower=25, upper=75, min_change=0.01
2024-12-28 00:47:31 - INFO - Umbral inferior=-0.585625, superior=1.423558
2024-12-28 00:47:31 - INFO - Distribución de clases:
target
0    19159
2     9579
1     9579
Name: count, dtype: int64
2024-12-28 00:47:31 - INFO - Eliminados 199 registros con NaNs.
2024-12-28 00:47:31 - INFO - Eliminados 199 registros con NaNs.
2024-12-28 00:47:31 - INFO - Columnas a eliminar por correlación > 0.83: ['RSI_14', 'CCI_14', 'price_momentum_volatility', 'EMA_diff_5_20', 'SMA_65', 'STDDEV_65', 'min_65', 'max_65']
2024-12-28 00:47:31 - INFO - Eliminando columnas durante transform: ['RSI_14', 'CCI_14', 'price_momentum_volatility', 'EMA_diff_5_20', 'SMA_65', 'STDDEV_65', 'min_65', 'max_65']
2024-12-28 00:47:31 - INFO - Columnas a eliminar por correlación > 0.83: ['RSI_14', 'CCI_14', 'price_momentum_volatility', 'EMA_diff_5_20', 'SMA_65', 'STDDEV_65', 'min_65', 'max_65']
2024-12-28 00:47:31 - INFO - Eliminando columnas durante transform: ['RSI_14', 'CCI_14', 'price_momentum_volatility', 'EMA_diff_5_20', 'SMA_65', 'STDDEV_65', 'min_65', 'max_65']
2024-12-28 00:47:39 - INFO - Eliminando columnas durante transform: ['RSI_14', 'CCI_14', 'price_momentum_volatility', 'EMA_diff_5_20', 'SMA_65', 'STDDEV_65', 'min_65', 'max_65']
2024-12-28 00:47:39 - INFO - Columnas a eliminar por correlación > 0.83: ['RSI_14', 'CCI_14', 'price_momentum_volatility', 'EMA_diff_5_20', 'SMA_65', 'STDDEV_65', 'min_65', 'max_65']
2024-12-28 00:47:39 - INFO - Eliminando columnas durante transform: ['RSI_14', 'CCI_14', 'price_momentum_volatility', 'EMA_diff_5_20', 'SMA_65', 'STDDEV_65', 'min_65', 'max_65']
2024-12-28 00:47:46 - INFO - Eliminando columnas durante transform: ['RSI_14', 'CCI_14', 'price_momentum_volatility', 'EMA_diff_5_20', 'SMA_65', 'STDDEV_65', 'min_65', 'max_65']
2024-12-28 00:47:46 - INFO - Columnas a eliminar por correlación > 0.83: ['RSI_14', 'CCI_14', 'price_momentum_volatility', 'EMA_diff_5_20', 'SMA_65', 'STDDEV_65', 'min_65', 'max_65']
2024-12-28 00:47:46 - INFO - Eliminando columnas durante transform: ['RSI_14', 'CCI_14', 'price_momentum_volatility', 'EMA_diff_5_20', 'SMA_65', 'STDDEV_65', 'min_65', 'max_65']
2024-12-28 00:47:47 - INFO - Eliminando columnas durante transform: ['RSI_14', 'CCI_14', 'price_momentum_volatility', 'EMA_diff_5_20', 'SMA_65', 'STDDEV_65', 'min_65', 'max_65']
2024-12-28 00:47:47 - INFO - Columnas a eliminar por correlación > 0.83: ['RSI_14', 'CCI_14', 'price_momentum_volatility', 'EMA_diff_5_20', 'SMA_65', 'STDDEV_65', 'min_65', 'max_65']
2024-12-28 00:47:47 - INFO - Eliminando columnas durante transform: ['RSI_14', 'CCI_14', 'price_momentum_volatility', 'EMA_diff_5_20', 'SMA_65', 'STDDEV_65', 'min_65', 'max_65']
2024-12-28 00:47:57 - INFO - Eliminando columnas durante transform: ['RSI_14', 'CCI_14', 'price_momentum_volatility', 'EMA_diff_5_20', 'SMA_65', 'STDDEV_65', 'min_65', 'max_65']
2024-12-28 00:47:57 - INFO - Columnas a eliminar por correlación > 0.83: ['RSI_14', 'CCI_14', 'price_momentum_volatility', 'EMA_diff_5_20', 'SMA_65', 'STDDEV_65', 'min_65', 'max_65']
2024-12-28 00:47:57 - INFO - Eliminando columnas durante transform: ['RSI_14', 'CCI_14', 'price_momentum_volatility', 'EMA_diff_5_20', 'SMA_65', 'STDDEV_65', 'min_65', 'max_65']
2024-12-28 00:48:04 - INFO - Eliminando columnas durante transform: ['RSI_14', 'CCI_14', 'price_momentum_volatility', 'EMA_diff_5_20', 'SMA_65', 'STDDEV_65', 'min_65', 'max_65']
2024-12-28 00:48:04 - INFO - Columnas a eliminar por correlación > 0.83: ['RSI_14', 'CCI_14', 'price_momentum_volatility', 'EMA_diff_5_20', 'SMA_65', 'STDDEV_65', 'min_65', 'max_65']
2024-12-28 00:48:04 - INFO - Eliminando columnas durante transform: ['RSI_14', 'CCI_14', 'price_momentum_volatility', 'EMA_diff_5_20', 'SMA_65', 'STDDEV_65', 'min_65', 'max_65']
2024-12-28 00:48:04 - INFO - Eliminando columnas durante transform: ['RSI_14', 'CCI_14', 'price_momentum_volatility', 'EMA_diff_5_20', 'SMA_65', 'STDDEV_65', 'min_65', 'max_65']
2024-12-28 00:48:04 - INFO - Columnas a eliminar por correlación > 0.83: ['RSI_14', 'CCI_14', 'price_momentum_volatility', 'EMA_diff_5_20', 'SMA_65', 'STDDEV_65', 'min_65', 'max_65']
2024-12-28 00:48:04 - INFO - Eliminando columnas durante transform: ['RSI_14', 'CCI_14', 'price_momentum_volatility', 'EMA_diff_5_20', 'SMA_65', 'STDDEV_65', 'min_65', 'max_65']
2024-12-28 00:48:13 - INFO - Eliminando columnas durante transform: ['RSI_14', 'CCI_14', 'price_momentum_volatility', 'EMA_diff_5_20', 'SMA_65', 'STDDEV_65', 'min_65', 'max_65']
2024-12-28 00:48:14 - INFO - Target con look_ahead=3, lower=25, upper=75, min_change=0.01
2024-12-28 00:48:14 - INFO - Umbral inferior=-0.585625, superior=1.423558
2024-12-28 00:48:14 - INFO - Distribución de clases:
target
0    19159
2     9579
1     9579
Name: count, dtype: int64
2024-12-28 00:48:14 - INFO - Eliminados 199 registros con NaNs.
2024-12-28 00:48:14 - INFO - Columnas a eliminar por correlación > 0.83: ['RSI_14', 'CCI_14', 'price_momentum_volatility', 'EMA_diff_5_20', 'SMA_65', 'STDDEV_65', 'min_65', 'max_65']
2024-12-28 00:48:14 - INFO - Eliminando columnas durante transform: ['RSI_14', 'CCI_14', 'price_momentum_volatility', 'EMA_diff_5_20', 'SMA_65', 'STDDEV_65', 'min_65', 'max_65']
2024-12-28 00:48:20 - INFO - Eliminando columnas durante transform: ['RSI_14', 'CCI_14', 'price_momentum_volatility', 'EMA_diff_5_20', 'SMA_65', 'STDDEV_65', 'min_65', 'max_65']
2024-12-28 00:48:21 - INFO - Columnas a eliminar por correlación > 0.83: ['RSI_14', 'CCI_14', 'price_momentum_volatility', 'EMA_diff_5_20', 'SMA_65', 'STDDEV_65', 'min_65', 'max_65']
2024-12-28 00:48:21 - INFO - Eliminando columnas durante transform: ['RSI_14', 'CCI_14', 'price_momentum_volatility', 'EMA_diff_5_20', 'SMA_65', 'STDDEV_65', 'min_65', 'max_65']
2024-12-28 00:48:41 - INFO - Eliminando columnas durante transform: ['RSI_14', 'CCI_14', 'price_momentum_volatility', 'EMA_diff_5_20', 'SMA_65', 'STDDEV_65', 'min_65', 'max_65']
2024-12-28 00:48:41 - INFO - Columnas a eliminar por correlación > 0.83: ['RSI_14', 'CCI_14', 'price_momentum_volatility', 'EMA_diff_5_20', 'SMA_65', 'STDDEV_65', 'min_65', 'max_65']
2024-12-28 00:48:41 - INFO - Eliminando columnas durante transform: ['RSI_14', 'CCI_14', 'price_momentum_volatility', 'EMA_diff_5_20', 'SMA_65', 'STDDEV_65', 'min_65', 'max_65']
2024-12-28 00:48:42 - INFO - Eliminando columnas durante transform: ['RSI_14', 'CCI_14', 'price_momentum_volatility', 'EMA_diff_5_20', 'SMA_65', 'STDDEV_65', 'min_65', 'max_65']
2024-12-28 00:48:42 - INFO - Columnas a eliminar por correlación > 0.83: ['RSI_14', 'CCI_14', 'price_momentum_volatility', 'EMA_diff_5_20', 'SMA_65', 'STDDEV_65', 'min_65', 'max_65']
2024-12-28 00:48:42 - INFO - Eliminando columnas durante transform: ['RSI_14', 'CCI_14', 'price_momentum_volatility', 'EMA_diff_5_20', 'SMA_65', 'STDDEV_65', 'min_65', 'max_65']
2024-12-28 00:49:00 - INFO - Eliminando columnas durante transform: ['RSI_14', 'CCI_14', 'price_momentum_volatility', 'EMA_diff_5_20', 'SMA_65', 'STDDEV_65', 'min_65', 'max_65']
2024-12-28 00:49:02 - INFO - Target con look_ahead=3, lower=25, upper=75, min_change=0.01
2024-12-28 00:49:02 - INFO - Umbral inferior=-0.585625, superior=1.423558
2024-12-28 00:49:02 - INFO - Distribución de clases:
target
0    19159
2     9579
1     9579
Name: count, dtype: int64
2024-12-28 00:49:02 - INFO - Eliminados 199 registros con NaNs.
2024-12-28 00:49:02 - INFO - Columnas a eliminar por correlación > 0.83: ['RSI_14', 'CCI_14', 'price_momentum_volatility', 'EMA_diff_5_20', 'SMA_65', 'STDDEV_65', 'min_65', 'max_65']
2024-12-28 00:49:02 - INFO - Eliminando columnas durante transform: ['RSI_14', 'CCI_14', 'price_momentum_volatility', 'EMA_diff_5_20', 'SMA_65', 'STDDEV_65', 'min_65', 'max_65']
2024-12-28 00:49:05 - INFO - Eliminando columnas durante transform: ['RSI_14', 'CCI_14', 'price_momentum_volatility', 'EMA_diff_5_20', 'SMA_65', 'STDDEV_65', 'min_65', 'max_65']
2024-12-28 00:49:06 - INFO - Columnas a eliminar por correlación > 0.83: ['RSI_14', 'CCI_14', 'price_momentum_volatility', 'EMA_diff_5_20', 'SMA_65', 'STDDEV_65', 'min_65', 'max_65']
2024-12-28 00:49:06 - INFO - Eliminando columnas durante transform: ['RSI_14', 'CCI_14', 'price_momentum_volatility', 'EMA_diff_5_20', 'SMA_65', 'STDDEV_65', 'min_65', 'max_65']
2024-12-28 00:49:31 - INFO - Eliminando columnas durante transform: ['RSI_14', 'CCI_14', 'price_momentum_volatility', 'EMA_diff_5_20', 'SMA_65', 'STDDEV_65', 'min_65', 'max_65']
2024-12-28 00:49:31 - INFO - Columnas a eliminar por correlación > 0.83: ['RSI_14', 'CCI_14', 'price_momentum_volatility', 'EMA_diff_5_20', 'SMA_65', 'STDDEV_65', 'min_65', 'max_65']
2024-12-28 00:49:31 - INFO - Eliminando columnas durante transform: ['RSI_14', 'CCI_14', 'price_momentum_volatility', 'EMA_diff_5_20', 'SMA_65', 'STDDEV_65', 'min_65', 'max_65']
2024-12-28 00:49:35 - INFO - Eliminando columnas durante transform: ['RSI_14', 'CCI_14', 'price_momentum_volatility', 'EMA_diff_5_20', 'SMA_65', 'STDDEV_65', 'min_65', 'max_65']
2024-12-28 00:49:35 - INFO - Columnas a eliminar por correlación > 0.83: ['RSI_14', 'CCI_14', 'price_momentum_volatility', 'EMA_diff_5_20', 'SMA_65', 'STDDEV_65', 'min_65', 'max_65']
2024-12-28 00:49:35 - INFO - Eliminando columnas durante transform: ['RSI_14', 'CCI_14', 'price_momentum_volatility', 'EMA_diff_5_20', 'SMA_65', 'STDDEV_65', 'min_65', 'max_65']
2024-12-28 00:50:04 - INFO - Eliminando columnas durante transform: ['RSI_14', 'CCI_14', 'price_momentum_volatility', 'EMA_diff_5_20', 'SMA_65', 'STDDEV_65', 'min_65', 'max_65']
2024-12-28 00:50:04 - INFO - Columnas a eliminar por correlación > 0.83: ['RSI_14', 'CCI_14', 'price_momentum_volatility', 'EMA_diff_5_20', 'SMA_65', 'STDDEV_65', 'min_65', 'max_65']
2024-12-28 00:50:04 - INFO - Eliminando columnas durante transform: ['RSI_14', 'CCI_14', 'price_momentum_volatility', 'EMA_diff_5_20', 'SMA_65', 'STDDEV_65', 'min_65', 'max_65']
2024-12-28 00:50:13 - INFO - Eliminando columnas durante transform: ['RSI_14', 'CCI_14', 'price_momentum_volatility', 'EMA_diff_5_20', 'SMA_65', 'STDDEV_65', 'min_65', 'max_65']
2024-12-28 00:50:13 - INFO - Columnas a eliminar por correlación > 0.83: ['RSI_14', 'CCI_14', 'price_momentum_volatility', 'EMA_diff_5_20', 'SMA_65', 'STDDEV_65', 'min_65', 'max_65']
2024-12-28 00:50:13 - INFO - Eliminando columnas durante transform: ['RSI_14', 'CCI_14', 'price_momentum_volatility', 'EMA_diff_5_20', 'SMA_65', 'STDDEV_65', 'min_65', 'max_65']
2024-12-28 00:50:36 - INFO - Eliminando columnas durante transform: ['RSI_14', 'CCI_14', 'price_momentum_volatility', 'EMA_diff_5_20', 'SMA_65', 'STDDEV_65', 'min_65', 'max_65']
2024-12-28 00:50:38 - INFO - Target con look_ahead=3, lower=25, upper=75, min_change=0.01
2024-12-28 00:50:38 - INFO - Umbral inferior=-0.585625, superior=1.423558
2024-12-28 00:50:38 - INFO - Distribución de clases:
target
0    19159
2     9579
1     9579
Name: count, dtype: int64
2024-12-28 00:50:38 - INFO - Eliminados 199 registros con NaNs.
2024-12-28 00:50:38 - INFO - Columnas a eliminar por correlación > 0.83: ['RSI_14', 'CCI_14', 'price_momentum_volatility', 'EMA_diff_5_20', 'SMA_65', 'STDDEV_65', 'min_65', 'max_65']
2024-12-28 00:50:38 - INFO - Eliminando columnas durante transform: ['RSI_14', 'CCI_14', 'price_momentum_volatility', 'EMA_diff_5_20', 'SMA_65', 'STDDEV_65', 'min_65', 'max_65']
2024-12-28 00:50:51 - INFO - Eliminando columnas durante transform: ['RSI_14', 'CCI_14', 'price_momentum_volatility', 'EMA_diff_5_20', 'SMA_65', 'STDDEV_65', 'min_65', 'max_65']
2024-12-28 00:50:51 - INFO - Columnas a eliminar por correlación > 0.83: ['RSI_14', 'CCI_14', 'price_momentum_volatility', 'EMA_diff_5_20', 'SMA_65', 'STDDEV_65', 'min_65', 'max_65']
2024-12-28 00:50:51 - INFO - Eliminando columnas durante transform: ['RSI_14', 'CCI_14', 'price_momentum_volatility', 'EMA_diff_5_20', 'SMA_65', 'STDDEV_65', 'min_65', 'max_65']
2024-12-28 00:51:11 - INFO - Eliminando columnas durante transform: ['RSI_14', 'CCI_14', 'price_momentum_volatility', 'EMA_diff_5_20', 'SMA_65', 'STDDEV_65', 'min_65', 'max_65']
2024-12-28 00:51:12 - INFO - Columnas a eliminar por correlación > 0.83: ['RSI_14', 'CCI_14', 'price_momentum_volatility', 'EMA_diff_5_20', 'SMA_65', 'STDDEV_65', 'min_65', 'max_65']
2024-12-28 00:51:12 - INFO - Eliminando columnas durante transform: ['RSI_14', 'CCI_14', 'price_momentum_volatility', 'EMA_diff_5_20', 'SMA_65', 'STDDEV_65', 'min_65', 'max_65']
2024-12-28 00:51:26 - INFO - Eliminando columnas durante transform: ['RSI_14', 'CCI_14', 'price_momentum_volatility', 'EMA_diff_5_20', 'SMA_65', 'STDDEV_65', 'min_65', 'max_65']
2024-12-28 00:51:26 - INFO - Columnas a eliminar por correlación > 0.83: ['RSI_14', 'CCI_14', 'price_momentum_volatility', 'EMA_diff_5_20', 'SMA_65', 'STDDEV_65', 'min_65', 'max_65']
2024-12-28 00:51:26 - INFO - Eliminando columnas durante transform: ['RSI_14', 'CCI_14', 'price_momentum_volatility', 'EMA_diff_5_20', 'SMA_65', 'STDDEV_65', 'min_65', 'max_65']
