2025-01-28 20:07:35 - INFO - Datos cargados desde ML/data/processed/BTCUSDT_15m_processed.csv, filas: 257756
2025-01-28 20:07:35 - INFO - Columnas de indicadores existentes eliminadas: ['RSI', 'MACD', 'MACDs', 'MACDh', 'OBV', 'BBL', 'BBM', 'BBU', 'SMA_10', 'SMA_50', 'EMA_10', 'EMA_50']
2025-01-28 20:07:35 - INFO - Indicadores técnicos agregados. Filas antes: 257756, después: 257557 (descartadas: 199)
2025-01-28 20:07:35 - INFO - Columnas renombradas: {'RSI_14': 'RSI', 'MACD_12_26_9': 'MACD', 'MACDs_12_26_9': 'MACDs', 'MACDh_12_26_9': 'MACDh', 'BBL_20_2.0': 'BBL', 'BBM_20_2.0': 'BBM', 'BBU_20_2.0': 'BBU', 'STOCHk_14_3_3': 'STOCHk', 'STOCHd_14_3_3': 'STOCHd', 'CCI_14_0.015': 'CCI', 'SMA_10': 'SMA_10', 'SMA_50': 'SMA_50', 'SMA_200': 'SMA_200', 'EMA_10': 'EMA_10', 'EMA_50': 'EMA_50'}
2025-01-28 20:07:35 - INFO - Target binario con look_ahead=3, min_change=0.031
2025-01-28 20:07:35 - INFO - Distribución de clases (0=Vender, 1=Comprar):
target
0.0    986
1.0    871
Name: count, dtype: int64
2025-01-28 20:07:35 - INFO - Muestra de datos con target:
                        close  future_close  change_pct  target
open_time                                                      
2017-08-23 08:15:00   4081.00       4209.99    0.031607     1.0
2018-03-11 11:15:00   8652.94       9113.00    0.053168     1.0
2018-01-17 14:30:00   9450.00       9055.03   -0.041796     0.0
2017-12-12 14:30:00  16528.39      15962.84   -0.034217     0.0
2020-04-12 23:45:00   6903.79       6674.18   -0.033259     0.0
2018-02-07 03:45:00   7200.00       7439.30    0.033236     1.0
2017-12-08 04:45:00  15600.01      14830.00   -0.049360     0.0
2017-09-04 17:45:00   3972.53       4112.28    0.035179     1.0
2019-06-26 15:30:00  12827.89      13359.62    0.041451     1.0
2018-01-22 11:00:00  11746.08      11240.00   -0.043085     0.0
2025-01-28 20:07:35 - INFO - División de datos en Train/Test completada.
2025-01-28 20:07:35 - INFO - === Búsqueda de hiperparámetros (Optuna) en muestra de Training ===
2025-01-28 20:07:35 - INFO - No se han identificado características categóricas.
2025-01-28 20:07:35 - INFO - Columnas extra eliminadas: ['future_close', 'change_pct']
2025-01-28 20:07:35 - INFO - Dataset preparado: 1086 filas, 21 features (después de imputación).
2025-01-28 20:07:35 - INFO - Iniciando optimización en Optuna (precisión clase=1)...
2025-01-28 20:07:36 - INFO - Balance de clases tras SMOTETomek:
target
1.0    422
0.0    422
Name: count, dtype: int64
2025-01-28 20:07:36 - INFO - Balance de clases tras SMOTETomek:
target
1.0    422
0.0    422
Name: count, dtype: int64
2025-01-28 20:07:37 - INFO - Balance de clases tras SMOTETomek:
target
1.0    419
0.0    419
Name: count, dtype: int64
2025-01-28 20:07:37 - INFO - Balance de clases tras SMOTETomek:
target
1.0    419
0.0    419
Name: count, dtype: int64
2025-01-28 20:07:38 - INFO - Balance de clases tras SMOTETomek:
target
1.0    421
0.0    421
Name: count, dtype: int64
2025-01-28 20:07:39 - INFO - Balance de clases tras SMOTETomek:
target
1.0    421
0.0    421
Name: count, dtype: int64
2025-01-28 20:07:40 - INFO - Balance de clases tras SMOTETomek:
target
1.0    419
0.0    419
Name: count, dtype: int64
2025-01-28 20:07:41 - INFO - Balance de clases tras SMOTETomek:
target
1.0    419
0.0    419
Name: count, dtype: int64
2025-01-28 20:07:42 - INFO - Balance de clases tras SMOTETomek:
target
1.0    414
0.0    414
Name: count, dtype: int64
2025-01-28 20:07:44 - INFO - Balance de clases tras SMOTETomek:
target
1.0    422
0.0    422
Name: count, dtype: int64
2025-01-28 20:07:44 - INFO - Balance de clases tras SMOTETomek:
target
1.0    414
0.0    414
Name: count, dtype: int64
2025-01-28 20:07:47 - INFO - Balance de clases tras SMOTETomek:
target
1.0    419
0.0    419
Name: count, dtype: int64
2025-01-28 20:07:47 - INFO - Balance de clases tras SMOTETomek:
target
1.0    422
0.0    422
Name: count, dtype: int64
2025-01-28 20:07:49 - INFO - Balance de clases tras SMOTETomek:
target
1.0    421
0.0    421
Name: count, dtype: int64
2025-01-28 20:07:53 - INFO - Balance de clases tras SMOTETomek:
target
1.0    419
0.0    419
Name: count, dtype: int64
2025-01-28 20:07:53 - INFO - Balance de clases tras SMOTETomek:
target
1.0    419
0.0    419
Name: count, dtype: int64
2025-01-28 20:07:56 - INFO - Balance de clases tras SMOTETomek:
target
1.0    414
0.0    414
Name: count, dtype: int64
2025-01-28 20:07:58 - INFO - Balance de clases tras SMOTETomek:
target
1.0    422
0.0    422
Name: count, dtype: int64
2025-01-28 20:07:59 - INFO - Balance de clases tras SMOTETomek:
target
1.0    421
0.0    421
Name: count, dtype: int64
2025-01-28 20:08:01 - INFO - Balance de clases tras SMOTETomek:
target
1.0    419
0.0    419
Name: count, dtype: int64
2025-01-28 20:08:04 - INFO - Balance de clases tras SMOTETomek:
target
1.0    421
0.0    421
Name: count, dtype: int64
2025-01-28 20:08:05 - INFO - Balance de clases tras SMOTETomek:
target
1.0    419
0.0    419
Name: count, dtype: int64
2025-01-28 20:08:07 - INFO - Balance de clases tras SMOTETomek:
target
1.0    419
0.0    419
Name: count, dtype: int64
2025-01-28 20:08:10 - INFO - Balance de clases tras SMOTETomek:
target
1.0    414
0.0    414
Name: count, dtype: int64
2025-01-28 20:08:11 - INFO - Balance de clases tras SMOTETomek:
target
1.0    414
0.0    414
Name: count, dtype: int64
2025-01-28 20:08:12 - INFO - Balance de clases tras SMOTETomek:
target
1.0    422
0.0    422
Name: count, dtype: int64
2025-01-28 20:08:14 - INFO - Balance de clases tras SMOTETomek:
target
1.0    419
0.0    419
Name: count, dtype: int64
2025-01-28 20:08:15 - INFO - Balance de clases tras SMOTETomek:
target
1.0    421
0.0    421
Name: count, dtype: int64
2025-01-28 20:08:16 - INFO - Balance de clases tras SMOTETomek:
target
1.0    422
0.0    422
Name: count, dtype: int64
2025-01-28 20:08:17 - INFO - Balance de clases tras SMOTETomek:
target
1.0    419
0.0    419
Name: count, dtype: int64
2025-01-28 20:08:18 - INFO - Balance de clases tras SMOTETomek:
target
1.0    419
0.0    419
Name: count, dtype: int64
2025-01-28 20:08:19 - INFO - Balance de clases tras SMOTETomek:
target
1.0    414
0.0    414
Name: count, dtype: int64
2025-01-28 20:08:19 - INFO - Balance de clases tras SMOTETomek:
target
1.0    421
0.0    421
Name: count, dtype: int64
2025-01-28 20:08:20 - INFO - Balance de clases tras SMOTETomek:
target
1.0    422
0.0    422
Name: count, dtype: int64
2025-01-28 20:08:21 - INFO - Balance de clases tras SMOTETomek:
target
1.0    419
0.0    419
Name: count, dtype: int64
2025-01-28 20:08:22 - INFO - Balance de clases tras SMOTETomek:
target
1.0    414
0.0    414
Name: count, dtype: int64
2025-01-28 20:08:24 - INFO - Balance de clases tras SMOTETomek:
target
1.0    419
0.0    419
Name: count, dtype: int64
2025-01-28 20:08:24 - INFO - Balance de clases tras SMOTETomek:
target
1.0    422
0.0    422
Name: count, dtype: int64
2025-01-28 20:08:24 - INFO - Balance de clases tras SMOTETomek:
target
1.0    419
0.0    419
Name: count, dtype: int64
2025-01-28 20:08:25 - INFO - Balance de clases tras SMOTETomek:
target
1.0    421
0.0    421
Name: count, dtype: int64
2025-01-28 20:08:26 - INFO - Balance de clases tras SMOTETomek:
target
1.0    419
0.0    419
Name: count, dtype: int64
2025-01-28 20:08:26 - INFO - Balance de clases tras SMOTETomek:
target
1.0    414
0.0    414
Name: count, dtype: int64
2025-01-28 20:08:27 - INFO - Balance de clases tras SMOTETomek:
target
1.0    421
0.0    421
Name: count, dtype: int64
2025-01-28 20:08:27 - INFO - Balance de clases tras SMOTETomek:
target
1.0    422
0.0    422
Name: count, dtype: int64
2025-01-28 20:08:28 - INFO - Balance de clases tras SMOTETomek:
target
1.0    419
0.0    419
Name: count, dtype: int64
2025-01-28 20:08:30 - INFO - Balance de clases tras SMOTETomek:
target
1.0    421
0.0    421
Name: count, dtype: int64
2025-01-28 20:08:31 - INFO - Balance de clases tras SMOTETomek:
target
1.0    419
0.0    419
Name: count, dtype: int64
2025-01-28 20:08:31 - INFO - Balance de clases tras SMOTETomek:
target
1.0    419
0.0    419
Name: count, dtype: int64
2025-01-28 20:08:32 - INFO - Balance de clases tras SMOTETomek:
target
1.0    414
0.0    414
Name: count, dtype: int64
2025-01-28 20:08:34 - INFO - Balance de clases tras SMOTETomek:
target
1.0    414
0.0    414
Name: count, dtype: int64
2025-01-28 20:08:37 - INFO - Mejor Precisión (clase=1): 0.7162
2025-01-28 20:08:37 - INFO - Mejores parámetros: {'max_depth': 7, 'learning_rate': 0.023617368882674135, 'n_estimators': 429, 'subsample': 0.6618404352775604, 'colsample_bytree': 0.7200727247684299, 'gamma': 0.208870787598736, 'reg_alpha': 0.6509635114073086, 'reg_lambda': 0.07429689974360365}
2025-01-28 20:08:37 - INFO - === Entrenando Pipeline Final con TODO el Training ===
2025-01-28 20:08:37 - INFO - Columnas extra eliminadas: ['future_close', 'change_pct']
2025-01-28 20:08:37 - INFO - Dataset preparado: 1207 filas, 21 features (después de imputación).
2025-01-28 20:08:37 - INFO - Balance de clases tras SMOTETomek:
target
1.0    609
0.0    609
Name: count, dtype: int64
2025-01-28 20:08:39 - INFO - Pipeline final entrenado con scale_pos_weight=1.00
2025-01-28 20:08:39 - INFO - Pipeline completo guardado en: .ML/results/XGBoost_Binario_trained_pipeline.joblib
2025-01-28 20:08:39 - INFO - Parámetros guardados en: .ML/results/XGBoost_Binario_model_params.txt
2025-01-28 20:08:39 - INFO - Lista de features guardada en: .ML/results/XGBoost_Binario_feature_cols.txt
2025-01-28 20:08:39 - INFO - Columnas de indicadores existentes eliminadas: ['RSI', 'MACD', 'MACDs', 'MACDh', 'OBV', 'BBL', 'BBM', 'BBU', 'STOCHk', 'STOCHd', 'CCI', 'SMA_10', 'SMA_50', 'SMA_200', 'EMA_10', 'EMA_50']
2025-01-28 20:08:39 - INFO - Indicadores técnicos agregados. Filas antes: 650, después: 451 (descartadas: 199)
2025-01-28 20:08:39 - INFO - Columnas renombradas: {'RSI_14': 'RSI', 'MACD_12_26_9': 'MACD', 'MACDs_12_26_9': 'MACDs', 'MACDh_12_26_9': 'MACDh', 'BBL_20_2.0': 'BBL', 'BBM_20_2.0': 'BBM', 'BBU_20_2.0': 'BBU', 'STOCHk_14_3_3': 'STOCHk', 'STOCHd_14_3_3': 'STOCHd', 'CCI_14_0.015': 'CCI', 'SMA_10': 'SMA_10', 'SMA_50': 'SMA_50', 'SMA_200': 'SMA_200', 'EMA_10': 'EMA_10', 'EMA_50': 'EMA_50'}
2025-01-28 20:08:39 - INFO - Target binario con look_ahead=3, min_change=0.031
2025-01-28 20:08:39 - INFO - Distribución de clases (0=Vender, 1=Comprar):
target
0.0    169
1.0    168
Name: count, dtype: int64
2025-01-28 20:08:39 - INFO - Muestra de datos con target:
                        close  future_close  change_pct  target
open_time                                                      
2021-11-30 15:15:00  59065.17      51874.03   -0.121749     0.0
2021-05-24 18:45:00  37911.79      39229.28    0.034751     1.0
2021-01-29 08:00:00  32456.42      35634.00    0.097903     1.0
2022-02-24 19:15:00  36626.21      38299.20    0.045677     1.0
2021-06-05 09:00:00  37744.72      35481.47   -0.059962     0.0
2024-01-03 11:30:00  44498.77      47796.14    0.074100     1.0
2021-06-05 09:15:00  37649.35      35406.28   -0.059578     0.0
2021-02-11 12:30:00  46431.97      53200.00    0.145762     1.0
2021-05-19 22:30:00  39350.00      36690.09   -0.067596     0.0
2021-10-28 17:45:00  61133.87      57159.42   -0.065012     0.0
2025-01-28 20:08:39 - INFO - Columnas extra eliminadas: ['change_pct', 'future_close']
2025-01-28 20:08:39 - INFO - Dataset preparado: 337 filas, 21 features (después de imputación).
2025-01-28 20:08:39 - INFO - === Evaluación en Test ===
2025-01-28 20:08:39 - INFO - Matriz de confusión [0=Vender, 1=Comprar]:
[[111  58]
 [ 90  78]]
2025-01-28 20:08:39 - INFO - Reporte de Clasificación:
              precision    recall  f1-score   support

      Vender       0.55      0.66      0.60       169
     Comprar       0.57      0.46      0.51       168

    accuracy                           0.56       337
   macro avg       0.56      0.56      0.56       337
weighted avg       0.56      0.56      0.56       337

2025-01-28 20:08:39 - INFO - Precision (clase=1): 0.5735
2025-01-28 20:08:39 - INFO - F1 (clase=1): 0.5132
2025-01-28 20:08:39 - INFO - Recall (clase=1): 0.4643
2025-01-28 20:08:39 - INFO - Balanced Accuracy: 0.5605
2025-01-28 20:08:39 - INFO - MCC: 0.1234
2025-01-28 20:08:39 - INFO - AUC: 0.5248
2025-01-28 20:08:42 - INFO - Precisión final en Test (clase=1): 0.5735
2025-01-28 20:08:42 - INFO - Importancia de características guardada en .ML/results/feature_importances_binary.csv.
2025-01-28 20:08:43 - INFO - Gráfico de importancia de características guardado.
2025-01-28 20:08:43 - INFO - Calculando valores SHAP...
2025-01-28 20:08:45 - INFO - SHAP analysis completado y guardado.
2025-01-28 20:08:45 - INFO - Señales generadas con umbral=0.61
2025-01-28 20:08:45 - INFO - Señales filtradas por tendencia.
2025-01-28 20:08:45 - INFO - Señales guardadas en: .ML/results/signals_binary.csv
2025-01-28 20:08:45 - INFO - === Proceso Completado con Éxito ===
